[2024-02-08T02:47:42.097+0100] {processor.py:161} INFO - Started process (PID=12447) to work on /home/ubuntu/.local/lib/python3.10/site-packages/airflow/example_dags/example_kubernetes_executor.py
[2024-02-08T02:47:42.099+0100] {processor.py:830} INFO - Processing file /home/ubuntu/.local/lib/python3.10/site-packages/airflow/example_dags/example_kubernetes_executor.py for tasks to queue
[2024-02-08T02:47:42.101+0100] {logging_mixin.py:188} INFO - [2024-02-08T02:47:42.100+0100] {dagbag.py:538} INFO - Filling up the DagBag from /home/ubuntu/.local/lib/python3.10/site-packages/airflow/example_dags/example_kubernetes_executor.py
[2024-02-08T02:47:45.556+0100] {processor.py:840} INFO - DAG(s) 'example_kubernetes_executor' retrieved from /home/ubuntu/.local/lib/python3.10/site-packages/airflow/example_dags/example_kubernetes_executor.py
[2024-02-08T02:47:45.621+0100] {logging_mixin.py:188} WARNING - /home/ubuntu/.local/lib/python3.10/site-packages/airflow/serialization/serialized_objects.py:1563 DeprecationWarning: This module is deprecated. The `cncf.kubernetes` provider before version 7.4.0 uses this module - you should migrate to a newer version of `cncf.kubernetes` to get rid of this warning. If you import the module via `airflow.kubernetes` import, please use `cncf.kubernetes' provider 7.4.0+ and switch all your imports to use `apache.airflow.providers.cncf.kubernetes` to get rid of the warning.
[2024-02-08T02:47:46.155+0100] {logging_mixin.py:188} INFO - [2024-02-08T02:47:46.154+0100] {dag.py:3033} INFO - Sync 1 DAGs
[2024-02-08T02:47:46.165+0100] {logging_mixin.py:188} INFO - [2024-02-08T02:47:46.165+0100] {dag.py:3820} INFO - Setting next_dagrun for example_kubernetes_executor to None, run_after=None
[2024-02-08T02:47:46.266+0100] {processor.py:183} INFO - Processing /home/ubuntu/.local/lib/python3.10/site-packages/airflow/example_dags/example_kubernetes_executor.py took 4.178 seconds
[2024-02-08T02:49:24.660+0100] {processor.py:161} INFO - Started process (PID=13101) to work on /home/ubuntu/.local/lib/python3.10/site-packages/airflow/example_dags/example_kubernetes_executor.py
[2024-02-08T02:49:24.663+0100] {processor.py:830} INFO - Processing file /home/ubuntu/.local/lib/python3.10/site-packages/airflow/example_dags/example_kubernetes_executor.py for tasks to queue
[2024-02-08T02:49:24.664+0100] {logging_mixin.py:188} INFO - [2024-02-08T02:49:24.664+0100] {dagbag.py:538} INFO - Filling up the DagBag from /home/ubuntu/.local/lib/python3.10/site-packages/airflow/example_dags/example_kubernetes_executor.py
[2024-02-08T02:49:25.695+0100] {processor.py:840} INFO - DAG(s) 'example_kubernetes_executor' retrieved from /home/ubuntu/.local/lib/python3.10/site-packages/airflow/example_dags/example_kubernetes_executor.py
[2024-02-08T02:49:30.873+0100] {logging_mixin.py:188} WARNING - /home/ubuntu/.local/lib/python3.10/site-packages/airflow/serialization/serialized_objects.py:1563 DeprecationWarning: This module is deprecated. The `cncf.kubernetes` provider before version 7.4.0 uses this module - you should migrate to a newer version of `cncf.kubernetes` to get rid of this warning. If you import the module via `airflow.kubernetes` import, please use `cncf.kubernetes' provider 7.4.0+ and switch all your imports to use `apache.airflow.providers.cncf.kubernetes` to get rid of the warning.
[2024-02-08T02:49:30.972+0100] {logging_mixin.py:188} INFO - [2024-02-08T02:49:30.971+0100] {dag.py:3033} INFO - Sync 1 DAGs
[2024-02-08T02:49:30.988+0100] {logging_mixin.py:188} INFO - [2024-02-08T02:49:30.988+0100] {dag.py:3820} INFO - Setting next_dagrun for example_kubernetes_executor to None, run_after=None
[2024-02-08T02:49:31.077+0100] {processor.py:183} INFO - Processing /home/ubuntu/.local/lib/python3.10/site-packages/airflow/example_dags/example_kubernetes_executor.py took 6.425 seconds
[2024-02-08T02:51:12.322+0100] {processor.py:161} INFO - Started process (PID=13660) to work on /home/ubuntu/.local/lib/python3.10/site-packages/airflow/example_dags/example_kubernetes_executor.py
[2024-02-08T02:51:12.343+0100] {processor.py:830} INFO - Processing file /home/ubuntu/.local/lib/python3.10/site-packages/airflow/example_dags/example_kubernetes_executor.py for tasks to queue
[2024-02-08T02:51:12.345+0100] {logging_mixin.py:188} INFO - [2024-02-08T02:51:12.344+0100] {dagbag.py:538} INFO - Filling up the DagBag from /home/ubuntu/.local/lib/python3.10/site-packages/airflow/example_dags/example_kubernetes_executor.py
[2024-02-08T02:51:14.641+0100] {processor.py:840} INFO - DAG(s) 'example_kubernetes_executor' retrieved from /home/ubuntu/.local/lib/python3.10/site-packages/airflow/example_dags/example_kubernetes_executor.py
[2024-02-08T02:51:14.701+0100] {logging_mixin.py:188} WARNING - /home/ubuntu/.local/lib/python3.10/site-packages/airflow/serialization/serialized_objects.py:1563 DeprecationWarning: This module is deprecated. The `cncf.kubernetes` provider before version 7.4.0 uses this module - you should migrate to a newer version of `cncf.kubernetes` to get rid of this warning. If you import the module via `airflow.kubernetes` import, please use `cncf.kubernetes' provider 7.4.0+ and switch all your imports to use `apache.airflow.providers.cncf.kubernetes` to get rid of the warning.
[2024-02-08T02:51:14.891+0100] {logging_mixin.py:188} INFO - [2024-02-08T02:51:14.891+0100] {dag.py:3033} INFO - Sync 1 DAGs
[2024-02-08T02:51:14.912+0100] {logging_mixin.py:188} INFO - [2024-02-08T02:51:14.912+0100] {dag.py:3820} INFO - Setting next_dagrun for example_kubernetes_executor to None, run_after=None
[2024-02-08T02:51:14.994+0100] {processor.py:183} INFO - Processing /home/ubuntu/.local/lib/python3.10/site-packages/airflow/example_dags/example_kubernetes_executor.py took 2.681 seconds
[2024-02-08T02:52:41.715+0100] {processor.py:161} INFO - Started process (PID=13779) to work on /home/ubuntu/.local/lib/python3.10/site-packages/airflow/example_dags/example_kubernetes_executor.py
[2024-02-08T02:52:41.722+0100] {processor.py:830} INFO - Processing file /home/ubuntu/.local/lib/python3.10/site-packages/airflow/example_dags/example_kubernetes_executor.py for tasks to queue
[2024-02-08T02:52:41.723+0100] {logging_mixin.py:188} INFO - [2024-02-08T02:52:41.722+0100] {dagbag.py:538} INFO - Filling up the DagBag from /home/ubuntu/.local/lib/python3.10/site-packages/airflow/example_dags/example_kubernetes_executor.py
[2024-02-08T02:52:42.506+0100] {processor.py:840} INFO - DAG(s) 'example_kubernetes_executor' retrieved from /home/ubuntu/.local/lib/python3.10/site-packages/airflow/example_dags/example_kubernetes_executor.py
[2024-02-08T02:52:42.555+0100] {logging_mixin.py:188} WARNING - /home/ubuntu/.local/lib/python3.10/site-packages/airflow/serialization/serialized_objects.py:1563 DeprecationWarning: This module is deprecated. The `cncf.kubernetes` provider before version 7.4.0 uses this module - you should migrate to a newer version of `cncf.kubernetes` to get rid of this warning. If you import the module via `airflow.kubernetes` import, please use `cncf.kubernetes' provider 7.4.0+ and switch all your imports to use `apache.airflow.providers.cncf.kubernetes` to get rid of the warning.
[2024-02-08T02:52:42.653+0100] {logging_mixin.py:188} INFO - [2024-02-08T02:52:42.652+0100] {dag.py:3033} INFO - Sync 1 DAGs
[2024-02-08T02:52:43.607+0100] {logging_mixin.py:188} INFO - [2024-02-08T02:52:43.607+0100] {dag.py:3820} INFO - Setting next_dagrun for example_kubernetes_executor to None, run_after=None
[2024-02-08T02:52:43.787+0100] {processor.py:183} INFO - Processing /home/ubuntu/.local/lib/python3.10/site-packages/airflow/example_dags/example_kubernetes_executor.py took 2.077 seconds
[2024-02-08T02:55:41.204+0100] {processor.py:161} INFO - Started process (PID=13903) to work on /home/ubuntu/.local/lib/python3.10/site-packages/airflow/example_dags/example_kubernetes_executor.py
[2024-02-08T02:55:41.222+0100] {processor.py:830} INFO - Processing file /home/ubuntu/.local/lib/python3.10/site-packages/airflow/example_dags/example_kubernetes_executor.py for tasks to queue
[2024-02-08T02:55:41.226+0100] {logging_mixin.py:188} INFO - [2024-02-08T02:55:41.225+0100] {dagbag.py:538} INFO - Filling up the DagBag from /home/ubuntu/.local/lib/python3.10/site-packages/airflow/example_dags/example_kubernetes_executor.py
[2024-02-08T02:55:45.642+0100] {processor.py:840} INFO - DAG(s) 'example_kubernetes_executor' retrieved from /home/ubuntu/.local/lib/python3.10/site-packages/airflow/example_dags/example_kubernetes_executor.py
[2024-02-08T02:55:59.494+0100] {logging_mixin.py:188} WARNING - /home/ubuntu/.local/lib/python3.10/site-packages/airflow/serialization/serialized_objects.py:1563 DeprecationWarning: This module is deprecated. The `cncf.kubernetes` provider before version 7.4.0 uses this module - you should migrate to a newer version of `cncf.kubernetes` to get rid of this warning. If you import the module via `airflow.kubernetes` import, please use `cncf.kubernetes' provider 7.4.0+ and switch all your imports to use `apache.airflow.providers.cncf.kubernetes` to get rid of the warning.
[2024-02-08T02:55:59.537+0100] {logging_mixin.py:188} INFO - [2024-02-08T02:55:59.536+0100] {dag.py:3033} INFO - Sync 1 DAGs
[2024-02-08T02:55:59.574+0100] {logging_mixin.py:188} INFO - [2024-02-08T02:55:59.574+0100] {dag.py:3820} INFO - Setting next_dagrun for example_kubernetes_executor to None, run_after=None
[2024-02-08T02:55:59.677+0100] {processor.py:183} INFO - Processing /home/ubuntu/.local/lib/python3.10/site-packages/airflow/example_dags/example_kubernetes_executor.py took 18.479 seconds
[2024-02-08T03:00:21.980+0100] {processor.py:161} INFO - Started process (PID=14048) to work on /home/ubuntu/.local/lib/python3.10/site-packages/airflow/example_dags/example_kubernetes_executor.py
[2024-02-08T03:00:21.992+0100] {processor.py:830} INFO - Processing file /home/ubuntu/.local/lib/python3.10/site-packages/airflow/example_dags/example_kubernetes_executor.py for tasks to queue
[2024-02-08T03:00:21.994+0100] {logging_mixin.py:188} INFO - [2024-02-08T03:00:21.994+0100] {dagbag.py:538} INFO - Filling up the DagBag from /home/ubuntu/.local/lib/python3.10/site-packages/airflow/example_dags/example_kubernetes_executor.py
[2024-02-08T03:00:25.483+0100] {processor.py:840} INFO - DAG(s) 'example_kubernetes_executor' retrieved from /home/ubuntu/.local/lib/python3.10/site-packages/airflow/example_dags/example_kubernetes_executor.py
[2024-02-08T03:00:27.363+0100] {logging_mixin.py:188} WARNING - /home/ubuntu/.local/lib/python3.10/site-packages/airflow/serialization/serialized_objects.py:1563 DeprecationWarning: This module is deprecated. The `cncf.kubernetes` provider before version 7.4.0 uses this module - you should migrate to a newer version of `cncf.kubernetes` to get rid of this warning. If you import the module via `airflow.kubernetes` import, please use `cncf.kubernetes' provider 7.4.0+ and switch all your imports to use `apache.airflow.providers.cncf.kubernetes` to get rid of the warning.
[2024-02-08T03:00:27.402+0100] {logging_mixin.py:188} INFO - [2024-02-08T03:00:27.401+0100] {dag.py:3033} INFO - Sync 1 DAGs
[2024-02-08T03:00:27.442+0100] {logging_mixin.py:188} INFO - [2024-02-08T03:00:27.442+0100] {dag.py:3820} INFO - Setting next_dagrun for example_kubernetes_executor to None, run_after=None
[2024-02-08T03:00:27.541+0100] {processor.py:183} INFO - Processing /home/ubuntu/.local/lib/python3.10/site-packages/airflow/example_dags/example_kubernetes_executor.py took 5.572 seconds
[2024-02-08T03:02:37.252+0100] {processor.py:161} INFO - Started process (PID=14210) to work on /home/ubuntu/.local/lib/python3.10/site-packages/airflow/example_dags/example_kubernetes_executor.py
[2024-02-08T03:02:37.256+0100] {processor.py:830} INFO - Processing file /home/ubuntu/.local/lib/python3.10/site-packages/airflow/example_dags/example_kubernetes_executor.py for tasks to queue
[2024-02-08T03:02:37.261+0100] {logging_mixin.py:188} INFO - [2024-02-08T03:02:37.260+0100] {dagbag.py:538} INFO - Filling up the DagBag from /home/ubuntu/.local/lib/python3.10/site-packages/airflow/example_dags/example_kubernetes_executor.py
[2024-02-08T03:02:39.105+0100] {processor.py:840} INFO - DAG(s) 'example_kubernetes_executor' retrieved from /home/ubuntu/.local/lib/python3.10/site-packages/airflow/example_dags/example_kubernetes_executor.py
[2024-02-08T03:02:39.323+0100] {logging_mixin.py:188} WARNING - /home/ubuntu/.local/lib/python3.10/site-packages/airflow/serialization/serialized_objects.py:1563 DeprecationWarning: This module is deprecated. The `cncf.kubernetes` provider before version 7.4.0 uses this module - you should migrate to a newer version of `cncf.kubernetes` to get rid of this warning. If you import the module via `airflow.kubernetes` import, please use `cncf.kubernetes' provider 7.4.0+ and switch all your imports to use `apache.airflow.providers.cncf.kubernetes` to get rid of the warning.
[2024-02-08T03:02:39.339+0100] {logging_mixin.py:188} INFO - [2024-02-08T03:02:39.338+0100] {dag.py:3033} INFO - Sync 1 DAGs
[2024-02-08T03:02:39.351+0100] {logging_mixin.py:188} INFO - [2024-02-08T03:02:39.351+0100] {dag.py:3820} INFO - Setting next_dagrun for example_kubernetes_executor to None, run_after=None
[2024-02-08T03:02:39.390+0100] {processor.py:183} INFO - Processing /home/ubuntu/.local/lib/python3.10/site-packages/airflow/example_dags/example_kubernetes_executor.py took 2.154 seconds
[2024-02-08T03:04:15.244+0100] {processor.py:161} INFO - Started process (PID=14296) to work on /home/ubuntu/.local/lib/python3.10/site-packages/airflow/example_dags/example_kubernetes_executor.py
[2024-02-08T03:04:15.246+0100] {processor.py:830} INFO - Processing file /home/ubuntu/.local/lib/python3.10/site-packages/airflow/example_dags/example_kubernetes_executor.py for tasks to queue
[2024-02-08T03:04:15.247+0100] {logging_mixin.py:188} INFO - [2024-02-08T03:04:15.247+0100] {dagbag.py:538} INFO - Filling up the DagBag from /home/ubuntu/.local/lib/python3.10/site-packages/airflow/example_dags/example_kubernetes_executor.py
[2024-02-08T03:04:17.193+0100] {processor.py:840} INFO - DAG(s) 'example_kubernetes_executor' retrieved from /home/ubuntu/.local/lib/python3.10/site-packages/airflow/example_dags/example_kubernetes_executor.py
[2024-02-08T03:04:17.221+0100] {logging_mixin.py:188} WARNING - /home/ubuntu/.local/lib/python3.10/site-packages/airflow/serialization/serialized_objects.py:1563 DeprecationWarning: This module is deprecated. The `cncf.kubernetes` provider before version 7.4.0 uses this module - you should migrate to a newer version of `cncf.kubernetes` to get rid of this warning. If you import the module via `airflow.kubernetes` import, please use `cncf.kubernetes' provider 7.4.0+ and switch all your imports to use `apache.airflow.providers.cncf.kubernetes` to get rid of the warning.
[2024-02-08T03:04:17.240+0100] {logging_mixin.py:188} INFO - [2024-02-08T03:04:17.239+0100] {dag.py:3033} INFO - Sync 1 DAGs
[2024-02-08T03:04:17.249+0100] {logging_mixin.py:188} INFO - [2024-02-08T03:04:17.249+0100] {dag.py:3820} INFO - Setting next_dagrun for example_kubernetes_executor to None, run_after=None
[2024-02-08T03:04:17.292+0100] {processor.py:183} INFO - Processing /home/ubuntu/.local/lib/python3.10/site-packages/airflow/example_dags/example_kubernetes_executor.py took 2.054 seconds
[2024-02-08T03:05:59.177+0100] {processor.py:161} INFO - Started process (PID=14377) to work on /home/ubuntu/.local/lib/python3.10/site-packages/airflow/example_dags/example_kubernetes_executor.py
[2024-02-08T03:05:59.180+0100] {processor.py:830} INFO - Processing file /home/ubuntu/.local/lib/python3.10/site-packages/airflow/example_dags/example_kubernetes_executor.py for tasks to queue
[2024-02-08T03:05:59.186+0100] {logging_mixin.py:188} INFO - [2024-02-08T03:05:59.184+0100] {dagbag.py:538} INFO - Filling up the DagBag from /home/ubuntu/.local/lib/python3.10/site-packages/airflow/example_dags/example_kubernetes_executor.py
[2024-02-08T03:06:01.264+0100] {processor.py:840} INFO - DAG(s) 'example_kubernetes_executor' retrieved from /home/ubuntu/.local/lib/python3.10/site-packages/airflow/example_dags/example_kubernetes_executor.py
[2024-02-08T03:06:01.316+0100] {logging_mixin.py:188} WARNING - /home/ubuntu/.local/lib/python3.10/site-packages/airflow/serialization/serialized_objects.py:1563 DeprecationWarning: This module is deprecated. The `cncf.kubernetes` provider before version 7.4.0 uses this module - you should migrate to a newer version of `cncf.kubernetes` to get rid of this warning. If you import the module via `airflow.kubernetes` import, please use `cncf.kubernetes' provider 7.4.0+ and switch all your imports to use `apache.airflow.providers.cncf.kubernetes` to get rid of the warning.
[2024-02-08T03:06:01.343+0100] {logging_mixin.py:188} INFO - [2024-02-08T03:06:01.341+0100] {dag.py:3033} INFO - Sync 1 DAGs
[2024-02-08T03:06:01.363+0100] {logging_mixin.py:188} INFO - [2024-02-08T03:06:01.363+0100] {dag.py:3820} INFO - Setting next_dagrun for example_kubernetes_executor to None, run_after=None
[2024-02-08T03:06:01.430+0100] {processor.py:183} INFO - Processing /home/ubuntu/.local/lib/python3.10/site-packages/airflow/example_dags/example_kubernetes_executor.py took 2.263 seconds
[2024-02-08T03:07:03.344+0100] {processor.py:161} INFO - Started process (PID=14440) to work on /home/ubuntu/.local/lib/python3.10/site-packages/airflow/example_dags/example_kubernetes_executor.py
[2024-02-08T03:07:03.348+0100] {processor.py:830} INFO - Processing file /home/ubuntu/.local/lib/python3.10/site-packages/airflow/example_dags/example_kubernetes_executor.py for tasks to queue
[2024-02-08T03:07:03.351+0100] {logging_mixin.py:188} INFO - [2024-02-08T03:07:03.350+0100] {dagbag.py:538} INFO - Filling up the DagBag from /home/ubuntu/.local/lib/python3.10/site-packages/airflow/example_dags/example_kubernetes_executor.py
[2024-02-08T03:07:05.466+0100] {processor.py:840} INFO - DAG(s) 'example_kubernetes_executor' retrieved from /home/ubuntu/.local/lib/python3.10/site-packages/airflow/example_dags/example_kubernetes_executor.py
[2024-02-08T03:07:05.491+0100] {logging_mixin.py:188} WARNING - /home/ubuntu/.local/lib/python3.10/site-packages/airflow/serialization/serialized_objects.py:1563 DeprecationWarning: This module is deprecated. The `cncf.kubernetes` provider before version 7.4.0 uses this module - you should migrate to a newer version of `cncf.kubernetes` to get rid of this warning. If you import the module via `airflow.kubernetes` import, please use `cncf.kubernetes' provider 7.4.0+ and switch all your imports to use `apache.airflow.providers.cncf.kubernetes` to get rid of the warning.
[2024-02-08T03:07:05.510+0100] {logging_mixin.py:188} INFO - [2024-02-08T03:07:05.509+0100] {dag.py:3033} INFO - Sync 1 DAGs
[2024-02-08T03:07:05.524+0100] {logging_mixin.py:188} INFO - [2024-02-08T03:07:05.524+0100] {dag.py:3820} INFO - Setting next_dagrun for example_kubernetes_executor to None, run_after=None
[2024-02-08T03:07:05.569+0100] {processor.py:183} INFO - Processing /home/ubuntu/.local/lib/python3.10/site-packages/airflow/example_dags/example_kubernetes_executor.py took 2.231 seconds
[2024-02-08T03:08:18.578+0100] {processor.py:161} INFO - Started process (PID=14584) to work on /home/ubuntu/.local/lib/python3.10/site-packages/airflow/example_dags/example_kubernetes_executor.py
[2024-02-08T03:08:18.582+0100] {processor.py:830} INFO - Processing file /home/ubuntu/.local/lib/python3.10/site-packages/airflow/example_dags/example_kubernetes_executor.py for tasks to queue
[2024-02-08T03:08:18.584+0100] {logging_mixin.py:188} INFO - [2024-02-08T03:08:18.584+0100] {dagbag.py:538} INFO - Filling up the DagBag from /home/ubuntu/.local/lib/python3.10/site-packages/airflow/example_dags/example_kubernetes_executor.py
[2024-02-08T03:08:20.676+0100] {processor.py:840} INFO - DAG(s) 'example_kubernetes_executor' retrieved from /home/ubuntu/.local/lib/python3.10/site-packages/airflow/example_dags/example_kubernetes_executor.py
[2024-02-08T03:08:20.709+0100] {logging_mixin.py:188} WARNING - /home/ubuntu/.local/lib/python3.10/site-packages/airflow/serialization/serialized_objects.py:1563 DeprecationWarning: This module is deprecated. The `cncf.kubernetes` provider before version 7.4.0 uses this module - you should migrate to a newer version of `cncf.kubernetes` to get rid of this warning. If you import the module via `airflow.kubernetes` import, please use `cncf.kubernetes' provider 7.4.0+ and switch all your imports to use `apache.airflow.providers.cncf.kubernetes` to get rid of the warning.
[2024-02-08T03:08:20.788+0100] {logging_mixin.py:188} INFO - [2024-02-08T03:08:20.784+0100] {dag.py:3033} INFO - Sync 1 DAGs
[2024-02-08T03:08:20.824+0100] {logging_mixin.py:188} INFO - [2024-02-08T03:08:20.824+0100] {dag.py:3820} INFO - Setting next_dagrun for example_kubernetes_executor to None, run_after=None
[2024-02-08T03:08:20.894+0100] {processor.py:183} INFO - Processing /home/ubuntu/.local/lib/python3.10/site-packages/airflow/example_dags/example_kubernetes_executor.py took 2.322 seconds
[2024-02-08T03:09:20.976+0100] {processor.py:161} INFO - Started process (PID=14647) to work on /home/ubuntu/.local/lib/python3.10/site-packages/airflow/example_dags/example_kubernetes_executor.py
[2024-02-08T03:09:21.008+0100] {processor.py:830} INFO - Processing file /home/ubuntu/.local/lib/python3.10/site-packages/airflow/example_dags/example_kubernetes_executor.py for tasks to queue
[2024-02-08T03:09:21.018+0100] {logging_mixin.py:188} INFO - [2024-02-08T03:09:21.017+0100] {dagbag.py:538} INFO - Filling up the DagBag from /home/ubuntu/.local/lib/python3.10/site-packages/airflow/example_dags/example_kubernetes_executor.py
[2024-02-08T03:09:23.420+0100] {processor.py:840} INFO - DAG(s) 'example_kubernetes_executor' retrieved from /home/ubuntu/.local/lib/python3.10/site-packages/airflow/example_dags/example_kubernetes_executor.py
[2024-02-08T03:09:23.472+0100] {logging_mixin.py:188} WARNING - /home/ubuntu/.local/lib/python3.10/site-packages/airflow/serialization/serialized_objects.py:1563 DeprecationWarning: This module is deprecated. The `cncf.kubernetes` provider before version 7.4.0 uses this module - you should migrate to a newer version of `cncf.kubernetes` to get rid of this warning. If you import the module via `airflow.kubernetes` import, please use `cncf.kubernetes' provider 7.4.0+ and switch all your imports to use `apache.airflow.providers.cncf.kubernetes` to get rid of the warning.
[2024-02-08T03:09:23.493+0100] {logging_mixin.py:188} INFO - [2024-02-08T03:09:23.493+0100] {dag.py:3033} INFO - Sync 1 DAGs
[2024-02-08T03:09:23.515+0100] {logging_mixin.py:188} INFO - [2024-02-08T03:09:23.515+0100] {dag.py:3820} INFO - Setting next_dagrun for example_kubernetes_executor to None, run_after=None
[2024-02-08T03:09:23.627+0100] {processor.py:183} INFO - Processing /home/ubuntu/.local/lib/python3.10/site-packages/airflow/example_dags/example_kubernetes_executor.py took 2.655 seconds
[2024-02-08T03:10:27.632+0100] {processor.py:161} INFO - Started process (PID=14706) to work on /home/ubuntu/.local/lib/python3.10/site-packages/airflow/example_dags/example_kubernetes_executor.py
[2024-02-08T03:10:27.640+0100] {processor.py:830} INFO - Processing file /home/ubuntu/.local/lib/python3.10/site-packages/airflow/example_dags/example_kubernetes_executor.py for tasks to queue
[2024-02-08T03:10:27.641+0100] {logging_mixin.py:188} INFO - [2024-02-08T03:10:27.641+0100] {dagbag.py:538} INFO - Filling up the DagBag from /home/ubuntu/.local/lib/python3.10/site-packages/airflow/example_dags/example_kubernetes_executor.py
[2024-02-08T03:10:30.143+0100] {processor.py:840} INFO - DAG(s) 'example_kubernetes_executor' retrieved from /home/ubuntu/.local/lib/python3.10/site-packages/airflow/example_dags/example_kubernetes_executor.py
[2024-02-08T03:10:30.171+0100] {logging_mixin.py:188} WARNING - /home/ubuntu/.local/lib/python3.10/site-packages/airflow/serialization/serialized_objects.py:1563 DeprecationWarning: This module is deprecated. The `cncf.kubernetes` provider before version 7.4.0 uses this module - you should migrate to a newer version of `cncf.kubernetes` to get rid of this warning. If you import the module via `airflow.kubernetes` import, please use `cncf.kubernetes' provider 7.4.0+ and switch all your imports to use `apache.airflow.providers.cncf.kubernetes` to get rid of the warning.
[2024-02-08T03:10:30.189+0100] {logging_mixin.py:188} INFO - [2024-02-08T03:10:30.189+0100] {dag.py:3033} INFO - Sync 1 DAGs
[2024-02-08T03:10:30.208+0100] {logging_mixin.py:188} INFO - [2024-02-08T03:10:30.208+0100] {dag.py:3820} INFO - Setting next_dagrun for example_kubernetes_executor to None, run_after=None
[2024-02-08T03:10:30.292+0100] {processor.py:183} INFO - Processing /home/ubuntu/.local/lib/python3.10/site-packages/airflow/example_dags/example_kubernetes_executor.py took 2.664 seconds
[2024-02-08T03:11:32.825+0100] {processor.py:161} INFO - Started process (PID=14765) to work on /home/ubuntu/.local/lib/python3.10/site-packages/airflow/example_dags/example_kubernetes_executor.py
[2024-02-08T03:11:32.828+0100] {processor.py:830} INFO - Processing file /home/ubuntu/.local/lib/python3.10/site-packages/airflow/example_dags/example_kubernetes_executor.py for tasks to queue
[2024-02-08T03:11:32.832+0100] {logging_mixin.py:188} INFO - [2024-02-08T03:11:32.832+0100] {dagbag.py:538} INFO - Filling up the DagBag from /home/ubuntu/.local/lib/python3.10/site-packages/airflow/example_dags/example_kubernetes_executor.py
[2024-02-08T03:11:34.699+0100] {processor.py:840} INFO - DAG(s) 'example_kubernetes_executor' retrieved from /home/ubuntu/.local/lib/python3.10/site-packages/airflow/example_dags/example_kubernetes_executor.py
[2024-02-08T03:11:34.712+0100] {logging_mixin.py:188} WARNING - /home/ubuntu/.local/lib/python3.10/site-packages/airflow/serialization/serialized_objects.py:1563 DeprecationWarning: This module is deprecated. The `cncf.kubernetes` provider before version 7.4.0 uses this module - you should migrate to a newer version of `cncf.kubernetes` to get rid of this warning. If you import the module via `airflow.kubernetes` import, please use `cncf.kubernetes' provider 7.4.0+ and switch all your imports to use `apache.airflow.providers.cncf.kubernetes` to get rid of the warning.
[2024-02-08T03:11:34.727+0100] {logging_mixin.py:188} INFO - [2024-02-08T03:11:34.726+0100] {dag.py:3033} INFO - Sync 1 DAGs
[2024-02-08T03:11:34.739+0100] {logging_mixin.py:188} INFO - [2024-02-08T03:11:34.739+0100] {dag.py:3820} INFO - Setting next_dagrun for example_kubernetes_executor to None, run_after=None
[2024-02-08T03:11:34.786+0100] {processor.py:183} INFO - Processing /home/ubuntu/.local/lib/python3.10/site-packages/airflow/example_dags/example_kubernetes_executor.py took 1.966 seconds
[2024-02-08T03:12:34.080+0100] {processor.py:161} INFO - Started process (PID=14824) to work on /home/ubuntu/.local/lib/python3.10/site-packages/airflow/example_dags/example_kubernetes_executor.py
[2024-02-08T03:12:34.085+0100] {processor.py:830} INFO - Processing file /home/ubuntu/.local/lib/python3.10/site-packages/airflow/example_dags/example_kubernetes_executor.py for tasks to queue
[2024-02-08T03:12:34.086+0100] {logging_mixin.py:188} INFO - [2024-02-08T03:12:34.086+0100] {dagbag.py:538} INFO - Filling up the DagBag from /home/ubuntu/.local/lib/python3.10/site-packages/airflow/example_dags/example_kubernetes_executor.py
[2024-02-08T03:12:35.815+0100] {processor.py:840} INFO - DAG(s) 'example_kubernetes_executor' retrieved from /home/ubuntu/.local/lib/python3.10/site-packages/airflow/example_dags/example_kubernetes_executor.py
[2024-02-08T03:12:35.840+0100] {logging_mixin.py:188} WARNING - /home/ubuntu/.local/lib/python3.10/site-packages/airflow/serialization/serialized_objects.py:1563 DeprecationWarning: This module is deprecated. The `cncf.kubernetes` provider before version 7.4.0 uses this module - you should migrate to a newer version of `cncf.kubernetes` to get rid of this warning. If you import the module via `airflow.kubernetes` import, please use `cncf.kubernetes' provider 7.4.0+ and switch all your imports to use `apache.airflow.providers.cncf.kubernetes` to get rid of the warning.
[2024-02-08T03:12:35.853+0100] {logging_mixin.py:188} INFO - [2024-02-08T03:12:35.852+0100] {dag.py:3033} INFO - Sync 1 DAGs
[2024-02-08T03:12:35.865+0100] {logging_mixin.py:188} INFO - [2024-02-08T03:12:35.864+0100] {dag.py:3820} INFO - Setting next_dagrun for example_kubernetes_executor to None, run_after=None
[2024-02-08T03:12:35.902+0100] {processor.py:183} INFO - Processing /home/ubuntu/.local/lib/python3.10/site-packages/airflow/example_dags/example_kubernetes_executor.py took 1.828 seconds
[2024-02-08T03:13:35.142+0100] {processor.py:161} INFO - Started process (PID=14880) to work on /home/ubuntu/.local/lib/python3.10/site-packages/airflow/example_dags/example_kubernetes_executor.py
[2024-02-08T03:13:35.147+0100] {processor.py:830} INFO - Processing file /home/ubuntu/.local/lib/python3.10/site-packages/airflow/example_dags/example_kubernetes_executor.py for tasks to queue
[2024-02-08T03:13:35.148+0100] {logging_mixin.py:188} INFO - [2024-02-08T03:13:35.148+0100] {dagbag.py:538} INFO - Filling up the DagBag from /home/ubuntu/.local/lib/python3.10/site-packages/airflow/example_dags/example_kubernetes_executor.py
[2024-02-08T03:13:35.689+0100] {processor.py:840} INFO - DAG(s) 'example_kubernetes_executor' retrieved from /home/ubuntu/.local/lib/python3.10/site-packages/airflow/example_dags/example_kubernetes_executor.py
[2024-02-08T03:13:35.704+0100] {logging_mixin.py:188} WARNING - /home/ubuntu/.local/lib/python3.10/site-packages/airflow/serialization/serialized_objects.py:1563 DeprecationWarning: This module is deprecated. The `cncf.kubernetes` provider before version 7.4.0 uses this module - you should migrate to a newer version of `cncf.kubernetes` to get rid of this warning. If you import the module via `airflow.kubernetes` import, please use `cncf.kubernetes' provider 7.4.0+ and switch all your imports to use `apache.airflow.providers.cncf.kubernetes` to get rid of the warning.
[2024-02-08T03:13:35.720+0100] {logging_mixin.py:188} INFO - [2024-02-08T03:13:35.717+0100] {dag.py:3033} INFO - Sync 1 DAGs
[2024-02-08T03:13:35.764+0100] {logging_mixin.py:188} INFO - [2024-02-08T03:13:35.759+0100] {dag.py:3820} INFO - Setting next_dagrun for example_kubernetes_executor to None, run_after=None
[2024-02-08T03:13:35.889+0100] {processor.py:183} INFO - Processing /home/ubuntu/.local/lib/python3.10/site-packages/airflow/example_dags/example_kubernetes_executor.py took 0.753 seconds
[2024-02-08T03:14:35.681+0100] {processor.py:161} INFO - Started process (PID=14946) to work on /home/ubuntu/.local/lib/python3.10/site-packages/airflow/example_dags/example_kubernetes_executor.py
[2024-02-08T03:14:35.688+0100] {processor.py:830} INFO - Processing file /home/ubuntu/.local/lib/python3.10/site-packages/airflow/example_dags/example_kubernetes_executor.py for tasks to queue
[2024-02-08T03:14:35.692+0100] {logging_mixin.py:188} INFO - [2024-02-08T03:14:35.691+0100] {dagbag.py:538} INFO - Filling up the DagBag from /home/ubuntu/.local/lib/python3.10/site-packages/airflow/example_dags/example_kubernetes_executor.py
[2024-02-08T03:14:38.062+0100] {processor.py:840} INFO - DAG(s) 'example_kubernetes_executor' retrieved from /home/ubuntu/.local/lib/python3.10/site-packages/airflow/example_dags/example_kubernetes_executor.py
[2024-02-08T03:14:38.095+0100] {logging_mixin.py:188} WARNING - /home/ubuntu/.local/lib/python3.10/site-packages/airflow/serialization/serialized_objects.py:1563 DeprecationWarning: This module is deprecated. The `cncf.kubernetes` provider before version 7.4.0 uses this module - you should migrate to a newer version of `cncf.kubernetes` to get rid of this warning. If you import the module via `airflow.kubernetes` import, please use `cncf.kubernetes' provider 7.4.0+ and switch all your imports to use `apache.airflow.providers.cncf.kubernetes` to get rid of the warning.
[2024-02-08T03:14:38.114+0100] {logging_mixin.py:188} INFO - [2024-02-08T03:14:38.114+0100] {dag.py:3033} INFO - Sync 1 DAGs
[2024-02-08T03:14:38.135+0100] {logging_mixin.py:188} INFO - [2024-02-08T03:14:38.134+0100] {dag.py:3820} INFO - Setting next_dagrun for example_kubernetes_executor to None, run_after=None
[2024-02-08T03:14:38.188+0100] {processor.py:183} INFO - Processing /home/ubuntu/.local/lib/python3.10/site-packages/airflow/example_dags/example_kubernetes_executor.py took 2.513 seconds
[2024-02-08T03:15:38.195+0100] {processor.py:161} INFO - Started process (PID=15010) to work on /home/ubuntu/.local/lib/python3.10/site-packages/airflow/example_dags/example_kubernetes_executor.py
[2024-02-08T03:15:38.203+0100] {processor.py:830} INFO - Processing file /home/ubuntu/.local/lib/python3.10/site-packages/airflow/example_dags/example_kubernetes_executor.py for tasks to queue
[2024-02-08T03:15:38.205+0100] {logging_mixin.py:188} INFO - [2024-02-08T03:15:38.204+0100] {dagbag.py:538} INFO - Filling up the DagBag from /home/ubuntu/.local/lib/python3.10/site-packages/airflow/example_dags/example_kubernetes_executor.py
[2024-02-08T03:15:40.363+0100] {processor.py:840} INFO - DAG(s) 'example_kubernetes_executor' retrieved from /home/ubuntu/.local/lib/python3.10/site-packages/airflow/example_dags/example_kubernetes_executor.py
[2024-02-08T03:15:40.389+0100] {logging_mixin.py:188} WARNING - /home/ubuntu/.local/lib/python3.10/site-packages/airflow/serialization/serialized_objects.py:1563 DeprecationWarning: This module is deprecated. The `cncf.kubernetes` provider before version 7.4.0 uses this module - you should migrate to a newer version of `cncf.kubernetes` to get rid of this warning. If you import the module via `airflow.kubernetes` import, please use `cncf.kubernetes' provider 7.4.0+ and switch all your imports to use `apache.airflow.providers.cncf.kubernetes` to get rid of the warning.
[2024-02-08T03:15:40.416+0100] {logging_mixin.py:188} INFO - [2024-02-08T03:15:40.416+0100] {dag.py:3033} INFO - Sync 1 DAGs
[2024-02-08T03:15:40.438+0100] {logging_mixin.py:188} INFO - [2024-02-08T03:15:40.437+0100] {dag.py:3820} INFO - Setting next_dagrun for example_kubernetes_executor to None, run_after=None
[2024-02-08T03:15:40.552+0100] {processor.py:183} INFO - Processing /home/ubuntu/.local/lib/python3.10/site-packages/airflow/example_dags/example_kubernetes_executor.py took 2.362 seconds
[2024-02-08T03:16:38.420+0100] {processor.py:161} INFO - Started process (PID=15066) to work on /home/ubuntu/.local/lib/python3.10/site-packages/airflow/example_dags/example_kubernetes_executor.py
[2024-02-08T03:16:38.423+0100] {processor.py:830} INFO - Processing file /home/ubuntu/.local/lib/python3.10/site-packages/airflow/example_dags/example_kubernetes_executor.py for tasks to queue
[2024-02-08T03:16:38.426+0100] {logging_mixin.py:188} INFO - [2024-02-08T03:16:38.425+0100] {dagbag.py:538} INFO - Filling up the DagBag from /home/ubuntu/.local/lib/python3.10/site-packages/airflow/example_dags/example_kubernetes_executor.py
[2024-02-08T03:16:40.550+0100] {processor.py:840} INFO - DAG(s) 'example_kubernetes_executor' retrieved from /home/ubuntu/.local/lib/python3.10/site-packages/airflow/example_dags/example_kubernetes_executor.py
[2024-02-08T03:16:40.581+0100] {logging_mixin.py:188} WARNING - /home/ubuntu/.local/lib/python3.10/site-packages/airflow/serialization/serialized_objects.py:1563 DeprecationWarning: This module is deprecated. The `cncf.kubernetes` provider before version 7.4.0 uses this module - you should migrate to a newer version of `cncf.kubernetes` to get rid of this warning. If you import the module via `airflow.kubernetes` import, please use `cncf.kubernetes' provider 7.4.0+ and switch all your imports to use `apache.airflow.providers.cncf.kubernetes` to get rid of the warning.
[2024-02-08T03:16:40.609+0100] {logging_mixin.py:188} INFO - [2024-02-08T03:16:40.606+0100] {dag.py:3033} INFO - Sync 1 DAGs
[2024-02-08T03:16:40.629+0100] {logging_mixin.py:188} INFO - [2024-02-08T03:16:40.628+0100] {dag.py:3820} INFO - Setting next_dagrun for example_kubernetes_executor to None, run_after=None
[2024-02-08T03:16:40.679+0100] {processor.py:183} INFO - Processing /home/ubuntu/.local/lib/python3.10/site-packages/airflow/example_dags/example_kubernetes_executor.py took 2.264 seconds
[2024-02-08T03:17:36.076+0100] {processor.py:161} INFO - Started process (PID=15124) to work on /home/ubuntu/.local/lib/python3.10/site-packages/airflow/example_dags/example_kubernetes_executor.py
[2024-02-08T03:17:36.081+0100] {processor.py:830} INFO - Processing file /home/ubuntu/.local/lib/python3.10/site-packages/airflow/example_dags/example_kubernetes_executor.py for tasks to queue
[2024-02-08T03:17:36.085+0100] {logging_mixin.py:188} INFO - [2024-02-08T03:17:36.084+0100] {dagbag.py:538} INFO - Filling up the DagBag from /home/ubuntu/.local/lib/python3.10/site-packages/airflow/example_dags/example_kubernetes_executor.py
[2024-02-08T03:17:37.482+0100] {processor.py:840} INFO - DAG(s) 'example_kubernetes_executor' retrieved from /home/ubuntu/.local/lib/python3.10/site-packages/airflow/example_dags/example_kubernetes_executor.py
[2024-02-08T03:17:37.571+0100] {logging_mixin.py:188} WARNING - /home/ubuntu/.local/lib/python3.10/site-packages/airflow/serialization/serialized_objects.py:1563 DeprecationWarning: This module is deprecated. The `cncf.kubernetes` provider before version 7.4.0 uses this module - you should migrate to a newer version of `cncf.kubernetes` to get rid of this warning. If you import the module via `airflow.kubernetes` import, please use `cncf.kubernetes' provider 7.4.0+ and switch all your imports to use `apache.airflow.providers.cncf.kubernetes` to get rid of the warning.
[2024-02-08T03:17:37.586+0100] {logging_mixin.py:188} INFO - [2024-02-08T03:17:37.585+0100] {dag.py:3033} INFO - Sync 1 DAGs
[2024-02-08T03:17:37.598+0100] {logging_mixin.py:188} INFO - [2024-02-08T03:17:37.598+0100] {dag.py:3820} INFO - Setting next_dagrun for example_kubernetes_executor to None, run_after=None
[2024-02-08T03:17:37.651+0100] {processor.py:183} INFO - Processing /home/ubuntu/.local/lib/python3.10/site-packages/airflow/example_dags/example_kubernetes_executor.py took 1.581 seconds
[2024-02-08T03:18:37.769+0100] {processor.py:161} INFO - Started process (PID=15181) to work on /home/ubuntu/.local/lib/python3.10/site-packages/airflow/example_dags/example_kubernetes_executor.py
[2024-02-08T03:18:37.774+0100] {processor.py:830} INFO - Processing file /home/ubuntu/.local/lib/python3.10/site-packages/airflow/example_dags/example_kubernetes_executor.py for tasks to queue
[2024-02-08T03:18:37.775+0100] {logging_mixin.py:188} INFO - [2024-02-08T03:18:37.775+0100] {dagbag.py:538} INFO - Filling up the DagBag from /home/ubuntu/.local/lib/python3.10/site-packages/airflow/example_dags/example_kubernetes_executor.py
[2024-02-08T03:18:39.431+0100] {processor.py:840} INFO - DAG(s) 'example_kubernetes_executor' retrieved from /home/ubuntu/.local/lib/python3.10/site-packages/airflow/example_dags/example_kubernetes_executor.py
[2024-02-08T03:18:39.460+0100] {logging_mixin.py:188} WARNING - /home/ubuntu/.local/lib/python3.10/site-packages/airflow/serialization/serialized_objects.py:1563 DeprecationWarning: This module is deprecated. The `cncf.kubernetes` provider before version 7.4.0 uses this module - you should migrate to a newer version of `cncf.kubernetes` to get rid of this warning. If you import the module via `airflow.kubernetes` import, please use `cncf.kubernetes' provider 7.4.0+ and switch all your imports to use `apache.airflow.providers.cncf.kubernetes` to get rid of the warning.
[2024-02-08T03:18:39.478+0100] {logging_mixin.py:188} INFO - [2024-02-08T03:18:39.477+0100] {dag.py:3033} INFO - Sync 1 DAGs
[2024-02-08T03:18:39.493+0100] {logging_mixin.py:188} INFO - [2024-02-08T03:18:39.493+0100] {dag.py:3820} INFO - Setting next_dagrun for example_kubernetes_executor to None, run_after=None
[2024-02-08T03:18:39.535+0100] {processor.py:183} INFO - Processing /home/ubuntu/.local/lib/python3.10/site-packages/airflow/example_dags/example_kubernetes_executor.py took 1.771 seconds
[2024-02-08T03:19:43.967+0100] {processor.py:161} INFO - Started process (PID=15300) to work on /home/ubuntu/.local/lib/python3.10/site-packages/airflow/example_dags/example_kubernetes_executor.py
[2024-02-08T03:19:43.971+0100] {processor.py:830} INFO - Processing file /home/ubuntu/.local/lib/python3.10/site-packages/airflow/example_dags/example_kubernetes_executor.py for tasks to queue
[2024-02-08T03:19:43.973+0100] {logging_mixin.py:188} INFO - [2024-02-08T03:19:43.972+0100] {dagbag.py:538} INFO - Filling up the DagBag from /home/ubuntu/.local/lib/python3.10/site-packages/airflow/example_dags/example_kubernetes_executor.py
[2024-02-08T03:19:47.360+0100] {processor.py:840} INFO - DAG(s) 'example_kubernetes_executor' retrieved from /home/ubuntu/.local/lib/python3.10/site-packages/airflow/example_dags/example_kubernetes_executor.py
[2024-02-08T03:19:47.646+0100] {logging_mixin.py:188} WARNING - /home/ubuntu/.local/lib/python3.10/site-packages/airflow/serialization/serialized_objects.py:1563 DeprecationWarning: This module is deprecated. The `cncf.kubernetes` provider before version 7.4.0 uses this module - you should migrate to a newer version of `cncf.kubernetes` to get rid of this warning. If you import the module via `airflow.kubernetes` import, please use `cncf.kubernetes' provider 7.4.0+ and switch all your imports to use `apache.airflow.providers.cncf.kubernetes` to get rid of the warning.
[2024-02-08T03:19:47.664+0100] {logging_mixin.py:188} INFO - [2024-02-08T03:19:47.663+0100] {dag.py:3033} INFO - Sync 1 DAGs
[2024-02-08T03:19:47.686+0100] {logging_mixin.py:188} INFO - [2024-02-08T03:19:47.686+0100] {dag.py:3820} INFO - Setting next_dagrun for example_kubernetes_executor to None, run_after=None
[2024-02-08T03:19:47.735+0100] {processor.py:183} INFO - Processing /home/ubuntu/.local/lib/python3.10/site-packages/airflow/example_dags/example_kubernetes_executor.py took 3.772 seconds
[2024-02-08T03:20:56.654+0100] {processor.py:161} INFO - Started process (PID=15365) to work on /home/ubuntu/.local/lib/python3.10/site-packages/airflow/example_dags/example_kubernetes_executor.py
[2024-02-08T03:20:56.657+0100] {processor.py:830} INFO - Processing file /home/ubuntu/.local/lib/python3.10/site-packages/airflow/example_dags/example_kubernetes_executor.py for tasks to queue
[2024-02-08T03:20:56.660+0100] {logging_mixin.py:188} INFO - [2024-02-08T03:20:56.659+0100] {dagbag.py:538} INFO - Filling up the DagBag from /home/ubuntu/.local/lib/python3.10/site-packages/airflow/example_dags/example_kubernetes_executor.py
[2024-02-08T03:20:58.618+0100] {processor.py:840} INFO - DAG(s) 'example_kubernetes_executor' retrieved from /home/ubuntu/.local/lib/python3.10/site-packages/airflow/example_dags/example_kubernetes_executor.py
[2024-02-08T03:20:58.658+0100] {logging_mixin.py:188} WARNING - /home/ubuntu/.local/lib/python3.10/site-packages/airflow/serialization/serialized_objects.py:1563 DeprecationWarning: This module is deprecated. The `cncf.kubernetes` provider before version 7.4.0 uses this module - you should migrate to a newer version of `cncf.kubernetes` to get rid of this warning. If you import the module via `airflow.kubernetes` import, please use `cncf.kubernetes' provider 7.4.0+ and switch all your imports to use `apache.airflow.providers.cncf.kubernetes` to get rid of the warning.
[2024-02-08T03:20:58.676+0100] {logging_mixin.py:188} INFO - [2024-02-08T03:20:58.675+0100] {dag.py:3033} INFO - Sync 1 DAGs
[2024-02-08T03:20:58.694+0100] {logging_mixin.py:188} INFO - [2024-02-08T03:20:58.694+0100] {dag.py:3820} INFO - Setting next_dagrun for example_kubernetes_executor to None, run_after=None
[2024-02-08T03:20:58.749+0100] {processor.py:183} INFO - Processing /home/ubuntu/.local/lib/python3.10/site-packages/airflow/example_dags/example_kubernetes_executor.py took 2.101 seconds
[2024-02-08T03:22:03.606+0100] {processor.py:161} INFO - Started process (PID=15424) to work on /home/ubuntu/.local/lib/python3.10/site-packages/airflow/example_dags/example_kubernetes_executor.py
[2024-02-08T03:22:03.610+0100] {processor.py:830} INFO - Processing file /home/ubuntu/.local/lib/python3.10/site-packages/airflow/example_dags/example_kubernetes_executor.py for tasks to queue
[2024-02-08T03:22:03.612+0100] {logging_mixin.py:188} INFO - [2024-02-08T03:22:03.611+0100] {dagbag.py:538} INFO - Filling up the DagBag from /home/ubuntu/.local/lib/python3.10/site-packages/airflow/example_dags/example_kubernetes_executor.py
[2024-02-08T03:22:06.017+0100] {processor.py:840} INFO - DAG(s) 'example_kubernetes_executor' retrieved from /home/ubuntu/.local/lib/python3.10/site-packages/airflow/example_dags/example_kubernetes_executor.py
[2024-02-08T03:22:06.061+0100] {logging_mixin.py:188} WARNING - /home/ubuntu/.local/lib/python3.10/site-packages/airflow/serialization/serialized_objects.py:1563 DeprecationWarning: This module is deprecated. The `cncf.kubernetes` provider before version 7.4.0 uses this module - you should migrate to a newer version of `cncf.kubernetes` to get rid of this warning. If you import the module via `airflow.kubernetes` import, please use `cncf.kubernetes' provider 7.4.0+ and switch all your imports to use `apache.airflow.providers.cncf.kubernetes` to get rid of the warning.
[2024-02-08T03:22:06.091+0100] {logging_mixin.py:188} INFO - [2024-02-08T03:22:06.090+0100] {dag.py:3033} INFO - Sync 1 DAGs
[2024-02-08T03:22:06.112+0100] {logging_mixin.py:188} INFO - [2024-02-08T03:22:06.112+0100] {dag.py:3820} INFO - Setting next_dagrun for example_kubernetes_executor to None, run_after=None
[2024-02-08T03:22:06.162+0100] {processor.py:183} INFO - Processing /home/ubuntu/.local/lib/python3.10/site-packages/airflow/example_dags/example_kubernetes_executor.py took 2.561 seconds
[2024-02-08T03:23:07.073+0100] {processor.py:161} INFO - Started process (PID=15480) to work on /home/ubuntu/.local/lib/python3.10/site-packages/airflow/example_dags/example_kubernetes_executor.py
[2024-02-08T03:23:07.077+0100] {processor.py:830} INFO - Processing file /home/ubuntu/.local/lib/python3.10/site-packages/airflow/example_dags/example_kubernetes_executor.py for tasks to queue
[2024-02-08T03:23:07.081+0100] {logging_mixin.py:188} INFO - [2024-02-08T03:23:07.080+0100] {dagbag.py:538} INFO - Filling up the DagBag from /home/ubuntu/.local/lib/python3.10/site-packages/airflow/example_dags/example_kubernetes_executor.py
[2024-02-08T03:23:10.022+0100] {processor.py:840} INFO - DAG(s) 'example_kubernetes_executor' retrieved from /home/ubuntu/.local/lib/python3.10/site-packages/airflow/example_dags/example_kubernetes_executor.py
[2024-02-08T03:23:10.104+0100] {logging_mixin.py:188} WARNING - /home/ubuntu/.local/lib/python3.10/site-packages/airflow/serialization/serialized_objects.py:1563 DeprecationWarning: This module is deprecated. The `cncf.kubernetes` provider before version 7.4.0 uses this module - you should migrate to a newer version of `cncf.kubernetes` to get rid of this warning. If you import the module via `airflow.kubernetes` import, please use `cncf.kubernetes' provider 7.4.0+ and switch all your imports to use `apache.airflow.providers.cncf.kubernetes` to get rid of the warning.
[2024-02-08T03:23:10.155+0100] {logging_mixin.py:188} INFO - [2024-02-08T03:23:10.154+0100] {dag.py:3033} INFO - Sync 1 DAGs
[2024-02-08T03:23:10.204+0100] {logging_mixin.py:188} INFO - [2024-02-08T03:23:10.203+0100] {dag.py:3820} INFO - Setting next_dagrun for example_kubernetes_executor to None, run_after=None
[2024-02-08T03:23:10.367+0100] {processor.py:183} INFO - Processing /home/ubuntu/.local/lib/python3.10/site-packages/airflow/example_dags/example_kubernetes_executor.py took 3.299 seconds
[2024-02-08T03:24:30.953+0100] {processor.py:161} INFO - Started process (PID=15593) to work on /home/ubuntu/.local/lib/python3.10/site-packages/airflow/example_dags/example_kubernetes_executor.py
[2024-02-08T03:24:30.957+0100] {processor.py:830} INFO - Processing file /home/ubuntu/.local/lib/python3.10/site-packages/airflow/example_dags/example_kubernetes_executor.py for tasks to queue
[2024-02-08T03:24:30.959+0100] {logging_mixin.py:188} INFO - [2024-02-08T03:24:30.958+0100] {dagbag.py:538} INFO - Filling up the DagBag from /home/ubuntu/.local/lib/python3.10/site-packages/airflow/example_dags/example_kubernetes_executor.py
[2024-02-08T03:24:38.994+0100] {processor.py:840} INFO - DAG(s) 'example_kubernetes_executor' retrieved from /home/ubuntu/.local/lib/python3.10/site-packages/airflow/example_dags/example_kubernetes_executor.py
[2024-02-08T03:24:39.038+0100] {logging_mixin.py:188} WARNING - /home/ubuntu/.local/lib/python3.10/site-packages/airflow/serialization/serialized_objects.py:1563 DeprecationWarning: This module is deprecated. The `cncf.kubernetes` provider before version 7.4.0 uses this module - you should migrate to a newer version of `cncf.kubernetes` to get rid of this warning. If you import the module via `airflow.kubernetes` import, please use `cncf.kubernetes' provider 7.4.0+ and switch all your imports to use `apache.airflow.providers.cncf.kubernetes` to get rid of the warning.
[2024-02-08T03:24:39.061+0100] {logging_mixin.py:188} INFO - [2024-02-08T03:24:39.060+0100] {dag.py:3033} INFO - Sync 1 DAGs
[2024-02-08T03:24:39.076+0100] {logging_mixin.py:188} INFO - [2024-02-08T03:24:39.076+0100] {dag.py:3820} INFO - Setting next_dagrun for example_kubernetes_executor to None, run_after=None
[2024-02-08T03:24:39.119+0100] {processor.py:183} INFO - Processing /home/ubuntu/.local/lib/python3.10/site-packages/airflow/example_dags/example_kubernetes_executor.py took 8.171 seconds
