[2024-02-08T02:46:16.409+0100] {processor.py:161} INFO - Started process (PID=12324) to work on /home/ubuntu/.local/lib/python3.10/site-packages/airflow/example_dags/example_sla_dag.py
[2024-02-08T02:46:16.411+0100] {processor.py:830} INFO - Processing file /home/ubuntu/.local/lib/python3.10/site-packages/airflow/example_dags/example_sla_dag.py for tasks to queue
[2024-02-08T02:46:16.413+0100] {logging_mixin.py:188} INFO - [2024-02-08T02:46:16.412+0100] {dagbag.py:538} INFO - Filling up the DagBag from /home/ubuntu/.local/lib/python3.10/site-packages/airflow/example_dags/example_sla_dag.py
[2024-02-08T02:46:16.465+0100] {processor.py:840} INFO - DAG(s) 'example_sla_dag' retrieved from /home/ubuntu/.local/lib/python3.10/site-packages/airflow/example_dags/example_sla_dag.py
[2024-02-08T02:46:16.497+0100] {logging_mixin.py:188} INFO - [2024-02-08T02:46:16.496+0100] {dag.py:3033} INFO - Sync 1 DAGs
[2024-02-08T02:46:16.593+0100] {logging_mixin.py:188} INFO - [2024-02-08T02:46:16.593+0100] {dag.py:3820} INFO - Setting next_dagrun for example_sla_dag to 2024-02-08T01:44:00+00:00, run_after=2024-02-08T01:46:00+00:00
[2024-02-08T02:46:16.748+0100] {processor.py:183} INFO - Processing /home/ubuntu/.local/lib/python3.10/site-packages/airflow/example_dags/example_sla_dag.py took 0.370 seconds
[2024-02-08T02:48:01.477+0100] {processor.py:161} INFO - Started process (PID=12461) to work on /home/ubuntu/.local/lib/python3.10/site-packages/airflow/example_dags/example_sla_dag.py
[2024-02-08T02:48:01.562+0100] {processor.py:830} INFO - Processing file /home/ubuntu/.local/lib/python3.10/site-packages/airflow/example_dags/example_sla_dag.py for tasks to queue
[2024-02-08T02:48:01.564+0100] {logging_mixin.py:188} INFO - [2024-02-08T02:48:01.563+0100] {dagbag.py:538} INFO - Filling up the DagBag from /home/ubuntu/.local/lib/python3.10/site-packages/airflow/example_dags/example_sla_dag.py
[2024-02-08T02:48:01.747+0100] {processor.py:840} INFO - DAG(s) 'example_sla_dag' retrieved from /home/ubuntu/.local/lib/python3.10/site-packages/airflow/example_dags/example_sla_dag.py
[2024-02-08T02:48:01.936+0100] {logging_mixin.py:188} INFO - [2024-02-08T02:48:01.936+0100] {dag.py:3033} INFO - Sync 1 DAGs
[2024-02-08T02:48:01.961+0100] {logging_mixin.py:188} INFO - [2024-02-08T02:48:01.961+0100] {dag.py:3820} INFO - Setting next_dagrun for example_sla_dag to 2024-02-08T01:46:00+00:00, run_after=2024-02-08T01:48:00+00:00
[2024-02-08T02:48:02.008+0100] {processor.py:183} INFO - Processing /home/ubuntu/.local/lib/python3.10/site-packages/airflow/example_dags/example_sla_dag.py took 0.536 seconds
[2024-02-08T02:48:59.741+0100] {processor.py:161} INFO - Started process (PID=13069) to work on /home/ubuntu/.local/lib/python3.10/site-packages/airflow/example_dags/example_sla_dag.py
[2024-02-08T02:48:59.745+0100] {processor.py:830} INFO - Processing file /home/ubuntu/.local/lib/python3.10/site-packages/airflow/example_dags/example_sla_dag.py for tasks to queue
[2024-02-08T02:48:59.747+0100] {logging_mixin.py:188} INFO - [2024-02-08T02:48:59.746+0100] {dagbag.py:538} INFO - Filling up the DagBag from /home/ubuntu/.local/lib/python3.10/site-packages/airflow/example_dags/example_sla_dag.py
[2024-02-08T02:48:59.759+0100] {processor.py:840} INFO - DAG(s) 'example_sla_dag' retrieved from /home/ubuntu/.local/lib/python3.10/site-packages/airflow/example_dags/example_sla_dag.py
[2024-02-08T02:48:59.782+0100] {logging_mixin.py:188} INFO - [2024-02-08T02:48:59.782+0100] {dag.py:3033} INFO - Sync 1 DAGs
[2024-02-08T02:48:59.816+0100] {logging_mixin.py:188} INFO - [2024-02-08T02:48:59.815+0100] {dag.py:3820} INFO - Setting next_dagrun for example_sla_dag to 2024-02-08T01:46:00+00:00, run_after=2024-02-08T01:48:00+00:00
[2024-02-08T02:48:59.855+0100] {processor.py:183} INFO - Processing /home/ubuntu/.local/lib/python3.10/site-packages/airflow/example_dags/example_sla_dag.py took 0.118 seconds
[2024-02-08T02:49:51.411+0100] {processor.py:161} INFO - Started process (PID=13121) to work on /home/ubuntu/.local/lib/python3.10/site-packages/airflow/example_dags/example_sla_dag.py
[2024-02-08T02:49:51.433+0100] {processor.py:830} INFO - Processing file /home/ubuntu/.local/lib/python3.10/site-packages/airflow/example_dags/example_sla_dag.py for tasks to queue
[2024-02-08T02:49:51.434+0100] {logging_mixin.py:188} INFO - [2024-02-08T02:49:51.434+0100] {dagbag.py:538} INFO - Filling up the DagBag from /home/ubuntu/.local/lib/python3.10/site-packages/airflow/example_dags/example_sla_dag.py
[2024-02-08T02:49:51.520+0100] {processor.py:840} INFO - DAG(s) 'example_sla_dag' retrieved from /home/ubuntu/.local/lib/python3.10/site-packages/airflow/example_dags/example_sla_dag.py
[2024-02-08T02:49:51.942+0100] {logging_mixin.py:188} INFO - [2024-02-08T02:49:51.942+0100] {dag.py:3033} INFO - Sync 1 DAGs
[2024-02-08T02:49:52.479+0100] {logging_mixin.py:188} INFO - [2024-02-08T02:49:52.479+0100] {dag.py:3820} INFO - Setting next_dagrun for example_sla_dag to 2024-02-08T01:46:00+00:00, run_after=2024-02-08T01:48:00+00:00
[2024-02-08T02:49:53.611+0100] {processor.py:183} INFO - Processing /home/ubuntu/.local/lib/python3.10/site-packages/airflow/example_dags/example_sla_dag.py took 2.244 seconds
[2024-02-08T02:50:47.327+0100] {processor.py:161} INFO - Started process (PID=13635) to work on /home/ubuntu/.local/lib/python3.10/site-packages/airflow/example_dags/example_sla_dag.py
[2024-02-08T02:50:47.330+0100] {processor.py:830} INFO - Processing file /home/ubuntu/.local/lib/python3.10/site-packages/airflow/example_dags/example_sla_dag.py for tasks to queue
[2024-02-08T02:50:47.332+0100] {logging_mixin.py:188} INFO - [2024-02-08T02:50:47.331+0100] {dagbag.py:538} INFO - Filling up the DagBag from /home/ubuntu/.local/lib/python3.10/site-packages/airflow/example_dags/example_sla_dag.py
[2024-02-08T02:50:47.349+0100] {processor.py:840} INFO - DAG(s) 'example_sla_dag' retrieved from /home/ubuntu/.local/lib/python3.10/site-packages/airflow/example_dags/example_sla_dag.py
[2024-02-08T02:50:47.394+0100] {logging_mixin.py:188} INFO - [2024-02-08T02:50:47.394+0100] {dag.py:3033} INFO - Sync 1 DAGs
[2024-02-08T02:50:47.428+0100] {logging_mixin.py:188} INFO - [2024-02-08T02:50:47.428+0100] {dag.py:3820} INFO - Setting next_dagrun for example_sla_dag to 2024-02-08T01:48:00+00:00, run_after=2024-02-08T01:50:00+00:00
[2024-02-08T02:50:47.470+0100] {processor.py:183} INFO - Processing /home/ubuntu/.local/lib/python3.10/site-packages/airflow/example_dags/example_sla_dag.py took 0.150 seconds
[2024-02-08T02:51:28.128+0100] {processor.py:161} INFO - Started process (PID=13676) to work on /home/ubuntu/.local/lib/python3.10/site-packages/airflow/example_dags/example_sla_dag.py
[2024-02-08T02:51:28.130+0100] {processor.py:830} INFO - Processing file /home/ubuntu/.local/lib/python3.10/site-packages/airflow/example_dags/example_sla_dag.py for tasks to queue
[2024-02-08T02:51:28.133+0100] {logging_mixin.py:188} INFO - [2024-02-08T02:51:28.131+0100] {dagbag.py:538} INFO - Filling up the DagBag from /home/ubuntu/.local/lib/python3.10/site-packages/airflow/example_dags/example_sla_dag.py
[2024-02-08T02:51:28.150+0100] {processor.py:840} INFO - DAG(s) 'example_sla_dag' retrieved from /home/ubuntu/.local/lib/python3.10/site-packages/airflow/example_dags/example_sla_dag.py
[2024-02-08T02:51:28.173+0100] {logging_mixin.py:188} INFO - [2024-02-08T02:51:28.173+0100] {dag.py:3033} INFO - Sync 1 DAGs
[2024-02-08T02:51:28.255+0100] {logging_mixin.py:188} INFO - [2024-02-08T02:51:28.255+0100] {dag.py:3820} INFO - Setting next_dagrun for example_sla_dag to 2024-02-08T01:48:00+00:00, run_after=2024-02-08T01:50:00+00:00
[2024-02-08T02:51:28.290+0100] {processor.py:183} INFO - Processing /home/ubuntu/.local/lib/python3.10/site-packages/airflow/example_dags/example_sla_dag.py took 0.169 seconds
[2024-02-08T02:52:28.567+0100] {processor.py:161} INFO - Started process (PID=13734) to work on /home/ubuntu/.local/lib/python3.10/site-packages/airflow/example_dags/example_sla_dag.py
[2024-02-08T02:52:28.571+0100] {processor.py:830} INFO - Processing file /home/ubuntu/.local/lib/python3.10/site-packages/airflow/example_dags/example_sla_dag.py for tasks to queue
[2024-02-08T02:52:28.574+0100] {logging_mixin.py:188} INFO - [2024-02-08T02:52:28.573+0100] {dagbag.py:538} INFO - Filling up the DagBag from /home/ubuntu/.local/lib/python3.10/site-packages/airflow/example_dags/example_sla_dag.py
[2024-02-08T02:52:28.588+0100] {processor.py:840} INFO - DAG(s) 'example_sla_dag' retrieved from /home/ubuntu/.local/lib/python3.10/site-packages/airflow/example_dags/example_sla_dag.py
[2024-02-08T02:52:28.611+0100] {logging_mixin.py:188} INFO - [2024-02-08T02:52:28.611+0100] {dag.py:3033} INFO - Sync 1 DAGs
[2024-02-08T02:52:28.644+0100] {logging_mixin.py:188} INFO - [2024-02-08T02:52:28.644+0100] {dag.py:3820} INFO - Setting next_dagrun for example_sla_dag to 2024-02-08T01:50:00+00:00, run_after=2024-02-08T01:52:00+00:00
[2024-02-08T02:52:28.680+0100] {processor.py:183} INFO - Processing /home/ubuntu/.local/lib/python3.10/site-packages/airflow/example_dags/example_sla_dag.py took 0.118 seconds
[2024-02-08T02:53:46.922+0100] {processor.py:161} INFO - Started process (PID=13836) to work on /home/ubuntu/.local/lib/python3.10/site-packages/airflow/example_dags/example_sla_dag.py
[2024-02-08T02:53:46.934+0100] {processor.py:830} INFO - Processing file /home/ubuntu/.local/lib/python3.10/site-packages/airflow/example_dags/example_sla_dag.py for tasks to queue
[2024-02-08T02:53:46.936+0100] {logging_mixin.py:188} INFO - [2024-02-08T02:53:46.936+0100] {dagbag.py:538} INFO - Filling up the DagBag from /home/ubuntu/.local/lib/python3.10/site-packages/airflow/example_dags/example_sla_dag.py
[2024-02-08T02:53:46.956+0100] {processor.py:840} INFO - DAG(s) 'example_sla_dag' retrieved from /home/ubuntu/.local/lib/python3.10/site-packages/airflow/example_dags/example_sla_dag.py
[2024-02-08T02:53:47.054+0100] {logging_mixin.py:188} INFO - [2024-02-08T02:53:47.054+0100] {dag.py:3033} INFO - Sync 1 DAGs
[2024-02-08T02:53:47.180+0100] {logging_mixin.py:188} INFO - [2024-02-08T02:53:47.177+0100] {dag.py:3820} INFO - Setting next_dagrun for example_sla_dag to 2024-02-08T01:50:00+00:00, run_after=2024-02-08T01:52:00+00:00
[2024-02-08T02:53:47.383+0100] {processor.py:183} INFO - Processing /home/ubuntu/.local/lib/python3.10/site-packages/airflow/example_dags/example_sla_dag.py took 0.465 seconds
[2024-02-08T02:56:18.528+0100] {processor.py:161} INFO - Started process (PID=13916) to work on /home/ubuntu/.local/lib/python3.10/site-packages/airflow/example_dags/example_sla_dag.py
[2024-02-08T02:56:18.530+0100] {processor.py:830} INFO - Processing file /home/ubuntu/.local/lib/python3.10/site-packages/airflow/example_dags/example_sla_dag.py for tasks to queue
[2024-02-08T02:56:18.533+0100] {logging_mixin.py:188} INFO - [2024-02-08T02:56:18.531+0100] {dagbag.py:538} INFO - Filling up the DagBag from /home/ubuntu/.local/lib/python3.10/site-packages/airflow/example_dags/example_sla_dag.py
[2024-02-08T02:56:18.597+0100] {processor.py:840} INFO - DAG(s) 'example_sla_dag' retrieved from /home/ubuntu/.local/lib/python3.10/site-packages/airflow/example_dags/example_sla_dag.py
[2024-02-08T02:56:18.647+0100] {logging_mixin.py:188} INFO - [2024-02-08T02:56:18.646+0100] {dag.py:3033} INFO - Sync 1 DAGs
[2024-02-08T02:56:18.712+0100] {logging_mixin.py:188} INFO - [2024-02-08T02:56:18.712+0100] {dag.py:3820} INFO - Setting next_dagrun for example_sla_dag to 2024-02-08T01:54:00+00:00, run_after=2024-02-08T01:56:00+00:00
[2024-02-08T02:56:18.795+0100] {processor.py:183} INFO - Processing /home/ubuntu/.local/lib/python3.10/site-packages/airflow/example_dags/example_sla_dag.py took 0.272 seconds
[2024-02-08T02:58:53.854+0100] {processor.py:161} INFO - Started process (PID=13997) to work on /home/ubuntu/.local/lib/python3.10/site-packages/airflow/example_dags/example_sla_dag.py
[2024-02-08T02:58:53.859+0100] {processor.py:830} INFO - Processing file /home/ubuntu/.local/lib/python3.10/site-packages/airflow/example_dags/example_sla_dag.py for tasks to queue
[2024-02-08T02:58:53.861+0100] {logging_mixin.py:188} INFO - [2024-02-08T02:58:53.860+0100] {dagbag.py:538} INFO - Filling up the DagBag from /home/ubuntu/.local/lib/python3.10/site-packages/airflow/example_dags/example_sla_dag.py
[2024-02-08T02:58:53.886+0100] {processor.py:840} INFO - DAG(s) 'example_sla_dag' retrieved from /home/ubuntu/.local/lib/python3.10/site-packages/airflow/example_dags/example_sla_dag.py
[2024-02-08T02:58:53.945+0100] {logging_mixin.py:188} INFO - [2024-02-08T02:58:53.945+0100] {dag.py:3033} INFO - Sync 1 DAGs
[2024-02-08T02:58:54.039+0100] {logging_mixin.py:188} INFO - [2024-02-08T02:58:54.039+0100] {dag.py:3820} INFO - Setting next_dagrun for example_sla_dag to 2024-02-08T01:56:00+00:00, run_after=2024-02-08T01:58:00+00:00
[2024-02-08T02:58:54.436+0100] {processor.py:183} INFO - Processing /home/ubuntu/.local/lib/python3.10/site-packages/airflow/example_dags/example_sla_dag.py took 0.588 seconds
[2024-02-08T03:01:02.802+0100] {processor.py:161} INFO - Started process (PID=14067) to work on /home/ubuntu/.local/lib/python3.10/site-packages/airflow/example_dags/example_sla_dag.py
[2024-02-08T03:01:02.808+0100] {processor.py:830} INFO - Processing file /home/ubuntu/.local/lib/python3.10/site-packages/airflow/example_dags/example_sla_dag.py for tasks to queue
[2024-02-08T03:01:02.810+0100] {logging_mixin.py:188} INFO - [2024-02-08T03:01:02.809+0100] {dagbag.py:538} INFO - Filling up the DagBag from /home/ubuntu/.local/lib/python3.10/site-packages/airflow/example_dags/example_sla_dag.py
[2024-02-08T03:01:02.824+0100] {processor.py:840} INFO - DAG(s) 'example_sla_dag' retrieved from /home/ubuntu/.local/lib/python3.10/site-packages/airflow/example_dags/example_sla_dag.py
[2024-02-08T03:01:02.851+0100] {logging_mixin.py:188} INFO - [2024-02-08T03:01:02.850+0100] {dag.py:3033} INFO - Sync 1 DAGs
[2024-02-08T03:01:02.877+0100] {logging_mixin.py:188} INFO - [2024-02-08T03:01:02.877+0100] {dag.py:3820} INFO - Setting next_dagrun for example_sla_dag to 2024-02-08T01:58:00+00:00, run_after=2024-02-08T02:00:00+00:00
[2024-02-08T03:01:02.956+0100] {processor.py:183} INFO - Processing /home/ubuntu/.local/lib/python3.10/site-packages/airflow/example_dags/example_sla_dag.py took 0.158 seconds
[2024-02-08T03:01:58.249+0100] {processor.py:161} INFO - Started process (PID=14156) to work on /home/ubuntu/.local/lib/python3.10/site-packages/airflow/example_dags/example_sla_dag.py
[2024-02-08T03:01:58.257+0100] {processor.py:830} INFO - Processing file /home/ubuntu/.local/lib/python3.10/site-packages/airflow/example_dags/example_sla_dag.py for tasks to queue
[2024-02-08T03:01:58.261+0100] {logging_mixin.py:188} INFO - [2024-02-08T03:01:58.260+0100] {dagbag.py:538} INFO - Filling up the DagBag from /home/ubuntu/.local/lib/python3.10/site-packages/airflow/example_dags/example_sla_dag.py
[2024-02-08T03:01:58.337+0100] {processor.py:840} INFO - DAG(s) 'example_sla_dag' retrieved from /home/ubuntu/.local/lib/python3.10/site-packages/airflow/example_dags/example_sla_dag.py
[2024-02-08T03:01:58.391+0100] {logging_mixin.py:188} INFO - [2024-02-08T03:01:58.390+0100] {dag.py:3033} INFO - Sync 1 DAGs
[2024-02-08T03:01:58.447+0100] {logging_mixin.py:188} INFO - [2024-02-08T03:01:58.447+0100] {dag.py:3820} INFO - Setting next_dagrun for example_sla_dag to 2024-02-08T01:58:00+00:00, run_after=2024-02-08T02:00:00+00:00
[2024-02-08T03:01:58.520+0100] {processor.py:183} INFO - Processing /home/ubuntu/.local/lib/python3.10/site-packages/airflow/example_dags/example_sla_dag.py took 0.277 seconds
[2024-02-08T03:03:09.094+0100] {processor.py:161} INFO - Started process (PID=14227) to work on /home/ubuntu/.local/lib/python3.10/site-packages/airflow/example_dags/example_sla_dag.py
[2024-02-08T03:03:09.097+0100] {processor.py:830} INFO - Processing file /home/ubuntu/.local/lib/python3.10/site-packages/airflow/example_dags/example_sla_dag.py for tasks to queue
[2024-02-08T03:03:09.098+0100] {logging_mixin.py:188} INFO - [2024-02-08T03:03:09.097+0100] {dagbag.py:538} INFO - Filling up the DagBag from /home/ubuntu/.local/lib/python3.10/site-packages/airflow/example_dags/example_sla_dag.py
[2024-02-08T03:03:09.124+0100] {processor.py:840} INFO - DAG(s) 'example_sla_dag' retrieved from /home/ubuntu/.local/lib/python3.10/site-packages/airflow/example_dags/example_sla_dag.py
[2024-02-08T03:03:09.153+0100] {logging_mixin.py:188} INFO - [2024-02-08T03:03:09.153+0100] {dag.py:3033} INFO - Sync 1 DAGs
[2024-02-08T03:03:09.185+0100] {logging_mixin.py:188} INFO - [2024-02-08T03:03:09.184+0100] {dag.py:3820} INFO - Setting next_dagrun for example_sla_dag to 2024-02-08T02:00:00+00:00, run_after=2024-02-08T02:02:00+00:00
[2024-02-08T03:03:09.224+0100] {processor.py:183} INFO - Processing /home/ubuntu/.local/lib/python3.10/site-packages/airflow/example_dags/example_sla_dag.py took 0.136 seconds
[2024-02-08T03:03:59.414+0100] {processor.py:161} INFO - Started process (PID=14280) to work on /home/ubuntu/.local/lib/python3.10/site-packages/airflow/example_dags/example_sla_dag.py
[2024-02-08T03:03:59.419+0100] {processor.py:830} INFO - Processing file /home/ubuntu/.local/lib/python3.10/site-packages/airflow/example_dags/example_sla_dag.py for tasks to queue
[2024-02-08T03:03:59.421+0100] {logging_mixin.py:188} INFO - [2024-02-08T03:03:59.420+0100] {dagbag.py:538} INFO - Filling up the DagBag from /home/ubuntu/.local/lib/python3.10/site-packages/airflow/example_dags/example_sla_dag.py
[2024-02-08T03:03:59.436+0100] {processor.py:840} INFO - DAG(s) 'example_sla_dag' retrieved from /home/ubuntu/.local/lib/python3.10/site-packages/airflow/example_dags/example_sla_dag.py
[2024-02-08T03:03:59.459+0100] {logging_mixin.py:188} INFO - [2024-02-08T03:03:59.459+0100] {dag.py:3033} INFO - Sync 1 DAGs
[2024-02-08T03:03:59.487+0100] {logging_mixin.py:188} INFO - [2024-02-08T03:03:59.486+0100] {dag.py:3820} INFO - Setting next_dagrun for example_sla_dag to 2024-02-08T02:00:00+00:00, run_after=2024-02-08T02:02:00+00:00
[2024-02-08T03:03:59.528+0100] {processor.py:183} INFO - Processing /home/ubuntu/.local/lib/python3.10/site-packages/airflow/example_dags/example_sla_dag.py took 0.119 seconds
[2024-02-08T03:05:30.061+0100] {processor.py:161} INFO - Started process (PID=14347) to work on /home/ubuntu/.local/lib/python3.10/site-packages/airflow/example_dags/example_sla_dag.py
[2024-02-08T03:05:30.065+0100] {processor.py:830} INFO - Processing file /home/ubuntu/.local/lib/python3.10/site-packages/airflow/example_dags/example_sla_dag.py for tasks to queue
[2024-02-08T03:05:30.067+0100] {logging_mixin.py:188} INFO - [2024-02-08T03:05:30.067+0100] {dagbag.py:538} INFO - Filling up the DagBag from /home/ubuntu/.local/lib/python3.10/site-packages/airflow/example_dags/example_sla_dag.py
[2024-02-08T03:05:30.082+0100] {processor.py:840} INFO - DAG(s) 'example_sla_dag' retrieved from /home/ubuntu/.local/lib/python3.10/site-packages/airflow/example_dags/example_sla_dag.py
[2024-02-08T03:05:30.106+0100] {logging_mixin.py:188} INFO - [2024-02-08T03:05:30.106+0100] {dag.py:3033} INFO - Sync 1 DAGs
[2024-02-08T03:05:30.132+0100] {logging_mixin.py:188} INFO - [2024-02-08T03:05:30.132+0100] {dag.py:3820} INFO - Setting next_dagrun for example_sla_dag to 2024-02-08T02:02:00+00:00, run_after=2024-02-08T02:04:00+00:00
[2024-02-08T03:05:30.169+0100] {processor.py:183} INFO - Processing /home/ubuntu/.local/lib/python3.10/site-packages/airflow/example_dags/example_sla_dag.py took 0.113 seconds
[2024-02-08T03:06:16.585+0100] {processor.py:161} INFO - Started process (PID=14389) to work on /home/ubuntu/.local/lib/python3.10/site-packages/airflow/example_dags/example_sla_dag.py
[2024-02-08T03:06:16.589+0100] {processor.py:830} INFO - Processing file /home/ubuntu/.local/lib/python3.10/site-packages/airflow/example_dags/example_sla_dag.py for tasks to queue
[2024-02-08T03:06:16.591+0100] {logging_mixin.py:188} INFO - [2024-02-08T03:06:16.590+0100] {dagbag.py:538} INFO - Filling up the DagBag from /home/ubuntu/.local/lib/python3.10/site-packages/airflow/example_dags/example_sla_dag.py
[2024-02-08T03:06:16.607+0100] {processor.py:840} INFO - DAG(s) 'example_sla_dag' retrieved from /home/ubuntu/.local/lib/python3.10/site-packages/airflow/example_dags/example_sla_dag.py
[2024-02-08T03:06:16.630+0100] {logging_mixin.py:188} INFO - [2024-02-08T03:06:16.630+0100] {dag.py:3033} INFO - Sync 1 DAGs
[2024-02-08T03:06:16.663+0100] {logging_mixin.py:188} INFO - [2024-02-08T03:06:16.662+0100] {dag.py:3820} INFO - Setting next_dagrun for example_sla_dag to 2024-02-08T02:04:00+00:00, run_after=2024-02-08T02:06:00+00:00
[2024-02-08T03:06:16.707+0100] {processor.py:183} INFO - Processing /home/ubuntu/.local/lib/python3.10/site-packages/airflow/example_dags/example_sla_dag.py took 0.128 seconds
[2024-02-08T03:07:18.669+0100] {processor.py:161} INFO - Started process (PID=14451) to work on /home/ubuntu/.local/lib/python3.10/site-packages/airflow/example_dags/example_sla_dag.py
[2024-02-08T03:07:18.674+0100] {processor.py:830} INFO - Processing file /home/ubuntu/.local/lib/python3.10/site-packages/airflow/example_dags/example_sla_dag.py for tasks to queue
[2024-02-08T03:07:18.676+0100] {logging_mixin.py:188} INFO - [2024-02-08T03:07:18.675+0100] {dagbag.py:538} INFO - Filling up the DagBag from /home/ubuntu/.local/lib/python3.10/site-packages/airflow/example_dags/example_sla_dag.py
[2024-02-08T03:07:18.690+0100] {processor.py:840} INFO - DAG(s) 'example_sla_dag' retrieved from /home/ubuntu/.local/lib/python3.10/site-packages/airflow/example_dags/example_sla_dag.py
[2024-02-08T03:07:18.714+0100] {logging_mixin.py:188} INFO - [2024-02-08T03:07:18.714+0100] {dag.py:3033} INFO - Sync 1 DAGs
[2024-02-08T03:07:18.744+0100] {logging_mixin.py:188} INFO - [2024-02-08T03:07:18.744+0100] {dag.py:3820} INFO - Setting next_dagrun for example_sla_dag to 2024-02-08T02:04:00+00:00, run_after=2024-02-08T02:06:00+00:00
[2024-02-08T03:07:18.792+0100] {processor.py:183} INFO - Processing /home/ubuntu/.local/lib/python3.10/site-packages/airflow/example_dags/example_sla_dag.py took 0.129 seconds
[2024-02-08T03:07:56.472+0100] {processor.py:161} INFO - Started process (PID=14560) to work on /home/ubuntu/.local/lib/python3.10/site-packages/airflow/example_dags/example_sla_dag.py
[2024-02-08T03:07:56.476+0100] {processor.py:830} INFO - Processing file /home/ubuntu/.local/lib/python3.10/site-packages/airflow/example_dags/example_sla_dag.py for tasks to queue
[2024-02-08T03:07:56.478+0100] {logging_mixin.py:188} INFO - [2024-02-08T03:07:56.477+0100] {dagbag.py:538} INFO - Filling up the DagBag from /home/ubuntu/.local/lib/python3.10/site-packages/airflow/example_dags/example_sla_dag.py
[2024-02-08T03:07:56.494+0100] {processor.py:840} INFO - DAG(s) 'example_sla_dag' retrieved from /home/ubuntu/.local/lib/python3.10/site-packages/airflow/example_dags/example_sla_dag.py
[2024-02-08T03:07:56.520+0100] {logging_mixin.py:188} INFO - [2024-02-08T03:07:56.520+0100] {dag.py:3033} INFO - Sync 1 DAGs
[2024-02-08T03:07:56.552+0100] {logging_mixin.py:188} INFO - [2024-02-08T03:07:56.551+0100] {dag.py:3820} INFO - Setting next_dagrun for example_sla_dag to 2024-02-08T02:04:00+00:00, run_after=2024-02-08T02:06:00+00:00
[2024-02-08T03:07:56.591+0100] {processor.py:183} INFO - Processing /home/ubuntu/.local/lib/python3.10/site-packages/airflow/example_dags/example_sla_dag.py took 0.124 seconds
[2024-02-08T03:08:35.944+0100] {processor.py:161} INFO - Started process (PID=14598) to work on /home/ubuntu/.local/lib/python3.10/site-packages/airflow/example_dags/example_sla_dag.py
[2024-02-08T03:08:35.950+0100] {processor.py:830} INFO - Processing file /home/ubuntu/.local/lib/python3.10/site-packages/airflow/example_dags/example_sla_dag.py for tasks to queue
[2024-02-08T03:08:35.953+0100] {logging_mixin.py:188} INFO - [2024-02-08T03:08:35.952+0100] {dagbag.py:538} INFO - Filling up the DagBag from /home/ubuntu/.local/lib/python3.10/site-packages/airflow/example_dags/example_sla_dag.py
[2024-02-08T03:08:35.973+0100] {processor.py:840} INFO - DAG(s) 'example_sla_dag' retrieved from /home/ubuntu/.local/lib/python3.10/site-packages/airflow/example_dags/example_sla_dag.py
[2024-02-08T03:08:36.002+0100] {logging_mixin.py:188} INFO - [2024-02-08T03:08:36.002+0100] {dag.py:3033} INFO - Sync 1 DAGs
[2024-02-08T03:08:36.040+0100] {logging_mixin.py:188} INFO - [2024-02-08T03:08:36.039+0100] {dag.py:3820} INFO - Setting next_dagrun for example_sla_dag to 2024-02-08T02:06:00+00:00, run_after=2024-02-08T02:08:00+00:00
[2024-02-08T03:08:36.079+0100] {processor.py:183} INFO - Processing /home/ubuntu/.local/lib/python3.10/site-packages/airflow/example_dags/example_sla_dag.py took 0.141 seconds
[2024-02-08T03:09:37.860+0100] {processor.py:161} INFO - Started process (PID=14660) to work on /home/ubuntu/.local/lib/python3.10/site-packages/airflow/example_dags/example_sla_dag.py
[2024-02-08T03:09:37.863+0100] {processor.py:830} INFO - Processing file /home/ubuntu/.local/lib/python3.10/site-packages/airflow/example_dags/example_sla_dag.py for tasks to queue
[2024-02-08T03:09:37.864+0100] {logging_mixin.py:188} INFO - [2024-02-08T03:09:37.864+0100] {dagbag.py:538} INFO - Filling up the DagBag from /home/ubuntu/.local/lib/python3.10/site-packages/airflow/example_dags/example_sla_dag.py
[2024-02-08T03:09:37.890+0100] {processor.py:840} INFO - DAG(s) 'example_sla_dag' retrieved from /home/ubuntu/.local/lib/python3.10/site-packages/airflow/example_dags/example_sla_dag.py
[2024-02-08T03:09:37.920+0100] {logging_mixin.py:188} INFO - [2024-02-08T03:09:37.920+0100] {dag.py:3033} INFO - Sync 1 DAGs
[2024-02-08T03:09:37.955+0100] {logging_mixin.py:188} INFO - [2024-02-08T03:09:37.955+0100] {dag.py:3820} INFO - Setting next_dagrun for example_sla_dag to 2024-02-08T02:06:00+00:00, run_after=2024-02-08T02:08:00+00:00
[2024-02-08T03:09:38.001+0100] {processor.py:183} INFO - Processing /home/ubuntu/.local/lib/python3.10/site-packages/airflow/example_dags/example_sla_dag.py took 0.148 seconds
[2024-02-08T03:10:45.314+0100] {processor.py:161} INFO - Started process (PID=14720) to work on /home/ubuntu/.local/lib/python3.10/site-packages/airflow/example_dags/example_sla_dag.py
[2024-02-08T03:10:45.318+0100] {processor.py:830} INFO - Processing file /home/ubuntu/.local/lib/python3.10/site-packages/airflow/example_dags/example_sla_dag.py for tasks to queue
[2024-02-08T03:10:45.321+0100] {logging_mixin.py:188} INFO - [2024-02-08T03:10:45.320+0100] {dagbag.py:538} INFO - Filling up the DagBag from /home/ubuntu/.local/lib/python3.10/site-packages/airflow/example_dags/example_sla_dag.py
[2024-02-08T03:10:45.344+0100] {processor.py:840} INFO - DAG(s) 'example_sla_dag' retrieved from /home/ubuntu/.local/lib/python3.10/site-packages/airflow/example_dags/example_sla_dag.py
[2024-02-08T03:10:45.373+0100] {logging_mixin.py:188} INFO - [2024-02-08T03:10:45.373+0100] {dag.py:3033} INFO - Sync 1 DAGs
[2024-02-08T03:10:45.415+0100] {logging_mixin.py:188} INFO - [2024-02-08T03:10:45.414+0100] {dag.py:3820} INFO - Setting next_dagrun for example_sla_dag to 2024-02-08T02:08:00+00:00, run_after=2024-02-08T02:10:00+00:00
[2024-02-08T03:10:45.473+0100] {processor.py:183} INFO - Processing /home/ubuntu/.local/lib/python3.10/site-packages/airflow/example_dags/example_sla_dag.py took 0.165 seconds
[2024-02-08T03:11:49.396+0100] {processor.py:161} INFO - Started process (PID=14777) to work on /home/ubuntu/.local/lib/python3.10/site-packages/airflow/example_dags/example_sla_dag.py
[2024-02-08T03:11:49.400+0100] {processor.py:830} INFO - Processing file /home/ubuntu/.local/lib/python3.10/site-packages/airflow/example_dags/example_sla_dag.py for tasks to queue
[2024-02-08T03:11:49.401+0100] {logging_mixin.py:188} INFO - [2024-02-08T03:11:49.401+0100] {dagbag.py:538} INFO - Filling up the DagBag from /home/ubuntu/.local/lib/python3.10/site-packages/airflow/example_dags/example_sla_dag.py
[2024-02-08T03:11:49.416+0100] {processor.py:840} INFO - DAG(s) 'example_sla_dag' retrieved from /home/ubuntu/.local/lib/python3.10/site-packages/airflow/example_dags/example_sla_dag.py
[2024-02-08T03:11:49.438+0100] {logging_mixin.py:188} INFO - [2024-02-08T03:11:49.438+0100] {dag.py:3033} INFO - Sync 1 DAGs
[2024-02-08T03:11:49.468+0100] {logging_mixin.py:188} INFO - [2024-02-08T03:11:49.468+0100] {dag.py:3820} INFO - Setting next_dagrun for example_sla_dag to 2024-02-08T02:08:00+00:00, run_after=2024-02-08T02:10:00+00:00
[2024-02-08T03:11:49.509+0100] {processor.py:183} INFO - Processing /home/ubuntu/.local/lib/python3.10/site-packages/airflow/example_dags/example_sla_dag.py took 0.118 seconds
[2024-02-08T03:12:47.625+0100] {processor.py:161} INFO - Started process (PID=14835) to work on /home/ubuntu/.local/lib/python3.10/site-packages/airflow/example_dags/example_sla_dag.py
[2024-02-08T03:12:47.628+0100] {processor.py:830} INFO - Processing file /home/ubuntu/.local/lib/python3.10/site-packages/airflow/example_dags/example_sla_dag.py for tasks to queue
[2024-02-08T03:12:47.630+0100] {logging_mixin.py:188} INFO - [2024-02-08T03:12:47.629+0100] {dagbag.py:538} INFO - Filling up the DagBag from /home/ubuntu/.local/lib/python3.10/site-packages/airflow/example_dags/example_sla_dag.py
[2024-02-08T03:12:47.646+0100] {processor.py:840} INFO - DAG(s) 'example_sla_dag' retrieved from /home/ubuntu/.local/lib/python3.10/site-packages/airflow/example_dags/example_sla_dag.py
[2024-02-08T03:12:47.670+0100] {logging_mixin.py:188} INFO - [2024-02-08T03:12:47.669+0100] {dag.py:3033} INFO - Sync 1 DAGs
[2024-02-08T03:12:47.699+0100] {logging_mixin.py:188} INFO - [2024-02-08T03:12:47.699+0100] {dag.py:3820} INFO - Setting next_dagrun for example_sla_dag to 2024-02-08T02:10:00+00:00, run_after=2024-02-08T02:12:00+00:00
[2024-02-08T03:12:47.741+0100] {processor.py:183} INFO - Processing /home/ubuntu/.local/lib/python3.10/site-packages/airflow/example_dags/example_sla_dag.py took 0.120 seconds
[2024-02-08T03:13:46.358+0100] {processor.py:161} INFO - Started process (PID=14890) to work on /home/ubuntu/.local/lib/python3.10/site-packages/airflow/example_dags/example_sla_dag.py
[2024-02-08T03:13:46.361+0100] {processor.py:830} INFO - Processing file /home/ubuntu/.local/lib/python3.10/site-packages/airflow/example_dags/example_sla_dag.py for tasks to queue
[2024-02-08T03:13:46.364+0100] {logging_mixin.py:188} INFO - [2024-02-08T03:13:46.363+0100] {dagbag.py:538} INFO - Filling up the DagBag from /home/ubuntu/.local/lib/python3.10/site-packages/airflow/example_dags/example_sla_dag.py
[2024-02-08T03:13:46.378+0100] {processor.py:840} INFO - DAG(s) 'example_sla_dag' retrieved from /home/ubuntu/.local/lib/python3.10/site-packages/airflow/example_dags/example_sla_dag.py
[2024-02-08T03:13:46.401+0100] {logging_mixin.py:188} INFO - [2024-02-08T03:13:46.401+0100] {dag.py:3033} INFO - Sync 1 DAGs
[2024-02-08T03:13:46.427+0100] {logging_mixin.py:188} INFO - [2024-02-08T03:13:46.427+0100] {dag.py:3820} INFO - Setting next_dagrun for example_sla_dag to 2024-02-08T02:10:00+00:00, run_after=2024-02-08T02:12:00+00:00
[2024-02-08T03:13:46.492+0100] {processor.py:183} INFO - Processing /home/ubuntu/.local/lib/python3.10/site-packages/airflow/example_dags/example_sla_dag.py took 0.141 seconds
[2024-02-08T03:14:52.252+0100] {processor.py:161} INFO - Started process (PID=14959) to work on /home/ubuntu/.local/lib/python3.10/site-packages/airflow/example_dags/example_sla_dag.py
[2024-02-08T03:14:52.256+0100] {processor.py:830} INFO - Processing file /home/ubuntu/.local/lib/python3.10/site-packages/airflow/example_dags/example_sla_dag.py for tasks to queue
[2024-02-08T03:14:52.258+0100] {logging_mixin.py:188} INFO - [2024-02-08T03:14:52.257+0100] {dagbag.py:538} INFO - Filling up the DagBag from /home/ubuntu/.local/lib/python3.10/site-packages/airflow/example_dags/example_sla_dag.py
[2024-02-08T03:14:52.284+0100] {processor.py:840} INFO - DAG(s) 'example_sla_dag' retrieved from /home/ubuntu/.local/lib/python3.10/site-packages/airflow/example_dags/example_sla_dag.py
[2024-02-08T03:14:52.320+0100] {logging_mixin.py:188} INFO - [2024-02-08T03:14:52.319+0100] {dag.py:3033} INFO - Sync 1 DAGs
[2024-02-08T03:14:52.361+0100] {logging_mixin.py:188} INFO - [2024-02-08T03:14:52.361+0100] {dag.py:3820} INFO - Setting next_dagrun for example_sla_dag to 2024-02-08T02:12:00+00:00, run_after=2024-02-08T02:14:00+00:00
[2024-02-08T03:14:52.411+0100] {processor.py:183} INFO - Processing /home/ubuntu/.local/lib/python3.10/site-packages/airflow/example_dags/example_sla_dag.py took 0.166 seconds
[2024-02-08T03:15:52.916+0100] {processor.py:161} INFO - Started process (PID=15021) to work on /home/ubuntu/.local/lib/python3.10/site-packages/airflow/example_dags/example_sla_dag.py
[2024-02-08T03:15:52.923+0100] {processor.py:830} INFO - Processing file /home/ubuntu/.local/lib/python3.10/site-packages/airflow/example_dags/example_sla_dag.py for tasks to queue
[2024-02-08T03:15:52.925+0100] {logging_mixin.py:188} INFO - [2024-02-08T03:15:52.924+0100] {dagbag.py:538} INFO - Filling up the DagBag from /home/ubuntu/.local/lib/python3.10/site-packages/airflow/example_dags/example_sla_dag.py
[2024-02-08T03:15:52.947+0100] {processor.py:840} INFO - DAG(s) 'example_sla_dag' retrieved from /home/ubuntu/.local/lib/python3.10/site-packages/airflow/example_dags/example_sla_dag.py
[2024-02-08T03:15:52.980+0100] {logging_mixin.py:188} INFO - [2024-02-08T03:15:52.979+0100] {dag.py:3033} INFO - Sync 1 DAGs
[2024-02-08T03:15:53.015+0100] {logging_mixin.py:188} INFO - [2024-02-08T03:15:53.015+0100] {dag.py:3820} INFO - Setting next_dagrun for example_sla_dag to 2024-02-08T02:12:00+00:00, run_after=2024-02-08T02:14:00+00:00
[2024-02-08T03:15:53.079+0100] {processor.py:183} INFO - Processing /home/ubuntu/.local/lib/python3.10/site-packages/airflow/example_dags/example_sla_dag.py took 0.169 seconds
[2024-02-08T03:16:52.519+0100] {processor.py:161} INFO - Started process (PID=15076) to work on /home/ubuntu/.local/lib/python3.10/site-packages/airflow/example_dags/example_sla_dag.py
[2024-02-08T03:16:52.525+0100] {processor.py:830} INFO - Processing file /home/ubuntu/.local/lib/python3.10/site-packages/airflow/example_dags/example_sla_dag.py for tasks to queue
[2024-02-08T03:16:52.527+0100] {logging_mixin.py:188} INFO - [2024-02-08T03:16:52.526+0100] {dagbag.py:538} INFO - Filling up the DagBag from /home/ubuntu/.local/lib/python3.10/site-packages/airflow/example_dags/example_sla_dag.py
[2024-02-08T03:16:52.546+0100] {processor.py:840} INFO - DAG(s) 'example_sla_dag' retrieved from /home/ubuntu/.local/lib/python3.10/site-packages/airflow/example_dags/example_sla_dag.py
[2024-02-08T03:16:52.571+0100] {logging_mixin.py:188} INFO - [2024-02-08T03:16:52.571+0100] {dag.py:3033} INFO - Sync 1 DAGs
[2024-02-08T03:16:52.614+0100] {logging_mixin.py:188} INFO - [2024-02-08T03:16:52.614+0100] {dag.py:3820} INFO - Setting next_dagrun for example_sla_dag to 2024-02-08T02:14:00+00:00, run_after=2024-02-08T02:16:00+00:00
[2024-02-08T03:16:52.661+0100] {processor.py:183} INFO - Processing /home/ubuntu/.local/lib/python3.10/site-packages/airflow/example_dags/example_sla_dag.py took 0.148 seconds
[2024-02-08T03:17:49.706+0100] {processor.py:161} INFO - Started process (PID=15134) to work on /home/ubuntu/.local/lib/python3.10/site-packages/airflow/example_dags/example_sla_dag.py
[2024-02-08T03:17:49.711+0100] {processor.py:830} INFO - Processing file /home/ubuntu/.local/lib/python3.10/site-packages/airflow/example_dags/example_sla_dag.py for tasks to queue
[2024-02-08T03:17:49.713+0100] {logging_mixin.py:188} INFO - [2024-02-08T03:17:49.713+0100] {dagbag.py:538} INFO - Filling up the DagBag from /home/ubuntu/.local/lib/python3.10/site-packages/airflow/example_dags/example_sla_dag.py
[2024-02-08T03:17:49.732+0100] {processor.py:840} INFO - DAG(s) 'example_sla_dag' retrieved from /home/ubuntu/.local/lib/python3.10/site-packages/airflow/example_dags/example_sla_dag.py
[2024-02-08T03:17:49.768+0100] {logging_mixin.py:188} INFO - [2024-02-08T03:17:49.768+0100] {dag.py:3033} INFO - Sync 1 DAGs
[2024-02-08T03:17:49.809+0100] {logging_mixin.py:188} INFO - [2024-02-08T03:17:49.808+0100] {dag.py:3820} INFO - Setting next_dagrun for example_sla_dag to 2024-02-08T02:14:00+00:00, run_after=2024-02-08T02:16:00+00:00
[2024-02-08T03:17:49.853+0100] {processor.py:183} INFO - Processing /home/ubuntu/.local/lib/python3.10/site-packages/airflow/example_dags/example_sla_dag.py took 0.154 seconds
[2024-02-08T03:18:50.905+0100] {processor.py:161} INFO - Started process (PID=15192) to work on /home/ubuntu/.local/lib/python3.10/site-packages/airflow/example_dags/example_sla_dag.py
[2024-02-08T03:18:50.909+0100] {processor.py:830} INFO - Processing file /home/ubuntu/.local/lib/python3.10/site-packages/airflow/example_dags/example_sla_dag.py for tasks to queue
[2024-02-08T03:18:50.912+0100] {logging_mixin.py:188} INFO - [2024-02-08T03:18:50.911+0100] {dagbag.py:538} INFO - Filling up the DagBag from /home/ubuntu/.local/lib/python3.10/site-packages/airflow/example_dags/example_sla_dag.py
[2024-02-08T03:18:50.933+0100] {processor.py:840} INFO - DAG(s) 'example_sla_dag' retrieved from /home/ubuntu/.local/lib/python3.10/site-packages/airflow/example_dags/example_sla_dag.py
[2024-02-08T03:18:50.967+0100] {logging_mixin.py:188} INFO - [2024-02-08T03:18:50.967+0100] {dag.py:3033} INFO - Sync 1 DAGs
[2024-02-08T03:18:51.005+0100] {logging_mixin.py:188} INFO - [2024-02-08T03:18:51.004+0100] {dag.py:3820} INFO - Setting next_dagrun for example_sla_dag to 2024-02-08T02:16:00+00:00, run_after=2024-02-08T02:18:00+00:00
[2024-02-08T03:18:51.054+0100] {processor.py:183} INFO - Processing /home/ubuntu/.local/lib/python3.10/site-packages/airflow/example_dags/example_sla_dag.py took 0.156 seconds
[2024-02-08T03:20:01.832+0100] {processor.py:161} INFO - Started process (PID=15314) to work on /home/ubuntu/.local/lib/python3.10/site-packages/airflow/example_dags/example_sla_dag.py
[2024-02-08T03:20:01.835+0100] {processor.py:830} INFO - Processing file /home/ubuntu/.local/lib/python3.10/site-packages/airflow/example_dags/example_sla_dag.py for tasks to queue
[2024-02-08T03:20:01.837+0100] {logging_mixin.py:188} INFO - [2024-02-08T03:20:01.837+0100] {dagbag.py:538} INFO - Filling up the DagBag from /home/ubuntu/.local/lib/python3.10/site-packages/airflow/example_dags/example_sla_dag.py
[2024-02-08T03:20:01.857+0100] {processor.py:840} INFO - DAG(s) 'example_sla_dag' retrieved from /home/ubuntu/.local/lib/python3.10/site-packages/airflow/example_dags/example_sla_dag.py
[2024-02-08T03:20:01.882+0100] {logging_mixin.py:188} INFO - [2024-02-08T03:20:01.882+0100] {dag.py:3033} INFO - Sync 1 DAGs
[2024-02-08T03:20:01.906+0100] {logging_mixin.py:188} INFO - [2024-02-08T03:20:01.906+0100] {dag.py:3820} INFO - Setting next_dagrun for example_sla_dag to 2024-02-08T02:18:00+00:00, run_after=2024-02-08T02:20:00+00:00
[2024-02-08T03:20:01.943+0100] {processor.py:183} INFO - Processing /home/ubuntu/.local/lib/python3.10/site-packages/airflow/example_dags/example_sla_dag.py took 0.115 seconds
[2024-02-08T03:21:10.640+0100] {processor.py:161} INFO - Started process (PID=15374) to work on /home/ubuntu/.local/lib/python3.10/site-packages/airflow/example_dags/example_sla_dag.py
[2024-02-08T03:21:10.646+0100] {processor.py:830} INFO - Processing file /home/ubuntu/.local/lib/python3.10/site-packages/airflow/example_dags/example_sla_dag.py for tasks to queue
[2024-02-08T03:21:10.649+0100] {logging_mixin.py:188} INFO - [2024-02-08T03:21:10.648+0100] {dagbag.py:538} INFO - Filling up the DagBag from /home/ubuntu/.local/lib/python3.10/site-packages/airflow/example_dags/example_sla_dag.py
[2024-02-08T03:21:10.675+0100] {processor.py:840} INFO - DAG(s) 'example_sla_dag' retrieved from /home/ubuntu/.local/lib/python3.10/site-packages/airflow/example_dags/example_sla_dag.py
[2024-02-08T03:21:10.702+0100] {logging_mixin.py:188} INFO - [2024-02-08T03:21:10.702+0100] {dag.py:3033} INFO - Sync 1 DAGs
[2024-02-08T03:21:10.731+0100] {logging_mixin.py:188} INFO - [2024-02-08T03:21:10.731+0100] {dag.py:3820} INFO - Setting next_dagrun for example_sla_dag to 2024-02-08T02:18:00+00:00, run_after=2024-02-08T02:20:00+00:00
[2024-02-08T03:21:10.774+0100] {processor.py:183} INFO - Processing /home/ubuntu/.local/lib/python3.10/site-packages/airflow/example_dags/example_sla_dag.py took 0.139 seconds
[2024-02-08T03:22:16.334+0100] {processor.py:161} INFO - Started process (PID=15432) to work on /home/ubuntu/.local/lib/python3.10/site-packages/airflow/example_dags/example_sla_dag.py
[2024-02-08T03:22:16.339+0100] {processor.py:830} INFO - Processing file /home/ubuntu/.local/lib/python3.10/site-packages/airflow/example_dags/example_sla_dag.py for tasks to queue
[2024-02-08T03:22:16.341+0100] {logging_mixin.py:188} INFO - [2024-02-08T03:22:16.340+0100] {dagbag.py:538} INFO - Filling up the DagBag from /home/ubuntu/.local/lib/python3.10/site-packages/airflow/example_dags/example_sla_dag.py
[2024-02-08T03:22:16.361+0100] {processor.py:840} INFO - DAG(s) 'example_sla_dag' retrieved from /home/ubuntu/.local/lib/python3.10/site-packages/airflow/example_dags/example_sla_dag.py
[2024-02-08T03:22:16.383+0100] {logging_mixin.py:188} INFO - [2024-02-08T03:22:16.383+0100] {dag.py:3033} INFO - Sync 1 DAGs
[2024-02-08T03:22:16.412+0100] {logging_mixin.py:188} INFO - [2024-02-08T03:22:16.412+0100] {dag.py:3820} INFO - Setting next_dagrun for example_sla_dag to 2024-02-08T02:20:00+00:00, run_after=2024-02-08T02:22:00+00:00
[2024-02-08T03:22:16.450+0100] {processor.py:183} INFO - Processing /home/ubuntu/.local/lib/python3.10/site-packages/airflow/example_dags/example_sla_dag.py took 0.120 seconds
[2024-02-08T03:23:20.550+0100] {processor.py:161} INFO - Started process (PID=15504) to work on /home/ubuntu/.local/lib/python3.10/site-packages/airflow/example_dags/example_sla_dag.py
[2024-02-08T03:23:20.556+0100] {processor.py:830} INFO - Processing file /home/ubuntu/.local/lib/python3.10/site-packages/airflow/example_dags/example_sla_dag.py for tasks to queue
[2024-02-08T03:23:20.558+0100] {logging_mixin.py:188} INFO - [2024-02-08T03:23:20.557+0100] {dagbag.py:538} INFO - Filling up the DagBag from /home/ubuntu/.local/lib/python3.10/site-packages/airflow/example_dags/example_sla_dag.py
[2024-02-08T03:23:20.583+0100] {processor.py:840} INFO - DAG(s) 'example_sla_dag' retrieved from /home/ubuntu/.local/lib/python3.10/site-packages/airflow/example_dags/example_sla_dag.py
[2024-02-08T03:23:20.609+0100] {logging_mixin.py:188} INFO - [2024-02-08T03:23:20.608+0100] {dag.py:3033} INFO - Sync 1 DAGs
[2024-02-08T03:23:20.651+0100] {logging_mixin.py:188} INFO - [2024-02-08T03:23:20.651+0100] {dag.py:3820} INFO - Setting next_dagrun for example_sla_dag to 2024-02-08T02:20:00+00:00, run_after=2024-02-08T02:22:00+00:00
[2024-02-08T03:23:20.700+0100] {processor.py:183} INFO - Processing /home/ubuntu/.local/lib/python3.10/site-packages/airflow/example_dags/example_sla_dag.py took 0.154 seconds
[2024-02-08T03:24:02.958+0100] {processor.py:161} INFO - Started process (PID=15556) to work on /home/ubuntu/.local/lib/python3.10/site-packages/airflow/example_dags/example_sla_dag.py
[2024-02-08T03:24:02.962+0100] {processor.py:830} INFO - Processing file /home/ubuntu/.local/lib/python3.10/site-packages/airflow/example_dags/example_sla_dag.py for tasks to queue
[2024-02-08T03:24:02.965+0100] {logging_mixin.py:188} INFO - [2024-02-08T03:24:02.963+0100] {dagbag.py:538} INFO - Filling up the DagBag from /home/ubuntu/.local/lib/python3.10/site-packages/airflow/example_dags/example_sla_dag.py
[2024-02-08T03:24:02.997+0100] {processor.py:840} INFO - DAG(s) 'example_sla_dag' retrieved from /home/ubuntu/.local/lib/python3.10/site-packages/airflow/example_dags/example_sla_dag.py
[2024-02-08T03:24:03.022+0100] {logging_mixin.py:188} INFO - [2024-02-08T03:24:03.021+0100] {dag.py:3033} INFO - Sync 1 DAGs
[2024-02-08T03:24:03.067+0100] {logging_mixin.py:188} INFO - [2024-02-08T03:24:03.066+0100] {dag.py:3820} INFO - Setting next_dagrun for example_sla_dag to 2024-02-08T02:22:00+00:00, run_after=2024-02-08T02:24:00+00:00
[2024-02-08T03:24:03.108+0100] {processor.py:183} INFO - Processing /home/ubuntu/.local/lib/python3.10/site-packages/airflow/example_dags/example_sla_dag.py took 0.155 seconds
[2024-02-08T03:24:53.517+0100] {processor.py:161} INFO - Started process (PID=15627) to work on /home/ubuntu/.local/lib/python3.10/site-packages/airflow/example_dags/example_sla_dag.py
[2024-02-08T03:24:53.521+0100] {processor.py:830} INFO - Processing file /home/ubuntu/.local/lib/python3.10/site-packages/airflow/example_dags/example_sla_dag.py for tasks to queue
[2024-02-08T03:24:53.535+0100] {logging_mixin.py:188} INFO - [2024-02-08T03:24:53.528+0100] {dagbag.py:538} INFO - Filling up the DagBag from /home/ubuntu/.local/lib/python3.10/site-packages/airflow/example_dags/example_sla_dag.py
[2024-02-08T03:24:53.595+0100] {processor.py:840} INFO - DAG(s) 'example_sla_dag' retrieved from /home/ubuntu/.local/lib/python3.10/site-packages/airflow/example_dags/example_sla_dag.py
[2024-02-08T03:24:53.666+0100] {logging_mixin.py:188} INFO - [2024-02-08T03:24:53.666+0100] {dag.py:3033} INFO - Sync 1 DAGs
[2024-02-08T03:24:53.725+0100] {logging_mixin.py:188} INFO - [2024-02-08T03:24:53.725+0100] {dag.py:3820} INFO - Setting next_dagrun for example_sla_dag to 2024-02-08T02:22:00+00:00, run_after=2024-02-08T02:24:00+00:00
[2024-02-08T03:24:53.789+0100] {processor.py:183} INFO - Processing /home/ubuntu/.local/lib/python3.10/site-packages/airflow/example_dags/example_sla_dag.py took 0.277 seconds
