[2024-02-08T02:46:51.054+0100] {processor.py:161} INFO - Started process (PID=12396) to work on /home/ubuntu/.local/lib/python3.10/site-packages/airflow/example_dags/example_dag_decorator.py
[2024-02-08T02:46:51.056+0100] {processor.py:830} INFO - Processing file /home/ubuntu/.local/lib/python3.10/site-packages/airflow/example_dags/example_dag_decorator.py for tasks to queue
[2024-02-08T02:46:51.057+0100] {logging_mixin.py:188} INFO - [2024-02-08T02:46:51.057+0100] {dagbag.py:538} INFO - Filling up the DagBag from /home/ubuntu/.local/lib/python3.10/site-packages/airflow/example_dags/example_dag_decorator.py
[2024-02-08T02:46:51.368+0100] {processor.py:840} INFO - DAG(s) 'example_dag_decorator' retrieved from /home/ubuntu/.local/lib/python3.10/site-packages/airflow/example_dags/example_dag_decorator.py
[2024-02-08T02:46:51.469+0100] {logging_mixin.py:188} INFO - [2024-02-08T02:46:51.469+0100] {dag.py:3033} INFO - Sync 1 DAGs
[2024-02-08T02:46:51.482+0100] {logging_mixin.py:188} INFO - [2024-02-08T02:46:51.482+0100] {dag.py:3820} INFO - Setting next_dagrun for example_dag_decorator to None, run_after=None
[2024-02-08T02:46:51.530+0100] {processor.py:183} INFO - Processing /home/ubuntu/.local/lib/python3.10/site-packages/airflow/example_dags/example_dag_decorator.py took 0.481 seconds
[2024-02-08T02:48:32.391+0100] {processor.py:161} INFO - Started process (PID=12577) to work on /home/ubuntu/.local/lib/python3.10/site-packages/airflow/example_dags/example_dag_decorator.py
[2024-02-08T02:48:32.394+0100] {processor.py:830} INFO - Processing file /home/ubuntu/.local/lib/python3.10/site-packages/airflow/example_dags/example_dag_decorator.py for tasks to queue
[2024-02-08T02:48:32.395+0100] {logging_mixin.py:188} INFO - [2024-02-08T02:48:32.395+0100] {dagbag.py:538} INFO - Filling up the DagBag from /home/ubuntu/.local/lib/python3.10/site-packages/airflow/example_dags/example_dag_decorator.py
[2024-02-08T02:48:32.716+0100] {processor.py:840} INFO - DAG(s) 'example_dag_decorator' retrieved from /home/ubuntu/.local/lib/python3.10/site-packages/airflow/example_dags/example_dag_decorator.py
[2024-02-08T02:48:32.856+0100] {logging_mixin.py:188} INFO - [2024-02-08T02:48:32.856+0100] {dag.py:3033} INFO - Sync 1 DAGs
[2024-02-08T02:48:32.870+0100] {logging_mixin.py:188} INFO - [2024-02-08T02:48:32.869+0100] {dag.py:3820} INFO - Setting next_dagrun for example_dag_decorator to None, run_after=None
[2024-02-08T02:48:32.946+0100] {processor.py:183} INFO - Processing /home/ubuntu/.local/lib/python3.10/site-packages/airflow/example_dags/example_dag_decorator.py took 0.562 seconds
[2024-02-08T02:50:24.963+0100] {processor.py:161} INFO - Started process (PID=13546) to work on /home/ubuntu/.local/lib/python3.10/site-packages/airflow/example_dags/example_dag_decorator.py
[2024-02-08T02:50:24.969+0100] {processor.py:830} INFO - Processing file /home/ubuntu/.local/lib/python3.10/site-packages/airflow/example_dags/example_dag_decorator.py for tasks to queue
[2024-02-08T02:50:24.973+0100] {logging_mixin.py:188} INFO - [2024-02-08T02:50:24.970+0100] {dagbag.py:538} INFO - Filling up the DagBag from /home/ubuntu/.local/lib/python3.10/site-packages/airflow/example_dags/example_dag_decorator.py
[2024-02-08T02:50:26.574+0100] {processor.py:840} INFO - DAG(s) 'example_dag_decorator' retrieved from /home/ubuntu/.local/lib/python3.10/site-packages/airflow/example_dags/example_dag_decorator.py
[2024-02-08T02:50:27.592+0100] {logging_mixin.py:188} INFO - [2024-02-08T02:50:27.592+0100] {dag.py:3033} INFO - Sync 1 DAGs
[2024-02-08T02:50:27.613+0100] {logging_mixin.py:188} INFO - [2024-02-08T02:50:27.613+0100] {dag.py:3820} INFO - Setting next_dagrun for example_dag_decorator to None, run_after=None
[2024-02-08T02:50:27.670+0100] {processor.py:183} INFO - Processing /home/ubuntu/.local/lib/python3.10/site-packages/airflow/example_dags/example_dag_decorator.py took 2.728 seconds
[2024-02-08T02:51:48.095+0100] {processor.py:161} INFO - Started process (PID=13697) to work on /home/ubuntu/.local/lib/python3.10/site-packages/airflow/example_dags/example_dag_decorator.py
[2024-02-08T02:51:48.099+0100] {processor.py:830} INFO - Processing file /home/ubuntu/.local/lib/python3.10/site-packages/airflow/example_dags/example_dag_decorator.py for tasks to queue
[2024-02-08T02:51:48.101+0100] {logging_mixin.py:188} INFO - [2024-02-08T02:51:48.100+0100] {dagbag.py:538} INFO - Filling up the DagBag from /home/ubuntu/.local/lib/python3.10/site-packages/airflow/example_dags/example_dag_decorator.py
[2024-02-08T02:51:48.276+0100] {processor.py:840} INFO - DAG(s) 'example_dag_decorator' retrieved from /home/ubuntu/.local/lib/python3.10/site-packages/airflow/example_dags/example_dag_decorator.py
[2024-02-08T02:51:48.380+0100] {logging_mixin.py:188} INFO - [2024-02-08T02:51:48.380+0100] {dag.py:3033} INFO - Sync 1 DAGs
[2024-02-08T02:51:48.403+0100] {logging_mixin.py:188} INFO - [2024-02-08T02:51:48.402+0100] {dag.py:3820} INFO - Setting next_dagrun for example_dag_decorator to None, run_after=None
[2024-02-08T02:51:48.446+0100] {processor.py:183} INFO - Processing /home/ubuntu/.local/lib/python3.10/site-packages/airflow/example_dags/example_dag_decorator.py took 0.356 seconds
[2024-02-08T02:53:27.010+0100] {processor.py:161} INFO - Started process (PID=13813) to work on /home/ubuntu/.local/lib/python3.10/site-packages/airflow/example_dags/example_dag_decorator.py
[2024-02-08T02:53:27.014+0100] {processor.py:830} INFO - Processing file /home/ubuntu/.local/lib/python3.10/site-packages/airflow/example_dags/example_dag_decorator.py for tasks to queue
[2024-02-08T02:53:27.016+0100] {logging_mixin.py:188} INFO - [2024-02-08T02:53:27.015+0100] {dagbag.py:538} INFO - Filling up the DagBag from /home/ubuntu/.local/lib/python3.10/site-packages/airflow/example_dags/example_dag_decorator.py
[2024-02-08T02:53:27.452+0100] {processor.py:840} INFO - DAG(s) 'example_dag_decorator' retrieved from /home/ubuntu/.local/lib/python3.10/site-packages/airflow/example_dags/example_dag_decorator.py
[2024-02-08T02:53:27.962+0100] {logging_mixin.py:188} INFO - [2024-02-08T02:53:27.961+0100] {dag.py:3033} INFO - Sync 1 DAGs
[2024-02-08T02:53:27.978+0100] {logging_mixin.py:188} INFO - [2024-02-08T02:53:27.978+0100] {dag.py:3820} INFO - Setting next_dagrun for example_dag_decorator to None, run_after=None
[2024-02-08T02:53:28.025+0100] {processor.py:183} INFO - Processing /home/ubuntu/.local/lib/python3.10/site-packages/airflow/example_dags/example_dag_decorator.py took 1.021 seconds
[2024-02-08T02:56:54.263+0100] {processor.py:161} INFO - Started process (PID=13943) to work on /home/ubuntu/.local/lib/python3.10/site-packages/airflow/example_dags/example_dag_decorator.py
[2024-02-08T02:56:54.266+0100] {processor.py:830} INFO - Processing file /home/ubuntu/.local/lib/python3.10/site-packages/airflow/example_dags/example_dag_decorator.py for tasks to queue
[2024-02-08T02:56:54.269+0100] {logging_mixin.py:188} INFO - [2024-02-08T02:56:54.267+0100] {dagbag.py:538} INFO - Filling up the DagBag from /home/ubuntu/.local/lib/python3.10/site-packages/airflow/example_dags/example_dag_decorator.py
[2024-02-08T02:56:54.890+0100] {processor.py:840} INFO - DAG(s) 'example_dag_decorator' retrieved from /home/ubuntu/.local/lib/python3.10/site-packages/airflow/example_dags/example_dag_decorator.py
[2024-02-08T02:56:56.744+0100] {logging_mixin.py:188} INFO - [2024-02-08T02:56:56.743+0100] {dag.py:3033} INFO - Sync 1 DAGs
[2024-02-08T02:56:56.786+0100] {logging_mixin.py:188} INFO - [2024-02-08T02:56:56.783+0100] {dag.py:3820} INFO - Setting next_dagrun for example_dag_decorator to None, run_after=None
[2024-02-08T02:56:56.931+0100] {processor.py:183} INFO - Processing /home/ubuntu/.local/lib/python3.10/site-packages/airflow/example_dags/example_dag_decorator.py took 2.681 seconds
[2024-02-08T02:59:40.301+0100] {processor.py:161} INFO - Started process (PID=14025) to work on /home/ubuntu/.local/lib/python3.10/site-packages/airflow/example_dags/example_dag_decorator.py
[2024-02-08T02:59:40.308+0100] {processor.py:830} INFO - Processing file /home/ubuntu/.local/lib/python3.10/site-packages/airflow/example_dags/example_dag_decorator.py for tasks to queue
[2024-02-08T02:59:40.310+0100] {logging_mixin.py:188} INFO - [2024-02-08T02:59:40.309+0100] {dagbag.py:538} INFO - Filling up the DagBag from /home/ubuntu/.local/lib/python3.10/site-packages/airflow/example_dags/example_dag_decorator.py
[2024-02-08T02:59:40.936+0100] {processor.py:840} INFO - DAG(s) 'example_dag_decorator' retrieved from /home/ubuntu/.local/lib/python3.10/site-packages/airflow/example_dags/example_dag_decorator.py
[2024-02-08T02:59:42.744+0100] {logging_mixin.py:188} INFO - [2024-02-08T02:59:42.743+0100] {dag.py:3033} INFO - Sync 1 DAGs
[2024-02-08T02:59:42.761+0100] {logging_mixin.py:188} INFO - [2024-02-08T02:59:42.760+0100] {dag.py:3820} INFO - Setting next_dagrun for example_dag_decorator to None, run_after=None
[2024-02-08T02:59:42.900+0100] {processor.py:183} INFO - Processing /home/ubuntu/.local/lib/python3.10/site-packages/airflow/example_dags/example_dag_decorator.py took 2.604 seconds
[2024-02-08T03:01:30.703+0100] {processor.py:161} INFO - Started process (PID=14092) to work on /home/ubuntu/.local/lib/python3.10/site-packages/airflow/example_dags/example_dag_decorator.py
[2024-02-08T03:01:30.707+0100] {processor.py:830} INFO - Processing file /home/ubuntu/.local/lib/python3.10/site-packages/airflow/example_dags/example_dag_decorator.py for tasks to queue
[2024-02-08T03:01:30.709+0100] {logging_mixin.py:188} INFO - [2024-02-08T03:01:30.708+0100] {dagbag.py:538} INFO - Filling up the DagBag from /home/ubuntu/.local/lib/python3.10/site-packages/airflow/example_dags/example_dag_decorator.py
[2024-02-08T03:01:30.851+0100] {processor.py:840} INFO - DAG(s) 'example_dag_decorator' retrieved from /home/ubuntu/.local/lib/python3.10/site-packages/airflow/example_dags/example_dag_decorator.py
[2024-02-08T03:01:30.881+0100] {logging_mixin.py:188} INFO - [2024-02-08T03:01:30.881+0100] {dag.py:3033} INFO - Sync 1 DAGs
[2024-02-08T03:01:30.895+0100] {logging_mixin.py:188} INFO - [2024-02-08T03:01:30.895+0100] {dag.py:3820} INFO - Setting next_dagrun for example_dag_decorator to None, run_after=None
[2024-02-08T03:01:30.970+0100] {processor.py:183} INFO - Processing /home/ubuntu/.local/lib/python3.10/site-packages/airflow/example_dags/example_dag_decorator.py took 0.290 seconds
[2024-02-08T03:03:35.523+0100] {processor.py:161} INFO - Started process (PID=14253) to work on /home/ubuntu/.local/lib/python3.10/site-packages/airflow/example_dags/example_dag_decorator.py
[2024-02-08T03:03:35.527+0100] {processor.py:830} INFO - Processing file /home/ubuntu/.local/lib/python3.10/site-packages/airflow/example_dags/example_dag_decorator.py for tasks to queue
[2024-02-08T03:03:35.528+0100] {logging_mixin.py:188} INFO - [2024-02-08T03:03:35.527+0100] {dagbag.py:538} INFO - Filling up the DagBag from /home/ubuntu/.local/lib/python3.10/site-packages/airflow/example_dags/example_dag_decorator.py
[2024-02-08T03:03:35.818+0100] {processor.py:840} INFO - DAG(s) 'example_dag_decorator' retrieved from /home/ubuntu/.local/lib/python3.10/site-packages/airflow/example_dags/example_dag_decorator.py
[2024-02-08T03:03:36.211+0100] {logging_mixin.py:188} INFO - [2024-02-08T03:03:36.211+0100] {dag.py:3033} INFO - Sync 1 DAGs
[2024-02-08T03:03:36.229+0100] {logging_mixin.py:188} INFO - [2024-02-08T03:03:36.229+0100] {dag.py:3820} INFO - Setting next_dagrun for example_dag_decorator to None, run_after=None
[2024-02-08T03:03:36.266+0100] {processor.py:183} INFO - Processing /home/ubuntu/.local/lib/python3.10/site-packages/airflow/example_dags/example_dag_decorator.py took 0.749 seconds
[2024-02-08T03:04:51.662+0100] {processor.py:161} INFO - Started process (PID=14321) to work on /home/ubuntu/.local/lib/python3.10/site-packages/airflow/example_dags/example_dag_decorator.py
[2024-02-08T03:04:51.667+0100] {processor.py:830} INFO - Processing file /home/ubuntu/.local/lib/python3.10/site-packages/airflow/example_dags/example_dag_decorator.py for tasks to queue
[2024-02-08T03:04:51.669+0100] {logging_mixin.py:188} INFO - [2024-02-08T03:04:51.668+0100] {dagbag.py:538} INFO - Filling up the DagBag from /home/ubuntu/.local/lib/python3.10/site-packages/airflow/example_dags/example_dag_decorator.py
[2024-02-08T03:04:51.977+0100] {processor.py:840} INFO - DAG(s) 'example_dag_decorator' retrieved from /home/ubuntu/.local/lib/python3.10/site-packages/airflow/example_dags/example_dag_decorator.py
[2024-02-08T03:04:52.378+0100] {logging_mixin.py:188} INFO - [2024-02-08T03:04:52.378+0100] {dag.py:3033} INFO - Sync 1 DAGs
[2024-02-08T03:04:52.392+0100] {logging_mixin.py:188} INFO - [2024-02-08T03:04:52.392+0100] {dag.py:3820} INFO - Setting next_dagrun for example_dag_decorator to None, run_after=None
[2024-02-08T03:04:52.430+0100] {processor.py:183} INFO - Processing /home/ubuntu/.local/lib/python3.10/site-packages/airflow/example_dags/example_dag_decorator.py took 0.773 seconds
[2024-02-08T03:05:56.404+0100] {processor.py:161} INFO - Started process (PID=14375) to work on /home/ubuntu/.local/lib/python3.10/site-packages/airflow/example_dags/example_dag_decorator.py
[2024-02-08T03:05:56.407+0100] {processor.py:830} INFO - Processing file /home/ubuntu/.local/lib/python3.10/site-packages/airflow/example_dags/example_dag_decorator.py for tasks to queue
[2024-02-08T03:05:56.409+0100] {logging_mixin.py:188} INFO - [2024-02-08T03:05:56.408+0100] {dagbag.py:538} INFO - Filling up the DagBag from /home/ubuntu/.local/lib/python3.10/site-packages/airflow/example_dags/example_dag_decorator.py
[2024-02-08T03:05:56.706+0100] {processor.py:840} INFO - DAG(s) 'example_dag_decorator' retrieved from /home/ubuntu/.local/lib/python3.10/site-packages/airflow/example_dags/example_dag_decorator.py
[2024-02-08T03:05:57.084+0100] {logging_mixin.py:188} INFO - [2024-02-08T03:05:57.084+0100] {dag.py:3033} INFO - Sync 1 DAGs
[2024-02-08T03:05:57.097+0100] {logging_mixin.py:188} INFO - [2024-02-08T03:05:57.097+0100] {dag.py:3820} INFO - Setting next_dagrun for example_dag_decorator to None, run_after=None
[2024-02-08T03:05:57.136+0100] {processor.py:183} INFO - Processing /home/ubuntu/.local/lib/python3.10/site-packages/airflow/example_dags/example_dag_decorator.py took 0.738 seconds
[2024-02-08T03:07:00.914+0100] {processor.py:161} INFO - Started process (PID=14438) to work on /home/ubuntu/.local/lib/python3.10/site-packages/airflow/example_dags/example_dag_decorator.py
[2024-02-08T03:07:00.918+0100] {processor.py:830} INFO - Processing file /home/ubuntu/.local/lib/python3.10/site-packages/airflow/example_dags/example_dag_decorator.py for tasks to queue
[2024-02-08T03:07:00.920+0100] {logging_mixin.py:188} INFO - [2024-02-08T03:07:00.919+0100] {dagbag.py:538} INFO - Filling up the DagBag from /home/ubuntu/.local/lib/python3.10/site-packages/airflow/example_dags/example_dag_decorator.py
[2024-02-08T03:07:01.260+0100] {processor.py:840} INFO - DAG(s) 'example_dag_decorator' retrieved from /home/ubuntu/.local/lib/python3.10/site-packages/airflow/example_dags/example_dag_decorator.py
[2024-02-08T03:07:01.292+0100] {logging_mixin.py:188} INFO - [2024-02-08T03:07:01.292+0100] {dag.py:3033} INFO - Sync 1 DAGs
[2024-02-08T03:07:01.310+0100] {logging_mixin.py:188} INFO - [2024-02-08T03:07:01.310+0100] {dag.py:3820} INFO - Setting next_dagrun for example_dag_decorator to None, run_after=None
[2024-02-08T03:07:01.353+0100] {processor.py:183} INFO - Processing /home/ubuntu/.local/lib/python3.10/site-packages/airflow/example_dags/example_dag_decorator.py took 0.444 seconds
[2024-02-08T03:08:15.899+0100] {processor.py:161} INFO - Started process (PID=14582) to work on /home/ubuntu/.local/lib/python3.10/site-packages/airflow/example_dags/example_dag_decorator.py
[2024-02-08T03:08:15.902+0100] {processor.py:830} INFO - Processing file /home/ubuntu/.local/lib/python3.10/site-packages/airflow/example_dags/example_dag_decorator.py for tasks to queue
[2024-02-08T03:08:15.904+0100] {logging_mixin.py:188} INFO - [2024-02-08T03:08:15.904+0100] {dagbag.py:538} INFO - Filling up the DagBag from /home/ubuntu/.local/lib/python3.10/site-packages/airflow/example_dags/example_dag_decorator.py
[2024-02-08T03:08:16.291+0100] {processor.py:840} INFO - DAG(s) 'example_dag_decorator' retrieved from /home/ubuntu/.local/lib/python3.10/site-packages/airflow/example_dags/example_dag_decorator.py
[2024-02-08T03:08:16.665+0100] {logging_mixin.py:188} INFO - [2024-02-08T03:08:16.665+0100] {dag.py:3033} INFO - Sync 1 DAGs
[2024-02-08T03:08:16.677+0100] {logging_mixin.py:188} INFO - [2024-02-08T03:08:16.677+0100] {dag.py:3820} INFO - Setting next_dagrun for example_dag_decorator to None, run_after=None
[2024-02-08T03:08:16.755+0100] {processor.py:183} INFO - Processing /home/ubuntu/.local/lib/python3.10/site-packages/airflow/example_dags/example_dag_decorator.py took 0.861 seconds
[2024-02-08T03:09:18.000+0100] {processor.py:161} INFO - Started process (PID=14645) to work on /home/ubuntu/.local/lib/python3.10/site-packages/airflow/example_dags/example_dag_decorator.py
[2024-02-08T03:09:18.008+0100] {processor.py:830} INFO - Processing file /home/ubuntu/.local/lib/python3.10/site-packages/airflow/example_dags/example_dag_decorator.py for tasks to queue
[2024-02-08T03:09:18.011+0100] {logging_mixin.py:188} INFO - [2024-02-08T03:09:18.009+0100] {dagbag.py:538} INFO - Filling up the DagBag from /home/ubuntu/.local/lib/python3.10/site-packages/airflow/example_dags/example_dag_decorator.py
[2024-02-08T03:09:18.352+0100] {processor.py:840} INFO - DAG(s) 'example_dag_decorator' retrieved from /home/ubuntu/.local/lib/python3.10/site-packages/airflow/example_dags/example_dag_decorator.py
[2024-02-08T03:09:18.388+0100] {logging_mixin.py:188} INFO - [2024-02-08T03:09:18.388+0100] {dag.py:3033} INFO - Sync 1 DAGs
[2024-02-08T03:09:18.406+0100] {logging_mixin.py:188} INFO - [2024-02-08T03:09:18.406+0100] {dag.py:3820} INFO - Setting next_dagrun for example_dag_decorator to None, run_after=None
[2024-02-08T03:09:18.463+0100] {processor.py:183} INFO - Processing /home/ubuntu/.local/lib/python3.10/site-packages/airflow/example_dags/example_dag_decorator.py took 0.470 seconds
[2024-02-08T03:10:25.462+0100] {processor.py:161} INFO - Started process (PID=14704) to work on /home/ubuntu/.local/lib/python3.10/site-packages/airflow/example_dags/example_dag_decorator.py
[2024-02-08T03:10:25.465+0100] {processor.py:830} INFO - Processing file /home/ubuntu/.local/lib/python3.10/site-packages/airflow/example_dags/example_dag_decorator.py for tasks to queue
[2024-02-08T03:10:25.467+0100] {logging_mixin.py:188} INFO - [2024-02-08T03:10:25.467+0100] {dagbag.py:538} INFO - Filling up the DagBag from /home/ubuntu/.local/lib/python3.10/site-packages/airflow/example_dags/example_dag_decorator.py
[2024-02-08T03:10:25.916+0100] {processor.py:840} INFO - DAG(s) 'example_dag_decorator' retrieved from /home/ubuntu/.local/lib/python3.10/site-packages/airflow/example_dags/example_dag_decorator.py
[2024-02-08T03:10:26.378+0100] {logging_mixin.py:188} INFO - [2024-02-08T03:10:26.378+0100] {dag.py:3033} INFO - Sync 1 DAGs
[2024-02-08T03:10:26.393+0100] {logging_mixin.py:188} INFO - [2024-02-08T03:10:26.392+0100] {dag.py:3820} INFO - Setting next_dagrun for example_dag_decorator to None, run_after=None
[2024-02-08T03:10:26.441+0100] {processor.py:183} INFO - Processing /home/ubuntu/.local/lib/python3.10/site-packages/airflow/example_dags/example_dag_decorator.py took 0.985 seconds
[2024-02-08T03:11:29.853+0100] {processor.py:161} INFO - Started process (PID=14761) to work on /home/ubuntu/.local/lib/python3.10/site-packages/airflow/example_dags/example_dag_decorator.py
[2024-02-08T03:11:29.858+0100] {processor.py:830} INFO - Processing file /home/ubuntu/.local/lib/python3.10/site-packages/airflow/example_dags/example_dag_decorator.py for tasks to queue
[2024-02-08T03:11:29.860+0100] {logging_mixin.py:188} INFO - [2024-02-08T03:11:29.859+0100] {dagbag.py:538} INFO - Filling up the DagBag from /home/ubuntu/.local/lib/python3.10/site-packages/airflow/example_dags/example_dag_decorator.py
[2024-02-08T03:11:30.176+0100] {processor.py:840} INFO - DAG(s) 'example_dag_decorator' retrieved from /home/ubuntu/.local/lib/python3.10/site-packages/airflow/example_dags/example_dag_decorator.py
[2024-02-08T03:11:30.570+0100] {logging_mixin.py:188} INFO - [2024-02-08T03:11:30.570+0100] {dag.py:3033} INFO - Sync 1 DAGs
[2024-02-08T03:11:30.582+0100] {logging_mixin.py:188} INFO - [2024-02-08T03:11:30.581+0100] {dag.py:3820} INFO - Setting next_dagrun for example_dag_decorator to None, run_after=None
[2024-02-08T03:11:30.638+0100] {processor.py:183} INFO - Processing /home/ubuntu/.local/lib/python3.10/site-packages/airflow/example_dags/example_dag_decorator.py took 0.795 seconds
[2024-02-08T03:12:31.333+0100] {processor.py:161} INFO - Started process (PID=14820) to work on /home/ubuntu/.local/lib/python3.10/site-packages/airflow/example_dags/example_dag_decorator.py
[2024-02-08T03:12:31.336+0100] {processor.py:830} INFO - Processing file /home/ubuntu/.local/lib/python3.10/site-packages/airflow/example_dags/example_dag_decorator.py for tasks to queue
[2024-02-08T03:12:31.338+0100] {logging_mixin.py:188} INFO - [2024-02-08T03:12:31.337+0100] {dagbag.py:538} INFO - Filling up the DagBag from /home/ubuntu/.local/lib/python3.10/site-packages/airflow/example_dags/example_dag_decorator.py
[2024-02-08T03:12:31.624+0100] {processor.py:840} INFO - DAG(s) 'example_dag_decorator' retrieved from /home/ubuntu/.local/lib/python3.10/site-packages/airflow/example_dags/example_dag_decorator.py
[2024-02-08T03:12:31.986+0100] {logging_mixin.py:188} INFO - [2024-02-08T03:12:31.986+0100] {dag.py:3033} INFO - Sync 1 DAGs
[2024-02-08T03:12:31.996+0100] {logging_mixin.py:188} INFO - [2024-02-08T03:12:31.996+0100] {dag.py:3820} INFO - Setting next_dagrun for example_dag_decorator to None, run_after=None
[2024-02-08T03:12:32.045+0100] {processor.py:183} INFO - Processing /home/ubuntu/.local/lib/python3.10/site-packages/airflow/example_dags/example_dag_decorator.py took 0.719 seconds
[2024-02-08T03:13:32.412+0100] {processor.py:161} INFO - Started process (PID=14878) to work on /home/ubuntu/.local/lib/python3.10/site-packages/airflow/example_dags/example_dag_decorator.py
[2024-02-08T03:13:32.420+0100] {processor.py:830} INFO - Processing file /home/ubuntu/.local/lib/python3.10/site-packages/airflow/example_dags/example_dag_decorator.py for tasks to queue
[2024-02-08T03:13:32.424+0100] {logging_mixin.py:188} INFO - [2024-02-08T03:13:32.423+0100] {dagbag.py:538} INFO - Filling up the DagBag from /home/ubuntu/.local/lib/python3.10/site-packages/airflow/example_dags/example_dag_decorator.py
[2024-02-08T03:13:32.562+0100] {processor.py:840} INFO - DAG(s) 'example_dag_decorator' retrieved from /home/ubuntu/.local/lib/python3.10/site-packages/airflow/example_dags/example_dag_decorator.py
[2024-02-08T03:13:32.766+0100] {logging_mixin.py:188} INFO - [2024-02-08T03:13:32.765+0100] {dag.py:3033} INFO - Sync 1 DAGs
[2024-02-08T03:13:32.784+0100] {logging_mixin.py:188} INFO - [2024-02-08T03:13:32.784+0100] {dag.py:3820} INFO - Setting next_dagrun for example_dag_decorator to None, run_after=None
[2024-02-08T03:13:32.838+0100] {processor.py:183} INFO - Processing /home/ubuntu/.local/lib/python3.10/site-packages/airflow/example_dags/example_dag_decorator.py took 0.432 seconds
[2024-02-08T03:14:32.415+0100] {processor.py:161} INFO - Started process (PID=14944) to work on /home/ubuntu/.local/lib/python3.10/site-packages/airflow/example_dags/example_dag_decorator.py
[2024-02-08T03:14:32.420+0100] {processor.py:830} INFO - Processing file /home/ubuntu/.local/lib/python3.10/site-packages/airflow/example_dags/example_dag_decorator.py for tasks to queue
[2024-02-08T03:14:32.422+0100] {logging_mixin.py:188} INFO - [2024-02-08T03:14:32.421+0100] {dagbag.py:538} INFO - Filling up the DagBag from /home/ubuntu/.local/lib/python3.10/site-packages/airflow/example_dags/example_dag_decorator.py
[2024-02-08T03:14:32.777+0100] {processor.py:840} INFO - DAG(s) 'example_dag_decorator' retrieved from /home/ubuntu/.local/lib/python3.10/site-packages/airflow/example_dags/example_dag_decorator.py
[2024-02-08T03:14:33.227+0100] {logging_mixin.py:188} INFO - [2024-02-08T03:14:33.227+0100] {dag.py:3033} INFO - Sync 1 DAGs
[2024-02-08T03:14:33.242+0100] {logging_mixin.py:188} INFO - [2024-02-08T03:14:33.242+0100] {dag.py:3820} INFO - Setting next_dagrun for example_dag_decorator to None, run_after=None
[2024-02-08T03:14:33.301+0100] {processor.py:183} INFO - Processing /home/ubuntu/.local/lib/python3.10/site-packages/airflow/example_dags/example_dag_decorator.py took 0.893 seconds
[2024-02-08T03:15:35.483+0100] {processor.py:161} INFO - Started process (PID=15008) to work on /home/ubuntu/.local/lib/python3.10/site-packages/airflow/example_dags/example_dag_decorator.py
[2024-02-08T03:15:35.488+0100] {processor.py:830} INFO - Processing file /home/ubuntu/.local/lib/python3.10/site-packages/airflow/example_dags/example_dag_decorator.py for tasks to queue
[2024-02-08T03:15:35.489+0100] {logging_mixin.py:188} INFO - [2024-02-08T03:15:35.489+0100] {dagbag.py:538} INFO - Filling up the DagBag from /home/ubuntu/.local/lib/python3.10/site-packages/airflow/example_dags/example_dag_decorator.py
[2024-02-08T03:15:35.856+0100] {processor.py:840} INFO - DAG(s) 'example_dag_decorator' retrieved from /home/ubuntu/.local/lib/python3.10/site-packages/airflow/example_dags/example_dag_decorator.py
[2024-02-08T03:15:36.323+0100] {logging_mixin.py:188} INFO - [2024-02-08T03:15:36.323+0100] {dag.py:3033} INFO - Sync 1 DAGs
[2024-02-08T03:15:36.340+0100] {logging_mixin.py:188} INFO - [2024-02-08T03:15:36.340+0100] {dag.py:3820} INFO - Setting next_dagrun for example_dag_decorator to None, run_after=None
[2024-02-08T03:15:36.389+0100] {processor.py:183} INFO - Processing /home/ubuntu/.local/lib/python3.10/site-packages/airflow/example_dags/example_dag_decorator.py took 0.912 seconds
[2024-02-08T03:16:34.938+0100] {processor.py:161} INFO - Started process (PID=15064) to work on /home/ubuntu/.local/lib/python3.10/site-packages/airflow/example_dags/example_dag_decorator.py
[2024-02-08T03:16:34.944+0100] {processor.py:830} INFO - Processing file /home/ubuntu/.local/lib/python3.10/site-packages/airflow/example_dags/example_dag_decorator.py for tasks to queue
[2024-02-08T03:16:34.946+0100] {logging_mixin.py:188} INFO - [2024-02-08T03:16:34.945+0100] {dagbag.py:538} INFO - Filling up the DagBag from /home/ubuntu/.local/lib/python3.10/site-packages/airflow/example_dags/example_dag_decorator.py
[2024-02-08T03:16:35.273+0100] {processor.py:840} INFO - DAG(s) 'example_dag_decorator' retrieved from /home/ubuntu/.local/lib/python3.10/site-packages/airflow/example_dags/example_dag_decorator.py
[2024-02-08T03:16:35.715+0100] {logging_mixin.py:188} INFO - [2024-02-08T03:16:35.715+0100] {dag.py:3033} INFO - Sync 1 DAGs
[2024-02-08T03:16:35.727+0100] {logging_mixin.py:188} INFO - [2024-02-08T03:16:35.726+0100] {dag.py:3820} INFO - Setting next_dagrun for example_dag_decorator to None, run_after=None
[2024-02-08T03:16:35.786+0100] {processor.py:183} INFO - Processing /home/ubuntu/.local/lib/python3.10/site-packages/airflow/example_dags/example_dag_decorator.py took 0.858 seconds
[2024-02-08T03:17:32.645+0100] {processor.py:161} INFO - Started process (PID=15122) to work on /home/ubuntu/.local/lib/python3.10/site-packages/airflow/example_dags/example_dag_decorator.py
[2024-02-08T03:17:32.652+0100] {processor.py:830} INFO - Processing file /home/ubuntu/.local/lib/python3.10/site-packages/airflow/example_dags/example_dag_decorator.py for tasks to queue
[2024-02-08T03:17:32.654+0100] {logging_mixin.py:188} INFO - [2024-02-08T03:17:32.653+0100] {dagbag.py:538} INFO - Filling up the DagBag from /home/ubuntu/.local/lib/python3.10/site-packages/airflow/example_dags/example_dag_decorator.py
[2024-02-08T03:17:32.964+0100] {processor.py:840} INFO - DAG(s) 'example_dag_decorator' retrieved from /home/ubuntu/.local/lib/python3.10/site-packages/airflow/example_dags/example_dag_decorator.py
[2024-02-08T03:17:33.357+0100] {logging_mixin.py:188} INFO - [2024-02-08T03:17:33.357+0100] {dag.py:3033} INFO - Sync 1 DAGs
[2024-02-08T03:17:33.371+0100] {logging_mixin.py:188} INFO - [2024-02-08T03:17:33.370+0100] {dag.py:3820} INFO - Setting next_dagrun for example_dag_decorator to None, run_after=None
[2024-02-08T03:17:33.643+0100] {processor.py:183} INFO - Processing /home/ubuntu/.local/lib/python3.10/site-packages/airflow/example_dags/example_dag_decorator.py took 1.004 seconds
[2024-02-08T03:18:32.646+0100] {processor.py:161} INFO - Started process (PID=15177) to work on /home/ubuntu/.local/lib/python3.10/site-packages/airflow/example_dags/example_dag_decorator.py
[2024-02-08T03:18:32.652+0100] {processor.py:830} INFO - Processing file /home/ubuntu/.local/lib/python3.10/site-packages/airflow/example_dags/example_dag_decorator.py for tasks to queue
[2024-02-08T03:18:32.654+0100] {logging_mixin.py:188} INFO - [2024-02-08T03:18:32.653+0100] {dagbag.py:538} INFO - Filling up the DagBag from /home/ubuntu/.local/lib/python3.10/site-packages/airflow/example_dags/example_dag_decorator.py
[2024-02-08T03:18:32.965+0100] {processor.py:840} INFO - DAG(s) 'example_dag_decorator' retrieved from /home/ubuntu/.local/lib/python3.10/site-packages/airflow/example_dags/example_dag_decorator.py
[2024-02-08T03:18:33.373+0100] {logging_mixin.py:188} INFO - [2024-02-08T03:18:33.372+0100] {dag.py:3033} INFO - Sync 1 DAGs
[2024-02-08T03:18:33.388+0100] {logging_mixin.py:188} INFO - [2024-02-08T03:18:33.388+0100] {dag.py:3820} INFO - Setting next_dagrun for example_dag_decorator to None, run_after=None
[2024-02-08T03:18:33.441+0100] {processor.py:183} INFO - Processing /home/ubuntu/.local/lib/python3.10/site-packages/airflow/example_dags/example_dag_decorator.py took 0.801 seconds
[2024-02-08T03:19:37.889+0100] {processor.py:161} INFO - Started process (PID=15294) to work on /home/ubuntu/.local/lib/python3.10/site-packages/airflow/example_dags/example_dag_decorator.py
[2024-02-08T03:19:37.893+0100] {processor.py:830} INFO - Processing file /home/ubuntu/.local/lib/python3.10/site-packages/airflow/example_dags/example_dag_decorator.py for tasks to queue
[2024-02-08T03:19:37.895+0100] {logging_mixin.py:188} INFO - [2024-02-08T03:19:37.895+0100] {dagbag.py:538} INFO - Filling up the DagBag from /home/ubuntu/.local/lib/python3.10/site-packages/airflow/example_dags/example_dag_decorator.py
[2024-02-08T03:19:38.607+0100] {processor.py:840} INFO - DAG(s) 'example_dag_decorator' retrieved from /home/ubuntu/.local/lib/python3.10/site-packages/airflow/example_dags/example_dag_decorator.py
[2024-02-08T03:19:39.224+0100] {logging_mixin.py:188} INFO - [2024-02-08T03:19:39.223+0100] {dag.py:3033} INFO - Sync 1 DAGs
[2024-02-08T03:19:39.239+0100] {logging_mixin.py:188} INFO - [2024-02-08T03:19:39.239+0100] {dag.py:3820} INFO - Setting next_dagrun for example_dag_decorator to None, run_after=None
[2024-02-08T03:19:39.275+0100] {processor.py:183} INFO - Processing /home/ubuntu/.local/lib/python3.10/site-packages/airflow/example_dags/example_dag_decorator.py took 1.391 seconds
[2024-02-08T03:20:50.388+0100] {processor.py:161} INFO - Started process (PID=15360) to work on /home/ubuntu/.local/lib/python3.10/site-packages/airflow/example_dags/example_dag_decorator.py
[2024-02-08T03:20:50.394+0100] {processor.py:830} INFO - Processing file /home/ubuntu/.local/lib/python3.10/site-packages/airflow/example_dags/example_dag_decorator.py for tasks to queue
[2024-02-08T03:20:50.396+0100] {logging_mixin.py:188} INFO - [2024-02-08T03:20:50.395+0100] {dagbag.py:538} INFO - Filling up the DagBag from /home/ubuntu/.local/lib/python3.10/site-packages/airflow/example_dags/example_dag_decorator.py
[2024-02-08T03:20:50.709+0100] {processor.py:840} INFO - DAG(s) 'example_dag_decorator' retrieved from /home/ubuntu/.local/lib/python3.10/site-packages/airflow/example_dags/example_dag_decorator.py
[2024-02-08T03:20:51.480+0100] {logging_mixin.py:188} INFO - [2024-02-08T03:20:51.480+0100] {dag.py:3033} INFO - Sync 1 DAGs
[2024-02-08T03:20:51.501+0100] {logging_mixin.py:188} INFO - [2024-02-08T03:20:51.501+0100] {dag.py:3820} INFO - Setting next_dagrun for example_dag_decorator to None, run_after=None
[2024-02-08T03:20:51.820+0100] {processor.py:183} INFO - Processing /home/ubuntu/.local/lib/python3.10/site-packages/airflow/example_dags/example_dag_decorator.py took 1.437 seconds
[2024-02-08T03:21:57.769+0100] {processor.py:161} INFO - Started process (PID=15420) to work on /home/ubuntu/.local/lib/python3.10/site-packages/airflow/example_dags/example_dag_decorator.py
[2024-02-08T03:21:57.772+0100] {processor.py:830} INFO - Processing file /home/ubuntu/.local/lib/python3.10/site-packages/airflow/example_dags/example_dag_decorator.py for tasks to queue
[2024-02-08T03:21:57.773+0100] {logging_mixin.py:188} INFO - [2024-02-08T03:21:57.773+0100] {dagbag.py:538} INFO - Filling up the DagBag from /home/ubuntu/.local/lib/python3.10/site-packages/airflow/example_dags/example_dag_decorator.py
[2024-02-08T03:21:58.133+0100] {processor.py:840} INFO - DAG(s) 'example_dag_decorator' retrieved from /home/ubuntu/.local/lib/python3.10/site-packages/airflow/example_dags/example_dag_decorator.py
[2024-02-08T03:21:58.549+0100] {logging_mixin.py:188} INFO - [2024-02-08T03:21:58.549+0100] {dag.py:3033} INFO - Sync 1 DAGs
[2024-02-08T03:21:58.561+0100] {logging_mixin.py:188} INFO - [2024-02-08T03:21:58.560+0100] {dag.py:3820} INFO - Setting next_dagrun for example_dag_decorator to None, run_after=None
[2024-02-08T03:21:58.647+0100] {processor.py:183} INFO - Processing /home/ubuntu/.local/lib/python3.10/site-packages/airflow/example_dags/example_dag_decorator.py took 0.884 seconds
[2024-02-08T03:23:00.559+0100] {processor.py:161} INFO - Started process (PID=15476) to work on /home/ubuntu/.local/lib/python3.10/site-packages/airflow/example_dags/example_dag_decorator.py
[2024-02-08T03:23:00.572+0100] {processor.py:830} INFO - Processing file /home/ubuntu/.local/lib/python3.10/site-packages/airflow/example_dags/example_dag_decorator.py for tasks to queue
[2024-02-08T03:23:00.574+0100] {logging_mixin.py:188} INFO - [2024-02-08T03:23:00.573+0100] {dagbag.py:538} INFO - Filling up the DagBag from /home/ubuntu/.local/lib/python3.10/site-packages/airflow/example_dags/example_dag_decorator.py
[2024-02-08T03:23:01.004+0100] {processor.py:840} INFO - DAG(s) 'example_dag_decorator' retrieved from /home/ubuntu/.local/lib/python3.10/site-packages/airflow/example_dags/example_dag_decorator.py
[2024-02-08T03:23:01.389+0100] {logging_mixin.py:188} INFO - [2024-02-08T03:23:01.388+0100] {dag.py:3033} INFO - Sync 1 DAGs
[2024-02-08T03:23:02.011+0100] {logging_mixin.py:188} INFO - [2024-02-08T03:23:02.011+0100] {dag.py:3820} INFO - Setting next_dagrun for example_dag_decorator to None, run_after=None
[2024-02-08T03:23:02.049+0100] {processor.py:183} INFO - Processing /home/ubuntu/.local/lib/python3.10/site-packages/airflow/example_dags/example_dag_decorator.py took 1.495 seconds
[2024-02-08T03:24:25.429+0100] {processor.py:161} INFO - Started process (PID=15588) to work on /home/ubuntu/.local/lib/python3.10/site-packages/airflow/example_dags/example_dag_decorator.py
[2024-02-08T03:24:25.433+0100] {processor.py:830} INFO - Processing file /home/ubuntu/.local/lib/python3.10/site-packages/airflow/example_dags/example_dag_decorator.py for tasks to queue
[2024-02-08T03:24:25.434+0100] {logging_mixin.py:188} INFO - [2024-02-08T03:24:25.433+0100] {dagbag.py:538} INFO - Filling up the DagBag from /home/ubuntu/.local/lib/python3.10/site-packages/airflow/example_dags/example_dag_decorator.py
[2024-02-08T03:24:25.885+0100] {processor.py:840} INFO - DAG(s) 'example_dag_decorator' retrieved from /home/ubuntu/.local/lib/python3.10/site-packages/airflow/example_dags/example_dag_decorator.py
[2024-02-08T03:24:26.347+0100] {logging_mixin.py:188} INFO - [2024-02-08T03:24:26.346+0100] {dag.py:3033} INFO - Sync 1 DAGs
[2024-02-08T03:24:26.365+0100] {logging_mixin.py:188} INFO - [2024-02-08T03:24:26.365+0100] {dag.py:3820} INFO - Setting next_dagrun for example_dag_decorator to None, run_after=None
[2024-02-08T03:24:26.408+0100] {processor.py:183} INFO - Processing /home/ubuntu/.local/lib/python3.10/site-packages/airflow/example_dags/example_dag_decorator.py took 0.986 seconds
