[2024-02-08T02:46:13.592+0100] {processor.py:161} INFO - Started process (PID=12315) to work on /home/ubuntu/.local/lib/python3.10/site-packages/airflow/example_dags/example_task_group.py
[2024-02-08T02:46:13.594+0100] {processor.py:830} INFO - Processing file /home/ubuntu/.local/lib/python3.10/site-packages/airflow/example_dags/example_task_group.py for tasks to queue
[2024-02-08T02:46:13.595+0100] {logging_mixin.py:188} INFO - [2024-02-08T02:46:13.594+0100] {dagbag.py:538} INFO - Filling up the DagBag from /home/ubuntu/.local/lib/python3.10/site-packages/airflow/example_dags/example_task_group.py
[2024-02-08T02:46:13.635+0100] {processor.py:840} INFO - DAG(s) 'example_task_group' retrieved from /home/ubuntu/.local/lib/python3.10/site-packages/airflow/example_dags/example_task_group.py
[2024-02-08T02:46:13.657+0100] {logging_mixin.py:188} INFO - [2024-02-08T02:46:13.656+0100] {dag.py:3033} INFO - Sync 1 DAGs
[2024-02-08T02:46:13.733+0100] {logging_mixin.py:188} INFO - [2024-02-08T02:46:13.733+0100] {dag.py:3820} INFO - Setting next_dagrun for example_task_group to 2024-02-07T00:00:00+00:00, run_after=2024-02-08T00:00:00+00:00
[2024-02-08T02:46:13.881+0100] {processor.py:183} INFO - Processing /home/ubuntu/.local/lib/python3.10/site-packages/airflow/example_dags/example_task_group.py took 0.296 seconds
[2024-02-08T02:47:58.356+0100] {processor.py:161} INFO - Started process (PID=12459) to work on /home/ubuntu/.local/lib/python3.10/site-packages/airflow/example_dags/example_task_group.py
[2024-02-08T02:47:58.359+0100] {processor.py:830} INFO - Processing file /home/ubuntu/.local/lib/python3.10/site-packages/airflow/example_dags/example_task_group.py for tasks to queue
[2024-02-08T02:47:58.360+0100] {logging_mixin.py:188} INFO - [2024-02-08T02:47:58.360+0100] {dagbag.py:538} INFO - Filling up the DagBag from /home/ubuntu/.local/lib/python3.10/site-packages/airflow/example_dags/example_task_group.py
[2024-02-08T02:47:58.375+0100] {processor.py:840} INFO - DAG(s) 'example_task_group' retrieved from /home/ubuntu/.local/lib/python3.10/site-packages/airflow/example_dags/example_task_group.py
[2024-02-08T02:47:58.543+0100] {logging_mixin.py:188} INFO - [2024-02-08T02:47:58.543+0100] {dag.py:3033} INFO - Sync 1 DAGs
[2024-02-08T02:47:58.567+0100] {logging_mixin.py:188} INFO - [2024-02-08T02:47:58.567+0100] {dag.py:3820} INFO - Setting next_dagrun for example_task_group to 2024-02-07T00:00:00+00:00, run_after=2024-02-08T00:00:00+00:00
[2024-02-08T02:47:58.613+0100] {processor.py:183} INFO - Processing /home/ubuntu/.local/lib/python3.10/site-packages/airflow/example_dags/example_task_group.py took 0.261 seconds
[2024-02-08T02:48:56.367+0100] {processor.py:161} INFO - Started process (PID=13051) to work on /home/ubuntu/.local/lib/python3.10/site-packages/airflow/example_dags/example_task_group.py
[2024-02-08T02:48:56.620+0100] {processor.py:830} INFO - Processing file /home/ubuntu/.local/lib/python3.10/site-packages/airflow/example_dags/example_task_group.py for tasks to queue
[2024-02-08T02:48:56.621+0100] {logging_mixin.py:188} INFO - [2024-02-08T02:48:56.621+0100] {dagbag.py:538} INFO - Filling up the DagBag from /home/ubuntu/.local/lib/python3.10/site-packages/airflow/example_dags/example_task_group.py
[2024-02-08T02:48:56.635+0100] {processor.py:840} INFO - DAG(s) 'example_task_group' retrieved from /home/ubuntu/.local/lib/python3.10/site-packages/airflow/example_dags/example_task_group.py
[2024-02-08T02:48:57.100+0100] {logging_mixin.py:188} INFO - [2024-02-08T02:48:57.100+0100] {dag.py:3033} INFO - Sync 1 DAGs
[2024-02-08T02:48:57.143+0100] {logging_mixin.py:188} INFO - [2024-02-08T02:48:57.143+0100] {dag.py:3820} INFO - Setting next_dagrun for example_task_group to 2024-02-07T00:00:00+00:00, run_after=2024-02-08T00:00:00+00:00
[2024-02-08T02:48:57.673+0100] {processor.py:183} INFO - Processing /home/ubuntu/.local/lib/python3.10/site-packages/airflow/example_dags/example_task_group.py took 1.311 seconds
[2024-02-08T02:49:43.305+0100] {processor.py:161} INFO - Started process (PID=13118) to work on /home/ubuntu/.local/lib/python3.10/site-packages/airflow/example_dags/example_task_group.py
[2024-02-08T02:49:43.315+0100] {processor.py:830} INFO - Processing file /home/ubuntu/.local/lib/python3.10/site-packages/airflow/example_dags/example_task_group.py for tasks to queue
[2024-02-08T02:49:43.316+0100] {logging_mixin.py:188} INFO - [2024-02-08T02:49:43.315+0100] {dagbag.py:538} INFO - Filling up the DagBag from /home/ubuntu/.local/lib/python3.10/site-packages/airflow/example_dags/example_task_group.py
[2024-02-08T02:49:43.325+0100] {processor.py:840} INFO - DAG(s) 'example_task_group' retrieved from /home/ubuntu/.local/lib/python3.10/site-packages/airflow/example_dags/example_task_group.py
[2024-02-08T02:49:43.344+0100] {logging_mixin.py:188} INFO - [2024-02-08T02:49:43.343+0100] {dag.py:3033} INFO - Sync 1 DAGs
[2024-02-08T02:49:43.364+0100] {logging_mixin.py:188} INFO - [2024-02-08T02:49:43.363+0100] {dag.py:3820} INFO - Setting next_dagrun for example_task_group to 2024-02-07T00:00:00+00:00, run_after=2024-02-08T00:00:00+00:00
[2024-02-08T02:49:43.485+0100] {processor.py:183} INFO - Processing /home/ubuntu/.local/lib/python3.10/site-packages/airflow/example_dags/example_task_group.py took 0.184 seconds
[2024-02-08T02:50:44.760+0100] {processor.py:161} INFO - Started process (PID=13631) to work on /home/ubuntu/.local/lib/python3.10/site-packages/airflow/example_dags/example_task_group.py
[2024-02-08T02:50:44.763+0100] {processor.py:830} INFO - Processing file /home/ubuntu/.local/lib/python3.10/site-packages/airflow/example_dags/example_task_group.py for tasks to queue
[2024-02-08T02:50:44.764+0100] {logging_mixin.py:188} INFO - [2024-02-08T02:50:44.764+0100] {dagbag.py:538} INFO - Filling up the DagBag from /home/ubuntu/.local/lib/python3.10/site-packages/airflow/example_dags/example_task_group.py
[2024-02-08T02:50:44.780+0100] {processor.py:840} INFO - DAG(s) 'example_task_group' retrieved from /home/ubuntu/.local/lib/python3.10/site-packages/airflow/example_dags/example_task_group.py
[2024-02-08T02:50:44.817+0100] {logging_mixin.py:188} INFO - [2024-02-08T02:50:44.817+0100] {dag.py:3033} INFO - Sync 1 DAGs
[2024-02-08T02:50:44.850+0100] {logging_mixin.py:188} INFO - [2024-02-08T02:50:44.849+0100] {dag.py:3820} INFO - Setting next_dagrun for example_task_group to 2024-02-07T00:00:00+00:00, run_after=2024-02-08T00:00:00+00:00
[2024-02-08T02:50:44.897+0100] {processor.py:183} INFO - Processing /home/ubuntu/.local/lib/python3.10/site-packages/airflow/example_dags/example_task_group.py took 0.144 seconds
[2024-02-08T02:51:25.505+0100] {processor.py:161} INFO - Started process (PID=13674) to work on /home/ubuntu/.local/lib/python3.10/site-packages/airflow/example_dags/example_task_group.py
[2024-02-08T02:51:25.509+0100] {processor.py:830} INFO - Processing file /home/ubuntu/.local/lib/python3.10/site-packages/airflow/example_dags/example_task_group.py for tasks to queue
[2024-02-08T02:51:25.510+0100] {logging_mixin.py:188} INFO - [2024-02-08T02:51:25.509+0100] {dagbag.py:538} INFO - Filling up the DagBag from /home/ubuntu/.local/lib/python3.10/site-packages/airflow/example_dags/example_task_group.py
[2024-02-08T02:51:25.523+0100] {processor.py:840} INFO - DAG(s) 'example_task_group' retrieved from /home/ubuntu/.local/lib/python3.10/site-packages/airflow/example_dags/example_task_group.py
[2024-02-08T02:51:25.566+0100] {logging_mixin.py:188} INFO - [2024-02-08T02:51:25.563+0100] {dag.py:3033} INFO - Sync 1 DAGs
[2024-02-08T02:51:25.633+0100] {logging_mixin.py:188} INFO - [2024-02-08T02:51:25.633+0100] {dag.py:3820} INFO - Setting next_dagrun for example_task_group to 2024-02-07T00:00:00+00:00, run_after=2024-02-08T00:00:00+00:00
[2024-02-08T02:51:25.752+0100] {processor.py:183} INFO - Processing /home/ubuntu/.local/lib/python3.10/site-packages/airflow/example_dags/example_task_group.py took 0.255 seconds
[2024-02-08T02:52:26.046+0100] {processor.py:161} INFO - Started process (PID=13732) to work on /home/ubuntu/.local/lib/python3.10/site-packages/airflow/example_dags/example_task_group.py
[2024-02-08T02:52:26.049+0100] {processor.py:830} INFO - Processing file /home/ubuntu/.local/lib/python3.10/site-packages/airflow/example_dags/example_task_group.py for tasks to queue
[2024-02-08T02:52:26.051+0100] {logging_mixin.py:188} INFO - [2024-02-08T02:52:26.050+0100] {dagbag.py:538} INFO - Filling up the DagBag from /home/ubuntu/.local/lib/python3.10/site-packages/airflow/example_dags/example_task_group.py
[2024-02-08T02:52:26.067+0100] {processor.py:840} INFO - DAG(s) 'example_task_group' retrieved from /home/ubuntu/.local/lib/python3.10/site-packages/airflow/example_dags/example_task_group.py
[2024-02-08T02:52:26.096+0100] {logging_mixin.py:188} INFO - [2024-02-08T02:52:26.096+0100] {dag.py:3033} INFO - Sync 1 DAGs
[2024-02-08T02:52:26.124+0100] {logging_mixin.py:188} INFO - [2024-02-08T02:52:26.123+0100] {dag.py:3820} INFO - Setting next_dagrun for example_task_group to 2024-02-07T00:00:00+00:00, run_after=2024-02-08T00:00:00+00:00
[2024-02-08T02:52:26.167+0100] {processor.py:183} INFO - Processing /home/ubuntu/.local/lib/python3.10/site-packages/airflow/example_dags/example_task_group.py took 0.125 seconds
[2024-02-08T02:53:03.767+0100] {processor.py:161} INFO - Started process (PID=13792) to work on /home/ubuntu/.local/lib/python3.10/site-packages/airflow/example_dags/example_task_group.py
[2024-02-08T02:53:03.779+0100] {processor.py:830} INFO - Processing file /home/ubuntu/.local/lib/python3.10/site-packages/airflow/example_dags/example_task_group.py for tasks to queue
[2024-02-08T02:53:03.820+0100] {logging_mixin.py:188} INFO - [2024-02-08T02:53:03.790+0100] {dagbag.py:538} INFO - Filling up the DagBag from /home/ubuntu/.local/lib/python3.10/site-packages/airflow/example_dags/example_task_group.py
[2024-02-08T02:53:04.045+0100] {processor.py:840} INFO - DAG(s) 'example_task_group' retrieved from /home/ubuntu/.local/lib/python3.10/site-packages/airflow/example_dags/example_task_group.py
[2024-02-08T02:53:04.610+0100] {logging_mixin.py:188} INFO - [2024-02-08T02:53:04.610+0100] {dag.py:3033} INFO - Sync 1 DAGs
[2024-02-08T02:53:04.831+0100] {logging_mixin.py:188} INFO - [2024-02-08T02:53:04.831+0100] {dag.py:3820} INFO - Setting next_dagrun for example_task_group to 2024-02-07T00:00:00+00:00, run_after=2024-02-08T00:00:00+00:00
[2024-02-08T02:53:04.927+0100] {processor.py:183} INFO - Processing /home/ubuntu/.local/lib/python3.10/site-packages/airflow/example_dags/example_task_group.py took 1.311 seconds
[2024-02-08T02:53:43.609+0100] {processor.py:161} INFO - Started process (PID=13831) to work on /home/ubuntu/.local/lib/python3.10/site-packages/airflow/example_dags/example_task_group.py
[2024-02-08T02:53:43.615+0100] {processor.py:830} INFO - Processing file /home/ubuntu/.local/lib/python3.10/site-packages/airflow/example_dags/example_task_group.py for tasks to queue
[2024-02-08T02:53:43.625+0100] {logging_mixin.py:188} INFO - [2024-02-08T02:53:43.621+0100] {dagbag.py:538} INFO - Filling up the DagBag from /home/ubuntu/.local/lib/python3.10/site-packages/airflow/example_dags/example_task_group.py
[2024-02-08T02:53:43.673+0100] {processor.py:840} INFO - DAG(s) 'example_task_group' retrieved from /home/ubuntu/.local/lib/python3.10/site-packages/airflow/example_dags/example_task_group.py
[2024-02-08T02:53:43.709+0100] {logging_mixin.py:188} INFO - [2024-02-08T02:53:43.708+0100] {dag.py:3033} INFO - Sync 1 DAGs
[2024-02-08T02:53:43.737+0100] {logging_mixin.py:188} INFO - [2024-02-08T02:53:43.737+0100] {dag.py:3820} INFO - Setting next_dagrun for example_task_group to 2024-02-07T00:00:00+00:00, run_after=2024-02-08T00:00:00+00:00
[2024-02-08T02:53:43.773+0100] {processor.py:183} INFO - Processing /home/ubuntu/.local/lib/python3.10/site-packages/airflow/example_dags/example_task_group.py took 0.172 seconds
[2024-02-08T02:56:15.255+0100] {processor.py:161} INFO - Started process (PID=13913) to work on /home/ubuntu/.local/lib/python3.10/site-packages/airflow/example_dags/example_task_group.py
[2024-02-08T02:56:15.262+0100] {processor.py:830} INFO - Processing file /home/ubuntu/.local/lib/python3.10/site-packages/airflow/example_dags/example_task_group.py for tasks to queue
[2024-02-08T02:56:15.265+0100] {logging_mixin.py:188} INFO - [2024-02-08T02:56:15.264+0100] {dagbag.py:538} INFO - Filling up the DagBag from /home/ubuntu/.local/lib/python3.10/site-packages/airflow/example_dags/example_task_group.py
[2024-02-08T02:56:15.330+0100] {processor.py:840} INFO - DAG(s) 'example_task_group' retrieved from /home/ubuntu/.local/lib/python3.10/site-packages/airflow/example_dags/example_task_group.py
[2024-02-08T02:56:15.377+0100] {logging_mixin.py:188} INFO - [2024-02-08T02:56:15.377+0100] {dag.py:3033} INFO - Sync 1 DAGs
[2024-02-08T02:56:15.441+0100] {logging_mixin.py:188} INFO - [2024-02-08T02:56:15.440+0100] {dag.py:3820} INFO - Setting next_dagrun for example_task_group to 2024-02-07T00:00:00+00:00, run_after=2024-02-08T00:00:00+00:00
[2024-02-08T02:56:15.554+0100] {processor.py:183} INFO - Processing /home/ubuntu/.local/lib/python3.10/site-packages/airflow/example_dags/example_task_group.py took 0.306 seconds
[2024-02-08T02:58:50.117+0100] {processor.py:161} INFO - Started process (PID=13994) to work on /home/ubuntu/.local/lib/python3.10/site-packages/airflow/example_dags/example_task_group.py
[2024-02-08T02:58:50.123+0100] {processor.py:830} INFO - Processing file /home/ubuntu/.local/lib/python3.10/site-packages/airflow/example_dags/example_task_group.py for tasks to queue
[2024-02-08T02:58:50.126+0100] {logging_mixin.py:188} INFO - [2024-02-08T02:58:50.125+0100] {dagbag.py:538} INFO - Filling up the DagBag from /home/ubuntu/.local/lib/python3.10/site-packages/airflow/example_dags/example_task_group.py
[2024-02-08T02:58:50.165+0100] {processor.py:840} INFO - DAG(s) 'example_task_group' retrieved from /home/ubuntu/.local/lib/python3.10/site-packages/airflow/example_dags/example_task_group.py
[2024-02-08T02:58:50.238+0100] {logging_mixin.py:188} INFO - [2024-02-08T02:58:50.238+0100] {dag.py:3033} INFO - Sync 1 DAGs
[2024-02-08T02:58:50.289+0100] {logging_mixin.py:188} INFO - [2024-02-08T02:58:50.289+0100] {dag.py:3820} INFO - Setting next_dagrun for example_task_group to 2024-02-07T00:00:00+00:00, run_after=2024-02-08T00:00:00+00:00
[2024-02-08T02:58:50.392+0100] {processor.py:183} INFO - Processing /home/ubuntu/.local/lib/python3.10/site-packages/airflow/example_dags/example_task_group.py took 0.303 seconds
[2024-02-08T03:01:00.813+0100] {processor.py:161} INFO - Started process (PID=14065) to work on /home/ubuntu/.local/lib/python3.10/site-packages/airflow/example_dags/example_task_group.py
[2024-02-08T03:01:00.832+0100] {processor.py:830} INFO - Processing file /home/ubuntu/.local/lib/python3.10/site-packages/airflow/example_dags/example_task_group.py for tasks to queue
[2024-02-08T03:01:00.834+0100] {logging_mixin.py:188} INFO - [2024-02-08T03:01:00.833+0100] {dagbag.py:538} INFO - Filling up the DagBag from /home/ubuntu/.local/lib/python3.10/site-packages/airflow/example_dags/example_task_group.py
[2024-02-08T03:01:00.846+0100] {processor.py:840} INFO - DAG(s) 'example_task_group' retrieved from /home/ubuntu/.local/lib/python3.10/site-packages/airflow/example_dags/example_task_group.py
[2024-02-08T03:01:00.887+0100] {logging_mixin.py:188} INFO - [2024-02-08T03:01:00.886+0100] {dag.py:3033} INFO - Sync 1 DAGs
[2024-02-08T03:01:00.919+0100] {logging_mixin.py:188} INFO - [2024-02-08T03:01:00.918+0100] {dag.py:3820} INFO - Setting next_dagrun for example_task_group to 2024-02-07T00:00:00+00:00, run_after=2024-02-08T00:00:00+00:00
[2024-02-08T03:01:00.991+0100] {processor.py:183} INFO - Processing /home/ubuntu/.local/lib/python3.10/site-packages/airflow/example_dags/example_task_group.py took 0.192 seconds
[2024-02-08T03:01:55.554+0100] {processor.py:161} INFO - Started process (PID=14153) to work on /home/ubuntu/.local/lib/python3.10/site-packages/airflow/example_dags/example_task_group.py
[2024-02-08T03:01:55.559+0100] {processor.py:830} INFO - Processing file /home/ubuntu/.local/lib/python3.10/site-packages/airflow/example_dags/example_task_group.py for tasks to queue
[2024-02-08T03:01:55.561+0100] {logging_mixin.py:188} INFO - [2024-02-08T03:01:55.560+0100] {dagbag.py:538} INFO - Filling up the DagBag from /home/ubuntu/.local/lib/python3.10/site-packages/airflow/example_dags/example_task_group.py
[2024-02-08T03:01:55.615+0100] {processor.py:840} INFO - DAG(s) 'example_task_group' retrieved from /home/ubuntu/.local/lib/python3.10/site-packages/airflow/example_dags/example_task_group.py
[2024-02-08T03:01:55.678+0100] {logging_mixin.py:188} INFO - [2024-02-08T03:01:55.675+0100] {dag.py:3033} INFO - Sync 1 DAGs
[2024-02-08T03:01:55.772+0100] {logging_mixin.py:188} INFO - [2024-02-08T03:01:55.772+0100] {dag.py:3820} INFO - Setting next_dagrun for example_task_group to 2024-02-07T00:00:00+00:00, run_after=2024-02-08T00:00:00+00:00
[2024-02-08T03:01:55.897+0100] {processor.py:183} INFO - Processing /home/ubuntu/.local/lib/python3.10/site-packages/airflow/example_dags/example_task_group.py took 0.347 seconds
[2024-02-08T03:03:06.465+0100] {processor.py:161} INFO - Started process (PID=14225) to work on /home/ubuntu/.local/lib/python3.10/site-packages/airflow/example_dags/example_task_group.py
[2024-02-08T03:03:06.470+0100] {processor.py:830} INFO - Processing file /home/ubuntu/.local/lib/python3.10/site-packages/airflow/example_dags/example_task_group.py for tasks to queue
[2024-02-08T03:03:06.472+0100] {logging_mixin.py:188} INFO - [2024-02-08T03:03:06.471+0100] {dagbag.py:538} INFO - Filling up the DagBag from /home/ubuntu/.local/lib/python3.10/site-packages/airflow/example_dags/example_task_group.py
[2024-02-08T03:03:06.487+0100] {processor.py:840} INFO - DAG(s) 'example_task_group' retrieved from /home/ubuntu/.local/lib/python3.10/site-packages/airflow/example_dags/example_task_group.py
[2024-02-08T03:03:06.510+0100] {logging_mixin.py:188} INFO - [2024-02-08T03:03:06.510+0100] {dag.py:3033} INFO - Sync 1 DAGs
[2024-02-08T03:03:06.545+0100] {logging_mixin.py:188} INFO - [2024-02-08T03:03:06.544+0100] {dag.py:3820} INFO - Setting next_dagrun for example_task_group to 2024-02-07T00:00:00+00:00, run_after=2024-02-08T00:00:00+00:00
[2024-02-08T03:03:06.584+0100] {processor.py:183} INFO - Processing /home/ubuntu/.local/lib/python3.10/site-packages/airflow/example_dags/example_task_group.py took 0.124 seconds
[2024-02-08T03:03:56.810+0100] {processor.py:161} INFO - Started process (PID=14278) to work on /home/ubuntu/.local/lib/python3.10/site-packages/airflow/example_dags/example_task_group.py
[2024-02-08T03:03:56.814+0100] {processor.py:830} INFO - Processing file /home/ubuntu/.local/lib/python3.10/site-packages/airflow/example_dags/example_task_group.py for tasks to queue
[2024-02-08T03:03:56.816+0100] {logging_mixin.py:188} INFO - [2024-02-08T03:03:56.815+0100] {dagbag.py:538} INFO - Filling up the DagBag from /home/ubuntu/.local/lib/python3.10/site-packages/airflow/example_dags/example_task_group.py
[2024-02-08T03:03:56.836+0100] {processor.py:840} INFO - DAG(s) 'example_task_group' retrieved from /home/ubuntu/.local/lib/python3.10/site-packages/airflow/example_dags/example_task_group.py
[2024-02-08T03:03:56.868+0100] {logging_mixin.py:188} INFO - [2024-02-08T03:03:56.867+0100] {dag.py:3033} INFO - Sync 1 DAGs
[2024-02-08T03:03:56.906+0100] {logging_mixin.py:188} INFO - [2024-02-08T03:03:56.905+0100] {dag.py:3820} INFO - Setting next_dagrun for example_task_group to 2024-02-07T00:00:00+00:00, run_after=2024-02-08T00:00:00+00:00
[2024-02-08T03:03:56.954+0100] {processor.py:183} INFO - Processing /home/ubuntu/.local/lib/python3.10/site-packages/airflow/example_dags/example_task_group.py took 0.152 seconds
[2024-02-08T03:05:28.583+0100] {processor.py:161} INFO - Started process (PID=14345) to work on /home/ubuntu/.local/lib/python3.10/site-packages/airflow/example_dags/example_task_group.py
[2024-02-08T03:05:28.586+0100] {processor.py:830} INFO - Processing file /home/ubuntu/.local/lib/python3.10/site-packages/airflow/example_dags/example_task_group.py for tasks to queue
[2024-02-08T03:05:28.589+0100] {logging_mixin.py:188} INFO - [2024-02-08T03:05:28.588+0100] {dagbag.py:538} INFO - Filling up the DagBag from /home/ubuntu/.local/lib/python3.10/site-packages/airflow/example_dags/example_task_group.py
[2024-02-08T03:05:28.603+0100] {processor.py:840} INFO - DAG(s) 'example_task_group' retrieved from /home/ubuntu/.local/lib/python3.10/site-packages/airflow/example_dags/example_task_group.py
[2024-02-08T03:05:28.627+0100] {logging_mixin.py:188} INFO - [2024-02-08T03:05:28.627+0100] {dag.py:3033} INFO - Sync 1 DAGs
[2024-02-08T03:05:28.655+0100] {logging_mixin.py:188} INFO - [2024-02-08T03:05:28.655+0100] {dag.py:3820} INFO - Setting next_dagrun for example_task_group to 2024-02-07T00:00:00+00:00, run_after=2024-02-08T00:00:00+00:00
[2024-02-08T03:05:28.694+0100] {processor.py:183} INFO - Processing /home/ubuntu/.local/lib/python3.10/site-packages/airflow/example_dags/example_task_group.py took 0.116 seconds
[2024-02-08T03:06:15.212+0100] {processor.py:161} INFO - Started process (PID=14387) to work on /home/ubuntu/.local/lib/python3.10/site-packages/airflow/example_dags/example_task_group.py
[2024-02-08T03:06:15.216+0100] {processor.py:830} INFO - Processing file /home/ubuntu/.local/lib/python3.10/site-packages/airflow/example_dags/example_task_group.py for tasks to queue
[2024-02-08T03:06:15.218+0100] {logging_mixin.py:188} INFO - [2024-02-08T03:06:15.217+0100] {dagbag.py:538} INFO - Filling up the DagBag from /home/ubuntu/.local/lib/python3.10/site-packages/airflow/example_dags/example_task_group.py
[2024-02-08T03:06:15.231+0100] {processor.py:840} INFO - DAG(s) 'example_task_group' retrieved from /home/ubuntu/.local/lib/python3.10/site-packages/airflow/example_dags/example_task_group.py
[2024-02-08T03:06:15.257+0100] {logging_mixin.py:188} INFO - [2024-02-08T03:06:15.257+0100] {dag.py:3033} INFO - Sync 1 DAGs
[2024-02-08T03:06:15.285+0100] {logging_mixin.py:188} INFO - [2024-02-08T03:06:15.285+0100] {dag.py:3820} INFO - Setting next_dagrun for example_task_group to 2024-02-07T00:00:00+00:00, run_after=2024-02-08T00:00:00+00:00
[2024-02-08T03:06:15.330+0100] {processor.py:183} INFO - Processing /home/ubuntu/.local/lib/python3.10/site-packages/airflow/example_dags/example_task_group.py took 0.123 seconds
[2024-02-08T03:07:17.122+0100] {processor.py:161} INFO - Started process (PID=14449) to work on /home/ubuntu/.local/lib/python3.10/site-packages/airflow/example_dags/example_task_group.py
[2024-02-08T03:07:17.128+0100] {processor.py:830} INFO - Processing file /home/ubuntu/.local/lib/python3.10/site-packages/airflow/example_dags/example_task_group.py for tasks to queue
[2024-02-08T03:07:17.131+0100] {logging_mixin.py:188} INFO - [2024-02-08T03:07:17.129+0100] {dagbag.py:538} INFO - Filling up the DagBag from /home/ubuntu/.local/lib/python3.10/site-packages/airflow/example_dags/example_task_group.py
[2024-02-08T03:07:17.148+0100] {processor.py:840} INFO - DAG(s) 'example_task_group' retrieved from /home/ubuntu/.local/lib/python3.10/site-packages/airflow/example_dags/example_task_group.py
[2024-02-08T03:07:17.173+0100] {logging_mixin.py:188} INFO - [2024-02-08T03:07:17.173+0100] {dag.py:3033} INFO - Sync 1 DAGs
[2024-02-08T03:07:17.206+0100] {logging_mixin.py:188} INFO - [2024-02-08T03:07:17.206+0100] {dag.py:3820} INFO - Setting next_dagrun for example_task_group to 2024-02-07T00:00:00+00:00, run_after=2024-02-08T00:00:00+00:00
[2024-02-08T03:07:17.250+0100] {processor.py:183} INFO - Processing /home/ubuntu/.local/lib/python3.10/site-packages/airflow/example_dags/example_task_group.py took 0.135 seconds
[2024-02-08T03:07:53.918+0100] {processor.py:161} INFO - Started process (PID=14557) to work on /home/ubuntu/.local/lib/python3.10/site-packages/airflow/example_dags/example_task_group.py
[2024-02-08T03:07:53.923+0100] {processor.py:830} INFO - Processing file /home/ubuntu/.local/lib/python3.10/site-packages/airflow/example_dags/example_task_group.py for tasks to queue
[2024-02-08T03:07:53.924+0100] {logging_mixin.py:188} INFO - [2024-02-08T03:07:53.924+0100] {dagbag.py:538} INFO - Filling up the DagBag from /home/ubuntu/.local/lib/python3.10/site-packages/airflow/example_dags/example_task_group.py
[2024-02-08T03:07:53.940+0100] {processor.py:840} INFO - DAG(s) 'example_task_group' retrieved from /home/ubuntu/.local/lib/python3.10/site-packages/airflow/example_dags/example_task_group.py
[2024-02-08T03:07:53.966+0100] {logging_mixin.py:188} INFO - [2024-02-08T03:07:53.966+0100] {dag.py:3033} INFO - Sync 1 DAGs
[2024-02-08T03:07:53.993+0100] {logging_mixin.py:188} INFO - [2024-02-08T03:07:53.993+0100] {dag.py:3820} INFO - Setting next_dagrun for example_task_group to 2024-02-07T00:00:00+00:00, run_after=2024-02-08T00:00:00+00:00
[2024-02-08T03:07:54.037+0100] {processor.py:183} INFO - Processing /home/ubuntu/.local/lib/python3.10/site-packages/airflow/example_dags/example_task_group.py took 0.125 seconds
[2024-02-08T03:08:33.421+0100] {processor.py:161} INFO - Started process (PID=14596) to work on /home/ubuntu/.local/lib/python3.10/site-packages/airflow/example_dags/example_task_group.py
[2024-02-08T03:08:33.428+0100] {processor.py:830} INFO - Processing file /home/ubuntu/.local/lib/python3.10/site-packages/airflow/example_dags/example_task_group.py for tasks to queue
[2024-02-08T03:08:33.429+0100] {logging_mixin.py:188} INFO - [2024-02-08T03:08:33.429+0100] {dagbag.py:538} INFO - Filling up the DagBag from /home/ubuntu/.local/lib/python3.10/site-packages/airflow/example_dags/example_task_group.py
[2024-02-08T03:08:33.443+0100] {processor.py:840} INFO - DAG(s) 'example_task_group' retrieved from /home/ubuntu/.local/lib/python3.10/site-packages/airflow/example_dags/example_task_group.py
[2024-02-08T03:08:33.464+0100] {logging_mixin.py:188} INFO - [2024-02-08T03:08:33.463+0100] {dag.py:3033} INFO - Sync 1 DAGs
[2024-02-08T03:08:33.486+0100] {logging_mixin.py:188} INFO - [2024-02-08T03:08:33.486+0100] {dag.py:3820} INFO - Setting next_dagrun for example_task_group to 2024-02-07T00:00:00+00:00, run_after=2024-02-08T00:00:00+00:00
[2024-02-08T03:08:33.525+0100] {processor.py:183} INFO - Processing /home/ubuntu/.local/lib/python3.10/site-packages/airflow/example_dags/example_task_group.py took 0.108 seconds
[2024-02-08T03:09:35.557+0100] {processor.py:161} INFO - Started process (PID=14658) to work on /home/ubuntu/.local/lib/python3.10/site-packages/airflow/example_dags/example_task_group.py
[2024-02-08T03:09:35.568+0100] {processor.py:830} INFO - Processing file /home/ubuntu/.local/lib/python3.10/site-packages/airflow/example_dags/example_task_group.py for tasks to queue
[2024-02-08T03:09:35.571+0100] {logging_mixin.py:188} INFO - [2024-02-08T03:09:35.570+0100] {dagbag.py:538} INFO - Filling up the DagBag from /home/ubuntu/.local/lib/python3.10/site-packages/airflow/example_dags/example_task_group.py
[2024-02-08T03:09:35.600+0100] {processor.py:840} INFO - DAG(s) 'example_task_group' retrieved from /home/ubuntu/.local/lib/python3.10/site-packages/airflow/example_dags/example_task_group.py
[2024-02-08T03:09:35.632+0100] {logging_mixin.py:188} INFO - [2024-02-08T03:09:35.632+0100] {dag.py:3033} INFO - Sync 1 DAGs
[2024-02-08T03:09:35.665+0100] {logging_mixin.py:188} INFO - [2024-02-08T03:09:35.665+0100] {dag.py:3820} INFO - Setting next_dagrun for example_task_group to 2024-02-07T00:00:00+00:00, run_after=2024-02-08T00:00:00+00:00
[2024-02-08T03:09:35.713+0100] {processor.py:183} INFO - Processing /home/ubuntu/.local/lib/python3.10/site-packages/airflow/example_dags/example_task_group.py took 0.166 seconds
[2024-02-08T03:10:42.738+0100] {processor.py:161} INFO - Started process (PID=14718) to work on /home/ubuntu/.local/lib/python3.10/site-packages/airflow/example_dags/example_task_group.py
[2024-02-08T03:10:42.744+0100] {processor.py:830} INFO - Processing file /home/ubuntu/.local/lib/python3.10/site-packages/airflow/example_dags/example_task_group.py for tasks to queue
[2024-02-08T03:10:42.749+0100] {logging_mixin.py:188} INFO - [2024-02-08T03:10:42.748+0100] {dagbag.py:538} INFO - Filling up the DagBag from /home/ubuntu/.local/lib/python3.10/site-packages/airflow/example_dags/example_task_group.py
[2024-02-08T03:10:42.774+0100] {processor.py:840} INFO - DAG(s) 'example_task_group' retrieved from /home/ubuntu/.local/lib/python3.10/site-packages/airflow/example_dags/example_task_group.py
[2024-02-08T03:10:42.801+0100] {logging_mixin.py:188} INFO - [2024-02-08T03:10:42.800+0100] {dag.py:3033} INFO - Sync 1 DAGs
[2024-02-08T03:10:42.830+0100] {logging_mixin.py:188} INFO - [2024-02-08T03:10:42.829+0100] {dag.py:3820} INFO - Setting next_dagrun for example_task_group to 2024-02-07T00:00:00+00:00, run_after=2024-02-08T00:00:00+00:00
[2024-02-08T03:10:42.906+0100] {processor.py:183} INFO - Processing /home/ubuntu/.local/lib/python3.10/site-packages/airflow/example_dags/example_task_group.py took 0.178 seconds
[2024-02-08T03:11:46.851+0100] {processor.py:161} INFO - Started process (PID=14775) to work on /home/ubuntu/.local/lib/python3.10/site-packages/airflow/example_dags/example_task_group.py
[2024-02-08T03:11:46.855+0100] {processor.py:830} INFO - Processing file /home/ubuntu/.local/lib/python3.10/site-packages/airflow/example_dags/example_task_group.py for tasks to queue
[2024-02-08T03:11:46.856+0100] {logging_mixin.py:188} INFO - [2024-02-08T03:11:46.856+0100] {dagbag.py:538} INFO - Filling up the DagBag from /home/ubuntu/.local/lib/python3.10/site-packages/airflow/example_dags/example_task_group.py
[2024-02-08T03:11:46.871+0100] {processor.py:840} INFO - DAG(s) 'example_task_group' retrieved from /home/ubuntu/.local/lib/python3.10/site-packages/airflow/example_dags/example_task_group.py
[2024-02-08T03:11:46.900+0100] {logging_mixin.py:188} INFO - [2024-02-08T03:11:46.900+0100] {dag.py:3033} INFO - Sync 1 DAGs
[2024-02-08T03:11:46.928+0100] {logging_mixin.py:188} INFO - [2024-02-08T03:11:46.928+0100] {dag.py:3820} INFO - Setting next_dagrun for example_task_group to 2024-02-07T00:00:00+00:00, run_after=2024-02-08T00:00:00+00:00
[2024-02-08T03:11:46.969+0100] {processor.py:183} INFO - Processing /home/ubuntu/.local/lib/python3.10/site-packages/airflow/example_dags/example_task_group.py took 0.124 seconds
[2024-02-08T03:12:45.705+0100] {processor.py:161} INFO - Started process (PID=14833) to work on /home/ubuntu/.local/lib/python3.10/site-packages/airflow/example_dags/example_task_group.py
[2024-02-08T03:12:45.709+0100] {processor.py:830} INFO - Processing file /home/ubuntu/.local/lib/python3.10/site-packages/airflow/example_dags/example_task_group.py for tasks to queue
[2024-02-08T03:12:45.711+0100] {logging_mixin.py:188} INFO - [2024-02-08T03:12:45.710+0100] {dagbag.py:538} INFO - Filling up the DagBag from /home/ubuntu/.local/lib/python3.10/site-packages/airflow/example_dags/example_task_group.py
[2024-02-08T03:12:45.727+0100] {processor.py:840} INFO - DAG(s) 'example_task_group' retrieved from /home/ubuntu/.local/lib/python3.10/site-packages/airflow/example_dags/example_task_group.py
[2024-02-08T03:12:45.749+0100] {logging_mixin.py:188} INFO - [2024-02-08T03:12:45.748+0100] {dag.py:3033} INFO - Sync 1 DAGs
[2024-02-08T03:12:45.781+0100] {logging_mixin.py:188} INFO - [2024-02-08T03:12:45.781+0100] {dag.py:3820} INFO - Setting next_dagrun for example_task_group to 2024-02-07T00:00:00+00:00, run_after=2024-02-08T00:00:00+00:00
[2024-02-08T03:12:45.817+0100] {processor.py:183} INFO - Processing /home/ubuntu/.local/lib/python3.10/site-packages/airflow/example_dags/example_task_group.py took 0.117 seconds
[2024-02-08T03:13:44.281+0100] {processor.py:161} INFO - Started process (PID=14887) to work on /home/ubuntu/.local/lib/python3.10/site-packages/airflow/example_dags/example_task_group.py
[2024-02-08T03:13:44.285+0100] {processor.py:830} INFO - Processing file /home/ubuntu/.local/lib/python3.10/site-packages/airflow/example_dags/example_task_group.py for tasks to queue
[2024-02-08T03:13:44.288+0100] {logging_mixin.py:188} INFO - [2024-02-08T03:13:44.288+0100] {dagbag.py:538} INFO - Filling up the DagBag from /home/ubuntu/.local/lib/python3.10/site-packages/airflow/example_dags/example_task_group.py
[2024-02-08T03:13:44.306+0100] {processor.py:840} INFO - DAG(s) 'example_task_group' retrieved from /home/ubuntu/.local/lib/python3.10/site-packages/airflow/example_dags/example_task_group.py
[2024-02-08T03:13:44.339+0100] {logging_mixin.py:188} INFO - [2024-02-08T03:13:44.339+0100] {dag.py:3033} INFO - Sync 1 DAGs
[2024-02-08T03:13:44.373+0100] {logging_mixin.py:188} INFO - [2024-02-08T03:13:44.372+0100] {dag.py:3820} INFO - Setting next_dagrun for example_task_group to 2024-02-07T00:00:00+00:00, run_after=2024-02-08T00:00:00+00:00
[2024-02-08T03:13:44.424+0100] {processor.py:183} INFO - Processing /home/ubuntu/.local/lib/python3.10/site-packages/airflow/example_dags/example_task_group.py took 0.150 seconds
[2024-02-08T03:14:50.332+0100] {processor.py:161} INFO - Started process (PID=14956) to work on /home/ubuntu/.local/lib/python3.10/site-packages/airflow/example_dags/example_task_group.py
[2024-02-08T03:14:50.337+0100] {processor.py:830} INFO - Processing file /home/ubuntu/.local/lib/python3.10/site-packages/airflow/example_dags/example_task_group.py for tasks to queue
[2024-02-08T03:14:50.338+0100] {logging_mixin.py:188} INFO - [2024-02-08T03:14:50.337+0100] {dagbag.py:538} INFO - Filling up the DagBag from /home/ubuntu/.local/lib/python3.10/site-packages/airflow/example_dags/example_task_group.py
[2024-02-08T03:14:50.359+0100] {processor.py:840} INFO - DAG(s) 'example_task_group' retrieved from /home/ubuntu/.local/lib/python3.10/site-packages/airflow/example_dags/example_task_group.py
[2024-02-08T03:14:50.387+0100] {logging_mixin.py:188} INFO - [2024-02-08T03:14:50.387+0100] {dag.py:3033} INFO - Sync 1 DAGs
[2024-02-08T03:14:50.432+0100] {logging_mixin.py:188} INFO - [2024-02-08T03:14:50.432+0100] {dag.py:3820} INFO - Setting next_dagrun for example_task_group to 2024-02-07T00:00:00+00:00, run_after=2024-02-08T00:00:00+00:00
[2024-02-08T03:14:50.479+0100] {processor.py:183} INFO - Processing /home/ubuntu/.local/lib/python3.10/site-packages/airflow/example_dags/example_task_group.py took 0.154 seconds
[2024-02-08T03:15:51.077+0100] {processor.py:161} INFO - Started process (PID=15019) to work on /home/ubuntu/.local/lib/python3.10/site-packages/airflow/example_dags/example_task_group.py
[2024-02-08T03:15:51.081+0100] {processor.py:830} INFO - Processing file /home/ubuntu/.local/lib/python3.10/site-packages/airflow/example_dags/example_task_group.py for tasks to queue
[2024-02-08T03:15:51.083+0100] {logging_mixin.py:188} INFO - [2024-02-08T03:15:51.082+0100] {dagbag.py:538} INFO - Filling up the DagBag from /home/ubuntu/.local/lib/python3.10/site-packages/airflow/example_dags/example_task_group.py
[2024-02-08T03:15:51.102+0100] {processor.py:840} INFO - DAG(s) 'example_task_group' retrieved from /home/ubuntu/.local/lib/python3.10/site-packages/airflow/example_dags/example_task_group.py
[2024-02-08T03:15:51.136+0100] {logging_mixin.py:188} INFO - [2024-02-08T03:15:51.135+0100] {dag.py:3033} INFO - Sync 1 DAGs
[2024-02-08T03:15:51.174+0100] {logging_mixin.py:188} INFO - [2024-02-08T03:15:51.174+0100] {dag.py:3820} INFO - Setting next_dagrun for example_task_group to 2024-02-07T00:00:00+00:00, run_after=2024-02-08T00:00:00+00:00
[2024-02-08T03:15:51.221+0100] {processor.py:183} INFO - Processing /home/ubuntu/.local/lib/python3.10/site-packages/airflow/example_dags/example_task_group.py took 0.151 seconds
[2024-02-08T03:16:50.818+0100] {processor.py:161} INFO - Started process (PID=15074) to work on /home/ubuntu/.local/lib/python3.10/site-packages/airflow/example_dags/example_task_group.py
[2024-02-08T03:16:50.823+0100] {processor.py:830} INFO - Processing file /home/ubuntu/.local/lib/python3.10/site-packages/airflow/example_dags/example_task_group.py for tasks to queue
[2024-02-08T03:16:50.826+0100] {logging_mixin.py:188} INFO - [2024-02-08T03:16:50.824+0100] {dagbag.py:538} INFO - Filling up the DagBag from /home/ubuntu/.local/lib/python3.10/site-packages/airflow/example_dags/example_task_group.py
[2024-02-08T03:16:50.854+0100] {processor.py:840} INFO - DAG(s) 'example_task_group' retrieved from /home/ubuntu/.local/lib/python3.10/site-packages/airflow/example_dags/example_task_group.py
[2024-02-08T03:16:50.886+0100] {logging_mixin.py:188} INFO - [2024-02-08T03:16:50.886+0100] {dag.py:3033} INFO - Sync 1 DAGs
[2024-02-08T03:16:50.917+0100] {logging_mixin.py:188} INFO - [2024-02-08T03:16:50.916+0100] {dag.py:3820} INFO - Setting next_dagrun for example_task_group to 2024-02-07T00:00:00+00:00, run_after=2024-02-08T00:00:00+00:00
[2024-02-08T03:16:50.964+0100] {processor.py:183} INFO - Processing /home/ubuntu/.local/lib/python3.10/site-packages/airflow/example_dags/example_task_group.py took 0.152 seconds
[2024-02-08T03:17:47.698+0100] {processor.py:161} INFO - Started process (PID=15132) to work on /home/ubuntu/.local/lib/python3.10/site-packages/airflow/example_dags/example_task_group.py
[2024-02-08T03:17:47.703+0100] {processor.py:830} INFO - Processing file /home/ubuntu/.local/lib/python3.10/site-packages/airflow/example_dags/example_task_group.py for tasks to queue
[2024-02-08T03:17:47.705+0100] {logging_mixin.py:188} INFO - [2024-02-08T03:17:47.705+0100] {dagbag.py:538} INFO - Filling up the DagBag from /home/ubuntu/.local/lib/python3.10/site-packages/airflow/example_dags/example_task_group.py
[2024-02-08T03:17:47.721+0100] {processor.py:840} INFO - DAG(s) 'example_task_group' retrieved from /home/ubuntu/.local/lib/python3.10/site-packages/airflow/example_dags/example_task_group.py
[2024-02-08T03:17:47.760+0100] {logging_mixin.py:188} INFO - [2024-02-08T03:17:47.760+0100] {dag.py:3033} INFO - Sync 1 DAGs
[2024-02-08T03:17:47.797+0100] {logging_mixin.py:188} INFO - [2024-02-08T03:17:47.797+0100] {dag.py:3820} INFO - Setting next_dagrun for example_task_group to 2024-02-07T00:00:00+00:00, run_after=2024-02-08T00:00:00+00:00
[2024-02-08T03:17:47.839+0100] {processor.py:183} INFO - Processing /home/ubuntu/.local/lib/python3.10/site-packages/airflow/example_dags/example_task_group.py took 0.147 seconds
[2024-02-08T03:18:48.341+0100] {processor.py:161} INFO - Started process (PID=15190) to work on /home/ubuntu/.local/lib/python3.10/site-packages/airflow/example_dags/example_task_group.py
[2024-02-08T03:18:48.345+0100] {processor.py:830} INFO - Processing file /home/ubuntu/.local/lib/python3.10/site-packages/airflow/example_dags/example_task_group.py for tasks to queue
[2024-02-08T03:18:48.347+0100] {logging_mixin.py:188} INFO - [2024-02-08T03:18:48.346+0100] {dagbag.py:538} INFO - Filling up the DagBag from /home/ubuntu/.local/lib/python3.10/site-packages/airflow/example_dags/example_task_group.py
[2024-02-08T03:18:48.366+0100] {processor.py:840} INFO - DAG(s) 'example_task_group' retrieved from /home/ubuntu/.local/lib/python3.10/site-packages/airflow/example_dags/example_task_group.py
[2024-02-08T03:18:48.399+0100] {logging_mixin.py:188} INFO - [2024-02-08T03:18:48.399+0100] {dag.py:3033} INFO - Sync 1 DAGs
[2024-02-08T03:18:48.437+0100] {logging_mixin.py:188} INFO - [2024-02-08T03:18:48.437+0100] {dag.py:3820} INFO - Setting next_dagrun for example_task_group to 2024-02-07T00:00:00+00:00, run_after=2024-02-08T00:00:00+00:00
[2024-02-08T03:18:48.486+0100] {processor.py:183} INFO - Processing /home/ubuntu/.local/lib/python3.10/site-packages/airflow/example_dags/example_task_group.py took 0.155 seconds
[2024-02-08T03:19:59.258+0100] {processor.py:161} INFO - Started process (PID=15312) to work on /home/ubuntu/.local/lib/python3.10/site-packages/airflow/example_dags/example_task_group.py
[2024-02-08T03:19:59.262+0100] {processor.py:830} INFO - Processing file /home/ubuntu/.local/lib/python3.10/site-packages/airflow/example_dags/example_task_group.py for tasks to queue
[2024-02-08T03:19:59.264+0100] {logging_mixin.py:188} INFO - [2024-02-08T03:19:59.264+0100] {dagbag.py:538} INFO - Filling up the DagBag from /home/ubuntu/.local/lib/python3.10/site-packages/airflow/example_dags/example_task_group.py
[2024-02-08T03:19:59.280+0100] {processor.py:840} INFO - DAG(s) 'example_task_group' retrieved from /home/ubuntu/.local/lib/python3.10/site-packages/airflow/example_dags/example_task_group.py
[2024-02-08T03:19:59.341+0100] {logging_mixin.py:188} INFO - [2024-02-08T03:19:59.341+0100] {dag.py:3033} INFO - Sync 1 DAGs
[2024-02-08T03:19:59.368+0100] {logging_mixin.py:188} INFO - [2024-02-08T03:19:59.367+0100] {dag.py:3820} INFO - Setting next_dagrun for example_task_group to 2024-02-07T00:00:00+00:00, run_after=2024-02-08T00:00:00+00:00
[2024-02-08T03:19:59.405+0100] {processor.py:183} INFO - Processing /home/ubuntu/.local/lib/python3.10/site-packages/airflow/example_dags/example_task_group.py took 0.153 seconds
[2024-02-08T03:20:35.974+0100] {processor.py:161} INFO - Started process (PID=15347) to work on /home/ubuntu/.local/lib/python3.10/site-packages/airflow/example_dags/example_task_group.py
[2024-02-08T03:20:35.977+0100] {processor.py:830} INFO - Processing file /home/ubuntu/.local/lib/python3.10/site-packages/airflow/example_dags/example_task_group.py for tasks to queue
[2024-02-08T03:20:35.978+0100] {logging_mixin.py:188} INFO - [2024-02-08T03:20:35.977+0100] {dagbag.py:538} INFO - Filling up the DagBag from /home/ubuntu/.local/lib/python3.10/site-packages/airflow/example_dags/example_task_group.py
[2024-02-08T03:20:35.992+0100] {processor.py:840} INFO - DAG(s) 'example_task_group' retrieved from /home/ubuntu/.local/lib/python3.10/site-packages/airflow/example_dags/example_task_group.py
[2024-02-08T03:20:36.013+0100] {logging_mixin.py:188} INFO - [2024-02-08T03:20:36.013+0100] {dag.py:3033} INFO - Sync 1 DAGs
[2024-02-08T03:20:36.037+0100] {logging_mixin.py:188} INFO - [2024-02-08T03:20:36.037+0100] {dag.py:3820} INFO - Setting next_dagrun for example_task_group to 2024-02-07T00:00:00+00:00, run_after=2024-02-08T00:00:00+00:00
[2024-02-08T03:20:36.074+0100] {processor.py:183} INFO - Processing /home/ubuntu/.local/lib/python3.10/site-packages/airflow/example_dags/example_task_group.py took 0.104 seconds
[2024-02-08T03:21:44.008+0100] {processor.py:161} INFO - Started process (PID=15406) to work on /home/ubuntu/.local/lib/python3.10/site-packages/airflow/example_dags/example_task_group.py
[2024-02-08T03:21:44.013+0100] {processor.py:830} INFO - Processing file /home/ubuntu/.local/lib/python3.10/site-packages/airflow/example_dags/example_task_group.py for tasks to queue
[2024-02-08T03:21:44.015+0100] {logging_mixin.py:188} INFO - [2024-02-08T03:21:44.014+0100] {dagbag.py:538} INFO - Filling up the DagBag from /home/ubuntu/.local/lib/python3.10/site-packages/airflow/example_dags/example_task_group.py
[2024-02-08T03:21:44.027+0100] {processor.py:840} INFO - DAG(s) 'example_task_group' retrieved from /home/ubuntu/.local/lib/python3.10/site-packages/airflow/example_dags/example_task_group.py
[2024-02-08T03:21:44.048+0100] {logging_mixin.py:188} INFO - [2024-02-08T03:21:44.048+0100] {dag.py:3033} INFO - Sync 1 DAGs
[2024-02-08T03:21:44.077+0100] {logging_mixin.py:188} INFO - [2024-02-08T03:21:44.077+0100] {dag.py:3820} INFO - Setting next_dagrun for example_task_group to 2024-02-07T00:00:00+00:00, run_after=2024-02-08T00:00:00+00:00
[2024-02-08T03:21:44.110+0100] {processor.py:183} INFO - Processing /home/ubuntu/.local/lib/python3.10/site-packages/airflow/example_dags/example_task_group.py took 0.106 seconds
[2024-02-08T03:22:48.500+0100] {processor.py:161} INFO - Started process (PID=15463) to work on /home/ubuntu/.local/lib/python3.10/site-packages/airflow/example_dags/example_task_group.py
[2024-02-08T03:22:48.504+0100] {processor.py:830} INFO - Processing file /home/ubuntu/.local/lib/python3.10/site-packages/airflow/example_dags/example_task_group.py for tasks to queue
[2024-02-08T03:22:48.505+0100] {logging_mixin.py:188} INFO - [2024-02-08T03:22:48.505+0100] {dagbag.py:538} INFO - Filling up the DagBag from /home/ubuntu/.local/lib/python3.10/site-packages/airflow/example_dags/example_task_group.py
[2024-02-08T03:22:48.521+0100] {processor.py:840} INFO - DAG(s) 'example_task_group' retrieved from /home/ubuntu/.local/lib/python3.10/site-packages/airflow/example_dags/example_task_group.py
[2024-02-08T03:22:48.555+0100] {logging_mixin.py:188} INFO - [2024-02-08T03:22:48.554+0100] {dag.py:3033} INFO - Sync 1 DAGs
[2024-02-08T03:22:48.586+0100] {logging_mixin.py:188} INFO - [2024-02-08T03:22:48.586+0100] {dag.py:3820} INFO - Setting next_dagrun for example_task_group to 2024-02-07T00:00:00+00:00, run_after=2024-02-08T00:00:00+00:00
[2024-02-08T03:22:48.638+0100] {processor.py:183} INFO - Processing /home/ubuntu/.local/lib/python3.10/site-packages/airflow/example_dags/example_task_group.py took 0.144 seconds
[2024-02-08T03:24:00.340+0100] {processor.py:161} INFO - Started process (PID=15553) to work on /home/ubuntu/.local/lib/python3.10/site-packages/airflow/example_dags/example_task_group.py
[2024-02-08T03:24:00.345+0100] {processor.py:830} INFO - Processing file /home/ubuntu/.local/lib/python3.10/site-packages/airflow/example_dags/example_task_group.py for tasks to queue
[2024-02-08T03:24:00.349+0100] {logging_mixin.py:188} INFO - [2024-02-08T03:24:00.348+0100] {dagbag.py:538} INFO - Filling up the DagBag from /home/ubuntu/.local/lib/python3.10/site-packages/airflow/example_dags/example_task_group.py
[2024-02-08T03:24:00.465+0100] {processor.py:840} INFO - DAG(s) 'example_task_group' retrieved from /home/ubuntu/.local/lib/python3.10/site-packages/airflow/example_dags/example_task_group.py
[2024-02-08T03:24:00.606+0100] {logging_mixin.py:188} INFO - [2024-02-08T03:24:00.605+0100] {dag.py:3033} INFO - Sync 1 DAGs
[2024-02-08T03:24:01.078+0100] {logging_mixin.py:188} INFO - [2024-02-08T03:24:01.078+0100] {dag.py:3820} INFO - Setting next_dagrun for example_task_group to 2024-02-07T00:00:00+00:00, run_after=2024-02-08T00:00:00+00:00
[2024-02-08T03:24:01.316+0100] {processor.py:183} INFO - Processing /home/ubuntu/.local/lib/python3.10/site-packages/airflow/example_dags/example_task_group.py took 1.010 seconds
[2024-02-08T03:24:50.964+0100] {processor.py:161} INFO - Started process (PID=15623) to work on /home/ubuntu/.local/lib/python3.10/site-packages/airflow/example_dags/example_task_group.py
[2024-02-08T03:24:50.968+0100] {processor.py:830} INFO - Processing file /home/ubuntu/.local/lib/python3.10/site-packages/airflow/example_dags/example_task_group.py for tasks to queue
[2024-02-08T03:24:50.972+0100] {logging_mixin.py:188} INFO - [2024-02-08T03:24:50.970+0100] {dagbag.py:538} INFO - Filling up the DagBag from /home/ubuntu/.local/lib/python3.10/site-packages/airflow/example_dags/example_task_group.py
[2024-02-08T03:24:51.000+0100] {processor.py:840} INFO - DAG(s) 'example_task_group' retrieved from /home/ubuntu/.local/lib/python3.10/site-packages/airflow/example_dags/example_task_group.py
[2024-02-08T03:24:51.061+0100] {logging_mixin.py:188} INFO - [2024-02-08T03:24:51.060+0100] {dag.py:3033} INFO - Sync 1 DAGs
[2024-02-08T03:24:51.103+0100] {logging_mixin.py:188} INFO - [2024-02-08T03:24:51.102+0100] {dag.py:3820} INFO - Setting next_dagrun for example_task_group to 2024-02-07T00:00:00+00:00, run_after=2024-02-08T00:00:00+00:00
[2024-02-08T03:24:51.137+0100] {processor.py:183} INFO - Processing /home/ubuntu/.local/lib/python3.10/site-packages/airflow/example_dags/example_task_group.py took 0.184 seconds
