[2024-02-08T02:46:52.487+0100] {processor.py:161} INFO - Started process (PID=12398) to work on /home/ubuntu/.local/lib/python3.10/site-packages/airflow/example_dags/example_params_ui_tutorial.py
[2024-02-08T02:46:52.498+0100] {processor.py:830} INFO - Processing file /home/ubuntu/.local/lib/python3.10/site-packages/airflow/example_dags/example_params_ui_tutorial.py for tasks to queue
[2024-02-08T02:46:52.508+0100] {logging_mixin.py:188} INFO - [2024-02-08T02:46:52.502+0100] {dagbag.py:538} INFO - Filling up the DagBag from /home/ubuntu/.local/lib/python3.10/site-packages/airflow/example_dags/example_params_ui_tutorial.py
[2024-02-08T02:46:52.780+0100] {processor.py:840} INFO - DAG(s) 'example_params_ui_tutorial' retrieved from /home/ubuntu/.local/lib/python3.10/site-packages/airflow/example_dags/example_params_ui_tutorial.py
[2024-02-08T02:46:53.133+0100] {logging_mixin.py:188} INFO - [2024-02-08T02:46:53.133+0100] {dag.py:3033} INFO - Sync 1 DAGs
[2024-02-08T02:46:53.144+0100] {logging_mixin.py:188} INFO - [2024-02-08T02:46:53.144+0100] {dag.py:3820} INFO - Setting next_dagrun for example_params_ui_tutorial to None, run_after=None
[2024-02-08T02:46:53.222+0100] {processor.py:183} INFO - Processing /home/ubuntu/.local/lib/python3.10/site-packages/airflow/example_dags/example_params_ui_tutorial.py took 0.782 seconds
[2024-02-08T02:48:34.200+0100] {processor.py:161} INFO - Started process (PID=12612) to work on /home/ubuntu/.local/lib/python3.10/site-packages/airflow/example_dags/example_params_ui_tutorial.py
[2024-02-08T02:48:34.207+0100] {processor.py:830} INFO - Processing file /home/ubuntu/.local/lib/python3.10/site-packages/airflow/example_dags/example_params_ui_tutorial.py for tasks to queue
[2024-02-08T02:48:34.209+0100] {logging_mixin.py:188} INFO - [2024-02-08T02:48:34.208+0100] {dagbag.py:538} INFO - Filling up the DagBag from /home/ubuntu/.local/lib/python3.10/site-packages/airflow/example_dags/example_params_ui_tutorial.py
[2024-02-08T02:48:34.230+0100] {processor.py:840} INFO - DAG(s) 'example_params_ui_tutorial' retrieved from /home/ubuntu/.local/lib/python3.10/site-packages/airflow/example_dags/example_params_ui_tutorial.py
[2024-02-08T02:48:34.285+0100] {logging_mixin.py:188} INFO - [2024-02-08T02:48:34.285+0100] {dag.py:3033} INFO - Sync 1 DAGs
[2024-02-08T02:48:34.297+0100] {logging_mixin.py:188} INFO - [2024-02-08T02:48:34.297+0100] {dag.py:3820} INFO - Setting next_dagrun for example_params_ui_tutorial to None, run_after=None
[2024-02-08T02:48:34.340+0100] {processor.py:183} INFO - Processing /home/ubuntu/.local/lib/python3.10/site-packages/airflow/example_dags/example_params_ui_tutorial.py took 0.153 seconds
[2024-02-08T02:50:28.923+0100] {processor.py:161} INFO - Started process (PID=13559) to work on /home/ubuntu/.local/lib/python3.10/site-packages/airflow/example_dags/example_params_ui_tutorial.py
[2024-02-08T02:50:28.926+0100] {processor.py:830} INFO - Processing file /home/ubuntu/.local/lib/python3.10/site-packages/airflow/example_dags/example_params_ui_tutorial.py for tasks to queue
[2024-02-08T02:50:28.931+0100] {logging_mixin.py:188} INFO - [2024-02-08T02:50:28.930+0100] {dagbag.py:538} INFO - Filling up the DagBag from /home/ubuntu/.local/lib/python3.10/site-packages/airflow/example_dags/example_params_ui_tutorial.py
[2024-02-08T02:50:28.999+0100] {processor.py:840} INFO - DAG(s) 'example_params_ui_tutorial' retrieved from /home/ubuntu/.local/lib/python3.10/site-packages/airflow/example_dags/example_params_ui_tutorial.py
[2024-02-08T02:50:29.496+0100] {logging_mixin.py:188} INFO - [2024-02-08T02:50:29.496+0100] {dag.py:3033} INFO - Sync 1 DAGs
[2024-02-08T02:50:29.513+0100] {logging_mixin.py:188} INFO - [2024-02-08T02:50:29.513+0100] {dag.py:3820} INFO - Setting next_dagrun for example_params_ui_tutorial to None, run_after=None
[2024-02-08T02:50:29.718+0100] {processor.py:183} INFO - Processing /home/ubuntu/.local/lib/python3.10/site-packages/airflow/example_dags/example_params_ui_tutorial.py took 0.815 seconds
[2024-02-08T02:51:49.613+0100] {processor.py:161} INFO - Started process (PID=13700) to work on /home/ubuntu/.local/lib/python3.10/site-packages/airflow/example_dags/example_params_ui_tutorial.py
[2024-02-08T02:51:49.616+0100] {processor.py:830} INFO - Processing file /home/ubuntu/.local/lib/python3.10/site-packages/airflow/example_dags/example_params_ui_tutorial.py for tasks to queue
[2024-02-08T02:51:49.620+0100] {logging_mixin.py:188} INFO - [2024-02-08T02:51:49.618+0100] {dagbag.py:538} INFO - Filling up the DagBag from /home/ubuntu/.local/lib/python3.10/site-packages/airflow/example_dags/example_params_ui_tutorial.py
[2024-02-08T02:51:49.660+0100] {processor.py:840} INFO - DAG(s) 'example_params_ui_tutorial' retrieved from /home/ubuntu/.local/lib/python3.10/site-packages/airflow/example_dags/example_params_ui_tutorial.py
[2024-02-08T02:51:49.804+0100] {logging_mixin.py:188} INFO - [2024-02-08T02:51:49.804+0100] {dag.py:3033} INFO - Sync 1 DAGs
[2024-02-08T02:51:49.838+0100] {logging_mixin.py:188} INFO - [2024-02-08T02:51:49.837+0100] {dag.py:3820} INFO - Setting next_dagrun for example_params_ui_tutorial to None, run_after=None
[2024-02-08T02:51:49.947+0100] {processor.py:183} INFO - Processing /home/ubuntu/.local/lib/python3.10/site-packages/airflow/example_dags/example_params_ui_tutorial.py took 0.342 seconds
[2024-02-08T02:53:28.424+0100] {processor.py:161} INFO - Started process (PID=13814) to work on /home/ubuntu/.local/lib/python3.10/site-packages/airflow/example_dags/example_params_ui_tutorial.py
[2024-02-08T02:53:28.427+0100] {processor.py:830} INFO - Processing file /home/ubuntu/.local/lib/python3.10/site-packages/airflow/example_dags/example_params_ui_tutorial.py for tasks to queue
[2024-02-08T02:53:28.429+0100] {logging_mixin.py:188} INFO - [2024-02-08T02:53:28.428+0100] {dagbag.py:538} INFO - Filling up the DagBag from /home/ubuntu/.local/lib/python3.10/site-packages/airflow/example_dags/example_params_ui_tutorial.py
[2024-02-08T02:53:28.450+0100] {processor.py:840} INFO - DAG(s) 'example_params_ui_tutorial' retrieved from /home/ubuntu/.local/lib/python3.10/site-packages/airflow/example_dags/example_params_ui_tutorial.py
[2024-02-08T02:53:28.518+0100] {logging_mixin.py:188} INFO - [2024-02-08T02:53:28.518+0100] {dag.py:3033} INFO - Sync 1 DAGs
[2024-02-08T02:53:28.532+0100] {logging_mixin.py:188} INFO - [2024-02-08T02:53:28.532+0100] {dag.py:3820} INFO - Setting next_dagrun for example_params_ui_tutorial to None, run_after=None
[2024-02-08T02:53:28.576+0100] {processor.py:183} INFO - Processing /home/ubuntu/.local/lib/python3.10/site-packages/airflow/example_dags/example_params_ui_tutorial.py took 0.157 seconds
[2024-02-08T02:56:58.171+0100] {processor.py:161} INFO - Started process (PID=13944) to work on /home/ubuntu/.local/lib/python3.10/site-packages/airflow/example_dags/example_params_ui_tutorial.py
[2024-02-08T02:56:58.178+0100] {processor.py:830} INFO - Processing file /home/ubuntu/.local/lib/python3.10/site-packages/airflow/example_dags/example_params_ui_tutorial.py for tasks to queue
[2024-02-08T02:56:58.194+0100] {logging_mixin.py:188} INFO - [2024-02-08T02:56:58.194+0100] {dagbag.py:538} INFO - Filling up the DagBag from /home/ubuntu/.local/lib/python3.10/site-packages/airflow/example_dags/example_params_ui_tutorial.py
[2024-02-08T02:56:58.247+0100] {processor.py:840} INFO - DAG(s) 'example_params_ui_tutorial' retrieved from /home/ubuntu/.local/lib/python3.10/site-packages/airflow/example_dags/example_params_ui_tutorial.py
[2024-02-08T02:56:58.416+0100] {logging_mixin.py:188} INFO - [2024-02-08T02:56:58.416+0100] {dag.py:3033} INFO - Sync 1 DAGs
[2024-02-08T02:56:58.444+0100] {logging_mixin.py:188} INFO - [2024-02-08T02:56:58.444+0100] {dag.py:3820} INFO - Setting next_dagrun for example_params_ui_tutorial to None, run_after=None
[2024-02-08T02:56:58.603+0100] {processor.py:183} INFO - Processing /home/ubuntu/.local/lib/python3.10/site-packages/airflow/example_dags/example_params_ui_tutorial.py took 0.436 seconds
[2024-02-08T02:59:44.071+0100] {processor.py:161} INFO - Started process (PID=14026) to work on /home/ubuntu/.local/lib/python3.10/site-packages/airflow/example_dags/example_params_ui_tutorial.py
[2024-02-08T02:59:44.074+0100] {processor.py:830} INFO - Processing file /home/ubuntu/.local/lib/python3.10/site-packages/airflow/example_dags/example_params_ui_tutorial.py for tasks to queue
[2024-02-08T02:59:44.076+0100] {logging_mixin.py:188} INFO - [2024-02-08T02:59:44.075+0100] {dagbag.py:538} INFO - Filling up the DagBag from /home/ubuntu/.local/lib/python3.10/site-packages/airflow/example_dags/example_params_ui_tutorial.py
[2024-02-08T02:59:44.137+0100] {processor.py:840} INFO - DAG(s) 'example_params_ui_tutorial' retrieved from /home/ubuntu/.local/lib/python3.10/site-packages/airflow/example_dags/example_params_ui_tutorial.py
[2024-02-08T02:59:44.206+0100] {logging_mixin.py:188} INFO - [2024-02-08T02:59:44.205+0100] {dag.py:3033} INFO - Sync 1 DAGs
[2024-02-08T02:59:44.223+0100] {logging_mixin.py:188} INFO - [2024-02-08T02:59:44.223+0100] {dag.py:3820} INFO - Setting next_dagrun for example_params_ui_tutorial to None, run_after=None
[2024-02-08T02:59:44.276+0100] {processor.py:183} INFO - Processing /home/ubuntu/.local/lib/python3.10/site-packages/airflow/example_dags/example_params_ui_tutorial.py took 0.209 seconds
[2024-02-08T03:01:32.209+0100] {processor.py:161} INFO - Started process (PID=14095) to work on /home/ubuntu/.local/lib/python3.10/site-packages/airflow/example_dags/example_params_ui_tutorial.py
[2024-02-08T03:01:32.213+0100] {processor.py:830} INFO - Processing file /home/ubuntu/.local/lib/python3.10/site-packages/airflow/example_dags/example_params_ui_tutorial.py for tasks to queue
[2024-02-08T03:01:32.215+0100] {logging_mixin.py:188} INFO - [2024-02-08T03:01:32.214+0100] {dagbag.py:538} INFO - Filling up the DagBag from /home/ubuntu/.local/lib/python3.10/site-packages/airflow/example_dags/example_params_ui_tutorial.py
[2024-02-08T03:01:32.242+0100] {processor.py:840} INFO - DAG(s) 'example_params_ui_tutorial' retrieved from /home/ubuntu/.local/lib/python3.10/site-packages/airflow/example_dags/example_params_ui_tutorial.py
[2024-02-08T03:01:32.339+0100] {logging_mixin.py:188} INFO - [2024-02-08T03:01:32.339+0100] {dag.py:3033} INFO - Sync 1 DAGs
[2024-02-08T03:01:32.361+0100] {logging_mixin.py:188} INFO - [2024-02-08T03:01:32.361+0100] {dag.py:3820} INFO - Setting next_dagrun for example_params_ui_tutorial to None, run_after=None
[2024-02-08T03:01:32.468+0100] {processor.py:183} INFO - Processing /home/ubuntu/.local/lib/python3.10/site-packages/airflow/example_dags/example_params_ui_tutorial.py took 0.266 seconds
[2024-02-08T03:03:37.428+0100] {processor.py:161} INFO - Started process (PID=14254) to work on /home/ubuntu/.local/lib/python3.10/site-packages/airflow/example_dags/example_params_ui_tutorial.py
[2024-02-08T03:03:37.431+0100] {processor.py:830} INFO - Processing file /home/ubuntu/.local/lib/python3.10/site-packages/airflow/example_dags/example_params_ui_tutorial.py for tasks to queue
[2024-02-08T03:03:37.432+0100] {logging_mixin.py:188} INFO - [2024-02-08T03:03:37.432+0100] {dagbag.py:538} INFO - Filling up the DagBag from /home/ubuntu/.local/lib/python3.10/site-packages/airflow/example_dags/example_params_ui_tutorial.py
[2024-02-08T03:03:37.454+0100] {processor.py:840} INFO - DAG(s) 'example_params_ui_tutorial' retrieved from /home/ubuntu/.local/lib/python3.10/site-packages/airflow/example_dags/example_params_ui_tutorial.py
[2024-02-08T03:03:37.524+0100] {logging_mixin.py:188} INFO - [2024-02-08T03:03:37.524+0100] {dag.py:3033} INFO - Sync 1 DAGs
[2024-02-08T03:03:37.543+0100] {logging_mixin.py:188} INFO - [2024-02-08T03:03:37.543+0100] {dag.py:3820} INFO - Setting next_dagrun for example_params_ui_tutorial to None, run_after=None
[2024-02-08T03:03:37.582+0100] {processor.py:183} INFO - Processing /home/ubuntu/.local/lib/python3.10/site-packages/airflow/example_dags/example_params_ui_tutorial.py took 0.158 seconds
[2024-02-08T03:04:53.619+0100] {processor.py:161} INFO - Started process (PID=14322) to work on /home/ubuntu/.local/lib/python3.10/site-packages/airflow/example_dags/example_params_ui_tutorial.py
[2024-02-08T03:04:53.623+0100] {processor.py:830} INFO - Processing file /home/ubuntu/.local/lib/python3.10/site-packages/airflow/example_dags/example_params_ui_tutorial.py for tasks to queue
[2024-02-08T03:04:53.625+0100] {logging_mixin.py:188} INFO - [2024-02-08T03:04:53.625+0100] {dagbag.py:538} INFO - Filling up the DagBag from /home/ubuntu/.local/lib/python3.10/site-packages/airflow/example_dags/example_params_ui_tutorial.py
[2024-02-08T03:04:53.648+0100] {processor.py:840} INFO - DAG(s) 'example_params_ui_tutorial' retrieved from /home/ubuntu/.local/lib/python3.10/site-packages/airflow/example_dags/example_params_ui_tutorial.py
[2024-02-08T03:04:53.723+0100] {logging_mixin.py:188} INFO - [2024-02-08T03:04:53.723+0100] {dag.py:3033} INFO - Sync 1 DAGs
[2024-02-08T03:04:53.739+0100] {logging_mixin.py:188} INFO - [2024-02-08T03:04:53.739+0100] {dag.py:3820} INFO - Setting next_dagrun for example_params_ui_tutorial to None, run_after=None
[2024-02-08T03:04:53.783+0100] {processor.py:183} INFO - Processing /home/ubuntu/.local/lib/python3.10/site-packages/airflow/example_dags/example_params_ui_tutorial.py took 0.168 seconds
[2024-02-08T03:05:57.880+0100] {processor.py:161} INFO - Started process (PID=14376) to work on /home/ubuntu/.local/lib/python3.10/site-packages/airflow/example_dags/example_params_ui_tutorial.py
[2024-02-08T03:05:57.882+0100] {processor.py:830} INFO - Processing file /home/ubuntu/.local/lib/python3.10/site-packages/airflow/example_dags/example_params_ui_tutorial.py for tasks to queue
[2024-02-08T03:05:57.884+0100] {logging_mixin.py:188} INFO - [2024-02-08T03:05:57.883+0100] {dagbag.py:538} INFO - Filling up the DagBag from /home/ubuntu/.local/lib/python3.10/site-packages/airflow/example_dags/example_params_ui_tutorial.py
[2024-02-08T03:05:57.905+0100] {processor.py:840} INFO - DAG(s) 'example_params_ui_tutorial' retrieved from /home/ubuntu/.local/lib/python3.10/site-packages/airflow/example_dags/example_params_ui_tutorial.py
[2024-02-08T03:05:57.968+0100] {logging_mixin.py:188} INFO - [2024-02-08T03:05:57.967+0100] {dag.py:3033} INFO - Sync 1 DAGs
[2024-02-08T03:05:57.985+0100] {logging_mixin.py:188} INFO - [2024-02-08T03:05:57.985+0100] {dag.py:3820} INFO - Setting next_dagrun for example_params_ui_tutorial to None, run_after=None
[2024-02-08T03:05:58.018+0100] {processor.py:183} INFO - Processing /home/ubuntu/.local/lib/python3.10/site-packages/airflow/example_dags/example_params_ui_tutorial.py took 0.144 seconds
[2024-02-08T03:07:02.491+0100] {processor.py:161} INFO - Started process (PID=14439) to work on /home/ubuntu/.local/lib/python3.10/site-packages/airflow/example_dags/example_params_ui_tutorial.py
[2024-02-08T03:07:02.495+0100] {processor.py:830} INFO - Processing file /home/ubuntu/.local/lib/python3.10/site-packages/airflow/example_dags/example_params_ui_tutorial.py for tasks to queue
[2024-02-08T03:07:02.500+0100] {logging_mixin.py:188} INFO - [2024-02-08T03:07:02.500+0100] {dagbag.py:538} INFO - Filling up the DagBag from /home/ubuntu/.local/lib/python3.10/site-packages/airflow/example_dags/example_params_ui_tutorial.py
[2024-02-08T03:07:02.523+0100] {processor.py:840} INFO - DAG(s) 'example_params_ui_tutorial' retrieved from /home/ubuntu/.local/lib/python3.10/site-packages/airflow/example_dags/example_params_ui_tutorial.py
[2024-02-08T03:07:02.619+0100] {logging_mixin.py:188} INFO - [2024-02-08T03:07:02.619+0100] {dag.py:3033} INFO - Sync 1 DAGs
[2024-02-08T03:07:02.636+0100] {logging_mixin.py:188} INFO - [2024-02-08T03:07:02.636+0100] {dag.py:3820} INFO - Setting next_dagrun for example_params_ui_tutorial to None, run_after=None
[2024-02-08T03:07:02.682+0100] {processor.py:183} INFO - Processing /home/ubuntu/.local/lib/python3.10/site-packages/airflow/example_dags/example_params_ui_tutorial.py took 0.200 seconds
[2024-02-08T03:08:17.865+0100] {processor.py:161} INFO - Started process (PID=14583) to work on /home/ubuntu/.local/lib/python3.10/site-packages/airflow/example_dags/example_params_ui_tutorial.py
[2024-02-08T03:08:17.868+0100] {processor.py:830} INFO - Processing file /home/ubuntu/.local/lib/python3.10/site-packages/airflow/example_dags/example_params_ui_tutorial.py for tasks to queue
[2024-02-08T03:08:17.869+0100] {logging_mixin.py:188} INFO - [2024-02-08T03:08:17.869+0100] {dagbag.py:538} INFO - Filling up the DagBag from /home/ubuntu/.local/lib/python3.10/site-packages/airflow/example_dags/example_params_ui_tutorial.py
[2024-02-08T03:08:17.891+0100] {processor.py:840} INFO - DAG(s) 'example_params_ui_tutorial' retrieved from /home/ubuntu/.local/lib/python3.10/site-packages/airflow/example_dags/example_params_ui_tutorial.py
[2024-02-08T03:08:18.025+0100] {logging_mixin.py:188} INFO - [2024-02-08T03:08:18.025+0100] {dag.py:3033} INFO - Sync 1 DAGs
[2024-02-08T03:08:18.044+0100] {logging_mixin.py:188} INFO - [2024-02-08T03:08:18.044+0100] {dag.py:3820} INFO - Setting next_dagrun for example_params_ui_tutorial to None, run_after=None
[2024-02-08T03:08:18.086+0100] {processor.py:183} INFO - Processing /home/ubuntu/.local/lib/python3.10/site-packages/airflow/example_dags/example_params_ui_tutorial.py took 0.227 seconds
[2024-02-08T03:09:19.621+0100] {processor.py:161} INFO - Started process (PID=14646) to work on /home/ubuntu/.local/lib/python3.10/site-packages/airflow/example_dags/example_params_ui_tutorial.py
[2024-02-08T03:09:19.626+0100] {processor.py:830} INFO - Processing file /home/ubuntu/.local/lib/python3.10/site-packages/airflow/example_dags/example_params_ui_tutorial.py for tasks to queue
[2024-02-08T03:09:19.628+0100] {logging_mixin.py:188} INFO - [2024-02-08T03:09:19.627+0100] {dagbag.py:538} INFO - Filling up the DagBag from /home/ubuntu/.local/lib/python3.10/site-packages/airflow/example_dags/example_params_ui_tutorial.py
[2024-02-08T03:09:19.650+0100] {processor.py:840} INFO - DAG(s) 'example_params_ui_tutorial' retrieved from /home/ubuntu/.local/lib/python3.10/site-packages/airflow/example_dags/example_params_ui_tutorial.py
[2024-02-08T03:09:19.749+0100] {logging_mixin.py:188} INFO - [2024-02-08T03:09:19.748+0100] {dag.py:3033} INFO - Sync 1 DAGs
[2024-02-08T03:09:19.784+0100] {logging_mixin.py:188} INFO - [2024-02-08T03:09:19.783+0100] {dag.py:3820} INFO - Setting next_dagrun for example_params_ui_tutorial to None, run_after=None
[2024-02-08T03:09:19.829+0100] {processor.py:183} INFO - Processing /home/ubuntu/.local/lib/python3.10/site-packages/airflow/example_dags/example_params_ui_tutorial.py took 0.214 seconds
[2024-02-08T03:10:26.915+0100] {processor.py:161} INFO - Started process (PID=14705) to work on /home/ubuntu/.local/lib/python3.10/site-packages/airflow/example_dags/example_params_ui_tutorial.py
[2024-02-08T03:10:26.921+0100] {processor.py:830} INFO - Processing file /home/ubuntu/.local/lib/python3.10/site-packages/airflow/example_dags/example_params_ui_tutorial.py for tasks to queue
[2024-02-08T03:10:26.924+0100] {logging_mixin.py:188} INFO - [2024-02-08T03:10:26.923+0100] {dagbag.py:538} INFO - Filling up the DagBag from /home/ubuntu/.local/lib/python3.10/site-packages/airflow/example_dags/example_params_ui_tutorial.py
[2024-02-08T03:10:26.951+0100] {processor.py:840} INFO - DAG(s) 'example_params_ui_tutorial' retrieved from /home/ubuntu/.local/lib/python3.10/site-packages/airflow/example_dags/example_params_ui_tutorial.py
[2024-02-08T03:10:27.040+0100] {logging_mixin.py:188} INFO - [2024-02-08T03:10:27.039+0100] {dag.py:3033} INFO - Sync 1 DAGs
[2024-02-08T03:10:27.053+0100] {logging_mixin.py:188} INFO - [2024-02-08T03:10:27.052+0100] {dag.py:3820} INFO - Setting next_dagrun for example_params_ui_tutorial to None, run_after=None
[2024-02-08T03:10:27.124+0100] {processor.py:183} INFO - Processing /home/ubuntu/.local/lib/python3.10/site-packages/airflow/example_dags/example_params_ui_tutorial.py took 0.215 seconds
[2024-02-08T03:11:31.528+0100] {processor.py:161} INFO - Started process (PID=14764) to work on /home/ubuntu/.local/lib/python3.10/site-packages/airflow/example_dags/example_params_ui_tutorial.py
[2024-02-08T03:11:31.534+0100] {processor.py:830} INFO - Processing file /home/ubuntu/.local/lib/python3.10/site-packages/airflow/example_dags/example_params_ui_tutorial.py for tasks to queue
[2024-02-08T03:11:31.536+0100] {logging_mixin.py:188} INFO - [2024-02-08T03:11:31.535+0100] {dagbag.py:538} INFO - Filling up the DagBag from /home/ubuntu/.local/lib/python3.10/site-packages/airflow/example_dags/example_params_ui_tutorial.py
[2024-02-08T03:11:31.560+0100] {processor.py:840} INFO - DAG(s) 'example_params_ui_tutorial' retrieved from /home/ubuntu/.local/lib/python3.10/site-packages/airflow/example_dags/example_params_ui_tutorial.py
[2024-02-08T03:11:31.638+0100] {logging_mixin.py:188} INFO - [2024-02-08T03:11:31.637+0100] {dag.py:3033} INFO - Sync 1 DAGs
[2024-02-08T03:11:31.658+0100] {logging_mixin.py:188} INFO - [2024-02-08T03:11:31.658+0100] {dag.py:3820} INFO - Setting next_dagrun for example_params_ui_tutorial to None, run_after=None
[2024-02-08T03:11:31.721+0100] {processor.py:183} INFO - Processing /home/ubuntu/.local/lib/python3.10/site-packages/airflow/example_dags/example_params_ui_tutorial.py took 0.200 seconds
[2024-02-08T03:12:32.902+0100] {processor.py:161} INFO - Started process (PID=14823) to work on /home/ubuntu/.local/lib/python3.10/site-packages/airflow/example_dags/example_params_ui_tutorial.py
[2024-02-08T03:12:32.905+0100] {processor.py:830} INFO - Processing file /home/ubuntu/.local/lib/python3.10/site-packages/airflow/example_dags/example_params_ui_tutorial.py for tasks to queue
[2024-02-08T03:12:32.907+0100] {logging_mixin.py:188} INFO - [2024-02-08T03:12:32.906+0100] {dagbag.py:538} INFO - Filling up the DagBag from /home/ubuntu/.local/lib/python3.10/site-packages/airflow/example_dags/example_params_ui_tutorial.py
[2024-02-08T03:12:32.927+0100] {processor.py:840} INFO - DAG(s) 'example_params_ui_tutorial' retrieved from /home/ubuntu/.local/lib/python3.10/site-packages/airflow/example_dags/example_params_ui_tutorial.py
[2024-02-08T03:12:32.996+0100] {logging_mixin.py:188} INFO - [2024-02-08T03:12:32.996+0100] {dag.py:3033} INFO - Sync 1 DAGs
[2024-02-08T03:12:33.011+0100] {logging_mixin.py:188} INFO - [2024-02-08T03:12:33.011+0100] {dag.py:3820} INFO - Setting next_dagrun for example_params_ui_tutorial to None, run_after=None
[2024-02-08T03:12:33.058+0100] {processor.py:183} INFO - Processing /home/ubuntu/.local/lib/python3.10/site-packages/airflow/example_dags/example_params_ui_tutorial.py took 0.161 seconds
[2024-02-08T03:13:33.995+0100] {processor.py:161} INFO - Started process (PID=14879) to work on /home/ubuntu/.local/lib/python3.10/site-packages/airflow/example_dags/example_params_ui_tutorial.py
[2024-02-08T03:13:33.998+0100] {processor.py:830} INFO - Processing file /home/ubuntu/.local/lib/python3.10/site-packages/airflow/example_dags/example_params_ui_tutorial.py for tasks to queue
[2024-02-08T03:13:34.001+0100] {logging_mixin.py:188} INFO - [2024-02-08T03:13:33.999+0100] {dagbag.py:538} INFO - Filling up the DagBag from /home/ubuntu/.local/lib/python3.10/site-packages/airflow/example_dags/example_params_ui_tutorial.py
[2024-02-08T03:13:34.024+0100] {processor.py:840} INFO - DAG(s) 'example_params_ui_tutorial' retrieved from /home/ubuntu/.local/lib/python3.10/site-packages/airflow/example_dags/example_params_ui_tutorial.py
[2024-02-08T03:13:34.122+0100] {logging_mixin.py:188} INFO - [2024-02-08T03:13:34.122+0100] {dag.py:3033} INFO - Sync 1 DAGs
[2024-02-08T03:13:34.145+0100] {logging_mixin.py:188} INFO - [2024-02-08T03:13:34.144+0100] {dag.py:3820} INFO - Setting next_dagrun for example_params_ui_tutorial to None, run_after=None
[2024-02-08T03:13:34.201+0100] {processor.py:183} INFO - Processing /home/ubuntu/.local/lib/python3.10/site-packages/airflow/example_dags/example_params_ui_tutorial.py took 0.210 seconds
[2024-02-08T03:14:34.331+0100] {processor.py:161} INFO - Started process (PID=14945) to work on /home/ubuntu/.local/lib/python3.10/site-packages/airflow/example_dags/example_params_ui_tutorial.py
[2024-02-08T03:14:34.336+0100] {processor.py:830} INFO - Processing file /home/ubuntu/.local/lib/python3.10/site-packages/airflow/example_dags/example_params_ui_tutorial.py for tasks to queue
[2024-02-08T03:14:34.339+0100] {logging_mixin.py:188} INFO - [2024-02-08T03:14:34.339+0100] {dagbag.py:538} INFO - Filling up the DagBag from /home/ubuntu/.local/lib/python3.10/site-packages/airflow/example_dags/example_params_ui_tutorial.py
[2024-02-08T03:14:34.374+0100] {processor.py:840} INFO - DAG(s) 'example_params_ui_tutorial' retrieved from /home/ubuntu/.local/lib/python3.10/site-packages/airflow/example_dags/example_params_ui_tutorial.py
[2024-02-08T03:14:34.476+0100] {logging_mixin.py:188} INFO - [2024-02-08T03:14:34.475+0100] {dag.py:3033} INFO - Sync 1 DAGs
[2024-02-08T03:14:34.495+0100] {logging_mixin.py:188} INFO - [2024-02-08T03:14:34.494+0100] {dag.py:3820} INFO - Setting next_dagrun for example_params_ui_tutorial to None, run_after=None
[2024-02-08T03:14:34.540+0100] {processor.py:183} INFO - Processing /home/ubuntu/.local/lib/python3.10/site-packages/airflow/example_dags/example_params_ui_tutorial.py took 0.216 seconds
[2024-02-08T03:15:37.488+0100] {processor.py:161} INFO - Started process (PID=15009) to work on /home/ubuntu/.local/lib/python3.10/site-packages/airflow/example_dags/example_params_ui_tutorial.py
[2024-02-08T03:15:37.493+0100] {processor.py:830} INFO - Processing file /home/ubuntu/.local/lib/python3.10/site-packages/airflow/example_dags/example_params_ui_tutorial.py for tasks to queue
[2024-02-08T03:15:37.496+0100] {logging_mixin.py:188} INFO - [2024-02-08T03:15:37.495+0100] {dagbag.py:538} INFO - Filling up the DagBag from /home/ubuntu/.local/lib/python3.10/site-packages/airflow/example_dags/example_params_ui_tutorial.py
[2024-02-08T03:15:37.518+0100] {processor.py:840} INFO - DAG(s) 'example_params_ui_tutorial' retrieved from /home/ubuntu/.local/lib/python3.10/site-packages/airflow/example_dags/example_params_ui_tutorial.py
[2024-02-08T03:15:37.604+0100] {logging_mixin.py:188} INFO - [2024-02-08T03:15:37.604+0100] {dag.py:3033} INFO - Sync 1 DAGs
[2024-02-08T03:15:37.626+0100] {logging_mixin.py:188} INFO - [2024-02-08T03:15:37.626+0100] {dag.py:3820} INFO - Setting next_dagrun for example_params_ui_tutorial to None, run_after=None
[2024-02-08T03:15:37.679+0100] {processor.py:183} INFO - Processing /home/ubuntu/.local/lib/python3.10/site-packages/airflow/example_dags/example_params_ui_tutorial.py took 0.197 seconds
[2024-02-08T03:16:36.925+0100] {processor.py:161} INFO - Started process (PID=15065) to work on /home/ubuntu/.local/lib/python3.10/site-packages/airflow/example_dags/example_params_ui_tutorial.py
[2024-02-08T03:16:36.929+0100] {processor.py:830} INFO - Processing file /home/ubuntu/.local/lib/python3.10/site-packages/airflow/example_dags/example_params_ui_tutorial.py for tasks to queue
[2024-02-08T03:16:36.930+0100] {logging_mixin.py:188} INFO - [2024-02-08T03:16:36.930+0100] {dagbag.py:538} INFO - Filling up the DagBag from /home/ubuntu/.local/lib/python3.10/site-packages/airflow/example_dags/example_params_ui_tutorial.py
[2024-02-08T03:16:36.958+0100] {processor.py:840} INFO - DAG(s) 'example_params_ui_tutorial' retrieved from /home/ubuntu/.local/lib/python3.10/site-packages/airflow/example_dags/example_params_ui_tutorial.py
[2024-02-08T03:16:37.053+0100] {logging_mixin.py:188} INFO - [2024-02-08T03:16:37.052+0100] {dag.py:3033} INFO - Sync 1 DAGs
[2024-02-08T03:16:37.073+0100] {logging_mixin.py:188} INFO - [2024-02-08T03:16:37.072+0100] {dag.py:3820} INFO - Setting next_dagrun for example_params_ui_tutorial to None, run_after=None
[2024-02-08T03:16:37.127+0100] {processor.py:183} INFO - Processing /home/ubuntu/.local/lib/python3.10/site-packages/airflow/example_dags/example_params_ui_tutorial.py took 0.208 seconds
[2024-02-08T03:17:34.791+0100] {processor.py:161} INFO - Started process (PID=15123) to work on /home/ubuntu/.local/lib/python3.10/site-packages/airflow/example_dags/example_params_ui_tutorial.py
[2024-02-08T03:17:34.796+0100] {processor.py:830} INFO - Processing file /home/ubuntu/.local/lib/python3.10/site-packages/airflow/example_dags/example_params_ui_tutorial.py for tasks to queue
[2024-02-08T03:17:34.798+0100] {logging_mixin.py:188} INFO - [2024-02-08T03:17:34.797+0100] {dagbag.py:538} INFO - Filling up the DagBag from /home/ubuntu/.local/lib/python3.10/site-packages/airflow/example_dags/example_params_ui_tutorial.py
[2024-02-08T03:17:34.825+0100] {processor.py:840} INFO - DAG(s) 'example_params_ui_tutorial' retrieved from /home/ubuntu/.local/lib/python3.10/site-packages/airflow/example_dags/example_params_ui_tutorial.py
[2024-02-08T03:17:34.895+0100] {logging_mixin.py:188} INFO - [2024-02-08T03:17:34.895+0100] {dag.py:3033} INFO - Sync 1 DAGs
[2024-02-08T03:17:34.910+0100] {logging_mixin.py:188} INFO - [2024-02-08T03:17:34.910+0100] {dag.py:3820} INFO - Setting next_dagrun for example_params_ui_tutorial to None, run_after=None
[2024-02-08T03:17:34.971+0100] {processor.py:183} INFO - Processing /home/ubuntu/.local/lib/python3.10/site-packages/airflow/example_dags/example_params_ui_tutorial.py took 0.187 seconds
[2024-02-08T03:18:34.422+0100] {processor.py:161} INFO - Started process (PID=15178) to work on /home/ubuntu/.local/lib/python3.10/site-packages/airflow/example_dags/example_params_ui_tutorial.py
[2024-02-08T03:18:34.428+0100] {processor.py:830} INFO - Processing file /home/ubuntu/.local/lib/python3.10/site-packages/airflow/example_dags/example_params_ui_tutorial.py for tasks to queue
[2024-02-08T03:18:34.432+0100] {logging_mixin.py:188} INFO - [2024-02-08T03:18:34.430+0100] {dagbag.py:538} INFO - Filling up the DagBag from /home/ubuntu/.local/lib/python3.10/site-packages/airflow/example_dags/example_params_ui_tutorial.py
[2024-02-08T03:18:34.456+0100] {processor.py:840} INFO - DAG(s) 'example_params_ui_tutorial' retrieved from /home/ubuntu/.local/lib/python3.10/site-packages/airflow/example_dags/example_params_ui_tutorial.py
[2024-02-08T03:18:34.532+0100] {logging_mixin.py:188} INFO - [2024-02-08T03:18:34.531+0100] {dag.py:3033} INFO - Sync 1 DAGs
[2024-02-08T03:18:34.557+0100] {logging_mixin.py:188} INFO - [2024-02-08T03:18:34.556+0100] {dag.py:3820} INFO - Setting next_dagrun for example_params_ui_tutorial to None, run_after=None
[2024-02-08T03:18:34.604+0100] {processor.py:183} INFO - Processing /home/ubuntu/.local/lib/python3.10/site-packages/airflow/example_dags/example_params_ui_tutorial.py took 0.188 seconds
[2024-02-08T03:19:40.410+0100] {processor.py:161} INFO - Started process (PID=15297) to work on /home/ubuntu/.local/lib/python3.10/site-packages/airflow/example_dags/example_params_ui_tutorial.py
[2024-02-08T03:19:40.415+0100] {processor.py:830} INFO - Processing file /home/ubuntu/.local/lib/python3.10/site-packages/airflow/example_dags/example_params_ui_tutorial.py for tasks to queue
[2024-02-08T03:19:40.419+0100] {logging_mixin.py:188} INFO - [2024-02-08T03:19:40.417+0100] {dagbag.py:538} INFO - Filling up the DagBag from /home/ubuntu/.local/lib/python3.10/site-packages/airflow/example_dags/example_params_ui_tutorial.py
[2024-02-08T03:19:40.443+0100] {processor.py:840} INFO - DAG(s) 'example_params_ui_tutorial' retrieved from /home/ubuntu/.local/lib/python3.10/site-packages/airflow/example_dags/example_params_ui_tutorial.py
[2024-02-08T03:19:40.527+0100] {logging_mixin.py:188} INFO - [2024-02-08T03:19:40.527+0100] {dag.py:3033} INFO - Sync 1 DAGs
[2024-02-08T03:19:40.543+0100] {logging_mixin.py:188} INFO - [2024-02-08T03:19:40.543+0100] {dag.py:3820} INFO - Setting next_dagrun for example_params_ui_tutorial to None, run_after=None
[2024-02-08T03:19:40.586+0100] {processor.py:183} INFO - Processing /home/ubuntu/.local/lib/python3.10/site-packages/airflow/example_dags/example_params_ui_tutorial.py took 0.180 seconds
[2024-02-08T03:20:52.953+0100] {processor.py:161} INFO - Started process (PID=15362) to work on /home/ubuntu/.local/lib/python3.10/site-packages/airflow/example_dags/example_params_ui_tutorial.py
[2024-02-08T03:20:52.956+0100] {processor.py:830} INFO - Processing file /home/ubuntu/.local/lib/python3.10/site-packages/airflow/example_dags/example_params_ui_tutorial.py for tasks to queue
[2024-02-08T03:20:52.958+0100] {logging_mixin.py:188} INFO - [2024-02-08T03:20:52.957+0100] {dagbag.py:538} INFO - Filling up the DagBag from /home/ubuntu/.local/lib/python3.10/site-packages/airflow/example_dags/example_params_ui_tutorial.py
[2024-02-08T03:20:52.979+0100] {processor.py:840} INFO - DAG(s) 'example_params_ui_tutorial' retrieved from /home/ubuntu/.local/lib/python3.10/site-packages/airflow/example_dags/example_params_ui_tutorial.py
[2024-02-08T03:20:53.164+0100] {logging_mixin.py:188} INFO - [2024-02-08T03:20:53.164+0100] {dag.py:3033} INFO - Sync 1 DAGs
[2024-02-08T03:20:53.178+0100] {logging_mixin.py:188} INFO - [2024-02-08T03:20:53.178+0100] {dag.py:3820} INFO - Setting next_dagrun for example_params_ui_tutorial to None, run_after=None
[2024-02-08T03:20:53.219+0100] {processor.py:183} INFO - Processing /home/ubuntu/.local/lib/python3.10/site-packages/airflow/example_dags/example_params_ui_tutorial.py took 0.271 seconds
[2024-02-08T03:21:59.770+0100] {processor.py:161} INFO - Started process (PID=15421) to work on /home/ubuntu/.local/lib/python3.10/site-packages/airflow/example_dags/example_params_ui_tutorial.py
[2024-02-08T03:21:59.773+0100] {processor.py:830} INFO - Processing file /home/ubuntu/.local/lib/python3.10/site-packages/airflow/example_dags/example_params_ui_tutorial.py for tasks to queue
[2024-02-08T03:21:59.774+0100] {logging_mixin.py:188} INFO - [2024-02-08T03:21:59.774+0100] {dagbag.py:538} INFO - Filling up the DagBag from /home/ubuntu/.local/lib/python3.10/site-packages/airflow/example_dags/example_params_ui_tutorial.py
[2024-02-08T03:21:59.796+0100] {processor.py:840} INFO - DAG(s) 'example_params_ui_tutorial' retrieved from /home/ubuntu/.local/lib/python3.10/site-packages/airflow/example_dags/example_params_ui_tutorial.py
[2024-02-08T03:21:59.877+0100] {logging_mixin.py:188} INFO - [2024-02-08T03:21:59.877+0100] {dag.py:3033} INFO - Sync 1 DAGs
[2024-02-08T03:21:59.891+0100] {logging_mixin.py:188} INFO - [2024-02-08T03:21:59.891+0100] {dag.py:3820} INFO - Setting next_dagrun for example_params_ui_tutorial to None, run_after=None
[2024-02-08T03:21:59.934+0100] {processor.py:183} INFO - Processing /home/ubuntu/.local/lib/python3.10/site-packages/airflow/example_dags/example_params_ui_tutorial.py took 0.169 seconds
[2024-02-08T03:23:03.227+0100] {processor.py:161} INFO - Started process (PID=15477) to work on /home/ubuntu/.local/lib/python3.10/site-packages/airflow/example_dags/example_params_ui_tutorial.py
[2024-02-08T03:23:03.230+0100] {processor.py:830} INFO - Processing file /home/ubuntu/.local/lib/python3.10/site-packages/airflow/example_dags/example_params_ui_tutorial.py for tasks to queue
[2024-02-08T03:23:03.232+0100] {logging_mixin.py:188} INFO - [2024-02-08T03:23:03.231+0100] {dagbag.py:538} INFO - Filling up the DagBag from /home/ubuntu/.local/lib/python3.10/site-packages/airflow/example_dags/example_params_ui_tutorial.py
[2024-02-08T03:23:03.252+0100] {processor.py:840} INFO - DAG(s) 'example_params_ui_tutorial' retrieved from /home/ubuntu/.local/lib/python3.10/site-packages/airflow/example_dags/example_params_ui_tutorial.py
[2024-02-08T03:23:03.329+0100] {logging_mixin.py:188} INFO - [2024-02-08T03:23:03.329+0100] {dag.py:3033} INFO - Sync 1 DAGs
[2024-02-08T03:23:03.346+0100] {logging_mixin.py:188} INFO - [2024-02-08T03:23:03.346+0100] {dag.py:3820} INFO - Setting next_dagrun for example_params_ui_tutorial to None, run_after=None
[2024-02-08T03:23:03.383+0100] {processor.py:183} INFO - Processing /home/ubuntu/.local/lib/python3.10/site-packages/airflow/example_dags/example_params_ui_tutorial.py took 0.162 seconds
[2024-02-08T03:24:27.498+0100] {processor.py:161} INFO - Started process (PID=15590) to work on /home/ubuntu/.local/lib/python3.10/site-packages/airflow/example_dags/example_params_ui_tutorial.py
[2024-02-08T03:24:27.503+0100] {processor.py:830} INFO - Processing file /home/ubuntu/.local/lib/python3.10/site-packages/airflow/example_dags/example_params_ui_tutorial.py for tasks to queue
[2024-02-08T03:24:27.504+0100] {logging_mixin.py:188} INFO - [2024-02-08T03:24:27.504+0100] {dagbag.py:538} INFO - Filling up the DagBag from /home/ubuntu/.local/lib/python3.10/site-packages/airflow/example_dags/example_params_ui_tutorial.py
[2024-02-08T03:24:27.525+0100] {processor.py:840} INFO - DAG(s) 'example_params_ui_tutorial' retrieved from /home/ubuntu/.local/lib/python3.10/site-packages/airflow/example_dags/example_params_ui_tutorial.py
[2024-02-08T03:24:27.606+0100] {logging_mixin.py:188} INFO - [2024-02-08T03:24:27.606+0100] {dag.py:3033} INFO - Sync 1 DAGs
[2024-02-08T03:24:27.622+0100] {logging_mixin.py:188} INFO - [2024-02-08T03:24:27.622+0100] {dag.py:3820} INFO - Setting next_dagrun for example_params_ui_tutorial to None, run_after=None
[2024-02-08T03:24:27.665+0100] {processor.py:183} INFO - Processing /home/ubuntu/.local/lib/python3.10/site-packages/airflow/example_dags/example_params_ui_tutorial.py took 0.172 seconds
