[2024-02-08T02:47:29.532+0100] {processor.py:161} INFO - Started process (PID=12425) to work on /home/ubuntu/.local/lib/python3.10/site-packages/airflow/example_dags/example_branch_datetime_operator.py
[2024-02-08T02:47:29.539+0100] {processor.py:830} INFO - Processing file /home/ubuntu/.local/lib/python3.10/site-packages/airflow/example_dags/example_branch_datetime_operator.py for tasks to queue
[2024-02-08T02:47:29.561+0100] {logging_mixin.py:188} INFO - [2024-02-08T02:47:29.539+0100] {dagbag.py:538} INFO - Filling up the DagBag from /home/ubuntu/.local/lib/python3.10/site-packages/airflow/example_dags/example_branch_datetime_operator.py
[2024-02-08T02:47:29.738+0100] {processor.py:840} INFO - DAG(s) 'example_branch_datetime_operator_3', 'example_branch_datetime_operator', 'example_branch_datetime_operator_2' retrieved from /home/ubuntu/.local/lib/python3.10/site-packages/airflow/example_dags/example_branch_datetime_operator.py
[2024-02-08T02:47:31.705+0100] {logging_mixin.py:188} INFO - [2024-02-08T02:47:31.704+0100] {dag.py:3033} INFO - Sync 3 DAGs
[2024-02-08T02:47:31.805+0100] {logging_mixin.py:188} INFO - [2024-02-08T02:47:31.804+0100] {dag.py:3820} INFO - Setting next_dagrun for example_branch_datetime_operator to 2024-02-07T00:00:00+00:00, run_after=2024-02-08T00:00:00+00:00
[2024-02-08T02:47:31.819+0100] {logging_mixin.py:188} INFO - [2024-02-08T02:47:31.819+0100] {dag.py:3820} INFO - Setting next_dagrun for example_branch_datetime_operator_2 to 2024-02-07T00:00:00+00:00, run_after=2024-02-08T00:00:00+00:00
[2024-02-08T02:47:31.829+0100] {logging_mixin.py:188} INFO - [2024-02-08T02:47:31.829+0100] {dag.py:3820} INFO - Setting next_dagrun for example_branch_datetime_operator_3 to 2024-02-07T00:00:00+00:00, run_after=2024-02-08T00:00:00+00:00
[2024-02-08T02:47:32.067+0100] {processor.py:183} INFO - Processing /home/ubuntu/.local/lib/python3.10/site-packages/airflow/example_dags/example_branch_datetime_operator.py took 2.561 seconds
[2024-02-08T02:49:18.419+0100] {processor.py:161} INFO - Started process (PID=13087) to work on /home/ubuntu/.local/lib/python3.10/site-packages/airflow/example_dags/example_branch_datetime_operator.py
[2024-02-08T02:49:18.423+0100] {processor.py:830} INFO - Processing file /home/ubuntu/.local/lib/python3.10/site-packages/airflow/example_dags/example_branch_datetime_operator.py for tasks to queue
[2024-02-08T02:49:18.465+0100] {logging_mixin.py:188} INFO - [2024-02-08T02:49:18.429+0100] {dagbag.py:538} INFO - Filling up the DagBag from /home/ubuntu/.local/lib/python3.10/site-packages/airflow/example_dags/example_branch_datetime_operator.py
[2024-02-08T02:49:18.622+0100] {processor.py:840} INFO - DAG(s) 'example_branch_datetime_operator_3', 'example_branch_datetime_operator_2', 'example_branch_datetime_operator' retrieved from /home/ubuntu/.local/lib/python3.10/site-packages/airflow/example_dags/example_branch_datetime_operator.py
[2024-02-08T02:49:18.733+0100] {logging_mixin.py:188} INFO - [2024-02-08T02:49:18.733+0100] {dag.py:3033} INFO - Sync 3 DAGs
[2024-02-08T02:49:18.829+0100] {logging_mixin.py:188} INFO - [2024-02-08T02:49:18.829+0100] {dag.py:3820} INFO - Setting next_dagrun for example_branch_datetime_operator to 2024-02-07T00:00:00+00:00, run_after=2024-02-08T00:00:00+00:00
[2024-02-08T02:49:18.834+0100] {logging_mixin.py:188} INFO - [2024-02-08T02:49:18.834+0100] {dag.py:3820} INFO - Setting next_dagrun for example_branch_datetime_operator_2 to 2024-02-07T00:00:00+00:00, run_after=2024-02-08T00:00:00+00:00
[2024-02-08T02:49:18.838+0100] {logging_mixin.py:188} INFO - [2024-02-08T02:49:18.838+0100] {dag.py:3820} INFO - Setting next_dagrun for example_branch_datetime_operator_3 to 2024-02-07T00:00:00+00:00, run_after=2024-02-08T00:00:00+00:00
[2024-02-08T02:49:19.042+0100] {processor.py:183} INFO - Processing /home/ubuntu/.local/lib/python3.10/site-packages/airflow/example_dags/example_branch_datetime_operator.py took 0.657 seconds
[2024-02-08T02:51:06.781+0100] {processor.py:161} INFO - Started process (PID=13654) to work on /home/ubuntu/.local/lib/python3.10/site-packages/airflow/example_dags/example_branch_datetime_operator.py
[2024-02-08T02:51:06.792+0100] {processor.py:830} INFO - Processing file /home/ubuntu/.local/lib/python3.10/site-packages/airflow/example_dags/example_branch_datetime_operator.py for tasks to queue
[2024-02-08T02:51:06.793+0100] {logging_mixin.py:188} INFO - [2024-02-08T02:51:06.793+0100] {dagbag.py:538} INFO - Filling up the DagBag from /home/ubuntu/.local/lib/python3.10/site-packages/airflow/example_dags/example_branch_datetime_operator.py
[2024-02-08T02:51:06.819+0100] {processor.py:840} INFO - DAG(s) 'example_branch_datetime_operator', 'example_branch_datetime_operator_2', 'example_branch_datetime_operator_3' retrieved from /home/ubuntu/.local/lib/python3.10/site-packages/airflow/example_dags/example_branch_datetime_operator.py
[2024-02-08T02:51:06.850+0100] {logging_mixin.py:188} INFO - [2024-02-08T02:51:06.850+0100] {dag.py:3033} INFO - Sync 3 DAGs
[2024-02-08T02:51:06.885+0100] {logging_mixin.py:188} INFO - [2024-02-08T02:51:06.884+0100] {dag.py:3820} INFO - Setting next_dagrun for example_branch_datetime_operator to 2024-02-07T00:00:00+00:00, run_after=2024-02-08T00:00:00+00:00
[2024-02-08T02:51:06.889+0100] {logging_mixin.py:188} INFO - [2024-02-08T02:51:06.889+0100] {dag.py:3820} INFO - Setting next_dagrun for example_branch_datetime_operator_2 to 2024-02-07T00:00:00+00:00, run_after=2024-02-08T00:00:00+00:00
[2024-02-08T02:51:06.892+0100] {logging_mixin.py:188} INFO - [2024-02-08T02:51:06.892+0100] {dag.py:3820} INFO - Setting next_dagrun for example_branch_datetime_operator_3 to 2024-02-07T00:00:00+00:00, run_after=2024-02-08T00:00:00+00:00
[2024-02-08T02:51:06.956+0100] {processor.py:183} INFO - Processing /home/ubuntu/.local/lib/python3.10/site-packages/airflow/example_dags/example_branch_datetime_operator.py took 0.179 seconds
[2024-02-08T02:52:36.521+0100] {processor.py:161} INFO - Started process (PID=13773) to work on /home/ubuntu/.local/lib/python3.10/site-packages/airflow/example_dags/example_branch_datetime_operator.py
[2024-02-08T02:52:36.527+0100] {processor.py:830} INFO - Processing file /home/ubuntu/.local/lib/python3.10/site-packages/airflow/example_dags/example_branch_datetime_operator.py for tasks to queue
[2024-02-08T02:52:36.528+0100] {logging_mixin.py:188} INFO - [2024-02-08T02:52:36.528+0100] {dagbag.py:538} INFO - Filling up the DagBag from /home/ubuntu/.local/lib/python3.10/site-packages/airflow/example_dags/example_branch_datetime_operator.py
[2024-02-08T02:52:36.550+0100] {processor.py:840} INFO - DAG(s) 'example_branch_datetime_operator', 'example_branch_datetime_operator_3', 'example_branch_datetime_operator_2' retrieved from /home/ubuntu/.local/lib/python3.10/site-packages/airflow/example_dags/example_branch_datetime_operator.py
[2024-02-08T02:52:36.591+0100] {logging_mixin.py:188} INFO - [2024-02-08T02:52:36.590+0100] {dag.py:3033} INFO - Sync 3 DAGs
[2024-02-08T02:52:36.629+0100] {logging_mixin.py:188} INFO - [2024-02-08T02:52:36.629+0100] {dag.py:3820} INFO - Setting next_dagrun for example_branch_datetime_operator to 2024-02-07T00:00:00+00:00, run_after=2024-02-08T00:00:00+00:00
[2024-02-08T02:52:36.634+0100] {logging_mixin.py:188} INFO - [2024-02-08T02:52:36.634+0100] {dag.py:3820} INFO - Setting next_dagrun for example_branch_datetime_operator_2 to 2024-02-07T00:00:00+00:00, run_after=2024-02-08T00:00:00+00:00
[2024-02-08T02:52:36.638+0100] {logging_mixin.py:188} INFO - [2024-02-08T02:52:36.638+0100] {dag.py:3820} INFO - Setting next_dagrun for example_branch_datetime_operator_3 to 2024-02-07T00:00:00+00:00, run_after=2024-02-08T00:00:00+00:00
[2024-02-08T02:52:36.677+0100] {processor.py:183} INFO - Processing /home/ubuntu/.local/lib/python3.10/site-packages/airflow/example_dags/example_branch_datetime_operator.py took 0.161 seconds
[2024-02-08T02:55:03.766+0100] {processor.py:161} INFO - Started process (PID=13878) to work on /home/ubuntu/.local/lib/python3.10/site-packages/airflow/example_dags/example_branch_datetime_operator.py
[2024-02-08T02:55:03.771+0100] {processor.py:830} INFO - Processing file /home/ubuntu/.local/lib/python3.10/site-packages/airflow/example_dags/example_branch_datetime_operator.py for tasks to queue
[2024-02-08T02:55:03.773+0100] {logging_mixin.py:188} INFO - [2024-02-08T02:55:03.772+0100] {dagbag.py:538} INFO - Filling up the DagBag from /home/ubuntu/.local/lib/python3.10/site-packages/airflow/example_dags/example_branch_datetime_operator.py
[2024-02-08T02:55:03.798+0100] {processor.py:840} INFO - DAG(s) 'example_branch_datetime_operator_3', 'example_branch_datetime_operator', 'example_branch_datetime_operator_2' retrieved from /home/ubuntu/.local/lib/python3.10/site-packages/airflow/example_dags/example_branch_datetime_operator.py
[2024-02-08T02:55:03.877+0100] {logging_mixin.py:188} INFO - [2024-02-08T02:55:03.876+0100] {dag.py:3033} INFO - Sync 3 DAGs
[2024-02-08T02:55:03.950+0100] {logging_mixin.py:188} INFO - [2024-02-08T02:55:03.950+0100] {dag.py:3820} INFO - Setting next_dagrun for example_branch_datetime_operator to 2024-02-07T00:00:00+00:00, run_after=2024-02-08T00:00:00+00:00
[2024-02-08T02:55:03.958+0100] {logging_mixin.py:188} INFO - [2024-02-08T02:55:03.958+0100] {dag.py:3820} INFO - Setting next_dagrun for example_branch_datetime_operator_2 to 2024-02-07T00:00:00+00:00, run_after=2024-02-08T00:00:00+00:00
[2024-02-08T02:55:03.964+0100] {logging_mixin.py:188} INFO - [2024-02-08T02:55:03.964+0100] {dag.py:3820} INFO - Setting next_dagrun for example_branch_datetime_operator_3 to 2024-02-07T00:00:00+00:00, run_after=2024-02-08T00:00:00+00:00
[2024-02-08T02:55:04.029+0100] {processor.py:183} INFO - Processing /home/ubuntu/.local/lib/python3.10/site-packages/airflow/example_dags/example_branch_datetime_operator.py took 0.274 seconds
[2024-02-08T02:58:38.873+0100] {processor.py:161} INFO - Started process (PID=13982) to work on /home/ubuntu/.local/lib/python3.10/site-packages/airflow/example_dags/example_branch_datetime_operator.py
[2024-02-08T02:58:38.877+0100] {processor.py:830} INFO - Processing file /home/ubuntu/.local/lib/python3.10/site-packages/airflow/example_dags/example_branch_datetime_operator.py for tasks to queue
[2024-02-08T02:58:38.880+0100] {logging_mixin.py:188} INFO - [2024-02-08T02:58:38.878+0100] {dagbag.py:538} INFO - Filling up the DagBag from /home/ubuntu/.local/lib/python3.10/site-packages/airflow/example_dags/example_branch_datetime_operator.py
[2024-02-08T02:58:38.926+0100] {processor.py:840} INFO - DAG(s) 'example_branch_datetime_operator_2', 'example_branch_datetime_operator', 'example_branch_datetime_operator_3' retrieved from /home/ubuntu/.local/lib/python3.10/site-packages/airflow/example_dags/example_branch_datetime_operator.py
[2024-02-08T02:58:38.998+0100] {logging_mixin.py:188} INFO - [2024-02-08T02:58:38.998+0100] {dag.py:3033} INFO - Sync 3 DAGs
[2024-02-08T02:58:39.066+0100] {logging_mixin.py:188} INFO - [2024-02-08T02:58:39.065+0100] {dag.py:3820} INFO - Setting next_dagrun for example_branch_datetime_operator to 2024-02-07T00:00:00+00:00, run_after=2024-02-08T00:00:00+00:00
[2024-02-08T02:58:39.070+0100] {logging_mixin.py:188} INFO - [2024-02-08T02:58:39.070+0100] {dag.py:3820} INFO - Setting next_dagrun for example_branch_datetime_operator_2 to 2024-02-07T00:00:00+00:00, run_after=2024-02-08T00:00:00+00:00
[2024-02-08T02:58:39.074+0100] {logging_mixin.py:188} INFO - [2024-02-08T02:58:39.074+0100] {dag.py:3820} INFO - Setting next_dagrun for example_branch_datetime_operator_3 to 2024-02-07T00:00:00+00:00, run_after=2024-02-08T00:00:00+00:00
[2024-02-08T02:58:39.139+0100] {processor.py:183} INFO - Processing /home/ubuntu/.local/lib/python3.10/site-packages/airflow/example_dags/example_branch_datetime_operator.py took 0.271 seconds
[2024-02-08T03:01:44.614+0100] {processor.py:161} INFO - Started process (PID=14105) to work on /home/ubuntu/.local/lib/python3.10/site-packages/airflow/example_dags/example_branch_datetime_operator.py
[2024-02-08T03:01:44.643+0100] {processor.py:830} INFO - Processing file /home/ubuntu/.local/lib/python3.10/site-packages/airflow/example_dags/example_branch_datetime_operator.py for tasks to queue
[2024-02-08T03:01:44.644+0100] {logging_mixin.py:188} INFO - [2024-02-08T03:01:44.644+0100] {dagbag.py:538} INFO - Filling up the DagBag from /home/ubuntu/.local/lib/python3.10/site-packages/airflow/example_dags/example_branch_datetime_operator.py
[2024-02-08T03:01:44.665+0100] {processor.py:840} INFO - DAG(s) 'example_branch_datetime_operator', 'example_branch_datetime_operator_3', 'example_branch_datetime_operator_2' retrieved from /home/ubuntu/.local/lib/python3.10/site-packages/airflow/example_dags/example_branch_datetime_operator.py
[2024-02-08T03:01:44.714+0100] {logging_mixin.py:188} INFO - [2024-02-08T03:01:44.714+0100] {dag.py:3033} INFO - Sync 3 DAGs
[2024-02-08T03:01:44.760+0100] {logging_mixin.py:188} INFO - [2024-02-08T03:01:44.760+0100] {dag.py:3820} INFO - Setting next_dagrun for example_branch_datetime_operator to 2024-02-07T00:00:00+00:00, run_after=2024-02-08T00:00:00+00:00
[2024-02-08T03:01:44.767+0100] {logging_mixin.py:188} INFO - [2024-02-08T03:01:44.767+0100] {dag.py:3820} INFO - Setting next_dagrun for example_branch_datetime_operator_2 to 2024-02-07T00:00:00+00:00, run_after=2024-02-08T00:00:00+00:00
[2024-02-08T03:01:44.771+0100] {logging_mixin.py:188} INFO - [2024-02-08T03:01:44.770+0100] {dag.py:3820} INFO - Setting next_dagrun for example_branch_datetime_operator_3 to 2024-02-07T00:00:00+00:00, run_after=2024-02-08T00:00:00+00:00
[2024-02-08T03:01:44.844+0100] {processor.py:183} INFO - Processing /home/ubuntu/.local/lib/python3.10/site-packages/airflow/example_dags/example_branch_datetime_operator.py took 0.244 seconds
[2024-02-08T03:03:48.397+0100] {processor.py:161} INFO - Started process (PID=14270) to work on /home/ubuntu/.local/lib/python3.10/site-packages/airflow/example_dags/example_branch_datetime_operator.py
[2024-02-08T03:03:48.400+0100] {processor.py:830} INFO - Processing file /home/ubuntu/.local/lib/python3.10/site-packages/airflow/example_dags/example_branch_datetime_operator.py for tasks to queue
[2024-02-08T03:03:48.403+0100] {logging_mixin.py:188} INFO - [2024-02-08T03:03:48.401+0100] {dagbag.py:538} INFO - Filling up the DagBag from /home/ubuntu/.local/lib/python3.10/site-packages/airflow/example_dags/example_branch_datetime_operator.py
[2024-02-08T03:03:48.418+0100] {processor.py:840} INFO - DAG(s) 'example_branch_datetime_operator_3', 'example_branch_datetime_operator', 'example_branch_datetime_operator_2' retrieved from /home/ubuntu/.local/lib/python3.10/site-packages/airflow/example_dags/example_branch_datetime_operator.py
[2024-02-08T03:03:48.458+0100] {logging_mixin.py:188} INFO - [2024-02-08T03:03:48.457+0100] {dag.py:3033} INFO - Sync 3 DAGs
[2024-02-08T03:03:48.503+0100] {logging_mixin.py:188} INFO - [2024-02-08T03:03:48.503+0100] {dag.py:3820} INFO - Setting next_dagrun for example_branch_datetime_operator to 2024-02-07T00:00:00+00:00, run_after=2024-02-08T00:00:00+00:00
[2024-02-08T03:03:48.508+0100] {logging_mixin.py:188} INFO - [2024-02-08T03:03:48.508+0100] {dag.py:3820} INFO - Setting next_dagrun for example_branch_datetime_operator_2 to 2024-02-07T00:00:00+00:00, run_after=2024-02-08T00:00:00+00:00
[2024-02-08T03:03:48.511+0100] {logging_mixin.py:188} INFO - [2024-02-08T03:03:48.511+0100] {dag.py:3820} INFO - Setting next_dagrun for example_branch_datetime_operator_3 to 2024-02-07T00:00:00+00:00, run_after=2024-02-08T00:00:00+00:00
[2024-02-08T03:03:48.555+0100] {processor.py:183} INFO - Processing /home/ubuntu/.local/lib/python3.10/site-packages/airflow/example_dags/example_branch_datetime_operator.py took 0.163 seconds
[2024-02-08T03:05:19.480+0100] {processor.py:161} INFO - Started process (PID=14337) to work on /home/ubuntu/.local/lib/python3.10/site-packages/airflow/example_dags/example_branch_datetime_operator.py
[2024-02-08T03:05:19.483+0100] {processor.py:830} INFO - Processing file /home/ubuntu/.local/lib/python3.10/site-packages/airflow/example_dags/example_branch_datetime_operator.py for tasks to queue
[2024-02-08T03:05:19.484+0100] {logging_mixin.py:188} INFO - [2024-02-08T03:05:19.483+0100] {dagbag.py:538} INFO - Filling up the DagBag from /home/ubuntu/.local/lib/python3.10/site-packages/airflow/example_dags/example_branch_datetime_operator.py
[2024-02-08T03:05:19.501+0100] {processor.py:840} INFO - DAG(s) 'example_branch_datetime_operator', 'example_branch_datetime_operator_3', 'example_branch_datetime_operator_2' retrieved from /home/ubuntu/.local/lib/python3.10/site-packages/airflow/example_dags/example_branch_datetime_operator.py
[2024-02-08T03:05:19.545+0100] {logging_mixin.py:188} INFO - [2024-02-08T03:05:19.545+0100] {dag.py:3033} INFO - Sync 3 DAGs
[2024-02-08T03:05:19.580+0100] {logging_mixin.py:188} INFO - [2024-02-08T03:05:19.580+0100] {dag.py:3820} INFO - Setting next_dagrun for example_branch_datetime_operator to 2024-02-07T00:00:00+00:00, run_after=2024-02-08T00:00:00+00:00
[2024-02-08T03:05:19.586+0100] {logging_mixin.py:188} INFO - [2024-02-08T03:05:19.586+0100] {dag.py:3820} INFO - Setting next_dagrun for example_branch_datetime_operator_2 to 2024-02-07T00:00:00+00:00, run_after=2024-02-08T00:00:00+00:00
[2024-02-08T03:05:19.590+0100] {logging_mixin.py:188} INFO - [2024-02-08T03:05:19.589+0100] {dag.py:3820} INFO - Setting next_dagrun for example_branch_datetime_operator_3 to 2024-02-07T00:00:00+00:00, run_after=2024-02-08T00:00:00+00:00
[2024-02-08T03:05:19.626+0100] {processor.py:183} INFO - Processing /home/ubuntu/.local/lib/python3.10/site-packages/airflow/example_dags/example_branch_datetime_operator.py took 0.151 seconds
[2024-02-08T03:06:37.296+0100] {processor.py:161} INFO - Started process (PID=14411) to work on /home/ubuntu/.local/lib/python3.10/site-packages/airflow/example_dags/example_branch_datetime_operator.py
[2024-02-08T03:06:37.299+0100] {processor.py:830} INFO - Processing file /home/ubuntu/.local/lib/python3.10/site-packages/airflow/example_dags/example_branch_datetime_operator.py for tasks to queue
[2024-02-08T03:06:37.301+0100] {logging_mixin.py:188} INFO - [2024-02-08T03:06:37.300+0100] {dagbag.py:538} INFO - Filling up the DagBag from /home/ubuntu/.local/lib/python3.10/site-packages/airflow/example_dags/example_branch_datetime_operator.py
[2024-02-08T03:06:37.317+0100] {processor.py:840} INFO - DAG(s) 'example_branch_datetime_operator', 'example_branch_datetime_operator_2', 'example_branch_datetime_operator_3' retrieved from /home/ubuntu/.local/lib/python3.10/site-packages/airflow/example_dags/example_branch_datetime_operator.py
[2024-02-08T03:06:37.349+0100] {logging_mixin.py:188} INFO - [2024-02-08T03:06:37.349+0100] {dag.py:3033} INFO - Sync 3 DAGs
[2024-02-08T03:06:37.388+0100] {logging_mixin.py:188} INFO - [2024-02-08T03:06:37.388+0100] {dag.py:3820} INFO - Setting next_dagrun for example_branch_datetime_operator to 2024-02-07T00:00:00+00:00, run_after=2024-02-08T00:00:00+00:00
[2024-02-08T03:06:37.403+0100] {logging_mixin.py:188} INFO - [2024-02-08T03:06:37.403+0100] {dag.py:3820} INFO - Setting next_dagrun for example_branch_datetime_operator_2 to 2024-02-07T00:00:00+00:00, run_after=2024-02-08T00:00:00+00:00
[2024-02-08T03:06:37.410+0100] {logging_mixin.py:188} INFO - [2024-02-08T03:06:37.410+0100] {dag.py:3820} INFO - Setting next_dagrun for example_branch_datetime_operator_3 to 2024-02-07T00:00:00+00:00, run_after=2024-02-08T00:00:00+00:00
[2024-02-08T03:06:37.445+0100] {processor.py:183} INFO - Processing /home/ubuntu/.local/lib/python3.10/site-packages/airflow/example_dags/example_branch_datetime_operator.py took 0.155 seconds
[2024-02-08T03:07:45.026+0100] {processor.py:161} INFO - Started process (PID=14534) to work on /home/ubuntu/.local/lib/python3.10/site-packages/airflow/example_dags/example_branch_datetime_operator.py
[2024-02-08T03:07:45.071+0100] {processor.py:830} INFO - Processing file /home/ubuntu/.local/lib/python3.10/site-packages/airflow/example_dags/example_branch_datetime_operator.py for tasks to queue
[2024-02-08T03:07:45.073+0100] {logging_mixin.py:188} INFO - [2024-02-08T03:07:45.073+0100] {dagbag.py:538} INFO - Filling up the DagBag from /home/ubuntu/.local/lib/python3.10/site-packages/airflow/example_dags/example_branch_datetime_operator.py
[2024-02-08T03:07:45.339+0100] {processor.py:840} INFO - DAG(s) 'example_branch_datetime_operator', 'example_branch_datetime_operator_3', 'example_branch_datetime_operator_2' retrieved from /home/ubuntu/.local/lib/python3.10/site-packages/airflow/example_dags/example_branch_datetime_operator.py
[2024-02-08T03:07:45.539+0100] {logging_mixin.py:188} INFO - [2024-02-08T03:07:45.538+0100] {dag.py:3033} INFO - Sync 3 DAGs
[2024-02-08T03:07:45.897+0100] {logging_mixin.py:188} INFO - [2024-02-08T03:07:45.897+0100] {dag.py:3820} INFO - Setting next_dagrun for example_branch_datetime_operator to 2024-02-07T00:00:00+00:00, run_after=2024-02-08T00:00:00+00:00
[2024-02-08T03:07:45.939+0100] {logging_mixin.py:188} INFO - [2024-02-08T03:07:45.939+0100] {dag.py:3820} INFO - Setting next_dagrun for example_branch_datetime_operator_2 to 2024-02-07T00:00:00+00:00, run_after=2024-02-08T00:00:00+00:00
[2024-02-08T03:07:45.942+0100] {logging_mixin.py:188} INFO - [2024-02-08T03:07:45.942+0100] {dag.py:3820} INFO - Setting next_dagrun for example_branch_datetime_operator_3 to 2024-02-07T00:00:00+00:00, run_after=2024-02-08T00:00:00+00:00
[2024-02-08T03:07:46.063+0100] {processor.py:183} INFO - Processing /home/ubuntu/.local/lib/python3.10/site-packages/airflow/example_dags/example_branch_datetime_operator.py took 1.076 seconds
[2024-02-08T03:08:56.531+0100] {processor.py:161} INFO - Started process (PID=14621) to work on /home/ubuntu/.local/lib/python3.10/site-packages/airflow/example_dags/example_branch_datetime_operator.py
[2024-02-08T03:08:56.536+0100] {processor.py:830} INFO - Processing file /home/ubuntu/.local/lib/python3.10/site-packages/airflow/example_dags/example_branch_datetime_operator.py for tasks to queue
[2024-02-08T03:08:56.538+0100] {logging_mixin.py:188} INFO - [2024-02-08T03:08:56.537+0100] {dagbag.py:538} INFO - Filling up the DagBag from /home/ubuntu/.local/lib/python3.10/site-packages/airflow/example_dags/example_branch_datetime_operator.py
[2024-02-08T03:08:56.554+0100] {processor.py:840} INFO - DAG(s) 'example_branch_datetime_operator_2', 'example_branch_datetime_operator', 'example_branch_datetime_operator_3' retrieved from /home/ubuntu/.local/lib/python3.10/site-packages/airflow/example_dags/example_branch_datetime_operator.py
[2024-02-08T03:08:56.582+0100] {logging_mixin.py:188} INFO - [2024-02-08T03:08:56.582+0100] {dag.py:3033} INFO - Sync 3 DAGs
[2024-02-08T03:08:56.611+0100] {logging_mixin.py:188} INFO - [2024-02-08T03:08:56.611+0100] {dag.py:3820} INFO - Setting next_dagrun for example_branch_datetime_operator to 2024-02-07T00:00:00+00:00, run_after=2024-02-08T00:00:00+00:00
[2024-02-08T03:08:56.621+0100] {logging_mixin.py:188} INFO - [2024-02-08T03:08:56.621+0100] {dag.py:3820} INFO - Setting next_dagrun for example_branch_datetime_operator_2 to 2024-02-07T00:00:00+00:00, run_after=2024-02-08T00:00:00+00:00
[2024-02-08T03:08:56.624+0100] {logging_mixin.py:188} INFO - [2024-02-08T03:08:56.623+0100] {dag.py:3820} INFO - Setting next_dagrun for example_branch_datetime_operator_3 to 2024-02-07T00:00:00+00:00, run_after=2024-02-08T00:00:00+00:00
[2024-02-08T03:08:56.714+0100] {processor.py:183} INFO - Processing /home/ubuntu/.local/lib/python3.10/site-packages/airflow/example_dags/example_branch_datetime_operator.py took 0.190 seconds
[2024-02-08T03:09:58.171+0100] {processor.py:161} INFO - Started process (PID=14679) to work on /home/ubuntu/.local/lib/python3.10/site-packages/airflow/example_dags/example_branch_datetime_operator.py
[2024-02-08T03:09:58.175+0100] {processor.py:830} INFO - Processing file /home/ubuntu/.local/lib/python3.10/site-packages/airflow/example_dags/example_branch_datetime_operator.py for tasks to queue
[2024-02-08T03:09:58.178+0100] {logging_mixin.py:188} INFO - [2024-02-08T03:09:58.177+0100] {dagbag.py:538} INFO - Filling up the DagBag from /home/ubuntu/.local/lib/python3.10/site-packages/airflow/example_dags/example_branch_datetime_operator.py
[2024-02-08T03:09:58.199+0100] {processor.py:840} INFO - DAG(s) 'example_branch_datetime_operator_2', 'example_branch_datetime_operator', 'example_branch_datetime_operator_3' retrieved from /home/ubuntu/.local/lib/python3.10/site-packages/airflow/example_dags/example_branch_datetime_operator.py
[2024-02-08T03:09:58.247+0100] {logging_mixin.py:188} INFO - [2024-02-08T03:09:58.247+0100] {dag.py:3033} INFO - Sync 3 DAGs
[2024-02-08T03:09:58.285+0100] {logging_mixin.py:188} INFO - [2024-02-08T03:09:58.284+0100] {dag.py:3820} INFO - Setting next_dagrun for example_branch_datetime_operator to 2024-02-07T00:00:00+00:00, run_after=2024-02-08T00:00:00+00:00
[2024-02-08T03:09:58.295+0100] {logging_mixin.py:188} INFO - [2024-02-08T03:09:58.294+0100] {dag.py:3820} INFO - Setting next_dagrun for example_branch_datetime_operator_2 to 2024-02-07T00:00:00+00:00, run_after=2024-02-08T00:00:00+00:00
[2024-02-08T03:09:58.297+0100] {logging_mixin.py:188} INFO - [2024-02-08T03:09:58.297+0100] {dag.py:3820} INFO - Setting next_dagrun for example_branch_datetime_operator_3 to 2024-02-07T00:00:00+00:00, run_after=2024-02-08T00:00:00+00:00
[2024-02-08T03:09:58.345+0100] {processor.py:183} INFO - Processing /home/ubuntu/.local/lib/python3.10/site-packages/airflow/example_dags/example_branch_datetime_operator.py took 0.183 seconds
[2024-02-08T03:11:06.547+0100] {processor.py:161} INFO - Started process (PID=14739) to work on /home/ubuntu/.local/lib/python3.10/site-packages/airflow/example_dags/example_branch_datetime_operator.py
[2024-02-08T03:11:06.553+0100] {processor.py:830} INFO - Processing file /home/ubuntu/.local/lib/python3.10/site-packages/airflow/example_dags/example_branch_datetime_operator.py for tasks to queue
[2024-02-08T03:11:06.557+0100] {logging_mixin.py:188} INFO - [2024-02-08T03:11:06.556+0100] {dagbag.py:538} INFO - Filling up the DagBag from /home/ubuntu/.local/lib/python3.10/site-packages/airflow/example_dags/example_branch_datetime_operator.py
[2024-02-08T03:11:06.579+0100] {processor.py:840} INFO - DAG(s) 'example_branch_datetime_operator_3', 'example_branch_datetime_operator', 'example_branch_datetime_operator_2' retrieved from /home/ubuntu/.local/lib/python3.10/site-packages/airflow/example_dags/example_branch_datetime_operator.py
[2024-02-08T03:11:06.622+0100] {logging_mixin.py:188} INFO - [2024-02-08T03:11:06.621+0100] {dag.py:3033} INFO - Sync 3 DAGs
[2024-02-08T03:11:06.659+0100] {logging_mixin.py:188} INFO - [2024-02-08T03:11:06.659+0100] {dag.py:3820} INFO - Setting next_dagrun for example_branch_datetime_operator to 2024-02-07T00:00:00+00:00, run_after=2024-02-08T00:00:00+00:00
[2024-02-08T03:11:06.670+0100] {logging_mixin.py:188} INFO - [2024-02-08T03:11:06.669+0100] {dag.py:3820} INFO - Setting next_dagrun for example_branch_datetime_operator_2 to 2024-02-07T00:00:00+00:00, run_after=2024-02-08T00:00:00+00:00
[2024-02-08T03:11:06.674+0100] {logging_mixin.py:188} INFO - [2024-02-08T03:11:06.674+0100] {dag.py:3820} INFO - Setting next_dagrun for example_branch_datetime_operator_3 to 2024-02-07T00:00:00+00:00, run_after=2024-02-08T00:00:00+00:00
[2024-02-08T03:11:06.718+0100] {processor.py:183} INFO - Processing /home/ubuntu/.local/lib/python3.10/site-packages/airflow/example_dags/example_branch_datetime_operator.py took 0.175 seconds
[2024-02-08T03:12:10.106+0100] {processor.py:161} INFO - Started process (PID=14796) to work on /home/ubuntu/.local/lib/python3.10/site-packages/airflow/example_dags/example_branch_datetime_operator.py
[2024-02-08T03:12:10.110+0100] {processor.py:830} INFO - Processing file /home/ubuntu/.local/lib/python3.10/site-packages/airflow/example_dags/example_branch_datetime_operator.py for tasks to queue
[2024-02-08T03:12:10.114+0100] {logging_mixin.py:188} INFO - [2024-02-08T03:12:10.112+0100] {dagbag.py:538} INFO - Filling up the DagBag from /home/ubuntu/.local/lib/python3.10/site-packages/airflow/example_dags/example_branch_datetime_operator.py
[2024-02-08T03:12:10.130+0100] {processor.py:840} INFO - DAG(s) 'example_branch_datetime_operator', 'example_branch_datetime_operator_2', 'example_branch_datetime_operator_3' retrieved from /home/ubuntu/.local/lib/python3.10/site-packages/airflow/example_dags/example_branch_datetime_operator.py
[2024-02-08T03:12:10.169+0100] {logging_mixin.py:188} INFO - [2024-02-08T03:12:10.169+0100] {dag.py:3033} INFO - Sync 3 DAGs
[2024-02-08T03:12:10.200+0100] {logging_mixin.py:188} INFO - [2024-02-08T03:12:10.200+0100] {dag.py:3820} INFO - Setting next_dagrun for example_branch_datetime_operator to 2024-02-07T00:00:00+00:00, run_after=2024-02-08T00:00:00+00:00
[2024-02-08T03:12:10.205+0100] {logging_mixin.py:188} INFO - [2024-02-08T03:12:10.205+0100] {dag.py:3820} INFO - Setting next_dagrun for example_branch_datetime_operator_2 to 2024-02-07T00:00:00+00:00, run_after=2024-02-08T00:00:00+00:00
[2024-02-08T03:12:10.208+0100] {logging_mixin.py:188} INFO - [2024-02-08T03:12:10.208+0100] {dag.py:3820} INFO - Setting next_dagrun for example_branch_datetime_operator_3 to 2024-02-07T00:00:00+00:00, run_after=2024-02-08T00:00:00+00:00
[2024-02-08T03:12:10.248+0100] {processor.py:183} INFO - Processing /home/ubuntu/.local/lib/python3.10/site-packages/airflow/example_dags/example_branch_datetime_operator.py took 0.146 seconds
[2024-02-08T03:13:08.790+0100] {processor.py:161} INFO - Started process (PID=14854) to work on /home/ubuntu/.local/lib/python3.10/site-packages/airflow/example_dags/example_branch_datetime_operator.py
[2024-02-08T03:13:08.794+0100] {processor.py:830} INFO - Processing file /home/ubuntu/.local/lib/python3.10/site-packages/airflow/example_dags/example_branch_datetime_operator.py for tasks to queue
[2024-02-08T03:13:08.796+0100] {logging_mixin.py:188} INFO - [2024-02-08T03:13:08.795+0100] {dagbag.py:538} INFO - Filling up the DagBag from /home/ubuntu/.local/lib/python3.10/site-packages/airflow/example_dags/example_branch_datetime_operator.py
[2024-02-08T03:13:08.822+0100] {processor.py:840} INFO - DAG(s) 'example_branch_datetime_operator_2', 'example_branch_datetime_operator', 'example_branch_datetime_operator_3' retrieved from /home/ubuntu/.local/lib/python3.10/site-packages/airflow/example_dags/example_branch_datetime_operator.py
[2024-02-08T03:13:08.858+0100] {logging_mixin.py:188} INFO - [2024-02-08T03:13:08.857+0100] {dag.py:3033} INFO - Sync 3 DAGs
[2024-02-08T03:13:08.892+0100] {logging_mixin.py:188} INFO - [2024-02-08T03:13:08.891+0100] {dag.py:3820} INFO - Setting next_dagrun for example_branch_datetime_operator to 2024-02-07T00:00:00+00:00, run_after=2024-02-08T00:00:00+00:00
[2024-02-08T03:13:08.898+0100] {logging_mixin.py:188} INFO - [2024-02-08T03:13:08.897+0100] {dag.py:3820} INFO - Setting next_dagrun for example_branch_datetime_operator_2 to 2024-02-07T00:00:00+00:00, run_after=2024-02-08T00:00:00+00:00
[2024-02-08T03:13:08.901+0100] {logging_mixin.py:188} INFO - [2024-02-08T03:13:08.900+0100] {dag.py:3820} INFO - Setting next_dagrun for example_branch_datetime_operator_3 to 2024-02-07T00:00:00+00:00, run_after=2024-02-08T00:00:00+00:00
[2024-02-08T03:13:08.938+0100] {processor.py:183} INFO - Processing /home/ubuntu/.local/lib/python3.10/site-packages/airflow/example_dags/example_branch_datetime_operator.py took 0.156 seconds
[2024-02-08T03:14:08.727+0100] {processor.py:161} INFO - Started process (PID=14913) to work on /home/ubuntu/.local/lib/python3.10/site-packages/airflow/example_dags/example_branch_datetime_operator.py
[2024-02-08T03:14:08.730+0100] {processor.py:830} INFO - Processing file /home/ubuntu/.local/lib/python3.10/site-packages/airflow/example_dags/example_branch_datetime_operator.py for tasks to queue
[2024-02-08T03:14:08.732+0100] {logging_mixin.py:188} INFO - [2024-02-08T03:14:08.731+0100] {dagbag.py:538} INFO - Filling up the DagBag from /home/ubuntu/.local/lib/python3.10/site-packages/airflow/example_dags/example_branch_datetime_operator.py
[2024-02-08T03:14:08.762+0100] {processor.py:840} INFO - DAG(s) 'example_branch_datetime_operator_3', 'example_branch_datetime_operator_2', 'example_branch_datetime_operator' retrieved from /home/ubuntu/.local/lib/python3.10/site-packages/airflow/example_dags/example_branch_datetime_operator.py
[2024-02-08T03:14:08.808+0100] {logging_mixin.py:188} INFO - [2024-02-08T03:14:08.808+0100] {dag.py:3033} INFO - Sync 3 DAGs
[2024-02-08T03:14:08.849+0100] {logging_mixin.py:188} INFO - [2024-02-08T03:14:08.848+0100] {dag.py:3820} INFO - Setting next_dagrun for example_branch_datetime_operator to 2024-02-07T00:00:00+00:00, run_after=2024-02-08T00:00:00+00:00
[2024-02-08T03:14:08.854+0100] {logging_mixin.py:188} INFO - [2024-02-08T03:14:08.853+0100] {dag.py:3820} INFO - Setting next_dagrun for example_branch_datetime_operator_2 to 2024-02-07T00:00:00+00:00, run_after=2024-02-08T00:00:00+00:00
[2024-02-08T03:14:08.860+0100] {logging_mixin.py:188} INFO - [2024-02-08T03:14:08.860+0100] {dag.py:3820} INFO - Setting next_dagrun for example_branch_datetime_operator_3 to 2024-02-07T00:00:00+00:00, run_after=2024-02-08T00:00:00+00:00
[2024-02-08T03:14:08.913+0100] {processor.py:183} INFO - Processing /home/ubuntu/.local/lib/python3.10/site-packages/airflow/example_dags/example_branch_datetime_operator.py took 0.192 seconds
[2024-02-08T03:15:12.779+0100] {processor.py:161} INFO - Started process (PID=14984) to work on /home/ubuntu/.local/lib/python3.10/site-packages/airflow/example_dags/example_branch_datetime_operator.py
[2024-02-08T03:15:12.785+0100] {processor.py:830} INFO - Processing file /home/ubuntu/.local/lib/python3.10/site-packages/airflow/example_dags/example_branch_datetime_operator.py for tasks to queue
[2024-02-08T03:15:12.787+0100] {logging_mixin.py:188} INFO - [2024-02-08T03:15:12.786+0100] {dagbag.py:538} INFO - Filling up the DagBag from /home/ubuntu/.local/lib/python3.10/site-packages/airflow/example_dags/example_branch_datetime_operator.py
[2024-02-08T03:15:12.803+0100] {processor.py:840} INFO - DAG(s) 'example_branch_datetime_operator', 'example_branch_datetime_operator_2', 'example_branch_datetime_operator_3' retrieved from /home/ubuntu/.local/lib/python3.10/site-packages/airflow/example_dags/example_branch_datetime_operator.py
[2024-02-08T03:15:12.854+0100] {logging_mixin.py:188} INFO - [2024-02-08T03:15:12.854+0100] {dag.py:3033} INFO - Sync 3 DAGs
[2024-02-08T03:15:12.884+0100] {logging_mixin.py:188} INFO - [2024-02-08T03:15:12.884+0100] {dag.py:3820} INFO - Setting next_dagrun for example_branch_datetime_operator to 2024-02-07T00:00:00+00:00, run_after=2024-02-08T00:00:00+00:00
[2024-02-08T03:15:12.890+0100] {logging_mixin.py:188} INFO - [2024-02-08T03:15:12.890+0100] {dag.py:3820} INFO - Setting next_dagrun for example_branch_datetime_operator_2 to 2024-02-07T00:00:00+00:00, run_after=2024-02-08T00:00:00+00:00
[2024-02-08T03:15:12.896+0100] {logging_mixin.py:188} INFO - [2024-02-08T03:15:12.895+0100] {dag.py:3820} INFO - Setting next_dagrun for example_branch_datetime_operator_3 to 2024-02-07T00:00:00+00:00, run_after=2024-02-08T00:00:00+00:00
[2024-02-08T03:15:12.946+0100] {processor.py:183} INFO - Processing /home/ubuntu/.local/lib/python3.10/site-packages/airflow/example_dags/example_branch_datetime_operator.py took 0.176 seconds
[2024-02-08T03:16:14.680+0100] {processor.py:161} INFO - Started process (PID=15041) to work on /home/ubuntu/.local/lib/python3.10/site-packages/airflow/example_dags/example_branch_datetime_operator.py
[2024-02-08T03:16:14.686+0100] {processor.py:830} INFO - Processing file /home/ubuntu/.local/lib/python3.10/site-packages/airflow/example_dags/example_branch_datetime_operator.py for tasks to queue
[2024-02-08T03:16:14.688+0100] {logging_mixin.py:188} INFO - [2024-02-08T03:16:14.687+0100] {dagbag.py:538} INFO - Filling up the DagBag from /home/ubuntu/.local/lib/python3.10/site-packages/airflow/example_dags/example_branch_datetime_operator.py
[2024-02-08T03:16:14.714+0100] {processor.py:840} INFO - DAG(s) 'example_branch_datetime_operator_3', 'example_branch_datetime_operator', 'example_branch_datetime_operator_2' retrieved from /home/ubuntu/.local/lib/python3.10/site-packages/airflow/example_dags/example_branch_datetime_operator.py
[2024-02-08T03:16:14.781+0100] {logging_mixin.py:188} INFO - [2024-02-08T03:16:14.781+0100] {dag.py:3033} INFO - Sync 3 DAGs
[2024-02-08T03:16:14.818+0100] {logging_mixin.py:188} INFO - [2024-02-08T03:16:14.818+0100] {dag.py:3820} INFO - Setting next_dagrun for example_branch_datetime_operator to 2024-02-07T00:00:00+00:00, run_after=2024-02-08T00:00:00+00:00
[2024-02-08T03:16:14.825+0100] {logging_mixin.py:188} INFO - [2024-02-08T03:16:14.825+0100] {dag.py:3820} INFO - Setting next_dagrun for example_branch_datetime_operator_2 to 2024-02-07T00:00:00+00:00, run_after=2024-02-08T00:00:00+00:00
[2024-02-08T03:16:14.828+0100] {logging_mixin.py:188} INFO - [2024-02-08T03:16:14.828+0100] {dag.py:3820} INFO - Setting next_dagrun for example_branch_datetime_operator_3 to 2024-02-07T00:00:00+00:00, run_after=2024-02-08T00:00:00+00:00
[2024-02-08T03:16:14.871+0100] {processor.py:183} INFO - Processing /home/ubuntu/.local/lib/python3.10/site-packages/airflow/example_dags/example_branch_datetime_operator.py took 0.197 seconds
[2024-02-08T03:17:13.681+0100] {processor.py:161} INFO - Started process (PID=15099) to work on /home/ubuntu/.local/lib/python3.10/site-packages/airflow/example_dags/example_branch_datetime_operator.py
[2024-02-08T03:17:13.686+0100] {processor.py:830} INFO - Processing file /home/ubuntu/.local/lib/python3.10/site-packages/airflow/example_dags/example_branch_datetime_operator.py for tasks to queue
[2024-02-08T03:17:13.689+0100] {logging_mixin.py:188} INFO - [2024-02-08T03:17:13.688+0100] {dagbag.py:538} INFO - Filling up the DagBag from /home/ubuntu/.local/lib/python3.10/site-packages/airflow/example_dags/example_branch_datetime_operator.py
[2024-02-08T03:17:13.712+0100] {processor.py:840} INFO - DAG(s) 'example_branch_datetime_operator_3', 'example_branch_datetime_operator_2', 'example_branch_datetime_operator' retrieved from /home/ubuntu/.local/lib/python3.10/site-packages/airflow/example_dags/example_branch_datetime_operator.py
[2024-02-08T03:17:13.761+0100] {logging_mixin.py:188} INFO - [2024-02-08T03:17:13.760+0100] {dag.py:3033} INFO - Sync 3 DAGs
[2024-02-08T03:17:13.799+0100] {logging_mixin.py:188} INFO - [2024-02-08T03:17:13.799+0100] {dag.py:3820} INFO - Setting next_dagrun for example_branch_datetime_operator to 2024-02-07T00:00:00+00:00, run_after=2024-02-08T00:00:00+00:00
[2024-02-08T03:17:13.804+0100] {logging_mixin.py:188} INFO - [2024-02-08T03:17:13.804+0100] {dag.py:3820} INFO - Setting next_dagrun for example_branch_datetime_operator_2 to 2024-02-07T00:00:00+00:00, run_after=2024-02-08T00:00:00+00:00
[2024-02-08T03:17:13.808+0100] {logging_mixin.py:188} INFO - [2024-02-08T03:17:13.807+0100] {dag.py:3820} INFO - Setting next_dagrun for example_branch_datetime_operator_3 to 2024-02-07T00:00:00+00:00, run_after=2024-02-08T00:00:00+00:00
[2024-02-08T03:17:13.852+0100] {processor.py:183} INFO - Processing /home/ubuntu/.local/lib/python3.10/site-packages/airflow/example_dags/example_branch_datetime_operator.py took 0.178 seconds
[2024-02-08T03:18:11.891+0100] {processor.py:161} INFO - Started process (PID=15156) to work on /home/ubuntu/.local/lib/python3.10/site-packages/airflow/example_dags/example_branch_datetime_operator.py
[2024-02-08T03:18:11.894+0100] {processor.py:830} INFO - Processing file /home/ubuntu/.local/lib/python3.10/site-packages/airflow/example_dags/example_branch_datetime_operator.py for tasks to queue
[2024-02-08T03:18:11.897+0100] {logging_mixin.py:188} INFO - [2024-02-08T03:18:11.896+0100] {dagbag.py:538} INFO - Filling up the DagBag from /home/ubuntu/.local/lib/python3.10/site-packages/airflow/example_dags/example_branch_datetime_operator.py
[2024-02-08T03:18:11.923+0100] {processor.py:840} INFO - DAG(s) 'example_branch_datetime_operator', 'example_branch_datetime_operator_2', 'example_branch_datetime_operator_3' retrieved from /home/ubuntu/.local/lib/python3.10/site-packages/airflow/example_dags/example_branch_datetime_operator.py
[2024-02-08T03:18:11.968+0100] {logging_mixin.py:188} INFO - [2024-02-08T03:18:11.967+0100] {dag.py:3033} INFO - Sync 3 DAGs
[2024-02-08T03:18:12.016+0100] {logging_mixin.py:188} INFO - [2024-02-08T03:18:12.016+0100] {dag.py:3820} INFO - Setting next_dagrun for example_branch_datetime_operator to 2024-02-07T00:00:00+00:00, run_after=2024-02-08T00:00:00+00:00
[2024-02-08T03:18:12.024+0100] {logging_mixin.py:188} INFO - [2024-02-08T03:18:12.024+0100] {dag.py:3820} INFO - Setting next_dagrun for example_branch_datetime_operator_2 to 2024-02-07T00:00:00+00:00, run_after=2024-02-08T00:00:00+00:00
[2024-02-08T03:18:12.030+0100] {logging_mixin.py:188} INFO - [2024-02-08T03:18:12.029+0100] {dag.py:3820} INFO - Setting next_dagrun for example_branch_datetime_operator_3 to 2024-02-07T00:00:00+00:00, run_after=2024-02-08T00:00:00+00:00
[2024-02-08T03:18:12.082+0100] {processor.py:183} INFO - Processing /home/ubuntu/.local/lib/python3.10/site-packages/airflow/example_dags/example_branch_datetime_operator.py took 0.199 seconds
[2024-02-08T03:19:11.771+0100] {processor.py:161} INFO - Started process (PID=15211) to work on /home/ubuntu/.local/lib/python3.10/site-packages/airflow/example_dags/example_branch_datetime_operator.py
[2024-02-08T03:19:11.775+0100] {processor.py:830} INFO - Processing file /home/ubuntu/.local/lib/python3.10/site-packages/airflow/example_dags/example_branch_datetime_operator.py for tasks to queue
[2024-02-08T03:19:11.777+0100] {logging_mixin.py:188} INFO - [2024-02-08T03:19:11.776+0100] {dagbag.py:538} INFO - Filling up the DagBag from /home/ubuntu/.local/lib/python3.10/site-packages/airflow/example_dags/example_branch_datetime_operator.py
[2024-02-08T03:19:11.799+0100] {processor.py:840} INFO - DAG(s) 'example_branch_datetime_operator', 'example_branch_datetime_operator_3', 'example_branch_datetime_operator_2' retrieved from /home/ubuntu/.local/lib/python3.10/site-packages/airflow/example_dags/example_branch_datetime_operator.py
[2024-02-08T03:19:11.841+0100] {logging_mixin.py:188} INFO - [2024-02-08T03:19:11.841+0100] {dag.py:3033} INFO - Sync 3 DAGs
[2024-02-08T03:19:11.881+0100] {logging_mixin.py:188} INFO - [2024-02-08T03:19:11.881+0100] {dag.py:3820} INFO - Setting next_dagrun for example_branch_datetime_operator to 2024-02-07T00:00:00+00:00, run_after=2024-02-08T00:00:00+00:00
[2024-02-08T03:19:11.889+0100] {logging_mixin.py:188} INFO - [2024-02-08T03:19:11.889+0100] {dag.py:3820} INFO - Setting next_dagrun for example_branch_datetime_operator_2 to 2024-02-07T00:00:00+00:00, run_after=2024-02-08T00:00:00+00:00
[2024-02-08T03:19:11.892+0100] {logging_mixin.py:188} INFO - [2024-02-08T03:19:11.892+0100] {dag.py:3820} INFO - Setting next_dagrun for example_branch_datetime_operator_3 to 2024-02-07T00:00:00+00:00, run_after=2024-02-08T00:00:00+00:00
[2024-02-08T03:19:11.938+0100] {processor.py:183} INFO - Processing /home/ubuntu/.local/lib/python3.10/site-packages/airflow/example_dags/example_branch_datetime_operator.py took 0.174 seconds
[2024-02-08T03:20:28.038+0100] {processor.py:161} INFO - Started process (PID=15338) to work on /home/ubuntu/.local/lib/python3.10/site-packages/airflow/example_dags/example_branch_datetime_operator.py
[2024-02-08T03:20:28.043+0100] {processor.py:830} INFO - Processing file /home/ubuntu/.local/lib/python3.10/site-packages/airflow/example_dags/example_branch_datetime_operator.py for tasks to queue
[2024-02-08T03:20:28.044+0100] {logging_mixin.py:188} INFO - [2024-02-08T03:20:28.044+0100] {dagbag.py:538} INFO - Filling up the DagBag from /home/ubuntu/.local/lib/python3.10/site-packages/airflow/example_dags/example_branch_datetime_operator.py
[2024-02-08T03:20:28.060+0100] {processor.py:840} INFO - DAG(s) 'example_branch_datetime_operator_2', 'example_branch_datetime_operator', 'example_branch_datetime_operator_3' retrieved from /home/ubuntu/.local/lib/python3.10/site-packages/airflow/example_dags/example_branch_datetime_operator.py
[2024-02-08T03:20:28.100+0100] {logging_mixin.py:188} INFO - [2024-02-08T03:20:28.099+0100] {dag.py:3033} INFO - Sync 3 DAGs
[2024-02-08T03:20:28.127+0100] {logging_mixin.py:188} INFO - [2024-02-08T03:20:28.127+0100] {dag.py:3820} INFO - Setting next_dagrun for example_branch_datetime_operator to 2024-02-07T00:00:00+00:00, run_after=2024-02-08T00:00:00+00:00
[2024-02-08T03:20:28.135+0100] {logging_mixin.py:188} INFO - [2024-02-08T03:20:28.135+0100] {dag.py:3820} INFO - Setting next_dagrun for example_branch_datetime_operator_2 to 2024-02-07T00:00:00+00:00, run_after=2024-02-08T00:00:00+00:00
[2024-02-08T03:20:28.138+0100] {logging_mixin.py:188} INFO - [2024-02-08T03:20:28.137+0100] {dag.py:3820} INFO - Setting next_dagrun for example_branch_datetime_operator_3 to 2024-02-07T00:00:00+00:00, run_after=2024-02-08T00:00:00+00:00
[2024-02-08T03:20:28.171+0100] {processor.py:183} INFO - Processing /home/ubuntu/.local/lib/python3.10/site-packages/airflow/example_dags/example_branch_datetime_operator.py took 0.137 seconds
[2024-02-08T03:21:36.326+0100] {processor.py:161} INFO - Started process (PID=15399) to work on /home/ubuntu/.local/lib/python3.10/site-packages/airflow/example_dags/example_branch_datetime_operator.py
[2024-02-08T03:21:36.330+0100] {processor.py:830} INFO - Processing file /home/ubuntu/.local/lib/python3.10/site-packages/airflow/example_dags/example_branch_datetime_operator.py for tasks to queue
[2024-02-08T03:21:36.332+0100] {logging_mixin.py:188} INFO - [2024-02-08T03:21:36.331+0100] {dagbag.py:538} INFO - Filling up the DagBag from /home/ubuntu/.local/lib/python3.10/site-packages/airflow/example_dags/example_branch_datetime_operator.py
[2024-02-08T03:21:36.346+0100] {processor.py:840} INFO - DAG(s) 'example_branch_datetime_operator_2', 'example_branch_datetime_operator', 'example_branch_datetime_operator_3' retrieved from /home/ubuntu/.local/lib/python3.10/site-packages/airflow/example_dags/example_branch_datetime_operator.py
[2024-02-08T03:21:36.382+0100] {logging_mixin.py:188} INFO - [2024-02-08T03:21:36.382+0100] {dag.py:3033} INFO - Sync 3 DAGs
[2024-02-08T03:21:36.410+0100] {logging_mixin.py:188} INFO - [2024-02-08T03:21:36.410+0100] {dag.py:3820} INFO - Setting next_dagrun for example_branch_datetime_operator to 2024-02-07T00:00:00+00:00, run_after=2024-02-08T00:00:00+00:00
[2024-02-08T03:21:36.416+0100] {logging_mixin.py:188} INFO - [2024-02-08T03:21:36.416+0100] {dag.py:3820} INFO - Setting next_dagrun for example_branch_datetime_operator_2 to 2024-02-07T00:00:00+00:00, run_after=2024-02-08T00:00:00+00:00
[2024-02-08T03:21:36.419+0100] {logging_mixin.py:188} INFO - [2024-02-08T03:21:36.418+0100] {dag.py:3820} INFO - Setting next_dagrun for example_branch_datetime_operator_3 to 2024-02-07T00:00:00+00:00, run_after=2024-02-08T00:00:00+00:00
[2024-02-08T03:21:36.480+0100] {processor.py:183} INFO - Processing /home/ubuntu/.local/lib/python3.10/site-packages/airflow/example_dags/example_branch_datetime_operator.py took 0.159 seconds
[2024-02-08T03:22:42.033+0100] {processor.py:161} INFO - Started process (PID=15457) to work on /home/ubuntu/.local/lib/python3.10/site-packages/airflow/example_dags/example_branch_datetime_operator.py
[2024-02-08T03:22:42.038+0100] {processor.py:830} INFO - Processing file /home/ubuntu/.local/lib/python3.10/site-packages/airflow/example_dags/example_branch_datetime_operator.py for tasks to queue
[2024-02-08T03:22:42.044+0100] {logging_mixin.py:188} INFO - [2024-02-08T03:22:42.043+0100] {dagbag.py:538} INFO - Filling up the DagBag from /home/ubuntu/.local/lib/python3.10/site-packages/airflow/example_dags/example_branch_datetime_operator.py
[2024-02-08T03:22:42.061+0100] {processor.py:840} INFO - DAG(s) 'example_branch_datetime_operator', 'example_branch_datetime_operator_3', 'example_branch_datetime_operator_2' retrieved from /home/ubuntu/.local/lib/python3.10/site-packages/airflow/example_dags/example_branch_datetime_operator.py
[2024-02-08T03:22:42.118+0100] {logging_mixin.py:188} INFO - [2024-02-08T03:22:42.118+0100] {dag.py:3033} INFO - Sync 3 DAGs
[2024-02-08T03:22:42.149+0100] {logging_mixin.py:188} INFO - [2024-02-08T03:22:42.149+0100] {dag.py:3820} INFO - Setting next_dagrun for example_branch_datetime_operator to 2024-02-07T00:00:00+00:00, run_after=2024-02-08T00:00:00+00:00
[2024-02-08T03:22:42.154+0100] {logging_mixin.py:188} INFO - [2024-02-08T03:22:42.154+0100] {dag.py:3820} INFO - Setting next_dagrun for example_branch_datetime_operator_2 to 2024-02-07T00:00:00+00:00, run_after=2024-02-08T00:00:00+00:00
[2024-02-08T03:22:42.156+0100] {logging_mixin.py:188} INFO - [2024-02-08T03:22:42.156+0100] {dag.py:3820} INFO - Setting next_dagrun for example_branch_datetime_operator_3 to 2024-02-07T00:00:00+00:00, run_after=2024-02-08T00:00:00+00:00
[2024-02-08T03:22:42.193+0100] {processor.py:183} INFO - Processing /home/ubuntu/.local/lib/python3.10/site-packages/airflow/example_dags/example_branch_datetime_operator.py took 0.167 seconds
[2024-02-08T03:23:52.664+0100] {processor.py:161} INFO - Started process (PID=15544) to work on /home/ubuntu/.local/lib/python3.10/site-packages/airflow/example_dags/example_branch_datetime_operator.py
[2024-02-08T03:23:52.668+0100] {processor.py:830} INFO - Processing file /home/ubuntu/.local/lib/python3.10/site-packages/airflow/example_dags/example_branch_datetime_operator.py for tasks to queue
[2024-02-08T03:23:52.670+0100] {logging_mixin.py:188} INFO - [2024-02-08T03:23:52.669+0100] {dagbag.py:538} INFO - Filling up the DagBag from /home/ubuntu/.local/lib/python3.10/site-packages/airflow/example_dags/example_branch_datetime_operator.py
[2024-02-08T03:23:52.689+0100] {processor.py:840} INFO - DAG(s) 'example_branch_datetime_operator', 'example_branch_datetime_operator_3', 'example_branch_datetime_operator_2' retrieved from /home/ubuntu/.local/lib/python3.10/site-packages/airflow/example_dags/example_branch_datetime_operator.py
[2024-02-08T03:23:52.728+0100] {logging_mixin.py:188} INFO - [2024-02-08T03:23:52.728+0100] {dag.py:3033} INFO - Sync 3 DAGs
[2024-02-08T03:23:52.764+0100] {logging_mixin.py:188} INFO - [2024-02-08T03:23:52.764+0100] {dag.py:3820} INFO - Setting next_dagrun for example_branch_datetime_operator to 2024-02-07T00:00:00+00:00, run_after=2024-02-08T00:00:00+00:00
[2024-02-08T03:23:52.769+0100] {logging_mixin.py:188} INFO - [2024-02-08T03:23:52.769+0100] {dag.py:3820} INFO - Setting next_dagrun for example_branch_datetime_operator_2 to 2024-02-07T00:00:00+00:00, run_after=2024-02-08T00:00:00+00:00
[2024-02-08T03:23:52.772+0100] {logging_mixin.py:188} INFO - [2024-02-08T03:23:52.772+0100] {dag.py:3820} INFO - Setting next_dagrun for example_branch_datetime_operator_3 to 2024-02-07T00:00:00+00:00, run_after=2024-02-08T00:00:00+00:00
[2024-02-08T03:23:52.811+0100] {processor.py:183} INFO - Processing /home/ubuntu/.local/lib/python3.10/site-packages/airflow/example_dags/example_branch_datetime_operator.py took 0.152 seconds
[2024-02-08T03:25:24.751+0100] {processor.py:161} INFO - Started process (PID=15672) to work on /home/ubuntu/.local/lib/python3.10/site-packages/airflow/example_dags/example_branch_datetime_operator.py
[2024-02-08T03:25:24.755+0100] {processor.py:830} INFO - Processing file /home/ubuntu/.local/lib/python3.10/site-packages/airflow/example_dags/example_branch_datetime_operator.py for tasks to queue
[2024-02-08T03:25:24.757+0100] {logging_mixin.py:188} INFO - [2024-02-08T03:25:24.756+0100] {dagbag.py:538} INFO - Filling up the DagBag from /home/ubuntu/.local/lib/python3.10/site-packages/airflow/example_dags/example_branch_datetime_operator.py
[2024-02-08T03:25:24.800+0100] {processor.py:840} INFO - DAG(s) 'example_branch_datetime_operator', 'example_branch_datetime_operator_2', 'example_branch_datetime_operator_3' retrieved from /home/ubuntu/.local/lib/python3.10/site-packages/airflow/example_dags/example_branch_datetime_operator.py
[2024-02-08T03:25:24.841+0100] {logging_mixin.py:188} INFO - [2024-02-08T03:25:24.841+0100] {dag.py:3033} INFO - Sync 3 DAGs
[2024-02-08T03:25:24.866+0100] {logging_mixin.py:188} INFO - [2024-02-08T03:25:24.866+0100] {dag.py:3820} INFO - Setting next_dagrun for example_branch_datetime_operator to 2024-02-07T00:00:00+00:00, run_after=2024-02-08T00:00:00+00:00
[2024-02-08T03:25:24.871+0100] {logging_mixin.py:188} INFO - [2024-02-08T03:25:24.871+0100] {dag.py:3820} INFO - Setting next_dagrun for example_branch_datetime_operator_2 to 2024-02-07T00:00:00+00:00, run_after=2024-02-08T00:00:00+00:00
[2024-02-08T03:25:24.874+0100] {logging_mixin.py:188} INFO - [2024-02-08T03:25:24.873+0100] {dag.py:3820} INFO - Setting next_dagrun for example_branch_datetime_operator_3 to 2024-02-07T00:00:00+00:00, run_after=2024-02-08T00:00:00+00:00
[2024-02-08T03:25:24.909+0100] {processor.py:183} INFO - Processing /home/ubuntu/.local/lib/python3.10/site-packages/airflow/example_dags/example_branch_datetime_operator.py took 0.164 seconds
