[2024-02-08T02:46:29.625+0100] {processor.py:161} INFO - Started process (PID=12350) to work on /home/ubuntu/.local/lib/python3.10/site-packages/airflow/example_dags/example_trigger_controller_dag.py
[2024-02-08T02:46:29.628+0100] {processor.py:830} INFO - Processing file /home/ubuntu/.local/lib/python3.10/site-packages/airflow/example_dags/example_trigger_controller_dag.py for tasks to queue
[2024-02-08T02:46:29.632+0100] {logging_mixin.py:188} INFO - [2024-02-08T02:46:29.629+0100] {dagbag.py:538} INFO - Filling up the DagBag from /home/ubuntu/.local/lib/python3.10/site-packages/airflow/example_dags/example_trigger_controller_dag.py
[2024-02-08T02:46:29.647+0100] {processor.py:840} INFO - DAG(s) 'example_trigger_controller_dag' retrieved from /home/ubuntu/.local/lib/python3.10/site-packages/airflow/example_dags/example_trigger_controller_dag.py
[2024-02-08T02:46:29.784+0100] {logging_mixin.py:188} INFO - [2024-02-08T02:46:29.783+0100] {dag.py:3033} INFO - Sync 1 DAGs
[2024-02-08T02:46:29.825+0100] {logging_mixin.py:188} INFO - [2024-02-08T02:46:29.825+0100] {dag.py:3820} INFO - Setting next_dagrun for example_trigger_controller_dag to 2021-01-01T00:00:00+00:00, run_after=2021-01-01T00:00:00+00:00
[2024-02-08T02:46:29.873+0100] {processor.py:183} INFO - Processing /home/ubuntu/.local/lib/python3.10/site-packages/airflow/example_dags/example_trigger_controller_dag.py took 0.253 seconds
[2024-02-08T02:48:09.664+0100] {processor.py:161} INFO - Started process (PID=12468) to work on /home/ubuntu/.local/lib/python3.10/site-packages/airflow/example_dags/example_trigger_controller_dag.py
[2024-02-08T02:48:09.668+0100] {processor.py:830} INFO - Processing file /home/ubuntu/.local/lib/python3.10/site-packages/airflow/example_dags/example_trigger_controller_dag.py for tasks to queue
[2024-02-08T02:48:09.669+0100] {logging_mixin.py:188} INFO - [2024-02-08T02:48:09.668+0100] {dagbag.py:538} INFO - Filling up the DagBag from /home/ubuntu/.local/lib/python3.10/site-packages/airflow/example_dags/example_trigger_controller_dag.py
[2024-02-08T02:48:09.678+0100] {processor.py:840} INFO - DAG(s) 'example_trigger_controller_dag' retrieved from /home/ubuntu/.local/lib/python3.10/site-packages/airflow/example_dags/example_trigger_controller_dag.py
[2024-02-08T02:48:09.700+0100] {logging_mixin.py:188} INFO - [2024-02-08T02:48:09.700+0100] {dag.py:3033} INFO - Sync 1 DAGs
[2024-02-08T02:48:09.729+0100] {logging_mixin.py:188} INFO - [2024-02-08T02:48:09.729+0100] {dag.py:3820} INFO - Setting next_dagrun for example_trigger_controller_dag to 2021-01-01T00:00:00+00:00, run_after=2021-01-01T00:00:00+00:00
[2024-02-08T02:48:09.790+0100] {processor.py:183} INFO - Processing /home/ubuntu/.local/lib/python3.10/site-packages/airflow/example_dags/example_trigger_controller_dag.py took 0.130 seconds
[2024-02-08T02:49:07.292+0100] {processor.py:161} INFO - Started process (PID=13078) to work on /home/ubuntu/.local/lib/python3.10/site-packages/airflow/example_dags/example_trigger_controller_dag.py
[2024-02-08T02:49:07.305+0100] {processor.py:830} INFO - Processing file /home/ubuntu/.local/lib/python3.10/site-packages/airflow/example_dags/example_trigger_controller_dag.py for tasks to queue
[2024-02-08T02:49:07.306+0100] {logging_mixin.py:188} INFO - [2024-02-08T02:49:07.305+0100] {dagbag.py:538} INFO - Filling up the DagBag from /home/ubuntu/.local/lib/python3.10/site-packages/airflow/example_dags/example_trigger_controller_dag.py
[2024-02-08T02:49:07.317+0100] {processor.py:840} INFO - DAG(s) 'example_trigger_controller_dag' retrieved from /home/ubuntu/.local/lib/python3.10/site-packages/airflow/example_dags/example_trigger_controller_dag.py
[2024-02-08T02:49:07.353+0100] {logging_mixin.py:188} INFO - [2024-02-08T02:49:07.353+0100] {dag.py:3033} INFO - Sync 1 DAGs
[2024-02-08T02:49:07.374+0100] {logging_mixin.py:188} INFO - [2024-02-08T02:49:07.374+0100] {dag.py:3820} INFO - Setting next_dagrun for example_trigger_controller_dag to 2021-01-01T00:00:00+00:00, run_after=2021-01-01T00:00:00+00:00
[2024-02-08T02:49:07.406+0100] {processor.py:183} INFO - Processing /home/ubuntu/.local/lib/python3.10/site-packages/airflow/example_dags/example_trigger_controller_dag.py took 0.118 seconds
[2024-02-08T02:50:08.402+0100] {processor.py:161} INFO - Started process (PID=13130) to work on /home/ubuntu/.local/lib/python3.10/site-packages/airflow/example_dags/example_trigger_controller_dag.py
[2024-02-08T02:50:08.405+0100] {processor.py:830} INFO - Processing file /home/ubuntu/.local/lib/python3.10/site-packages/airflow/example_dags/example_trigger_controller_dag.py for tasks to queue
[2024-02-08T02:50:08.407+0100] {logging_mixin.py:188} INFO - [2024-02-08T02:50:08.406+0100] {dagbag.py:538} INFO - Filling up the DagBag from /home/ubuntu/.local/lib/python3.10/site-packages/airflow/example_dags/example_trigger_controller_dag.py
[2024-02-08T02:50:08.429+0100] {processor.py:840} INFO - DAG(s) 'example_trigger_controller_dag' retrieved from /home/ubuntu/.local/lib/python3.10/site-packages/airflow/example_dags/example_trigger_controller_dag.py
[2024-02-08T02:50:08.465+0100] {logging_mixin.py:188} INFO - [2024-02-08T02:50:08.465+0100] {dag.py:3033} INFO - Sync 1 DAGs
[2024-02-08T02:50:08.489+0100] {logging_mixin.py:188} INFO - [2024-02-08T02:50:08.489+0100] {dag.py:3820} INFO - Setting next_dagrun for example_trigger_controller_dag to 2021-01-01T00:00:00+00:00, run_after=2021-01-01T00:00:00+00:00
[2024-02-08T02:50:08.530+0100] {processor.py:183} INFO - Processing /home/ubuntu/.local/lib/python3.10/site-packages/airflow/example_dags/example_trigger_controller_dag.py took 0.134 seconds
[2024-02-08T02:50:54.052+0100] {processor.py:161} INFO - Started process (PID=13647) to work on /home/ubuntu/.local/lib/python3.10/site-packages/airflow/example_dags/example_trigger_controller_dag.py
[2024-02-08T02:50:54.055+0100] {processor.py:830} INFO - Processing file /home/ubuntu/.local/lib/python3.10/site-packages/airflow/example_dags/example_trigger_controller_dag.py for tasks to queue
[2024-02-08T02:50:54.056+0100] {logging_mixin.py:188} INFO - [2024-02-08T02:50:54.056+0100] {dagbag.py:538} INFO - Filling up the DagBag from /home/ubuntu/.local/lib/python3.10/site-packages/airflow/example_dags/example_trigger_controller_dag.py
[2024-02-08T02:50:54.067+0100] {processor.py:840} INFO - DAG(s) 'example_trigger_controller_dag' retrieved from /home/ubuntu/.local/lib/python3.10/site-packages/airflow/example_dags/example_trigger_controller_dag.py
[2024-02-08T02:50:54.091+0100] {logging_mixin.py:188} INFO - [2024-02-08T02:50:54.091+0100] {dag.py:3033} INFO - Sync 1 DAGs
[2024-02-08T02:50:54.121+0100] {logging_mixin.py:188} INFO - [2024-02-08T02:50:54.121+0100] {dag.py:3820} INFO - Setting next_dagrun for example_trigger_controller_dag to 2021-01-01T00:00:00+00:00, run_after=2021-01-01T00:00:00+00:00
[2024-02-08T02:50:54.192+0100] {processor.py:183} INFO - Processing /home/ubuntu/.local/lib/python3.10/site-packages/airflow/example_dags/example_trigger_controller_dag.py took 0.145 seconds
[2024-02-08T02:52:32.538+0100] {processor.py:161} INFO - Started process (PID=13755) to work on /home/ubuntu/.local/lib/python3.10/site-packages/airflow/example_dags/example_trigger_controller_dag.py
[2024-02-08T02:52:32.545+0100] {processor.py:830} INFO - Processing file /home/ubuntu/.local/lib/python3.10/site-packages/airflow/example_dags/example_trigger_controller_dag.py for tasks to queue
[2024-02-08T02:52:32.551+0100] {logging_mixin.py:188} INFO - [2024-02-08T02:52:32.550+0100] {dagbag.py:538} INFO - Filling up the DagBag from /home/ubuntu/.local/lib/python3.10/site-packages/airflow/example_dags/example_trigger_controller_dag.py
[2024-02-08T02:52:32.572+0100] {processor.py:840} INFO - DAG(s) 'example_trigger_controller_dag' retrieved from /home/ubuntu/.local/lib/python3.10/site-packages/airflow/example_dags/example_trigger_controller_dag.py
[2024-02-08T02:52:32.660+0100] {logging_mixin.py:188} INFO - [2024-02-08T02:52:32.638+0100] {dag.py:3033} INFO - Sync 1 DAGs
[2024-02-08T02:52:32.738+0100] {logging_mixin.py:188} INFO - [2024-02-08T02:52:32.738+0100] {dag.py:3820} INFO - Setting next_dagrun for example_trigger_controller_dag to 2021-01-01T00:00:00+00:00, run_after=2021-01-01T00:00:00+00:00
[2024-02-08T02:52:32.825+0100] {processor.py:183} INFO - Processing /home/ubuntu/.local/lib/python3.10/site-packages/airflow/example_dags/example_trigger_controller_dag.py took 0.295 seconds
[2024-02-08T02:53:53.937+0100] {processor.py:161} INFO - Started process (PID=13841) to work on /home/ubuntu/.local/lib/python3.10/site-packages/airflow/example_dags/example_trigger_controller_dag.py
[2024-02-08T02:53:53.940+0100] {processor.py:830} INFO - Processing file /home/ubuntu/.local/lib/python3.10/site-packages/airflow/example_dags/example_trigger_controller_dag.py for tasks to queue
[2024-02-08T02:53:53.942+0100] {logging_mixin.py:188} INFO - [2024-02-08T02:53:53.941+0100] {dagbag.py:538} INFO - Filling up the DagBag from /home/ubuntu/.local/lib/python3.10/site-packages/airflow/example_dags/example_trigger_controller_dag.py
[2024-02-08T02:53:53.951+0100] {processor.py:840} INFO - DAG(s) 'example_trigger_controller_dag' retrieved from /home/ubuntu/.local/lib/python3.10/site-packages/airflow/example_dags/example_trigger_controller_dag.py
[2024-02-08T02:53:54.003+0100] {logging_mixin.py:188} INFO - [2024-02-08T02:53:54.003+0100] {dag.py:3033} INFO - Sync 1 DAGs
[2024-02-08T02:53:54.071+0100] {logging_mixin.py:188} INFO - [2024-02-08T02:53:54.071+0100] {dag.py:3820} INFO - Setting next_dagrun for example_trigger_controller_dag to 2021-01-01T00:00:00+00:00, run_after=2021-01-01T00:00:00+00:00
[2024-02-08T02:53:54.194+0100] {processor.py:183} INFO - Processing /home/ubuntu/.local/lib/python3.10/site-packages/airflow/example_dags/example_trigger_controller_dag.py took 0.277 seconds
[2024-02-08T02:56:29.586+0100] {processor.py:161} INFO - Started process (PID=13923) to work on /home/ubuntu/.local/lib/python3.10/site-packages/airflow/example_dags/example_trigger_controller_dag.py
[2024-02-08T02:56:29.589+0100] {processor.py:830} INFO - Processing file /home/ubuntu/.local/lib/python3.10/site-packages/airflow/example_dags/example_trigger_controller_dag.py for tasks to queue
[2024-02-08T02:56:29.591+0100] {logging_mixin.py:188} INFO - [2024-02-08T02:56:29.591+0100] {dagbag.py:538} INFO - Filling up the DagBag from /home/ubuntu/.local/lib/python3.10/site-packages/airflow/example_dags/example_trigger_controller_dag.py
[2024-02-08T02:56:29.602+0100] {processor.py:840} INFO - DAG(s) 'example_trigger_controller_dag' retrieved from /home/ubuntu/.local/lib/python3.10/site-packages/airflow/example_dags/example_trigger_controller_dag.py
[2024-02-08T02:56:29.734+0100] {logging_mixin.py:188} INFO - [2024-02-08T02:56:29.734+0100] {dag.py:3033} INFO - Sync 1 DAGs
[2024-02-08T02:56:29.818+0100] {logging_mixin.py:188} INFO - [2024-02-08T02:56:29.817+0100] {dag.py:3820} INFO - Setting next_dagrun for example_trigger_controller_dag to 2021-01-01T00:00:00+00:00, run_after=2021-01-01T00:00:00+00:00
[2024-02-08T02:56:29.950+0100] {processor.py:183} INFO - Processing /home/ubuntu/.local/lib/python3.10/site-packages/airflow/example_dags/example_trigger_controller_dag.py took 0.370 seconds
[2024-02-08T02:59:05.129+0100] {processor.py:161} INFO - Started process (PID=14004) to work on /home/ubuntu/.local/lib/python3.10/site-packages/airflow/example_dags/example_trigger_controller_dag.py
[2024-02-08T02:59:05.141+0100] {processor.py:830} INFO - Processing file /home/ubuntu/.local/lib/python3.10/site-packages/airflow/example_dags/example_trigger_controller_dag.py for tasks to queue
[2024-02-08T02:59:05.142+0100] {logging_mixin.py:188} INFO - [2024-02-08T02:59:05.142+0100] {dagbag.py:538} INFO - Filling up the DagBag from /home/ubuntu/.local/lib/python3.10/site-packages/airflow/example_dags/example_trigger_controller_dag.py
[2024-02-08T02:59:05.150+0100] {processor.py:840} INFO - DAG(s) 'example_trigger_controller_dag' retrieved from /home/ubuntu/.local/lib/python3.10/site-packages/airflow/example_dags/example_trigger_controller_dag.py
[2024-02-08T02:59:05.215+0100] {logging_mixin.py:188} INFO - [2024-02-08T02:59:05.215+0100] {dag.py:3033} INFO - Sync 1 DAGs
[2024-02-08T02:59:05.245+0100] {logging_mixin.py:188} INFO - [2024-02-08T02:59:05.245+0100] {dag.py:3820} INFO - Setting next_dagrun for example_trigger_controller_dag to 2021-01-01T00:00:00+00:00, run_after=2021-01-01T00:00:00+00:00
[2024-02-08T02:59:05.381+0100] {processor.py:183} INFO - Processing /home/ubuntu/.local/lib/python3.10/site-packages/airflow/example_dags/example_trigger_controller_dag.py took 0.273 seconds
[2024-02-08T03:01:11.365+0100] {processor.py:161} INFO - Started process (PID=14074) to work on /home/ubuntu/.local/lib/python3.10/site-packages/airflow/example_dags/example_trigger_controller_dag.py
[2024-02-08T03:01:11.394+0100] {processor.py:830} INFO - Processing file /home/ubuntu/.local/lib/python3.10/site-packages/airflow/example_dags/example_trigger_controller_dag.py for tasks to queue
[2024-02-08T03:01:11.396+0100] {logging_mixin.py:188} INFO - [2024-02-08T03:01:11.395+0100] {dagbag.py:538} INFO - Filling up the DagBag from /home/ubuntu/.local/lib/python3.10/site-packages/airflow/example_dags/example_trigger_controller_dag.py
[2024-02-08T03:01:11.404+0100] {processor.py:840} INFO - DAG(s) 'example_trigger_controller_dag' retrieved from /home/ubuntu/.local/lib/python3.10/site-packages/airflow/example_dags/example_trigger_controller_dag.py
[2024-02-08T03:01:11.442+0100] {logging_mixin.py:188} INFO - [2024-02-08T03:01:11.442+0100] {dag.py:3033} INFO - Sync 1 DAGs
[2024-02-08T03:01:11.482+0100] {logging_mixin.py:188} INFO - [2024-02-08T03:01:11.476+0100] {dag.py:3820} INFO - Setting next_dagrun for example_trigger_controller_dag to 2021-01-01T00:00:00+00:00, run_after=2021-01-01T00:00:00+00:00
[2024-02-08T03:01:11.563+0100] {processor.py:183} INFO - Processing /home/ubuntu/.local/lib/python3.10/site-packages/airflow/example_dags/example_trigger_controller_dag.py took 0.207 seconds
[2024-02-08T03:02:07.730+0100] {processor.py:161} INFO - Started process (PID=14171) to work on /home/ubuntu/.local/lib/python3.10/site-packages/airflow/example_dags/example_trigger_controller_dag.py
[2024-02-08T03:02:07.749+0100] {processor.py:830} INFO - Processing file /home/ubuntu/.local/lib/python3.10/site-packages/airflow/example_dags/example_trigger_controller_dag.py for tasks to queue
[2024-02-08T03:02:07.750+0100] {logging_mixin.py:188} INFO - [2024-02-08T03:02:07.750+0100] {dagbag.py:538} INFO - Filling up the DagBag from /home/ubuntu/.local/lib/python3.10/site-packages/airflow/example_dags/example_trigger_controller_dag.py
[2024-02-08T03:02:07.776+0100] {processor.py:840} INFO - DAG(s) 'example_trigger_controller_dag' retrieved from /home/ubuntu/.local/lib/python3.10/site-packages/airflow/example_dags/example_trigger_controller_dag.py
[2024-02-08T03:02:07.833+0100] {logging_mixin.py:188} INFO - [2024-02-08T03:02:07.832+0100] {dag.py:3033} INFO - Sync 1 DAGs
[2024-02-08T03:02:07.862+0100] {logging_mixin.py:188} INFO - [2024-02-08T03:02:07.861+0100] {dag.py:3820} INFO - Setting next_dagrun for example_trigger_controller_dag to 2021-01-01T00:00:00+00:00, run_after=2021-01-01T00:00:00+00:00
[2024-02-08T03:02:08.018+0100] {processor.py:183} INFO - Processing /home/ubuntu/.local/lib/python3.10/site-packages/airflow/example_dags/example_trigger_controller_dag.py took 0.311 seconds
[2024-02-08T03:03:16.792+0100] {processor.py:161} INFO - Started process (PID=14234) to work on /home/ubuntu/.local/lib/python3.10/site-packages/airflow/example_dags/example_trigger_controller_dag.py
[2024-02-08T03:03:16.794+0100] {processor.py:830} INFO - Processing file /home/ubuntu/.local/lib/python3.10/site-packages/airflow/example_dags/example_trigger_controller_dag.py for tasks to queue
[2024-02-08T03:03:16.796+0100] {logging_mixin.py:188} INFO - [2024-02-08T03:03:16.795+0100] {dagbag.py:538} INFO - Filling up the DagBag from /home/ubuntu/.local/lib/python3.10/site-packages/airflow/example_dags/example_trigger_controller_dag.py
[2024-02-08T03:03:16.807+0100] {processor.py:840} INFO - DAG(s) 'example_trigger_controller_dag' retrieved from /home/ubuntu/.local/lib/python3.10/site-packages/airflow/example_dags/example_trigger_controller_dag.py
[2024-02-08T03:03:16.832+0100] {logging_mixin.py:188} INFO - [2024-02-08T03:03:16.832+0100] {dag.py:3033} INFO - Sync 1 DAGs
[2024-02-08T03:03:16.857+0100] {logging_mixin.py:188} INFO - [2024-02-08T03:03:16.857+0100] {dag.py:3820} INFO - Setting next_dagrun for example_trigger_controller_dag to 2021-01-01T00:00:00+00:00, run_after=2021-01-01T00:00:00+00:00
[2024-02-08T03:03:16.893+0100] {processor.py:183} INFO - Processing /home/ubuntu/.local/lib/python3.10/site-packages/airflow/example_dags/example_trigger_controller_dag.py took 0.112 seconds
[2024-02-08T03:04:07.390+0100] {processor.py:161} INFO - Started process (PID=14287) to work on /home/ubuntu/.local/lib/python3.10/site-packages/airflow/example_dags/example_trigger_controller_dag.py
[2024-02-08T03:04:07.394+0100] {processor.py:830} INFO - Processing file /home/ubuntu/.local/lib/python3.10/site-packages/airflow/example_dags/example_trigger_controller_dag.py for tasks to queue
[2024-02-08T03:04:07.396+0100] {logging_mixin.py:188} INFO - [2024-02-08T03:04:07.395+0100] {dagbag.py:538} INFO - Filling up the DagBag from /home/ubuntu/.local/lib/python3.10/site-packages/airflow/example_dags/example_trigger_controller_dag.py
[2024-02-08T03:04:07.407+0100] {processor.py:840} INFO - DAG(s) 'example_trigger_controller_dag' retrieved from /home/ubuntu/.local/lib/python3.10/site-packages/airflow/example_dags/example_trigger_controller_dag.py
[2024-02-08T03:04:07.431+0100] {logging_mixin.py:188} INFO - [2024-02-08T03:04:07.431+0100] {dag.py:3033} INFO - Sync 1 DAGs
[2024-02-08T03:04:07.454+0100] {logging_mixin.py:188} INFO - [2024-02-08T03:04:07.454+0100] {dag.py:3820} INFO - Setting next_dagrun for example_trigger_controller_dag to 2021-01-01T00:00:00+00:00, run_after=2021-01-01T00:00:00+00:00
[2024-02-08T03:04:07.518+0100] {processor.py:183} INFO - Processing /home/ubuntu/.local/lib/python3.10/site-packages/airflow/example_dags/example_trigger_controller_dag.py took 0.133 seconds
[2024-02-08T03:05:37.931+0100] {processor.py:161} INFO - Started process (PID=14356) to work on /home/ubuntu/.local/lib/python3.10/site-packages/airflow/example_dags/example_trigger_controller_dag.py
[2024-02-08T03:05:37.935+0100] {processor.py:830} INFO - Processing file /home/ubuntu/.local/lib/python3.10/site-packages/airflow/example_dags/example_trigger_controller_dag.py for tasks to queue
[2024-02-08T03:05:37.937+0100] {logging_mixin.py:188} INFO - [2024-02-08T03:05:37.936+0100] {dagbag.py:538} INFO - Filling up the DagBag from /home/ubuntu/.local/lib/python3.10/site-packages/airflow/example_dags/example_trigger_controller_dag.py
[2024-02-08T03:05:37.946+0100] {processor.py:840} INFO - DAG(s) 'example_trigger_controller_dag' retrieved from /home/ubuntu/.local/lib/python3.10/site-packages/airflow/example_dags/example_trigger_controller_dag.py
[2024-02-08T03:05:37.970+0100] {logging_mixin.py:188} INFO - [2024-02-08T03:05:37.970+0100] {dag.py:3033} INFO - Sync 1 DAGs
[2024-02-08T03:05:38.012+0100] {logging_mixin.py:188} INFO - [2024-02-08T03:05:38.011+0100] {dag.py:3820} INFO - Setting next_dagrun for example_trigger_controller_dag to 2021-01-01T00:00:00+00:00, run_after=2021-01-01T00:00:00+00:00
[2024-02-08T03:05:38.055+0100] {processor.py:183} INFO - Processing /home/ubuntu/.local/lib/python3.10/site-packages/airflow/example_dags/example_trigger_controller_dag.py took 0.129 seconds
[2024-02-08T03:06:25.439+0100] {processor.py:161} INFO - Started process (PID=14396) to work on /home/ubuntu/.local/lib/python3.10/site-packages/airflow/example_dags/example_trigger_controller_dag.py
[2024-02-08T03:06:25.442+0100] {processor.py:830} INFO - Processing file /home/ubuntu/.local/lib/python3.10/site-packages/airflow/example_dags/example_trigger_controller_dag.py for tasks to queue
[2024-02-08T03:06:25.444+0100] {logging_mixin.py:188} INFO - [2024-02-08T03:06:25.443+0100] {dagbag.py:538} INFO - Filling up the DagBag from /home/ubuntu/.local/lib/python3.10/site-packages/airflow/example_dags/example_trigger_controller_dag.py
[2024-02-08T03:06:25.452+0100] {processor.py:840} INFO - DAG(s) 'example_trigger_controller_dag' retrieved from /home/ubuntu/.local/lib/python3.10/site-packages/airflow/example_dags/example_trigger_controller_dag.py
[2024-02-08T03:06:25.481+0100] {logging_mixin.py:188} INFO - [2024-02-08T03:06:25.481+0100] {dag.py:3033} INFO - Sync 1 DAGs
[2024-02-08T03:06:25.514+0100] {logging_mixin.py:188} INFO - [2024-02-08T03:06:25.514+0100] {dag.py:3820} INFO - Setting next_dagrun for example_trigger_controller_dag to 2021-01-01T00:00:00+00:00, run_after=2021-01-01T00:00:00+00:00
[2024-02-08T03:06:25.570+0100] {processor.py:183} INFO - Processing /home/ubuntu/.local/lib/python3.10/site-packages/airflow/example_dags/example_trigger_controller_dag.py took 0.137 seconds
[2024-02-08T03:07:26.402+0100] {processor.py:161} INFO - Started process (PID=14475) to work on /home/ubuntu/.local/lib/python3.10/site-packages/airflow/example_dags/example_trigger_controller_dag.py
[2024-02-08T03:07:26.433+0100] {processor.py:830} INFO - Processing file /home/ubuntu/.local/lib/python3.10/site-packages/airflow/example_dags/example_trigger_controller_dag.py for tasks to queue
[2024-02-08T03:07:26.441+0100] {logging_mixin.py:188} INFO - [2024-02-08T03:07:26.435+0100] {dagbag.py:538} INFO - Filling up the DagBag from /home/ubuntu/.local/lib/python3.10/site-packages/airflow/example_dags/example_trigger_controller_dag.py
[2024-02-08T03:07:26.463+0100] {processor.py:840} INFO - DAG(s) 'example_trigger_controller_dag' retrieved from /home/ubuntu/.local/lib/python3.10/site-packages/airflow/example_dags/example_trigger_controller_dag.py
[2024-02-08T03:07:26.654+0100] {logging_mixin.py:188} INFO - [2024-02-08T03:07:26.654+0100] {dag.py:3033} INFO - Sync 1 DAGs
[2024-02-08T03:07:26.738+0100] {logging_mixin.py:188} INFO - [2024-02-08T03:07:26.738+0100] {dag.py:3820} INFO - Setting next_dagrun for example_trigger_controller_dag to 2021-01-01T00:00:00+00:00, run_after=2021-01-01T00:00:00+00:00
[2024-02-08T03:07:26.929+0100] {processor.py:183} INFO - Processing /home/ubuntu/.local/lib/python3.10/site-packages/airflow/example_dags/example_trigger_controller_dag.py took 0.535 seconds
[2024-02-08T03:08:43.689+0100] {processor.py:161} INFO - Started process (PID=14605) to work on /home/ubuntu/.local/lib/python3.10/site-packages/airflow/example_dags/example_trigger_controller_dag.py
[2024-02-08T03:08:43.693+0100] {processor.py:830} INFO - Processing file /home/ubuntu/.local/lib/python3.10/site-packages/airflow/example_dags/example_trigger_controller_dag.py for tasks to queue
[2024-02-08T03:08:43.695+0100] {logging_mixin.py:188} INFO - [2024-02-08T03:08:43.694+0100] {dagbag.py:538} INFO - Filling up the DagBag from /home/ubuntu/.local/lib/python3.10/site-packages/airflow/example_dags/example_trigger_controller_dag.py
[2024-02-08T03:08:43.705+0100] {processor.py:840} INFO - DAG(s) 'example_trigger_controller_dag' retrieved from /home/ubuntu/.local/lib/python3.10/site-packages/airflow/example_dags/example_trigger_controller_dag.py
[2024-02-08T03:08:43.765+0100] {logging_mixin.py:188} INFO - [2024-02-08T03:08:43.765+0100] {dag.py:3033} INFO - Sync 1 DAGs
[2024-02-08T03:08:43.850+0100] {logging_mixin.py:188} INFO - [2024-02-08T03:08:43.849+0100] {dag.py:3820} INFO - Setting next_dagrun for example_trigger_controller_dag to 2021-01-01T00:00:00+00:00, run_after=2021-01-01T00:00:00+00:00
[2024-02-08T03:08:43.921+0100] {processor.py:183} INFO - Processing /home/ubuntu/.local/lib/python3.10/site-packages/airflow/example_dags/example_trigger_controller_dag.py took 0.248 seconds
[2024-02-08T03:09:46.156+0100] {processor.py:161} INFO - Started process (PID=14668) to work on /home/ubuntu/.local/lib/python3.10/site-packages/airflow/example_dags/example_trigger_controller_dag.py
[2024-02-08T03:09:46.163+0100] {processor.py:830} INFO - Processing file /home/ubuntu/.local/lib/python3.10/site-packages/airflow/example_dags/example_trigger_controller_dag.py for tasks to queue
[2024-02-08T03:09:46.164+0100] {logging_mixin.py:188} INFO - [2024-02-08T03:09:46.164+0100] {dagbag.py:538} INFO - Filling up the DagBag from /home/ubuntu/.local/lib/python3.10/site-packages/airflow/example_dags/example_trigger_controller_dag.py
[2024-02-08T03:09:46.175+0100] {processor.py:840} INFO - DAG(s) 'example_trigger_controller_dag' retrieved from /home/ubuntu/.local/lib/python3.10/site-packages/airflow/example_dags/example_trigger_controller_dag.py
[2024-02-08T03:09:46.202+0100] {logging_mixin.py:188} INFO - [2024-02-08T03:09:46.202+0100] {dag.py:3033} INFO - Sync 1 DAGs
[2024-02-08T03:09:46.229+0100] {logging_mixin.py:188} INFO - [2024-02-08T03:09:46.229+0100] {dag.py:3820} INFO - Setting next_dagrun for example_trigger_controller_dag to 2021-01-01T00:00:00+00:00, run_after=2021-01-01T00:00:00+00:00
[2024-02-08T03:09:46.267+0100] {processor.py:183} INFO - Processing /home/ubuntu/.local/lib/python3.10/site-packages/airflow/example_dags/example_trigger_controller_dag.py took 0.118 seconds
[2024-02-08T03:10:53.234+0100] {processor.py:161} INFO - Started process (PID=14727) to work on /home/ubuntu/.local/lib/python3.10/site-packages/airflow/example_dags/example_trigger_controller_dag.py
[2024-02-08T03:10:53.240+0100] {processor.py:830} INFO - Processing file /home/ubuntu/.local/lib/python3.10/site-packages/airflow/example_dags/example_trigger_controller_dag.py for tasks to queue
[2024-02-08T03:10:53.243+0100] {logging_mixin.py:188} INFO - [2024-02-08T03:10:53.241+0100] {dagbag.py:538} INFO - Filling up the DagBag from /home/ubuntu/.local/lib/python3.10/site-packages/airflow/example_dags/example_trigger_controller_dag.py
[2024-02-08T03:10:53.258+0100] {processor.py:840} INFO - DAG(s) 'example_trigger_controller_dag' retrieved from /home/ubuntu/.local/lib/python3.10/site-packages/airflow/example_dags/example_trigger_controller_dag.py
[2024-02-08T03:10:53.293+0100] {logging_mixin.py:188} INFO - [2024-02-08T03:10:53.293+0100] {dag.py:3033} INFO - Sync 1 DAGs
[2024-02-08T03:10:53.333+0100] {logging_mixin.py:188} INFO - [2024-02-08T03:10:53.332+0100] {dag.py:3820} INFO - Setting next_dagrun for example_trigger_controller_dag to 2021-01-01T00:00:00+00:00, run_after=2021-01-01T00:00:00+00:00
[2024-02-08T03:10:53.387+0100] {processor.py:183} INFO - Processing /home/ubuntu/.local/lib/python3.10/site-packages/airflow/example_dags/example_trigger_controller_dag.py took 0.158 seconds
[2024-02-08T03:11:57.199+0100] {processor.py:161} INFO - Started process (PID=14784) to work on /home/ubuntu/.local/lib/python3.10/site-packages/airflow/example_dags/example_trigger_controller_dag.py
[2024-02-08T03:11:57.202+0100] {processor.py:830} INFO - Processing file /home/ubuntu/.local/lib/python3.10/site-packages/airflow/example_dags/example_trigger_controller_dag.py for tasks to queue
[2024-02-08T03:11:57.204+0100] {logging_mixin.py:188} INFO - [2024-02-08T03:11:57.204+0100] {dagbag.py:538} INFO - Filling up the DagBag from /home/ubuntu/.local/lib/python3.10/site-packages/airflow/example_dags/example_trigger_controller_dag.py
[2024-02-08T03:11:57.214+0100] {processor.py:840} INFO - DAG(s) 'example_trigger_controller_dag' retrieved from /home/ubuntu/.local/lib/python3.10/site-packages/airflow/example_dags/example_trigger_controller_dag.py
[2024-02-08T03:11:57.237+0100] {logging_mixin.py:188} INFO - [2024-02-08T03:11:57.237+0100] {dag.py:3033} INFO - Sync 1 DAGs
[2024-02-08T03:11:57.264+0100] {logging_mixin.py:188} INFO - [2024-02-08T03:11:57.264+0100] {dag.py:3820} INFO - Setting next_dagrun for example_trigger_controller_dag to 2021-01-01T00:00:00+00:00, run_after=2021-01-01T00:00:00+00:00
[2024-02-08T03:11:57.302+0100] {processor.py:183} INFO - Processing /home/ubuntu/.local/lib/python3.10/site-packages/airflow/example_dags/example_trigger_controller_dag.py took 0.108 seconds
[2024-02-08T03:12:54.550+0100] {processor.py:161} INFO - Started process (PID=14842) to work on /home/ubuntu/.local/lib/python3.10/site-packages/airflow/example_dags/example_trigger_controller_dag.py
[2024-02-08T03:12:54.554+0100] {processor.py:830} INFO - Processing file /home/ubuntu/.local/lib/python3.10/site-packages/airflow/example_dags/example_trigger_controller_dag.py for tasks to queue
[2024-02-08T03:12:54.557+0100] {logging_mixin.py:188} INFO - [2024-02-08T03:12:54.556+0100] {dagbag.py:538} INFO - Filling up the DagBag from /home/ubuntu/.local/lib/python3.10/site-packages/airflow/example_dags/example_trigger_controller_dag.py
[2024-02-08T03:12:54.568+0100] {processor.py:840} INFO - DAG(s) 'example_trigger_controller_dag' retrieved from /home/ubuntu/.local/lib/python3.10/site-packages/airflow/example_dags/example_trigger_controller_dag.py
[2024-02-08T03:12:54.590+0100] {logging_mixin.py:188} INFO - [2024-02-08T03:12:54.590+0100] {dag.py:3033} INFO - Sync 1 DAGs
[2024-02-08T03:12:54.614+0100] {logging_mixin.py:188} INFO - [2024-02-08T03:12:54.614+0100] {dag.py:3820} INFO - Setting next_dagrun for example_trigger_controller_dag to 2021-01-01T00:00:00+00:00, run_after=2021-01-01T00:00:00+00:00
[2024-02-08T03:12:54.670+0100] {processor.py:183} INFO - Processing /home/ubuntu/.local/lib/python3.10/site-packages/airflow/example_dags/example_trigger_controller_dag.py took 0.127 seconds
[2024-02-08T03:13:54.570+0100] {processor.py:161} INFO - Started process (PID=14901) to work on /home/ubuntu/.local/lib/python3.10/site-packages/airflow/example_dags/example_trigger_controller_dag.py
[2024-02-08T03:13:54.573+0100] {processor.py:830} INFO - Processing file /home/ubuntu/.local/lib/python3.10/site-packages/airflow/example_dags/example_trigger_controller_dag.py for tasks to queue
[2024-02-08T03:13:54.577+0100] {logging_mixin.py:188} INFO - [2024-02-08T03:13:54.576+0100] {dagbag.py:538} INFO - Filling up the DagBag from /home/ubuntu/.local/lib/python3.10/site-packages/airflow/example_dags/example_trigger_controller_dag.py
[2024-02-08T03:13:54.585+0100] {processor.py:840} INFO - DAG(s) 'example_trigger_controller_dag' retrieved from /home/ubuntu/.local/lib/python3.10/site-packages/airflow/example_dags/example_trigger_controller_dag.py
[2024-02-08T03:13:54.616+0100] {logging_mixin.py:188} INFO - [2024-02-08T03:13:54.615+0100] {dag.py:3033} INFO - Sync 1 DAGs
[2024-02-08T03:13:54.657+0100] {logging_mixin.py:188} INFO - [2024-02-08T03:13:54.657+0100] {dag.py:3820} INFO - Setting next_dagrun for example_trigger_controller_dag to 2021-01-01T00:00:00+00:00, run_after=2021-01-01T00:00:00+00:00
[2024-02-08T03:13:54.702+0100] {processor.py:183} INFO - Processing /home/ubuntu/.local/lib/python3.10/site-packages/airflow/example_dags/example_trigger_controller_dag.py took 0.138 seconds
[2024-02-08T03:14:58.640+0100] {processor.py:161} INFO - Started process (PID=14966) to work on /home/ubuntu/.local/lib/python3.10/site-packages/airflow/example_dags/example_trigger_controller_dag.py
[2024-02-08T03:14:58.643+0100] {processor.py:830} INFO - Processing file /home/ubuntu/.local/lib/python3.10/site-packages/airflow/example_dags/example_trigger_controller_dag.py for tasks to queue
[2024-02-08T03:14:58.646+0100] {logging_mixin.py:188} INFO - [2024-02-08T03:14:58.645+0100] {dagbag.py:538} INFO - Filling up the DagBag from /home/ubuntu/.local/lib/python3.10/site-packages/airflow/example_dags/example_trigger_controller_dag.py
[2024-02-08T03:14:58.658+0100] {processor.py:840} INFO - DAG(s) 'example_trigger_controller_dag' retrieved from /home/ubuntu/.local/lib/python3.10/site-packages/airflow/example_dags/example_trigger_controller_dag.py
[2024-02-08T03:14:58.687+0100] {logging_mixin.py:188} INFO - [2024-02-08T03:14:58.686+0100] {dag.py:3033} INFO - Sync 1 DAGs
[2024-02-08T03:14:58.729+0100] {logging_mixin.py:188} INFO - [2024-02-08T03:14:58.729+0100] {dag.py:3820} INFO - Setting next_dagrun for example_trigger_controller_dag to 2021-01-01T00:00:00+00:00, run_after=2021-01-01T00:00:00+00:00
[2024-02-08T03:14:58.792+0100] {processor.py:183} INFO - Processing /home/ubuntu/.local/lib/python3.10/site-packages/airflow/example_dags/example_trigger_controller_dag.py took 0.159 seconds
[2024-02-08T03:16:01.069+0100] {processor.py:161} INFO - Started process (PID=15028) to work on /home/ubuntu/.local/lib/python3.10/site-packages/airflow/example_dags/example_trigger_controller_dag.py
[2024-02-08T03:16:01.073+0100] {processor.py:830} INFO - Processing file /home/ubuntu/.local/lib/python3.10/site-packages/airflow/example_dags/example_trigger_controller_dag.py for tasks to queue
[2024-02-08T03:16:01.076+0100] {logging_mixin.py:188} INFO - [2024-02-08T03:16:01.075+0100] {dagbag.py:538} INFO - Filling up the DagBag from /home/ubuntu/.local/lib/python3.10/site-packages/airflow/example_dags/example_trigger_controller_dag.py
[2024-02-08T03:16:01.087+0100] {processor.py:840} INFO - DAG(s) 'example_trigger_controller_dag' retrieved from /home/ubuntu/.local/lib/python3.10/site-packages/airflow/example_dags/example_trigger_controller_dag.py
[2024-02-08T03:16:01.118+0100] {logging_mixin.py:188} INFO - [2024-02-08T03:16:01.118+0100] {dag.py:3033} INFO - Sync 1 DAGs
[2024-02-08T03:16:01.147+0100] {logging_mixin.py:188} INFO - [2024-02-08T03:16:01.147+0100] {dag.py:3820} INFO - Setting next_dagrun for example_trigger_controller_dag to 2021-01-01T00:00:00+00:00, run_after=2021-01-01T00:00:00+00:00
[2024-02-08T03:16:01.205+0100] {processor.py:183} INFO - Processing /home/ubuntu/.local/lib/python3.10/site-packages/airflow/example_dags/example_trigger_controller_dag.py took 0.144 seconds
[2024-02-08T03:17:00.382+0100] {processor.py:161} INFO - Started process (PID=15084) to work on /home/ubuntu/.local/lib/python3.10/site-packages/airflow/example_dags/example_trigger_controller_dag.py
[2024-02-08T03:17:00.388+0100] {processor.py:830} INFO - Processing file /home/ubuntu/.local/lib/python3.10/site-packages/airflow/example_dags/example_trigger_controller_dag.py for tasks to queue
[2024-02-08T03:17:00.390+0100] {logging_mixin.py:188} INFO - [2024-02-08T03:17:00.389+0100] {dagbag.py:538} INFO - Filling up the DagBag from /home/ubuntu/.local/lib/python3.10/site-packages/airflow/example_dags/example_trigger_controller_dag.py
[2024-02-08T03:17:00.398+0100] {processor.py:840} INFO - DAG(s) 'example_trigger_controller_dag' retrieved from /home/ubuntu/.local/lib/python3.10/site-packages/airflow/example_dags/example_trigger_controller_dag.py
[2024-02-08T03:17:00.428+0100] {logging_mixin.py:188} INFO - [2024-02-08T03:17:00.428+0100] {dag.py:3033} INFO - Sync 1 DAGs
[2024-02-08T03:17:00.463+0100] {logging_mixin.py:188} INFO - [2024-02-08T03:17:00.462+0100] {dag.py:3820} INFO - Setting next_dagrun for example_trigger_controller_dag to 2021-01-01T00:00:00+00:00, run_after=2021-01-01T00:00:00+00:00
[2024-02-08T03:17:00.521+0100] {processor.py:183} INFO - Processing /home/ubuntu/.local/lib/python3.10/site-packages/airflow/example_dags/example_trigger_controller_dag.py took 0.144 seconds
[2024-02-08T03:17:58.022+0100] {processor.py:161} INFO - Started process (PID=15144) to work on /home/ubuntu/.local/lib/python3.10/site-packages/airflow/example_dags/example_trigger_controller_dag.py
[2024-02-08T03:17:58.026+0100] {processor.py:830} INFO - Processing file /home/ubuntu/.local/lib/python3.10/site-packages/airflow/example_dags/example_trigger_controller_dag.py for tasks to queue
[2024-02-08T03:17:58.029+0100] {logging_mixin.py:188} INFO - [2024-02-08T03:17:58.028+0100] {dagbag.py:538} INFO - Filling up the DagBag from /home/ubuntu/.local/lib/python3.10/site-packages/airflow/example_dags/example_trigger_controller_dag.py
[2024-02-08T03:17:58.046+0100] {processor.py:840} INFO - DAG(s) 'example_trigger_controller_dag' retrieved from /home/ubuntu/.local/lib/python3.10/site-packages/airflow/example_dags/example_trigger_controller_dag.py
[2024-02-08T03:17:58.073+0100] {logging_mixin.py:188} INFO - [2024-02-08T03:17:58.072+0100] {dag.py:3033} INFO - Sync 1 DAGs
[2024-02-08T03:17:58.108+0100] {logging_mixin.py:188} INFO - [2024-02-08T03:17:58.108+0100] {dag.py:3820} INFO - Setting next_dagrun for example_trigger_controller_dag to 2021-01-01T00:00:00+00:00, run_after=2021-01-01T00:00:00+00:00
[2024-02-08T03:17:58.159+0100] {processor.py:183} INFO - Processing /home/ubuntu/.local/lib/python3.10/site-packages/airflow/example_dags/example_trigger_controller_dag.py took 0.143 seconds
[2024-02-08T03:18:57.641+0100] {processor.py:161} INFO - Started process (PID=15199) to work on /home/ubuntu/.local/lib/python3.10/site-packages/airflow/example_dags/example_trigger_controller_dag.py
[2024-02-08T03:18:57.647+0100] {processor.py:830} INFO - Processing file /home/ubuntu/.local/lib/python3.10/site-packages/airflow/example_dags/example_trigger_controller_dag.py for tasks to queue
[2024-02-08T03:18:57.656+0100] {logging_mixin.py:188} INFO - [2024-02-08T03:18:57.655+0100] {dagbag.py:538} INFO - Filling up the DagBag from /home/ubuntu/.local/lib/python3.10/site-packages/airflow/example_dags/example_trigger_controller_dag.py
[2024-02-08T03:18:57.669+0100] {processor.py:840} INFO - DAG(s) 'example_trigger_controller_dag' retrieved from /home/ubuntu/.local/lib/python3.10/site-packages/airflow/example_dags/example_trigger_controller_dag.py
[2024-02-08T03:18:57.701+0100] {logging_mixin.py:188} INFO - [2024-02-08T03:18:57.701+0100] {dag.py:3033} INFO - Sync 1 DAGs
[2024-02-08T03:18:57.740+0100] {logging_mixin.py:188} INFO - [2024-02-08T03:18:57.739+0100] {dag.py:3820} INFO - Setting next_dagrun for example_trigger_controller_dag to 2021-01-01T00:00:00+00:00, run_after=2021-01-01T00:00:00+00:00
[2024-02-08T03:18:57.797+0100] {processor.py:183} INFO - Processing /home/ubuntu/.local/lib/python3.10/site-packages/airflow/example_dags/example_trigger_controller_dag.py took 0.162 seconds
[2024-02-08T03:20:10.692+0100] {processor.py:161} INFO - Started process (PID=15321) to work on /home/ubuntu/.local/lib/python3.10/site-packages/airflow/example_dags/example_trigger_controller_dag.py
[2024-02-08T03:20:10.697+0100] {processor.py:830} INFO - Processing file /home/ubuntu/.local/lib/python3.10/site-packages/airflow/example_dags/example_trigger_controller_dag.py for tasks to queue
[2024-02-08T03:20:10.700+0100] {logging_mixin.py:188} INFO - [2024-02-08T03:20:10.699+0100] {dagbag.py:538} INFO - Filling up the DagBag from /home/ubuntu/.local/lib/python3.10/site-packages/airflow/example_dags/example_trigger_controller_dag.py
[2024-02-08T03:20:10.708+0100] {processor.py:840} INFO - DAG(s) 'example_trigger_controller_dag' retrieved from /home/ubuntu/.local/lib/python3.10/site-packages/airflow/example_dags/example_trigger_controller_dag.py
[2024-02-08T03:20:10.732+0100] {logging_mixin.py:188} INFO - [2024-02-08T03:20:10.731+0100] {dag.py:3033} INFO - Sync 1 DAGs
[2024-02-08T03:20:10.763+0100] {logging_mixin.py:188} INFO - [2024-02-08T03:20:10.763+0100] {dag.py:3820} INFO - Setting next_dagrun for example_trigger_controller_dag to 2021-01-01T00:00:00+00:00, run_after=2021-01-01T00:00:00+00:00
[2024-02-08T03:20:10.801+0100] {processor.py:183} INFO - Processing /home/ubuntu/.local/lib/python3.10/site-packages/airflow/example_dags/example_trigger_controller_dag.py took 0.114 seconds
[2024-02-08T03:21:18.155+0100] {processor.py:161} INFO - Started process (PID=15381) to work on /home/ubuntu/.local/lib/python3.10/site-packages/airflow/example_dags/example_trigger_controller_dag.py
[2024-02-08T03:21:18.160+0100] {processor.py:830} INFO - Processing file /home/ubuntu/.local/lib/python3.10/site-packages/airflow/example_dags/example_trigger_controller_dag.py for tasks to queue
[2024-02-08T03:21:18.162+0100] {logging_mixin.py:188} INFO - [2024-02-08T03:21:18.162+0100] {dagbag.py:538} INFO - Filling up the DagBag from /home/ubuntu/.local/lib/python3.10/site-packages/airflow/example_dags/example_trigger_controller_dag.py
[2024-02-08T03:21:18.171+0100] {processor.py:840} INFO - DAG(s) 'example_trigger_controller_dag' retrieved from /home/ubuntu/.local/lib/python3.10/site-packages/airflow/example_dags/example_trigger_controller_dag.py
[2024-02-08T03:21:18.195+0100] {logging_mixin.py:188} INFO - [2024-02-08T03:21:18.194+0100] {dag.py:3033} INFO - Sync 1 DAGs
[2024-02-08T03:21:18.221+0100] {logging_mixin.py:188} INFO - [2024-02-08T03:21:18.221+0100] {dag.py:3820} INFO - Setting next_dagrun for example_trigger_controller_dag to 2021-01-01T00:00:00+00:00, run_after=2021-01-01T00:00:00+00:00
[2024-02-08T03:21:18.272+0100] {processor.py:183} INFO - Processing /home/ubuntu/.local/lib/python3.10/site-packages/airflow/example_dags/example_trigger_controller_dag.py took 0.123 seconds
[2024-02-08T03:22:24.087+0100] {processor.py:161} INFO - Started process (PID=15439) to work on /home/ubuntu/.local/lib/python3.10/site-packages/airflow/example_dags/example_trigger_controller_dag.py
[2024-02-08T03:22:24.094+0100] {processor.py:830} INFO - Processing file /home/ubuntu/.local/lib/python3.10/site-packages/airflow/example_dags/example_trigger_controller_dag.py for tasks to queue
[2024-02-08T03:22:24.096+0100] {logging_mixin.py:188} INFO - [2024-02-08T03:22:24.095+0100] {dagbag.py:538} INFO - Filling up the DagBag from /home/ubuntu/.local/lib/python3.10/site-packages/airflow/example_dags/example_trigger_controller_dag.py
[2024-02-08T03:22:24.107+0100] {processor.py:840} INFO - DAG(s) 'example_trigger_controller_dag' retrieved from /home/ubuntu/.local/lib/python3.10/site-packages/airflow/example_dags/example_trigger_controller_dag.py
[2024-02-08T03:22:24.133+0100] {logging_mixin.py:188} INFO - [2024-02-08T03:22:24.132+0100] {dag.py:3033} INFO - Sync 1 DAGs
[2024-02-08T03:22:24.208+0100] {logging_mixin.py:188} INFO - [2024-02-08T03:22:24.203+0100] {dag.py:3820} INFO - Setting next_dagrun for example_trigger_controller_dag to 2021-01-01T00:00:00+00:00, run_after=2021-01-01T00:00:00+00:00
[2024-02-08T03:22:24.247+0100] {processor.py:183} INFO - Processing /home/ubuntu/.local/lib/python3.10/site-packages/airflow/example_dags/example_trigger_controller_dag.py took 0.167 seconds
[2024-02-08T03:23:29.205+0100] {processor.py:161} INFO - Started process (PID=15517) to work on /home/ubuntu/.local/lib/python3.10/site-packages/airflow/example_dags/example_trigger_controller_dag.py
[2024-02-08T03:23:29.209+0100] {processor.py:830} INFO - Processing file /home/ubuntu/.local/lib/python3.10/site-packages/airflow/example_dags/example_trigger_controller_dag.py for tasks to queue
[2024-02-08T03:23:29.211+0100] {logging_mixin.py:188} INFO - [2024-02-08T03:23:29.210+0100] {dagbag.py:538} INFO - Filling up the DagBag from /home/ubuntu/.local/lib/python3.10/site-packages/airflow/example_dags/example_trigger_controller_dag.py
[2024-02-08T03:23:29.220+0100] {processor.py:840} INFO - DAG(s) 'example_trigger_controller_dag' retrieved from /home/ubuntu/.local/lib/python3.10/site-packages/airflow/example_dags/example_trigger_controller_dag.py
[2024-02-08T03:23:29.252+0100] {logging_mixin.py:188} INFO - [2024-02-08T03:23:29.252+0100] {dag.py:3033} INFO - Sync 1 DAGs
[2024-02-08T03:23:29.279+0100] {logging_mixin.py:188} INFO - [2024-02-08T03:23:29.274+0100] {dag.py:3820} INFO - Setting next_dagrun for example_trigger_controller_dag to 2021-01-01T00:00:00+00:00, run_after=2021-01-01T00:00:00+00:00
[2024-02-08T03:23:29.316+0100] {processor.py:183} INFO - Processing /home/ubuntu/.local/lib/python3.10/site-packages/airflow/example_dags/example_trigger_controller_dag.py took 0.116 seconds
[2024-02-08T03:24:59.643+0100] {processor.py:161} INFO - Started process (PID=15638) to work on /home/ubuntu/.local/lib/python3.10/site-packages/airflow/example_dags/example_trigger_controller_dag.py
[2024-02-08T03:24:59.647+0100] {processor.py:830} INFO - Processing file /home/ubuntu/.local/lib/python3.10/site-packages/airflow/example_dags/example_trigger_controller_dag.py for tasks to queue
[2024-02-08T03:24:59.648+0100] {logging_mixin.py:188} INFO - [2024-02-08T03:24:59.648+0100] {dagbag.py:538} INFO - Filling up the DagBag from /home/ubuntu/.local/lib/python3.10/site-packages/airflow/example_dags/example_trigger_controller_dag.py
[2024-02-08T03:24:59.658+0100] {processor.py:840} INFO - DAG(s) 'example_trigger_controller_dag' retrieved from /home/ubuntu/.local/lib/python3.10/site-packages/airflow/example_dags/example_trigger_controller_dag.py
[2024-02-08T03:24:59.682+0100] {logging_mixin.py:188} INFO - [2024-02-08T03:24:59.682+0100] {dag.py:3033} INFO - Sync 1 DAGs
[2024-02-08T03:24:59.718+0100] {logging_mixin.py:188} INFO - [2024-02-08T03:24:59.718+0100] {dag.py:3820} INFO - Setting next_dagrun for example_trigger_controller_dag to 2021-01-01T00:00:00+00:00, run_after=2021-01-01T00:00:00+00:00
[2024-02-08T03:24:59.760+0100] {processor.py:183} INFO - Processing /home/ubuntu/.local/lib/python3.10/site-packages/airflow/example_dags/example_trigger_controller_dag.py took 0.122 seconds
