[2024-02-08T02:46:41.354+0100] {processor.py:161} INFO - Started process (PID=12381) to work on /home/ubuntu/.local/lib/python3.10/site-packages/airflow/example_dags/example_branch_day_of_week_operator.py
[2024-02-08T02:46:41.356+0100] {processor.py:830} INFO - Processing file /home/ubuntu/.local/lib/python3.10/site-packages/airflow/example_dags/example_branch_day_of_week_operator.py for tasks to queue
[2024-02-08T02:46:41.357+0100] {logging_mixin.py:188} INFO - [2024-02-08T02:46:41.357+0100] {dagbag.py:538} INFO - Filling up the DagBag from /home/ubuntu/.local/lib/python3.10/site-packages/airflow/example_dags/example_branch_day_of_week_operator.py
[2024-02-08T02:46:41.376+0100] {processor.py:840} INFO - DAG(s) 'example_weekday_branch_operator' retrieved from /home/ubuntu/.local/lib/python3.10/site-packages/airflow/example_dags/example_branch_day_of_week_operator.py
[2024-02-08T02:46:41.741+0100] {logging_mixin.py:188} INFO - [2024-02-08T02:46:41.741+0100] {dag.py:3033} INFO - Sync 1 DAGs
[2024-02-08T02:46:41.768+0100] {logging_mixin.py:188} INFO - [2024-02-08T02:46:41.768+0100] {dag.py:3820} INFO - Setting next_dagrun for example_weekday_branch_operator to 2024-02-07T00:00:00+00:00, run_after=2024-02-08T00:00:00+00:00
[2024-02-08T02:46:41.832+0100] {processor.py:183} INFO - Processing /home/ubuntu/.local/lib/python3.10/site-packages/airflow/example_dags/example_branch_day_of_week_operator.py took 0.484 seconds
[2024-02-08T02:48:23.681+0100] {processor.py:161} INFO - Started process (PID=12492) to work on /home/ubuntu/.local/lib/python3.10/site-packages/airflow/example_dags/example_branch_day_of_week_operator.py
[2024-02-08T02:48:23.687+0100] {processor.py:830} INFO - Processing file /home/ubuntu/.local/lib/python3.10/site-packages/airflow/example_dags/example_branch_day_of_week_operator.py for tasks to queue
[2024-02-08T02:48:23.689+0100] {logging_mixin.py:188} INFO - [2024-02-08T02:48:23.688+0100] {dagbag.py:538} INFO - Filling up the DagBag from /home/ubuntu/.local/lib/python3.10/site-packages/airflow/example_dags/example_branch_day_of_week_operator.py
[2024-02-08T02:48:23.728+0100] {processor.py:840} INFO - DAG(s) 'example_weekday_branch_operator' retrieved from /home/ubuntu/.local/lib/python3.10/site-packages/airflow/example_dags/example_branch_day_of_week_operator.py
[2024-02-08T02:48:23.783+0100] {logging_mixin.py:188} INFO - [2024-02-08T02:48:23.782+0100] {dag.py:3033} INFO - Sync 1 DAGs
[2024-02-08T02:48:23.844+0100] {logging_mixin.py:188} INFO - [2024-02-08T02:48:23.844+0100] {dag.py:3820} INFO - Setting next_dagrun for example_weekday_branch_operator to 2024-02-07T00:00:00+00:00, run_after=2024-02-08T00:00:00+00:00
[2024-02-08T02:48:23.905+0100] {processor.py:183} INFO - Processing /home/ubuntu/.local/lib/python3.10/site-packages/airflow/example_dags/example_branch_day_of_week_operator.py took 0.228 seconds
[2024-02-08T02:50:17.013+0100] {processor.py:161} INFO - Started process (PID=13364) to work on /home/ubuntu/.local/lib/python3.10/site-packages/airflow/example_dags/example_branch_day_of_week_operator.py
[2024-02-08T02:50:17.026+0100] {processor.py:830} INFO - Processing file /home/ubuntu/.local/lib/python3.10/site-packages/airflow/example_dags/example_branch_day_of_week_operator.py for tasks to queue
[2024-02-08T02:50:17.052+0100] {logging_mixin.py:188} INFO - [2024-02-08T02:50:17.027+0100] {dagbag.py:538} INFO - Filling up the DagBag from /home/ubuntu/.local/lib/python3.10/site-packages/airflow/example_dags/example_branch_day_of_week_operator.py
[2024-02-08T02:50:17.146+0100] {processor.py:840} INFO - DAG(s) 'example_weekday_branch_operator' retrieved from /home/ubuntu/.local/lib/python3.10/site-packages/airflow/example_dags/example_branch_day_of_week_operator.py
[2024-02-08T02:50:17.415+0100] {logging_mixin.py:188} INFO - [2024-02-08T02:50:17.413+0100] {dag.py:3033} INFO - Sync 1 DAGs
[2024-02-08T02:50:17.554+0100] {logging_mixin.py:188} INFO - [2024-02-08T02:50:17.554+0100] {dag.py:3820} INFO - Setting next_dagrun for example_weekday_branch_operator to 2024-02-07T00:00:00+00:00, run_after=2024-02-08T00:00:00+00:00
[2024-02-08T02:50:17.751+0100] {processor.py:183} INFO - Processing /home/ubuntu/.local/lib/python3.10/site-packages/airflow/example_dags/example_branch_day_of_week_operator.py took 0.777 seconds
[2024-02-08T02:51:40.071+0100] {processor.py:161} INFO - Started process (PID=13688) to work on /home/ubuntu/.local/lib/python3.10/site-packages/airflow/example_dags/example_branch_day_of_week_operator.py
[2024-02-08T02:51:40.074+0100] {processor.py:830} INFO - Processing file /home/ubuntu/.local/lib/python3.10/site-packages/airflow/example_dags/example_branch_day_of_week_operator.py for tasks to queue
[2024-02-08T02:51:40.076+0100] {logging_mixin.py:188} INFO - [2024-02-08T02:51:40.075+0100] {dagbag.py:538} INFO - Filling up the DagBag from /home/ubuntu/.local/lib/python3.10/site-packages/airflow/example_dags/example_branch_day_of_week_operator.py
[2024-02-08T02:51:40.088+0100] {processor.py:840} INFO - DAG(s) 'example_weekday_branch_operator' retrieved from /home/ubuntu/.local/lib/python3.10/site-packages/airflow/example_dags/example_branch_day_of_week_operator.py
[2024-02-08T02:51:40.117+0100] {logging_mixin.py:188} INFO - [2024-02-08T02:51:40.117+0100] {dag.py:3033} INFO - Sync 1 DAGs
[2024-02-08T02:51:40.149+0100] {logging_mixin.py:188} INFO - [2024-02-08T02:51:40.148+0100] {dag.py:3820} INFO - Setting next_dagrun for example_weekday_branch_operator to 2024-02-07T00:00:00+00:00, run_after=2024-02-08T00:00:00+00:00
[2024-02-08T02:51:40.188+0100] {processor.py:183} INFO - Processing /home/ubuntu/.local/lib/python3.10/site-packages/airflow/example_dags/example_branch_day_of_week_operator.py took 0.126 seconds
[2024-02-08T02:53:18.689+0100] {processor.py:161} INFO - Started process (PID=13806) to work on /home/ubuntu/.local/lib/python3.10/site-packages/airflow/example_dags/example_branch_day_of_week_operator.py
[2024-02-08T02:53:18.693+0100] {processor.py:830} INFO - Processing file /home/ubuntu/.local/lib/python3.10/site-packages/airflow/example_dags/example_branch_day_of_week_operator.py for tasks to queue
[2024-02-08T02:53:18.695+0100] {logging_mixin.py:188} INFO - [2024-02-08T02:53:18.694+0100] {dagbag.py:538} INFO - Filling up the DagBag from /home/ubuntu/.local/lib/python3.10/site-packages/airflow/example_dags/example_branch_day_of_week_operator.py
[2024-02-08T02:53:18.708+0100] {processor.py:840} INFO - DAG(s) 'example_weekday_branch_operator' retrieved from /home/ubuntu/.local/lib/python3.10/site-packages/airflow/example_dags/example_branch_day_of_week_operator.py
[2024-02-08T02:53:18.729+0100] {logging_mixin.py:188} INFO - [2024-02-08T02:53:18.729+0100] {dag.py:3033} INFO - Sync 1 DAGs
[2024-02-08T02:53:18.756+0100] {logging_mixin.py:188} INFO - [2024-02-08T02:53:18.756+0100] {dag.py:3820} INFO - Setting next_dagrun for example_weekday_branch_operator to 2024-02-07T00:00:00+00:00, run_after=2024-02-08T00:00:00+00:00
[2024-02-08T02:53:18.808+0100] {processor.py:183} INFO - Processing /home/ubuntu/.local/lib/python3.10/site-packages/airflow/example_dags/example_branch_day_of_week_operator.py took 0.123 seconds
[2024-02-08T02:56:43.473+0100] {processor.py:161} INFO - Started process (PID=13936) to work on /home/ubuntu/.local/lib/python3.10/site-packages/airflow/example_dags/example_branch_day_of_week_operator.py
[2024-02-08T02:56:43.494+0100] {processor.py:830} INFO - Processing file /home/ubuntu/.local/lib/python3.10/site-packages/airflow/example_dags/example_branch_day_of_week_operator.py for tasks to queue
[2024-02-08T02:56:43.496+0100] {logging_mixin.py:188} INFO - [2024-02-08T02:56:43.495+0100] {dagbag.py:538} INFO - Filling up the DagBag from /home/ubuntu/.local/lib/python3.10/site-packages/airflow/example_dags/example_branch_day_of_week_operator.py
[2024-02-08T02:56:43.515+0100] {processor.py:840} INFO - DAG(s) 'example_weekday_branch_operator' retrieved from /home/ubuntu/.local/lib/python3.10/site-packages/airflow/example_dags/example_branch_day_of_week_operator.py
[2024-02-08T02:56:43.610+0100] {logging_mixin.py:188} INFO - [2024-02-08T02:56:43.607+0100] {dag.py:3033} INFO - Sync 1 DAGs
[2024-02-08T02:56:43.654+0100] {logging_mixin.py:188} INFO - [2024-02-08T02:56:43.653+0100] {dag.py:3820} INFO - Setting next_dagrun for example_weekday_branch_operator to 2024-02-07T00:00:00+00:00, run_after=2024-02-08T00:00:00+00:00
[2024-02-08T02:56:43.816+0100] {processor.py:183} INFO - Processing /home/ubuntu/.local/lib/python3.10/site-packages/airflow/example_dags/example_branch_day_of_week_operator.py took 0.353 seconds
[2024-02-08T02:59:30.558+0100] {processor.py:161} INFO - Started process (PID=14016) to work on /home/ubuntu/.local/lib/python3.10/site-packages/airflow/example_dags/example_branch_day_of_week_operator.py
[2024-02-08T02:59:30.606+0100] {processor.py:830} INFO - Processing file /home/ubuntu/.local/lib/python3.10/site-packages/airflow/example_dags/example_branch_day_of_week_operator.py for tasks to queue
[2024-02-08T02:59:30.610+0100] {logging_mixin.py:188} INFO - [2024-02-08T02:59:30.609+0100] {dagbag.py:538} INFO - Filling up the DagBag from /home/ubuntu/.local/lib/python3.10/site-packages/airflow/example_dags/example_branch_day_of_week_operator.py
[2024-02-08T02:59:30.687+0100] {processor.py:840} INFO - DAG(s) 'example_weekday_branch_operator' retrieved from /home/ubuntu/.local/lib/python3.10/site-packages/airflow/example_dags/example_branch_day_of_week_operator.py
[2024-02-08T02:59:30.765+0100] {logging_mixin.py:188} INFO - [2024-02-08T02:59:30.765+0100] {dag.py:3033} INFO - Sync 1 DAGs
[2024-02-08T02:59:30.818+0100] {logging_mixin.py:188} INFO - [2024-02-08T02:59:30.817+0100] {dag.py:3820} INFO - Setting next_dagrun for example_weekday_branch_operator to 2024-02-07T00:00:00+00:00, run_after=2024-02-08T00:00:00+00:00
[2024-02-08T02:59:30.908+0100] {processor.py:183} INFO - Processing /home/ubuntu/.local/lib/python3.10/site-packages/airflow/example_dags/example_branch_day_of_week_operator.py took 0.361 seconds
[2024-02-08T03:01:21.742+0100] {processor.py:161} INFO - Started process (PID=14085) to work on /home/ubuntu/.local/lib/python3.10/site-packages/airflow/example_dags/example_branch_day_of_week_operator.py
[2024-02-08T03:01:21.753+0100] {processor.py:830} INFO - Processing file /home/ubuntu/.local/lib/python3.10/site-packages/airflow/example_dags/example_branch_day_of_week_operator.py for tasks to queue
[2024-02-08T03:01:21.755+0100] {logging_mixin.py:188} INFO - [2024-02-08T03:01:21.754+0100] {dagbag.py:538} INFO - Filling up the DagBag from /home/ubuntu/.local/lib/python3.10/site-packages/airflow/example_dags/example_branch_day_of_week_operator.py
[2024-02-08T03:01:21.770+0100] {processor.py:840} INFO - DAG(s) 'example_weekday_branch_operator' retrieved from /home/ubuntu/.local/lib/python3.10/site-packages/airflow/example_dags/example_branch_day_of_week_operator.py
[2024-02-08T03:01:21.801+0100] {logging_mixin.py:188} INFO - [2024-02-08T03:01:21.801+0100] {dag.py:3033} INFO - Sync 1 DAGs
[2024-02-08T03:01:21.825+0100] {logging_mixin.py:188} INFO - [2024-02-08T03:01:21.825+0100] {dag.py:3820} INFO - Setting next_dagrun for example_weekday_branch_operator to 2024-02-07T00:00:00+00:00, run_after=2024-02-08T00:00:00+00:00
[2024-02-08T03:01:21.897+0100] {processor.py:183} INFO - Processing /home/ubuntu/.local/lib/python3.10/site-packages/airflow/example_dags/example_branch_day_of_week_operator.py took 0.159 seconds
[2024-02-08T03:03:27.617+0100] {processor.py:161} INFO - Started process (PID=14244) to work on /home/ubuntu/.local/lib/python3.10/site-packages/airflow/example_dags/example_branch_day_of_week_operator.py
[2024-02-08T03:03:27.621+0100] {processor.py:830} INFO - Processing file /home/ubuntu/.local/lib/python3.10/site-packages/airflow/example_dags/example_branch_day_of_week_operator.py for tasks to queue
[2024-02-08T03:03:27.624+0100] {logging_mixin.py:188} INFO - [2024-02-08T03:03:27.623+0100] {dagbag.py:538} INFO - Filling up the DagBag from /home/ubuntu/.local/lib/python3.10/site-packages/airflow/example_dags/example_branch_day_of_week_operator.py
[2024-02-08T03:03:27.637+0100] {processor.py:840} INFO - DAG(s) 'example_weekday_branch_operator' retrieved from /home/ubuntu/.local/lib/python3.10/site-packages/airflow/example_dags/example_branch_day_of_week_operator.py
[2024-02-08T03:03:27.665+0100] {logging_mixin.py:188} INFO - [2024-02-08T03:03:27.664+0100] {dag.py:3033} INFO - Sync 1 DAGs
[2024-02-08T03:03:27.693+0100] {logging_mixin.py:188} INFO - [2024-02-08T03:03:27.693+0100] {dag.py:3820} INFO - Setting next_dagrun for example_weekday_branch_operator to 2024-02-07T00:00:00+00:00, run_after=2024-02-08T00:00:00+00:00
[2024-02-08T03:03:27.731+0100] {processor.py:183} INFO - Processing /home/ubuntu/.local/lib/python3.10/site-packages/airflow/example_dags/example_branch_day_of_week_operator.py took 0.124 seconds
[2024-02-08T03:04:29.142+0100] {processor.py:161} INFO - Started process (PID=14307) to work on /home/ubuntu/.local/lib/python3.10/site-packages/airflow/example_dags/example_branch_day_of_week_operator.py
[2024-02-08T03:04:29.145+0100] {processor.py:830} INFO - Processing file /home/ubuntu/.local/lib/python3.10/site-packages/airflow/example_dags/example_branch_day_of_week_operator.py for tasks to queue
[2024-02-08T03:04:29.147+0100] {logging_mixin.py:188} INFO - [2024-02-08T03:04:29.146+0100] {dagbag.py:538} INFO - Filling up the DagBag from /home/ubuntu/.local/lib/python3.10/site-packages/airflow/example_dags/example_branch_day_of_week_operator.py
[2024-02-08T03:04:29.160+0100] {processor.py:840} INFO - DAG(s) 'example_weekday_branch_operator' retrieved from /home/ubuntu/.local/lib/python3.10/site-packages/airflow/example_dags/example_branch_day_of_week_operator.py
[2024-02-08T03:04:29.187+0100] {logging_mixin.py:188} INFO - [2024-02-08T03:04:29.187+0100] {dag.py:3033} INFO - Sync 1 DAGs
[2024-02-08T03:04:29.213+0100] {logging_mixin.py:188} INFO - [2024-02-08T03:04:29.212+0100] {dag.py:3820} INFO - Setting next_dagrun for example_weekday_branch_operator to 2024-02-07T00:00:00+00:00, run_after=2024-02-08T00:00:00+00:00
[2024-02-08T03:04:29.268+0100] {processor.py:183} INFO - Processing /home/ubuntu/.local/lib/python3.10/site-packages/airflow/example_dags/example_branch_day_of_week_operator.py took 0.133 seconds
[2024-02-08T03:05:47.524+0100] {processor.py:161} INFO - Started process (PID=14368) to work on /home/ubuntu/.local/lib/python3.10/site-packages/airflow/example_dags/example_branch_day_of_week_operator.py
[2024-02-08T03:05:47.526+0100] {processor.py:830} INFO - Processing file /home/ubuntu/.local/lib/python3.10/site-packages/airflow/example_dags/example_branch_day_of_week_operator.py for tasks to queue
[2024-02-08T03:05:47.528+0100] {logging_mixin.py:188} INFO - [2024-02-08T03:05:47.527+0100] {dagbag.py:538} INFO - Filling up the DagBag from /home/ubuntu/.local/lib/python3.10/site-packages/airflow/example_dags/example_branch_day_of_week_operator.py
[2024-02-08T03:05:47.542+0100] {processor.py:840} INFO - DAG(s) 'example_weekday_branch_operator' retrieved from /home/ubuntu/.local/lib/python3.10/site-packages/airflow/example_dags/example_branch_day_of_week_operator.py
[2024-02-08T03:05:47.567+0100] {logging_mixin.py:188} INFO - [2024-02-08T03:05:47.566+0100] {dag.py:3033} INFO - Sync 1 DAGs
[2024-02-08T03:05:47.598+0100] {logging_mixin.py:188} INFO - [2024-02-08T03:05:47.597+0100] {dag.py:3820} INFO - Setting next_dagrun for example_weekday_branch_operator to 2024-02-07T00:00:00+00:00, run_after=2024-02-08T00:00:00+00:00
[2024-02-08T03:05:47.639+0100] {processor.py:183} INFO - Processing /home/ubuntu/.local/lib/python3.10/site-packages/airflow/example_dags/example_branch_day_of_week_operator.py took 0.121 seconds
[2024-02-08T03:06:52.862+0100] {processor.py:161} INFO - Started process (PID=14428) to work on /home/ubuntu/.local/lib/python3.10/site-packages/airflow/example_dags/example_branch_day_of_week_operator.py
[2024-02-08T03:06:52.867+0100] {processor.py:830} INFO - Processing file /home/ubuntu/.local/lib/python3.10/site-packages/airflow/example_dags/example_branch_day_of_week_operator.py for tasks to queue
[2024-02-08T03:06:52.869+0100] {logging_mixin.py:188} INFO - [2024-02-08T03:06:52.868+0100] {dagbag.py:538} INFO - Filling up the DagBag from /home/ubuntu/.local/lib/python3.10/site-packages/airflow/example_dags/example_branch_day_of_week_operator.py
[2024-02-08T03:06:52.880+0100] {processor.py:840} INFO - DAG(s) 'example_weekday_branch_operator' retrieved from /home/ubuntu/.local/lib/python3.10/site-packages/airflow/example_dags/example_branch_day_of_week_operator.py
[2024-02-08T03:06:52.905+0100] {logging_mixin.py:188} INFO - [2024-02-08T03:06:52.905+0100] {dag.py:3033} INFO - Sync 1 DAGs
[2024-02-08T03:06:52.930+0100] {logging_mixin.py:188} INFO - [2024-02-08T03:06:52.929+0100] {dag.py:3820} INFO - Setting next_dagrun for example_weekday_branch_operator to 2024-02-07T00:00:00+00:00, run_after=2024-02-08T00:00:00+00:00
[2024-02-08T03:06:52.971+0100] {processor.py:183} INFO - Processing /home/ubuntu/.local/lib/python3.10/site-packages/airflow/example_dags/example_branch_day_of_week_operator.py took 0.113 seconds
[2024-02-08T03:08:08.018+0100] {processor.py:161} INFO - Started process (PID=14575) to work on /home/ubuntu/.local/lib/python3.10/site-packages/airflow/example_dags/example_branch_day_of_week_operator.py
[2024-02-08T03:08:08.022+0100] {processor.py:830} INFO - Processing file /home/ubuntu/.local/lib/python3.10/site-packages/airflow/example_dags/example_branch_day_of_week_operator.py for tasks to queue
[2024-02-08T03:08:08.024+0100] {logging_mixin.py:188} INFO - [2024-02-08T03:08:08.023+0100] {dagbag.py:538} INFO - Filling up the DagBag from /home/ubuntu/.local/lib/python3.10/site-packages/airflow/example_dags/example_branch_day_of_week_operator.py
[2024-02-08T03:08:08.045+0100] {processor.py:840} INFO - DAG(s) 'example_weekday_branch_operator' retrieved from /home/ubuntu/.local/lib/python3.10/site-packages/airflow/example_dags/example_branch_day_of_week_operator.py
[2024-02-08T03:08:08.073+0100] {logging_mixin.py:188} INFO - [2024-02-08T03:08:08.072+0100] {dag.py:3033} INFO - Sync 1 DAGs
[2024-02-08T03:08:08.104+0100] {logging_mixin.py:188} INFO - [2024-02-08T03:08:08.103+0100] {dag.py:3820} INFO - Setting next_dagrun for example_weekday_branch_operator to 2024-02-07T00:00:00+00:00, run_after=2024-02-08T00:00:00+00:00
[2024-02-08T03:08:08.141+0100] {processor.py:183} INFO - Processing /home/ubuntu/.local/lib/python3.10/site-packages/airflow/example_dags/example_branch_day_of_week_operator.py took 0.129 seconds
[2024-02-08T03:09:10.827+0100] {processor.py:161} INFO - Started process (PID=14638) to work on /home/ubuntu/.local/lib/python3.10/site-packages/airflow/example_dags/example_branch_day_of_week_operator.py
[2024-02-08T03:09:10.830+0100] {processor.py:830} INFO - Processing file /home/ubuntu/.local/lib/python3.10/site-packages/airflow/example_dags/example_branch_day_of_week_operator.py for tasks to queue
[2024-02-08T03:09:10.832+0100] {logging_mixin.py:188} INFO - [2024-02-08T03:09:10.831+0100] {dagbag.py:538} INFO - Filling up the DagBag from /home/ubuntu/.local/lib/python3.10/site-packages/airflow/example_dags/example_branch_day_of_week_operator.py
[2024-02-08T03:09:10.846+0100] {processor.py:840} INFO - DAG(s) 'example_weekday_branch_operator' retrieved from /home/ubuntu/.local/lib/python3.10/site-packages/airflow/example_dags/example_branch_day_of_week_operator.py
[2024-02-08T03:09:10.875+0100] {logging_mixin.py:188} INFO - [2024-02-08T03:09:10.875+0100] {dag.py:3033} INFO - Sync 1 DAGs
[2024-02-08T03:09:10.905+0100] {logging_mixin.py:188} INFO - [2024-02-08T03:09:10.904+0100] {dag.py:3820} INFO - Setting next_dagrun for example_weekday_branch_operator to 2024-02-07T00:00:00+00:00, run_after=2024-02-08T00:00:00+00:00
[2024-02-08T03:09:10.964+0100] {processor.py:183} INFO - Processing /home/ubuntu/.local/lib/python3.10/site-packages/airflow/example_dags/example_branch_day_of_week_operator.py took 0.142 seconds
[2024-02-08T03:10:17.373+0100] {processor.py:161} INFO - Started process (PID=14697) to work on /home/ubuntu/.local/lib/python3.10/site-packages/airflow/example_dags/example_branch_day_of_week_operator.py
[2024-02-08T03:10:17.378+0100] {processor.py:830} INFO - Processing file /home/ubuntu/.local/lib/python3.10/site-packages/airflow/example_dags/example_branch_day_of_week_operator.py for tasks to queue
[2024-02-08T03:10:17.381+0100] {logging_mixin.py:188} INFO - [2024-02-08T03:10:17.380+0100] {dagbag.py:538} INFO - Filling up the DagBag from /home/ubuntu/.local/lib/python3.10/site-packages/airflow/example_dags/example_branch_day_of_week_operator.py
[2024-02-08T03:10:17.399+0100] {processor.py:840} INFO - DAG(s) 'example_weekday_branch_operator' retrieved from /home/ubuntu/.local/lib/python3.10/site-packages/airflow/example_dags/example_branch_day_of_week_operator.py
[2024-02-08T03:10:17.440+0100] {logging_mixin.py:188} INFO - [2024-02-08T03:10:17.440+0100] {dag.py:3033} INFO - Sync 1 DAGs
[2024-02-08T03:10:17.489+0100] {logging_mixin.py:188} INFO - [2024-02-08T03:10:17.488+0100] {dag.py:3820} INFO - Setting next_dagrun for example_weekday_branch_operator to 2024-02-07T00:00:00+00:00, run_after=2024-02-08T00:00:00+00:00
[2024-02-08T03:10:17.536+0100] {processor.py:183} INFO - Processing /home/ubuntu/.local/lib/python3.10/site-packages/airflow/example_dags/example_branch_day_of_week_operator.py took 0.172 seconds
[2024-02-08T03:11:21.257+0100] {processor.py:161} INFO - Started process (PID=14754) to work on /home/ubuntu/.local/lib/python3.10/site-packages/airflow/example_dags/example_branch_day_of_week_operator.py
[2024-02-08T03:11:21.267+0100] {processor.py:830} INFO - Processing file /home/ubuntu/.local/lib/python3.10/site-packages/airflow/example_dags/example_branch_day_of_week_operator.py for tasks to queue
[2024-02-08T03:11:21.269+0100] {logging_mixin.py:188} INFO - [2024-02-08T03:11:21.269+0100] {dagbag.py:538} INFO - Filling up the DagBag from /home/ubuntu/.local/lib/python3.10/site-packages/airflow/example_dags/example_branch_day_of_week_operator.py
[2024-02-08T03:11:21.286+0100] {processor.py:840} INFO - DAG(s) 'example_weekday_branch_operator' retrieved from /home/ubuntu/.local/lib/python3.10/site-packages/airflow/example_dags/example_branch_day_of_week_operator.py
[2024-02-08T03:11:21.328+0100] {logging_mixin.py:188} INFO - [2024-02-08T03:11:21.327+0100] {dag.py:3033} INFO - Sync 1 DAGs
[2024-02-08T03:11:21.369+0100] {logging_mixin.py:188} INFO - [2024-02-08T03:11:21.369+0100] {dag.py:3820} INFO - Setting next_dagrun for example_weekday_branch_operator to 2024-02-07T00:00:00+00:00, run_after=2024-02-08T00:00:00+00:00
[2024-02-08T03:11:21.419+0100] {processor.py:183} INFO - Processing /home/ubuntu/.local/lib/python3.10/site-packages/airflow/example_dags/example_branch_day_of_week_operator.py took 0.168 seconds
[2024-02-08T03:12:23.472+0100] {processor.py:161} INFO - Started process (PID=14813) to work on /home/ubuntu/.local/lib/python3.10/site-packages/airflow/example_dags/example_branch_day_of_week_operator.py
[2024-02-08T03:12:23.479+0100] {processor.py:830} INFO - Processing file /home/ubuntu/.local/lib/python3.10/site-packages/airflow/example_dags/example_branch_day_of_week_operator.py for tasks to queue
[2024-02-08T03:12:23.481+0100] {logging_mixin.py:188} INFO - [2024-02-08T03:12:23.480+0100] {dagbag.py:538} INFO - Filling up the DagBag from /home/ubuntu/.local/lib/python3.10/site-packages/airflow/example_dags/example_branch_day_of_week_operator.py
[2024-02-08T03:12:23.496+0100] {processor.py:840} INFO - DAG(s) 'example_weekday_branch_operator' retrieved from /home/ubuntu/.local/lib/python3.10/site-packages/airflow/example_dags/example_branch_day_of_week_operator.py
[2024-02-08T03:12:23.527+0100] {logging_mixin.py:188} INFO - [2024-02-08T03:12:23.527+0100] {dag.py:3033} INFO - Sync 1 DAGs
[2024-02-08T03:12:23.555+0100] {logging_mixin.py:188} INFO - [2024-02-08T03:12:23.554+0100] {dag.py:3820} INFO - Setting next_dagrun for example_weekday_branch_operator to 2024-02-07T00:00:00+00:00, run_after=2024-02-08T00:00:00+00:00
[2024-02-08T03:12:23.594+0100] {processor.py:183} INFO - Processing /home/ubuntu/.local/lib/python3.10/site-packages/airflow/example_dags/example_branch_day_of_week_operator.py took 0.126 seconds
[2024-02-08T03:13:24.516+0100] {processor.py:161} INFO - Started process (PID=14869) to work on /home/ubuntu/.local/lib/python3.10/site-packages/airflow/example_dags/example_branch_day_of_week_operator.py
[2024-02-08T03:13:24.524+0100] {processor.py:830} INFO - Processing file /home/ubuntu/.local/lib/python3.10/site-packages/airflow/example_dags/example_branch_day_of_week_operator.py for tasks to queue
[2024-02-08T03:13:24.526+0100] {logging_mixin.py:188} INFO - [2024-02-08T03:13:24.525+0100] {dagbag.py:538} INFO - Filling up the DagBag from /home/ubuntu/.local/lib/python3.10/site-packages/airflow/example_dags/example_branch_day_of_week_operator.py
[2024-02-08T03:13:24.538+0100] {processor.py:840} INFO - DAG(s) 'example_weekday_branch_operator' retrieved from /home/ubuntu/.local/lib/python3.10/site-packages/airflow/example_dags/example_branch_day_of_week_operator.py
[2024-02-08T03:13:24.569+0100] {logging_mixin.py:188} INFO - [2024-02-08T03:13:24.569+0100] {dag.py:3033} INFO - Sync 1 DAGs
[2024-02-08T03:13:24.601+0100] {logging_mixin.py:188} INFO - [2024-02-08T03:13:24.600+0100] {dag.py:3820} INFO - Setting next_dagrun for example_weekday_branch_operator to 2024-02-07T00:00:00+00:00, run_after=2024-02-08T00:00:00+00:00
[2024-02-08T03:13:24.644+0100] {processor.py:183} INFO - Processing /home/ubuntu/.local/lib/python3.10/site-packages/airflow/example_dags/example_branch_day_of_week_operator.py took 0.135 seconds
[2024-02-08T03:14:25.019+0100] {processor.py:161} INFO - Started process (PID=14935) to work on /home/ubuntu/.local/lib/python3.10/site-packages/airflow/example_dags/example_branch_day_of_week_operator.py
[2024-02-08T03:14:25.024+0100] {processor.py:830} INFO - Processing file /home/ubuntu/.local/lib/python3.10/site-packages/airflow/example_dags/example_branch_day_of_week_operator.py for tasks to queue
[2024-02-08T03:14:25.028+0100] {logging_mixin.py:188} INFO - [2024-02-08T03:14:25.027+0100] {dagbag.py:538} INFO - Filling up the DagBag from /home/ubuntu/.local/lib/python3.10/site-packages/airflow/example_dags/example_branch_day_of_week_operator.py
[2024-02-08T03:14:25.052+0100] {processor.py:840} INFO - DAG(s) 'example_weekday_branch_operator' retrieved from /home/ubuntu/.local/lib/python3.10/site-packages/airflow/example_dags/example_branch_day_of_week_operator.py
[2024-02-08T03:14:25.089+0100] {logging_mixin.py:188} INFO - [2024-02-08T03:14:25.088+0100] {dag.py:3033} INFO - Sync 1 DAGs
[2024-02-08T03:14:25.114+0100] {logging_mixin.py:188} INFO - [2024-02-08T03:14:25.113+0100] {dag.py:3820} INFO - Setting next_dagrun for example_weekday_branch_operator to 2024-02-07T00:00:00+00:00, run_after=2024-02-08T00:00:00+00:00
[2024-02-08T03:14:25.160+0100] {processor.py:183} INFO - Processing /home/ubuntu/.local/lib/python3.10/site-packages/airflow/example_dags/example_branch_day_of_week_operator.py took 0.146 seconds
[2024-02-08T03:15:27.572+0100] {processor.py:161} INFO - Started process (PID=14999) to work on /home/ubuntu/.local/lib/python3.10/site-packages/airflow/example_dags/example_branch_day_of_week_operator.py
[2024-02-08T03:15:27.580+0100] {processor.py:830} INFO - Processing file /home/ubuntu/.local/lib/python3.10/site-packages/airflow/example_dags/example_branch_day_of_week_operator.py for tasks to queue
[2024-02-08T03:15:27.582+0100] {logging_mixin.py:188} INFO - [2024-02-08T03:15:27.582+0100] {dagbag.py:538} INFO - Filling up the DagBag from /home/ubuntu/.local/lib/python3.10/site-packages/airflow/example_dags/example_branch_day_of_week_operator.py
[2024-02-08T03:15:27.601+0100] {processor.py:840} INFO - DAG(s) 'example_weekday_branch_operator' retrieved from /home/ubuntu/.local/lib/python3.10/site-packages/airflow/example_dags/example_branch_day_of_week_operator.py
[2024-02-08T03:15:27.636+0100] {logging_mixin.py:188} INFO - [2024-02-08T03:15:27.636+0100] {dag.py:3033} INFO - Sync 1 DAGs
[2024-02-08T03:15:27.678+0100] {logging_mixin.py:188} INFO - [2024-02-08T03:15:27.678+0100] {dag.py:3820} INFO - Setting next_dagrun for example_weekday_branch_operator to 2024-02-07T00:00:00+00:00, run_after=2024-02-08T00:00:00+00:00
[2024-02-08T03:15:27.727+0100] {processor.py:183} INFO - Processing /home/ubuntu/.local/lib/python3.10/site-packages/airflow/example_dags/example_branch_day_of_week_operator.py took 0.162 seconds
[2024-02-08T03:16:28.330+0100] {processor.py:161} INFO - Started process (PID=15055) to work on /home/ubuntu/.local/lib/python3.10/site-packages/airflow/example_dags/example_branch_day_of_week_operator.py
[2024-02-08T03:16:28.335+0100] {processor.py:830} INFO - Processing file /home/ubuntu/.local/lib/python3.10/site-packages/airflow/example_dags/example_branch_day_of_week_operator.py for tasks to queue
[2024-02-08T03:16:28.337+0100] {logging_mixin.py:188} INFO - [2024-02-08T03:16:28.337+0100] {dagbag.py:538} INFO - Filling up the DagBag from /home/ubuntu/.local/lib/python3.10/site-packages/airflow/example_dags/example_branch_day_of_week_operator.py
[2024-02-08T03:16:28.357+0100] {processor.py:840} INFO - DAG(s) 'example_weekday_branch_operator' retrieved from /home/ubuntu/.local/lib/python3.10/site-packages/airflow/example_dags/example_branch_day_of_week_operator.py
[2024-02-08T03:16:28.391+0100] {logging_mixin.py:188} INFO - [2024-02-08T03:16:28.390+0100] {dag.py:3033} INFO - Sync 1 DAGs
[2024-02-08T03:16:28.433+0100] {logging_mixin.py:188} INFO - [2024-02-08T03:16:28.431+0100] {dag.py:3820} INFO - Setting next_dagrun for example_weekday_branch_operator to 2024-02-07T00:00:00+00:00, run_after=2024-02-08T00:00:00+00:00
[2024-02-08T03:16:28.485+0100] {processor.py:183} INFO - Processing /home/ubuntu/.local/lib/python3.10/site-packages/airflow/example_dags/example_branch_day_of_week_operator.py took 0.162 seconds
[2024-02-08T03:17:24.717+0100] {processor.py:161} INFO - Started process (PID=15113) to work on /home/ubuntu/.local/lib/python3.10/site-packages/airflow/example_dags/example_branch_day_of_week_operator.py
[2024-02-08T03:17:24.723+0100] {processor.py:830} INFO - Processing file /home/ubuntu/.local/lib/python3.10/site-packages/airflow/example_dags/example_branch_day_of_week_operator.py for tasks to queue
[2024-02-08T03:17:24.725+0100] {logging_mixin.py:188} INFO - [2024-02-08T03:17:24.724+0100] {dagbag.py:538} INFO - Filling up the DagBag from /home/ubuntu/.local/lib/python3.10/site-packages/airflow/example_dags/example_branch_day_of_week_operator.py
[2024-02-08T03:17:24.740+0100] {processor.py:840} INFO - DAG(s) 'example_weekday_branch_operator' retrieved from /home/ubuntu/.local/lib/python3.10/site-packages/airflow/example_dags/example_branch_day_of_week_operator.py
[2024-02-08T03:17:24.783+0100] {logging_mixin.py:188} INFO - [2024-02-08T03:17:24.783+0100] {dag.py:3033} INFO - Sync 1 DAGs
[2024-02-08T03:17:24.815+0100] {logging_mixin.py:188} INFO - [2024-02-08T03:17:24.815+0100] {dag.py:3820} INFO - Setting next_dagrun for example_weekday_branch_operator to 2024-02-07T00:00:00+00:00, run_after=2024-02-08T00:00:00+00:00
[2024-02-08T03:17:24.865+0100] {processor.py:183} INFO - Processing /home/ubuntu/.local/lib/python3.10/site-packages/airflow/example_dags/example_branch_day_of_week_operator.py took 0.155 seconds
[2024-02-08T03:18:23.678+0100] {processor.py:161} INFO - Started process (PID=15168) to work on /home/ubuntu/.local/lib/python3.10/site-packages/airflow/example_dags/example_branch_day_of_week_operator.py
[2024-02-08T03:18:23.684+0100] {processor.py:830} INFO - Processing file /home/ubuntu/.local/lib/python3.10/site-packages/airflow/example_dags/example_branch_day_of_week_operator.py for tasks to queue
[2024-02-08T03:18:23.685+0100] {logging_mixin.py:188} INFO - [2024-02-08T03:18:23.685+0100] {dagbag.py:538} INFO - Filling up the DagBag from /home/ubuntu/.local/lib/python3.10/site-packages/airflow/example_dags/example_branch_day_of_week_operator.py
[2024-02-08T03:18:23.702+0100] {processor.py:840} INFO - DAG(s) 'example_weekday_branch_operator' retrieved from /home/ubuntu/.local/lib/python3.10/site-packages/airflow/example_dags/example_branch_day_of_week_operator.py
[2024-02-08T03:18:23.734+0100] {logging_mixin.py:188} INFO - [2024-02-08T03:18:23.734+0100] {dag.py:3033} INFO - Sync 1 DAGs
[2024-02-08T03:18:23.785+0100] {logging_mixin.py:188} INFO - [2024-02-08T03:18:23.784+0100] {dag.py:3820} INFO - Setting next_dagrun for example_weekday_branch_operator to 2024-02-07T00:00:00+00:00, run_after=2024-02-08T00:00:00+00:00
[2024-02-08T03:18:23.841+0100] {processor.py:183} INFO - Processing /home/ubuntu/.local/lib/python3.10/site-packages/airflow/example_dags/example_branch_day_of_week_operator.py took 0.168 seconds
[2024-02-08T03:19:29.981+0100] {processor.py:161} INFO - Started process (PID=15281) to work on /home/ubuntu/.local/lib/python3.10/site-packages/airflow/example_dags/example_branch_day_of_week_operator.py
[2024-02-08T03:19:29.986+0100] {processor.py:830} INFO - Processing file /home/ubuntu/.local/lib/python3.10/site-packages/airflow/example_dags/example_branch_day_of_week_operator.py for tasks to queue
[2024-02-08T03:19:29.987+0100] {logging_mixin.py:188} INFO - [2024-02-08T03:19:29.986+0100] {dagbag.py:538} INFO - Filling up the DagBag from /home/ubuntu/.local/lib/python3.10/site-packages/airflow/example_dags/example_branch_day_of_week_operator.py
[2024-02-08T03:19:30.004+0100] {processor.py:840} INFO - DAG(s) 'example_weekday_branch_operator' retrieved from /home/ubuntu/.local/lib/python3.10/site-packages/airflow/example_dags/example_branch_day_of_week_operator.py
[2024-02-08T03:19:30.032+0100] {logging_mixin.py:188} INFO - [2024-02-08T03:19:30.031+0100] {dag.py:3033} INFO - Sync 1 DAGs
[2024-02-08T03:19:30.063+0100] {logging_mixin.py:188} INFO - [2024-02-08T03:19:30.062+0100] {dag.py:3820} INFO - Setting next_dagrun for example_weekday_branch_operator to 2024-02-07T00:00:00+00:00, run_after=2024-02-08T00:00:00+00:00
[2024-02-08T03:19:30.101+0100] {processor.py:183} INFO - Processing /home/ubuntu/.local/lib/python3.10/site-packages/airflow/example_dags/example_branch_day_of_week_operator.py took 0.126 seconds
[2024-02-08T03:20:41.401+0100] {processor.py:161} INFO - Started process (PID=15353) to work on /home/ubuntu/.local/lib/python3.10/site-packages/airflow/example_dags/example_branch_day_of_week_operator.py
[2024-02-08T03:20:41.429+0100] {processor.py:830} INFO - Processing file /home/ubuntu/.local/lib/python3.10/site-packages/airflow/example_dags/example_branch_day_of_week_operator.py for tasks to queue
[2024-02-08T03:20:41.431+0100] {logging_mixin.py:188} INFO - [2024-02-08T03:20:41.430+0100] {dagbag.py:538} INFO - Filling up the DagBag from /home/ubuntu/.local/lib/python3.10/site-packages/airflow/example_dags/example_branch_day_of_week_operator.py
[2024-02-08T03:20:41.447+0100] {processor.py:840} INFO - DAG(s) 'example_weekday_branch_operator' retrieved from /home/ubuntu/.local/lib/python3.10/site-packages/airflow/example_dags/example_branch_day_of_week_operator.py
[2024-02-08T03:20:41.482+0100] {logging_mixin.py:188} INFO - [2024-02-08T03:20:41.481+0100] {dag.py:3033} INFO - Sync 1 DAGs
[2024-02-08T03:20:41.509+0100] {logging_mixin.py:188} INFO - [2024-02-08T03:20:41.509+0100] {dag.py:3820} INFO - Setting next_dagrun for example_weekday_branch_operator to 2024-02-07T00:00:00+00:00, run_after=2024-02-08T00:00:00+00:00
[2024-02-08T03:20:41.543+0100] {processor.py:183} INFO - Processing /home/ubuntu/.local/lib/python3.10/site-packages/airflow/example_dags/example_branch_day_of_week_operator.py took 0.148 seconds
[2024-02-08T03:21:50.744+0100] {processor.py:161} INFO - Started process (PID=15412) to work on /home/ubuntu/.local/lib/python3.10/site-packages/airflow/example_dags/example_branch_day_of_week_operator.py
[2024-02-08T03:21:50.749+0100] {processor.py:830} INFO - Processing file /home/ubuntu/.local/lib/python3.10/site-packages/airflow/example_dags/example_branch_day_of_week_operator.py for tasks to queue
[2024-02-08T03:21:50.750+0100] {logging_mixin.py:188} INFO - [2024-02-08T03:21:50.750+0100] {dagbag.py:538} INFO - Filling up the DagBag from /home/ubuntu/.local/lib/python3.10/site-packages/airflow/example_dags/example_branch_day_of_week_operator.py
[2024-02-08T03:21:50.785+0100] {processor.py:840} INFO - DAG(s) 'example_weekday_branch_operator' retrieved from /home/ubuntu/.local/lib/python3.10/site-packages/airflow/example_dags/example_branch_day_of_week_operator.py
[2024-02-08T03:21:50.810+0100] {logging_mixin.py:188} INFO - [2024-02-08T03:21:50.810+0100] {dag.py:3033} INFO - Sync 1 DAGs
[2024-02-08T03:21:50.833+0100] {logging_mixin.py:188} INFO - [2024-02-08T03:21:50.832+0100] {dag.py:3820} INFO - Setting next_dagrun for example_weekday_branch_operator to 2024-02-07T00:00:00+00:00, run_after=2024-02-08T00:00:00+00:00
[2024-02-08T03:21:50.872+0100] {processor.py:183} INFO - Processing /home/ubuntu/.local/lib/python3.10/site-packages/airflow/example_dags/example_branch_day_of_week_operator.py took 0.132 seconds
[2024-02-08T03:22:54.487+0100] {processor.py:161} INFO - Started process (PID=15469) to work on /home/ubuntu/.local/lib/python3.10/site-packages/airflow/example_dags/example_branch_day_of_week_operator.py
[2024-02-08T03:22:54.490+0100] {processor.py:830} INFO - Processing file /home/ubuntu/.local/lib/python3.10/site-packages/airflow/example_dags/example_branch_day_of_week_operator.py for tasks to queue
[2024-02-08T03:22:54.492+0100] {logging_mixin.py:188} INFO - [2024-02-08T03:22:54.491+0100] {dagbag.py:538} INFO - Filling up the DagBag from /home/ubuntu/.local/lib/python3.10/site-packages/airflow/example_dags/example_branch_day_of_week_operator.py
[2024-02-08T03:22:54.505+0100] {processor.py:840} INFO - DAG(s) 'example_weekday_branch_operator' retrieved from /home/ubuntu/.local/lib/python3.10/site-packages/airflow/example_dags/example_branch_day_of_week_operator.py
[2024-02-08T03:22:54.533+0100] {logging_mixin.py:188} INFO - [2024-02-08T03:22:54.532+0100] {dag.py:3033} INFO - Sync 1 DAGs
[2024-02-08T03:22:54.565+0100] {logging_mixin.py:188} INFO - [2024-02-08T03:22:54.564+0100] {dag.py:3820} INFO - Setting next_dagrun for example_weekday_branch_operator to 2024-02-07T00:00:00+00:00, run_after=2024-02-08T00:00:00+00:00
[2024-02-08T03:22:54.602+0100] {processor.py:183} INFO - Processing /home/ubuntu/.local/lib/python3.10/site-packages/airflow/example_dags/example_branch_day_of_week_operator.py took 0.121 seconds
[2024-02-08T03:24:12.075+0100] {processor.py:161} INFO - Started process (PID=15566) to work on /home/ubuntu/.local/lib/python3.10/site-packages/airflow/example_dags/example_branch_day_of_week_operator.py
[2024-02-08T03:24:12.082+0100] {processor.py:830} INFO - Processing file /home/ubuntu/.local/lib/python3.10/site-packages/airflow/example_dags/example_branch_day_of_week_operator.py for tasks to queue
[2024-02-08T03:24:12.088+0100] {logging_mixin.py:188} INFO - [2024-02-08T03:24:12.088+0100] {dagbag.py:538} INFO - Filling up the DagBag from /home/ubuntu/.local/lib/python3.10/site-packages/airflow/example_dags/example_branch_day_of_week_operator.py
[2024-02-08T03:24:12.111+0100] {processor.py:840} INFO - DAG(s) 'example_weekday_branch_operator' retrieved from /home/ubuntu/.local/lib/python3.10/site-packages/airflow/example_dags/example_branch_day_of_week_operator.py
[2024-02-08T03:24:12.195+0100] {logging_mixin.py:188} INFO - [2024-02-08T03:24:12.195+0100] {dag.py:3033} INFO - Sync 1 DAGs
[2024-02-08T03:24:12.258+0100] {logging_mixin.py:188} INFO - [2024-02-08T03:24:12.258+0100] {dag.py:3820} INFO - Setting next_dagrun for example_weekday_branch_operator to 2024-02-07T00:00:00+00:00, run_after=2024-02-08T00:00:00+00:00
[2024-02-08T03:24:12.501+0100] {processor.py:183} INFO - Processing /home/ubuntu/.local/lib/python3.10/site-packages/airflow/example_dags/example_branch_day_of_week_operator.py took 0.432 seconds
[2024-02-08T03:25:11.098+0100] {processor.py:161} INFO - Started process (PID=15653) to work on /home/ubuntu/.local/lib/python3.10/site-packages/airflow/example_dags/example_branch_day_of_week_operator.py
[2024-02-08T03:25:11.103+0100] {processor.py:830} INFO - Processing file /home/ubuntu/.local/lib/python3.10/site-packages/airflow/example_dags/example_branch_day_of_week_operator.py for tasks to queue
[2024-02-08T03:25:11.105+0100] {logging_mixin.py:188} INFO - [2024-02-08T03:25:11.104+0100] {dagbag.py:538} INFO - Filling up the DagBag from /home/ubuntu/.local/lib/python3.10/site-packages/airflow/example_dags/example_branch_day_of_week_operator.py
[2024-02-08T03:25:11.119+0100] {processor.py:840} INFO - DAG(s) 'example_weekday_branch_operator' retrieved from /home/ubuntu/.local/lib/python3.10/site-packages/airflow/example_dags/example_branch_day_of_week_operator.py
[2024-02-08T03:25:11.147+0100] {logging_mixin.py:188} INFO - [2024-02-08T03:25:11.147+0100] {dag.py:3033} INFO - Sync 1 DAGs
[2024-02-08T03:25:11.172+0100] {logging_mixin.py:188} INFO - [2024-02-08T03:25:11.172+0100] {dag.py:3820} INFO - Setting next_dagrun for example_weekday_branch_operator to 2024-02-07T00:00:00+00:00, run_after=2024-02-08T00:00:00+00:00
[2024-02-08T03:25:11.214+0100] {processor.py:183} INFO - Processing /home/ubuntu/.local/lib/python3.10/site-packages/airflow/example_dags/example_branch_day_of_week_operator.py took 0.120 seconds
