[2024-02-08T02:47:12.706+0100] {processor.py:161} INFO - Started process (PID=12418) to work on /home/ubuntu/.local/lib/python3.10/site-packages/airflow/example_dags/example_short_circuit_decorator.py
[2024-02-08T02:47:12.708+0100] {processor.py:830} INFO - Processing file /home/ubuntu/.local/lib/python3.10/site-packages/airflow/example_dags/example_short_circuit_decorator.py for tasks to queue
[2024-02-08T02:47:12.734+0100] {logging_mixin.py:188} INFO - [2024-02-08T02:47:12.709+0100] {dagbag.py:538} INFO - Filling up the DagBag from /home/ubuntu/.local/lib/python3.10/site-packages/airflow/example_dags/example_short_circuit_decorator.py
[2024-02-08T02:47:13.045+0100] {processor.py:840} INFO - DAG(s) 'example_short_circuit_decorator' retrieved from /home/ubuntu/.local/lib/python3.10/site-packages/airflow/example_dags/example_short_circuit_decorator.py
[2024-02-08T02:47:14.318+0100] {logging_mixin.py:188} INFO - [2024-02-08T02:47:14.281+0100] {dag.py:3033} INFO - Sync 1 DAGs
[2024-02-08T02:47:14.470+0100] {logging_mixin.py:188} INFO - [2024-02-08T02:47:14.469+0100] {dag.py:3820} INFO - Setting next_dagrun for example_short_circuit_decorator to 2024-02-07T00:00:00+00:00, run_after=2024-02-08T00:00:00+00:00
[2024-02-08T02:47:14.871+0100] {processor.py:183} INFO - Processing /home/ubuntu/.local/lib/python3.10/site-packages/airflow/example_dags/example_short_circuit_decorator.py took 2.185 seconds
[2024-02-08T02:48:43.228+0100] {processor.py:161} INFO - Started process (PID=12893) to work on /home/ubuntu/.local/lib/python3.10/site-packages/airflow/example_dags/example_short_circuit_decorator.py
[2024-02-08T02:48:43.232+0100] {processor.py:830} INFO - Processing file /home/ubuntu/.local/lib/python3.10/site-packages/airflow/example_dags/example_short_circuit_decorator.py for tasks to queue
[2024-02-08T02:48:43.233+0100] {logging_mixin.py:188} INFO - [2024-02-08T02:48:43.233+0100] {dagbag.py:538} INFO - Filling up the DagBag from /home/ubuntu/.local/lib/python3.10/site-packages/airflow/example_dags/example_short_circuit_decorator.py
[2024-02-08T02:48:43.246+0100] {processor.py:840} INFO - DAG(s) 'example_short_circuit_decorator' retrieved from /home/ubuntu/.local/lib/python3.10/site-packages/airflow/example_dags/example_short_circuit_decorator.py
[2024-02-08T02:48:43.274+0100] {logging_mixin.py:188} INFO - [2024-02-08T02:48:43.274+0100] {dag.py:3033} INFO - Sync 1 DAGs
[2024-02-08T02:48:43.324+0100] {logging_mixin.py:188} INFO - [2024-02-08T02:48:43.324+0100] {dag.py:3820} INFO - Setting next_dagrun for example_short_circuit_decorator to 2024-02-07T00:00:00+00:00, run_after=2024-02-08T00:00:00+00:00
[2024-02-08T02:48:44.054+0100] {processor.py:183} INFO - Processing /home/ubuntu/.local/lib/python3.10/site-packages/airflow/example_dags/example_short_circuit_decorator.py took 0.829 seconds
[2024-02-08T02:50:36.385+0100] {processor.py:161} INFO - Started process (PID=13615) to work on /home/ubuntu/.local/lib/python3.10/site-packages/airflow/example_dags/example_short_circuit_decorator.py
[2024-02-08T02:50:36.412+0100] {processor.py:830} INFO - Processing file /home/ubuntu/.local/lib/python3.10/site-packages/airflow/example_dags/example_short_circuit_decorator.py for tasks to queue
[2024-02-08T02:50:36.414+0100] {logging_mixin.py:188} INFO - [2024-02-08T02:50:36.413+0100] {dagbag.py:538} INFO - Filling up the DagBag from /home/ubuntu/.local/lib/python3.10/site-packages/airflow/example_dags/example_short_circuit_decorator.py
[2024-02-08T02:50:36.448+0100] {processor.py:840} INFO - DAG(s) 'example_short_circuit_decorator' retrieved from /home/ubuntu/.local/lib/python3.10/site-packages/airflow/example_dags/example_short_circuit_decorator.py
[2024-02-08T02:50:36.479+0100] {logging_mixin.py:188} INFO - [2024-02-08T02:50:36.479+0100] {dag.py:3033} INFO - Sync 1 DAGs
[2024-02-08T02:50:36.511+0100] {logging_mixin.py:188} INFO - [2024-02-08T02:50:36.511+0100] {dag.py:3820} INFO - Setting next_dagrun for example_short_circuit_decorator to 2024-02-07T00:00:00+00:00, run_after=2024-02-08T00:00:00+00:00
[2024-02-08T02:50:36.558+0100] {processor.py:183} INFO - Processing /home/ubuntu/.local/lib/python3.10/site-packages/airflow/example_dags/example_short_circuit_decorator.py took 0.183 seconds
[2024-02-08T02:51:55.867+0100] {processor.py:161} INFO - Started process (PID=13708) to work on /home/ubuntu/.local/lib/python3.10/site-packages/airflow/example_dags/example_short_circuit_decorator.py
[2024-02-08T02:51:55.871+0100] {processor.py:830} INFO - Processing file /home/ubuntu/.local/lib/python3.10/site-packages/airflow/example_dags/example_short_circuit_decorator.py for tasks to queue
[2024-02-08T02:51:55.872+0100] {logging_mixin.py:188} INFO - [2024-02-08T02:51:55.871+0100] {dagbag.py:538} INFO - Filling up the DagBag from /home/ubuntu/.local/lib/python3.10/site-packages/airflow/example_dags/example_short_circuit_decorator.py
[2024-02-08T02:51:55.886+0100] {processor.py:840} INFO - DAG(s) 'example_short_circuit_decorator' retrieved from /home/ubuntu/.local/lib/python3.10/site-packages/airflow/example_dags/example_short_circuit_decorator.py
[2024-02-08T02:51:55.910+0100] {logging_mixin.py:188} INFO - [2024-02-08T02:51:55.910+0100] {dag.py:3033} INFO - Sync 1 DAGs
[2024-02-08T02:51:55.948+0100] {logging_mixin.py:188} INFO - [2024-02-08T02:51:55.948+0100] {dag.py:3820} INFO - Setting next_dagrun for example_short_circuit_decorator to 2024-02-07T00:00:00+00:00, run_after=2024-02-08T00:00:00+00:00
[2024-02-08T02:51:56.017+0100] {processor.py:183} INFO - Processing /home/ubuntu/.local/lib/python3.10/site-packages/airflow/example_dags/example_short_circuit_decorator.py took 0.159 seconds
[2024-02-08T02:53:35.127+0100] {processor.py:161} INFO - Started process (PID=13820) to work on /home/ubuntu/.local/lib/python3.10/site-packages/airflow/example_dags/example_short_circuit_decorator.py
[2024-02-08T02:53:35.132+0100] {processor.py:830} INFO - Processing file /home/ubuntu/.local/lib/python3.10/site-packages/airflow/example_dags/example_short_circuit_decorator.py for tasks to queue
[2024-02-08T02:53:35.134+0100] {logging_mixin.py:188} INFO - [2024-02-08T02:53:35.133+0100] {dagbag.py:538} INFO - Filling up the DagBag from /home/ubuntu/.local/lib/python3.10/site-packages/airflow/example_dags/example_short_circuit_decorator.py
[2024-02-08T02:53:35.147+0100] {processor.py:840} INFO - DAG(s) 'example_short_circuit_decorator' retrieved from /home/ubuntu/.local/lib/python3.10/site-packages/airflow/example_dags/example_short_circuit_decorator.py
[2024-02-08T02:53:35.171+0100] {logging_mixin.py:188} INFO - [2024-02-08T02:53:35.171+0100] {dag.py:3033} INFO - Sync 1 DAGs
[2024-02-08T02:53:35.202+0100] {logging_mixin.py:188} INFO - [2024-02-08T02:53:35.201+0100] {dag.py:3820} INFO - Setting next_dagrun for example_short_circuit_decorator to 2024-02-07T00:00:00+00:00, run_after=2024-02-08T00:00:00+00:00
[2024-02-08T02:53:35.239+0100] {processor.py:183} INFO - Processing /home/ubuntu/.local/lib/python3.10/site-packages/airflow/example_dags/example_short_circuit_decorator.py took 0.117 seconds
[2024-02-08T02:58:31.874+0100] {processor.py:161} INFO - Started process (PID=13978) to work on /home/ubuntu/.local/lib/python3.10/site-packages/airflow/example_dags/example_short_circuit_decorator.py
[2024-02-08T02:58:31.902+0100] {processor.py:830} INFO - Processing file /home/ubuntu/.local/lib/python3.10/site-packages/airflow/example_dags/example_short_circuit_decorator.py for tasks to queue
[2024-02-08T02:58:31.907+0100] {logging_mixin.py:188} INFO - [2024-02-08T02:58:31.907+0100] {dagbag.py:538} INFO - Filling up the DagBag from /home/ubuntu/.local/lib/python3.10/site-packages/airflow/example_dags/example_short_circuit_decorator.py
[2024-02-08T02:58:31.954+0100] {processor.py:840} INFO - DAG(s) 'example_short_circuit_decorator' retrieved from /home/ubuntu/.local/lib/python3.10/site-packages/airflow/example_dags/example_short_circuit_decorator.py
[2024-02-08T02:58:32.055+0100] {logging_mixin.py:188} INFO - [2024-02-08T02:58:32.054+0100] {dag.py:3033} INFO - Sync 1 DAGs
[2024-02-08T02:58:32.089+0100] {logging_mixin.py:188} INFO - [2024-02-08T02:58:32.089+0100] {dag.py:3820} INFO - Setting next_dagrun for example_short_circuit_decorator to 2024-02-07T00:00:00+00:00, run_after=2024-02-08T00:00:00+00:00
[2024-02-08T02:58:32.245+0100] {processor.py:183} INFO - Processing /home/ubuntu/.local/lib/python3.10/site-packages/airflow/example_dags/example_short_circuit_decorator.py took 0.403 seconds
[2024-02-08T03:01:39.699+0100] {processor.py:161} INFO - Started process (PID=14101) to work on /home/ubuntu/.local/lib/python3.10/site-packages/airflow/example_dags/example_short_circuit_decorator.py
[2024-02-08T03:01:39.725+0100] {processor.py:830} INFO - Processing file /home/ubuntu/.local/lib/python3.10/site-packages/airflow/example_dags/example_short_circuit_decorator.py for tasks to queue
[2024-02-08T03:01:39.726+0100] {logging_mixin.py:188} INFO - [2024-02-08T03:01:39.725+0100] {dagbag.py:538} INFO - Filling up the DagBag from /home/ubuntu/.local/lib/python3.10/site-packages/airflow/example_dags/example_short_circuit_decorator.py
[2024-02-08T03:01:39.740+0100] {processor.py:840} INFO - DAG(s) 'example_short_circuit_decorator' retrieved from /home/ubuntu/.local/lib/python3.10/site-packages/airflow/example_dags/example_short_circuit_decorator.py
[2024-02-08T03:01:39.773+0100] {logging_mixin.py:188} INFO - [2024-02-08T03:01:39.772+0100] {dag.py:3033} INFO - Sync 1 DAGs
[2024-02-08T03:01:39.838+0100] {logging_mixin.py:188} INFO - [2024-02-08T03:01:39.838+0100] {dag.py:3820} INFO - Setting next_dagrun for example_short_circuit_decorator to 2024-02-07T00:00:00+00:00, run_after=2024-02-08T00:00:00+00:00
[2024-02-08T03:01:39.909+0100] {processor.py:183} INFO - Processing /home/ubuntu/.local/lib/python3.10/site-packages/airflow/example_dags/example_short_circuit_decorator.py took 0.216 seconds
[2024-02-08T03:03:43.588+0100] {processor.py:161} INFO - Started process (PID=14260) to work on /home/ubuntu/.local/lib/python3.10/site-packages/airflow/example_dags/example_short_circuit_decorator.py
[2024-02-08T03:03:43.593+0100] {processor.py:830} INFO - Processing file /home/ubuntu/.local/lib/python3.10/site-packages/airflow/example_dags/example_short_circuit_decorator.py for tasks to queue
[2024-02-08T03:03:43.595+0100] {logging_mixin.py:188} INFO - [2024-02-08T03:03:43.594+0100] {dagbag.py:538} INFO - Filling up the DagBag from /home/ubuntu/.local/lib/python3.10/site-packages/airflow/example_dags/example_short_circuit_decorator.py
[2024-02-08T03:03:43.616+0100] {processor.py:840} INFO - DAG(s) 'example_short_circuit_decorator' retrieved from /home/ubuntu/.local/lib/python3.10/site-packages/airflow/example_dags/example_short_circuit_decorator.py
[2024-02-08T03:03:43.647+0100] {logging_mixin.py:188} INFO - [2024-02-08T03:03:43.647+0100] {dag.py:3033} INFO - Sync 1 DAGs
[2024-02-08T03:03:43.678+0100] {logging_mixin.py:188} INFO - [2024-02-08T03:03:43.678+0100] {dag.py:3820} INFO - Setting next_dagrun for example_short_circuit_decorator to 2024-02-07T00:00:00+00:00, run_after=2024-02-08T00:00:00+00:00
[2024-02-08T03:03:43.729+0100] {processor.py:183} INFO - Processing /home/ubuntu/.local/lib/python3.10/site-packages/airflow/example_dags/example_short_circuit_decorator.py took 0.148 seconds
[2024-02-08T03:05:14.490+0100] {processor.py:161} INFO - Started process (PID=14333) to work on /home/ubuntu/.local/lib/python3.10/site-packages/airflow/example_dags/example_short_circuit_decorator.py
[2024-02-08T03:05:14.494+0100] {processor.py:830} INFO - Processing file /home/ubuntu/.local/lib/python3.10/site-packages/airflow/example_dags/example_short_circuit_decorator.py for tasks to queue
[2024-02-08T03:05:14.496+0100] {logging_mixin.py:188} INFO - [2024-02-08T03:05:14.495+0100] {dagbag.py:538} INFO - Filling up the DagBag from /home/ubuntu/.local/lib/python3.10/site-packages/airflow/example_dags/example_short_circuit_decorator.py
[2024-02-08T03:05:14.521+0100] {processor.py:840} INFO - DAG(s) 'example_short_circuit_decorator' retrieved from /home/ubuntu/.local/lib/python3.10/site-packages/airflow/example_dags/example_short_circuit_decorator.py
[2024-02-08T03:05:14.584+0100] {logging_mixin.py:188} INFO - [2024-02-08T03:05:14.584+0100] {dag.py:3033} INFO - Sync 1 DAGs
[2024-02-08T03:05:14.611+0100] {logging_mixin.py:188} INFO - [2024-02-08T03:05:14.610+0100] {dag.py:3820} INFO - Setting next_dagrun for example_short_circuit_decorator to 2024-02-07T00:00:00+00:00, run_after=2024-02-08T00:00:00+00:00
[2024-02-08T03:05:14.647+0100] {processor.py:183} INFO - Processing /home/ubuntu/.local/lib/python3.10/site-packages/airflow/example_dags/example_short_circuit_decorator.py took 0.163 seconds
[2024-02-08T03:06:33.025+0100] {processor.py:161} INFO - Started process (PID=14405) to work on /home/ubuntu/.local/lib/python3.10/site-packages/airflow/example_dags/example_short_circuit_decorator.py
[2024-02-08T03:06:33.028+0100] {processor.py:830} INFO - Processing file /home/ubuntu/.local/lib/python3.10/site-packages/airflow/example_dags/example_short_circuit_decorator.py for tasks to queue
[2024-02-08T03:06:33.031+0100] {logging_mixin.py:188} INFO - [2024-02-08T03:06:33.029+0100] {dagbag.py:538} INFO - Filling up the DagBag from /home/ubuntu/.local/lib/python3.10/site-packages/airflow/example_dags/example_short_circuit_decorator.py
[2024-02-08T03:06:33.053+0100] {processor.py:840} INFO - DAG(s) 'example_short_circuit_decorator' retrieved from /home/ubuntu/.local/lib/python3.10/site-packages/airflow/example_dags/example_short_circuit_decorator.py
[2024-02-08T03:06:33.080+0100] {logging_mixin.py:188} INFO - [2024-02-08T03:06:33.079+0100] {dag.py:3033} INFO - Sync 1 DAGs
[2024-02-08T03:06:33.107+0100] {logging_mixin.py:188} INFO - [2024-02-08T03:06:33.107+0100] {dag.py:3820} INFO - Setting next_dagrun for example_short_circuit_decorator to 2024-02-07T00:00:00+00:00, run_after=2024-02-08T00:00:00+00:00
[2024-02-08T03:06:33.145+0100] {processor.py:183} INFO - Processing /home/ubuntu/.local/lib/python3.10/site-packages/airflow/example_dags/example_short_circuit_decorator.py took 0.126 seconds
[2024-02-08T03:07:37.420+0100] {processor.py:161} INFO - Started process (PID=14511) to work on /home/ubuntu/.local/lib/python3.10/site-packages/airflow/example_dags/example_short_circuit_decorator.py
[2024-02-08T03:07:37.444+0100] {processor.py:830} INFO - Processing file /home/ubuntu/.local/lib/python3.10/site-packages/airflow/example_dags/example_short_circuit_decorator.py for tasks to queue
[2024-02-08T03:07:37.446+0100] {logging_mixin.py:188} INFO - [2024-02-08T03:07:37.445+0100] {dagbag.py:538} INFO - Filling up the DagBag from /home/ubuntu/.local/lib/python3.10/site-packages/airflow/example_dags/example_short_circuit_decorator.py
[2024-02-08T03:07:37.468+0100] {processor.py:840} INFO - DAG(s) 'example_short_circuit_decorator' retrieved from /home/ubuntu/.local/lib/python3.10/site-packages/airflow/example_dags/example_short_circuit_decorator.py
[2024-02-08T03:07:37.515+0100] {logging_mixin.py:188} INFO - [2024-02-08T03:07:37.515+0100] {dag.py:3033} INFO - Sync 1 DAGs
[2024-02-08T03:07:37.559+0100] {logging_mixin.py:188} INFO - [2024-02-08T03:07:37.559+0100] {dag.py:3820} INFO - Setting next_dagrun for example_short_circuit_decorator to 2024-02-07T00:00:00+00:00, run_after=2024-02-08T00:00:00+00:00
[2024-02-08T03:07:37.664+0100] {processor.py:183} INFO - Processing /home/ubuntu/.local/lib/python3.10/site-packages/airflow/example_dags/example_short_circuit_decorator.py took 0.249 seconds
[2024-02-08T03:08:51.697+0100] {processor.py:161} INFO - Started process (PID=14617) to work on /home/ubuntu/.local/lib/python3.10/site-packages/airflow/example_dags/example_short_circuit_decorator.py
[2024-02-08T03:08:51.700+0100] {processor.py:830} INFO - Processing file /home/ubuntu/.local/lib/python3.10/site-packages/airflow/example_dags/example_short_circuit_decorator.py for tasks to queue
[2024-02-08T03:08:51.702+0100] {logging_mixin.py:188} INFO - [2024-02-08T03:08:51.701+0100] {dagbag.py:538} INFO - Filling up the DagBag from /home/ubuntu/.local/lib/python3.10/site-packages/airflow/example_dags/example_short_circuit_decorator.py
[2024-02-08T03:08:51.719+0100] {processor.py:840} INFO - DAG(s) 'example_short_circuit_decorator' retrieved from /home/ubuntu/.local/lib/python3.10/site-packages/airflow/example_dags/example_short_circuit_decorator.py
[2024-02-08T03:08:51.740+0100] {logging_mixin.py:188} INFO - [2024-02-08T03:08:51.740+0100] {dag.py:3033} INFO - Sync 1 DAGs
[2024-02-08T03:08:51.762+0100] {logging_mixin.py:188} INFO - [2024-02-08T03:08:51.762+0100] {dag.py:3820} INFO - Setting next_dagrun for example_short_circuit_decorator to 2024-02-07T00:00:00+00:00, run_after=2024-02-08T00:00:00+00:00
[2024-02-08T03:08:51.805+0100] {processor.py:183} INFO - Processing /home/ubuntu/.local/lib/python3.10/site-packages/airflow/example_dags/example_short_circuit_decorator.py took 0.113 seconds
[2024-02-08T03:09:53.825+0100] {processor.py:161} INFO - Started process (PID=14675) to work on /home/ubuntu/.local/lib/python3.10/site-packages/airflow/example_dags/example_short_circuit_decorator.py
[2024-02-08T03:09:53.828+0100] {processor.py:830} INFO - Processing file /home/ubuntu/.local/lib/python3.10/site-packages/airflow/example_dags/example_short_circuit_decorator.py for tasks to queue
[2024-02-08T03:09:53.829+0100] {logging_mixin.py:188} INFO - [2024-02-08T03:09:53.829+0100] {dagbag.py:538} INFO - Filling up the DagBag from /home/ubuntu/.local/lib/python3.10/site-packages/airflow/example_dags/example_short_circuit_decorator.py
[2024-02-08T03:09:53.847+0100] {processor.py:840} INFO - DAG(s) 'example_short_circuit_decorator' retrieved from /home/ubuntu/.local/lib/python3.10/site-packages/airflow/example_dags/example_short_circuit_decorator.py
[2024-02-08T03:09:53.878+0100] {logging_mixin.py:188} INFO - [2024-02-08T03:09:53.877+0100] {dag.py:3033} INFO - Sync 1 DAGs
[2024-02-08T03:09:53.907+0100] {logging_mixin.py:188} INFO - [2024-02-08T03:09:53.907+0100] {dag.py:3820} INFO - Setting next_dagrun for example_short_circuit_decorator to 2024-02-07T00:00:00+00:00, run_after=2024-02-08T00:00:00+00:00
[2024-02-08T03:09:53.947+0100] {processor.py:183} INFO - Processing /home/ubuntu/.local/lib/python3.10/site-packages/airflow/example_dags/example_short_circuit_decorator.py took 0.129 seconds
[2024-02-08T03:11:01.994+0100] {processor.py:161} INFO - Started process (PID=14735) to work on /home/ubuntu/.local/lib/python3.10/site-packages/airflow/example_dags/example_short_circuit_decorator.py
[2024-02-08T03:11:01.998+0100] {processor.py:830} INFO - Processing file /home/ubuntu/.local/lib/python3.10/site-packages/airflow/example_dags/example_short_circuit_decorator.py for tasks to queue
[2024-02-08T03:11:02.001+0100] {logging_mixin.py:188} INFO - [2024-02-08T03:11:02.000+0100] {dagbag.py:538} INFO - Filling up the DagBag from /home/ubuntu/.local/lib/python3.10/site-packages/airflow/example_dags/example_short_circuit_decorator.py
[2024-02-08T03:11:02.021+0100] {processor.py:840} INFO - DAG(s) 'example_short_circuit_decorator' retrieved from /home/ubuntu/.local/lib/python3.10/site-packages/airflow/example_dags/example_short_circuit_decorator.py
[2024-02-08T03:11:02.057+0100] {logging_mixin.py:188} INFO - [2024-02-08T03:11:02.057+0100] {dag.py:3033} INFO - Sync 1 DAGs
[2024-02-08T03:11:02.104+0100] {logging_mixin.py:188} INFO - [2024-02-08T03:11:02.104+0100] {dag.py:3820} INFO - Setting next_dagrun for example_short_circuit_decorator to 2024-02-07T00:00:00+00:00, run_after=2024-02-08T00:00:00+00:00
[2024-02-08T03:11:02.154+0100] {processor.py:183} INFO - Processing /home/ubuntu/.local/lib/python3.10/site-packages/airflow/example_dags/example_short_circuit_decorator.py took 0.164 seconds
[2024-02-08T03:12:05.042+0100] {processor.py:161} INFO - Started process (PID=14792) to work on /home/ubuntu/.local/lib/python3.10/site-packages/airflow/example_dags/example_short_circuit_decorator.py
[2024-02-08T03:12:05.050+0100] {processor.py:830} INFO - Processing file /home/ubuntu/.local/lib/python3.10/site-packages/airflow/example_dags/example_short_circuit_decorator.py for tasks to queue
[2024-02-08T03:12:05.052+0100] {logging_mixin.py:188} INFO - [2024-02-08T03:12:05.051+0100] {dagbag.py:538} INFO - Filling up the DagBag from /home/ubuntu/.local/lib/python3.10/site-packages/airflow/example_dags/example_short_circuit_decorator.py
[2024-02-08T03:12:05.067+0100] {processor.py:840} INFO - DAG(s) 'example_short_circuit_decorator' retrieved from /home/ubuntu/.local/lib/python3.10/site-packages/airflow/example_dags/example_short_circuit_decorator.py
[2024-02-08T03:12:05.092+0100] {logging_mixin.py:188} INFO - [2024-02-08T03:12:05.092+0100] {dag.py:3033} INFO - Sync 1 DAGs
[2024-02-08T03:12:05.116+0100] {logging_mixin.py:188} INFO - [2024-02-08T03:12:05.116+0100] {dag.py:3820} INFO - Setting next_dagrun for example_short_circuit_decorator to 2024-02-07T00:00:00+00:00, run_after=2024-02-08T00:00:00+00:00
[2024-02-08T03:12:05.151+0100] {processor.py:183} INFO - Processing /home/ubuntu/.local/lib/python3.10/site-packages/airflow/example_dags/example_short_circuit_decorator.py took 0.122 seconds
[2024-02-08T03:13:03.461+0100] {processor.py:161} INFO - Started process (PID=14850) to work on /home/ubuntu/.local/lib/python3.10/site-packages/airflow/example_dags/example_short_circuit_decorator.py
[2024-02-08T03:13:03.467+0100] {processor.py:830} INFO - Processing file /home/ubuntu/.local/lib/python3.10/site-packages/airflow/example_dags/example_short_circuit_decorator.py for tasks to queue
[2024-02-08T03:13:03.469+0100] {logging_mixin.py:188} INFO - [2024-02-08T03:13:03.468+0100] {dagbag.py:538} INFO - Filling up the DagBag from /home/ubuntu/.local/lib/python3.10/site-packages/airflow/example_dags/example_short_circuit_decorator.py
[2024-02-08T03:13:03.490+0100] {processor.py:840} INFO - DAG(s) 'example_short_circuit_decorator' retrieved from /home/ubuntu/.local/lib/python3.10/site-packages/airflow/example_dags/example_short_circuit_decorator.py
[2024-02-08T03:13:03.522+0100] {logging_mixin.py:188} INFO - [2024-02-08T03:13:03.522+0100] {dag.py:3033} INFO - Sync 1 DAGs
[2024-02-08T03:13:03.557+0100] {logging_mixin.py:188} INFO - [2024-02-08T03:13:03.557+0100] {dag.py:3820} INFO - Setting next_dagrun for example_short_circuit_decorator to 2024-02-07T00:00:00+00:00, run_after=2024-02-08T00:00:00+00:00
[2024-02-08T03:13:03.597+0100] {processor.py:183} INFO - Processing /home/ubuntu/.local/lib/python3.10/site-packages/airflow/example_dags/example_short_circuit_decorator.py took 0.141 seconds
[2024-02-08T03:14:04.454+0100] {processor.py:161} INFO - Started process (PID=14909) to work on /home/ubuntu/.local/lib/python3.10/site-packages/airflow/example_dags/example_short_circuit_decorator.py
[2024-02-08T03:14:04.457+0100] {processor.py:830} INFO - Processing file /home/ubuntu/.local/lib/python3.10/site-packages/airflow/example_dags/example_short_circuit_decorator.py for tasks to queue
[2024-02-08T03:14:04.460+0100] {logging_mixin.py:188} INFO - [2024-02-08T03:14:04.459+0100] {dagbag.py:538} INFO - Filling up the DagBag from /home/ubuntu/.local/lib/python3.10/site-packages/airflow/example_dags/example_short_circuit_decorator.py
[2024-02-08T03:14:04.481+0100] {processor.py:840} INFO - DAG(s) 'example_short_circuit_decorator' retrieved from /home/ubuntu/.local/lib/python3.10/site-packages/airflow/example_dags/example_short_circuit_decorator.py
[2024-02-08T03:14:04.508+0100] {logging_mixin.py:188} INFO - [2024-02-08T03:14:04.508+0100] {dag.py:3033} INFO - Sync 1 DAGs
[2024-02-08T03:14:04.539+0100] {logging_mixin.py:188} INFO - [2024-02-08T03:14:04.539+0100] {dag.py:3820} INFO - Setting next_dagrun for example_short_circuit_decorator to 2024-02-07T00:00:00+00:00, run_after=2024-02-08T00:00:00+00:00
[2024-02-08T03:14:04.600+0100] {processor.py:183} INFO - Processing /home/ubuntu/.local/lib/python3.10/site-packages/airflow/example_dags/example_short_circuit_decorator.py took 0.151 seconds
[2024-02-08T03:15:07.365+0100] {processor.py:161} INFO - Started process (PID=14974) to work on /home/ubuntu/.local/lib/python3.10/site-packages/airflow/example_dags/example_short_circuit_decorator.py
[2024-02-08T03:15:07.372+0100] {processor.py:830} INFO - Processing file /home/ubuntu/.local/lib/python3.10/site-packages/airflow/example_dags/example_short_circuit_decorator.py for tasks to queue
[2024-02-08T03:15:07.375+0100] {logging_mixin.py:188} INFO - [2024-02-08T03:15:07.374+0100] {dagbag.py:538} INFO - Filling up the DagBag from /home/ubuntu/.local/lib/python3.10/site-packages/airflow/example_dags/example_short_circuit_decorator.py
[2024-02-08T03:15:07.397+0100] {processor.py:840} INFO - DAG(s) 'example_short_circuit_decorator' retrieved from /home/ubuntu/.local/lib/python3.10/site-packages/airflow/example_dags/example_short_circuit_decorator.py
[2024-02-08T03:15:07.433+0100] {logging_mixin.py:188} INFO - [2024-02-08T03:15:07.433+0100] {dag.py:3033} INFO - Sync 1 DAGs
[2024-02-08T03:15:07.476+0100] {logging_mixin.py:188} INFO - [2024-02-08T03:15:07.475+0100] {dag.py:3820} INFO - Setting next_dagrun for example_short_circuit_decorator to 2024-02-07T00:00:00+00:00, run_after=2024-02-08T00:00:00+00:00
[2024-02-08T03:15:07.523+0100] {processor.py:183} INFO - Processing /home/ubuntu/.local/lib/python3.10/site-packages/airflow/example_dags/example_short_circuit_decorator.py took 0.162 seconds
[2024-02-08T03:16:09.792+0100] {processor.py:161} INFO - Started process (PID=15037) to work on /home/ubuntu/.local/lib/python3.10/site-packages/airflow/example_dags/example_short_circuit_decorator.py
[2024-02-08T03:16:09.797+0100] {processor.py:830} INFO - Processing file /home/ubuntu/.local/lib/python3.10/site-packages/airflow/example_dags/example_short_circuit_decorator.py for tasks to queue
[2024-02-08T03:16:09.799+0100] {logging_mixin.py:188} INFO - [2024-02-08T03:16:09.799+0100] {dagbag.py:538} INFO - Filling up the DagBag from /home/ubuntu/.local/lib/python3.10/site-packages/airflow/example_dags/example_short_circuit_decorator.py
[2024-02-08T03:16:09.820+0100] {processor.py:840} INFO - DAG(s) 'example_short_circuit_decorator' retrieved from /home/ubuntu/.local/lib/python3.10/site-packages/airflow/example_dags/example_short_circuit_decorator.py
[2024-02-08T03:16:09.857+0100] {logging_mixin.py:188} INFO - [2024-02-08T03:16:09.856+0100] {dag.py:3033} INFO - Sync 1 DAGs
[2024-02-08T03:16:09.895+0100] {logging_mixin.py:188} INFO - [2024-02-08T03:16:09.895+0100] {dag.py:3820} INFO - Setting next_dagrun for example_short_circuit_decorator to 2024-02-07T00:00:00+00:00, run_after=2024-02-08T00:00:00+00:00
[2024-02-08T03:16:09.944+0100] {processor.py:183} INFO - Processing /home/ubuntu/.local/lib/python3.10/site-packages/airflow/example_dags/example_short_circuit_decorator.py took 0.159 seconds
[2024-02-08T03:17:08.440+0100] {processor.py:161} INFO - Started process (PID=15095) to work on /home/ubuntu/.local/lib/python3.10/site-packages/airflow/example_dags/example_short_circuit_decorator.py
[2024-02-08T03:17:08.445+0100] {processor.py:830} INFO - Processing file /home/ubuntu/.local/lib/python3.10/site-packages/airflow/example_dags/example_short_circuit_decorator.py for tasks to queue
[2024-02-08T03:17:08.448+0100] {logging_mixin.py:188} INFO - [2024-02-08T03:17:08.448+0100] {dagbag.py:538} INFO - Filling up the DagBag from /home/ubuntu/.local/lib/python3.10/site-packages/airflow/example_dags/example_short_circuit_decorator.py
[2024-02-08T03:17:08.468+0100] {processor.py:840} INFO - DAG(s) 'example_short_circuit_decorator' retrieved from /home/ubuntu/.local/lib/python3.10/site-packages/airflow/example_dags/example_short_circuit_decorator.py
[2024-02-08T03:17:08.498+0100] {logging_mixin.py:188} INFO - [2024-02-08T03:17:08.498+0100] {dag.py:3033} INFO - Sync 1 DAGs
[2024-02-08T03:17:08.528+0100] {logging_mixin.py:188} INFO - [2024-02-08T03:17:08.527+0100] {dag.py:3820} INFO - Setting next_dagrun for example_short_circuit_decorator to 2024-02-07T00:00:00+00:00, run_after=2024-02-08T00:00:00+00:00
[2024-02-08T03:17:08.586+0100] {processor.py:183} INFO - Processing /home/ubuntu/.local/lib/python3.10/site-packages/airflow/example_dags/example_short_circuit_decorator.py took 0.153 seconds
[2024-02-08T03:18:07.006+0100] {processor.py:161} INFO - Started process (PID=15152) to work on /home/ubuntu/.local/lib/python3.10/site-packages/airflow/example_dags/example_short_circuit_decorator.py
[2024-02-08T03:18:07.009+0100] {processor.py:830} INFO - Processing file /home/ubuntu/.local/lib/python3.10/site-packages/airflow/example_dags/example_short_circuit_decorator.py for tasks to queue
[2024-02-08T03:18:07.013+0100] {logging_mixin.py:188} INFO - [2024-02-08T03:18:07.012+0100] {dagbag.py:538} INFO - Filling up the DagBag from /home/ubuntu/.local/lib/python3.10/site-packages/airflow/example_dags/example_short_circuit_decorator.py
[2024-02-08T03:18:07.033+0100] {processor.py:840} INFO - DAG(s) 'example_short_circuit_decorator' retrieved from /home/ubuntu/.local/lib/python3.10/site-packages/airflow/example_dags/example_short_circuit_decorator.py
[2024-02-08T03:18:07.072+0100] {logging_mixin.py:188} INFO - [2024-02-08T03:18:07.071+0100] {dag.py:3033} INFO - Sync 1 DAGs
[2024-02-08T03:18:07.110+0100] {logging_mixin.py:188} INFO - [2024-02-08T03:18:07.109+0100] {dag.py:3820} INFO - Setting next_dagrun for example_short_circuit_decorator to 2024-02-07T00:00:00+00:00, run_after=2024-02-08T00:00:00+00:00
[2024-02-08T03:18:07.162+0100] {processor.py:183} INFO - Processing /home/ubuntu/.local/lib/python3.10/site-packages/airflow/example_dags/example_short_circuit_decorator.py took 0.162 seconds
[2024-02-08T03:19:07.294+0100] {processor.py:161} INFO - Started process (PID=15207) to work on /home/ubuntu/.local/lib/python3.10/site-packages/airflow/example_dags/example_short_circuit_decorator.py
[2024-02-08T03:19:07.296+0100] {processor.py:830} INFO - Processing file /home/ubuntu/.local/lib/python3.10/site-packages/airflow/example_dags/example_short_circuit_decorator.py for tasks to queue
[2024-02-08T03:19:07.298+0100] {logging_mixin.py:188} INFO - [2024-02-08T03:19:07.297+0100] {dagbag.py:538} INFO - Filling up the DagBag from /home/ubuntu/.local/lib/python3.10/site-packages/airflow/example_dags/example_short_circuit_decorator.py
[2024-02-08T03:19:07.312+0100] {processor.py:840} INFO - DAG(s) 'example_short_circuit_decorator' retrieved from /home/ubuntu/.local/lib/python3.10/site-packages/airflow/example_dags/example_short_circuit_decorator.py
[2024-02-08T03:19:07.337+0100] {logging_mixin.py:188} INFO - [2024-02-08T03:19:07.336+0100] {dag.py:3033} INFO - Sync 1 DAGs
[2024-02-08T03:19:07.360+0100] {logging_mixin.py:188} INFO - [2024-02-08T03:19:07.360+0100] {dag.py:3820} INFO - Setting next_dagrun for example_short_circuit_decorator to 2024-02-07T00:00:00+00:00, run_after=2024-02-08T00:00:00+00:00
[2024-02-08T03:19:07.419+0100] {processor.py:183} INFO - Processing /home/ubuntu/.local/lib/python3.10/site-packages/airflow/example_dags/example_short_circuit_decorator.py took 0.130 seconds
[2024-02-08T03:20:24.039+0100] {processor.py:161} INFO - Started process (PID=15334) to work on /home/ubuntu/.local/lib/python3.10/site-packages/airflow/example_dags/example_short_circuit_decorator.py
[2024-02-08T03:20:24.048+0100] {processor.py:830} INFO - Processing file /home/ubuntu/.local/lib/python3.10/site-packages/airflow/example_dags/example_short_circuit_decorator.py for tasks to queue
[2024-02-08T03:20:24.049+0100] {logging_mixin.py:188} INFO - [2024-02-08T03:20:24.048+0100] {dagbag.py:538} INFO - Filling up the DagBag from /home/ubuntu/.local/lib/python3.10/site-packages/airflow/example_dags/example_short_circuit_decorator.py
[2024-02-08T03:20:24.066+0100] {processor.py:840} INFO - DAG(s) 'example_short_circuit_decorator' retrieved from /home/ubuntu/.local/lib/python3.10/site-packages/airflow/example_dags/example_short_circuit_decorator.py
[2024-02-08T03:20:24.095+0100] {logging_mixin.py:188} INFO - [2024-02-08T03:20:24.095+0100] {dag.py:3033} INFO - Sync 1 DAGs
[2024-02-08T03:20:24.119+0100] {logging_mixin.py:188} INFO - [2024-02-08T03:20:24.119+0100] {dag.py:3820} INFO - Setting next_dagrun for example_short_circuit_decorator to 2024-02-07T00:00:00+00:00, run_after=2024-02-08T00:00:00+00:00
[2024-02-08T03:20:24.156+0100] {processor.py:183} INFO - Processing /home/ubuntu/.local/lib/python3.10/site-packages/airflow/example_dags/example_short_circuit_decorator.py took 0.122 seconds
[2024-02-08T03:21:31.165+0100] {processor.py:161} INFO - Started process (PID=15393) to work on /home/ubuntu/.local/lib/python3.10/site-packages/airflow/example_dags/example_short_circuit_decorator.py
[2024-02-08T03:21:31.198+0100] {processor.py:830} INFO - Processing file /home/ubuntu/.local/lib/python3.10/site-packages/airflow/example_dags/example_short_circuit_decorator.py for tasks to queue
[2024-02-08T03:21:31.212+0100] {logging_mixin.py:188} INFO - [2024-02-08T03:21:31.199+0100] {dagbag.py:538} INFO - Filling up the DagBag from /home/ubuntu/.local/lib/python3.10/site-packages/airflow/example_dags/example_short_circuit_decorator.py
[2024-02-08T03:21:31.306+0100] {processor.py:840} INFO - DAG(s) 'example_short_circuit_decorator' retrieved from /home/ubuntu/.local/lib/python3.10/site-packages/airflow/example_dags/example_short_circuit_decorator.py
[2024-02-08T03:21:31.687+0100] {logging_mixin.py:188} INFO - [2024-02-08T03:21:31.686+0100] {dag.py:3033} INFO - Sync 1 DAGs
[2024-02-08T03:21:31.733+0100] {logging_mixin.py:188} INFO - [2024-02-08T03:21:31.733+0100] {dag.py:3820} INFO - Setting next_dagrun for example_short_circuit_decorator to 2024-02-07T00:00:00+00:00, run_after=2024-02-08T00:00:00+00:00
[2024-02-08T03:21:31.778+0100] {processor.py:183} INFO - Processing /home/ubuntu/.local/lib/python3.10/site-packages/airflow/example_dags/example_short_circuit_decorator.py took 0.644 seconds
[2024-02-08T03:22:36.755+0100] {processor.py:161} INFO - Started process (PID=15453) to work on /home/ubuntu/.local/lib/python3.10/site-packages/airflow/example_dags/example_short_circuit_decorator.py
[2024-02-08T03:22:36.761+0100] {processor.py:830} INFO - Processing file /home/ubuntu/.local/lib/python3.10/site-packages/airflow/example_dags/example_short_circuit_decorator.py for tasks to queue
[2024-02-08T03:22:36.762+0100] {logging_mixin.py:188} INFO - [2024-02-08T03:22:36.761+0100] {dagbag.py:538} INFO - Filling up the DagBag from /home/ubuntu/.local/lib/python3.10/site-packages/airflow/example_dags/example_short_circuit_decorator.py
[2024-02-08T03:22:36.780+0100] {processor.py:840} INFO - DAG(s) 'example_short_circuit_decorator' retrieved from /home/ubuntu/.local/lib/python3.10/site-packages/airflow/example_dags/example_short_circuit_decorator.py
[2024-02-08T03:22:36.876+0100] {logging_mixin.py:188} INFO - [2024-02-08T03:22:36.875+0100] {dag.py:3033} INFO - Sync 1 DAGs
[2024-02-08T03:22:36.902+0100] {logging_mixin.py:188} INFO - [2024-02-08T03:22:36.902+0100] {dag.py:3820} INFO - Setting next_dagrun for example_short_circuit_decorator to 2024-02-07T00:00:00+00:00, run_after=2024-02-08T00:00:00+00:00
[2024-02-08T03:22:36.945+0100] {processor.py:183} INFO - Processing /home/ubuntu/.local/lib/python3.10/site-packages/airflow/example_dags/example_short_circuit_decorator.py took 0.194 seconds
[2024-02-08T03:23:47.573+0100] {processor.py:161} INFO - Started process (PID=15539) to work on /home/ubuntu/.local/lib/python3.10/site-packages/airflow/example_dags/example_short_circuit_decorator.py
[2024-02-08T03:23:47.577+0100] {processor.py:830} INFO - Processing file /home/ubuntu/.local/lib/python3.10/site-packages/airflow/example_dags/example_short_circuit_decorator.py for tasks to queue
[2024-02-08T03:23:47.579+0100] {logging_mixin.py:188} INFO - [2024-02-08T03:23:47.578+0100] {dagbag.py:538} INFO - Filling up the DagBag from /home/ubuntu/.local/lib/python3.10/site-packages/airflow/example_dags/example_short_circuit_decorator.py
[2024-02-08T03:23:47.595+0100] {processor.py:840} INFO - DAG(s) 'example_short_circuit_decorator' retrieved from /home/ubuntu/.local/lib/python3.10/site-packages/airflow/example_dags/example_short_circuit_decorator.py
[2024-02-08T03:23:47.626+0100] {logging_mixin.py:188} INFO - [2024-02-08T03:23:47.626+0100] {dag.py:3033} INFO - Sync 1 DAGs
[2024-02-08T03:23:47.655+0100] {logging_mixin.py:188} INFO - [2024-02-08T03:23:47.655+0100] {dag.py:3820} INFO - Setting next_dagrun for example_short_circuit_decorator to 2024-02-07T00:00:00+00:00, run_after=2024-02-08T00:00:00+00:00
[2024-02-08T03:23:47.735+0100] {processor.py:183} INFO - Processing /home/ubuntu/.local/lib/python3.10/site-packages/airflow/example_dags/example_short_circuit_decorator.py took 0.168 seconds
[2024-02-08T03:25:20.173+0100] {processor.py:161} INFO - Started process (PID=15668) to work on /home/ubuntu/.local/lib/python3.10/site-packages/airflow/example_dags/example_short_circuit_decorator.py
[2024-02-08T03:25:20.178+0100] {processor.py:830} INFO - Processing file /home/ubuntu/.local/lib/python3.10/site-packages/airflow/example_dags/example_short_circuit_decorator.py for tasks to queue
[2024-02-08T03:25:20.180+0100] {logging_mixin.py:188} INFO - [2024-02-08T03:25:20.179+0100] {dagbag.py:538} INFO - Filling up the DagBag from /home/ubuntu/.local/lib/python3.10/site-packages/airflow/example_dags/example_short_circuit_decorator.py
[2024-02-08T03:25:20.198+0100] {processor.py:840} INFO - DAG(s) 'example_short_circuit_decorator' retrieved from /home/ubuntu/.local/lib/python3.10/site-packages/airflow/example_dags/example_short_circuit_decorator.py
[2024-02-08T03:25:20.229+0100] {logging_mixin.py:188} INFO - [2024-02-08T03:25:20.229+0100] {dag.py:3033} INFO - Sync 1 DAGs
[2024-02-08T03:25:20.305+0100] {logging_mixin.py:188} INFO - [2024-02-08T03:25:20.305+0100] {dag.py:3820} INFO - Setting next_dagrun for example_short_circuit_decorator to 2024-02-07T00:00:00+00:00, run_after=2024-02-08T00:00:00+00:00
[2024-02-08T03:25:20.365+0100] {processor.py:183} INFO - Processing /home/ubuntu/.local/lib/python3.10/site-packages/airflow/example_dags/example_short_circuit_decorator.py took 0.196 seconds
