[2024-02-08T02:46:57.385+0100] {processor.py:161} INFO - Started process (PID=12407) to work on /home/ubuntu/.local/lib/python3.10/site-packages/airflow/example_dags/example_python_decorator.py
[2024-02-08T02:46:57.388+0100] {processor.py:830} INFO - Processing file /home/ubuntu/.local/lib/python3.10/site-packages/airflow/example_dags/example_python_decorator.py for tasks to queue
[2024-02-08T02:46:57.389+0100] {logging_mixin.py:188} INFO - [2024-02-08T02:46:57.388+0100] {dagbag.py:538} INFO - Filling up the DagBag from /home/ubuntu/.local/lib/python3.10/site-packages/airflow/example_dags/example_python_decorator.py
[2024-02-08T02:46:57.405+0100] {processor.py:840} INFO - DAG(s) 'example_python_decorator' retrieved from /home/ubuntu/.local/lib/python3.10/site-packages/airflow/example_dags/example_python_decorator.py
[2024-02-08T02:46:57.512+0100] {logging_mixin.py:188} INFO - [2024-02-08T02:46:57.512+0100] {dag.py:3033} INFO - Sync 1 DAGs
[2024-02-08T02:46:57.522+0100] {logging_mixin.py:188} INFO - [2024-02-08T02:46:57.522+0100] {dag.py:3820} INFO - Setting next_dagrun for example_python_decorator to None, run_after=None
[2024-02-08T02:46:57.604+0100] {processor.py:183} INFO - Processing /home/ubuntu/.local/lib/python3.10/site-packages/airflow/example_dags/example_python_decorator.py took 0.223 seconds
[2024-02-08T02:48:37.923+0100] {processor.py:161} INFO - Started process (PID=12713) to work on /home/ubuntu/.local/lib/python3.10/site-packages/airflow/example_dags/example_python_decorator.py
[2024-02-08T02:48:37.926+0100] {processor.py:830} INFO - Processing file /home/ubuntu/.local/lib/python3.10/site-packages/airflow/example_dags/example_python_decorator.py for tasks to queue
[2024-02-08T02:48:37.928+0100] {logging_mixin.py:188} INFO - [2024-02-08T02:48:37.926+0100] {dagbag.py:538} INFO - Filling up the DagBag from /home/ubuntu/.local/lib/python3.10/site-packages/airflow/example_dags/example_python_decorator.py
[2024-02-08T02:48:37.943+0100] {processor.py:840} INFO - DAG(s) 'example_python_decorator' retrieved from /home/ubuntu/.local/lib/python3.10/site-packages/airflow/example_dags/example_python_decorator.py
[2024-02-08T02:48:37.970+0100] {logging_mixin.py:188} INFO - [2024-02-08T02:48:37.970+0100] {dag.py:3033} INFO - Sync 1 DAGs
[2024-02-08T02:48:37.988+0100] {logging_mixin.py:188} INFO - [2024-02-08T02:48:37.988+0100] {dag.py:3820} INFO - Setting next_dagrun for example_python_decorator to None, run_after=None
[2024-02-08T02:48:38.058+0100] {processor.py:183} INFO - Processing /home/ubuntu/.local/lib/python3.10/site-packages/airflow/example_dags/example_python_decorator.py took 0.139 seconds
[2024-02-08T02:50:32.853+0100] {processor.py:161} INFO - Started process (PID=13594) to work on /home/ubuntu/.local/lib/python3.10/site-packages/airflow/example_dags/example_python_decorator.py
[2024-02-08T02:50:32.856+0100] {processor.py:830} INFO - Processing file /home/ubuntu/.local/lib/python3.10/site-packages/airflow/example_dags/example_python_decorator.py for tasks to queue
[2024-02-08T02:50:32.857+0100] {logging_mixin.py:188} INFO - [2024-02-08T02:50:32.856+0100] {dagbag.py:538} INFO - Filling up the DagBag from /home/ubuntu/.local/lib/python3.10/site-packages/airflow/example_dags/example_python_decorator.py
[2024-02-08T02:50:32.887+0100] {processor.py:840} INFO - DAG(s) 'example_python_decorator' retrieved from /home/ubuntu/.local/lib/python3.10/site-packages/airflow/example_dags/example_python_decorator.py
[2024-02-08T02:50:32.930+0100] {logging_mixin.py:188} INFO - [2024-02-08T02:50:32.930+0100] {dag.py:3033} INFO - Sync 1 DAGs
[2024-02-08T02:50:32.943+0100] {logging_mixin.py:188} INFO - [2024-02-08T02:50:32.942+0100] {dag.py:3820} INFO - Setting next_dagrun for example_python_decorator to None, run_after=None
[2024-02-08T02:50:33.037+0100] {processor.py:183} INFO - Processing /home/ubuntu/.local/lib/python3.10/site-packages/airflow/example_dags/example_python_decorator.py took 0.189 seconds
[2024-02-08T02:51:52.789+0100] {processor.py:161} INFO - Started process (PID=13704) to work on /home/ubuntu/.local/lib/python3.10/site-packages/airflow/example_dags/example_python_decorator.py
[2024-02-08T02:51:52.804+0100] {processor.py:830} INFO - Processing file /home/ubuntu/.local/lib/python3.10/site-packages/airflow/example_dags/example_python_decorator.py for tasks to queue
[2024-02-08T02:51:52.807+0100] {logging_mixin.py:188} INFO - [2024-02-08T02:51:52.806+0100] {dagbag.py:538} INFO - Filling up the DagBag from /home/ubuntu/.local/lib/python3.10/site-packages/airflow/example_dags/example_python_decorator.py
[2024-02-08T02:51:52.844+0100] {processor.py:840} INFO - DAG(s) 'example_python_decorator' retrieved from /home/ubuntu/.local/lib/python3.10/site-packages/airflow/example_dags/example_python_decorator.py
[2024-02-08T02:51:52.878+0100] {logging_mixin.py:188} INFO - [2024-02-08T02:51:52.877+0100] {dag.py:3033} INFO - Sync 1 DAGs
[2024-02-08T02:51:52.895+0100] {logging_mixin.py:188} INFO - [2024-02-08T02:51:52.895+0100] {dag.py:3820} INFO - Setting next_dagrun for example_python_decorator to None, run_after=None
[2024-02-08T02:51:52.989+0100] {processor.py:183} INFO - Processing /home/ubuntu/.local/lib/python3.10/site-packages/airflow/example_dags/example_python_decorator.py took 0.206 seconds
[2024-02-08T02:53:32.013+0100] {processor.py:161} INFO - Started process (PID=13817) to work on /home/ubuntu/.local/lib/python3.10/site-packages/airflow/example_dags/example_python_decorator.py
[2024-02-08T02:53:32.016+0100] {processor.py:830} INFO - Processing file /home/ubuntu/.local/lib/python3.10/site-packages/airflow/example_dags/example_python_decorator.py for tasks to queue
[2024-02-08T02:53:32.017+0100] {logging_mixin.py:188} INFO - [2024-02-08T02:53:32.016+0100] {dagbag.py:538} INFO - Filling up the DagBag from /home/ubuntu/.local/lib/python3.10/site-packages/airflow/example_dags/example_python_decorator.py
[2024-02-08T02:53:32.037+0100] {processor.py:840} INFO - DAG(s) 'example_python_decorator' retrieved from /home/ubuntu/.local/lib/python3.10/site-packages/airflow/example_dags/example_python_decorator.py
[2024-02-08T02:53:32.095+0100] {logging_mixin.py:188} INFO - [2024-02-08T02:53:32.094+0100] {dag.py:3033} INFO - Sync 1 DAGs
[2024-02-08T02:53:32.112+0100] {logging_mixin.py:188} INFO - [2024-02-08T02:53:32.112+0100] {dag.py:3820} INFO - Setting next_dagrun for example_python_decorator to None, run_after=None
[2024-02-08T02:53:32.174+0100] {processor.py:183} INFO - Processing /home/ubuntu/.local/lib/python3.10/site-packages/airflow/example_dags/example_python_decorator.py took 0.166 seconds
[2024-02-08T02:57:50.860+0100] {processor.py:161} INFO - Started process (PID=13958) to work on /home/ubuntu/.local/lib/python3.10/site-packages/airflow/example_dags/example_python_decorator.py
[2024-02-08T02:57:50.864+0100] {processor.py:830} INFO - Processing file /home/ubuntu/.local/lib/python3.10/site-packages/airflow/example_dags/example_python_decorator.py for tasks to queue
[2024-02-08T02:57:50.866+0100] {logging_mixin.py:188} INFO - [2024-02-08T02:57:50.865+0100] {dagbag.py:538} INFO - Filling up the DagBag from /home/ubuntu/.local/lib/python3.10/site-packages/airflow/example_dags/example_python_decorator.py
[2024-02-08T02:57:50.889+0100] {processor.py:840} INFO - DAG(s) 'example_python_decorator' retrieved from /home/ubuntu/.local/lib/python3.10/site-packages/airflow/example_dags/example_python_decorator.py
[2024-02-08T02:57:50.951+0100] {logging_mixin.py:188} INFO - [2024-02-08T02:57:50.950+0100] {dag.py:3033} INFO - Sync 1 DAGs
[2024-02-08T02:57:50.988+0100] {logging_mixin.py:188} INFO - [2024-02-08T02:57:50.988+0100] {dag.py:3820} INFO - Setting next_dagrun for example_python_decorator to None, run_after=None
[2024-02-08T02:57:51.201+0100] {processor.py:183} INFO - Processing /home/ubuntu/.local/lib/python3.10/site-packages/airflow/example_dags/example_python_decorator.py took 0.359 seconds
[2024-02-08T02:59:48.478+0100] {processor.py:161} INFO - Started process (PID=14029) to work on /home/ubuntu/.local/lib/python3.10/site-packages/airflow/example_dags/example_python_decorator.py
[2024-02-08T02:59:48.497+0100] {processor.py:830} INFO - Processing file /home/ubuntu/.local/lib/python3.10/site-packages/airflow/example_dags/example_python_decorator.py for tasks to queue
[2024-02-08T02:59:48.504+0100] {logging_mixin.py:188} INFO - [2024-02-08T02:59:48.498+0100] {dagbag.py:538} INFO - Filling up the DagBag from /home/ubuntu/.local/lib/python3.10/site-packages/airflow/example_dags/example_python_decorator.py
[2024-02-08T02:59:48.545+0100] {processor.py:840} INFO - DAG(s) 'example_python_decorator' retrieved from /home/ubuntu/.local/lib/python3.10/site-packages/airflow/example_dags/example_python_decorator.py
[2024-02-08T02:59:48.599+0100] {logging_mixin.py:188} INFO - [2024-02-08T02:59:48.599+0100] {dag.py:3033} INFO - Sync 1 DAGs
[2024-02-08T02:59:48.627+0100] {logging_mixin.py:188} INFO - [2024-02-08T02:59:48.626+0100] {dag.py:3820} INFO - Setting next_dagrun for example_python_decorator to None, run_after=None
[2024-02-08T02:59:48.747+0100] {processor.py:183} INFO - Processing /home/ubuntu/.local/lib/python3.10/site-packages/airflow/example_dags/example_python_decorator.py took 0.289 seconds
[2024-02-08T03:01:36.152+0100] {processor.py:161} INFO - Started process (PID=14098) to work on /home/ubuntu/.local/lib/python3.10/site-packages/airflow/example_dags/example_python_decorator.py
[2024-02-08T03:01:36.157+0100] {processor.py:830} INFO - Processing file /home/ubuntu/.local/lib/python3.10/site-packages/airflow/example_dags/example_python_decorator.py for tasks to queue
[2024-02-08T03:01:36.158+0100] {logging_mixin.py:188} INFO - [2024-02-08T03:01:36.158+0100] {dagbag.py:538} INFO - Filling up the DagBag from /home/ubuntu/.local/lib/python3.10/site-packages/airflow/example_dags/example_python_decorator.py
[2024-02-08T03:01:36.176+0100] {processor.py:840} INFO - DAG(s) 'example_python_decorator' retrieved from /home/ubuntu/.local/lib/python3.10/site-packages/airflow/example_dags/example_python_decorator.py
[2024-02-08T03:01:36.199+0100] {logging_mixin.py:188} INFO - [2024-02-08T03:01:36.199+0100] {dag.py:3033} INFO - Sync 1 DAGs
[2024-02-08T03:01:36.231+0100] {logging_mixin.py:188} INFO - [2024-02-08T03:01:36.230+0100] {dag.py:3820} INFO - Setting next_dagrun for example_python_decorator to None, run_after=None
[2024-02-08T03:01:36.311+0100] {processor.py:183} INFO - Processing /home/ubuntu/.local/lib/python3.10/site-packages/airflow/example_dags/example_python_decorator.py took 0.164 seconds
[2024-02-08T03:03:40.892+0100] {processor.py:161} INFO - Started process (PID=14257) to work on /home/ubuntu/.local/lib/python3.10/site-packages/airflow/example_dags/example_python_decorator.py
[2024-02-08T03:03:40.895+0100] {processor.py:830} INFO - Processing file /home/ubuntu/.local/lib/python3.10/site-packages/airflow/example_dags/example_python_decorator.py for tasks to queue
[2024-02-08T03:03:40.897+0100] {logging_mixin.py:188} INFO - [2024-02-08T03:03:40.896+0100] {dagbag.py:538} INFO - Filling up the DagBag from /home/ubuntu/.local/lib/python3.10/site-packages/airflow/example_dags/example_python_decorator.py
[2024-02-08T03:03:40.933+0100] {processor.py:840} INFO - DAG(s) 'example_python_decorator' retrieved from /home/ubuntu/.local/lib/python3.10/site-packages/airflow/example_dags/example_python_decorator.py
[2024-02-08T03:03:40.960+0100] {logging_mixin.py:188} INFO - [2024-02-08T03:03:40.959+0100] {dag.py:3033} INFO - Sync 1 DAGs
[2024-02-08T03:03:40.977+0100] {logging_mixin.py:188} INFO - [2024-02-08T03:03:40.976+0100] {dag.py:3820} INFO - Setting next_dagrun for example_python_decorator to None, run_after=None
[2024-02-08T03:03:41.015+0100] {processor.py:183} INFO - Processing /home/ubuntu/.local/lib/python3.10/site-packages/airflow/example_dags/example_python_decorator.py took 0.127 seconds
[2024-02-08T03:04:57.482+0100] {processor.py:161} INFO - Started process (PID=14325) to work on /home/ubuntu/.local/lib/python3.10/site-packages/airflow/example_dags/example_python_decorator.py
[2024-02-08T03:04:57.486+0100] {processor.py:830} INFO - Processing file /home/ubuntu/.local/lib/python3.10/site-packages/airflow/example_dags/example_python_decorator.py for tasks to queue
[2024-02-08T03:04:57.488+0100] {logging_mixin.py:188} INFO - [2024-02-08T03:04:57.487+0100] {dagbag.py:538} INFO - Filling up the DagBag from /home/ubuntu/.local/lib/python3.10/site-packages/airflow/example_dags/example_python_decorator.py
[2024-02-08T03:04:57.505+0100] {processor.py:840} INFO - DAG(s) 'example_python_decorator' retrieved from /home/ubuntu/.local/lib/python3.10/site-packages/airflow/example_dags/example_python_decorator.py
[2024-02-08T03:04:57.531+0100] {logging_mixin.py:188} INFO - [2024-02-08T03:04:57.531+0100] {dag.py:3033} INFO - Sync 1 DAGs
[2024-02-08T03:04:57.547+0100] {logging_mixin.py:188} INFO - [2024-02-08T03:04:57.547+0100] {dag.py:3820} INFO - Setting next_dagrun for example_python_decorator to None, run_after=None
[2024-02-08T03:04:57.582+0100] {processor.py:183} INFO - Processing /home/ubuntu/.local/lib/python3.10/site-packages/airflow/example_dags/example_python_decorator.py took 0.105 seconds
[2024-02-08T03:06:29.868+0100] {processor.py:161} INFO - Started process (PID=14400) to work on /home/ubuntu/.local/lib/python3.10/site-packages/airflow/example_dags/example_python_decorator.py
[2024-02-08T03:06:29.872+0100] {processor.py:830} INFO - Processing file /home/ubuntu/.local/lib/python3.10/site-packages/airflow/example_dags/example_python_decorator.py for tasks to queue
[2024-02-08T03:06:29.873+0100] {logging_mixin.py:188} INFO - [2024-02-08T03:06:29.873+0100] {dagbag.py:538} INFO - Filling up the DagBag from /home/ubuntu/.local/lib/python3.10/site-packages/airflow/example_dags/example_python_decorator.py
[2024-02-08T03:06:29.886+0100] {processor.py:840} INFO - DAG(s) 'example_python_decorator' retrieved from /home/ubuntu/.local/lib/python3.10/site-packages/airflow/example_dags/example_python_decorator.py
[2024-02-08T03:06:29.909+0100] {logging_mixin.py:188} INFO - [2024-02-08T03:06:29.909+0100] {dag.py:3033} INFO - Sync 1 DAGs
[2024-02-08T03:06:29.923+0100] {logging_mixin.py:188} INFO - [2024-02-08T03:06:29.923+0100] {dag.py:3820} INFO - Setting next_dagrun for example_python_decorator to None, run_after=None
[2024-02-08T03:06:29.962+0100] {processor.py:183} INFO - Processing /home/ubuntu/.local/lib/python3.10/site-packages/airflow/example_dags/example_python_decorator.py took 0.099 seconds
[2024-02-08T03:07:32.697+0100] {processor.py:161} INFO - Started process (PID=14499) to work on /home/ubuntu/.local/lib/python3.10/site-packages/airflow/example_dags/example_python_decorator.py
[2024-02-08T03:07:32.700+0100] {processor.py:830} INFO - Processing file /home/ubuntu/.local/lib/python3.10/site-packages/airflow/example_dags/example_python_decorator.py for tasks to queue
[2024-02-08T03:07:32.702+0100] {logging_mixin.py:188} INFO - [2024-02-08T03:07:32.701+0100] {dagbag.py:538} INFO - Filling up the DagBag from /home/ubuntu/.local/lib/python3.10/site-packages/airflow/example_dags/example_python_decorator.py
[2024-02-08T03:07:32.721+0100] {processor.py:840} INFO - DAG(s) 'example_python_decorator' retrieved from /home/ubuntu/.local/lib/python3.10/site-packages/airflow/example_dags/example_python_decorator.py
[2024-02-08T03:07:32.765+0100] {logging_mixin.py:188} INFO - [2024-02-08T03:07:32.765+0100] {dag.py:3033} INFO - Sync 1 DAGs
[2024-02-08T03:07:32.789+0100] {logging_mixin.py:188} INFO - [2024-02-08T03:07:32.789+0100] {dag.py:3820} INFO - Setting next_dagrun for example_python_decorator to None, run_after=None
[2024-02-08T03:07:32.832+0100] {processor.py:183} INFO - Processing /home/ubuntu/.local/lib/python3.10/site-packages/airflow/example_dags/example_python_decorator.py took 0.143 seconds
[2024-02-08T03:08:48.937+0100] {processor.py:161} INFO - Started process (PID=14614) to work on /home/ubuntu/.local/lib/python3.10/site-packages/airflow/example_dags/example_python_decorator.py
[2024-02-08T03:08:48.940+0100] {processor.py:830} INFO - Processing file /home/ubuntu/.local/lib/python3.10/site-packages/airflow/example_dags/example_python_decorator.py for tasks to queue
[2024-02-08T03:08:48.943+0100] {logging_mixin.py:188} INFO - [2024-02-08T03:08:48.942+0100] {dagbag.py:538} INFO - Filling up the DagBag from /home/ubuntu/.local/lib/python3.10/site-packages/airflow/example_dags/example_python_decorator.py
[2024-02-08T03:08:48.958+0100] {processor.py:840} INFO - DAG(s) 'example_python_decorator' retrieved from /home/ubuntu/.local/lib/python3.10/site-packages/airflow/example_dags/example_python_decorator.py
[2024-02-08T03:08:48.986+0100] {logging_mixin.py:188} INFO - [2024-02-08T03:08:48.986+0100] {dag.py:3033} INFO - Sync 1 DAGs
[2024-02-08T03:08:49.003+0100] {logging_mixin.py:188} INFO - [2024-02-08T03:08:49.003+0100] {dag.py:3820} INFO - Setting next_dagrun for example_python_decorator to None, run_after=None
[2024-02-08T03:08:49.040+0100] {processor.py:183} INFO - Processing /home/ubuntu/.local/lib/python3.10/site-packages/airflow/example_dags/example_python_decorator.py took 0.108 seconds
[2024-02-08T03:09:50.153+0100] {processor.py:161} INFO - Started process (PID=14672) to work on /home/ubuntu/.local/lib/python3.10/site-packages/airflow/example_dags/example_python_decorator.py
[2024-02-08T03:09:50.157+0100] {processor.py:830} INFO - Processing file /home/ubuntu/.local/lib/python3.10/site-packages/airflow/example_dags/example_python_decorator.py for tasks to queue
[2024-02-08T03:09:50.160+0100] {logging_mixin.py:188} INFO - [2024-02-08T03:09:50.159+0100] {dagbag.py:538} INFO - Filling up the DagBag from /home/ubuntu/.local/lib/python3.10/site-packages/airflow/example_dags/example_python_decorator.py
[2024-02-08T03:09:50.204+0100] {processor.py:840} INFO - DAG(s) 'example_python_decorator' retrieved from /home/ubuntu/.local/lib/python3.10/site-packages/airflow/example_dags/example_python_decorator.py
[2024-02-08T03:09:50.244+0100] {logging_mixin.py:188} INFO - [2024-02-08T03:09:50.244+0100] {dag.py:3033} INFO - Sync 1 DAGs
[2024-02-08T03:09:50.264+0100] {logging_mixin.py:188} INFO - [2024-02-08T03:09:50.264+0100] {dag.py:3820} INFO - Setting next_dagrun for example_python_decorator to None, run_after=None
[2024-02-08T03:09:50.312+0100] {processor.py:183} INFO - Processing /home/ubuntu/.local/lib/python3.10/site-packages/airflow/example_dags/example_python_decorator.py took 0.164 seconds
[2024-02-08T03:10:58.539+0100] {processor.py:161} INFO - Started process (PID=14732) to work on /home/ubuntu/.local/lib/python3.10/site-packages/airflow/example_dags/example_python_decorator.py
[2024-02-08T03:10:58.544+0100] {processor.py:830} INFO - Processing file /home/ubuntu/.local/lib/python3.10/site-packages/airflow/example_dags/example_python_decorator.py for tasks to queue
[2024-02-08T03:10:58.546+0100] {logging_mixin.py:188} INFO - [2024-02-08T03:10:58.545+0100] {dagbag.py:538} INFO - Filling up the DagBag from /home/ubuntu/.local/lib/python3.10/site-packages/airflow/example_dags/example_python_decorator.py
[2024-02-08T03:10:58.570+0100] {processor.py:840} INFO - DAG(s) 'example_python_decorator' retrieved from /home/ubuntu/.local/lib/python3.10/site-packages/airflow/example_dags/example_python_decorator.py
[2024-02-08T03:10:58.595+0100] {logging_mixin.py:188} INFO - [2024-02-08T03:10:58.595+0100] {dag.py:3033} INFO - Sync 1 DAGs
[2024-02-08T03:10:58.621+0100] {logging_mixin.py:188} INFO - [2024-02-08T03:10:58.621+0100] {dag.py:3820} INFO - Setting next_dagrun for example_python_decorator to None, run_after=None
[2024-02-08T03:10:58.666+0100] {processor.py:183} INFO - Processing /home/ubuntu/.local/lib/python3.10/site-packages/airflow/example_dags/example_python_decorator.py took 0.132 seconds
[2024-02-08T03:12:02.108+0100] {processor.py:161} INFO - Started process (PID=14789) to work on /home/ubuntu/.local/lib/python3.10/site-packages/airflow/example_dags/example_python_decorator.py
[2024-02-08T03:12:02.111+0100] {processor.py:830} INFO - Processing file /home/ubuntu/.local/lib/python3.10/site-packages/airflow/example_dags/example_python_decorator.py for tasks to queue
[2024-02-08T03:12:02.113+0100] {logging_mixin.py:188} INFO - [2024-02-08T03:12:02.112+0100] {dagbag.py:538} INFO - Filling up the DagBag from /home/ubuntu/.local/lib/python3.10/site-packages/airflow/example_dags/example_python_decorator.py
[2024-02-08T03:12:02.128+0100] {processor.py:840} INFO - DAG(s) 'example_python_decorator' retrieved from /home/ubuntu/.local/lib/python3.10/site-packages/airflow/example_dags/example_python_decorator.py
[2024-02-08T03:12:02.154+0100] {logging_mixin.py:188} INFO - [2024-02-08T03:12:02.153+0100] {dag.py:3033} INFO - Sync 1 DAGs
[2024-02-08T03:12:02.168+0100] {logging_mixin.py:188} INFO - [2024-02-08T03:12:02.168+0100] {dag.py:3820} INFO - Setting next_dagrun for example_python_decorator to None, run_after=None
[2024-02-08T03:12:02.209+0100] {processor.py:183} INFO - Processing /home/ubuntu/.local/lib/python3.10/site-packages/airflow/example_dags/example_python_decorator.py took 0.107 seconds
[2024-02-08T03:12:59.742+0100] {processor.py:161} INFO - Started process (PID=14847) to work on /home/ubuntu/.local/lib/python3.10/site-packages/airflow/example_dags/example_python_decorator.py
[2024-02-08T03:12:59.747+0100] {processor.py:830} INFO - Processing file /home/ubuntu/.local/lib/python3.10/site-packages/airflow/example_dags/example_python_decorator.py for tasks to queue
[2024-02-08T03:12:59.754+0100] {logging_mixin.py:188} INFO - [2024-02-08T03:12:59.752+0100] {dagbag.py:538} INFO - Filling up the DagBag from /home/ubuntu/.local/lib/python3.10/site-packages/airflow/example_dags/example_python_decorator.py
[2024-02-08T03:12:59.777+0100] {processor.py:840} INFO - DAG(s) 'example_python_decorator' retrieved from /home/ubuntu/.local/lib/python3.10/site-packages/airflow/example_dags/example_python_decorator.py
[2024-02-08T03:12:59.803+0100] {logging_mixin.py:188} INFO - [2024-02-08T03:12:59.802+0100] {dag.py:3033} INFO - Sync 1 DAGs
[2024-02-08T03:12:59.821+0100] {logging_mixin.py:188} INFO - [2024-02-08T03:12:59.820+0100] {dag.py:3820} INFO - Setting next_dagrun for example_python_decorator to None, run_after=None
[2024-02-08T03:12:59.870+0100] {processor.py:183} INFO - Processing /home/ubuntu/.local/lib/python3.10/site-packages/airflow/example_dags/example_python_decorator.py took 0.140 seconds
[2024-02-08T03:14:00.622+0100] {processor.py:161} INFO - Started process (PID=14906) to work on /home/ubuntu/.local/lib/python3.10/site-packages/airflow/example_dags/example_python_decorator.py
[2024-02-08T03:14:00.624+0100] {processor.py:830} INFO - Processing file /home/ubuntu/.local/lib/python3.10/site-packages/airflow/example_dags/example_python_decorator.py for tasks to queue
[2024-02-08T03:14:00.627+0100] {logging_mixin.py:188} INFO - [2024-02-08T03:14:00.626+0100] {dagbag.py:538} INFO - Filling up the DagBag from /home/ubuntu/.local/lib/python3.10/site-packages/airflow/example_dags/example_python_decorator.py
[2024-02-08T03:14:00.648+0100] {processor.py:840} INFO - DAG(s) 'example_python_decorator' retrieved from /home/ubuntu/.local/lib/python3.10/site-packages/airflow/example_dags/example_python_decorator.py
[2024-02-08T03:14:00.692+0100] {logging_mixin.py:188} INFO - [2024-02-08T03:14:00.691+0100] {dag.py:3033} INFO - Sync 1 DAGs
[2024-02-08T03:14:00.714+0100] {logging_mixin.py:188} INFO - [2024-02-08T03:14:00.714+0100] {dag.py:3820} INFO - Setting next_dagrun for example_python_decorator to None, run_after=None
[2024-02-08T03:14:00.768+0100] {processor.py:183} INFO - Processing /home/ubuntu/.local/lib/python3.10/site-packages/airflow/example_dags/example_python_decorator.py took 0.152 seconds
[2024-02-08T03:15:03.512+0100] {processor.py:161} INFO - Started process (PID=14971) to work on /home/ubuntu/.local/lib/python3.10/site-packages/airflow/example_dags/example_python_decorator.py
[2024-02-08T03:15:03.516+0100] {processor.py:830} INFO - Processing file /home/ubuntu/.local/lib/python3.10/site-packages/airflow/example_dags/example_python_decorator.py for tasks to queue
[2024-02-08T03:15:03.518+0100] {logging_mixin.py:188} INFO - [2024-02-08T03:15:03.517+0100] {dagbag.py:538} INFO - Filling up the DagBag from /home/ubuntu/.local/lib/python3.10/site-packages/airflow/example_dags/example_python_decorator.py
[2024-02-08T03:15:03.537+0100] {processor.py:840} INFO - DAG(s) 'example_python_decorator' retrieved from /home/ubuntu/.local/lib/python3.10/site-packages/airflow/example_dags/example_python_decorator.py
[2024-02-08T03:15:03.566+0100] {logging_mixin.py:188} INFO - [2024-02-08T03:15:03.566+0100] {dag.py:3033} INFO - Sync 1 DAGs
[2024-02-08T03:15:03.585+0100] {logging_mixin.py:188} INFO - [2024-02-08T03:15:03.584+0100] {dag.py:3820} INFO - Setting next_dagrun for example_python_decorator to None, run_after=None
[2024-02-08T03:15:03.634+0100] {processor.py:183} INFO - Processing /home/ubuntu/.local/lib/python3.10/site-packages/airflow/example_dags/example_python_decorator.py took 0.130 seconds
[2024-02-08T03:16:06.730+0100] {processor.py:161} INFO - Started process (PID=15034) to work on /home/ubuntu/.local/lib/python3.10/site-packages/airflow/example_dags/example_python_decorator.py
[2024-02-08T03:16:06.732+0100] {processor.py:830} INFO - Processing file /home/ubuntu/.local/lib/python3.10/site-packages/airflow/example_dags/example_python_decorator.py for tasks to queue
[2024-02-08T03:16:06.734+0100] {logging_mixin.py:188} INFO - [2024-02-08T03:16:06.734+0100] {dagbag.py:538} INFO - Filling up the DagBag from /home/ubuntu/.local/lib/python3.10/site-packages/airflow/example_dags/example_python_decorator.py
[2024-02-08T03:16:06.763+0100] {processor.py:840} INFO - DAG(s) 'example_python_decorator' retrieved from /home/ubuntu/.local/lib/python3.10/site-packages/airflow/example_dags/example_python_decorator.py
[2024-02-08T03:16:06.795+0100] {logging_mixin.py:188} INFO - [2024-02-08T03:16:06.794+0100] {dag.py:3033} INFO - Sync 1 DAGs
[2024-02-08T03:16:06.815+0100] {logging_mixin.py:188} INFO - [2024-02-08T03:16:06.815+0100] {dag.py:3820} INFO - Setting next_dagrun for example_python_decorator to None, run_after=None
[2024-02-08T03:16:06.859+0100] {processor.py:183} INFO - Processing /home/ubuntu/.local/lib/python3.10/site-packages/airflow/example_dags/example_python_decorator.py took 0.137 seconds
[2024-02-08T03:17:05.448+0100] {processor.py:161} INFO - Started process (PID=15092) to work on /home/ubuntu/.local/lib/python3.10/site-packages/airflow/example_dags/example_python_decorator.py
[2024-02-08T03:17:05.451+0100] {processor.py:830} INFO - Processing file /home/ubuntu/.local/lib/python3.10/site-packages/airflow/example_dags/example_python_decorator.py for tasks to queue
[2024-02-08T03:17:05.453+0100] {logging_mixin.py:188} INFO - [2024-02-08T03:17:05.453+0100] {dagbag.py:538} INFO - Filling up the DagBag from /home/ubuntu/.local/lib/python3.10/site-packages/airflow/example_dags/example_python_decorator.py
[2024-02-08T03:17:05.471+0100] {processor.py:840} INFO - DAG(s) 'example_python_decorator' retrieved from /home/ubuntu/.local/lib/python3.10/site-packages/airflow/example_dags/example_python_decorator.py
[2024-02-08T03:17:05.498+0100] {logging_mixin.py:188} INFO - [2024-02-08T03:17:05.498+0100] {dag.py:3033} INFO - Sync 1 DAGs
[2024-02-08T03:17:05.522+0100] {logging_mixin.py:188} INFO - [2024-02-08T03:17:05.522+0100] {dag.py:3820} INFO - Setting next_dagrun for example_python_decorator to None, run_after=None
[2024-02-08T03:17:05.573+0100] {processor.py:183} INFO - Processing /home/ubuntu/.local/lib/python3.10/site-packages/airflow/example_dags/example_python_decorator.py took 0.135 seconds
[2024-02-08T03:18:03.951+0100] {processor.py:161} INFO - Started process (PID=15149) to work on /home/ubuntu/.local/lib/python3.10/site-packages/airflow/example_dags/example_python_decorator.py
[2024-02-08T03:18:03.956+0100] {processor.py:830} INFO - Processing file /home/ubuntu/.local/lib/python3.10/site-packages/airflow/example_dags/example_python_decorator.py for tasks to queue
[2024-02-08T03:18:03.960+0100] {logging_mixin.py:188} INFO - [2024-02-08T03:18:03.959+0100] {dagbag.py:538} INFO - Filling up the DagBag from /home/ubuntu/.local/lib/python3.10/site-packages/airflow/example_dags/example_python_decorator.py
[2024-02-08T03:18:03.981+0100] {processor.py:840} INFO - DAG(s) 'example_python_decorator' retrieved from /home/ubuntu/.local/lib/python3.10/site-packages/airflow/example_dags/example_python_decorator.py
[2024-02-08T03:18:04.015+0100] {logging_mixin.py:188} INFO - [2024-02-08T03:18:04.015+0100] {dag.py:3033} INFO - Sync 1 DAGs
[2024-02-08T03:18:04.037+0100] {logging_mixin.py:188} INFO - [2024-02-08T03:18:04.037+0100] {dag.py:3820} INFO - Setting next_dagrun for example_python_decorator to None, run_after=None
[2024-02-08T03:18:04.081+0100] {processor.py:183} INFO - Processing /home/ubuntu/.local/lib/python3.10/site-packages/airflow/example_dags/example_python_decorator.py took 0.135 seconds
[2024-02-08T03:19:03.963+0100] {processor.py:161} INFO - Started process (PID=15204) to work on /home/ubuntu/.local/lib/python3.10/site-packages/airflow/example_dags/example_python_decorator.py
[2024-02-08T03:19:03.967+0100] {processor.py:830} INFO - Processing file /home/ubuntu/.local/lib/python3.10/site-packages/airflow/example_dags/example_python_decorator.py for tasks to queue
[2024-02-08T03:19:03.972+0100] {logging_mixin.py:188} INFO - [2024-02-08T03:19:03.969+0100] {dagbag.py:538} INFO - Filling up the DagBag from /home/ubuntu/.local/lib/python3.10/site-packages/airflow/example_dags/example_python_decorator.py
[2024-02-08T03:19:03.996+0100] {processor.py:840} INFO - DAG(s) 'example_python_decorator' retrieved from /home/ubuntu/.local/lib/python3.10/site-packages/airflow/example_dags/example_python_decorator.py
[2024-02-08T03:19:04.033+0100] {logging_mixin.py:188} INFO - [2024-02-08T03:19:04.033+0100] {dag.py:3033} INFO - Sync 1 DAGs
[2024-02-08T03:19:04.061+0100] {logging_mixin.py:188} INFO - [2024-02-08T03:19:04.060+0100] {dag.py:3820} INFO - Setting next_dagrun for example_python_decorator to None, run_after=None
[2024-02-08T03:19:04.102+0100] {processor.py:183} INFO - Processing /home/ubuntu/.local/lib/python3.10/site-packages/airflow/example_dags/example_python_decorator.py took 0.144 seconds
[2024-02-08T03:20:20.965+0100] {processor.py:161} INFO - Started process (PID=15331) to work on /home/ubuntu/.local/lib/python3.10/site-packages/airflow/example_dags/example_python_decorator.py
[2024-02-08T03:20:20.969+0100] {processor.py:830} INFO - Processing file /home/ubuntu/.local/lib/python3.10/site-packages/airflow/example_dags/example_python_decorator.py for tasks to queue
[2024-02-08T03:20:20.971+0100] {logging_mixin.py:188} INFO - [2024-02-08T03:20:20.970+0100] {dagbag.py:538} INFO - Filling up the DagBag from /home/ubuntu/.local/lib/python3.10/site-packages/airflow/example_dags/example_python_decorator.py
[2024-02-08T03:20:20.988+0100] {processor.py:840} INFO - DAG(s) 'example_python_decorator' retrieved from /home/ubuntu/.local/lib/python3.10/site-packages/airflow/example_dags/example_python_decorator.py
[2024-02-08T03:20:21.016+0100] {logging_mixin.py:188} INFO - [2024-02-08T03:20:21.016+0100] {dag.py:3033} INFO - Sync 1 DAGs
[2024-02-08T03:20:21.030+0100] {logging_mixin.py:188} INFO - [2024-02-08T03:20:21.029+0100] {dag.py:3820} INFO - Setting next_dagrun for example_python_decorator to None, run_after=None
[2024-02-08T03:20:21.070+0100] {processor.py:183} INFO - Processing /home/ubuntu/.local/lib/python3.10/site-packages/airflow/example_dags/example_python_decorator.py took 0.111 seconds
[2024-02-08T03:21:27.186+0100] {processor.py:161} INFO - Started process (PID=15390) to work on /home/ubuntu/.local/lib/python3.10/site-packages/airflow/example_dags/example_python_decorator.py
[2024-02-08T03:21:27.192+0100] {processor.py:830} INFO - Processing file /home/ubuntu/.local/lib/python3.10/site-packages/airflow/example_dags/example_python_decorator.py for tasks to queue
[2024-02-08T03:21:27.194+0100] {logging_mixin.py:188} INFO - [2024-02-08T03:21:27.193+0100] {dagbag.py:538} INFO - Filling up the DagBag from /home/ubuntu/.local/lib/python3.10/site-packages/airflow/example_dags/example_python_decorator.py
[2024-02-08T03:21:27.212+0100] {processor.py:840} INFO - DAG(s) 'example_python_decorator' retrieved from /home/ubuntu/.local/lib/python3.10/site-packages/airflow/example_dags/example_python_decorator.py
[2024-02-08T03:21:27.243+0100] {logging_mixin.py:188} INFO - [2024-02-08T03:21:27.243+0100] {dag.py:3033} INFO - Sync 1 DAGs
[2024-02-08T03:21:27.262+0100] {logging_mixin.py:188} INFO - [2024-02-08T03:21:27.262+0100] {dag.py:3820} INFO - Setting next_dagrun for example_python_decorator to None, run_after=None
[2024-02-08T03:21:27.302+0100] {processor.py:183} INFO - Processing /home/ubuntu/.local/lib/python3.10/site-packages/airflow/example_dags/example_python_decorator.py took 0.122 seconds
[2024-02-08T03:22:33.481+0100] {processor.py:161} INFO - Started process (PID=15450) to work on /home/ubuntu/.local/lib/python3.10/site-packages/airflow/example_dags/example_python_decorator.py
[2024-02-08T03:22:33.487+0100] {processor.py:830} INFO - Processing file /home/ubuntu/.local/lib/python3.10/site-packages/airflow/example_dags/example_python_decorator.py for tasks to queue
[2024-02-08T03:22:33.489+0100] {logging_mixin.py:188} INFO - [2024-02-08T03:22:33.488+0100] {dagbag.py:538} INFO - Filling up the DagBag from /home/ubuntu/.local/lib/python3.10/site-packages/airflow/example_dags/example_python_decorator.py
[2024-02-08T03:22:33.509+0100] {processor.py:840} INFO - DAG(s) 'example_python_decorator' retrieved from /home/ubuntu/.local/lib/python3.10/site-packages/airflow/example_dags/example_python_decorator.py
[2024-02-08T03:22:33.539+0100] {logging_mixin.py:188} INFO - [2024-02-08T03:22:33.539+0100] {dag.py:3033} INFO - Sync 1 DAGs
[2024-02-08T03:22:33.554+0100] {logging_mixin.py:188} INFO - [2024-02-08T03:22:33.554+0100] {dag.py:3820} INFO - Setting next_dagrun for example_python_decorator to None, run_after=None
[2024-02-08T03:22:33.594+0100] {processor.py:183} INFO - Processing /home/ubuntu/.local/lib/python3.10/site-packages/airflow/example_dags/example_python_decorator.py took 0.117 seconds
[2024-02-08T03:23:43.679+0100] {processor.py:161} INFO - Started process (PID=15532) to work on /home/ubuntu/.local/lib/python3.10/site-packages/airflow/example_dags/example_python_decorator.py
[2024-02-08T03:23:43.690+0100] {processor.py:830} INFO - Processing file /home/ubuntu/.local/lib/python3.10/site-packages/airflow/example_dags/example_python_decorator.py for tasks to queue
[2024-02-08T03:23:43.692+0100] {logging_mixin.py:188} INFO - [2024-02-08T03:23:43.691+0100] {dagbag.py:538} INFO - Filling up the DagBag from /home/ubuntu/.local/lib/python3.10/site-packages/airflow/example_dags/example_python_decorator.py
[2024-02-08T03:23:43.710+0100] {processor.py:840} INFO - DAG(s) 'example_python_decorator' retrieved from /home/ubuntu/.local/lib/python3.10/site-packages/airflow/example_dags/example_python_decorator.py
[2024-02-08T03:23:43.807+0100] {logging_mixin.py:188} INFO - [2024-02-08T03:23:43.806+0100] {dag.py:3033} INFO - Sync 1 DAGs
[2024-02-08T03:23:43.906+0100] {logging_mixin.py:188} INFO - [2024-02-08T03:23:43.906+0100] {dag.py:3820} INFO - Setting next_dagrun for example_python_decorator to None, run_after=None
[2024-02-08T03:23:43.981+0100] {processor.py:183} INFO - Processing /home/ubuntu/.local/lib/python3.10/site-packages/airflow/example_dags/example_python_decorator.py took 0.308 seconds
[2024-02-08T03:25:16.235+0100] {processor.py:161} INFO - Started process (PID=15665) to work on /home/ubuntu/.local/lib/python3.10/site-packages/airflow/example_dags/example_python_decorator.py
[2024-02-08T03:25:16.240+0100] {processor.py:830} INFO - Processing file /home/ubuntu/.local/lib/python3.10/site-packages/airflow/example_dags/example_python_decorator.py for tasks to queue
[2024-02-08T03:25:16.242+0100] {logging_mixin.py:188} INFO - [2024-02-08T03:25:16.241+0100] {dagbag.py:538} INFO - Filling up the DagBag from /home/ubuntu/.local/lib/python3.10/site-packages/airflow/example_dags/example_python_decorator.py
[2024-02-08T03:25:16.260+0100] {processor.py:840} INFO - DAG(s) 'example_python_decorator' retrieved from /home/ubuntu/.local/lib/python3.10/site-packages/airflow/example_dags/example_python_decorator.py
[2024-02-08T03:25:16.287+0100] {logging_mixin.py:188} INFO - [2024-02-08T03:25:16.287+0100] {dag.py:3033} INFO - Sync 1 DAGs
[2024-02-08T03:25:16.302+0100] {logging_mixin.py:188} INFO - [2024-02-08T03:25:16.302+0100] {dag.py:3820} INFO - Setting next_dagrun for example_python_decorator to None, run_after=None
[2024-02-08T03:25:16.340+0100] {processor.py:183} INFO - Processing /home/ubuntu/.local/lib/python3.10/site-packages/airflow/example_dags/example_python_decorator.py took 0.110 seconds
