[2024-02-08T02:46:44.811+0100] {processor.py:161} INFO - Started process (PID=12385) to work on /home/ubuntu/.local/lib/python3.10/site-packages/airflow/example_dags/example_branch_python_dop_operator_3.py
[2024-02-08T02:46:44.813+0100] {processor.py:830} INFO - Processing file /home/ubuntu/.local/lib/python3.10/site-packages/airflow/example_dags/example_branch_python_dop_operator_3.py for tasks to queue
[2024-02-08T02:46:44.815+0100] {logging_mixin.py:188} INFO - [2024-02-08T02:46:44.814+0100] {dagbag.py:538} INFO - Filling up the DagBag from /home/ubuntu/.local/lib/python3.10/site-packages/airflow/example_dags/example_branch_python_dop_operator_3.py
[2024-02-08T02:46:44.837+0100] {processor.py:840} INFO - DAG(s) 'example_branch_dop_operator_v3' retrieved from /home/ubuntu/.local/lib/python3.10/site-packages/airflow/example_dags/example_branch_python_dop_operator_3.py
[2024-02-08T02:46:44.961+0100] {logging_mixin.py:188} INFO - [2024-02-08T02:46:44.961+0100] {dag.py:3033} INFO - Sync 1 DAGs
[2024-02-08T02:46:44.996+0100] {logging_mixin.py:188} INFO - [2024-02-08T02:46:44.996+0100] {dag.py:3820} INFO - Setting next_dagrun for example_branch_dop_operator_v3 to 2024-02-08T01:45:00+00:00, run_after=2024-02-08T01:46:00+00:00
[2024-02-08T02:46:45.049+0100] {processor.py:183} INFO - Processing /home/ubuntu/.local/lib/python3.10/site-packages/airflow/example_dags/example_branch_python_dop_operator_3.py took 0.245 seconds
[2024-02-08T02:48:26.638+0100] {processor.py:161} INFO - Started process (PID=12512) to work on /home/ubuntu/.local/lib/python3.10/site-packages/airflow/example_dags/example_branch_python_dop_operator_3.py
[2024-02-08T02:48:26.650+0100] {processor.py:830} INFO - Processing file /home/ubuntu/.local/lib/python3.10/site-packages/airflow/example_dags/example_branch_python_dop_operator_3.py for tasks to queue
[2024-02-08T02:48:26.652+0100] {logging_mixin.py:188} INFO - [2024-02-08T02:48:26.651+0100] {dagbag.py:538} INFO - Filling up the DagBag from /home/ubuntu/.local/lib/python3.10/site-packages/airflow/example_dags/example_branch_python_dop_operator_3.py
[2024-02-08T02:48:26.681+0100] {processor.py:840} INFO - DAG(s) 'example_branch_dop_operator_v3' retrieved from /home/ubuntu/.local/lib/python3.10/site-packages/airflow/example_dags/example_branch_python_dop_operator_3.py
[2024-02-08T02:48:26.737+0100] {logging_mixin.py:188} INFO - [2024-02-08T02:48:26.737+0100] {dag.py:3033} INFO - Sync 1 DAGs
[2024-02-08T02:48:26.810+0100] {logging_mixin.py:188} INFO - [2024-02-08T02:48:26.810+0100] {dag.py:3820} INFO - Setting next_dagrun for example_branch_dop_operator_v3 to 2024-02-08T01:47:00+00:00, run_after=2024-02-08T01:48:00+00:00
[2024-02-08T02:48:26.940+0100] {processor.py:183} INFO - Processing /home/ubuntu/.local/lib/python3.10/site-packages/airflow/example_dags/example_branch_python_dop_operator_3.py took 0.307 seconds
[2024-02-08T02:50:20.603+0100] {processor.py:161} INFO - Started process (PID=13456) to work on /home/ubuntu/.local/lib/python3.10/site-packages/airflow/example_dags/example_branch_python_dop_operator_3.py
[2024-02-08T02:50:20.612+0100] {processor.py:830} INFO - Processing file /home/ubuntu/.local/lib/python3.10/site-packages/airflow/example_dags/example_branch_python_dop_operator_3.py for tasks to queue
[2024-02-08T02:50:20.614+0100] {logging_mixin.py:188} INFO - [2024-02-08T02:50:20.613+0100] {dagbag.py:538} INFO - Filling up the DagBag from /home/ubuntu/.local/lib/python3.10/site-packages/airflow/example_dags/example_branch_python_dop_operator_3.py
[2024-02-08T02:50:20.633+0100] {processor.py:840} INFO - DAG(s) 'example_branch_dop_operator_v3' retrieved from /home/ubuntu/.local/lib/python3.10/site-packages/airflow/example_dags/example_branch_python_dop_operator_3.py
[2024-02-08T02:50:20.689+0100] {logging_mixin.py:188} INFO - [2024-02-08T02:50:20.688+0100] {dag.py:3033} INFO - Sync 1 DAGs
[2024-02-08T02:50:20.740+0100] {logging_mixin.py:188} INFO - [2024-02-08T02:50:20.740+0100] {dag.py:3820} INFO - Setting next_dagrun for example_branch_dop_operator_v3 to 2024-02-08T01:49:00+00:00, run_after=2024-02-08T01:50:00+00:00
[2024-02-08T02:50:20.813+0100] {processor.py:183} INFO - Processing /home/ubuntu/.local/lib/python3.10/site-packages/airflow/example_dags/example_branch_python_dop_operator_3.py took 0.216 seconds
[2024-02-08T02:51:42.651+0100] {processor.py:161} INFO - Started process (PID=13692) to work on /home/ubuntu/.local/lib/python3.10/site-packages/airflow/example_dags/example_branch_python_dop_operator_3.py
[2024-02-08T02:51:42.653+0100] {processor.py:830} INFO - Processing file /home/ubuntu/.local/lib/python3.10/site-packages/airflow/example_dags/example_branch_python_dop_operator_3.py for tasks to queue
[2024-02-08T02:51:42.655+0100] {logging_mixin.py:188} INFO - [2024-02-08T02:51:42.654+0100] {dagbag.py:538} INFO - Filling up the DagBag from /home/ubuntu/.local/lib/python3.10/site-packages/airflow/example_dags/example_branch_python_dop_operator_3.py
[2024-02-08T02:51:42.667+0100] {processor.py:840} INFO - DAG(s) 'example_branch_dop_operator_v3' retrieved from /home/ubuntu/.local/lib/python3.10/site-packages/airflow/example_dags/example_branch_python_dop_operator_3.py
[2024-02-08T02:51:42.715+0100] {logging_mixin.py:188} INFO - [2024-02-08T02:51:42.715+0100] {dag.py:3033} INFO - Sync 1 DAGs
[2024-02-08T02:51:42.749+0100] {logging_mixin.py:188} INFO - [2024-02-08T02:51:42.749+0100] {dag.py:3820} INFO - Setting next_dagrun for example_branch_dop_operator_v3 to 2024-02-08T01:50:00+00:00, run_after=2024-02-08T01:51:00+00:00
[2024-02-08T02:51:42.789+0100] {processor.py:183} INFO - Processing /home/ubuntu/.local/lib/python3.10/site-packages/airflow/example_dags/example_branch_python_dop_operator_3.py took 0.144 seconds
[2024-02-08T02:53:21.284+0100] {processor.py:161} INFO - Started process (PID=13808) to work on /home/ubuntu/.local/lib/python3.10/site-packages/airflow/example_dags/example_branch_python_dop_operator_3.py
[2024-02-08T02:53:21.287+0100] {processor.py:830} INFO - Processing file /home/ubuntu/.local/lib/python3.10/site-packages/airflow/example_dags/example_branch_python_dop_operator_3.py for tasks to queue
[2024-02-08T02:53:21.289+0100] {logging_mixin.py:188} INFO - [2024-02-08T02:53:21.288+0100] {dagbag.py:538} INFO - Filling up the DagBag from /home/ubuntu/.local/lib/python3.10/site-packages/airflow/example_dags/example_branch_python_dop_operator_3.py
[2024-02-08T02:53:21.307+0100] {processor.py:840} INFO - DAG(s) 'example_branch_dop_operator_v3' retrieved from /home/ubuntu/.local/lib/python3.10/site-packages/airflow/example_dags/example_branch_python_dop_operator_3.py
[2024-02-08T02:53:21.333+0100] {logging_mixin.py:188} INFO - [2024-02-08T02:53:21.333+0100] {dag.py:3033} INFO - Sync 1 DAGs
[2024-02-08T02:53:21.367+0100] {logging_mixin.py:188} INFO - [2024-02-08T02:53:21.367+0100] {dag.py:3820} INFO - Setting next_dagrun for example_branch_dop_operator_v3 to 2024-02-08T01:52:00+00:00, run_after=2024-02-08T01:53:00+00:00
[2024-02-08T02:53:21.418+0100] {processor.py:183} INFO - Processing /home/ubuntu/.local/lib/python3.10/site-packages/airflow/example_dags/example_branch_python_dop_operator_3.py took 0.139 seconds
[2024-02-08T02:56:46.532+0100] {processor.py:161} INFO - Started process (PID=13938) to work on /home/ubuntu/.local/lib/python3.10/site-packages/airflow/example_dags/example_branch_python_dop_operator_3.py
[2024-02-08T02:56:46.574+0100] {processor.py:830} INFO - Processing file /home/ubuntu/.local/lib/python3.10/site-packages/airflow/example_dags/example_branch_python_dop_operator_3.py for tasks to queue
[2024-02-08T02:56:46.578+0100] {logging_mixin.py:188} INFO - [2024-02-08T02:56:46.578+0100] {dagbag.py:538} INFO - Filling up the DagBag from /home/ubuntu/.local/lib/python3.10/site-packages/airflow/example_dags/example_branch_python_dop_operator_3.py
[2024-02-08T02:56:46.681+0100] {processor.py:840} INFO - DAG(s) 'example_branch_dop_operator_v3' retrieved from /home/ubuntu/.local/lib/python3.10/site-packages/airflow/example_dags/example_branch_python_dop_operator_3.py
[2024-02-08T02:56:46.737+0100] {logging_mixin.py:188} INFO - [2024-02-08T02:56:46.736+0100] {dag.py:3033} INFO - Sync 1 DAGs
[2024-02-08T02:56:46.777+0100] {logging_mixin.py:188} INFO - [2024-02-08T02:56:46.777+0100] {dag.py:3820} INFO - Setting next_dagrun for example_branch_dop_operator_v3 to 2024-02-08T01:55:00+00:00, run_after=2024-02-08T01:56:00+00:00
[2024-02-08T02:56:47.027+0100] {processor.py:183} INFO - Processing /home/ubuntu/.local/lib/python3.10/site-packages/airflow/example_dags/example_branch_python_dop_operator_3.py took 0.513 seconds
[2024-02-08T02:59:33.404+0100] {processor.py:161} INFO - Started process (PID=14020) to work on /home/ubuntu/.local/lib/python3.10/site-packages/airflow/example_dags/example_branch_python_dop_operator_3.py
[2024-02-08T02:59:33.442+0100] {processor.py:830} INFO - Processing file /home/ubuntu/.local/lib/python3.10/site-packages/airflow/example_dags/example_branch_python_dop_operator_3.py for tasks to queue
[2024-02-08T02:59:33.446+0100] {logging_mixin.py:188} INFO - [2024-02-08T02:59:33.446+0100] {dagbag.py:538} INFO - Filling up the DagBag from /home/ubuntu/.local/lib/python3.10/site-packages/airflow/example_dags/example_branch_python_dop_operator_3.py
[2024-02-08T02:59:33.473+0100] {processor.py:840} INFO - DAG(s) 'example_branch_dop_operator_v3' retrieved from /home/ubuntu/.local/lib/python3.10/site-packages/airflow/example_dags/example_branch_python_dop_operator_3.py
[2024-02-08T02:59:33.511+0100] {logging_mixin.py:188} INFO - [2024-02-08T02:59:33.507+0100] {dag.py:3033} INFO - Sync 1 DAGs
[2024-02-08T02:59:33.738+0100] {logging_mixin.py:188} INFO - [2024-02-08T02:59:33.727+0100] {dag.py:3820} INFO - Setting next_dagrun for example_branch_dop_operator_v3 to 2024-02-08T01:58:00+00:00, run_after=2024-02-08T01:59:00+00:00
[2024-02-08T02:59:33.864+0100] {processor.py:183} INFO - Processing /home/ubuntu/.local/lib/python3.10/site-packages/airflow/example_dags/example_branch_python_dop_operator_3.py took 0.466 seconds
[2024-02-08T03:01:24.295+0100] {processor.py:161} INFO - Started process (PID=14087) to work on /home/ubuntu/.local/lib/python3.10/site-packages/airflow/example_dags/example_branch_python_dop_operator_3.py
[2024-02-08T03:01:24.298+0100] {processor.py:830} INFO - Processing file /home/ubuntu/.local/lib/python3.10/site-packages/airflow/example_dags/example_branch_python_dop_operator_3.py for tasks to queue
[2024-02-08T03:01:24.299+0100] {logging_mixin.py:188} INFO - [2024-02-08T03:01:24.299+0100] {dagbag.py:538} INFO - Filling up the DagBag from /home/ubuntu/.local/lib/python3.10/site-packages/airflow/example_dags/example_branch_python_dop_operator_3.py
[2024-02-08T03:01:24.325+0100] {processor.py:840} INFO - DAG(s) 'example_branch_dop_operator_v3' retrieved from /home/ubuntu/.local/lib/python3.10/site-packages/airflow/example_dags/example_branch_python_dop_operator_3.py
[2024-02-08T03:01:24.350+0100] {logging_mixin.py:188} INFO - [2024-02-08T03:01:24.350+0100] {dag.py:3033} INFO - Sync 1 DAGs
[2024-02-08T03:01:24.400+0100] {logging_mixin.py:188} INFO - [2024-02-08T03:01:24.400+0100] {dag.py:3820} INFO - Setting next_dagrun for example_branch_dop_operator_v3 to 2024-02-08T02:00:00+00:00, run_after=2024-02-08T02:01:00+00:00
[2024-02-08T03:01:24.467+0100] {processor.py:183} INFO - Processing /home/ubuntu/.local/lib/python3.10/site-packages/airflow/example_dags/example_branch_python_dop_operator_3.py took 0.177 seconds
[2024-02-08T03:03:29.234+0100] {processor.py:161} INFO - Started process (PID=14246) to work on /home/ubuntu/.local/lib/python3.10/site-packages/airflow/example_dags/example_branch_python_dop_operator_3.py
[2024-02-08T03:03:29.237+0100] {processor.py:830} INFO - Processing file /home/ubuntu/.local/lib/python3.10/site-packages/airflow/example_dags/example_branch_python_dop_operator_3.py for tasks to queue
[2024-02-08T03:03:29.240+0100] {logging_mixin.py:188} INFO - [2024-02-08T03:03:29.238+0100] {dagbag.py:538} INFO - Filling up the DagBag from /home/ubuntu/.local/lib/python3.10/site-packages/airflow/example_dags/example_branch_python_dop_operator_3.py
[2024-02-08T03:03:29.255+0100] {processor.py:840} INFO - DAG(s) 'example_branch_dop_operator_v3' retrieved from /home/ubuntu/.local/lib/python3.10/site-packages/airflow/example_dags/example_branch_python_dop_operator_3.py
[2024-02-08T03:03:29.283+0100] {logging_mixin.py:188} INFO - [2024-02-08T03:03:29.283+0100] {dag.py:3033} INFO - Sync 1 DAGs
[2024-02-08T03:03:29.316+0100] {logging_mixin.py:188} INFO - [2024-02-08T03:03:29.315+0100] {dag.py:3820} INFO - Setting next_dagrun for example_branch_dop_operator_v3 to 2024-02-08T02:02:00+00:00, run_after=2024-02-08T02:03:00+00:00
[2024-02-08T03:03:29.356+0100] {processor.py:183} INFO - Processing /home/ubuntu/.local/lib/python3.10/site-packages/airflow/example_dags/example_branch_python_dop_operator_3.py took 0.126 seconds
[2024-02-08T03:04:31.742+0100] {processor.py:161} INFO - Started process (PID=14311) to work on /home/ubuntu/.local/lib/python3.10/site-packages/airflow/example_dags/example_branch_python_dop_operator_3.py
[2024-02-08T03:04:31.748+0100] {processor.py:830} INFO - Processing file /home/ubuntu/.local/lib/python3.10/site-packages/airflow/example_dags/example_branch_python_dop_operator_3.py for tasks to queue
[2024-02-08T03:04:31.749+0100] {logging_mixin.py:188} INFO - [2024-02-08T03:04:31.749+0100] {dagbag.py:538} INFO - Filling up the DagBag from /home/ubuntu/.local/lib/python3.10/site-packages/airflow/example_dags/example_branch_python_dop_operator_3.py
[2024-02-08T03:04:31.765+0100] {processor.py:840} INFO - DAG(s) 'example_branch_dop_operator_v3' retrieved from /home/ubuntu/.local/lib/python3.10/site-packages/airflow/example_dags/example_branch_python_dop_operator_3.py
[2024-02-08T03:04:31.794+0100] {logging_mixin.py:188} INFO - [2024-02-08T03:04:31.794+0100] {dag.py:3033} INFO - Sync 1 DAGs
[2024-02-08T03:04:31.829+0100] {logging_mixin.py:188} INFO - [2024-02-08T03:04:31.828+0100] {dag.py:3820} INFO - Setting next_dagrun for example_branch_dop_operator_v3 to 2024-02-08T02:03:00+00:00, run_after=2024-02-08T02:04:00+00:00
[2024-02-08T03:04:31.869+0100] {processor.py:183} INFO - Processing /home/ubuntu/.local/lib/python3.10/site-packages/airflow/example_dags/example_branch_python_dop_operator_3.py took 0.131 seconds
[2024-02-08T03:05:50.081+0100] {processor.py:161} INFO - Started process (PID=14370) to work on /home/ubuntu/.local/lib/python3.10/site-packages/airflow/example_dags/example_branch_python_dop_operator_3.py
[2024-02-08T03:05:50.083+0100] {processor.py:830} INFO - Processing file /home/ubuntu/.local/lib/python3.10/site-packages/airflow/example_dags/example_branch_python_dop_operator_3.py for tasks to queue
[2024-02-08T03:05:50.085+0100] {logging_mixin.py:188} INFO - [2024-02-08T03:05:50.084+0100] {dagbag.py:538} INFO - Filling up the DagBag from /home/ubuntu/.local/lib/python3.10/site-packages/airflow/example_dags/example_branch_python_dop_operator_3.py
[2024-02-08T03:05:50.100+0100] {processor.py:840} INFO - DAG(s) 'example_branch_dop_operator_v3' retrieved from /home/ubuntu/.local/lib/python3.10/site-packages/airflow/example_dags/example_branch_python_dop_operator_3.py
[2024-02-08T03:05:50.125+0100] {logging_mixin.py:188} INFO - [2024-02-08T03:05:50.125+0100] {dag.py:3033} INFO - Sync 1 DAGs
[2024-02-08T03:05:50.158+0100] {logging_mixin.py:188} INFO - [2024-02-08T03:05:50.158+0100] {dag.py:3820} INFO - Setting next_dagrun for example_branch_dop_operator_v3 to 2024-02-08T02:04:00+00:00, run_after=2024-02-08T02:05:00+00:00
[2024-02-08T03:05:50.197+0100] {processor.py:183} INFO - Processing /home/ubuntu/.local/lib/python3.10/site-packages/airflow/example_dags/example_branch_python_dop_operator_3.py took 0.122 seconds
[2024-02-08T03:06:54.623+0100] {processor.py:161} INFO - Started process (PID=14433) to work on /home/ubuntu/.local/lib/python3.10/site-packages/airflow/example_dags/example_branch_python_dop_operator_3.py
[2024-02-08T03:06:54.627+0100] {processor.py:830} INFO - Processing file /home/ubuntu/.local/lib/python3.10/site-packages/airflow/example_dags/example_branch_python_dop_operator_3.py for tasks to queue
[2024-02-08T03:06:54.629+0100] {logging_mixin.py:188} INFO - [2024-02-08T03:06:54.628+0100] {dagbag.py:538} INFO - Filling up the DagBag from /home/ubuntu/.local/lib/python3.10/site-packages/airflow/example_dags/example_branch_python_dop_operator_3.py
[2024-02-08T03:06:54.642+0100] {processor.py:840} INFO - DAG(s) 'example_branch_dop_operator_v3' retrieved from /home/ubuntu/.local/lib/python3.10/site-packages/airflow/example_dags/example_branch_python_dop_operator_3.py
[2024-02-08T03:06:54.665+0100] {logging_mixin.py:188} INFO - [2024-02-08T03:06:54.665+0100] {dag.py:3033} INFO - Sync 1 DAGs
[2024-02-08T03:06:54.691+0100] {logging_mixin.py:188} INFO - [2024-02-08T03:06:54.691+0100] {dag.py:3820} INFO - Setting next_dagrun for example_branch_dop_operator_v3 to 2024-02-08T02:05:00+00:00, run_after=2024-02-08T02:06:00+00:00
[2024-02-08T03:06:54.743+0100] {processor.py:183} INFO - Processing /home/ubuntu/.local/lib/python3.10/site-packages/airflow/example_dags/example_branch_python_dop_operator_3.py took 0.124 seconds
[2024-02-08T03:08:10.568+0100] {processor.py:161} INFO - Started process (PID=14577) to work on /home/ubuntu/.local/lib/python3.10/site-packages/airflow/example_dags/example_branch_python_dop_operator_3.py
[2024-02-08T03:08:10.573+0100] {processor.py:830} INFO - Processing file /home/ubuntu/.local/lib/python3.10/site-packages/airflow/example_dags/example_branch_python_dop_operator_3.py for tasks to queue
[2024-02-08T03:08:10.575+0100] {logging_mixin.py:188} INFO - [2024-02-08T03:08:10.575+0100] {dagbag.py:538} INFO - Filling up the DagBag from /home/ubuntu/.local/lib/python3.10/site-packages/airflow/example_dags/example_branch_python_dop_operator_3.py
[2024-02-08T03:08:10.590+0100] {processor.py:840} INFO - DAG(s) 'example_branch_dop_operator_v3' retrieved from /home/ubuntu/.local/lib/python3.10/site-packages/airflow/example_dags/example_branch_python_dop_operator_3.py
[2024-02-08T03:08:10.614+0100] {logging_mixin.py:188} INFO - [2024-02-08T03:08:10.614+0100] {dag.py:3033} INFO - Sync 1 DAGs
[2024-02-08T03:08:10.646+0100] {logging_mixin.py:188} INFO - [2024-02-08T03:08:10.646+0100] {dag.py:3820} INFO - Setting next_dagrun for example_branch_dop_operator_v3 to 2024-02-08T02:07:00+00:00, run_after=2024-02-08T02:08:00+00:00
[2024-02-08T03:08:10.685+0100] {processor.py:183} INFO - Processing /home/ubuntu/.local/lib/python3.10/site-packages/airflow/example_dags/example_branch_python_dop_operator_3.py took 0.123 seconds
[2024-02-08T03:09:12.698+0100] {processor.py:161} INFO - Started process (PID=14640) to work on /home/ubuntu/.local/lib/python3.10/site-packages/airflow/example_dags/example_branch_python_dop_operator_3.py
[2024-02-08T03:09:12.703+0100] {processor.py:830} INFO - Processing file /home/ubuntu/.local/lib/python3.10/site-packages/airflow/example_dags/example_branch_python_dop_operator_3.py for tasks to queue
[2024-02-08T03:09:12.706+0100] {logging_mixin.py:188} INFO - [2024-02-08T03:09:12.704+0100] {dagbag.py:538} INFO - Filling up the DagBag from /home/ubuntu/.local/lib/python3.10/site-packages/airflow/example_dags/example_branch_python_dop_operator_3.py
[2024-02-08T03:09:12.722+0100] {processor.py:840} INFO - DAG(s) 'example_branch_dop_operator_v3' retrieved from /home/ubuntu/.local/lib/python3.10/site-packages/airflow/example_dags/example_branch_python_dop_operator_3.py
[2024-02-08T03:09:12.749+0100] {logging_mixin.py:188} INFO - [2024-02-08T03:09:12.748+0100] {dag.py:3033} INFO - Sync 1 DAGs
[2024-02-08T03:09:12.786+0100] {logging_mixin.py:188} INFO - [2024-02-08T03:09:12.785+0100] {dag.py:3820} INFO - Setting next_dagrun for example_branch_dop_operator_v3 to 2024-02-08T02:08:00+00:00, run_after=2024-02-08T02:09:00+00:00
[2024-02-08T03:09:12.837+0100] {processor.py:183} INFO - Processing /home/ubuntu/.local/lib/python3.10/site-packages/airflow/example_dags/example_branch_python_dop_operator_3.py took 0.147 seconds
[2024-02-08T03:10:19.950+0100] {processor.py:161} INFO - Started process (PID=14699) to work on /home/ubuntu/.local/lib/python3.10/site-packages/airflow/example_dags/example_branch_python_dop_operator_3.py
[2024-02-08T03:10:19.955+0100] {processor.py:830} INFO - Processing file /home/ubuntu/.local/lib/python3.10/site-packages/airflow/example_dags/example_branch_python_dop_operator_3.py for tasks to queue
[2024-02-08T03:10:19.956+0100] {logging_mixin.py:188} INFO - [2024-02-08T03:10:19.956+0100] {dagbag.py:538} INFO - Filling up the DagBag from /home/ubuntu/.local/lib/python3.10/site-packages/airflow/example_dags/example_branch_python_dop_operator_3.py
[2024-02-08T03:10:19.974+0100] {processor.py:840} INFO - DAG(s) 'example_branch_dop_operator_v3' retrieved from /home/ubuntu/.local/lib/python3.10/site-packages/airflow/example_dags/example_branch_python_dop_operator_3.py
[2024-02-08T03:10:20.006+0100] {logging_mixin.py:188} INFO - [2024-02-08T03:10:20.005+0100] {dag.py:3033} INFO - Sync 1 DAGs
[2024-02-08T03:10:20.049+0100] {logging_mixin.py:188} INFO - [2024-02-08T03:10:20.049+0100] {dag.py:3820} INFO - Setting next_dagrun for example_branch_dop_operator_v3 to 2024-02-08T02:09:00+00:00, run_after=2024-02-08T02:10:00+00:00
[2024-02-08T03:10:20.104+0100] {processor.py:183} INFO - Processing /home/ubuntu/.local/lib/python3.10/site-packages/airflow/example_dags/example_branch_python_dop_operator_3.py took 0.160 seconds
[2024-02-08T03:11:23.798+0100] {processor.py:161} INFO - Started process (PID=14756) to work on /home/ubuntu/.local/lib/python3.10/site-packages/airflow/example_dags/example_branch_python_dop_operator_3.py
[2024-02-08T03:11:23.803+0100] {processor.py:830} INFO - Processing file /home/ubuntu/.local/lib/python3.10/site-packages/airflow/example_dags/example_branch_python_dop_operator_3.py for tasks to queue
[2024-02-08T03:11:23.806+0100] {logging_mixin.py:188} INFO - [2024-02-08T03:11:23.805+0100] {dagbag.py:538} INFO - Filling up the DagBag from /home/ubuntu/.local/lib/python3.10/site-packages/airflow/example_dags/example_branch_python_dop_operator_3.py
[2024-02-08T03:11:23.823+0100] {processor.py:840} INFO - DAG(s) 'example_branch_dop_operator_v3' retrieved from /home/ubuntu/.local/lib/python3.10/site-packages/airflow/example_dags/example_branch_python_dop_operator_3.py
[2024-02-08T03:11:23.859+0100] {logging_mixin.py:188} INFO - [2024-02-08T03:11:23.858+0100] {dag.py:3033} INFO - Sync 1 DAGs
[2024-02-08T03:11:23.902+0100] {logging_mixin.py:188} INFO - [2024-02-08T03:11:23.901+0100] {dag.py:3820} INFO - Setting next_dagrun for example_branch_dop_operator_v3 to 2024-02-08T02:10:00+00:00, run_after=2024-02-08T02:11:00+00:00
[2024-02-08T03:11:23.943+0100] {processor.py:183} INFO - Processing /home/ubuntu/.local/lib/python3.10/site-packages/airflow/example_dags/example_branch_python_dop_operator_3.py took 0.153 seconds
[2024-02-08T03:12:26.026+0100] {processor.py:161} INFO - Started process (PID=14815) to work on /home/ubuntu/.local/lib/python3.10/site-packages/airflow/example_dags/example_branch_python_dop_operator_3.py
[2024-02-08T03:12:26.031+0100] {processor.py:830} INFO - Processing file /home/ubuntu/.local/lib/python3.10/site-packages/airflow/example_dags/example_branch_python_dop_operator_3.py for tasks to queue
[2024-02-08T03:12:26.032+0100] {logging_mixin.py:188} INFO - [2024-02-08T03:12:26.032+0100] {dagbag.py:538} INFO - Filling up the DagBag from /home/ubuntu/.local/lib/python3.10/site-packages/airflow/example_dags/example_branch_python_dop_operator_3.py
[2024-02-08T03:12:26.047+0100] {processor.py:840} INFO - DAG(s) 'example_branch_dop_operator_v3' retrieved from /home/ubuntu/.local/lib/python3.10/site-packages/airflow/example_dags/example_branch_python_dop_operator_3.py
[2024-02-08T03:12:26.073+0100] {logging_mixin.py:188} INFO - [2024-02-08T03:12:26.073+0100] {dag.py:3033} INFO - Sync 1 DAGs
[2024-02-08T03:12:26.104+0100] {logging_mixin.py:188} INFO - [2024-02-08T03:12:26.103+0100] {dag.py:3820} INFO - Setting next_dagrun for example_branch_dop_operator_v3 to 2024-02-08T02:11:00+00:00, run_after=2024-02-08T02:12:00+00:00
[2024-02-08T03:12:26.152+0100] {processor.py:183} INFO - Processing /home/ubuntu/.local/lib/python3.10/site-packages/airflow/example_dags/example_branch_python_dop_operator_3.py took 0.132 seconds
[2024-02-08T03:13:27.090+0100] {processor.py:161} INFO - Started process (PID=14871) to work on /home/ubuntu/.local/lib/python3.10/site-packages/airflow/example_dags/example_branch_python_dop_operator_3.py
[2024-02-08T03:13:27.094+0100] {processor.py:830} INFO - Processing file /home/ubuntu/.local/lib/python3.10/site-packages/airflow/example_dags/example_branch_python_dop_operator_3.py for tasks to queue
[2024-02-08T03:13:27.097+0100] {logging_mixin.py:188} INFO - [2024-02-08T03:13:27.096+0100] {dagbag.py:538} INFO - Filling up the DagBag from /home/ubuntu/.local/lib/python3.10/site-packages/airflow/example_dags/example_branch_python_dop_operator_3.py
[2024-02-08T03:13:27.110+0100] {processor.py:840} INFO - DAG(s) 'example_branch_dop_operator_v3' retrieved from /home/ubuntu/.local/lib/python3.10/site-packages/airflow/example_dags/example_branch_python_dop_operator_3.py
[2024-02-08T03:13:27.136+0100] {logging_mixin.py:188} INFO - [2024-02-08T03:13:27.136+0100] {dag.py:3033} INFO - Sync 1 DAGs
[2024-02-08T03:13:27.176+0100] {logging_mixin.py:188} INFO - [2024-02-08T03:13:27.176+0100] {dag.py:3820} INFO - Setting next_dagrun for example_branch_dop_operator_v3 to 2024-02-08T02:12:00+00:00, run_after=2024-02-08T02:13:00+00:00
[2024-02-08T03:13:27.225+0100] {processor.py:183} INFO - Processing /home/ubuntu/.local/lib/python3.10/site-packages/airflow/example_dags/example_branch_python_dop_operator_3.py took 0.139 seconds
[2024-02-08T03:14:26.666+0100] {processor.py:161} INFO - Started process (PID=14937) to work on /home/ubuntu/.local/lib/python3.10/site-packages/airflow/example_dags/example_branch_python_dop_operator_3.py
[2024-02-08T03:14:26.669+0100] {processor.py:830} INFO - Processing file /home/ubuntu/.local/lib/python3.10/site-packages/airflow/example_dags/example_branch_python_dop_operator_3.py for tasks to queue
[2024-02-08T03:14:26.672+0100] {logging_mixin.py:188} INFO - [2024-02-08T03:14:26.671+0100] {dagbag.py:538} INFO - Filling up the DagBag from /home/ubuntu/.local/lib/python3.10/site-packages/airflow/example_dags/example_branch_python_dop_operator_3.py
[2024-02-08T03:14:26.689+0100] {processor.py:840} INFO - DAG(s) 'example_branch_dop_operator_v3' retrieved from /home/ubuntu/.local/lib/python3.10/site-packages/airflow/example_dags/example_branch_python_dop_operator_3.py
[2024-02-08T03:14:26.722+0100] {logging_mixin.py:188} INFO - [2024-02-08T03:14:26.722+0100] {dag.py:3033} INFO - Sync 1 DAGs
[2024-02-08T03:14:26.768+0100] {logging_mixin.py:188} INFO - [2024-02-08T03:14:26.767+0100] {dag.py:3820} INFO - Setting next_dagrun for example_branch_dop_operator_v3 to 2024-02-08T02:13:00+00:00, run_after=2024-02-08T02:14:00+00:00
[2024-02-08T03:14:26.828+0100] {processor.py:183} INFO - Processing /home/ubuntu/.local/lib/python3.10/site-packages/airflow/example_dags/example_branch_python_dop_operator_3.py took 0.167 seconds
[2024-02-08T03:15:29.348+0100] {processor.py:161} INFO - Started process (PID=15001) to work on /home/ubuntu/.local/lib/python3.10/site-packages/airflow/example_dags/example_branch_python_dop_operator_3.py
[2024-02-08T03:15:29.354+0100] {processor.py:830} INFO - Processing file /home/ubuntu/.local/lib/python3.10/site-packages/airflow/example_dags/example_branch_python_dop_operator_3.py for tasks to queue
[2024-02-08T03:15:29.356+0100] {logging_mixin.py:188} INFO - [2024-02-08T03:15:29.355+0100] {dagbag.py:538} INFO - Filling up the DagBag from /home/ubuntu/.local/lib/python3.10/site-packages/airflow/example_dags/example_branch_python_dop_operator_3.py
[2024-02-08T03:15:29.376+0100] {processor.py:840} INFO - DAG(s) 'example_branch_dop_operator_v3' retrieved from /home/ubuntu/.local/lib/python3.10/site-packages/airflow/example_dags/example_branch_python_dop_operator_3.py
[2024-02-08T03:15:29.401+0100] {logging_mixin.py:188} INFO - [2024-02-08T03:15:29.401+0100] {dag.py:3033} INFO - Sync 1 DAGs
[2024-02-08T03:15:29.434+0100] {logging_mixin.py:188} INFO - [2024-02-08T03:15:29.434+0100] {dag.py:3820} INFO - Setting next_dagrun for example_branch_dop_operator_v3 to 2024-02-08T02:14:00+00:00, run_after=2024-02-08T02:15:00+00:00
[2024-02-08T03:15:29.482+0100] {processor.py:183} INFO - Processing /home/ubuntu/.local/lib/python3.10/site-packages/airflow/example_dags/example_branch_python_dop_operator_3.py took 0.140 seconds
[2024-02-08T03:16:30.911+0100] {processor.py:161} INFO - Started process (PID=15057) to work on /home/ubuntu/.local/lib/python3.10/site-packages/airflow/example_dags/example_branch_python_dop_operator_3.py
[2024-02-08T03:16:30.917+0100] {processor.py:830} INFO - Processing file /home/ubuntu/.local/lib/python3.10/site-packages/airflow/example_dags/example_branch_python_dop_operator_3.py for tasks to queue
[2024-02-08T03:16:30.919+0100] {logging_mixin.py:188} INFO - [2024-02-08T03:16:30.918+0100] {dagbag.py:538} INFO - Filling up the DagBag from /home/ubuntu/.local/lib/python3.10/site-packages/airflow/example_dags/example_branch_python_dop_operator_3.py
[2024-02-08T03:16:30.936+0100] {processor.py:840} INFO - DAG(s) 'example_branch_dop_operator_v3' retrieved from /home/ubuntu/.local/lib/python3.10/site-packages/airflow/example_dags/example_branch_python_dop_operator_3.py
[2024-02-08T03:16:30.968+0100] {logging_mixin.py:188} INFO - [2024-02-08T03:16:30.968+0100] {dag.py:3033} INFO - Sync 1 DAGs
[2024-02-08T03:16:31.010+0100] {logging_mixin.py:188} INFO - [2024-02-08T03:16:31.010+0100] {dag.py:3820} INFO - Setting next_dagrun for example_branch_dop_operator_v3 to 2024-02-08T02:15:00+00:00, run_after=2024-02-08T02:16:00+00:00
[2024-02-08T03:16:31.071+0100] {processor.py:183} INFO - Processing /home/ubuntu/.local/lib/python3.10/site-packages/airflow/example_dags/example_branch_python_dop_operator_3.py took 0.166 seconds
[2024-02-08T03:17:27.280+0100] {processor.py:161} INFO - Started process (PID=15115) to work on /home/ubuntu/.local/lib/python3.10/site-packages/airflow/example_dags/example_branch_python_dop_operator_3.py
[2024-02-08T03:17:27.283+0100] {processor.py:830} INFO - Processing file /home/ubuntu/.local/lib/python3.10/site-packages/airflow/example_dags/example_branch_python_dop_operator_3.py for tasks to queue
[2024-02-08T03:17:27.284+0100] {logging_mixin.py:188} INFO - [2024-02-08T03:17:27.284+0100] {dagbag.py:538} INFO - Filling up the DagBag from /home/ubuntu/.local/lib/python3.10/site-packages/airflow/example_dags/example_branch_python_dop_operator_3.py
[2024-02-08T03:17:27.302+0100] {processor.py:840} INFO - DAG(s) 'example_branch_dop_operator_v3' retrieved from /home/ubuntu/.local/lib/python3.10/site-packages/airflow/example_dags/example_branch_python_dop_operator_3.py
[2024-02-08T03:17:27.334+0100] {logging_mixin.py:188} INFO - [2024-02-08T03:17:27.334+0100] {dag.py:3033} INFO - Sync 1 DAGs
[2024-02-08T03:17:27.379+0100] {logging_mixin.py:188} INFO - [2024-02-08T03:17:27.378+0100] {dag.py:3820} INFO - Setting next_dagrun for example_branch_dop_operator_v3 to 2024-02-08T02:16:00+00:00, run_after=2024-02-08T02:17:00+00:00
[2024-02-08T03:17:27.433+0100] {processor.py:183} INFO - Processing /home/ubuntu/.local/lib/python3.10/site-packages/airflow/example_dags/example_branch_python_dop_operator_3.py took 0.161 seconds
[2024-02-08T03:18:26.108+0100] {processor.py:161} INFO - Started process (PID=15170) to work on /home/ubuntu/.local/lib/python3.10/site-packages/airflow/example_dags/example_branch_python_dop_operator_3.py
[2024-02-08T03:18:26.112+0100] {processor.py:830} INFO - Processing file /home/ubuntu/.local/lib/python3.10/site-packages/airflow/example_dags/example_branch_python_dop_operator_3.py for tasks to queue
[2024-02-08T03:18:26.113+0100] {logging_mixin.py:188} INFO - [2024-02-08T03:18:26.112+0100] {dagbag.py:538} INFO - Filling up the DagBag from /home/ubuntu/.local/lib/python3.10/site-packages/airflow/example_dags/example_branch_python_dop_operator_3.py
[2024-02-08T03:18:26.135+0100] {processor.py:840} INFO - DAG(s) 'example_branch_dop_operator_v3' retrieved from /home/ubuntu/.local/lib/python3.10/site-packages/airflow/example_dags/example_branch_python_dop_operator_3.py
[2024-02-08T03:18:26.178+0100] {logging_mixin.py:188} INFO - [2024-02-08T03:18:26.178+0100] {dag.py:3033} INFO - Sync 1 DAGs
[2024-02-08T03:18:26.216+0100] {logging_mixin.py:188} INFO - [2024-02-08T03:18:26.216+0100] {dag.py:3820} INFO - Setting next_dagrun for example_branch_dop_operator_v3 to 2024-02-08T02:17:00+00:00, run_after=2024-02-08T02:18:00+00:00
[2024-02-08T03:18:26.270+0100] {processor.py:183} INFO - Processing /home/ubuntu/.local/lib/python3.10/site-packages/airflow/example_dags/example_branch_python_dop_operator_3.py took 0.166 seconds
[2024-02-08T03:19:32.511+0100] {processor.py:161} INFO - Started process (PID=15285) to work on /home/ubuntu/.local/lib/python3.10/site-packages/airflow/example_dags/example_branch_python_dop_operator_3.py
[2024-02-08T03:19:32.517+0100] {processor.py:830} INFO - Processing file /home/ubuntu/.local/lib/python3.10/site-packages/airflow/example_dags/example_branch_python_dop_operator_3.py for tasks to queue
[2024-02-08T03:19:32.520+0100] {logging_mixin.py:188} INFO - [2024-02-08T03:19:32.519+0100] {dagbag.py:538} INFO - Filling up the DagBag from /home/ubuntu/.local/lib/python3.10/site-packages/airflow/example_dags/example_branch_python_dop_operator_3.py
[2024-02-08T03:19:32.542+0100] {processor.py:840} INFO - DAG(s) 'example_branch_dop_operator_v3' retrieved from /home/ubuntu/.local/lib/python3.10/site-packages/airflow/example_dags/example_branch_python_dop_operator_3.py
[2024-02-08T03:19:32.573+0100] {logging_mixin.py:188} INFO - [2024-02-08T03:19:32.573+0100] {dag.py:3033} INFO - Sync 1 DAGs
[2024-02-08T03:19:32.616+0100] {logging_mixin.py:188} INFO - [2024-02-08T03:19:32.615+0100] {dag.py:3820} INFO - Setting next_dagrun for example_branch_dop_operator_v3 to 2024-02-08T02:18:00+00:00, run_after=2024-02-08T02:19:00+00:00
[2024-02-08T03:19:32.668+0100] {processor.py:183} INFO - Processing /home/ubuntu/.local/lib/python3.10/site-packages/airflow/example_dags/example_branch_python_dop_operator_3.py took 0.163 seconds
[2024-02-08T03:20:43.867+0100] {processor.py:161} INFO - Started process (PID=15355) to work on /home/ubuntu/.local/lib/python3.10/site-packages/airflow/example_dags/example_branch_python_dop_operator_3.py
[2024-02-08T03:20:43.875+0100] {processor.py:830} INFO - Processing file /home/ubuntu/.local/lib/python3.10/site-packages/airflow/example_dags/example_branch_python_dop_operator_3.py for tasks to queue
[2024-02-08T03:20:43.878+0100] {logging_mixin.py:188} INFO - [2024-02-08T03:20:43.877+0100] {dagbag.py:538} INFO - Filling up the DagBag from /home/ubuntu/.local/lib/python3.10/site-packages/airflow/example_dags/example_branch_python_dop_operator_3.py
[2024-02-08T03:20:43.895+0100] {processor.py:840} INFO - DAG(s) 'example_branch_dop_operator_v3' retrieved from /home/ubuntu/.local/lib/python3.10/site-packages/airflow/example_dags/example_branch_python_dop_operator_3.py
[2024-02-08T03:20:43.919+0100] {logging_mixin.py:188} INFO - [2024-02-08T03:20:43.919+0100] {dag.py:3033} INFO - Sync 1 DAGs
[2024-02-08T03:20:43.953+0100] {logging_mixin.py:188} INFO - [2024-02-08T03:20:43.953+0100] {dag.py:3820} INFO - Setting next_dagrun for example_branch_dop_operator_v3 to 2024-02-08T02:19:00+00:00, run_after=2024-02-08T02:20:00+00:00
[2024-02-08T03:20:44.002+0100] {processor.py:183} INFO - Processing /home/ubuntu/.local/lib/python3.10/site-packages/airflow/example_dags/example_branch_python_dop_operator_3.py took 0.139 seconds
[2024-02-08T03:21:53.319+0100] {processor.py:161} INFO - Started process (PID=15414) to work on /home/ubuntu/.local/lib/python3.10/site-packages/airflow/example_dags/example_branch_python_dop_operator_3.py
[2024-02-08T03:21:53.323+0100] {processor.py:830} INFO - Processing file /home/ubuntu/.local/lib/python3.10/site-packages/airflow/example_dags/example_branch_python_dop_operator_3.py for tasks to queue
[2024-02-08T03:21:53.324+0100] {logging_mixin.py:188} INFO - [2024-02-08T03:21:53.324+0100] {dagbag.py:538} INFO - Filling up the DagBag from /home/ubuntu/.local/lib/python3.10/site-packages/airflow/example_dags/example_branch_python_dop_operator_3.py
[2024-02-08T03:21:53.339+0100] {processor.py:840} INFO - DAG(s) 'example_branch_dop_operator_v3' retrieved from /home/ubuntu/.local/lib/python3.10/site-packages/airflow/example_dags/example_branch_python_dop_operator_3.py
[2024-02-08T03:21:53.363+0100] {logging_mixin.py:188} INFO - [2024-02-08T03:21:53.363+0100] {dag.py:3033} INFO - Sync 1 DAGs
[2024-02-08T03:21:53.401+0100] {logging_mixin.py:188} INFO - [2024-02-08T03:21:53.401+0100] {dag.py:3820} INFO - Setting next_dagrun for example_branch_dop_operator_v3 to 2024-02-08T02:20:00+00:00, run_after=2024-02-08T02:21:00+00:00
[2024-02-08T03:21:53.483+0100] {processor.py:183} INFO - Processing /home/ubuntu/.local/lib/python3.10/site-packages/airflow/example_dags/example_branch_python_dop_operator_3.py took 0.169 seconds
[2024-02-08T03:22:55.281+0100] {processor.py:161} INFO - Started process (PID=15471) to work on /home/ubuntu/.local/lib/python3.10/site-packages/airflow/example_dags/example_branch_python_dop_operator_3.py
[2024-02-08T03:22:55.285+0100] {processor.py:830} INFO - Processing file /home/ubuntu/.local/lib/python3.10/site-packages/airflow/example_dags/example_branch_python_dop_operator_3.py for tasks to queue
[2024-02-08T03:22:55.287+0100] {logging_mixin.py:188} INFO - [2024-02-08T03:22:55.286+0100] {dagbag.py:538} INFO - Filling up the DagBag from /home/ubuntu/.local/lib/python3.10/site-packages/airflow/example_dags/example_branch_python_dop_operator_3.py
[2024-02-08T03:22:55.302+0100] {processor.py:840} INFO - DAG(s) 'example_branch_dop_operator_v3' retrieved from /home/ubuntu/.local/lib/python3.10/site-packages/airflow/example_dags/example_branch_python_dop_operator_3.py
[2024-02-08T03:22:55.325+0100] {logging_mixin.py:188} INFO - [2024-02-08T03:22:55.325+0100] {dag.py:3033} INFO - Sync 1 DAGs
[2024-02-08T03:22:55.358+0100] {logging_mixin.py:188} INFO - [2024-02-08T03:22:55.358+0100] {dag.py:3820} INFO - Setting next_dagrun for example_branch_dop_operator_v3 to 2024-02-08T02:21:00+00:00, run_after=2024-02-08T02:22:00+00:00
[2024-02-08T03:22:55.399+0100] {processor.py:183} INFO - Processing /home/ubuntu/.local/lib/python3.10/site-packages/airflow/example_dags/example_branch_python_dop_operator_3.py took 0.123 seconds
[2024-02-08T03:24:16.604+0100] {processor.py:161} INFO - Started process (PID=15569) to work on /home/ubuntu/.local/lib/python3.10/site-packages/airflow/example_dags/example_branch_python_dop_operator_3.py
[2024-02-08T03:24:16.766+0100] {processor.py:830} INFO - Processing file /home/ubuntu/.local/lib/python3.10/site-packages/airflow/example_dags/example_branch_python_dop_operator_3.py for tasks to queue
[2024-02-08T03:24:16.771+0100] {logging_mixin.py:188} INFO - [2024-02-08T03:24:16.771+0100] {dagbag.py:538} INFO - Filling up the DagBag from /home/ubuntu/.local/lib/python3.10/site-packages/airflow/example_dags/example_branch_python_dop_operator_3.py
[2024-02-08T03:24:16.855+0100] {processor.py:840} INFO - DAG(s) 'example_branch_dop_operator_v3' retrieved from /home/ubuntu/.local/lib/python3.10/site-packages/airflow/example_dags/example_branch_python_dop_operator_3.py
[2024-02-08T03:24:17.099+0100] {logging_mixin.py:188} INFO - [2024-02-08T03:24:17.098+0100] {dag.py:3033} INFO - Sync 1 DAGs
[2024-02-08T03:24:17.147+0100] {logging_mixin.py:188} INFO - [2024-02-08T03:24:17.146+0100] {dag.py:3820} INFO - Setting next_dagrun for example_branch_dop_operator_v3 to 2024-02-08T02:23:00+00:00, run_after=2024-02-08T02:24:00+00:00
[2024-02-08T03:24:17.196+0100] {processor.py:183} INFO - Processing /home/ubuntu/.local/lib/python3.10/site-packages/airflow/example_dags/example_branch_python_dop_operator_3.py took 0.609 seconds
