[2024-02-08T02:46:23.300+0100] {processor.py:161} INFO - Started process (PID=12336) to work on /home/ubuntu/.local/lib/python3.10/site-packages/airflow/example_dags/example_subdag_operator.py
[2024-02-08T02:46:23.302+0100] {processor.py:830} INFO - Processing file /home/ubuntu/.local/lib/python3.10/site-packages/airflow/example_dags/example_subdag_operator.py for tasks to queue
[2024-02-08T02:46:23.305+0100] {logging_mixin.py:188} INFO - [2024-02-08T02:46:23.303+0100] {dagbag.py:538} INFO - Filling up the DagBag from /home/ubuntu/.local/lib/python3.10/site-packages/airflow/example_dags/example_subdag_operator.py
[2024-02-08T02:46:23.374+0100] {processor.py:840} INFO - DAG(s) 'example_subdag_operator.section-1', 'example_subdag_operator.section-2', 'example_subdag_operator' retrieved from /home/ubuntu/.local/lib/python3.10/site-packages/airflow/example_dags/example_subdag_operator.py
[2024-02-08T02:46:24.679+0100] {logging_mixin.py:188} INFO - [2024-02-08T02:46:24.678+0100] {dag.py:3033} INFO - Sync 3 DAGs
[2024-02-08T02:46:24.861+0100] {logging_mixin.py:188} INFO - [2024-02-08T02:46:24.857+0100] {dag.py:3820} INFO - Setting next_dagrun for example_subdag_operator to 2022-01-01T00:00:00+00:00, run_after=2022-01-01T00:00:00+00:00
[2024-02-08T02:46:24.904+0100] {logging_mixin.py:188} INFO - [2024-02-08T02:46:24.904+0100] {dag.py:3820} INFO - Setting next_dagrun for example_subdag_operator.section-1 to None, run_after=None
[2024-02-08T02:46:24.907+0100] {logging_mixin.py:188} INFO - [2024-02-08T02:46:24.906+0100] {dag.py:3820} INFO - Setting next_dagrun for example_subdag_operator.section-2 to None, run_after=None
[2024-02-08T02:46:24.953+0100] {logging_mixin.py:188} INFO - [2024-02-08T02:46:24.952+0100] {dag.py:3033} INFO - Sync 2 DAGs
[2024-02-08T02:46:24.957+0100] {logging_mixin.py:188} INFO - [2024-02-08T02:46:24.957+0100] {dag.py:3820} INFO - Setting next_dagrun for example_subdag_operator.section-1 to None, run_after=None
[2024-02-08T02:46:24.958+0100] {logging_mixin.py:188} INFO - [2024-02-08T02:46:24.958+0100] {dag.py:3820} INFO - Setting next_dagrun for example_subdag_operator.section-2 to None, run_after=None
[2024-02-08T02:46:25.110+0100] {processor.py:183} INFO - Processing /home/ubuntu/.local/lib/python3.10/site-packages/airflow/example_dags/example_subdag_operator.py took 1.826 seconds
[2024-02-08T02:48:06.831+0100] {processor.py:161} INFO - Started process (PID=12465) to work on /home/ubuntu/.local/lib/python3.10/site-packages/airflow/example_dags/example_subdag_operator.py
[2024-02-08T02:48:06.836+0100] {processor.py:830} INFO - Processing file /home/ubuntu/.local/lib/python3.10/site-packages/airflow/example_dags/example_subdag_operator.py for tasks to queue
[2024-02-08T02:48:06.837+0100] {logging_mixin.py:188} INFO - [2024-02-08T02:48:06.836+0100] {dagbag.py:538} INFO - Filling up the DagBag from /home/ubuntu/.local/lib/python3.10/site-packages/airflow/example_dags/example_subdag_operator.py
[2024-02-08T02:48:06.876+0100] {processor.py:840} INFO - DAG(s) 'example_subdag_operator.section-1', 'example_subdag_operator.section-2', 'example_subdag_operator' retrieved from /home/ubuntu/.local/lib/python3.10/site-packages/airflow/example_dags/example_subdag_operator.py
[2024-02-08T02:48:06.903+0100] {logging_mixin.py:188} INFO - [2024-02-08T02:48:06.902+0100] {dag.py:3033} INFO - Sync 3 DAGs
[2024-02-08T02:48:06.930+0100] {logging_mixin.py:188} INFO - [2024-02-08T02:48:06.930+0100] {dag.py:3820} INFO - Setting next_dagrun for example_subdag_operator to 2022-01-01T00:00:00+00:00, run_after=2022-01-01T00:00:00+00:00
[2024-02-08T02:48:06.934+0100] {logging_mixin.py:188} INFO - [2024-02-08T02:48:06.934+0100] {dag.py:3820} INFO - Setting next_dagrun for example_subdag_operator.section-1 to None, run_after=None
[2024-02-08T02:48:06.936+0100] {logging_mixin.py:188} INFO - [2024-02-08T02:48:06.936+0100] {dag.py:3820} INFO - Setting next_dagrun for example_subdag_operator.section-2 to None, run_after=None
[2024-02-08T02:48:06.945+0100] {logging_mixin.py:188} INFO - [2024-02-08T02:48:06.945+0100] {dag.py:3033} INFO - Sync 2 DAGs
[2024-02-08T02:48:06.952+0100] {logging_mixin.py:188} INFO - [2024-02-08T02:48:06.951+0100] {dag.py:3820} INFO - Setting next_dagrun for example_subdag_operator.section-1 to None, run_after=None
[2024-02-08T02:48:06.952+0100] {logging_mixin.py:188} INFO - [2024-02-08T02:48:06.952+0100] {dag.py:3820} INFO - Setting next_dagrun for example_subdag_operator.section-2 to None, run_after=None
[2024-02-08T02:48:06.986+0100] {processor.py:183} INFO - Processing /home/ubuntu/.local/lib/python3.10/site-packages/airflow/example_dags/example_subdag_operator.py took 0.172 seconds
[2024-02-08T02:49:03.469+0100] {processor.py:161} INFO - Started process (PID=13073) to work on /home/ubuntu/.local/lib/python3.10/site-packages/airflow/example_dags/example_subdag_operator.py
[2024-02-08T02:49:03.485+0100] {processor.py:830} INFO - Processing file /home/ubuntu/.local/lib/python3.10/site-packages/airflow/example_dags/example_subdag_operator.py for tasks to queue
[2024-02-08T02:49:03.486+0100] {logging_mixin.py:188} INFO - [2024-02-08T02:49:03.486+0100] {dagbag.py:538} INFO - Filling up the DagBag from /home/ubuntu/.local/lib/python3.10/site-packages/airflow/example_dags/example_subdag_operator.py
[2024-02-08T02:49:03.514+0100] {processor.py:840} INFO - DAG(s) 'example_subdag_operator.section-1', 'example_subdag_operator.section-2', 'example_subdag_operator' retrieved from /home/ubuntu/.local/lib/python3.10/site-packages/airflow/example_dags/example_subdag_operator.py
[2024-02-08T02:49:03.533+0100] {logging_mixin.py:188} INFO - [2024-02-08T02:49:03.533+0100] {dag.py:3033} INFO - Sync 3 DAGs
[2024-02-08T02:49:03.556+0100] {logging_mixin.py:188} INFO - [2024-02-08T02:49:03.555+0100] {dag.py:3820} INFO - Setting next_dagrun for example_subdag_operator to 2022-01-01T00:00:00+00:00, run_after=2022-01-01T00:00:00+00:00
[2024-02-08T02:49:03.559+0100] {logging_mixin.py:188} INFO - [2024-02-08T02:49:03.559+0100] {dag.py:3820} INFO - Setting next_dagrun for example_subdag_operator.section-1 to None, run_after=None
[2024-02-08T02:49:03.560+0100] {logging_mixin.py:188} INFO - [2024-02-08T02:49:03.560+0100] {dag.py:3820} INFO - Setting next_dagrun for example_subdag_operator.section-2 to None, run_after=None
[2024-02-08T02:49:03.567+0100] {logging_mixin.py:188} INFO - [2024-02-08T02:49:03.566+0100] {dag.py:3033} INFO - Sync 2 DAGs
[2024-02-08T02:49:03.571+0100] {logging_mixin.py:188} INFO - [2024-02-08T02:49:03.571+0100] {dag.py:3820} INFO - Setting next_dagrun for example_subdag_operator.section-1 to None, run_after=None
[2024-02-08T02:49:03.571+0100] {logging_mixin.py:188} INFO - [2024-02-08T02:49:03.571+0100] {dag.py:3820} INFO - Setting next_dagrun for example_subdag_operator.section-2 to None, run_after=None
[2024-02-08T02:49:03.654+0100] {processor.py:183} INFO - Processing /home/ubuntu/.local/lib/python3.10/site-packages/airflow/example_dags/example_subdag_operator.py took 0.190 seconds
[2024-02-08T02:50:04.140+0100] {processor.py:161} INFO - Started process (PID=13126) to work on /home/ubuntu/.local/lib/python3.10/site-packages/airflow/example_dags/example_subdag_operator.py
[2024-02-08T02:50:04.143+0100] {processor.py:830} INFO - Processing file /home/ubuntu/.local/lib/python3.10/site-packages/airflow/example_dags/example_subdag_operator.py for tasks to queue
[2024-02-08T02:50:04.144+0100] {logging_mixin.py:188} INFO - [2024-02-08T02:50:04.144+0100] {dagbag.py:538} INFO - Filling up the DagBag from /home/ubuntu/.local/lib/python3.10/site-packages/airflow/example_dags/example_subdag_operator.py
[2024-02-08T02:50:04.195+0100] {processor.py:840} INFO - DAG(s) 'example_subdag_operator.section-1', 'example_subdag_operator.section-2', 'example_subdag_operator' retrieved from /home/ubuntu/.local/lib/python3.10/site-packages/airflow/example_dags/example_subdag_operator.py
[2024-02-08T02:50:04.227+0100] {logging_mixin.py:188} INFO - [2024-02-08T02:50:04.226+0100] {dag.py:3033} INFO - Sync 3 DAGs
[2024-02-08T02:50:04.250+0100] {logging_mixin.py:188} INFO - [2024-02-08T02:50:04.250+0100] {dag.py:3820} INFO - Setting next_dagrun for example_subdag_operator to 2022-01-01T00:00:00+00:00, run_after=2022-01-01T00:00:00+00:00
[2024-02-08T02:50:04.253+0100] {logging_mixin.py:188} INFO - [2024-02-08T02:50:04.253+0100] {dag.py:3820} INFO - Setting next_dagrun for example_subdag_operator.section-1 to None, run_after=None
[2024-02-08T02:50:04.255+0100] {logging_mixin.py:188} INFO - [2024-02-08T02:50:04.254+0100] {dag.py:3820} INFO - Setting next_dagrun for example_subdag_operator.section-2 to None, run_after=None
[2024-02-08T02:50:04.263+0100] {logging_mixin.py:188} INFO - [2024-02-08T02:50:04.263+0100] {dag.py:3033} INFO - Sync 2 DAGs
[2024-02-08T02:50:04.274+0100] {logging_mixin.py:188} INFO - [2024-02-08T02:50:04.273+0100] {dag.py:3820} INFO - Setting next_dagrun for example_subdag_operator.section-1 to None, run_after=None
[2024-02-08T02:50:04.274+0100] {logging_mixin.py:188} INFO - [2024-02-08T02:50:04.274+0100] {dag.py:3820} INFO - Setting next_dagrun for example_subdag_operator.section-2 to None, run_after=None
[2024-02-08T02:50:04.356+0100] {processor.py:183} INFO - Processing /home/ubuntu/.local/lib/python3.10/site-packages/airflow/example_dags/example_subdag_operator.py took 0.220 seconds
[2024-02-08T02:50:51.309+0100] {processor.py:161} INFO - Started process (PID=13644) to work on /home/ubuntu/.local/lib/python3.10/site-packages/airflow/example_dags/example_subdag_operator.py
[2024-02-08T02:50:51.312+0100] {processor.py:830} INFO - Processing file /home/ubuntu/.local/lib/python3.10/site-packages/airflow/example_dags/example_subdag_operator.py for tasks to queue
[2024-02-08T02:50:51.313+0100] {logging_mixin.py:188} INFO - [2024-02-08T02:50:51.313+0100] {dagbag.py:538} INFO - Filling up the DagBag from /home/ubuntu/.local/lib/python3.10/site-packages/airflow/example_dags/example_subdag_operator.py
[2024-02-08T02:50:51.361+0100] {processor.py:840} INFO - DAG(s) 'example_subdag_operator.section-1', 'example_subdag_operator.section-2', 'example_subdag_operator' retrieved from /home/ubuntu/.local/lib/python3.10/site-packages/airflow/example_dags/example_subdag_operator.py
[2024-02-08T02:50:51.392+0100] {logging_mixin.py:188} INFO - [2024-02-08T02:50:51.392+0100] {dag.py:3033} INFO - Sync 3 DAGs
[2024-02-08T02:50:51.416+0100] {logging_mixin.py:188} INFO - [2024-02-08T02:50:51.416+0100] {dag.py:3820} INFO - Setting next_dagrun for example_subdag_operator to 2022-01-01T00:00:00+00:00, run_after=2022-01-01T00:00:00+00:00
[2024-02-08T02:50:51.425+0100] {logging_mixin.py:188} INFO - [2024-02-08T02:50:51.425+0100] {dag.py:3820} INFO - Setting next_dagrun for example_subdag_operator.section-1 to None, run_after=None
[2024-02-08T02:50:51.428+0100] {logging_mixin.py:188} INFO - [2024-02-08T02:50:51.427+0100] {dag.py:3820} INFO - Setting next_dagrun for example_subdag_operator.section-2 to None, run_after=None
[2024-02-08T02:50:51.438+0100] {logging_mixin.py:188} INFO - [2024-02-08T02:50:51.437+0100] {dag.py:3033} INFO - Sync 2 DAGs
[2024-02-08T02:50:51.442+0100] {logging_mixin.py:188} INFO - [2024-02-08T02:50:51.442+0100] {dag.py:3820} INFO - Setting next_dagrun for example_subdag_operator.section-1 to None, run_after=None
[2024-02-08T02:50:51.443+0100] {logging_mixin.py:188} INFO - [2024-02-08T02:50:51.442+0100] {dag.py:3820} INFO - Setting next_dagrun for example_subdag_operator.section-2 to None, run_after=None
[2024-02-08T02:50:51.471+0100] {processor.py:183} INFO - Processing /home/ubuntu/.local/lib/python3.10/site-packages/airflow/example_dags/example_subdag_operator.py took 0.167 seconds
[2024-02-08T02:51:32.148+0100] {processor.py:161} INFO - Started process (PID=13680) to work on /home/ubuntu/.local/lib/python3.10/site-packages/airflow/example_dags/example_subdag_operator.py
[2024-02-08T02:51:32.151+0100] {processor.py:830} INFO - Processing file /home/ubuntu/.local/lib/python3.10/site-packages/airflow/example_dags/example_subdag_operator.py for tasks to queue
[2024-02-08T02:51:32.153+0100] {logging_mixin.py:188} INFO - [2024-02-08T02:51:32.152+0100] {dagbag.py:538} INFO - Filling up the DagBag from /home/ubuntu/.local/lib/python3.10/site-packages/airflow/example_dags/example_subdag_operator.py
[2024-02-08T02:51:32.185+0100] {processor.py:840} INFO - DAG(s) 'example_subdag_operator.section-1', 'example_subdag_operator.section-2', 'example_subdag_operator' retrieved from /home/ubuntu/.local/lib/python3.10/site-packages/airflow/example_dags/example_subdag_operator.py
[2024-02-08T02:51:32.209+0100] {logging_mixin.py:188} INFO - [2024-02-08T02:51:32.209+0100] {dag.py:3033} INFO - Sync 3 DAGs
[2024-02-08T02:51:32.237+0100] {logging_mixin.py:188} INFO - [2024-02-08T02:51:32.237+0100] {dag.py:3820} INFO - Setting next_dagrun for example_subdag_operator to 2022-01-01T00:00:00+00:00, run_after=2022-01-01T00:00:00+00:00
[2024-02-08T02:51:32.241+0100] {logging_mixin.py:188} INFO - [2024-02-08T02:51:32.241+0100] {dag.py:3820} INFO - Setting next_dagrun for example_subdag_operator.section-1 to None, run_after=None
[2024-02-08T02:51:32.242+0100] {logging_mixin.py:188} INFO - [2024-02-08T02:51:32.242+0100] {dag.py:3820} INFO - Setting next_dagrun for example_subdag_operator.section-2 to None, run_after=None
[2024-02-08T02:51:32.251+0100] {logging_mixin.py:188} INFO - [2024-02-08T02:51:32.251+0100] {dag.py:3033} INFO - Sync 2 DAGs
[2024-02-08T02:51:32.257+0100] {logging_mixin.py:188} INFO - [2024-02-08T02:51:32.257+0100] {dag.py:3820} INFO - Setting next_dagrun for example_subdag_operator.section-1 to None, run_after=None
[2024-02-08T02:51:32.258+0100] {logging_mixin.py:188} INFO - [2024-02-08T02:51:32.257+0100] {dag.py:3820} INFO - Setting next_dagrun for example_subdag_operator.section-2 to None, run_after=None
[2024-02-08T02:51:32.286+0100] {processor.py:183} INFO - Processing /home/ubuntu/.local/lib/python3.10/site-packages/airflow/example_dags/example_subdag_operator.py took 0.144 seconds
[2024-02-08T02:53:08.847+0100] {processor.py:161} INFO - Started process (PID=13798) to work on /home/ubuntu/.local/lib/python3.10/site-packages/airflow/example_dags/example_subdag_operator.py
[2024-02-08T02:53:08.850+0100] {processor.py:830} INFO - Processing file /home/ubuntu/.local/lib/python3.10/site-packages/airflow/example_dags/example_subdag_operator.py for tasks to queue
[2024-02-08T02:53:08.853+0100] {logging_mixin.py:188} INFO - [2024-02-08T02:53:08.852+0100] {dagbag.py:538} INFO - Filling up the DagBag from /home/ubuntu/.local/lib/python3.10/site-packages/airflow/example_dags/example_subdag_operator.py
[2024-02-08T02:53:08.922+0100] {processor.py:840} INFO - DAG(s) 'example_subdag_operator.section-1', 'example_subdag_operator.section-2', 'example_subdag_operator' retrieved from /home/ubuntu/.local/lib/python3.10/site-packages/airflow/example_dags/example_subdag_operator.py
[2024-02-08T02:53:08.947+0100] {logging_mixin.py:188} INFO - [2024-02-08T02:53:08.946+0100] {dag.py:3033} INFO - Sync 3 DAGs
[2024-02-08T02:53:08.975+0100] {logging_mixin.py:188} INFO - [2024-02-08T02:53:08.975+0100] {dag.py:3820} INFO - Setting next_dagrun for example_subdag_operator to 2022-01-01T00:00:00+00:00, run_after=2022-01-01T00:00:00+00:00
[2024-02-08T02:53:08.980+0100] {logging_mixin.py:188} INFO - [2024-02-08T02:53:08.979+0100] {dag.py:3820} INFO - Setting next_dagrun for example_subdag_operator.section-1 to None, run_after=None
[2024-02-08T02:53:08.981+0100] {logging_mixin.py:188} INFO - [2024-02-08T02:53:08.981+0100] {dag.py:3820} INFO - Setting next_dagrun for example_subdag_operator.section-2 to None, run_after=None
[2024-02-08T02:53:08.989+0100] {logging_mixin.py:188} INFO - [2024-02-08T02:53:08.989+0100] {dag.py:3033} INFO - Sync 2 DAGs
[2024-02-08T02:53:08.995+0100] {logging_mixin.py:188} INFO - [2024-02-08T02:53:08.995+0100] {dag.py:3820} INFO - Setting next_dagrun for example_subdag_operator.section-1 to None, run_after=None
[2024-02-08T02:53:08.995+0100] {logging_mixin.py:188} INFO - [2024-02-08T02:53:08.995+0100] {dag.py:3820} INFO - Setting next_dagrun for example_subdag_operator.section-2 to None, run_after=None
[2024-02-08T02:53:09.025+0100] {processor.py:183} INFO - Processing /home/ubuntu/.local/lib/python3.10/site-packages/airflow/example_dags/example_subdag_operator.py took 0.181 seconds
[2024-02-08T02:56:24.406+0100] {processor.py:161} INFO - Started process (PID=13920) to work on /home/ubuntu/.local/lib/python3.10/site-packages/airflow/example_dags/example_subdag_operator.py
[2024-02-08T02:56:24.430+0100] {processor.py:830} INFO - Processing file /home/ubuntu/.local/lib/python3.10/site-packages/airflow/example_dags/example_subdag_operator.py for tasks to queue
[2024-02-08T02:56:24.434+0100] {logging_mixin.py:188} INFO - [2024-02-08T02:56:24.433+0100] {dagbag.py:538} INFO - Filling up the DagBag from /home/ubuntu/.local/lib/python3.10/site-packages/airflow/example_dags/example_subdag_operator.py
[2024-02-08T02:56:24.501+0100] {processor.py:840} INFO - DAG(s) 'example_subdag_operator.section-1', 'example_subdag_operator.section-2', 'example_subdag_operator' retrieved from /home/ubuntu/.local/lib/python3.10/site-packages/airflow/example_dags/example_subdag_operator.py
[2024-02-08T02:56:24.568+0100] {logging_mixin.py:188} INFO - [2024-02-08T02:56:24.568+0100] {dag.py:3033} INFO - Sync 3 DAGs
[2024-02-08T02:56:24.651+0100] {logging_mixin.py:188} INFO - [2024-02-08T02:56:24.650+0100] {dag.py:3820} INFO - Setting next_dagrun for example_subdag_operator to 2022-01-01T00:00:00+00:00, run_after=2022-01-01T00:00:00+00:00
[2024-02-08T02:56:24.661+0100] {logging_mixin.py:188} INFO - [2024-02-08T02:56:24.661+0100] {dag.py:3820} INFO - Setting next_dagrun for example_subdag_operator.section-1 to None, run_after=None
[2024-02-08T02:56:24.664+0100] {logging_mixin.py:188} INFO - [2024-02-08T02:56:24.663+0100] {dag.py:3820} INFO - Setting next_dagrun for example_subdag_operator.section-2 to None, run_after=None
[2024-02-08T02:56:24.689+0100] {logging_mixin.py:188} INFO - [2024-02-08T02:56:24.689+0100] {dag.py:3033} INFO - Sync 2 DAGs
[2024-02-08T02:56:24.709+0100] {logging_mixin.py:188} INFO - [2024-02-08T02:56:24.709+0100] {dag.py:3820} INFO - Setting next_dagrun for example_subdag_operator.section-1 to None, run_after=None
[2024-02-08T02:56:24.709+0100] {logging_mixin.py:188} INFO - [2024-02-08T02:56:24.709+0100] {dag.py:3820} INFO - Setting next_dagrun for example_subdag_operator.section-2 to None, run_after=None
[2024-02-08T02:56:24.797+0100] {processor.py:183} INFO - Processing /home/ubuntu/.local/lib/python3.10/site-packages/airflow/example_dags/example_subdag_operator.py took 0.410 seconds
[2024-02-08T02:58:59.838+0100] {processor.py:161} INFO - Started process (PID=14001) to work on /home/ubuntu/.local/lib/python3.10/site-packages/airflow/example_dags/example_subdag_operator.py
[2024-02-08T02:58:59.883+0100] {processor.py:830} INFO - Processing file /home/ubuntu/.local/lib/python3.10/site-packages/airflow/example_dags/example_subdag_operator.py for tasks to queue
[2024-02-08T02:58:59.885+0100] {logging_mixin.py:188} INFO - [2024-02-08T02:58:59.884+0100] {dagbag.py:538} INFO - Filling up the DagBag from /home/ubuntu/.local/lib/python3.10/site-packages/airflow/example_dags/example_subdag_operator.py
[2024-02-08T02:59:00.007+0100] {processor.py:840} INFO - DAG(s) 'example_subdag_operator.section-1', 'example_subdag_operator.section-2', 'example_subdag_operator' retrieved from /home/ubuntu/.local/lib/python3.10/site-packages/airflow/example_dags/example_subdag_operator.py
[2024-02-08T02:59:00.145+0100] {logging_mixin.py:188} INFO - [2024-02-08T02:59:00.145+0100] {dag.py:3033} INFO - Sync 3 DAGs
[2024-02-08T02:59:00.187+0100] {logging_mixin.py:188} INFO - [2024-02-08T02:59:00.186+0100] {dag.py:3820} INFO - Setting next_dagrun for example_subdag_operator to 2022-01-01T00:00:00+00:00, run_after=2022-01-01T00:00:00+00:00
[2024-02-08T02:59:00.195+0100] {logging_mixin.py:188} INFO - [2024-02-08T02:59:00.195+0100] {dag.py:3820} INFO - Setting next_dagrun for example_subdag_operator.section-1 to None, run_after=None
[2024-02-08T02:59:00.199+0100] {logging_mixin.py:188} INFO - [2024-02-08T02:59:00.196+0100] {dag.py:3820} INFO - Setting next_dagrun for example_subdag_operator.section-2 to None, run_after=None
[2024-02-08T02:59:00.215+0100] {logging_mixin.py:188} INFO - [2024-02-08T02:59:00.214+0100] {dag.py:3033} INFO - Sync 2 DAGs
[2024-02-08T02:59:00.232+0100] {logging_mixin.py:188} INFO - [2024-02-08T02:59:00.229+0100] {dag.py:3820} INFO - Setting next_dagrun for example_subdag_operator.section-1 to None, run_after=None
[2024-02-08T02:59:00.237+0100] {logging_mixin.py:188} INFO - [2024-02-08T02:59:00.237+0100] {dag.py:3820} INFO - Setting next_dagrun for example_subdag_operator.section-2 to None, run_after=None
[2024-02-08T02:59:00.441+0100] {processor.py:183} INFO - Processing /home/ubuntu/.local/lib/python3.10/site-packages/airflow/example_dags/example_subdag_operator.py took 0.608 seconds
[2024-02-08T03:01:07.500+0100] {processor.py:161} INFO - Started process (PID=14071) to work on /home/ubuntu/.local/lib/python3.10/site-packages/airflow/example_dags/example_subdag_operator.py
[2024-02-08T03:01:07.507+0100] {processor.py:830} INFO - Processing file /home/ubuntu/.local/lib/python3.10/site-packages/airflow/example_dags/example_subdag_operator.py for tasks to queue
[2024-02-08T03:01:07.509+0100] {logging_mixin.py:188} INFO - [2024-02-08T03:01:07.508+0100] {dagbag.py:538} INFO - Filling up the DagBag from /home/ubuntu/.local/lib/python3.10/site-packages/airflow/example_dags/example_subdag_operator.py
[2024-02-08T03:01:07.575+0100] {processor.py:840} INFO - DAG(s) 'example_subdag_operator.section-1', 'example_subdag_operator.section-2', 'example_subdag_operator' retrieved from /home/ubuntu/.local/lib/python3.10/site-packages/airflow/example_dags/example_subdag_operator.py
[2024-02-08T03:01:07.611+0100] {logging_mixin.py:188} INFO - [2024-02-08T03:01:07.610+0100] {dag.py:3033} INFO - Sync 3 DAGs
[2024-02-08T03:01:07.660+0100] {logging_mixin.py:188} INFO - [2024-02-08T03:01:07.660+0100] {dag.py:3820} INFO - Setting next_dagrun for example_subdag_operator to 2022-01-01T00:00:00+00:00, run_after=2022-01-01T00:00:00+00:00
[2024-02-08T03:01:07.664+0100] {logging_mixin.py:188} INFO - [2024-02-08T03:01:07.664+0100] {dag.py:3820} INFO - Setting next_dagrun for example_subdag_operator.section-1 to None, run_after=None
[2024-02-08T03:01:07.665+0100] {logging_mixin.py:188} INFO - [2024-02-08T03:01:07.665+0100] {dag.py:3820} INFO - Setting next_dagrun for example_subdag_operator.section-2 to None, run_after=None
[2024-02-08T03:01:07.704+0100] {logging_mixin.py:188} INFO - [2024-02-08T03:01:07.703+0100] {dag.py:3033} INFO - Sync 2 DAGs
[2024-02-08T03:01:07.712+0100] {logging_mixin.py:188} INFO - [2024-02-08T03:01:07.711+0100] {dag.py:3820} INFO - Setting next_dagrun for example_subdag_operator.section-1 to None, run_after=None
[2024-02-08T03:01:07.713+0100] {logging_mixin.py:188} INFO - [2024-02-08T03:01:07.712+0100] {dag.py:3820} INFO - Setting next_dagrun for example_subdag_operator.section-2 to None, run_after=None
[2024-02-08T03:01:07.763+0100] {processor.py:183} INFO - Processing /home/ubuntu/.local/lib/python3.10/site-packages/airflow/example_dags/example_subdag_operator.py took 0.268 seconds
[2024-02-08T03:02:03.791+0100] {processor.py:161} INFO - Started process (PID=14167) to work on /home/ubuntu/.local/lib/python3.10/site-packages/airflow/example_dags/example_subdag_operator.py
[2024-02-08T03:02:03.804+0100] {processor.py:830} INFO - Processing file /home/ubuntu/.local/lib/python3.10/site-packages/airflow/example_dags/example_subdag_operator.py for tasks to queue
[2024-02-08T03:02:03.806+0100] {logging_mixin.py:188} INFO - [2024-02-08T03:02:03.805+0100] {dagbag.py:538} INFO - Filling up the DagBag from /home/ubuntu/.local/lib/python3.10/site-packages/airflow/example_dags/example_subdag_operator.py
[2024-02-08T03:02:03.864+0100] {processor.py:840} INFO - DAG(s) 'example_subdag_operator.section-1', 'example_subdag_operator.section-2', 'example_subdag_operator' retrieved from /home/ubuntu/.local/lib/python3.10/site-packages/airflow/example_dags/example_subdag_operator.py
[2024-02-08T03:02:04.060+0100] {logging_mixin.py:188} INFO - [2024-02-08T03:02:04.060+0100] {dag.py:3033} INFO - Sync 3 DAGs
[2024-02-08T03:02:04.089+0100] {logging_mixin.py:188} INFO - [2024-02-08T03:02:04.088+0100] {dag.py:3820} INFO - Setting next_dagrun for example_subdag_operator to 2022-01-01T00:00:00+00:00, run_after=2022-01-01T00:00:00+00:00
[2024-02-08T03:02:04.097+0100] {logging_mixin.py:188} INFO - [2024-02-08T03:02:04.097+0100] {dag.py:3820} INFO - Setting next_dagrun for example_subdag_operator.section-1 to None, run_after=None
[2024-02-08T03:02:04.099+0100] {logging_mixin.py:188} INFO - [2024-02-08T03:02:04.098+0100] {dag.py:3820} INFO - Setting next_dagrun for example_subdag_operator.section-2 to None, run_after=None
[2024-02-08T03:02:04.129+0100] {logging_mixin.py:188} INFO - [2024-02-08T03:02:04.128+0100] {dag.py:3033} INFO - Sync 2 DAGs
[2024-02-08T03:02:04.136+0100] {logging_mixin.py:188} INFO - [2024-02-08T03:02:04.136+0100] {dag.py:3820} INFO - Setting next_dagrun for example_subdag_operator.section-1 to None, run_after=None
[2024-02-08T03:02:04.137+0100] {logging_mixin.py:188} INFO - [2024-02-08T03:02:04.137+0100] {dag.py:3820} INFO - Setting next_dagrun for example_subdag_operator.section-2 to None, run_after=None
[2024-02-08T03:02:04.238+0100] {processor.py:183} INFO - Processing /home/ubuntu/.local/lib/python3.10/site-packages/airflow/example_dags/example_subdag_operator.py took 0.453 seconds
[2024-02-08T03:03:14.077+0100] {processor.py:161} INFO - Started process (PID=14231) to work on /home/ubuntu/.local/lib/python3.10/site-packages/airflow/example_dags/example_subdag_operator.py
[2024-02-08T03:03:14.080+0100] {processor.py:830} INFO - Processing file /home/ubuntu/.local/lib/python3.10/site-packages/airflow/example_dags/example_subdag_operator.py for tasks to queue
[2024-02-08T03:03:14.082+0100] {logging_mixin.py:188} INFO - [2024-02-08T03:03:14.081+0100] {dagbag.py:538} INFO - Filling up the DagBag from /home/ubuntu/.local/lib/python3.10/site-packages/airflow/example_dags/example_subdag_operator.py
[2024-02-08T03:03:14.110+0100] {processor.py:840} INFO - DAG(s) 'example_subdag_operator.section-1', 'example_subdag_operator.section-2', 'example_subdag_operator' retrieved from /home/ubuntu/.local/lib/python3.10/site-packages/airflow/example_dags/example_subdag_operator.py
[2024-02-08T03:03:14.136+0100] {logging_mixin.py:188} INFO - [2024-02-08T03:03:14.135+0100] {dag.py:3033} INFO - Sync 3 DAGs
[2024-02-08T03:03:14.160+0100] {logging_mixin.py:188} INFO - [2024-02-08T03:03:14.160+0100] {dag.py:3820} INFO - Setting next_dagrun for example_subdag_operator to 2022-01-01T00:00:00+00:00, run_after=2022-01-01T00:00:00+00:00
[2024-02-08T03:03:14.166+0100] {logging_mixin.py:188} INFO - [2024-02-08T03:03:14.166+0100] {dag.py:3820} INFO - Setting next_dagrun for example_subdag_operator.section-1 to None, run_after=None
[2024-02-08T03:03:14.168+0100] {logging_mixin.py:188} INFO - [2024-02-08T03:03:14.168+0100] {dag.py:3820} INFO - Setting next_dagrun for example_subdag_operator.section-2 to None, run_after=None
[2024-02-08T03:03:14.178+0100] {logging_mixin.py:188} INFO - [2024-02-08T03:03:14.178+0100] {dag.py:3033} INFO - Sync 2 DAGs
[2024-02-08T03:03:14.184+0100] {logging_mixin.py:188} INFO - [2024-02-08T03:03:14.184+0100] {dag.py:3820} INFO - Setting next_dagrun for example_subdag_operator.section-1 to None, run_after=None
[2024-02-08T03:03:14.185+0100] {logging_mixin.py:188} INFO - [2024-02-08T03:03:14.185+0100] {dag.py:3820} INFO - Setting next_dagrun for example_subdag_operator.section-2 to None, run_after=None
[2024-02-08T03:03:14.214+0100] {processor.py:183} INFO - Processing /home/ubuntu/.local/lib/python3.10/site-packages/airflow/example_dags/example_subdag_operator.py took 0.141 seconds
[2024-02-08T03:04:03.726+0100] {processor.py:161} INFO - Started process (PID=14284) to work on /home/ubuntu/.local/lib/python3.10/site-packages/airflow/example_dags/example_subdag_operator.py
[2024-02-08T03:04:03.731+0100] {processor.py:830} INFO - Processing file /home/ubuntu/.local/lib/python3.10/site-packages/airflow/example_dags/example_subdag_operator.py for tasks to queue
[2024-02-08T03:04:03.733+0100] {logging_mixin.py:188} INFO - [2024-02-08T03:04:03.732+0100] {dagbag.py:538} INFO - Filling up the DagBag from /home/ubuntu/.local/lib/python3.10/site-packages/airflow/example_dags/example_subdag_operator.py
[2024-02-08T03:04:03.763+0100] {processor.py:840} INFO - DAG(s) 'example_subdag_operator.section-1', 'example_subdag_operator.section-2', 'example_subdag_operator' retrieved from /home/ubuntu/.local/lib/python3.10/site-packages/airflow/example_dags/example_subdag_operator.py
[2024-02-08T03:04:03.796+0100] {logging_mixin.py:188} INFO - [2024-02-08T03:04:03.796+0100] {dag.py:3033} INFO - Sync 3 DAGs
[2024-02-08T03:04:03.817+0100] {logging_mixin.py:188} INFO - [2024-02-08T03:04:03.817+0100] {dag.py:3820} INFO - Setting next_dagrun for example_subdag_operator to 2022-01-01T00:00:00+00:00, run_after=2022-01-01T00:00:00+00:00
[2024-02-08T03:04:03.824+0100] {logging_mixin.py:188} INFO - [2024-02-08T03:04:03.824+0100] {dag.py:3820} INFO - Setting next_dagrun for example_subdag_operator.section-1 to None, run_after=None
[2024-02-08T03:04:03.826+0100] {logging_mixin.py:188} INFO - [2024-02-08T03:04:03.826+0100] {dag.py:3820} INFO - Setting next_dagrun for example_subdag_operator.section-2 to None, run_after=None
[2024-02-08T03:04:03.839+0100] {logging_mixin.py:188} INFO - [2024-02-08T03:04:03.838+0100] {dag.py:3033} INFO - Sync 2 DAGs
[2024-02-08T03:04:03.844+0100] {logging_mixin.py:188} INFO - [2024-02-08T03:04:03.844+0100] {dag.py:3820} INFO - Setting next_dagrun for example_subdag_operator.section-1 to None, run_after=None
[2024-02-08T03:04:03.845+0100] {logging_mixin.py:188} INFO - [2024-02-08T03:04:03.844+0100] {dag.py:3820} INFO - Setting next_dagrun for example_subdag_operator.section-2 to None, run_after=None
[2024-02-08T03:04:03.874+0100] {processor.py:183} INFO - Processing /home/ubuntu/.local/lib/python3.10/site-packages/airflow/example_dags/example_subdag_operator.py took 0.153 seconds
[2024-02-08T03:05:34.734+0100] {processor.py:161} INFO - Started process (PID=14353) to work on /home/ubuntu/.local/lib/python3.10/site-packages/airflow/example_dags/example_subdag_operator.py
[2024-02-08T03:05:34.738+0100] {processor.py:830} INFO - Processing file /home/ubuntu/.local/lib/python3.10/site-packages/airflow/example_dags/example_subdag_operator.py for tasks to queue
[2024-02-08T03:05:34.740+0100] {logging_mixin.py:188} INFO - [2024-02-08T03:05:34.739+0100] {dagbag.py:538} INFO - Filling up the DagBag from /home/ubuntu/.local/lib/python3.10/site-packages/airflow/example_dags/example_subdag_operator.py
[2024-02-08T03:05:34.770+0100] {processor.py:840} INFO - DAG(s) 'example_subdag_operator.section-1', 'example_subdag_operator.section-2', 'example_subdag_operator' retrieved from /home/ubuntu/.local/lib/python3.10/site-packages/airflow/example_dags/example_subdag_operator.py
[2024-02-08T03:05:34.798+0100] {logging_mixin.py:188} INFO - [2024-02-08T03:05:34.798+0100] {dag.py:3033} INFO - Sync 3 DAGs
[2024-02-08T03:05:34.827+0100] {logging_mixin.py:188} INFO - [2024-02-08T03:05:34.827+0100] {dag.py:3820} INFO - Setting next_dagrun for example_subdag_operator to 2022-01-01T00:00:00+00:00, run_after=2022-01-01T00:00:00+00:00
[2024-02-08T03:05:34.831+0100] {logging_mixin.py:188} INFO - [2024-02-08T03:05:34.831+0100] {dag.py:3820} INFO - Setting next_dagrun for example_subdag_operator.section-1 to None, run_after=None
[2024-02-08T03:05:34.833+0100] {logging_mixin.py:188} INFO - [2024-02-08T03:05:34.833+0100] {dag.py:3820} INFO - Setting next_dagrun for example_subdag_operator.section-2 to None, run_after=None
[2024-02-08T03:05:34.843+0100] {logging_mixin.py:188} INFO - [2024-02-08T03:05:34.842+0100] {dag.py:3033} INFO - Sync 2 DAGs
[2024-02-08T03:05:34.848+0100] {logging_mixin.py:188} INFO - [2024-02-08T03:05:34.848+0100] {dag.py:3820} INFO - Setting next_dagrun for example_subdag_operator.section-1 to None, run_after=None
[2024-02-08T03:05:34.848+0100] {logging_mixin.py:188} INFO - [2024-02-08T03:05:34.848+0100] {dag.py:3820} INFO - Setting next_dagrun for example_subdag_operator.section-2 to None, run_after=None
[2024-02-08T03:05:34.877+0100] {processor.py:183} INFO - Processing /home/ubuntu/.local/lib/python3.10/site-packages/airflow/example_dags/example_subdag_operator.py took 0.148 seconds
[2024-02-08T03:06:21.653+0100] {processor.py:161} INFO - Started process (PID=14393) to work on /home/ubuntu/.local/lib/python3.10/site-packages/airflow/example_dags/example_subdag_operator.py
[2024-02-08T03:06:21.659+0100] {processor.py:830} INFO - Processing file /home/ubuntu/.local/lib/python3.10/site-packages/airflow/example_dags/example_subdag_operator.py for tasks to queue
[2024-02-08T03:06:21.661+0100] {logging_mixin.py:188} INFO - [2024-02-08T03:06:21.660+0100] {dagbag.py:538} INFO - Filling up the DagBag from /home/ubuntu/.local/lib/python3.10/site-packages/airflow/example_dags/example_subdag_operator.py
[2024-02-08T03:06:21.696+0100] {processor.py:840} INFO - DAG(s) 'example_subdag_operator.section-1', 'example_subdag_operator.section-2', 'example_subdag_operator' retrieved from /home/ubuntu/.local/lib/python3.10/site-packages/airflow/example_dags/example_subdag_operator.py
[2024-02-08T03:06:21.719+0100] {logging_mixin.py:188} INFO - [2024-02-08T03:06:21.718+0100] {dag.py:3033} INFO - Sync 3 DAGs
[2024-02-08T03:06:21.752+0100] {logging_mixin.py:188} INFO - [2024-02-08T03:06:21.751+0100] {dag.py:3820} INFO - Setting next_dagrun for example_subdag_operator to 2022-01-01T00:00:00+00:00, run_after=2022-01-01T00:00:00+00:00
[2024-02-08T03:06:21.762+0100] {logging_mixin.py:188} INFO - [2024-02-08T03:06:21.762+0100] {dag.py:3820} INFO - Setting next_dagrun for example_subdag_operator.section-1 to None, run_after=None
[2024-02-08T03:06:21.765+0100] {logging_mixin.py:188} INFO - [2024-02-08T03:06:21.765+0100] {dag.py:3820} INFO - Setting next_dagrun for example_subdag_operator.section-2 to None, run_after=None
[2024-02-08T03:06:21.783+0100] {logging_mixin.py:188} INFO - [2024-02-08T03:06:21.782+0100] {dag.py:3033} INFO - Sync 2 DAGs
[2024-02-08T03:06:21.791+0100] {logging_mixin.py:188} INFO - [2024-02-08T03:06:21.791+0100] {dag.py:3820} INFO - Setting next_dagrun for example_subdag_operator.section-1 to None, run_after=None
[2024-02-08T03:06:21.793+0100] {logging_mixin.py:188} INFO - [2024-02-08T03:06:21.792+0100] {dag.py:3820} INFO - Setting next_dagrun for example_subdag_operator.section-2 to None, run_after=None
[2024-02-08T03:06:21.832+0100] {processor.py:183} INFO - Processing /home/ubuntu/.local/lib/python3.10/site-packages/airflow/example_dags/example_subdag_operator.py took 0.185 seconds
[2024-02-08T03:07:22.378+0100] {processor.py:161} INFO - Started process (PID=14457) to work on /home/ubuntu/.local/lib/python3.10/site-packages/airflow/example_dags/example_subdag_operator.py
[2024-02-08T03:07:22.381+0100] {processor.py:830} INFO - Processing file /home/ubuntu/.local/lib/python3.10/site-packages/airflow/example_dags/example_subdag_operator.py for tasks to queue
[2024-02-08T03:07:22.382+0100] {logging_mixin.py:188} INFO - [2024-02-08T03:07:22.382+0100] {dagbag.py:538} INFO - Filling up the DagBag from /home/ubuntu/.local/lib/python3.10/site-packages/airflow/example_dags/example_subdag_operator.py
[2024-02-08T03:07:22.418+0100] {processor.py:840} INFO - DAG(s) 'example_subdag_operator.section-1', 'example_subdag_operator.section-2', 'example_subdag_operator' retrieved from /home/ubuntu/.local/lib/python3.10/site-packages/airflow/example_dags/example_subdag_operator.py
[2024-02-08T03:07:22.445+0100] {logging_mixin.py:188} INFO - [2024-02-08T03:07:22.444+0100] {dag.py:3033} INFO - Sync 3 DAGs
[2024-02-08T03:07:22.534+0100] {logging_mixin.py:188} INFO - [2024-02-08T03:07:22.533+0100] {dag.py:3820} INFO - Setting next_dagrun for example_subdag_operator to 2022-01-01T00:00:00+00:00, run_after=2022-01-01T00:00:00+00:00
[2024-02-08T03:07:22.542+0100] {logging_mixin.py:188} INFO - [2024-02-08T03:07:22.541+0100] {dag.py:3820} INFO - Setting next_dagrun for example_subdag_operator.section-1 to None, run_after=None
[2024-02-08T03:07:22.549+0100] {logging_mixin.py:188} INFO - [2024-02-08T03:07:22.549+0100] {dag.py:3820} INFO - Setting next_dagrun for example_subdag_operator.section-2 to None, run_after=None
[2024-02-08T03:07:22.568+0100] {logging_mixin.py:188} INFO - [2024-02-08T03:07:22.568+0100] {dag.py:3033} INFO - Sync 2 DAGs
[2024-02-08T03:07:22.579+0100] {logging_mixin.py:188} INFO - [2024-02-08T03:07:22.578+0100] {dag.py:3820} INFO - Setting next_dagrun for example_subdag_operator.section-1 to None, run_after=None
[2024-02-08T03:07:22.580+0100] {logging_mixin.py:188} INFO - [2024-02-08T03:07:22.579+0100] {dag.py:3820} INFO - Setting next_dagrun for example_subdag_operator.section-2 to None, run_after=None
[2024-02-08T03:07:22.675+0100] {processor.py:183} INFO - Processing /home/ubuntu/.local/lib/python3.10/site-packages/airflow/example_dags/example_subdag_operator.py took 0.303 seconds
[2024-02-08T03:08:40.235+0100] {processor.py:161} INFO - Started process (PID=14602) to work on /home/ubuntu/.local/lib/python3.10/site-packages/airflow/example_dags/example_subdag_operator.py
[2024-02-08T03:08:40.238+0100] {processor.py:830} INFO - Processing file /home/ubuntu/.local/lib/python3.10/site-packages/airflow/example_dags/example_subdag_operator.py for tasks to queue
[2024-02-08T03:08:40.240+0100] {logging_mixin.py:188} INFO - [2024-02-08T03:08:40.239+0100] {dagbag.py:538} INFO - Filling up the DagBag from /home/ubuntu/.local/lib/python3.10/site-packages/airflow/example_dags/example_subdag_operator.py
[2024-02-08T03:08:40.278+0100] {processor.py:840} INFO - DAG(s) 'example_subdag_operator.section-1', 'example_subdag_operator.section-2', 'example_subdag_operator' retrieved from /home/ubuntu/.local/lib/python3.10/site-packages/airflow/example_dags/example_subdag_operator.py
[2024-02-08T03:08:40.301+0100] {logging_mixin.py:188} INFO - [2024-02-08T03:08:40.301+0100] {dag.py:3033} INFO - Sync 3 DAGs
[2024-02-08T03:08:40.329+0100] {logging_mixin.py:188} INFO - [2024-02-08T03:08:40.329+0100] {dag.py:3820} INFO - Setting next_dagrun for example_subdag_operator to 2022-01-01T00:00:00+00:00, run_after=2022-01-01T00:00:00+00:00
[2024-02-08T03:08:40.334+0100] {logging_mixin.py:188} INFO - [2024-02-08T03:08:40.334+0100] {dag.py:3820} INFO - Setting next_dagrun for example_subdag_operator.section-1 to None, run_after=None
[2024-02-08T03:08:40.336+0100] {logging_mixin.py:188} INFO - [2024-02-08T03:08:40.335+0100] {dag.py:3820} INFO - Setting next_dagrun for example_subdag_operator.section-2 to None, run_after=None
[2024-02-08T03:08:40.345+0100] {logging_mixin.py:188} INFO - [2024-02-08T03:08:40.345+0100] {dag.py:3033} INFO - Sync 2 DAGs
[2024-02-08T03:08:40.354+0100] {logging_mixin.py:188} INFO - [2024-02-08T03:08:40.353+0100] {dag.py:3820} INFO - Setting next_dagrun for example_subdag_operator.section-1 to None, run_after=None
[2024-02-08T03:08:40.355+0100] {logging_mixin.py:188} INFO - [2024-02-08T03:08:40.355+0100] {dag.py:3820} INFO - Setting next_dagrun for example_subdag_operator.section-2 to None, run_after=None
[2024-02-08T03:08:40.391+0100] {processor.py:183} INFO - Processing /home/ubuntu/.local/lib/python3.10/site-packages/airflow/example_dags/example_subdag_operator.py took 0.161 seconds
[2024-02-08T03:09:42.188+0100] {processor.py:161} INFO - Started process (PID=14664) to work on /home/ubuntu/.local/lib/python3.10/site-packages/airflow/example_dags/example_subdag_operator.py
[2024-02-08T03:09:42.192+0100] {processor.py:830} INFO - Processing file /home/ubuntu/.local/lib/python3.10/site-packages/airflow/example_dags/example_subdag_operator.py for tasks to queue
[2024-02-08T03:09:42.194+0100] {logging_mixin.py:188} INFO - [2024-02-08T03:09:42.194+0100] {dagbag.py:538} INFO - Filling up the DagBag from /home/ubuntu/.local/lib/python3.10/site-packages/airflow/example_dags/example_subdag_operator.py
[2024-02-08T03:09:42.237+0100] {processor.py:840} INFO - DAG(s) 'example_subdag_operator.section-1', 'example_subdag_operator.section-2', 'example_subdag_operator' retrieved from /home/ubuntu/.local/lib/python3.10/site-packages/airflow/example_dags/example_subdag_operator.py
[2024-02-08T03:09:42.269+0100] {logging_mixin.py:188} INFO - [2024-02-08T03:09:42.269+0100] {dag.py:3033} INFO - Sync 3 DAGs
[2024-02-08T03:09:42.304+0100] {logging_mixin.py:188} INFO - [2024-02-08T03:09:42.303+0100] {dag.py:3820} INFO - Setting next_dagrun for example_subdag_operator to 2022-01-01T00:00:00+00:00, run_after=2022-01-01T00:00:00+00:00
[2024-02-08T03:09:42.310+0100] {logging_mixin.py:188} INFO - [2024-02-08T03:09:42.310+0100] {dag.py:3820} INFO - Setting next_dagrun for example_subdag_operator.section-1 to None, run_after=None
[2024-02-08T03:09:42.315+0100] {logging_mixin.py:188} INFO - [2024-02-08T03:09:42.315+0100] {dag.py:3820} INFO - Setting next_dagrun for example_subdag_operator.section-2 to None, run_after=None
[2024-02-08T03:09:42.371+0100] {logging_mixin.py:188} INFO - [2024-02-08T03:09:42.370+0100] {dag.py:3033} INFO - Sync 2 DAGs
[2024-02-08T03:09:42.378+0100] {logging_mixin.py:188} INFO - [2024-02-08T03:09:42.378+0100] {dag.py:3820} INFO - Setting next_dagrun for example_subdag_operator.section-1 to None, run_after=None
[2024-02-08T03:09:42.379+0100] {logging_mixin.py:188} INFO - [2024-02-08T03:09:42.379+0100] {dag.py:3820} INFO - Setting next_dagrun for example_subdag_operator.section-2 to None, run_after=None
[2024-02-08T03:09:42.436+0100] {processor.py:183} INFO - Processing /home/ubuntu/.local/lib/python3.10/site-packages/airflow/example_dags/example_subdag_operator.py took 0.257 seconds
[2024-02-08T03:10:50.433+0100] {processor.py:161} INFO - Started process (PID=14724) to work on /home/ubuntu/.local/lib/python3.10/site-packages/airflow/example_dags/example_subdag_operator.py
[2024-02-08T03:10:50.437+0100] {processor.py:830} INFO - Processing file /home/ubuntu/.local/lib/python3.10/site-packages/airflow/example_dags/example_subdag_operator.py for tasks to queue
[2024-02-08T03:10:50.440+0100] {logging_mixin.py:188} INFO - [2024-02-08T03:10:50.439+0100] {dagbag.py:538} INFO - Filling up the DagBag from /home/ubuntu/.local/lib/python3.10/site-packages/airflow/example_dags/example_subdag_operator.py
[2024-02-08T03:10:50.486+0100] {processor.py:840} INFO - DAG(s) 'example_subdag_operator.section-1', 'example_subdag_operator.section-2', 'example_subdag_operator' retrieved from /home/ubuntu/.local/lib/python3.10/site-packages/airflow/example_dags/example_subdag_operator.py
[2024-02-08T03:10:50.511+0100] {logging_mixin.py:188} INFO - [2024-02-08T03:10:50.511+0100] {dag.py:3033} INFO - Sync 3 DAGs
[2024-02-08T03:10:50.540+0100] {logging_mixin.py:188} INFO - [2024-02-08T03:10:50.540+0100] {dag.py:3820} INFO - Setting next_dagrun for example_subdag_operator to 2022-01-01T00:00:00+00:00, run_after=2022-01-01T00:00:00+00:00
[2024-02-08T03:10:50.547+0100] {logging_mixin.py:188} INFO - [2024-02-08T03:10:50.547+0100] {dag.py:3820} INFO - Setting next_dagrun for example_subdag_operator.section-1 to None, run_after=None
[2024-02-08T03:10:50.549+0100] {logging_mixin.py:188} INFO - [2024-02-08T03:10:50.549+0100] {dag.py:3820} INFO - Setting next_dagrun for example_subdag_operator.section-2 to None, run_after=None
[2024-02-08T03:10:50.559+0100] {logging_mixin.py:188} INFO - [2024-02-08T03:10:50.559+0100] {dag.py:3033} INFO - Sync 2 DAGs
[2024-02-08T03:10:50.569+0100] {logging_mixin.py:188} INFO - [2024-02-08T03:10:50.569+0100] {dag.py:3820} INFO - Setting next_dagrun for example_subdag_operator.section-1 to None, run_after=None
[2024-02-08T03:10:50.570+0100] {logging_mixin.py:188} INFO - [2024-02-08T03:10:50.570+0100] {dag.py:3820} INFO - Setting next_dagrun for example_subdag_operator.section-2 to None, run_after=None
[2024-02-08T03:10:50.596+0100] {processor.py:183} INFO - Processing /home/ubuntu/.local/lib/python3.10/site-packages/airflow/example_dags/example_subdag_operator.py took 0.171 seconds
[2024-02-08T03:11:53.419+0100] {processor.py:161} INFO - Started process (PID=14781) to work on /home/ubuntu/.local/lib/python3.10/site-packages/airflow/example_dags/example_subdag_operator.py
[2024-02-08T03:11:53.424+0100] {processor.py:830} INFO - Processing file /home/ubuntu/.local/lib/python3.10/site-packages/airflow/example_dags/example_subdag_operator.py for tasks to queue
[2024-02-08T03:11:53.425+0100] {logging_mixin.py:188} INFO - [2024-02-08T03:11:53.424+0100] {dagbag.py:538} INFO - Filling up the DagBag from /home/ubuntu/.local/lib/python3.10/site-packages/airflow/example_dags/example_subdag_operator.py
[2024-02-08T03:11:53.459+0100] {processor.py:840} INFO - DAG(s) 'example_subdag_operator.section-1', 'example_subdag_operator.section-2', 'example_subdag_operator' retrieved from /home/ubuntu/.local/lib/python3.10/site-packages/airflow/example_dags/example_subdag_operator.py
[2024-02-08T03:11:53.482+0100] {logging_mixin.py:188} INFO - [2024-02-08T03:11:53.482+0100] {dag.py:3033} INFO - Sync 3 DAGs
[2024-02-08T03:11:53.509+0100] {logging_mixin.py:188} INFO - [2024-02-08T03:11:53.508+0100] {dag.py:3820} INFO - Setting next_dagrun for example_subdag_operator to 2022-01-01T00:00:00+00:00, run_after=2022-01-01T00:00:00+00:00
[2024-02-08T03:11:53.513+0100] {logging_mixin.py:188} INFO - [2024-02-08T03:11:53.513+0100] {dag.py:3820} INFO - Setting next_dagrun for example_subdag_operator.section-1 to None, run_after=None
[2024-02-08T03:11:53.515+0100] {logging_mixin.py:188} INFO - [2024-02-08T03:11:53.515+0100] {dag.py:3820} INFO - Setting next_dagrun for example_subdag_operator.section-2 to None, run_after=None
[2024-02-08T03:11:53.525+0100] {logging_mixin.py:188} INFO - [2024-02-08T03:11:53.524+0100] {dag.py:3033} INFO - Sync 2 DAGs
[2024-02-08T03:11:53.530+0100] {logging_mixin.py:188} INFO - [2024-02-08T03:11:53.529+0100] {dag.py:3820} INFO - Setting next_dagrun for example_subdag_operator.section-1 to None, run_after=None
[2024-02-08T03:11:53.530+0100] {logging_mixin.py:188} INFO - [2024-02-08T03:11:53.530+0100] {dag.py:3820} INFO - Setting next_dagrun for example_subdag_operator.section-2 to None, run_after=None
[2024-02-08T03:11:53.554+0100] {processor.py:183} INFO - Processing /home/ubuntu/.local/lib/python3.10/site-packages/airflow/example_dags/example_subdag_operator.py took 0.140 seconds
[2024-02-08T03:12:51.664+0100] {processor.py:161} INFO - Started process (PID=14839) to work on /home/ubuntu/.local/lib/python3.10/site-packages/airflow/example_dags/example_subdag_operator.py
[2024-02-08T03:12:51.668+0100] {processor.py:830} INFO - Processing file /home/ubuntu/.local/lib/python3.10/site-packages/airflow/example_dags/example_subdag_operator.py for tasks to queue
[2024-02-08T03:12:51.670+0100] {logging_mixin.py:188} INFO - [2024-02-08T03:12:51.669+0100] {dagbag.py:538} INFO - Filling up the DagBag from /home/ubuntu/.local/lib/python3.10/site-packages/airflow/example_dags/example_subdag_operator.py
[2024-02-08T03:12:51.703+0100] {processor.py:840} INFO - DAG(s) 'example_subdag_operator.section-1', 'example_subdag_operator.section-2', 'example_subdag_operator' retrieved from /home/ubuntu/.local/lib/python3.10/site-packages/airflow/example_dags/example_subdag_operator.py
[2024-02-08T03:12:51.726+0100] {logging_mixin.py:188} INFO - [2024-02-08T03:12:51.725+0100] {dag.py:3033} INFO - Sync 3 DAGs
[2024-02-08T03:12:51.754+0100] {logging_mixin.py:188} INFO - [2024-02-08T03:12:51.753+0100] {dag.py:3820} INFO - Setting next_dagrun for example_subdag_operator to 2022-01-01T00:00:00+00:00, run_after=2022-01-01T00:00:00+00:00
[2024-02-08T03:12:51.761+0100] {logging_mixin.py:188} INFO - [2024-02-08T03:12:51.761+0100] {dag.py:3820} INFO - Setting next_dagrun for example_subdag_operator.section-1 to None, run_after=None
[2024-02-08T03:12:51.764+0100] {logging_mixin.py:188} INFO - [2024-02-08T03:12:51.763+0100] {dag.py:3820} INFO - Setting next_dagrun for example_subdag_operator.section-2 to None, run_after=None
[2024-02-08T03:12:51.775+0100] {logging_mixin.py:188} INFO - [2024-02-08T03:12:51.775+0100] {dag.py:3033} INFO - Sync 2 DAGs
[2024-02-08T03:12:51.782+0100] {logging_mixin.py:188} INFO - [2024-02-08T03:12:51.781+0100] {dag.py:3820} INFO - Setting next_dagrun for example_subdag_operator.section-1 to None, run_after=None
[2024-02-08T03:12:51.782+0100] {logging_mixin.py:188} INFO - [2024-02-08T03:12:51.782+0100] {dag.py:3820} INFO - Setting next_dagrun for example_subdag_operator.section-2 to None, run_after=None
[2024-02-08T03:12:51.809+0100] {processor.py:183} INFO - Processing /home/ubuntu/.local/lib/python3.10/site-packages/airflow/example_dags/example_subdag_operator.py took 0.150 seconds
[2024-02-08T03:13:51.502+0100] {processor.py:161} INFO - Started process (PID=14896) to work on /home/ubuntu/.local/lib/python3.10/site-packages/airflow/example_dags/example_subdag_operator.py
[2024-02-08T03:13:51.507+0100] {processor.py:830} INFO - Processing file /home/ubuntu/.local/lib/python3.10/site-packages/airflow/example_dags/example_subdag_operator.py for tasks to queue
[2024-02-08T03:13:51.509+0100] {logging_mixin.py:188} INFO - [2024-02-08T03:13:51.508+0100] {dagbag.py:538} INFO - Filling up the DagBag from /home/ubuntu/.local/lib/python3.10/site-packages/airflow/example_dags/example_subdag_operator.py
[2024-02-08T03:13:51.552+0100] {processor.py:840} INFO - DAG(s) 'example_subdag_operator.section-1', 'example_subdag_operator.section-2', 'example_subdag_operator' retrieved from /home/ubuntu/.local/lib/python3.10/site-packages/airflow/example_dags/example_subdag_operator.py
[2024-02-08T03:13:51.582+0100] {logging_mixin.py:188} INFO - [2024-02-08T03:13:51.582+0100] {dag.py:3033} INFO - Sync 3 DAGs
[2024-02-08T03:13:51.619+0100] {logging_mixin.py:188} INFO - [2024-02-08T03:13:51.618+0100] {dag.py:3820} INFO - Setting next_dagrun for example_subdag_operator to 2022-01-01T00:00:00+00:00, run_after=2022-01-01T00:00:00+00:00
[2024-02-08T03:13:51.628+0100] {logging_mixin.py:188} INFO - [2024-02-08T03:13:51.628+0100] {dag.py:3820} INFO - Setting next_dagrun for example_subdag_operator.section-1 to None, run_after=None
[2024-02-08T03:13:51.631+0100] {logging_mixin.py:188} INFO - [2024-02-08T03:13:51.631+0100] {dag.py:3820} INFO - Setting next_dagrun for example_subdag_operator.section-2 to None, run_after=None
[2024-02-08T03:13:51.649+0100] {logging_mixin.py:188} INFO - [2024-02-08T03:13:51.648+0100] {dag.py:3033} INFO - Sync 2 DAGs
[2024-02-08T03:13:51.662+0100] {logging_mixin.py:188} INFO - [2024-02-08T03:13:51.661+0100] {dag.py:3820} INFO - Setting next_dagrun for example_subdag_operator.section-1 to None, run_after=None
[2024-02-08T03:13:51.663+0100] {logging_mixin.py:188} INFO - [2024-02-08T03:13:51.662+0100] {dag.py:3820} INFO - Setting next_dagrun for example_subdag_operator.section-2 to None, run_after=None
[2024-02-08T03:13:51.705+0100] {processor.py:183} INFO - Processing /home/ubuntu/.local/lib/python3.10/site-packages/airflow/example_dags/example_subdag_operator.py took 0.210 seconds
[2024-02-08T03:14:55.616+0100] {processor.py:161} INFO - Started process (PID=14963) to work on /home/ubuntu/.local/lib/python3.10/site-packages/airflow/example_dags/example_subdag_operator.py
[2024-02-08T03:14:55.620+0100] {processor.py:830} INFO - Processing file /home/ubuntu/.local/lib/python3.10/site-packages/airflow/example_dags/example_subdag_operator.py for tasks to queue
[2024-02-08T03:14:55.622+0100] {logging_mixin.py:188} INFO - [2024-02-08T03:14:55.621+0100] {dagbag.py:538} INFO - Filling up the DagBag from /home/ubuntu/.local/lib/python3.10/site-packages/airflow/example_dags/example_subdag_operator.py
[2024-02-08T03:14:55.658+0100] {processor.py:840} INFO - DAG(s) 'example_subdag_operator.section-1', 'example_subdag_operator.section-2', 'example_subdag_operator' retrieved from /home/ubuntu/.local/lib/python3.10/site-packages/airflow/example_dags/example_subdag_operator.py
[2024-02-08T03:14:55.687+0100] {logging_mixin.py:188} INFO - [2024-02-08T03:14:55.687+0100] {dag.py:3033} INFO - Sync 3 DAGs
[2024-02-08T03:14:55.729+0100] {logging_mixin.py:188} INFO - [2024-02-08T03:14:55.728+0100] {dag.py:3820} INFO - Setting next_dagrun for example_subdag_operator to 2022-01-01T00:00:00+00:00, run_after=2022-01-01T00:00:00+00:00
[2024-02-08T03:14:55.734+0100] {logging_mixin.py:188} INFO - [2024-02-08T03:14:55.733+0100] {dag.py:3820} INFO - Setting next_dagrun for example_subdag_operator.section-1 to None, run_after=None
[2024-02-08T03:14:55.736+0100] {logging_mixin.py:188} INFO - [2024-02-08T03:14:55.736+0100] {dag.py:3820} INFO - Setting next_dagrun for example_subdag_operator.section-2 to None, run_after=None
[2024-02-08T03:14:55.752+0100] {logging_mixin.py:188} INFO - [2024-02-08T03:14:55.752+0100] {dag.py:3033} INFO - Sync 2 DAGs
[2024-02-08T03:14:55.764+0100] {logging_mixin.py:188} INFO - [2024-02-08T03:14:55.764+0100] {dag.py:3820} INFO - Setting next_dagrun for example_subdag_operator.section-1 to None, run_after=None
[2024-02-08T03:14:55.765+0100] {logging_mixin.py:188} INFO - [2024-02-08T03:14:55.765+0100] {dag.py:3820} INFO - Setting next_dagrun for example_subdag_operator.section-2 to None, run_after=None
[2024-02-08T03:14:55.801+0100] {processor.py:183} INFO - Processing /home/ubuntu/.local/lib/python3.10/site-packages/airflow/example_dags/example_subdag_operator.py took 0.191 seconds
[2024-02-08T03:15:57.705+0100] {processor.py:161} INFO - Started process (PID=15025) to work on /home/ubuntu/.local/lib/python3.10/site-packages/airflow/example_dags/example_subdag_operator.py
[2024-02-08T03:15:57.709+0100] {processor.py:830} INFO - Processing file /home/ubuntu/.local/lib/python3.10/site-packages/airflow/example_dags/example_subdag_operator.py for tasks to queue
[2024-02-08T03:15:57.712+0100] {logging_mixin.py:188} INFO - [2024-02-08T03:15:57.710+0100] {dagbag.py:538} INFO - Filling up the DagBag from /home/ubuntu/.local/lib/python3.10/site-packages/airflow/example_dags/example_subdag_operator.py
[2024-02-08T03:15:57.765+0100] {processor.py:840} INFO - DAG(s) 'example_subdag_operator.section-1', 'example_subdag_operator.section-2', 'example_subdag_operator' retrieved from /home/ubuntu/.local/lib/python3.10/site-packages/airflow/example_dags/example_subdag_operator.py
[2024-02-08T03:15:57.798+0100] {logging_mixin.py:188} INFO - [2024-02-08T03:15:57.797+0100] {dag.py:3033} INFO - Sync 3 DAGs
[2024-02-08T03:15:57.832+0100] {logging_mixin.py:188} INFO - [2024-02-08T03:15:57.831+0100] {dag.py:3820} INFO - Setting next_dagrun for example_subdag_operator to 2022-01-01T00:00:00+00:00, run_after=2022-01-01T00:00:00+00:00
[2024-02-08T03:15:57.836+0100] {logging_mixin.py:188} INFO - [2024-02-08T03:15:57.836+0100] {dag.py:3820} INFO - Setting next_dagrun for example_subdag_operator.section-1 to None, run_after=None
[2024-02-08T03:15:57.839+0100] {logging_mixin.py:188} INFO - [2024-02-08T03:15:57.839+0100] {dag.py:3820} INFO - Setting next_dagrun for example_subdag_operator.section-2 to None, run_after=None
[2024-02-08T03:15:57.851+0100] {logging_mixin.py:188} INFO - [2024-02-08T03:15:57.851+0100] {dag.py:3033} INFO - Sync 2 DAGs
[2024-02-08T03:15:57.856+0100] {logging_mixin.py:188} INFO - [2024-02-08T03:15:57.856+0100] {dag.py:3820} INFO - Setting next_dagrun for example_subdag_operator.section-1 to None, run_after=None
[2024-02-08T03:15:57.857+0100] {logging_mixin.py:188} INFO - [2024-02-08T03:15:57.857+0100] {dag.py:3820} INFO - Setting next_dagrun for example_subdag_operator.section-2 to None, run_after=None
[2024-02-08T03:15:57.889+0100] {processor.py:183} INFO - Processing /home/ubuntu/.local/lib/python3.10/site-packages/airflow/example_dags/example_subdag_operator.py took 0.190 seconds
[2024-02-08T03:16:56.451+0100] {processor.py:161} INFO - Started process (PID=15080) to work on /home/ubuntu/.local/lib/python3.10/site-packages/airflow/example_dags/example_subdag_operator.py
[2024-02-08T03:16:56.456+0100] {processor.py:830} INFO - Processing file /home/ubuntu/.local/lib/python3.10/site-packages/airflow/example_dags/example_subdag_operator.py for tasks to queue
[2024-02-08T03:16:56.462+0100] {logging_mixin.py:188} INFO - [2024-02-08T03:16:56.459+0100] {dagbag.py:538} INFO - Filling up the DagBag from /home/ubuntu/.local/lib/python3.10/site-packages/airflow/example_dags/example_subdag_operator.py
[2024-02-08T03:16:56.502+0100] {processor.py:840} INFO - DAG(s) 'example_subdag_operator.section-1', 'example_subdag_operator.section-2', 'example_subdag_operator' retrieved from /home/ubuntu/.local/lib/python3.10/site-packages/airflow/example_dags/example_subdag_operator.py
[2024-02-08T03:16:56.533+0100] {logging_mixin.py:188} INFO - [2024-02-08T03:16:56.532+0100] {dag.py:3033} INFO - Sync 3 DAGs
[2024-02-08T03:16:56.575+0100] {logging_mixin.py:188} INFO - [2024-02-08T03:16:56.574+0100] {dag.py:3820} INFO - Setting next_dagrun for example_subdag_operator to 2022-01-01T00:00:00+00:00, run_after=2022-01-01T00:00:00+00:00
[2024-02-08T03:16:56.580+0100] {logging_mixin.py:188} INFO - [2024-02-08T03:16:56.580+0100] {dag.py:3820} INFO - Setting next_dagrun for example_subdag_operator.section-1 to None, run_after=None
[2024-02-08T03:16:56.583+0100] {logging_mixin.py:188} INFO - [2024-02-08T03:16:56.582+0100] {dag.py:3820} INFO - Setting next_dagrun for example_subdag_operator.section-2 to None, run_after=None
[2024-02-08T03:16:56.594+0100] {logging_mixin.py:188} INFO - [2024-02-08T03:16:56.593+0100] {dag.py:3033} INFO - Sync 2 DAGs
[2024-02-08T03:16:56.602+0100] {logging_mixin.py:188} INFO - [2024-02-08T03:16:56.602+0100] {dag.py:3820} INFO - Setting next_dagrun for example_subdag_operator.section-1 to None, run_after=None
[2024-02-08T03:16:56.603+0100] {logging_mixin.py:188} INFO - [2024-02-08T03:16:56.603+0100] {dag.py:3820} INFO - Setting next_dagrun for example_subdag_operator.section-2 to None, run_after=None
[2024-02-08T03:16:56.643+0100] {processor.py:183} INFO - Processing /home/ubuntu/.local/lib/python3.10/site-packages/airflow/example_dags/example_subdag_operator.py took 0.197 seconds
[2024-02-08T03:17:54.785+0100] {processor.py:161} INFO - Started process (PID=15141) to work on /home/ubuntu/.local/lib/python3.10/site-packages/airflow/example_dags/example_subdag_operator.py
[2024-02-08T03:17:54.790+0100] {processor.py:830} INFO - Processing file /home/ubuntu/.local/lib/python3.10/site-packages/airflow/example_dags/example_subdag_operator.py for tasks to queue
[2024-02-08T03:17:54.793+0100] {logging_mixin.py:188} INFO - [2024-02-08T03:17:54.792+0100] {dagbag.py:538} INFO - Filling up the DagBag from /home/ubuntu/.local/lib/python3.10/site-packages/airflow/example_dags/example_subdag_operator.py
[2024-02-08T03:17:54.833+0100] {processor.py:840} INFO - DAG(s) 'example_subdag_operator.section-1', 'example_subdag_operator.section-2', 'example_subdag_operator' retrieved from /home/ubuntu/.local/lib/python3.10/site-packages/airflow/example_dags/example_subdag_operator.py
[2024-02-08T03:17:54.859+0100] {logging_mixin.py:188} INFO - [2024-02-08T03:17:54.859+0100] {dag.py:3033} INFO - Sync 3 DAGs
[2024-02-08T03:17:54.894+0100] {logging_mixin.py:188} INFO - [2024-02-08T03:17:54.894+0100] {dag.py:3820} INFO - Setting next_dagrun for example_subdag_operator to 2022-01-01T00:00:00+00:00, run_after=2022-01-01T00:00:00+00:00
[2024-02-08T03:17:54.899+0100] {logging_mixin.py:188} INFO - [2024-02-08T03:17:54.899+0100] {dag.py:3820} INFO - Setting next_dagrun for example_subdag_operator.section-1 to None, run_after=None
[2024-02-08T03:17:54.901+0100] {logging_mixin.py:188} INFO - [2024-02-08T03:17:54.901+0100] {dag.py:3820} INFO - Setting next_dagrun for example_subdag_operator.section-2 to None, run_after=None
[2024-02-08T03:17:54.914+0100] {logging_mixin.py:188} INFO - [2024-02-08T03:17:54.914+0100] {dag.py:3033} INFO - Sync 2 DAGs
[2024-02-08T03:17:54.921+0100] {logging_mixin.py:188} INFO - [2024-02-08T03:17:54.920+0100] {dag.py:3820} INFO - Setting next_dagrun for example_subdag_operator.section-1 to None, run_after=None
[2024-02-08T03:17:54.921+0100] {logging_mixin.py:188} INFO - [2024-02-08T03:17:54.921+0100] {dag.py:3820} INFO - Setting next_dagrun for example_subdag_operator.section-2 to None, run_after=None
[2024-02-08T03:17:54.952+0100] {processor.py:183} INFO - Processing /home/ubuntu/.local/lib/python3.10/site-packages/airflow/example_dags/example_subdag_operator.py took 0.175 seconds
[2024-02-08T03:18:54.968+0100] {processor.py:161} INFO - Started process (PID=15196) to work on /home/ubuntu/.local/lib/python3.10/site-packages/airflow/example_dags/example_subdag_operator.py
[2024-02-08T03:18:54.977+0100] {processor.py:830} INFO - Processing file /home/ubuntu/.local/lib/python3.10/site-packages/airflow/example_dags/example_subdag_operator.py for tasks to queue
[2024-02-08T03:18:54.980+0100] {logging_mixin.py:188} INFO - [2024-02-08T03:18:54.978+0100] {dagbag.py:538} INFO - Filling up the DagBag from /home/ubuntu/.local/lib/python3.10/site-packages/airflow/example_dags/example_subdag_operator.py
[2024-02-08T03:18:55.019+0100] {processor.py:840} INFO - DAG(s) 'example_subdag_operator.section-1', 'example_subdag_operator.section-2', 'example_subdag_operator' retrieved from /home/ubuntu/.local/lib/python3.10/site-packages/airflow/example_dags/example_subdag_operator.py
[2024-02-08T03:18:55.051+0100] {logging_mixin.py:188} INFO - [2024-02-08T03:18:55.051+0100] {dag.py:3033} INFO - Sync 3 DAGs
[2024-02-08T03:18:55.085+0100] {logging_mixin.py:188} INFO - [2024-02-08T03:18:55.085+0100] {dag.py:3820} INFO - Setting next_dagrun for example_subdag_operator to 2022-01-01T00:00:00+00:00, run_after=2022-01-01T00:00:00+00:00
[2024-02-08T03:18:55.091+0100] {logging_mixin.py:188} INFO - [2024-02-08T03:18:55.091+0100] {dag.py:3820} INFO - Setting next_dagrun for example_subdag_operator.section-1 to None, run_after=None
[2024-02-08T03:18:55.093+0100] {logging_mixin.py:188} INFO - [2024-02-08T03:18:55.093+0100] {dag.py:3820} INFO - Setting next_dagrun for example_subdag_operator.section-2 to None, run_after=None
[2024-02-08T03:18:55.105+0100] {logging_mixin.py:188} INFO - [2024-02-08T03:18:55.105+0100] {dag.py:3033} INFO - Sync 2 DAGs
[2024-02-08T03:18:55.114+0100] {logging_mixin.py:188} INFO - [2024-02-08T03:18:55.114+0100] {dag.py:3820} INFO - Setting next_dagrun for example_subdag_operator.section-1 to None, run_after=None
[2024-02-08T03:18:55.115+0100] {logging_mixin.py:188} INFO - [2024-02-08T03:18:55.114+0100] {dag.py:3820} INFO - Setting next_dagrun for example_subdag_operator.section-2 to None, run_after=None
[2024-02-08T03:18:55.147+0100] {processor.py:183} INFO - Processing /home/ubuntu/.local/lib/python3.10/site-packages/airflow/example_dags/example_subdag_operator.py took 0.184 seconds
[2024-02-08T03:20:06.895+0100] {processor.py:161} INFO - Started process (PID=15318) to work on /home/ubuntu/.local/lib/python3.10/site-packages/airflow/example_dags/example_subdag_operator.py
[2024-02-08T03:20:06.899+0100] {processor.py:830} INFO - Processing file /home/ubuntu/.local/lib/python3.10/site-packages/airflow/example_dags/example_subdag_operator.py for tasks to queue
[2024-02-08T03:20:06.901+0100] {logging_mixin.py:188} INFO - [2024-02-08T03:20:06.900+0100] {dagbag.py:538} INFO - Filling up the DagBag from /home/ubuntu/.local/lib/python3.10/site-packages/airflow/example_dags/example_subdag_operator.py
[2024-02-08T03:20:06.939+0100] {processor.py:840} INFO - DAG(s) 'example_subdag_operator.section-1', 'example_subdag_operator.section-2', 'example_subdag_operator' retrieved from /home/ubuntu/.local/lib/python3.10/site-packages/airflow/example_dags/example_subdag_operator.py
[2024-02-08T03:20:06.967+0100] {logging_mixin.py:188} INFO - [2024-02-08T03:20:06.966+0100] {dag.py:3033} INFO - Sync 3 DAGs
[2024-02-08T03:20:07.001+0100] {logging_mixin.py:188} INFO - [2024-02-08T03:20:07.001+0100] {dag.py:3820} INFO - Setting next_dagrun for example_subdag_operator to 2022-01-01T00:00:00+00:00, run_after=2022-01-01T00:00:00+00:00
[2024-02-08T03:20:07.007+0100] {logging_mixin.py:188} INFO - [2024-02-08T03:20:07.007+0100] {dag.py:3820} INFO - Setting next_dagrun for example_subdag_operator.section-1 to None, run_after=None
[2024-02-08T03:20:07.009+0100] {logging_mixin.py:188} INFO - [2024-02-08T03:20:07.009+0100] {dag.py:3820} INFO - Setting next_dagrun for example_subdag_operator.section-2 to None, run_after=None
[2024-02-08T03:20:07.020+0100] {logging_mixin.py:188} INFO - [2024-02-08T03:20:07.020+0100] {dag.py:3033} INFO - Sync 2 DAGs
[2024-02-08T03:20:07.027+0100] {logging_mixin.py:188} INFO - [2024-02-08T03:20:07.027+0100] {dag.py:3820} INFO - Setting next_dagrun for example_subdag_operator.section-1 to None, run_after=None
[2024-02-08T03:20:07.028+0100] {logging_mixin.py:188} INFO - [2024-02-08T03:20:07.027+0100] {dag.py:3820} INFO - Setting next_dagrun for example_subdag_operator.section-2 to None, run_after=None
[2024-02-08T03:20:07.069+0100] {processor.py:183} INFO - Processing /home/ubuntu/.local/lib/python3.10/site-packages/airflow/example_dags/example_subdag_operator.py took 0.178 seconds
[2024-02-08T03:21:14.227+0100] {processor.py:161} INFO - Started process (PID=15378) to work on /home/ubuntu/.local/lib/python3.10/site-packages/airflow/example_dags/example_subdag_operator.py
[2024-02-08T03:21:14.265+0100] {processor.py:830} INFO - Processing file /home/ubuntu/.local/lib/python3.10/site-packages/airflow/example_dags/example_subdag_operator.py for tasks to queue
[2024-02-08T03:21:14.277+0100] {logging_mixin.py:188} INFO - [2024-02-08T03:21:14.276+0100] {dagbag.py:538} INFO - Filling up the DagBag from /home/ubuntu/.local/lib/python3.10/site-packages/airflow/example_dags/example_subdag_operator.py
[2024-02-08T03:21:14.410+0100] {processor.py:840} INFO - DAG(s) 'example_subdag_operator.section-1', 'example_subdag_operator.section-2', 'example_subdag_operator' retrieved from /home/ubuntu/.local/lib/python3.10/site-packages/airflow/example_dags/example_subdag_operator.py
[2024-02-08T03:21:14.553+0100] {logging_mixin.py:188} INFO - [2024-02-08T03:21:14.553+0100] {dag.py:3033} INFO - Sync 3 DAGs
[2024-02-08T03:21:14.593+0100] {logging_mixin.py:188} INFO - [2024-02-08T03:21:14.593+0100] {dag.py:3820} INFO - Setting next_dagrun for example_subdag_operator to 2022-01-01T00:00:00+00:00, run_after=2022-01-01T00:00:00+00:00
[2024-02-08T03:21:14.597+0100] {logging_mixin.py:188} INFO - [2024-02-08T03:21:14.596+0100] {dag.py:3820} INFO - Setting next_dagrun for example_subdag_operator.section-1 to None, run_after=None
[2024-02-08T03:21:14.601+0100] {logging_mixin.py:188} INFO - [2024-02-08T03:21:14.597+0100] {dag.py:3820} INFO - Setting next_dagrun for example_subdag_operator.section-2 to None, run_after=None
[2024-02-08T03:21:14.617+0100] {logging_mixin.py:188} INFO - [2024-02-08T03:21:14.616+0100] {dag.py:3033} INFO - Sync 2 DAGs
[2024-02-08T03:21:14.623+0100] {logging_mixin.py:188} INFO - [2024-02-08T03:21:14.623+0100] {dag.py:3820} INFO - Setting next_dagrun for example_subdag_operator.section-1 to None, run_after=None
[2024-02-08T03:21:14.624+0100] {logging_mixin.py:188} INFO - [2024-02-08T03:21:14.623+0100] {dag.py:3820} INFO - Setting next_dagrun for example_subdag_operator.section-2 to None, run_after=None
[2024-02-08T03:21:14.655+0100] {processor.py:183} INFO - Processing /home/ubuntu/.local/lib/python3.10/site-packages/airflow/example_dags/example_subdag_operator.py took 0.440 seconds
[2024-02-08T03:22:21.328+0100] {processor.py:161} INFO - Started process (PID=15436) to work on /home/ubuntu/.local/lib/python3.10/site-packages/airflow/example_dags/example_subdag_operator.py
[2024-02-08T03:22:21.330+0100] {processor.py:830} INFO - Processing file /home/ubuntu/.local/lib/python3.10/site-packages/airflow/example_dags/example_subdag_operator.py for tasks to queue
[2024-02-08T03:22:21.332+0100] {logging_mixin.py:188} INFO - [2024-02-08T03:22:21.331+0100] {dagbag.py:538} INFO - Filling up the DagBag from /home/ubuntu/.local/lib/python3.10/site-packages/airflow/example_dags/example_subdag_operator.py
[2024-02-08T03:22:21.363+0100] {processor.py:840} INFO - DAG(s) 'example_subdag_operator.section-1', 'example_subdag_operator.section-2', 'example_subdag_operator' retrieved from /home/ubuntu/.local/lib/python3.10/site-packages/airflow/example_dags/example_subdag_operator.py
[2024-02-08T03:22:21.387+0100] {logging_mixin.py:188} INFO - [2024-02-08T03:22:21.386+0100] {dag.py:3033} INFO - Sync 3 DAGs
[2024-02-08T03:22:21.412+0100] {logging_mixin.py:188} INFO - [2024-02-08T03:22:21.412+0100] {dag.py:3820} INFO - Setting next_dagrun for example_subdag_operator to 2022-01-01T00:00:00+00:00, run_after=2022-01-01T00:00:00+00:00
[2024-02-08T03:22:21.417+0100] {logging_mixin.py:188} INFO - [2024-02-08T03:22:21.417+0100] {dag.py:3820} INFO - Setting next_dagrun for example_subdag_operator.section-1 to None, run_after=None
[2024-02-08T03:22:21.418+0100] {logging_mixin.py:188} INFO - [2024-02-08T03:22:21.418+0100] {dag.py:3820} INFO - Setting next_dagrun for example_subdag_operator.section-2 to None, run_after=None
[2024-02-08T03:22:21.429+0100] {logging_mixin.py:188} INFO - [2024-02-08T03:22:21.429+0100] {dag.py:3033} INFO - Sync 2 DAGs
[2024-02-08T03:22:21.437+0100] {logging_mixin.py:188} INFO - [2024-02-08T03:22:21.437+0100] {dag.py:3820} INFO - Setting next_dagrun for example_subdag_operator.section-1 to None, run_after=None
[2024-02-08T03:22:21.438+0100] {logging_mixin.py:188} INFO - [2024-02-08T03:22:21.438+0100] {dag.py:3820} INFO - Setting next_dagrun for example_subdag_operator.section-2 to None, run_after=None
[2024-02-08T03:22:21.465+0100] {processor.py:183} INFO - Processing /home/ubuntu/.local/lib/python3.10/site-packages/airflow/example_dags/example_subdag_operator.py took 0.143 seconds
[2024-02-08T03:23:25.164+0100] {processor.py:161} INFO - Started process (PID=15512) to work on /home/ubuntu/.local/lib/python3.10/site-packages/airflow/example_dags/example_subdag_operator.py
[2024-02-08T03:23:25.170+0100] {processor.py:830} INFO - Processing file /home/ubuntu/.local/lib/python3.10/site-packages/airflow/example_dags/example_subdag_operator.py for tasks to queue
[2024-02-08T03:23:25.172+0100] {logging_mixin.py:188} INFO - [2024-02-08T03:23:25.172+0100] {dagbag.py:538} INFO - Filling up the DagBag from /home/ubuntu/.local/lib/python3.10/site-packages/airflow/example_dags/example_subdag_operator.py
[2024-02-08T03:23:25.250+0100] {processor.py:840} INFO - DAG(s) 'example_subdag_operator.section-1', 'example_subdag_operator.section-2', 'example_subdag_operator' retrieved from /home/ubuntu/.local/lib/python3.10/site-packages/airflow/example_dags/example_subdag_operator.py
[2024-02-08T03:23:25.331+0100] {logging_mixin.py:188} INFO - [2024-02-08T03:23:25.330+0100] {dag.py:3033} INFO - Sync 3 DAGs
[2024-02-08T03:23:25.363+0100] {logging_mixin.py:188} INFO - [2024-02-08T03:23:25.362+0100] {dag.py:3820} INFO - Setting next_dagrun for example_subdag_operator to 2022-01-01T00:00:00+00:00, run_after=2022-01-01T00:00:00+00:00
[2024-02-08T03:23:25.372+0100] {logging_mixin.py:188} INFO - [2024-02-08T03:23:25.372+0100] {dag.py:3820} INFO - Setting next_dagrun for example_subdag_operator.section-1 to None, run_after=None
[2024-02-08T03:23:25.374+0100] {logging_mixin.py:188} INFO - [2024-02-08T03:23:25.374+0100] {dag.py:3820} INFO - Setting next_dagrun for example_subdag_operator.section-2 to None, run_after=None
[2024-02-08T03:23:25.385+0100] {logging_mixin.py:188} INFO - [2024-02-08T03:23:25.385+0100] {dag.py:3033} INFO - Sync 2 DAGs
[2024-02-08T03:23:25.395+0100] {logging_mixin.py:188} INFO - [2024-02-08T03:23:25.395+0100] {dag.py:3820} INFO - Setting next_dagrun for example_subdag_operator.section-1 to None, run_after=None
[2024-02-08T03:23:25.396+0100] {logging_mixin.py:188} INFO - [2024-02-08T03:23:25.396+0100] {dag.py:3820} INFO - Setting next_dagrun for example_subdag_operator.section-2 to None, run_after=None
[2024-02-08T03:23:25.625+0100] {processor.py:183} INFO - Processing /home/ubuntu/.local/lib/python3.10/site-packages/airflow/example_dags/example_subdag_operator.py took 0.483 seconds
[2024-02-08T03:24:56.792+0100] {processor.py:161} INFO - Started process (PID=15633) to work on /home/ubuntu/.local/lib/python3.10/site-packages/airflow/example_dags/example_subdag_operator.py
[2024-02-08T03:24:56.801+0100] {processor.py:830} INFO - Processing file /home/ubuntu/.local/lib/python3.10/site-packages/airflow/example_dags/example_subdag_operator.py for tasks to queue
[2024-02-08T03:24:56.802+0100] {logging_mixin.py:188} INFO - [2024-02-08T03:24:56.802+0100] {dagbag.py:538} INFO - Filling up the DagBag from /home/ubuntu/.local/lib/python3.10/site-packages/airflow/example_dags/example_subdag_operator.py
[2024-02-08T03:24:56.831+0100] {processor.py:840} INFO - DAG(s) 'example_subdag_operator.section-1', 'example_subdag_operator.section-2', 'example_subdag_operator' retrieved from /home/ubuntu/.local/lib/python3.10/site-packages/airflow/example_dags/example_subdag_operator.py
[2024-02-08T03:24:56.883+0100] {logging_mixin.py:188} INFO - [2024-02-08T03:24:56.883+0100] {dag.py:3033} INFO - Sync 3 DAGs
[2024-02-08T03:24:56.905+0100] {logging_mixin.py:188} INFO - [2024-02-08T03:24:56.905+0100] {dag.py:3820} INFO - Setting next_dagrun for example_subdag_operator to 2022-01-01T00:00:00+00:00, run_after=2022-01-01T00:00:00+00:00
[2024-02-08T03:24:56.912+0100] {logging_mixin.py:188} INFO - [2024-02-08T03:24:56.911+0100] {dag.py:3820} INFO - Setting next_dagrun for example_subdag_operator.section-1 to None, run_after=None
[2024-02-08T03:24:56.914+0100] {logging_mixin.py:188} INFO - [2024-02-08T03:24:56.914+0100] {dag.py:3820} INFO - Setting next_dagrun for example_subdag_operator.section-2 to None, run_after=None
[2024-02-08T03:24:56.927+0100] {logging_mixin.py:188} INFO - [2024-02-08T03:24:56.927+0100] {dag.py:3033} INFO - Sync 2 DAGs
[2024-02-08T03:24:56.937+0100] {logging_mixin.py:188} INFO - [2024-02-08T03:24:56.937+0100] {dag.py:3820} INFO - Setting next_dagrun for example_subdag_operator.section-1 to None, run_after=None
[2024-02-08T03:24:56.938+0100] {logging_mixin.py:188} INFO - [2024-02-08T03:24:56.938+0100] {dag.py:3820} INFO - Setting next_dagrun for example_subdag_operator.section-2 to None, run_after=None
[2024-02-08T03:24:56.970+0100] {processor.py:183} INFO - Processing /home/ubuntu/.local/lib/python3.10/site-packages/airflow/example_dags/example_subdag_operator.py took 0.188 seconds
