[2024-02-08T02:47:32.637+0100] {processor.py:161} INFO - Started process (PID=12426) to work on /home/ubuntu/.local/lib/python3.10/site-packages/airflow/example_dags/example_latest_only_with_trigger.py
[2024-02-08T02:47:32.658+0100] {processor.py:830} INFO - Processing file /home/ubuntu/.local/lib/python3.10/site-packages/airflow/example_dags/example_latest_only_with_trigger.py for tasks to queue
[2024-02-08T02:47:32.677+0100] {logging_mixin.py:188} INFO - [2024-02-08T02:47:32.659+0100] {dagbag.py:538} INFO - Filling up the DagBag from /home/ubuntu/.local/lib/python3.10/site-packages/airflow/example_dags/example_latest_only_with_trigger.py
[2024-02-08T02:47:32.829+0100] {processor.py:840} INFO - DAG(s) 'latest_only_with_trigger' retrieved from /home/ubuntu/.local/lib/python3.10/site-packages/airflow/example_dags/example_latest_only_with_trigger.py
[2024-02-08T02:47:34.169+0100] {logging_mixin.py:188} INFO - [2024-02-08T02:47:34.169+0100] {dag.py:3033} INFO - Sync 1 DAGs
[2024-02-08T02:47:34.266+0100] {logging_mixin.py:188} INFO - [2024-02-08T02:47:34.265+0100] {dag.py:3820} INFO - Setting next_dagrun for latest_only_with_trigger to 2024-02-07T20:00:00+00:00, run_after=2024-02-08T00:00:00+00:00
[2024-02-08T02:47:34.424+0100] {processor.py:183} INFO - Processing /home/ubuntu/.local/lib/python3.10/site-packages/airflow/example_dags/example_latest_only_with_trigger.py took 1.791 seconds
[2024-02-08T02:49:20.204+0100] {processor.py:161} INFO - Started process (PID=13091) to work on /home/ubuntu/.local/lib/python3.10/site-packages/airflow/example_dags/example_latest_only_with_trigger.py
[2024-02-08T02:49:20.214+0100] {processor.py:830} INFO - Processing file /home/ubuntu/.local/lib/python3.10/site-packages/airflow/example_dags/example_latest_only_with_trigger.py for tasks to queue
[2024-02-08T02:49:20.217+0100] {logging_mixin.py:188} INFO - [2024-02-08T02:49:20.215+0100] {dagbag.py:538} INFO - Filling up the DagBag from /home/ubuntu/.local/lib/python3.10/site-packages/airflow/example_dags/example_latest_only_with_trigger.py
[2024-02-08T02:49:20.253+0100] {processor.py:840} INFO - DAG(s) 'latest_only_with_trigger' retrieved from /home/ubuntu/.local/lib/python3.10/site-packages/airflow/example_dags/example_latest_only_with_trigger.py
[2024-02-08T02:49:20.327+0100] {logging_mixin.py:188} INFO - [2024-02-08T02:49:20.326+0100] {dag.py:3033} INFO - Sync 1 DAGs
[2024-02-08T02:49:20.416+0100] {logging_mixin.py:188} INFO - [2024-02-08T02:49:20.415+0100] {dag.py:3820} INFO - Setting next_dagrun for latest_only_with_trigger to 2024-02-07T20:00:00+00:00, run_after=2024-02-08T00:00:00+00:00
[2024-02-08T02:49:20.635+0100] {processor.py:183} INFO - Processing /home/ubuntu/.local/lib/python3.10/site-packages/airflow/example_dags/example_latest_only_with_trigger.py took 0.438 seconds
[2024-02-08T02:51:08.423+0100] {processor.py:161} INFO - Started process (PID=13657) to work on /home/ubuntu/.local/lib/python3.10/site-packages/airflow/example_dags/example_latest_only_with_trigger.py
[2024-02-08T02:51:08.426+0100] {processor.py:830} INFO - Processing file /home/ubuntu/.local/lib/python3.10/site-packages/airflow/example_dags/example_latest_only_with_trigger.py for tasks to queue
[2024-02-08T02:51:08.427+0100] {logging_mixin.py:188} INFO - [2024-02-08T02:51:08.426+0100] {dagbag.py:538} INFO - Filling up the DagBag from /home/ubuntu/.local/lib/python3.10/site-packages/airflow/example_dags/example_latest_only_with_trigger.py
[2024-02-08T02:51:08.442+0100] {processor.py:840} INFO - DAG(s) 'latest_only_with_trigger' retrieved from /home/ubuntu/.local/lib/python3.10/site-packages/airflow/example_dags/example_latest_only_with_trigger.py
[2024-02-08T02:51:08.470+0100] {logging_mixin.py:188} INFO - [2024-02-08T02:51:08.469+0100] {dag.py:3033} INFO - Sync 1 DAGs
[2024-02-08T02:51:08.500+0100] {logging_mixin.py:188} INFO - [2024-02-08T02:51:08.500+0100] {dag.py:3820} INFO - Setting next_dagrun for latest_only_with_trigger to 2024-02-07T20:00:00+00:00, run_after=2024-02-08T00:00:00+00:00
[2024-02-08T02:51:08.544+0100] {processor.py:183} INFO - Processing /home/ubuntu/.local/lib/python3.10/site-packages/airflow/example_dags/example_latest_only_with_trigger.py took 0.128 seconds
[2024-02-08T02:52:37.828+0100] {processor.py:161} INFO - Started process (PID=13774) to work on /home/ubuntu/.local/lib/python3.10/site-packages/airflow/example_dags/example_latest_only_with_trigger.py
[2024-02-08T02:52:37.833+0100] {processor.py:830} INFO - Processing file /home/ubuntu/.local/lib/python3.10/site-packages/airflow/example_dags/example_latest_only_with_trigger.py for tasks to queue
[2024-02-08T02:52:37.836+0100] {logging_mixin.py:188} INFO - [2024-02-08T02:52:37.835+0100] {dagbag.py:538} INFO - Filling up the DagBag from /home/ubuntu/.local/lib/python3.10/site-packages/airflow/example_dags/example_latest_only_with_trigger.py
[2024-02-08T02:52:37.847+0100] {processor.py:840} INFO - DAG(s) 'latest_only_with_trigger' retrieved from /home/ubuntu/.local/lib/python3.10/site-packages/airflow/example_dags/example_latest_only_with_trigger.py
[2024-02-08T02:52:37.871+0100] {logging_mixin.py:188} INFO - [2024-02-08T02:52:37.871+0100] {dag.py:3033} INFO - Sync 1 DAGs
[2024-02-08T02:52:37.900+0100] {logging_mixin.py:188} INFO - [2024-02-08T02:52:37.900+0100] {dag.py:3820} INFO - Setting next_dagrun for latest_only_with_trigger to 2024-02-07T20:00:00+00:00, run_after=2024-02-08T00:00:00+00:00
[2024-02-08T02:52:37.942+0100] {processor.py:183} INFO - Processing /home/ubuntu/.local/lib/python3.10/site-packages/airflow/example_dags/example_latest_only_with_trigger.py took 0.119 seconds
[2024-02-08T02:55:35.096+0100] {processor.py:161} INFO - Started process (PID=13895) to work on /home/ubuntu/.local/lib/python3.10/site-packages/airflow/example_dags/example_latest_only_with_trigger.py
[2024-02-08T02:55:35.106+0100] {processor.py:830} INFO - Processing file /home/ubuntu/.local/lib/python3.10/site-packages/airflow/example_dags/example_latest_only_with_trigger.py for tasks to queue
[2024-02-08T02:55:35.181+0100] {logging_mixin.py:188} INFO - [2024-02-08T02:55:35.115+0100] {dagbag.py:538} INFO - Filling up the DagBag from /home/ubuntu/.local/lib/python3.10/site-packages/airflow/example_dags/example_latest_only_with_trigger.py
[2024-02-08T02:55:35.776+0100] {processor.py:840} INFO - DAG(s) 'latest_only_with_trigger' retrieved from /home/ubuntu/.local/lib/python3.10/site-packages/airflow/example_dags/example_latest_only_with_trigger.py
[2024-02-08T02:55:36.466+0100] {logging_mixin.py:188} INFO - [2024-02-08T02:55:36.466+0100] {dag.py:3033} INFO - Sync 1 DAGs
[2024-02-08T02:55:36.943+0100] {logging_mixin.py:188} INFO - [2024-02-08T02:55:36.943+0100] {dag.py:3820} INFO - Setting next_dagrun for latest_only_with_trigger to 2024-02-07T20:00:00+00:00, run_after=2024-02-08T00:00:00+00:00
[2024-02-08T02:55:37.241+0100] {processor.py:183} INFO - Processing /home/ubuntu/.local/lib/python3.10/site-packages/airflow/example_dags/example_latest_only_with_trigger.py took 2.346 seconds
[2024-02-08T02:58:40.441+0100] {processor.py:161} INFO - Started process (PID=13985) to work on /home/ubuntu/.local/lib/python3.10/site-packages/airflow/example_dags/example_latest_only_with_trigger.py
[2024-02-08T02:58:40.445+0100] {processor.py:830} INFO - Processing file /home/ubuntu/.local/lib/python3.10/site-packages/airflow/example_dags/example_latest_only_with_trigger.py for tasks to queue
[2024-02-08T02:58:40.451+0100] {logging_mixin.py:188} INFO - [2024-02-08T02:58:40.451+0100] {dagbag.py:538} INFO - Filling up the DagBag from /home/ubuntu/.local/lib/python3.10/site-packages/airflow/example_dags/example_latest_only_with_trigger.py
[2024-02-08T02:58:40.499+0100] {processor.py:840} INFO - DAG(s) 'latest_only_with_trigger' retrieved from /home/ubuntu/.local/lib/python3.10/site-packages/airflow/example_dags/example_latest_only_with_trigger.py
[2024-02-08T02:58:40.554+0100] {logging_mixin.py:188} INFO - [2024-02-08T02:58:40.554+0100] {dag.py:3033} INFO - Sync 1 DAGs
[2024-02-08T02:58:40.635+0100] {logging_mixin.py:188} INFO - [2024-02-08T02:58:40.635+0100] {dag.py:3820} INFO - Setting next_dagrun for latest_only_with_trigger to 2024-02-07T20:00:00+00:00, run_after=2024-02-08T00:00:00+00:00
[2024-02-08T02:58:40.831+0100] {processor.py:183} INFO - Processing /home/ubuntu/.local/lib/python3.10/site-packages/airflow/example_dags/example_latest_only_with_trigger.py took 0.394 seconds
[2024-02-08T03:01:45.642+0100] {processor.py:161} INFO - Started process (PID=14124) to work on /home/ubuntu/.local/lib/python3.10/site-packages/airflow/example_dags/example_latest_only_with_trigger.py
[2024-02-08T03:01:45.647+0100] {processor.py:830} INFO - Processing file /home/ubuntu/.local/lib/python3.10/site-packages/airflow/example_dags/example_latest_only_with_trigger.py for tasks to queue
[2024-02-08T03:01:45.651+0100] {logging_mixin.py:188} INFO - [2024-02-08T03:01:45.648+0100] {dagbag.py:538} INFO - Filling up the DagBag from /home/ubuntu/.local/lib/python3.10/site-packages/airflow/example_dags/example_latest_only_with_trigger.py
[2024-02-08T03:01:45.709+0100] {processor.py:840} INFO - DAG(s) 'latest_only_with_trigger' retrieved from /home/ubuntu/.local/lib/python3.10/site-packages/airflow/example_dags/example_latest_only_with_trigger.py
[2024-02-08T03:01:45.738+0100] {logging_mixin.py:188} INFO - [2024-02-08T03:01:45.738+0100] {dag.py:3033} INFO - Sync 1 DAGs
[2024-02-08T03:01:45.762+0100] {logging_mixin.py:188} INFO - [2024-02-08T03:01:45.762+0100] {dag.py:3820} INFO - Setting next_dagrun for latest_only_with_trigger to 2024-02-07T20:00:00+00:00, run_after=2024-02-08T00:00:00+00:00
[2024-02-08T03:01:45.853+0100] {processor.py:183} INFO - Processing /home/ubuntu/.local/lib/python3.10/site-packages/airflow/example_dags/example_latest_only_with_trigger.py took 0.216 seconds
[2024-02-08T03:03:48.905+0100] {processor.py:161} INFO - Started process (PID=14271) to work on /home/ubuntu/.local/lib/python3.10/site-packages/airflow/example_dags/example_latest_only_with_trigger.py
[2024-02-08T03:03:48.907+0100] {processor.py:830} INFO - Processing file /home/ubuntu/.local/lib/python3.10/site-packages/airflow/example_dags/example_latest_only_with_trigger.py for tasks to queue
[2024-02-08T03:03:48.909+0100] {logging_mixin.py:188} INFO - [2024-02-08T03:03:48.908+0100] {dagbag.py:538} INFO - Filling up the DagBag from /home/ubuntu/.local/lib/python3.10/site-packages/airflow/example_dags/example_latest_only_with_trigger.py
[2024-02-08T03:03:48.923+0100] {processor.py:840} INFO - DAG(s) 'latest_only_with_trigger' retrieved from /home/ubuntu/.local/lib/python3.10/site-packages/airflow/example_dags/example_latest_only_with_trigger.py
[2024-02-08T03:03:48.948+0100] {logging_mixin.py:188} INFO - [2024-02-08T03:03:48.947+0100] {dag.py:3033} INFO - Sync 1 DAGs
[2024-02-08T03:03:48.978+0100] {logging_mixin.py:188} INFO - [2024-02-08T03:03:48.977+0100] {dag.py:3820} INFO - Setting next_dagrun for latest_only_with_trigger to 2024-02-07T20:00:00+00:00, run_after=2024-02-08T00:00:00+00:00
[2024-02-08T03:03:49.014+0100] {processor.py:183} INFO - Processing /home/ubuntu/.local/lib/python3.10/site-packages/airflow/example_dags/example_latest_only_with_trigger.py took 0.115 seconds
[2024-02-08T03:05:20.763+0100] {processor.py:161} INFO - Started process (PID=14338) to work on /home/ubuntu/.local/lib/python3.10/site-packages/airflow/example_dags/example_latest_only_with_trigger.py
[2024-02-08T03:05:20.767+0100] {processor.py:830} INFO - Processing file /home/ubuntu/.local/lib/python3.10/site-packages/airflow/example_dags/example_latest_only_with_trigger.py for tasks to queue
[2024-02-08T03:05:20.769+0100] {logging_mixin.py:188} INFO - [2024-02-08T03:05:20.768+0100] {dagbag.py:538} INFO - Filling up the DagBag from /home/ubuntu/.local/lib/python3.10/site-packages/airflow/example_dags/example_latest_only_with_trigger.py
[2024-02-08T03:05:20.785+0100] {processor.py:840} INFO - DAG(s) 'latest_only_with_trigger' retrieved from /home/ubuntu/.local/lib/python3.10/site-packages/airflow/example_dags/example_latest_only_with_trigger.py
[2024-02-08T03:05:20.811+0100] {logging_mixin.py:188} INFO - [2024-02-08T03:05:20.811+0100] {dag.py:3033} INFO - Sync 1 DAGs
[2024-02-08T03:05:20.835+0100] {logging_mixin.py:188} INFO - [2024-02-08T03:05:20.835+0100] {dag.py:3820} INFO - Setting next_dagrun for latest_only_with_trigger to 2024-02-07T20:00:00+00:00, run_after=2024-02-08T00:00:00+00:00
[2024-02-08T03:05:20.876+0100] {processor.py:183} INFO - Processing /home/ubuntu/.local/lib/python3.10/site-packages/airflow/example_dags/example_latest_only_with_trigger.py took 0.117 seconds
[2024-02-08T03:06:38.547+0100] {processor.py:161} INFO - Started process (PID=14412) to work on /home/ubuntu/.local/lib/python3.10/site-packages/airflow/example_dags/example_latest_only_with_trigger.py
[2024-02-08T03:06:38.551+0100] {processor.py:830} INFO - Processing file /home/ubuntu/.local/lib/python3.10/site-packages/airflow/example_dags/example_latest_only_with_trigger.py for tasks to queue
[2024-02-08T03:06:38.553+0100] {logging_mixin.py:188} INFO - [2024-02-08T03:06:38.552+0100] {dagbag.py:538} INFO - Filling up the DagBag from /home/ubuntu/.local/lib/python3.10/site-packages/airflow/example_dags/example_latest_only_with_trigger.py
[2024-02-08T03:06:38.563+0100] {processor.py:840} INFO - DAG(s) 'latest_only_with_trigger' retrieved from /home/ubuntu/.local/lib/python3.10/site-packages/airflow/example_dags/example_latest_only_with_trigger.py
[2024-02-08T03:06:38.585+0100] {logging_mixin.py:188} INFO - [2024-02-08T03:06:38.585+0100] {dag.py:3033} INFO - Sync 1 DAGs
[2024-02-08T03:06:38.615+0100] {logging_mixin.py:188} INFO - [2024-02-08T03:06:38.615+0100] {dag.py:3820} INFO - Setting next_dagrun for latest_only_with_trigger to 2024-02-07T20:00:00+00:00, run_after=2024-02-08T00:00:00+00:00
[2024-02-08T03:06:38.664+0100] {processor.py:183} INFO - Processing /home/ubuntu/.local/lib/python3.10/site-packages/airflow/example_dags/example_latest_only_with_trigger.py took 0.122 seconds
[2024-02-08T03:07:47.254+0100] {processor.py:161} INFO - Started process (PID=14549) to work on /home/ubuntu/.local/lib/python3.10/site-packages/airflow/example_dags/example_latest_only_with_trigger.py
[2024-02-08T03:07:47.260+0100] {processor.py:830} INFO - Processing file /home/ubuntu/.local/lib/python3.10/site-packages/airflow/example_dags/example_latest_only_with_trigger.py for tasks to queue
[2024-02-08T03:07:47.263+0100] {logging_mixin.py:188} INFO - [2024-02-08T03:07:47.261+0100] {dagbag.py:538} INFO - Filling up the DagBag from /home/ubuntu/.local/lib/python3.10/site-packages/airflow/example_dags/example_latest_only_with_trigger.py
[2024-02-08T03:07:47.297+0100] {processor.py:840} INFO - DAG(s) 'latest_only_with_trigger' retrieved from /home/ubuntu/.local/lib/python3.10/site-packages/airflow/example_dags/example_latest_only_with_trigger.py
[2024-02-08T03:07:47.344+0100] {logging_mixin.py:188} INFO - [2024-02-08T03:07:47.344+0100] {dag.py:3033} INFO - Sync 1 DAGs
[2024-02-08T03:07:47.388+0100] {logging_mixin.py:188} INFO - [2024-02-08T03:07:47.388+0100] {dag.py:3820} INFO - Setting next_dagrun for latest_only_with_trigger to 2024-02-07T20:00:00+00:00, run_after=2024-02-08T00:00:00+00:00
[2024-02-08T03:07:47.512+0100] {processor.py:183} INFO - Processing /home/ubuntu/.local/lib/python3.10/site-packages/airflow/example_dags/example_latest_only_with_trigger.py took 0.269 seconds
[2024-02-08T03:08:56.990+0100] {processor.py:161} INFO - Started process (PID=14622) to work on /home/ubuntu/.local/lib/python3.10/site-packages/airflow/example_dags/example_latest_only_with_trigger.py
[2024-02-08T03:08:56.993+0100] {processor.py:830} INFO - Processing file /home/ubuntu/.local/lib/python3.10/site-packages/airflow/example_dags/example_latest_only_with_trigger.py for tasks to queue
[2024-02-08T03:08:56.995+0100] {logging_mixin.py:188} INFO - [2024-02-08T03:08:56.994+0100] {dagbag.py:538} INFO - Filling up the DagBag from /home/ubuntu/.local/lib/python3.10/site-packages/airflow/example_dags/example_latest_only_with_trigger.py
[2024-02-08T03:08:57.007+0100] {processor.py:840} INFO - DAG(s) 'latest_only_with_trigger' retrieved from /home/ubuntu/.local/lib/python3.10/site-packages/airflow/example_dags/example_latest_only_with_trigger.py
[2024-02-08T03:08:57.051+0100] {logging_mixin.py:188} INFO - [2024-02-08T03:08:57.051+0100] {dag.py:3033} INFO - Sync 1 DAGs
[2024-02-08T03:08:57.087+0100] {logging_mixin.py:188} INFO - [2024-02-08T03:08:57.087+0100] {dag.py:3820} INFO - Setting next_dagrun for latest_only_with_trigger to 2024-02-07T20:00:00+00:00, run_after=2024-02-08T00:00:00+00:00
[2024-02-08T03:08:57.140+0100] {processor.py:183} INFO - Processing /home/ubuntu/.local/lib/python3.10/site-packages/airflow/example_dags/example_latest_only_with_trigger.py took 0.154 seconds
[2024-02-08T03:09:59.463+0100] {processor.py:161} INFO - Started process (PID=14680) to work on /home/ubuntu/.local/lib/python3.10/site-packages/airflow/example_dags/example_latest_only_with_trigger.py
[2024-02-08T03:09:59.466+0100] {processor.py:830} INFO - Processing file /home/ubuntu/.local/lib/python3.10/site-packages/airflow/example_dags/example_latest_only_with_trigger.py for tasks to queue
[2024-02-08T03:09:59.468+0100] {logging_mixin.py:188} INFO - [2024-02-08T03:09:59.467+0100] {dagbag.py:538} INFO - Filling up the DagBag from /home/ubuntu/.local/lib/python3.10/site-packages/airflow/example_dags/example_latest_only_with_trigger.py
[2024-02-08T03:09:59.483+0100] {processor.py:840} INFO - DAG(s) 'latest_only_with_trigger' retrieved from /home/ubuntu/.local/lib/python3.10/site-packages/airflow/example_dags/example_latest_only_with_trigger.py
[2024-02-08T03:09:59.511+0100] {logging_mixin.py:188} INFO - [2024-02-08T03:09:59.511+0100] {dag.py:3033} INFO - Sync 1 DAGs
[2024-02-08T03:09:59.551+0100] {logging_mixin.py:188} INFO - [2024-02-08T03:09:59.550+0100] {dag.py:3820} INFO - Setting next_dagrun for latest_only_with_trigger to 2024-02-07T20:00:00+00:00, run_after=2024-02-08T00:00:00+00:00
[2024-02-08T03:09:59.600+0100] {processor.py:183} INFO - Processing /home/ubuntu/.local/lib/python3.10/site-packages/airflow/example_dags/example_latest_only_with_trigger.py took 0.142 seconds
[2024-02-08T03:11:07.851+0100] {processor.py:161} INFO - Started process (PID=14740) to work on /home/ubuntu/.local/lib/python3.10/site-packages/airflow/example_dags/example_latest_only_with_trigger.py
[2024-02-08T03:11:07.858+0100] {processor.py:830} INFO - Processing file /home/ubuntu/.local/lib/python3.10/site-packages/airflow/example_dags/example_latest_only_with_trigger.py for tasks to queue
[2024-02-08T03:11:07.861+0100] {logging_mixin.py:188} INFO - [2024-02-08T03:11:07.860+0100] {dagbag.py:538} INFO - Filling up the DagBag from /home/ubuntu/.local/lib/python3.10/site-packages/airflow/example_dags/example_latest_only_with_trigger.py
[2024-02-08T03:11:07.875+0100] {processor.py:840} INFO - DAG(s) 'latest_only_with_trigger' retrieved from /home/ubuntu/.local/lib/python3.10/site-packages/airflow/example_dags/example_latest_only_with_trigger.py
[2024-02-08T03:11:07.904+0100] {logging_mixin.py:188} INFO - [2024-02-08T03:11:07.904+0100] {dag.py:3033} INFO - Sync 1 DAGs
[2024-02-08T03:11:07.933+0100] {logging_mixin.py:188} INFO - [2024-02-08T03:11:07.933+0100] {dag.py:3820} INFO - Setting next_dagrun for latest_only_with_trigger to 2024-02-07T20:00:00+00:00, run_after=2024-02-08T00:00:00+00:00
[2024-02-08T03:11:07.985+0100] {processor.py:183} INFO - Processing /home/ubuntu/.local/lib/python3.10/site-packages/airflow/example_dags/example_latest_only_with_trigger.py took 0.140 seconds
[2024-02-08T03:12:11.363+0100] {processor.py:161} INFO - Started process (PID=14798) to work on /home/ubuntu/.local/lib/python3.10/site-packages/airflow/example_dags/example_latest_only_with_trigger.py
[2024-02-08T03:12:11.367+0100] {processor.py:830} INFO - Processing file /home/ubuntu/.local/lib/python3.10/site-packages/airflow/example_dags/example_latest_only_with_trigger.py for tasks to queue
[2024-02-08T03:12:11.369+0100] {logging_mixin.py:188} INFO - [2024-02-08T03:12:11.368+0100] {dagbag.py:538} INFO - Filling up the DagBag from /home/ubuntu/.local/lib/python3.10/site-packages/airflow/example_dags/example_latest_only_with_trigger.py
[2024-02-08T03:12:11.382+0100] {processor.py:840} INFO - DAG(s) 'latest_only_with_trigger' retrieved from /home/ubuntu/.local/lib/python3.10/site-packages/airflow/example_dags/example_latest_only_with_trigger.py
[2024-02-08T03:12:11.408+0100] {logging_mixin.py:188} INFO - [2024-02-08T03:12:11.408+0100] {dag.py:3033} INFO - Sync 1 DAGs
[2024-02-08T03:12:11.435+0100] {logging_mixin.py:188} INFO - [2024-02-08T03:12:11.435+0100] {dag.py:3820} INFO - Setting next_dagrun for latest_only_with_trigger to 2024-02-07T20:00:00+00:00, run_after=2024-02-08T00:00:00+00:00
[2024-02-08T03:12:11.475+0100] {processor.py:183} INFO - Processing /home/ubuntu/.local/lib/python3.10/site-packages/airflow/example_dags/example_latest_only_with_trigger.py took 0.116 seconds
[2024-02-08T03:13:10.092+0100] {processor.py:161} INFO - Started process (PID=14855) to work on /home/ubuntu/.local/lib/python3.10/site-packages/airflow/example_dags/example_latest_only_with_trigger.py
[2024-02-08T03:13:10.095+0100] {processor.py:830} INFO - Processing file /home/ubuntu/.local/lib/python3.10/site-packages/airflow/example_dags/example_latest_only_with_trigger.py for tasks to queue
[2024-02-08T03:13:10.097+0100] {logging_mixin.py:188} INFO - [2024-02-08T03:13:10.096+0100] {dagbag.py:538} INFO - Filling up the DagBag from /home/ubuntu/.local/lib/python3.10/site-packages/airflow/example_dags/example_latest_only_with_trigger.py
[2024-02-08T03:13:10.112+0100] {processor.py:840} INFO - DAG(s) 'latest_only_with_trigger' retrieved from /home/ubuntu/.local/lib/python3.10/site-packages/airflow/example_dags/example_latest_only_with_trigger.py
[2024-02-08T03:13:10.141+0100] {logging_mixin.py:188} INFO - [2024-02-08T03:13:10.140+0100] {dag.py:3033} INFO - Sync 1 DAGs
[2024-02-08T03:13:10.182+0100] {logging_mixin.py:188} INFO - [2024-02-08T03:13:10.182+0100] {dag.py:3820} INFO - Setting next_dagrun for latest_only_with_trigger to 2024-02-07T20:00:00+00:00, run_after=2024-02-08T00:00:00+00:00
[2024-02-08T03:13:10.231+0100] {processor.py:183} INFO - Processing /home/ubuntu/.local/lib/python3.10/site-packages/airflow/example_dags/example_latest_only_with_trigger.py took 0.146 seconds
[2024-02-08T03:14:10.003+0100] {processor.py:161} INFO - Started process (PID=14914) to work on /home/ubuntu/.local/lib/python3.10/site-packages/airflow/example_dags/example_latest_only_with_trigger.py
[2024-02-08T03:14:10.008+0100] {processor.py:830} INFO - Processing file /home/ubuntu/.local/lib/python3.10/site-packages/airflow/example_dags/example_latest_only_with_trigger.py for tasks to queue
[2024-02-08T03:14:10.012+0100] {logging_mixin.py:188} INFO - [2024-02-08T03:14:10.011+0100] {dagbag.py:538} INFO - Filling up the DagBag from /home/ubuntu/.local/lib/python3.10/site-packages/airflow/example_dags/example_latest_only_with_trigger.py
[2024-02-08T03:14:10.030+0100] {processor.py:840} INFO - DAG(s) 'latest_only_with_trigger' retrieved from /home/ubuntu/.local/lib/python3.10/site-packages/airflow/example_dags/example_latest_only_with_trigger.py
[2024-02-08T03:14:10.085+0100] {logging_mixin.py:188} INFO - [2024-02-08T03:14:10.085+0100] {dag.py:3033} INFO - Sync 1 DAGs
[2024-02-08T03:14:10.123+0100] {logging_mixin.py:188} INFO - [2024-02-08T03:14:10.123+0100] {dag.py:3820} INFO - Setting next_dagrun for latest_only_with_trigger to 2024-02-07T20:00:00+00:00, run_after=2024-02-08T00:00:00+00:00
[2024-02-08T03:14:10.166+0100] {processor.py:183} INFO - Processing /home/ubuntu/.local/lib/python3.10/site-packages/airflow/example_dags/example_latest_only_with_trigger.py took 0.168 seconds
[2024-02-08T03:15:14.067+0100] {processor.py:161} INFO - Started process (PID=14985) to work on /home/ubuntu/.local/lib/python3.10/site-packages/airflow/example_dags/example_latest_only_with_trigger.py
[2024-02-08T03:15:14.070+0100] {processor.py:830} INFO - Processing file /home/ubuntu/.local/lib/python3.10/site-packages/airflow/example_dags/example_latest_only_with_trigger.py for tasks to queue
[2024-02-08T03:15:14.074+0100] {logging_mixin.py:188} INFO - [2024-02-08T03:15:14.072+0100] {dagbag.py:538} INFO - Filling up the DagBag from /home/ubuntu/.local/lib/python3.10/site-packages/airflow/example_dags/example_latest_only_with_trigger.py
[2024-02-08T03:15:14.092+0100] {processor.py:840} INFO - DAG(s) 'latest_only_with_trigger' retrieved from /home/ubuntu/.local/lib/python3.10/site-packages/airflow/example_dags/example_latest_only_with_trigger.py
[2024-02-08T03:15:14.125+0100] {logging_mixin.py:188} INFO - [2024-02-08T03:15:14.124+0100] {dag.py:3033} INFO - Sync 1 DAGs
[2024-02-08T03:15:14.165+0100] {logging_mixin.py:188} INFO - [2024-02-08T03:15:14.164+0100] {dag.py:3820} INFO - Setting next_dagrun for latest_only_with_trigger to 2024-02-07T20:00:00+00:00, run_after=2024-02-08T00:00:00+00:00
[2024-02-08T03:15:14.213+0100] {processor.py:183} INFO - Processing /home/ubuntu/.local/lib/python3.10/site-packages/airflow/example_dags/example_latest_only_with_trigger.py took 0.151 seconds
[2024-02-08T03:16:15.957+0100] {processor.py:161} INFO - Started process (PID=15042) to work on /home/ubuntu/.local/lib/python3.10/site-packages/airflow/example_dags/example_latest_only_with_trigger.py
[2024-02-08T03:16:15.961+0100] {processor.py:830} INFO - Processing file /home/ubuntu/.local/lib/python3.10/site-packages/airflow/example_dags/example_latest_only_with_trigger.py for tasks to queue
[2024-02-08T03:16:15.965+0100] {logging_mixin.py:188} INFO - [2024-02-08T03:16:15.964+0100] {dagbag.py:538} INFO - Filling up the DagBag from /home/ubuntu/.local/lib/python3.10/site-packages/airflow/example_dags/example_latest_only_with_trigger.py
[2024-02-08T03:16:15.981+0100] {processor.py:840} INFO - DAG(s) 'latest_only_with_trigger' retrieved from /home/ubuntu/.local/lib/python3.10/site-packages/airflow/example_dags/example_latest_only_with_trigger.py
[2024-02-08T03:16:16.018+0100] {logging_mixin.py:188} INFO - [2024-02-08T03:16:16.018+0100] {dag.py:3033} INFO - Sync 1 DAGs
[2024-02-08T03:16:16.055+0100] {logging_mixin.py:188} INFO - [2024-02-08T03:16:16.054+0100] {dag.py:3820} INFO - Setting next_dagrun for latest_only_with_trigger to 2024-02-07T20:00:00+00:00, run_after=2024-02-08T00:00:00+00:00
[2024-02-08T03:16:16.104+0100] {processor.py:183} INFO - Processing /home/ubuntu/.local/lib/python3.10/site-packages/airflow/example_dags/example_latest_only_with_trigger.py took 0.153 seconds
[2024-02-08T03:17:14.456+0100] {processor.py:161} INFO - Started process (PID=15100) to work on /home/ubuntu/.local/lib/python3.10/site-packages/airflow/example_dags/example_latest_only_with_trigger.py
[2024-02-08T03:17:14.459+0100] {processor.py:830} INFO - Processing file /home/ubuntu/.local/lib/python3.10/site-packages/airflow/example_dags/example_latest_only_with_trigger.py for tasks to queue
[2024-02-08T03:17:14.461+0100] {logging_mixin.py:188} INFO - [2024-02-08T03:17:14.461+0100] {dagbag.py:538} INFO - Filling up the DagBag from /home/ubuntu/.local/lib/python3.10/site-packages/airflow/example_dags/example_latest_only_with_trigger.py
[2024-02-08T03:17:14.476+0100] {processor.py:840} INFO - DAG(s) 'latest_only_with_trigger' retrieved from /home/ubuntu/.local/lib/python3.10/site-packages/airflow/example_dags/example_latest_only_with_trigger.py
[2024-02-08T03:17:14.508+0100] {logging_mixin.py:188} INFO - [2024-02-08T03:17:14.507+0100] {dag.py:3033} INFO - Sync 1 DAGs
[2024-02-08T03:17:14.557+0100] {logging_mixin.py:188} INFO - [2024-02-08T03:17:14.556+0100] {dag.py:3820} INFO - Setting next_dagrun for latest_only_with_trigger to 2024-02-07T20:00:00+00:00, run_after=2024-02-08T00:00:00+00:00
[2024-02-08T03:17:14.599+0100] {processor.py:183} INFO - Processing /home/ubuntu/.local/lib/python3.10/site-packages/airflow/example_dags/example_latest_only_with_trigger.py took 0.149 seconds
[2024-02-08T03:18:13.286+0100] {processor.py:161} INFO - Started process (PID=15157) to work on /home/ubuntu/.local/lib/python3.10/site-packages/airflow/example_dags/example_latest_only_with_trigger.py
[2024-02-08T03:18:13.289+0100] {processor.py:830} INFO - Processing file /home/ubuntu/.local/lib/python3.10/site-packages/airflow/example_dags/example_latest_only_with_trigger.py for tasks to queue
[2024-02-08T03:18:13.293+0100] {logging_mixin.py:188} INFO - [2024-02-08T03:18:13.293+0100] {dagbag.py:538} INFO - Filling up the DagBag from /home/ubuntu/.local/lib/python3.10/site-packages/airflow/example_dags/example_latest_only_with_trigger.py
[2024-02-08T03:18:13.313+0100] {processor.py:840} INFO - DAG(s) 'latest_only_with_trigger' retrieved from /home/ubuntu/.local/lib/python3.10/site-packages/airflow/example_dags/example_latest_only_with_trigger.py
[2024-02-08T03:18:13.347+0100] {logging_mixin.py:188} INFO - [2024-02-08T03:18:13.346+0100] {dag.py:3033} INFO - Sync 1 DAGs
[2024-02-08T03:18:13.384+0100] {logging_mixin.py:188} INFO - [2024-02-08T03:18:13.384+0100] {dag.py:3820} INFO - Setting next_dagrun for latest_only_with_trigger to 2024-02-07T20:00:00+00:00, run_after=2024-02-08T00:00:00+00:00
[2024-02-08T03:18:13.423+0100] {processor.py:183} INFO - Processing /home/ubuntu/.local/lib/python3.10/site-packages/airflow/example_dags/example_latest_only_with_trigger.py took 0.144 seconds
[2024-02-08T03:19:13.033+0100] {processor.py:161} INFO - Started process (PID=15214) to work on /home/ubuntu/.local/lib/python3.10/site-packages/airflow/example_dags/example_latest_only_with_trigger.py
[2024-02-08T03:19:13.036+0100] {processor.py:830} INFO - Processing file /home/ubuntu/.local/lib/python3.10/site-packages/airflow/example_dags/example_latest_only_with_trigger.py for tasks to queue
[2024-02-08T03:19:13.038+0100] {logging_mixin.py:188} INFO - [2024-02-08T03:19:13.037+0100] {dagbag.py:538} INFO - Filling up the DagBag from /home/ubuntu/.local/lib/python3.10/site-packages/airflow/example_dags/example_latest_only_with_trigger.py
[2024-02-08T03:19:13.050+0100] {processor.py:840} INFO - DAG(s) 'latest_only_with_trigger' retrieved from /home/ubuntu/.local/lib/python3.10/site-packages/airflow/example_dags/example_latest_only_with_trigger.py
[2024-02-08T03:19:13.102+0100] {logging_mixin.py:188} INFO - [2024-02-08T03:19:13.102+0100] {dag.py:3033} INFO - Sync 1 DAGs
[2024-02-08T03:19:13.127+0100] {logging_mixin.py:188} INFO - [2024-02-08T03:19:13.127+0100] {dag.py:3820} INFO - Setting next_dagrun for latest_only_with_trigger to 2024-02-07T20:00:00+00:00, run_after=2024-02-08T00:00:00+00:00
[2024-02-08T03:19:13.170+0100] {processor.py:183} INFO - Processing /home/ubuntu/.local/lib/python3.10/site-packages/airflow/example_dags/example_latest_only_with_trigger.py took 0.143 seconds
[2024-02-08T03:20:28.701+0100] {processor.py:161} INFO - Started process (PID=15339) to work on /home/ubuntu/.local/lib/python3.10/site-packages/airflow/example_dags/example_latest_only_with_trigger.py
[2024-02-08T03:20:28.707+0100] {processor.py:830} INFO - Processing file /home/ubuntu/.local/lib/python3.10/site-packages/airflow/example_dags/example_latest_only_with_trigger.py for tasks to queue
[2024-02-08T03:20:28.708+0100] {logging_mixin.py:188} INFO - [2024-02-08T03:20:28.708+0100] {dagbag.py:538} INFO - Filling up the DagBag from /home/ubuntu/.local/lib/python3.10/site-packages/airflow/example_dags/example_latest_only_with_trigger.py
[2024-02-08T03:20:28.719+0100] {processor.py:840} INFO - DAG(s) 'latest_only_with_trigger' retrieved from /home/ubuntu/.local/lib/python3.10/site-packages/airflow/example_dags/example_latest_only_with_trigger.py
[2024-02-08T03:20:28.749+0100] {logging_mixin.py:188} INFO - [2024-02-08T03:20:28.748+0100] {dag.py:3033} INFO - Sync 1 DAGs
[2024-02-08T03:20:28.773+0100] {logging_mixin.py:188} INFO - [2024-02-08T03:20:28.772+0100] {dag.py:3820} INFO - Setting next_dagrun for latest_only_with_trigger to 2024-02-07T20:00:00+00:00, run_after=2024-02-08T00:00:00+00:00
[2024-02-08T03:20:28.813+0100] {processor.py:183} INFO - Processing /home/ubuntu/.local/lib/python3.10/site-packages/airflow/example_dags/example_latest_only_with_trigger.py took 0.117 seconds
[2024-02-08T03:21:37.683+0100] {processor.py:161} INFO - Started process (PID=15400) to work on /home/ubuntu/.local/lib/python3.10/site-packages/airflow/example_dags/example_latest_only_with_trigger.py
[2024-02-08T03:21:37.688+0100] {processor.py:830} INFO - Processing file /home/ubuntu/.local/lib/python3.10/site-packages/airflow/example_dags/example_latest_only_with_trigger.py for tasks to queue
[2024-02-08T03:21:37.689+0100] {logging_mixin.py:188} INFO - [2024-02-08T03:21:37.689+0100] {dagbag.py:538} INFO - Filling up the DagBag from /home/ubuntu/.local/lib/python3.10/site-packages/airflow/example_dags/example_latest_only_with_trigger.py
[2024-02-08T03:21:37.703+0100] {processor.py:840} INFO - DAG(s) 'latest_only_with_trigger' retrieved from /home/ubuntu/.local/lib/python3.10/site-packages/airflow/example_dags/example_latest_only_with_trigger.py
[2024-02-08T03:21:37.727+0100] {logging_mixin.py:188} INFO - [2024-02-08T03:21:37.726+0100] {dag.py:3033} INFO - Sync 1 DAGs
[2024-02-08T03:21:37.756+0100] {logging_mixin.py:188} INFO - [2024-02-08T03:21:37.756+0100] {dag.py:3820} INFO - Setting next_dagrun for latest_only_with_trigger to 2024-02-07T20:00:00+00:00, run_after=2024-02-08T00:00:00+00:00
[2024-02-08T03:21:37.796+0100] {processor.py:183} INFO - Processing /home/ubuntu/.local/lib/python3.10/site-packages/airflow/example_dags/example_latest_only_with_trigger.py took 0.119 seconds
[2024-02-08T03:22:43.290+0100] {processor.py:161} INFO - Started process (PID=15458) to work on /home/ubuntu/.local/lib/python3.10/site-packages/airflow/example_dags/example_latest_only_with_trigger.py
[2024-02-08T03:22:43.295+0100] {processor.py:830} INFO - Processing file /home/ubuntu/.local/lib/python3.10/site-packages/airflow/example_dags/example_latest_only_with_trigger.py for tasks to queue
[2024-02-08T03:22:43.297+0100] {logging_mixin.py:188} INFO - [2024-02-08T03:22:43.296+0100] {dagbag.py:538} INFO - Filling up the DagBag from /home/ubuntu/.local/lib/python3.10/site-packages/airflow/example_dags/example_latest_only_with_trigger.py
[2024-02-08T03:22:43.310+0100] {processor.py:840} INFO - DAG(s) 'latest_only_with_trigger' retrieved from /home/ubuntu/.local/lib/python3.10/site-packages/airflow/example_dags/example_latest_only_with_trigger.py
[2024-02-08T03:22:43.343+0100] {logging_mixin.py:188} INFO - [2024-02-08T03:22:43.343+0100] {dag.py:3033} INFO - Sync 1 DAGs
[2024-02-08T03:22:43.371+0100] {logging_mixin.py:188} INFO - [2024-02-08T03:22:43.371+0100] {dag.py:3820} INFO - Setting next_dagrun for latest_only_with_trigger to 2024-02-07T20:00:00+00:00, run_after=2024-02-08T00:00:00+00:00
[2024-02-08T03:22:43.462+0100] {processor.py:183} INFO - Processing /home/ubuntu/.local/lib/python3.10/site-packages/airflow/example_dags/example_latest_only_with_trigger.py took 0.176 seconds
[2024-02-08T03:23:53.931+0100] {processor.py:161} INFO - Started process (PID=15545) to work on /home/ubuntu/.local/lib/python3.10/site-packages/airflow/example_dags/example_latest_only_with_trigger.py
[2024-02-08T03:23:53.935+0100] {processor.py:830} INFO - Processing file /home/ubuntu/.local/lib/python3.10/site-packages/airflow/example_dags/example_latest_only_with_trigger.py for tasks to queue
[2024-02-08T03:23:53.936+0100] {logging_mixin.py:188} INFO - [2024-02-08T03:23:53.936+0100] {dagbag.py:538} INFO - Filling up the DagBag from /home/ubuntu/.local/lib/python3.10/site-packages/airflow/example_dags/example_latest_only_with_trigger.py
[2024-02-08T03:23:53.949+0100] {processor.py:840} INFO - DAG(s) 'latest_only_with_trigger' retrieved from /home/ubuntu/.local/lib/python3.10/site-packages/airflow/example_dags/example_latest_only_with_trigger.py
[2024-02-08T03:23:53.976+0100] {logging_mixin.py:188} INFO - [2024-02-08T03:23:53.976+0100] {dag.py:3033} INFO - Sync 1 DAGs
[2024-02-08T03:23:54.000+0100] {logging_mixin.py:188} INFO - [2024-02-08T03:23:54.000+0100] {dag.py:3820} INFO - Setting next_dagrun for latest_only_with_trigger to 2024-02-07T20:00:00+00:00, run_after=2024-02-08T00:00:00+00:00
[2024-02-08T03:23:54.046+0100] {processor.py:183} INFO - Processing /home/ubuntu/.local/lib/python3.10/site-packages/airflow/example_dags/example_latest_only_with_trigger.py took 0.119 seconds
[2024-02-08T03:25:26.063+0100] {processor.py:161} INFO - Started process (PID=15675) to work on /home/ubuntu/.local/lib/python3.10/site-packages/airflow/example_dags/example_latest_only_with_trigger.py
[2024-02-08T03:25:26.067+0100] {processor.py:830} INFO - Processing file /home/ubuntu/.local/lib/python3.10/site-packages/airflow/example_dags/example_latest_only_with_trigger.py for tasks to queue
[2024-02-08T03:25:26.069+0100] {logging_mixin.py:188} INFO - [2024-02-08T03:25:26.068+0100] {dagbag.py:538} INFO - Filling up the DagBag from /home/ubuntu/.local/lib/python3.10/site-packages/airflow/example_dags/example_latest_only_with_trigger.py
[2024-02-08T03:25:26.086+0100] {processor.py:840} INFO - DAG(s) 'latest_only_with_trigger' retrieved from /home/ubuntu/.local/lib/python3.10/site-packages/airflow/example_dags/example_latest_only_with_trigger.py
[2024-02-08T03:25:26.115+0100] {logging_mixin.py:188} INFO - [2024-02-08T03:25:26.114+0100] {dag.py:3033} INFO - Sync 1 DAGs
[2024-02-08T03:25:26.146+0100] {logging_mixin.py:188} INFO - [2024-02-08T03:25:26.146+0100] {dag.py:3820} INFO - Setting next_dagrun for latest_only_with_trigger to 2024-02-07T20:00:00+00:00, run_after=2024-02-08T00:00:00+00:00
[2024-02-08T03:25:26.248+0100] {processor.py:183} INFO - Processing /home/ubuntu/.local/lib/python3.10/site-packages/airflow/example_dags/example_latest_only_with_trigger.py took 0.191 seconds
