[2024-02-08T02:46:19.363+0100] {processor.py:161} INFO - Started process (PID=12331) to work on /home/ubuntu/.local/lib/python3.10/site-packages/airflow/example_dags/example_trigger_target_dag.py
[2024-02-08T02:46:19.372+0100] {processor.py:830} INFO - Processing file /home/ubuntu/.local/lib/python3.10/site-packages/airflow/example_dags/example_trigger_target_dag.py for tasks to queue
[2024-02-08T02:46:19.374+0100] {logging_mixin.py:188} INFO - [2024-02-08T02:46:19.374+0100] {dagbag.py:538} INFO - Filling up the DagBag from /home/ubuntu/.local/lib/python3.10/site-packages/airflow/example_dags/example_trigger_target_dag.py
[2024-02-08T02:46:19.453+0100] {processor.py:840} INFO - DAG(s) 'example_trigger_target_dag' retrieved from /home/ubuntu/.local/lib/python3.10/site-packages/airflow/example_dags/example_trigger_target_dag.py
[2024-02-08T02:46:19.493+0100] {logging_mixin.py:188} INFO - [2024-02-08T02:46:19.493+0100] {dag.py:3033} INFO - Sync 1 DAGs
[2024-02-08T02:46:19.653+0100] {logging_mixin.py:188} INFO - [2024-02-08T02:46:19.653+0100] {dag.py:3820} INFO - Setting next_dagrun for example_trigger_target_dag to None, run_after=None
[2024-02-08T02:46:19.818+0100] {processor.py:183} INFO - Processing /home/ubuntu/.local/lib/python3.10/site-packages/airflow/example_dags/example_trigger_target_dag.py took 0.461 seconds
[2024-02-08T02:48:04.569+0100] {processor.py:161} INFO - Started process (PID=12463) to work on /home/ubuntu/.local/lib/python3.10/site-packages/airflow/example_dags/example_trigger_target_dag.py
[2024-02-08T02:48:04.625+0100] {processor.py:830} INFO - Processing file /home/ubuntu/.local/lib/python3.10/site-packages/airflow/example_dags/example_trigger_target_dag.py for tasks to queue
[2024-02-08T02:48:04.626+0100] {logging_mixin.py:188} INFO - [2024-02-08T02:48:04.625+0100] {dagbag.py:538} INFO - Filling up the DagBag from /home/ubuntu/.local/lib/python3.10/site-packages/airflow/example_dags/example_trigger_target_dag.py
[2024-02-08T02:48:04.697+0100] {processor.py:840} INFO - DAG(s) 'example_trigger_target_dag' retrieved from /home/ubuntu/.local/lib/python3.10/site-packages/airflow/example_dags/example_trigger_target_dag.py
[2024-02-08T02:48:04.850+0100] {logging_mixin.py:188} INFO - [2024-02-08T02:48:04.849+0100] {dag.py:3033} INFO - Sync 1 DAGs
[2024-02-08T02:48:04.861+0100] {logging_mixin.py:188} INFO - [2024-02-08T02:48:04.861+0100] {dag.py:3820} INFO - Setting next_dagrun for example_trigger_target_dag to None, run_after=None
[2024-02-08T02:48:04.977+0100] {processor.py:183} INFO - Processing /home/ubuntu/.local/lib/python3.10/site-packages/airflow/example_dags/example_trigger_target_dag.py took 0.412 seconds
[2024-02-08T02:49:02.253+0100] {processor.py:161} INFO - Started process (PID=13071) to work on /home/ubuntu/.local/lib/python3.10/site-packages/airflow/example_dags/example_trigger_target_dag.py
[2024-02-08T02:49:02.257+0100] {processor.py:830} INFO - Processing file /home/ubuntu/.local/lib/python3.10/site-packages/airflow/example_dags/example_trigger_target_dag.py for tasks to queue
[2024-02-08T02:49:02.258+0100] {logging_mixin.py:188} INFO - [2024-02-08T02:49:02.257+0100] {dagbag.py:538} INFO - Filling up the DagBag from /home/ubuntu/.local/lib/python3.10/site-packages/airflow/example_dags/example_trigger_target_dag.py
[2024-02-08T02:49:02.265+0100] {processor.py:840} INFO - DAG(s) 'example_trigger_target_dag' retrieved from /home/ubuntu/.local/lib/python3.10/site-packages/airflow/example_dags/example_trigger_target_dag.py
[2024-02-08T02:49:02.290+0100] {logging_mixin.py:188} INFO - [2024-02-08T02:49:02.290+0100] {dag.py:3033} INFO - Sync 1 DAGs
[2024-02-08T02:49:02.308+0100] {logging_mixin.py:188} INFO - [2024-02-08T02:49:02.308+0100] {dag.py:3820} INFO - Setting next_dagrun for example_trigger_target_dag to None, run_after=None
[2024-02-08T02:49:02.377+0100] {processor.py:183} INFO - Processing /home/ubuntu/.local/lib/python3.10/site-packages/airflow/example_dags/example_trigger_target_dag.py took 0.129 seconds
[2024-02-08T02:50:01.379+0100] {processor.py:161} INFO - Started process (PID=13124) to work on /home/ubuntu/.local/lib/python3.10/site-packages/airflow/example_dags/example_trigger_target_dag.py
[2024-02-08T02:50:01.391+0100] {processor.py:830} INFO - Processing file /home/ubuntu/.local/lib/python3.10/site-packages/airflow/example_dags/example_trigger_target_dag.py for tasks to queue
[2024-02-08T02:50:01.405+0100] {logging_mixin.py:188} INFO - [2024-02-08T02:50:01.400+0100] {dagbag.py:538} INFO - Filling up the DagBag from /home/ubuntu/.local/lib/python3.10/site-packages/airflow/example_dags/example_trigger_target_dag.py
[2024-02-08T02:50:01.482+0100] {processor.py:840} INFO - DAG(s) 'example_trigger_target_dag' retrieved from /home/ubuntu/.local/lib/python3.10/site-packages/airflow/example_dags/example_trigger_target_dag.py
[2024-02-08T02:50:02.038+0100] {logging_mixin.py:188} INFO - [2024-02-08T02:50:02.038+0100] {dag.py:3033} INFO - Sync 1 DAGs
[2024-02-08T02:50:02.174+0100] {logging_mixin.py:188} INFO - [2024-02-08T02:50:02.173+0100] {dag.py:3820} INFO - Setting next_dagrun for example_trigger_target_dag to None, run_after=None
[2024-02-08T02:50:02.276+0100] {processor.py:183} INFO - Processing /home/ubuntu/.local/lib/python3.10/site-packages/airflow/example_dags/example_trigger_target_dag.py took 0.998 seconds
[2024-02-08T02:50:48.759+0100] {processor.py:161} INFO - Started process (PID=13639) to work on /home/ubuntu/.local/lib/python3.10/site-packages/airflow/example_dags/example_trigger_target_dag.py
[2024-02-08T02:50:48.763+0100] {processor.py:830} INFO - Processing file /home/ubuntu/.local/lib/python3.10/site-packages/airflow/example_dags/example_trigger_target_dag.py for tasks to queue
[2024-02-08T02:50:48.765+0100] {logging_mixin.py:188} INFO - [2024-02-08T02:50:48.765+0100] {dagbag.py:538} INFO - Filling up the DagBag from /home/ubuntu/.local/lib/python3.10/site-packages/airflow/example_dags/example_trigger_target_dag.py
[2024-02-08T02:50:48.781+0100] {processor.py:840} INFO - DAG(s) 'example_trigger_target_dag' retrieved from /home/ubuntu/.local/lib/python3.10/site-packages/airflow/example_dags/example_trigger_target_dag.py
[2024-02-08T02:50:48.814+0100] {logging_mixin.py:188} INFO - [2024-02-08T02:50:48.814+0100] {dag.py:3033} INFO - Sync 1 DAGs
[2024-02-08T02:50:48.834+0100] {logging_mixin.py:188} INFO - [2024-02-08T02:50:48.833+0100] {dag.py:3820} INFO - Setting next_dagrun for example_trigger_target_dag to None, run_after=None
[2024-02-08T02:50:48.871+0100] {processor.py:183} INFO - Processing /home/ubuntu/.local/lib/python3.10/site-packages/airflow/example_dags/example_trigger_target_dag.py took 0.117 seconds
[2024-02-08T02:51:30.566+0100] {processor.py:161} INFO - Started process (PID=13678) to work on /home/ubuntu/.local/lib/python3.10/site-packages/airflow/example_dags/example_trigger_target_dag.py
[2024-02-08T02:51:30.570+0100] {processor.py:830} INFO - Processing file /home/ubuntu/.local/lib/python3.10/site-packages/airflow/example_dags/example_trigger_target_dag.py for tasks to queue
[2024-02-08T02:51:30.572+0100] {logging_mixin.py:188} INFO - [2024-02-08T02:51:30.571+0100] {dagbag.py:538} INFO - Filling up the DagBag from /home/ubuntu/.local/lib/python3.10/site-packages/airflow/example_dags/example_trigger_target_dag.py
[2024-02-08T02:51:30.581+0100] {processor.py:840} INFO - DAG(s) 'example_trigger_target_dag' retrieved from /home/ubuntu/.local/lib/python3.10/site-packages/airflow/example_dags/example_trigger_target_dag.py
[2024-02-08T02:51:30.605+0100] {logging_mixin.py:188} INFO - [2024-02-08T02:51:30.604+0100] {dag.py:3033} INFO - Sync 1 DAGs
[2024-02-08T02:51:30.620+0100] {logging_mixin.py:188} INFO - [2024-02-08T02:51:30.620+0100] {dag.py:3820} INFO - Setting next_dagrun for example_trigger_target_dag to None, run_after=None
[2024-02-08T02:51:30.659+0100] {processor.py:183} INFO - Processing /home/ubuntu/.local/lib/python3.10/site-packages/airflow/example_dags/example_trigger_target_dag.py took 0.099 seconds
[2024-02-08T02:53:06.406+0100] {processor.py:161} INFO - Started process (PID=13796) to work on /home/ubuntu/.local/lib/python3.10/site-packages/airflow/example_dags/example_trigger_target_dag.py
[2024-02-08T02:53:06.410+0100] {processor.py:830} INFO - Processing file /home/ubuntu/.local/lib/python3.10/site-packages/airflow/example_dags/example_trigger_target_dag.py for tasks to queue
[2024-02-08T02:53:06.412+0100] {logging_mixin.py:188} INFO - [2024-02-08T02:53:06.411+0100] {dagbag.py:538} INFO - Filling up the DagBag from /home/ubuntu/.local/lib/python3.10/site-packages/airflow/example_dags/example_trigger_target_dag.py
[2024-02-08T02:53:06.423+0100] {processor.py:840} INFO - DAG(s) 'example_trigger_target_dag' retrieved from /home/ubuntu/.local/lib/python3.10/site-packages/airflow/example_dags/example_trigger_target_dag.py
[2024-02-08T02:53:06.445+0100] {logging_mixin.py:188} INFO - [2024-02-08T02:53:06.445+0100] {dag.py:3033} INFO - Sync 1 DAGs
[2024-02-08T02:53:06.461+0100] {logging_mixin.py:188} INFO - [2024-02-08T02:53:06.461+0100] {dag.py:3820} INFO - Setting next_dagrun for example_trigger_target_dag to None, run_after=None
[2024-02-08T02:53:06.498+0100] {processor.py:183} INFO - Processing /home/ubuntu/.local/lib/python3.10/site-packages/airflow/example_dags/example_trigger_target_dag.py took 0.096 seconds
[2024-02-08T02:53:50.226+0100] {processor.py:161} INFO - Started process (PID=13838) to work on /home/ubuntu/.local/lib/python3.10/site-packages/airflow/example_dags/example_trigger_target_dag.py
[2024-02-08T02:53:50.231+0100] {processor.py:830} INFO - Processing file /home/ubuntu/.local/lib/python3.10/site-packages/airflow/example_dags/example_trigger_target_dag.py for tasks to queue
[2024-02-08T02:53:50.237+0100] {logging_mixin.py:188} INFO - [2024-02-08T02:53:50.234+0100] {dagbag.py:538} INFO - Filling up the DagBag from /home/ubuntu/.local/lib/python3.10/site-packages/airflow/example_dags/example_trigger_target_dag.py
[2024-02-08T02:53:50.261+0100] {processor.py:840} INFO - DAG(s) 'example_trigger_target_dag' retrieved from /home/ubuntu/.local/lib/python3.10/site-packages/airflow/example_dags/example_trigger_target_dag.py
[2024-02-08T02:53:50.309+0100] {logging_mixin.py:188} INFO - [2024-02-08T02:53:50.309+0100] {dag.py:3033} INFO - Sync 1 DAGs
[2024-02-08T02:53:50.358+0100] {logging_mixin.py:188} INFO - [2024-02-08T02:53:50.357+0100] {dag.py:3820} INFO - Setting next_dagrun for example_trigger_target_dag to None, run_after=None
[2024-02-08T02:53:50.487+0100] {processor.py:183} INFO - Processing /home/ubuntu/.local/lib/python3.10/site-packages/airflow/example_dags/example_trigger_target_dag.py took 0.266 seconds
[2024-02-08T02:56:20.803+0100] {processor.py:161} INFO - Started process (PID=13918) to work on /home/ubuntu/.local/lib/python3.10/site-packages/airflow/example_dags/example_trigger_target_dag.py
[2024-02-08T02:56:20.813+0100] {processor.py:830} INFO - Processing file /home/ubuntu/.local/lib/python3.10/site-packages/airflow/example_dags/example_trigger_target_dag.py for tasks to queue
[2024-02-08T02:56:20.815+0100] {logging_mixin.py:188} INFO - [2024-02-08T02:56:20.814+0100] {dagbag.py:538} INFO - Filling up the DagBag from /home/ubuntu/.local/lib/python3.10/site-packages/airflow/example_dags/example_trigger_target_dag.py
[2024-02-08T02:56:20.843+0100] {processor.py:840} INFO - DAG(s) 'example_trigger_target_dag' retrieved from /home/ubuntu/.local/lib/python3.10/site-packages/airflow/example_dags/example_trigger_target_dag.py
[2024-02-08T02:56:20.922+0100] {logging_mixin.py:188} INFO - [2024-02-08T02:56:20.922+0100] {dag.py:3033} INFO - Sync 1 DAGs
[2024-02-08T02:56:20.959+0100] {logging_mixin.py:188} INFO - [2024-02-08T02:56:20.958+0100] {dag.py:3820} INFO - Setting next_dagrun for example_trigger_target_dag to None, run_after=None
[2024-02-08T02:56:21.306+0100] {processor.py:183} INFO - Processing /home/ubuntu/.local/lib/python3.10/site-packages/airflow/example_dags/example_trigger_target_dag.py took 0.516 seconds
[2024-02-08T02:58:57.266+0100] {processor.py:161} INFO - Started process (PID=13999) to work on /home/ubuntu/.local/lib/python3.10/site-packages/airflow/example_dags/example_trigger_target_dag.py
[2024-02-08T02:58:57.282+0100] {processor.py:830} INFO - Processing file /home/ubuntu/.local/lib/python3.10/site-packages/airflow/example_dags/example_trigger_target_dag.py for tasks to queue
[2024-02-08T02:58:57.283+0100] {logging_mixin.py:188} INFO - [2024-02-08T02:58:57.283+0100] {dagbag.py:538} INFO - Filling up the DagBag from /home/ubuntu/.local/lib/python3.10/site-packages/airflow/example_dags/example_trigger_target_dag.py
[2024-02-08T02:58:57.307+0100] {processor.py:840} INFO - DAG(s) 'example_trigger_target_dag' retrieved from /home/ubuntu/.local/lib/python3.10/site-packages/airflow/example_dags/example_trigger_target_dag.py
[2024-02-08T02:58:57.343+0100] {logging_mixin.py:188} INFO - [2024-02-08T02:58:57.342+0100] {dag.py:3033} INFO - Sync 1 DAGs
[2024-02-08T02:58:57.378+0100] {logging_mixin.py:188} INFO - [2024-02-08T02:58:57.377+0100] {dag.py:3820} INFO - Setting next_dagrun for example_trigger_target_dag to None, run_after=None
[2024-02-08T02:58:57.490+0100] {processor.py:183} INFO - Processing /home/ubuntu/.local/lib/python3.10/site-packages/airflow/example_dags/example_trigger_target_dag.py took 0.234 seconds
[2024-02-08T03:01:04.678+0100] {processor.py:161} INFO - Started process (PID=14069) to work on /home/ubuntu/.local/lib/python3.10/site-packages/airflow/example_dags/example_trigger_target_dag.py
[2024-02-08T03:01:04.691+0100] {processor.py:830} INFO - Processing file /home/ubuntu/.local/lib/python3.10/site-packages/airflow/example_dags/example_trigger_target_dag.py for tasks to queue
[2024-02-08T03:01:04.695+0100] {logging_mixin.py:188} INFO - [2024-02-08T03:01:04.694+0100] {dagbag.py:538} INFO - Filling up the DagBag from /home/ubuntu/.local/lib/python3.10/site-packages/airflow/example_dags/example_trigger_target_dag.py
[2024-02-08T03:01:04.705+0100] {processor.py:840} INFO - DAG(s) 'example_trigger_target_dag' retrieved from /home/ubuntu/.local/lib/python3.10/site-packages/airflow/example_dags/example_trigger_target_dag.py
[2024-02-08T03:01:04.756+0100] {logging_mixin.py:188} INFO - [2024-02-08T03:01:04.756+0100] {dag.py:3033} INFO - Sync 1 DAGs
[2024-02-08T03:01:04.782+0100] {logging_mixin.py:188} INFO - [2024-02-08T03:01:04.777+0100] {dag.py:3820} INFO - Setting next_dagrun for example_trigger_target_dag to None, run_after=None
[2024-02-08T03:01:04.876+0100] {processor.py:183} INFO - Processing /home/ubuntu/.local/lib/python3.10/site-packages/airflow/example_dags/example_trigger_target_dag.py took 0.202 seconds
[2024-02-08T03:02:00.958+0100] {processor.py:161} INFO - Started process (PID=14165) to work on /home/ubuntu/.local/lib/python3.10/site-packages/airflow/example_dags/example_trigger_target_dag.py
[2024-02-08T03:02:00.962+0100] {processor.py:830} INFO - Processing file /home/ubuntu/.local/lib/python3.10/site-packages/airflow/example_dags/example_trigger_target_dag.py for tasks to queue
[2024-02-08T03:02:00.964+0100] {logging_mixin.py:188} INFO - [2024-02-08T03:02:00.963+0100] {dagbag.py:538} INFO - Filling up the DagBag from /home/ubuntu/.local/lib/python3.10/site-packages/airflow/example_dags/example_trigger_target_dag.py
[2024-02-08T03:02:00.976+0100] {processor.py:840} INFO - DAG(s) 'example_trigger_target_dag' retrieved from /home/ubuntu/.local/lib/python3.10/site-packages/airflow/example_dags/example_trigger_target_dag.py
[2024-02-08T03:02:01.030+0100] {logging_mixin.py:188} INFO - [2024-02-08T03:02:01.029+0100] {dag.py:3033} INFO - Sync 1 DAGs
[2024-02-08T03:02:01.049+0100] {logging_mixin.py:188} INFO - [2024-02-08T03:02:01.049+0100] {dag.py:3820} INFO - Setting next_dagrun for example_trigger_target_dag to None, run_after=None
[2024-02-08T03:02:01.097+0100] {processor.py:183} INFO - Processing /home/ubuntu/.local/lib/python3.10/site-packages/airflow/example_dags/example_trigger_target_dag.py took 0.147 seconds
[2024-02-08T03:03:11.481+0100] {processor.py:161} INFO - Started process (PID=14229) to work on /home/ubuntu/.local/lib/python3.10/site-packages/airflow/example_dags/example_trigger_target_dag.py
[2024-02-08T03:03:11.485+0100] {processor.py:830} INFO - Processing file /home/ubuntu/.local/lib/python3.10/site-packages/airflow/example_dags/example_trigger_target_dag.py for tasks to queue
[2024-02-08T03:03:11.488+0100] {logging_mixin.py:188} INFO - [2024-02-08T03:03:11.487+0100] {dagbag.py:538} INFO - Filling up the DagBag from /home/ubuntu/.local/lib/python3.10/site-packages/airflow/example_dags/example_trigger_target_dag.py
[2024-02-08T03:03:11.505+0100] {processor.py:840} INFO - DAG(s) 'example_trigger_target_dag' retrieved from /home/ubuntu/.local/lib/python3.10/site-packages/airflow/example_dags/example_trigger_target_dag.py
[2024-02-08T03:03:11.548+0100] {logging_mixin.py:188} INFO - [2024-02-08T03:03:11.547+0100] {dag.py:3033} INFO - Sync 1 DAGs
[2024-02-08T03:03:11.566+0100] {logging_mixin.py:188} INFO - [2024-02-08T03:03:11.566+0100] {dag.py:3820} INFO - Setting next_dagrun for example_trigger_target_dag to None, run_after=None
[2024-02-08T03:03:11.606+0100] {processor.py:183} INFO - Processing /home/ubuntu/.local/lib/python3.10/site-packages/airflow/example_dags/example_trigger_target_dag.py took 0.132 seconds
[2024-02-08T03:04:02.071+0100] {processor.py:161} INFO - Started process (PID=14282) to work on /home/ubuntu/.local/lib/python3.10/site-packages/airflow/example_dags/example_trigger_target_dag.py
[2024-02-08T03:04:02.076+0100] {processor.py:830} INFO - Processing file /home/ubuntu/.local/lib/python3.10/site-packages/airflow/example_dags/example_trigger_target_dag.py for tasks to queue
[2024-02-08T03:04:02.077+0100] {logging_mixin.py:188} INFO - [2024-02-08T03:04:02.077+0100] {dagbag.py:538} INFO - Filling up the DagBag from /home/ubuntu/.local/lib/python3.10/site-packages/airflow/example_dags/example_trigger_target_dag.py
[2024-02-08T03:04:02.087+0100] {processor.py:840} INFO - DAG(s) 'example_trigger_target_dag' retrieved from /home/ubuntu/.local/lib/python3.10/site-packages/airflow/example_dags/example_trigger_target_dag.py
[2024-02-08T03:04:02.112+0100] {logging_mixin.py:188} INFO - [2024-02-08T03:04:02.112+0100] {dag.py:3033} INFO - Sync 1 DAGs
[2024-02-08T03:04:02.129+0100] {logging_mixin.py:188} INFO - [2024-02-08T03:04:02.128+0100] {dag.py:3820} INFO - Setting next_dagrun for example_trigger_target_dag to None, run_after=None
[2024-02-08T03:04:02.166+0100] {processor.py:183} INFO - Processing /home/ubuntu/.local/lib/python3.10/site-packages/airflow/example_dags/example_trigger_target_dag.py took 0.099 seconds
[2024-02-08T03:05:32.628+0100] {processor.py:161} INFO - Started process (PID=14351) to work on /home/ubuntu/.local/lib/python3.10/site-packages/airflow/example_dags/example_trigger_target_dag.py
[2024-02-08T03:05:32.633+0100] {processor.py:830} INFO - Processing file /home/ubuntu/.local/lib/python3.10/site-packages/airflow/example_dags/example_trigger_target_dag.py for tasks to queue
[2024-02-08T03:05:32.636+0100] {logging_mixin.py:188} INFO - [2024-02-08T03:05:32.635+0100] {dagbag.py:538} INFO - Filling up the DagBag from /home/ubuntu/.local/lib/python3.10/site-packages/airflow/example_dags/example_trigger_target_dag.py
[2024-02-08T03:05:32.661+0100] {processor.py:840} INFO - DAG(s) 'example_trigger_target_dag' retrieved from /home/ubuntu/.local/lib/python3.10/site-packages/airflow/example_dags/example_trigger_target_dag.py
[2024-02-08T03:05:32.691+0100] {logging_mixin.py:188} INFO - [2024-02-08T03:05:32.691+0100] {dag.py:3033} INFO - Sync 1 DAGs
[2024-02-08T03:05:32.706+0100] {logging_mixin.py:188} INFO - [2024-02-08T03:05:32.706+0100] {dag.py:3820} INFO - Setting next_dagrun for example_trigger_target_dag to None, run_after=None
[2024-02-08T03:05:32.748+0100] {processor.py:183} INFO - Processing /home/ubuntu/.local/lib/python3.10/site-packages/airflow/example_dags/example_trigger_target_dag.py took 0.124 seconds
[2024-02-08T03:06:19.120+0100] {processor.py:161} INFO - Started process (PID=14391) to work on /home/ubuntu/.local/lib/python3.10/site-packages/airflow/example_dags/example_trigger_target_dag.py
[2024-02-08T03:06:19.131+0100] {processor.py:830} INFO - Processing file /home/ubuntu/.local/lib/python3.10/site-packages/airflow/example_dags/example_trigger_target_dag.py for tasks to queue
[2024-02-08T03:06:19.137+0100] {logging_mixin.py:188} INFO - [2024-02-08T03:06:19.135+0100] {dagbag.py:538} INFO - Filling up the DagBag from /home/ubuntu/.local/lib/python3.10/site-packages/airflow/example_dags/example_trigger_target_dag.py
[2024-02-08T03:06:19.150+0100] {processor.py:840} INFO - DAG(s) 'example_trigger_target_dag' retrieved from /home/ubuntu/.local/lib/python3.10/site-packages/airflow/example_dags/example_trigger_target_dag.py
[2024-02-08T03:06:19.174+0100] {logging_mixin.py:188} INFO - [2024-02-08T03:06:19.174+0100] {dag.py:3033} INFO - Sync 1 DAGs
[2024-02-08T03:06:19.189+0100] {logging_mixin.py:188} INFO - [2024-02-08T03:06:19.188+0100] {dag.py:3820} INFO - Setting next_dagrun for example_trigger_target_dag to None, run_after=None
[2024-02-08T03:06:19.224+0100] {processor.py:183} INFO - Processing /home/ubuntu/.local/lib/python3.10/site-packages/airflow/example_dags/example_trigger_target_dag.py took 0.111 seconds
[2024-02-08T03:07:20.692+0100] {processor.py:161} INFO - Started process (PID=14455) to work on /home/ubuntu/.local/lib/python3.10/site-packages/airflow/example_dags/example_trigger_target_dag.py
[2024-02-08T03:07:20.699+0100] {processor.py:830} INFO - Processing file /home/ubuntu/.local/lib/python3.10/site-packages/airflow/example_dags/example_trigger_target_dag.py for tasks to queue
[2024-02-08T03:07:20.703+0100] {logging_mixin.py:188} INFO - [2024-02-08T03:07:20.702+0100] {dagbag.py:538} INFO - Filling up the DagBag from /home/ubuntu/.local/lib/python3.10/site-packages/airflow/example_dags/example_trigger_target_dag.py
[2024-02-08T03:07:20.720+0100] {processor.py:840} INFO - DAG(s) 'example_trigger_target_dag' retrieved from /home/ubuntu/.local/lib/python3.10/site-packages/airflow/example_dags/example_trigger_target_dag.py
[2024-02-08T03:07:20.762+0100] {logging_mixin.py:188} INFO - [2024-02-08T03:07:20.762+0100] {dag.py:3033} INFO - Sync 1 DAGs
[2024-02-08T03:07:20.788+0100] {logging_mixin.py:188} INFO - [2024-02-08T03:07:20.787+0100] {dag.py:3820} INFO - Setting next_dagrun for example_trigger_target_dag to None, run_after=None
[2024-02-08T03:07:20.832+0100] {processor.py:183} INFO - Processing /home/ubuntu/.local/lib/python3.10/site-packages/airflow/example_dags/example_trigger_target_dag.py took 0.145 seconds
[2024-02-08T03:08:37.686+0100] {processor.py:161} INFO - Started process (PID=14600) to work on /home/ubuntu/.local/lib/python3.10/site-packages/airflow/example_dags/example_trigger_target_dag.py
[2024-02-08T03:08:37.690+0100] {processor.py:830} INFO - Processing file /home/ubuntu/.local/lib/python3.10/site-packages/airflow/example_dags/example_trigger_target_dag.py for tasks to queue
[2024-02-08T03:08:37.692+0100] {logging_mixin.py:188} INFO - [2024-02-08T03:08:37.691+0100] {dagbag.py:538} INFO - Filling up the DagBag from /home/ubuntu/.local/lib/python3.10/site-packages/airflow/example_dags/example_trigger_target_dag.py
[2024-02-08T03:08:37.703+0100] {processor.py:840} INFO - DAG(s) 'example_trigger_target_dag' retrieved from /home/ubuntu/.local/lib/python3.10/site-packages/airflow/example_dags/example_trigger_target_dag.py
[2024-02-08T03:08:37.731+0100] {logging_mixin.py:188} INFO - [2024-02-08T03:08:37.730+0100] {dag.py:3033} INFO - Sync 1 DAGs
[2024-02-08T03:08:37.747+0100] {logging_mixin.py:188} INFO - [2024-02-08T03:08:37.746+0100] {dag.py:3820} INFO - Setting next_dagrun for example_trigger_target_dag to None, run_after=None
[2024-02-08T03:08:37.792+0100] {processor.py:183} INFO - Processing /home/ubuntu/.local/lib/python3.10/site-packages/airflow/example_dags/example_trigger_target_dag.py took 0.110 seconds
[2024-02-08T03:09:39.559+0100] {processor.py:161} INFO - Started process (PID=14662) to work on /home/ubuntu/.local/lib/python3.10/site-packages/airflow/example_dags/example_trigger_target_dag.py
[2024-02-08T03:09:39.567+0100] {processor.py:830} INFO - Processing file /home/ubuntu/.local/lib/python3.10/site-packages/airflow/example_dags/example_trigger_target_dag.py for tasks to queue
[2024-02-08T03:09:39.568+0100] {logging_mixin.py:188} INFO - [2024-02-08T03:09:39.568+0100] {dagbag.py:538} INFO - Filling up the DagBag from /home/ubuntu/.local/lib/python3.10/site-packages/airflow/example_dags/example_trigger_target_dag.py
[2024-02-08T03:09:39.580+0100] {processor.py:840} INFO - DAG(s) 'example_trigger_target_dag' retrieved from /home/ubuntu/.local/lib/python3.10/site-packages/airflow/example_dags/example_trigger_target_dag.py
[2024-02-08T03:09:39.608+0100] {logging_mixin.py:188} INFO - [2024-02-08T03:09:39.608+0100] {dag.py:3033} INFO - Sync 1 DAGs
[2024-02-08T03:09:39.622+0100] {logging_mixin.py:188} INFO - [2024-02-08T03:09:39.621+0100] {dag.py:3820} INFO - Setting next_dagrun for example_trigger_target_dag to None, run_after=None
[2024-02-08T03:09:39.670+0100] {processor.py:183} INFO - Processing /home/ubuntu/.local/lib/python3.10/site-packages/airflow/example_dags/example_trigger_target_dag.py took 0.116 seconds
[2024-02-08T03:10:47.915+0100] {processor.py:161} INFO - Started process (PID=14722) to work on /home/ubuntu/.local/lib/python3.10/site-packages/airflow/example_dags/example_trigger_target_dag.py
[2024-02-08T03:10:47.925+0100] {processor.py:830} INFO - Processing file /home/ubuntu/.local/lib/python3.10/site-packages/airflow/example_dags/example_trigger_target_dag.py for tasks to queue
[2024-02-08T03:10:47.928+0100] {logging_mixin.py:188} INFO - [2024-02-08T03:10:47.927+0100] {dagbag.py:538} INFO - Filling up the DagBag from /home/ubuntu/.local/lib/python3.10/site-packages/airflow/example_dags/example_trigger_target_dag.py
[2024-02-08T03:10:47.946+0100] {processor.py:840} INFO - DAG(s) 'example_trigger_target_dag' retrieved from /home/ubuntu/.local/lib/python3.10/site-packages/airflow/example_dags/example_trigger_target_dag.py
[2024-02-08T03:10:47.982+0100] {logging_mixin.py:188} INFO - [2024-02-08T03:10:47.981+0100] {dag.py:3033} INFO - Sync 1 DAGs
[2024-02-08T03:10:48.007+0100] {logging_mixin.py:188} INFO - [2024-02-08T03:10:48.007+0100] {dag.py:3820} INFO - Setting next_dagrun for example_trigger_target_dag to None, run_after=None
[2024-02-08T03:10:48.065+0100] {processor.py:183} INFO - Processing /home/ubuntu/.local/lib/python3.10/site-packages/airflow/example_dags/example_trigger_target_dag.py took 0.155 seconds
[2024-02-08T03:11:51.829+0100] {processor.py:161} INFO - Started process (PID=14779) to work on /home/ubuntu/.local/lib/python3.10/site-packages/airflow/example_dags/example_trigger_target_dag.py
[2024-02-08T03:11:51.833+0100] {processor.py:830} INFO - Processing file /home/ubuntu/.local/lib/python3.10/site-packages/airflow/example_dags/example_trigger_target_dag.py for tasks to queue
[2024-02-08T03:11:51.835+0100] {logging_mixin.py:188} INFO - [2024-02-08T03:11:51.834+0100] {dagbag.py:538} INFO - Filling up the DagBag from /home/ubuntu/.local/lib/python3.10/site-packages/airflow/example_dags/example_trigger_target_dag.py
[2024-02-08T03:11:51.849+0100] {processor.py:840} INFO - DAG(s) 'example_trigger_target_dag' retrieved from /home/ubuntu/.local/lib/python3.10/site-packages/airflow/example_dags/example_trigger_target_dag.py
[2024-02-08T03:11:51.881+0100] {logging_mixin.py:188} INFO - [2024-02-08T03:11:51.880+0100] {dag.py:3033} INFO - Sync 1 DAGs
[2024-02-08T03:11:51.901+0100] {logging_mixin.py:188} INFO - [2024-02-08T03:11:51.901+0100] {dag.py:3820} INFO - Setting next_dagrun for example_trigger_target_dag to None, run_after=None
[2024-02-08T03:11:51.946+0100] {processor.py:183} INFO - Processing /home/ubuntu/.local/lib/python3.10/site-packages/airflow/example_dags/example_trigger_target_dag.py took 0.124 seconds
[2024-02-08T03:12:50.152+0100] {processor.py:161} INFO - Started process (PID=14837) to work on /home/ubuntu/.local/lib/python3.10/site-packages/airflow/example_dags/example_trigger_target_dag.py
[2024-02-08T03:12:50.156+0100] {processor.py:830} INFO - Processing file /home/ubuntu/.local/lib/python3.10/site-packages/airflow/example_dags/example_trigger_target_dag.py for tasks to queue
[2024-02-08T03:12:50.158+0100] {logging_mixin.py:188} INFO - [2024-02-08T03:12:50.158+0100] {dagbag.py:538} INFO - Filling up the DagBag from /home/ubuntu/.local/lib/python3.10/site-packages/airflow/example_dags/example_trigger_target_dag.py
[2024-02-08T03:12:50.169+0100] {processor.py:840} INFO - DAG(s) 'example_trigger_target_dag' retrieved from /home/ubuntu/.local/lib/python3.10/site-packages/airflow/example_dags/example_trigger_target_dag.py
[2024-02-08T03:12:50.196+0100] {logging_mixin.py:188} INFO - [2024-02-08T03:12:50.196+0100] {dag.py:3033} INFO - Sync 1 DAGs
[2024-02-08T03:12:50.211+0100] {logging_mixin.py:188} INFO - [2024-02-08T03:12:50.211+0100] {dag.py:3820} INFO - Setting next_dagrun for example_trigger_target_dag to None, run_after=None
[2024-02-08T03:12:50.253+0100] {processor.py:183} INFO - Processing /home/ubuntu/.local/lib/python3.10/site-packages/airflow/example_dags/example_trigger_target_dag.py took 0.105 seconds
[2024-02-08T03:13:48.946+0100] {processor.py:161} INFO - Started process (PID=14894) to work on /home/ubuntu/.local/lib/python3.10/site-packages/airflow/example_dags/example_trigger_target_dag.py
[2024-02-08T03:13:48.953+0100] {processor.py:830} INFO - Processing file /home/ubuntu/.local/lib/python3.10/site-packages/airflow/example_dags/example_trigger_target_dag.py for tasks to queue
[2024-02-08T03:13:48.955+0100] {logging_mixin.py:188} INFO - [2024-02-08T03:13:48.954+0100] {dagbag.py:538} INFO - Filling up the DagBag from /home/ubuntu/.local/lib/python3.10/site-packages/airflow/example_dags/example_trigger_target_dag.py
[2024-02-08T03:13:48.966+0100] {processor.py:840} INFO - DAG(s) 'example_trigger_target_dag' retrieved from /home/ubuntu/.local/lib/python3.10/site-packages/airflow/example_dags/example_trigger_target_dag.py
[2024-02-08T03:13:48.992+0100] {logging_mixin.py:188} INFO - [2024-02-08T03:13:48.991+0100] {dag.py:3033} INFO - Sync 1 DAGs
[2024-02-08T03:13:49.008+0100] {logging_mixin.py:188} INFO - [2024-02-08T03:13:49.007+0100] {dag.py:3820} INFO - Setting next_dagrun for example_trigger_target_dag to None, run_after=None
[2024-02-08T03:13:49.063+0100] {processor.py:183} INFO - Processing /home/ubuntu/.local/lib/python3.10/site-packages/airflow/example_dags/example_trigger_target_dag.py took 0.123 seconds
[2024-02-08T03:14:53.925+0100] {processor.py:161} INFO - Started process (PID=14961) to work on /home/ubuntu/.local/lib/python3.10/site-packages/airflow/example_dags/example_trigger_target_dag.py
[2024-02-08T03:14:53.931+0100] {processor.py:830} INFO - Processing file /home/ubuntu/.local/lib/python3.10/site-packages/airflow/example_dags/example_trigger_target_dag.py for tasks to queue
[2024-02-08T03:14:53.933+0100] {logging_mixin.py:188} INFO - [2024-02-08T03:14:53.933+0100] {dagbag.py:538} INFO - Filling up the DagBag from /home/ubuntu/.local/lib/python3.10/site-packages/airflow/example_dags/example_trigger_target_dag.py
[2024-02-08T03:14:53.947+0100] {processor.py:840} INFO - DAG(s) 'example_trigger_target_dag' retrieved from /home/ubuntu/.local/lib/python3.10/site-packages/airflow/example_dags/example_trigger_target_dag.py
[2024-02-08T03:14:53.978+0100] {logging_mixin.py:188} INFO - [2024-02-08T03:14:53.978+0100] {dag.py:3033} INFO - Sync 1 DAGs
[2024-02-08T03:14:54.001+0100] {logging_mixin.py:188} INFO - [2024-02-08T03:14:54.001+0100] {dag.py:3820} INFO - Setting next_dagrun for example_trigger_target_dag to None, run_after=None
[2024-02-08T03:14:54.060+0100] {processor.py:183} INFO - Processing /home/ubuntu/.local/lib/python3.10/site-packages/airflow/example_dags/example_trigger_target_dag.py took 0.143 seconds
[2024-02-08T03:15:55.480+0100] {processor.py:161} INFO - Started process (PID=15023) to work on /home/ubuntu/.local/lib/python3.10/site-packages/airflow/example_dags/example_trigger_target_dag.py
[2024-02-08T03:15:55.485+0100] {processor.py:830} INFO - Processing file /home/ubuntu/.local/lib/python3.10/site-packages/airflow/example_dags/example_trigger_target_dag.py for tasks to queue
[2024-02-08T03:15:55.487+0100] {logging_mixin.py:188} INFO - [2024-02-08T03:15:55.486+0100] {dagbag.py:538} INFO - Filling up the DagBag from /home/ubuntu/.local/lib/python3.10/site-packages/airflow/example_dags/example_trigger_target_dag.py
[2024-02-08T03:15:55.504+0100] {processor.py:840} INFO - DAG(s) 'example_trigger_target_dag' retrieved from /home/ubuntu/.local/lib/python3.10/site-packages/airflow/example_dags/example_trigger_target_dag.py
[2024-02-08T03:15:55.538+0100] {logging_mixin.py:188} INFO - [2024-02-08T03:15:55.537+0100] {dag.py:3033} INFO - Sync 1 DAGs
[2024-02-08T03:15:55.565+0100] {logging_mixin.py:188} INFO - [2024-02-08T03:15:55.564+0100] {dag.py:3820} INFO - Setting next_dagrun for example_trigger_target_dag to None, run_after=None
[2024-02-08T03:15:55.623+0100] {processor.py:183} INFO - Processing /home/ubuntu/.local/lib/python3.10/site-packages/airflow/example_dags/example_trigger_target_dag.py took 0.150 seconds
[2024-02-08T03:16:53.893+0100] {processor.py:161} INFO - Started process (PID=15078) to work on /home/ubuntu/.local/lib/python3.10/site-packages/airflow/example_dags/example_trigger_target_dag.py
[2024-02-08T03:16:53.896+0100] {processor.py:830} INFO - Processing file /home/ubuntu/.local/lib/python3.10/site-packages/airflow/example_dags/example_trigger_target_dag.py for tasks to queue
[2024-02-08T03:16:53.897+0100] {logging_mixin.py:188} INFO - [2024-02-08T03:16:53.897+0100] {dagbag.py:538} INFO - Filling up the DagBag from /home/ubuntu/.local/lib/python3.10/site-packages/airflow/example_dags/example_trigger_target_dag.py
[2024-02-08T03:16:53.913+0100] {processor.py:840} INFO - DAG(s) 'example_trigger_target_dag' retrieved from /home/ubuntu/.local/lib/python3.10/site-packages/airflow/example_dags/example_trigger_target_dag.py
[2024-02-08T03:16:53.943+0100] {logging_mixin.py:188} INFO - [2024-02-08T03:16:53.942+0100] {dag.py:3033} INFO - Sync 1 DAGs
[2024-02-08T03:16:53.960+0100] {logging_mixin.py:188} INFO - [2024-02-08T03:16:53.959+0100] {dag.py:3820} INFO - Setting next_dagrun for example_trigger_target_dag to None, run_after=None
[2024-02-08T03:16:54.008+0100] {processor.py:183} INFO - Processing /home/ubuntu/.local/lib/python3.10/site-packages/airflow/example_dags/example_trigger_target_dag.py took 0.122 seconds
[2024-02-08T03:17:52.304+0100] {processor.py:161} INFO - Started process (PID=15139) to work on /home/ubuntu/.local/lib/python3.10/site-packages/airflow/example_dags/example_trigger_target_dag.py
[2024-02-08T03:17:52.309+0100] {processor.py:830} INFO - Processing file /home/ubuntu/.local/lib/python3.10/site-packages/airflow/example_dags/example_trigger_target_dag.py for tasks to queue
[2024-02-08T03:17:52.311+0100] {logging_mixin.py:188} INFO - [2024-02-08T03:17:52.310+0100] {dagbag.py:538} INFO - Filling up the DagBag from /home/ubuntu/.local/lib/python3.10/site-packages/airflow/example_dags/example_trigger_target_dag.py
[2024-02-08T03:17:52.324+0100] {processor.py:840} INFO - DAG(s) 'example_trigger_target_dag' retrieved from /home/ubuntu/.local/lib/python3.10/site-packages/airflow/example_dags/example_trigger_target_dag.py
[2024-02-08T03:17:52.357+0100] {logging_mixin.py:188} INFO - [2024-02-08T03:17:52.357+0100] {dag.py:3033} INFO - Sync 1 DAGs
[2024-02-08T03:17:52.374+0100] {logging_mixin.py:188} INFO - [2024-02-08T03:17:52.373+0100] {dag.py:3820} INFO - Setting next_dagrun for example_trigger_target_dag to None, run_after=None
[2024-02-08T03:17:52.421+0100] {processor.py:183} INFO - Processing /home/ubuntu/.local/lib/python3.10/site-packages/airflow/example_dags/example_trigger_target_dag.py took 0.123 seconds
[2024-02-08T03:18:52.340+0100] {processor.py:161} INFO - Started process (PID=15194) to work on /home/ubuntu/.local/lib/python3.10/site-packages/airflow/example_dags/example_trigger_target_dag.py
[2024-02-08T03:18:52.346+0100] {processor.py:830} INFO - Processing file /home/ubuntu/.local/lib/python3.10/site-packages/airflow/example_dags/example_trigger_target_dag.py for tasks to queue
[2024-02-08T03:18:52.348+0100] {logging_mixin.py:188} INFO - [2024-02-08T03:18:52.348+0100] {dagbag.py:538} INFO - Filling up the DagBag from /home/ubuntu/.local/lib/python3.10/site-packages/airflow/example_dags/example_trigger_target_dag.py
[2024-02-08T03:18:52.364+0100] {processor.py:840} INFO - DAG(s) 'example_trigger_target_dag' retrieved from /home/ubuntu/.local/lib/python3.10/site-packages/airflow/example_dags/example_trigger_target_dag.py
[2024-02-08T03:18:52.399+0100] {logging_mixin.py:188} INFO - [2024-02-08T03:18:52.398+0100] {dag.py:3033} INFO - Sync 1 DAGs
[2024-02-08T03:18:52.421+0100] {logging_mixin.py:188} INFO - [2024-02-08T03:18:52.421+0100] {dag.py:3820} INFO - Setting next_dagrun for example_trigger_target_dag to None, run_after=None
[2024-02-08T03:18:52.473+0100] {processor.py:183} INFO - Processing /home/ubuntu/.local/lib/python3.10/site-packages/airflow/example_dags/example_trigger_target_dag.py took 0.137 seconds
[2024-02-08T03:20:04.381+0100] {processor.py:161} INFO - Started process (PID=15316) to work on /home/ubuntu/.local/lib/python3.10/site-packages/airflow/example_dags/example_trigger_target_dag.py
[2024-02-08T03:20:04.384+0100] {processor.py:830} INFO - Processing file /home/ubuntu/.local/lib/python3.10/site-packages/airflow/example_dags/example_trigger_target_dag.py for tasks to queue
[2024-02-08T03:20:04.386+0100] {logging_mixin.py:188} INFO - [2024-02-08T03:20:04.385+0100] {dagbag.py:538} INFO - Filling up the DagBag from /home/ubuntu/.local/lib/python3.10/site-packages/airflow/example_dags/example_trigger_target_dag.py
[2024-02-08T03:20:04.397+0100] {processor.py:840} INFO - DAG(s) 'example_trigger_target_dag' retrieved from /home/ubuntu/.local/lib/python3.10/site-packages/airflow/example_dags/example_trigger_target_dag.py
[2024-02-08T03:20:04.420+0100] {logging_mixin.py:188} INFO - [2024-02-08T03:20:04.420+0100] {dag.py:3033} INFO - Sync 1 DAGs
[2024-02-08T03:20:04.440+0100] {logging_mixin.py:188} INFO - [2024-02-08T03:20:04.439+0100] {dag.py:3820} INFO - Setting next_dagrun for example_trigger_target_dag to None, run_after=None
[2024-02-08T03:20:04.481+0100] {processor.py:183} INFO - Processing /home/ubuntu/.local/lib/python3.10/site-packages/airflow/example_dags/example_trigger_target_dag.py took 0.105 seconds
[2024-02-08T03:21:11.584+0100] {processor.py:161} INFO - Started process (PID=15376) to work on /home/ubuntu/.local/lib/python3.10/site-packages/airflow/example_dags/example_trigger_target_dag.py
[2024-02-08T03:21:11.589+0100] {processor.py:830} INFO - Processing file /home/ubuntu/.local/lib/python3.10/site-packages/airflow/example_dags/example_trigger_target_dag.py for tasks to queue
[2024-02-08T03:21:11.591+0100] {logging_mixin.py:188} INFO - [2024-02-08T03:21:11.590+0100] {dagbag.py:538} INFO - Filling up the DagBag from /home/ubuntu/.local/lib/python3.10/site-packages/airflow/example_dags/example_trigger_target_dag.py
[2024-02-08T03:21:11.600+0100] {processor.py:840} INFO - DAG(s) 'example_trigger_target_dag' retrieved from /home/ubuntu/.local/lib/python3.10/site-packages/airflow/example_dags/example_trigger_target_dag.py
[2024-02-08T03:21:11.622+0100] {logging_mixin.py:188} INFO - [2024-02-08T03:21:11.622+0100] {dag.py:3033} INFO - Sync 1 DAGs
[2024-02-08T03:21:11.638+0100] {logging_mixin.py:188} INFO - [2024-02-08T03:21:11.637+0100] {dag.py:3820} INFO - Setting next_dagrun for example_trigger_target_dag to None, run_after=None
[2024-02-08T03:21:11.678+0100] {processor.py:183} INFO - Processing /home/ubuntu/.local/lib/python3.10/site-packages/airflow/example_dags/example_trigger_target_dag.py took 0.099 seconds
[2024-02-08T03:22:18.881+0100] {processor.py:161} INFO - Started process (PID=15434) to work on /home/ubuntu/.local/lib/python3.10/site-packages/airflow/example_dags/example_trigger_target_dag.py
[2024-02-08T03:22:18.886+0100] {processor.py:830} INFO - Processing file /home/ubuntu/.local/lib/python3.10/site-packages/airflow/example_dags/example_trigger_target_dag.py for tasks to queue
[2024-02-08T03:22:18.888+0100] {logging_mixin.py:188} INFO - [2024-02-08T03:22:18.887+0100] {dagbag.py:538} INFO - Filling up the DagBag from /home/ubuntu/.local/lib/python3.10/site-packages/airflow/example_dags/example_trigger_target_dag.py
[2024-02-08T03:22:18.900+0100] {processor.py:840} INFO - DAG(s) 'example_trigger_target_dag' retrieved from /home/ubuntu/.local/lib/python3.10/site-packages/airflow/example_dags/example_trigger_target_dag.py
[2024-02-08T03:22:18.923+0100] {logging_mixin.py:188} INFO - [2024-02-08T03:22:18.923+0100] {dag.py:3033} INFO - Sync 1 DAGs
[2024-02-08T03:22:18.937+0100] {logging_mixin.py:188} INFO - [2024-02-08T03:22:18.937+0100] {dag.py:3820} INFO - Setting next_dagrun for example_trigger_target_dag to None, run_after=None
[2024-02-08T03:22:18.979+0100] {processor.py:183} INFO - Processing /home/ubuntu/.local/lib/python3.10/site-packages/airflow/example_dags/example_trigger_target_dag.py took 0.102 seconds
[2024-02-08T03:23:22.438+0100] {processor.py:161} INFO - Started process (PID=15507) to work on /home/ubuntu/.local/lib/python3.10/site-packages/airflow/example_dags/example_trigger_target_dag.py
[2024-02-08T03:23:22.445+0100] {processor.py:830} INFO - Processing file /home/ubuntu/.local/lib/python3.10/site-packages/airflow/example_dags/example_trigger_target_dag.py for tasks to queue
[2024-02-08T03:23:22.446+0100] {logging_mixin.py:188} INFO - [2024-02-08T03:23:22.446+0100] {dagbag.py:538} INFO - Filling up the DagBag from /home/ubuntu/.local/lib/python3.10/site-packages/airflow/example_dags/example_trigger_target_dag.py
[2024-02-08T03:23:22.466+0100] {processor.py:840} INFO - DAG(s) 'example_trigger_target_dag' retrieved from /home/ubuntu/.local/lib/python3.10/site-packages/airflow/example_dags/example_trigger_target_dag.py
[2024-02-08T03:23:22.507+0100] {logging_mixin.py:188} INFO - [2024-02-08T03:23:22.506+0100] {dag.py:3033} INFO - Sync 1 DAGs
[2024-02-08T03:23:22.534+0100] {logging_mixin.py:188} INFO - [2024-02-08T03:23:22.534+0100] {dag.py:3820} INFO - Setting next_dagrun for example_trigger_target_dag to None, run_after=None
[2024-02-08T03:23:22.616+0100] {processor.py:183} INFO - Processing /home/ubuntu/.local/lib/python3.10/site-packages/airflow/example_dags/example_trigger_target_dag.py took 0.184 seconds
[2024-02-08T03:24:05.480+0100] {processor.py:161} INFO - Started process (PID=15558) to work on /home/ubuntu/.local/lib/python3.10/site-packages/airflow/example_dags/example_trigger_target_dag.py
[2024-02-08T03:24:05.484+0100] {processor.py:830} INFO - Processing file /home/ubuntu/.local/lib/python3.10/site-packages/airflow/example_dags/example_trigger_target_dag.py for tasks to queue
[2024-02-08T03:24:05.486+0100] {logging_mixin.py:188} INFO - [2024-02-08T03:24:05.485+0100] {dagbag.py:538} INFO - Filling up the DagBag from /home/ubuntu/.local/lib/python3.10/site-packages/airflow/example_dags/example_trigger_target_dag.py
[2024-02-08T03:24:05.497+0100] {processor.py:840} INFO - DAG(s) 'example_trigger_target_dag' retrieved from /home/ubuntu/.local/lib/python3.10/site-packages/airflow/example_dags/example_trigger_target_dag.py
[2024-02-08T03:24:05.517+0100] {logging_mixin.py:188} INFO - [2024-02-08T03:24:05.517+0100] {dag.py:3033} INFO - Sync 1 DAGs
[2024-02-08T03:24:05.530+0100] {logging_mixin.py:188} INFO - [2024-02-08T03:24:05.530+0100] {dag.py:3820} INFO - Setting next_dagrun for example_trigger_target_dag to None, run_after=None
[2024-02-08T03:24:05.569+0100] {processor.py:183} INFO - Processing /home/ubuntu/.local/lib/python3.10/site-packages/airflow/example_dags/example_trigger_target_dag.py took 0.094 seconds
[2024-02-08T03:24:54.977+0100] {processor.py:161} INFO - Started process (PID=15630) to work on /home/ubuntu/.local/lib/python3.10/site-packages/airflow/example_dags/example_trigger_target_dag.py
[2024-02-08T03:24:54.985+0100] {processor.py:830} INFO - Processing file /home/ubuntu/.local/lib/python3.10/site-packages/airflow/example_dags/example_trigger_target_dag.py for tasks to queue
[2024-02-08T03:24:54.988+0100] {logging_mixin.py:188} INFO - [2024-02-08T03:24:54.987+0100] {dagbag.py:538} INFO - Filling up the DagBag from /home/ubuntu/.local/lib/python3.10/site-packages/airflow/example_dags/example_trigger_target_dag.py
[2024-02-08T03:24:55.010+0100] {processor.py:840} INFO - DAG(s) 'example_trigger_target_dag' retrieved from /home/ubuntu/.local/lib/python3.10/site-packages/airflow/example_dags/example_trigger_target_dag.py
[2024-02-08T03:24:55.077+0100] {logging_mixin.py:188} INFO - [2024-02-08T03:24:55.076+0100] {dag.py:3033} INFO - Sync 1 DAGs
[2024-02-08T03:24:55.099+0100] {logging_mixin.py:188} INFO - [2024-02-08T03:24:55.094+0100] {dag.py:3820} INFO - Setting next_dagrun for example_trigger_target_dag to None, run_after=None
[2024-02-08T03:24:55.190+0100] {processor.py:183} INFO - Processing /home/ubuntu/.local/lib/python3.10/site-packages/airflow/example_dags/example_trigger_target_dag.py took 0.226 seconds
