[2024-02-08T02:47:50.562+0100] {processor.py:161} INFO - Started process (PID=12452) to work on /home/ubuntu/.local/lib/python3.10/site-packages/airflow/example_dags/example_python_operator.py
[2024-02-08T02:47:50.563+0100] {processor.py:830} INFO - Processing file /home/ubuntu/.local/lib/python3.10/site-packages/airflow/example_dags/example_python_operator.py for tasks to queue
[2024-02-08T02:47:50.564+0100] {logging_mixin.py:188} INFO - [2024-02-08T02:47:50.564+0100] {dagbag.py:538} INFO - Filling up the DagBag from /home/ubuntu/.local/lib/python3.10/site-packages/airflow/example_dags/example_python_operator.py
[2024-02-08T02:47:50.594+0100] {processor.py:840} INFO - DAG(s) 'example_python_operator' retrieved from /home/ubuntu/.local/lib/python3.10/site-packages/airflow/example_dags/example_python_operator.py
[2024-02-08T02:47:50.734+0100] {logging_mixin.py:188} INFO - [2024-02-08T02:47:50.734+0100] {dag.py:3033} INFO - Sync 1 DAGs
[2024-02-08T02:47:50.746+0100] {logging_mixin.py:188} INFO - [2024-02-08T02:47:50.746+0100] {dag.py:3820} INFO - Setting next_dagrun for example_python_operator to None, run_after=None
[2024-02-08T02:47:50.788+0100] {processor.py:183} INFO - Processing /home/ubuntu/.local/lib/python3.10/site-packages/airflow/example_dags/example_python_operator.py took 0.230 seconds
[2024-02-08T02:49:35.659+0100] {processor.py:161} INFO - Started process (PID=13108) to work on /home/ubuntu/.local/lib/python3.10/site-packages/airflow/example_dags/example_python_operator.py
[2024-02-08T02:49:35.667+0100] {processor.py:830} INFO - Processing file /home/ubuntu/.local/lib/python3.10/site-packages/airflow/example_dags/example_python_operator.py for tasks to queue
[2024-02-08T02:49:35.670+0100] {logging_mixin.py:188} INFO - [2024-02-08T02:49:35.669+0100] {dagbag.py:538} INFO - Filling up the DagBag from /home/ubuntu/.local/lib/python3.10/site-packages/airflow/example_dags/example_python_operator.py
[2024-02-08T02:49:35.708+0100] {processor.py:840} INFO - DAG(s) 'example_python_operator' retrieved from /home/ubuntu/.local/lib/python3.10/site-packages/airflow/example_dags/example_python_operator.py
[2024-02-08T02:49:35.764+0100] {logging_mixin.py:188} INFO - [2024-02-08T02:49:35.763+0100] {dag.py:3033} INFO - Sync 1 DAGs
[2024-02-08T02:49:35.822+0100] {logging_mixin.py:188} INFO - [2024-02-08T02:49:35.822+0100] {dag.py:3820} INFO - Setting next_dagrun for example_python_operator to None, run_after=None
[2024-02-08T02:49:35.994+0100] {processor.py:183} INFO - Processing /home/ubuntu/.local/lib/python3.10/site-packages/airflow/example_dags/example_python_operator.py took 0.339 seconds
[2024-02-08T02:51:18.994+0100] {processor.py:161} INFO - Started process (PID=13663) to work on /home/ubuntu/.local/lib/python3.10/site-packages/airflow/example_dags/example_python_operator.py
[2024-02-08T02:51:18.997+0100] {processor.py:830} INFO - Processing file /home/ubuntu/.local/lib/python3.10/site-packages/airflow/example_dags/example_python_operator.py for tasks to queue
[2024-02-08T02:51:18.999+0100] {logging_mixin.py:188} INFO - [2024-02-08T02:51:18.998+0100] {dagbag.py:538} INFO - Filling up the DagBag from /home/ubuntu/.local/lib/python3.10/site-packages/airflow/example_dags/example_python_operator.py
[2024-02-08T02:51:19.016+0100] {processor.py:840} INFO - DAG(s) 'example_python_operator' retrieved from /home/ubuntu/.local/lib/python3.10/site-packages/airflow/example_dags/example_python_operator.py
[2024-02-08T02:51:19.037+0100] {logging_mixin.py:188} INFO - [2024-02-08T02:51:19.037+0100] {dag.py:3033} INFO - Sync 1 DAGs
[2024-02-08T02:51:19.055+0100] {logging_mixin.py:188} INFO - [2024-02-08T02:51:19.055+0100] {dag.py:3820} INFO - Setting next_dagrun for example_python_operator to None, run_after=None
[2024-02-08T02:51:19.095+0100] {processor.py:183} INFO - Processing /home/ubuntu/.local/lib/python3.10/site-packages/airflow/example_dags/example_python_operator.py took 0.105 seconds
[2024-02-08T02:52:53.765+0100] {processor.py:161} INFO - Started process (PID=13785) to work on /home/ubuntu/.local/lib/python3.10/site-packages/airflow/example_dags/example_python_operator.py
[2024-02-08T02:52:53.768+0100] {processor.py:830} INFO - Processing file /home/ubuntu/.local/lib/python3.10/site-packages/airflow/example_dags/example_python_operator.py for tasks to queue
[2024-02-08T02:52:53.770+0100] {logging_mixin.py:188} INFO - [2024-02-08T02:52:53.769+0100] {dagbag.py:538} INFO - Filling up the DagBag from /home/ubuntu/.local/lib/python3.10/site-packages/airflow/example_dags/example_python_operator.py
[2024-02-08T02:52:53.791+0100] {processor.py:840} INFO - DAG(s) 'example_python_operator' retrieved from /home/ubuntu/.local/lib/python3.10/site-packages/airflow/example_dags/example_python_operator.py
[2024-02-08T02:52:53.826+0100] {logging_mixin.py:188} INFO - [2024-02-08T02:52:53.826+0100] {dag.py:3033} INFO - Sync 1 DAGs
[2024-02-08T02:52:53.852+0100] {logging_mixin.py:188} INFO - [2024-02-08T02:52:53.852+0100] {dag.py:3820} INFO - Setting next_dagrun for example_python_operator to None, run_after=None
[2024-02-08T02:52:53.896+0100] {processor.py:183} INFO - Processing /home/ubuntu/.local/lib/python3.10/site-packages/airflow/example_dags/example_python_operator.py took 0.136 seconds
[2024-02-08T02:56:05.251+0100] {processor.py:161} INFO - Started process (PID=13906) to work on /home/ubuntu/.local/lib/python3.10/site-packages/airflow/example_dags/example_python_operator.py
[2024-02-08T02:56:05.274+0100] {processor.py:830} INFO - Processing file /home/ubuntu/.local/lib/python3.10/site-packages/airflow/example_dags/example_python_operator.py for tasks to queue
[2024-02-08T02:56:05.276+0100] {logging_mixin.py:188} INFO - [2024-02-08T02:56:05.275+0100] {dagbag.py:538} INFO - Filling up the DagBag from /home/ubuntu/.local/lib/python3.10/site-packages/airflow/example_dags/example_python_operator.py
[2024-02-08T02:56:05.372+0100] {processor.py:840} INFO - DAG(s) 'example_python_operator' retrieved from /home/ubuntu/.local/lib/python3.10/site-packages/airflow/example_dags/example_python_operator.py
[2024-02-08T02:56:05.448+0100] {logging_mixin.py:188} INFO - [2024-02-08T02:56:05.448+0100] {dag.py:3033} INFO - Sync 1 DAGs
[2024-02-08T02:56:05.476+0100] {logging_mixin.py:188} INFO - [2024-02-08T02:56:05.475+0100] {dag.py:3820} INFO - Setting next_dagrun for example_python_operator to None, run_after=None
[2024-02-08T02:56:05.620+0100] {processor.py:183} INFO - Processing /home/ubuntu/.local/lib/python3.10/site-packages/airflow/example_dags/example_python_operator.py took 0.377 seconds
[2024-02-08T03:00:51.206+0100] {processor.py:161} INFO - Started process (PID=14058) to work on /home/ubuntu/.local/lib/python3.10/site-packages/airflow/example_dags/example_python_operator.py
[2024-02-08T03:00:51.220+0100] {processor.py:830} INFO - Processing file /home/ubuntu/.local/lib/python3.10/site-packages/airflow/example_dags/example_python_operator.py for tasks to queue
[2024-02-08T03:00:51.224+0100] {logging_mixin.py:188} INFO - [2024-02-08T03:00:51.221+0100] {dagbag.py:538} INFO - Filling up the DagBag from /home/ubuntu/.local/lib/python3.10/site-packages/airflow/example_dags/example_python_operator.py
[2024-02-08T03:00:51.244+0100] {processor.py:840} INFO - DAG(s) 'example_python_operator' retrieved from /home/ubuntu/.local/lib/python3.10/site-packages/airflow/example_dags/example_python_operator.py
[2024-02-08T03:00:51.315+0100] {logging_mixin.py:188} INFO - [2024-02-08T03:00:51.315+0100] {dag.py:3033} INFO - Sync 1 DAGs
[2024-02-08T03:00:51.340+0100] {logging_mixin.py:188} INFO - [2024-02-08T03:00:51.340+0100] {dag.py:3820} INFO - Setting next_dagrun for example_python_operator to None, run_after=None
[2024-02-08T03:00:51.437+0100] {processor.py:183} INFO - Processing /home/ubuntu/.local/lib/python3.10/site-packages/airflow/example_dags/example_python_operator.py took 0.238 seconds
[2024-02-08T03:02:43.528+0100] {processor.py:161} INFO - Started process (PID=14213) to work on /home/ubuntu/.local/lib/python3.10/site-packages/airflow/example_dags/example_python_operator.py
[2024-02-08T03:02:43.531+0100] {processor.py:830} INFO - Processing file /home/ubuntu/.local/lib/python3.10/site-packages/airflow/example_dags/example_python_operator.py for tasks to queue
[2024-02-08T03:02:43.533+0100] {logging_mixin.py:188} INFO - [2024-02-08T03:02:43.533+0100] {dagbag.py:538} INFO - Filling up the DagBag from /home/ubuntu/.local/lib/python3.10/site-packages/airflow/example_dags/example_python_operator.py
[2024-02-08T03:02:43.568+0100] {processor.py:840} INFO - DAG(s) 'example_python_operator' retrieved from /home/ubuntu/.local/lib/python3.10/site-packages/airflow/example_dags/example_python_operator.py
[2024-02-08T03:02:43.598+0100] {logging_mixin.py:188} INFO - [2024-02-08T03:02:43.598+0100] {dag.py:3033} INFO - Sync 1 DAGs
[2024-02-08T03:02:43.612+0100] {logging_mixin.py:188} INFO - [2024-02-08T03:02:43.612+0100] {dag.py:3820} INFO - Setting next_dagrun for example_python_operator to None, run_after=None
[2024-02-08T03:02:43.655+0100] {processor.py:183} INFO - Processing /home/ubuntu/.local/lib/python3.10/site-packages/airflow/example_dags/example_python_operator.py took 0.134 seconds
[2024-02-08T03:04:20.752+0100] {processor.py:161} INFO - Started process (PID=14299) to work on /home/ubuntu/.local/lib/python3.10/site-packages/airflow/example_dags/example_python_operator.py
[2024-02-08T03:04:20.756+0100] {processor.py:830} INFO - Processing file /home/ubuntu/.local/lib/python3.10/site-packages/airflow/example_dags/example_python_operator.py for tasks to queue
[2024-02-08T03:04:20.757+0100] {logging_mixin.py:188} INFO - [2024-02-08T03:04:20.757+0100] {dagbag.py:538} INFO - Filling up the DagBag from /home/ubuntu/.local/lib/python3.10/site-packages/airflow/example_dags/example_python_operator.py
[2024-02-08T03:04:20.799+0100] {processor.py:840} INFO - DAG(s) 'example_python_operator' retrieved from /home/ubuntu/.local/lib/python3.10/site-packages/airflow/example_dags/example_python_operator.py
[2024-02-08T03:04:20.827+0100] {logging_mixin.py:188} INFO - [2024-02-08T03:04:20.827+0100] {dag.py:3033} INFO - Sync 1 DAGs
[2024-02-08T03:04:20.844+0100] {logging_mixin.py:188} INFO - [2024-02-08T03:04:20.844+0100] {dag.py:3820} INFO - Setting next_dagrun for example_python_operator to None, run_after=None
[2024-02-08T03:04:20.881+0100] {processor.py:183} INFO - Processing /home/ubuntu/.local/lib/python3.10/site-packages/airflow/example_dags/example_python_operator.py took 0.136 seconds
[2024-02-08T03:06:06.709+0100] {processor.py:161} INFO - Started process (PID=14380) to work on /home/ubuntu/.local/lib/python3.10/site-packages/airflow/example_dags/example_python_operator.py
[2024-02-08T03:06:06.712+0100] {processor.py:830} INFO - Processing file /home/ubuntu/.local/lib/python3.10/site-packages/airflow/example_dags/example_python_operator.py for tasks to queue
[2024-02-08T03:06:06.714+0100] {logging_mixin.py:188} INFO - [2024-02-08T03:06:06.713+0100] {dagbag.py:538} INFO - Filling up the DagBag from /home/ubuntu/.local/lib/python3.10/site-packages/airflow/example_dags/example_python_operator.py
[2024-02-08T03:06:06.737+0100] {processor.py:840} INFO - DAG(s) 'example_python_operator' retrieved from /home/ubuntu/.local/lib/python3.10/site-packages/airflow/example_dags/example_python_operator.py
[2024-02-08T03:06:06.764+0100] {logging_mixin.py:188} INFO - [2024-02-08T03:06:06.764+0100] {dag.py:3033} INFO - Sync 1 DAGs
[2024-02-08T03:06:06.786+0100] {logging_mixin.py:188} INFO - [2024-02-08T03:06:06.786+0100] {dag.py:3820} INFO - Setting next_dagrun for example_python_operator to None, run_after=None
[2024-02-08T03:06:06.831+0100] {processor.py:183} INFO - Processing /home/ubuntu/.local/lib/python3.10/site-packages/airflow/example_dags/example_python_operator.py took 0.128 seconds
[2024-02-08T03:07:09.671+0100] {processor.py:161} INFO - Started process (PID=14443) to work on /home/ubuntu/.local/lib/python3.10/site-packages/airflow/example_dags/example_python_operator.py
[2024-02-08T03:07:09.675+0100] {processor.py:830} INFO - Processing file /home/ubuntu/.local/lib/python3.10/site-packages/airflow/example_dags/example_python_operator.py for tasks to queue
[2024-02-08T03:07:09.677+0100] {logging_mixin.py:188} INFO - [2024-02-08T03:07:09.676+0100] {dagbag.py:538} INFO - Filling up the DagBag from /home/ubuntu/.local/lib/python3.10/site-packages/airflow/example_dags/example_python_operator.py
[2024-02-08T03:07:09.698+0100] {processor.py:840} INFO - DAG(s) 'example_python_operator' retrieved from /home/ubuntu/.local/lib/python3.10/site-packages/airflow/example_dags/example_python_operator.py
[2024-02-08T03:07:09.729+0100] {logging_mixin.py:188} INFO - [2024-02-08T03:07:09.729+0100] {dag.py:3033} INFO - Sync 1 DAGs
[2024-02-08T03:07:09.747+0100] {logging_mixin.py:188} INFO - [2024-02-08T03:07:09.747+0100] {dag.py:3820} INFO - Setting next_dagrun for example_python_operator to None, run_after=None
[2024-02-08T03:07:09.799+0100] {processor.py:183} INFO - Processing /home/ubuntu/.local/lib/python3.10/site-packages/airflow/example_dags/example_python_operator.py took 0.135 seconds
[2024-02-08T03:08:24.542+0100] {processor.py:161} INFO - Started process (PID=14587) to work on /home/ubuntu/.local/lib/python3.10/site-packages/airflow/example_dags/example_python_operator.py
[2024-02-08T03:08:24.547+0100] {processor.py:830} INFO - Processing file /home/ubuntu/.local/lib/python3.10/site-packages/airflow/example_dags/example_python_operator.py for tasks to queue
[2024-02-08T03:08:24.548+0100] {logging_mixin.py:188} INFO - [2024-02-08T03:08:24.548+0100] {dagbag.py:538} INFO - Filling up the DagBag from /home/ubuntu/.local/lib/python3.10/site-packages/airflow/example_dags/example_python_operator.py
[2024-02-08T03:08:24.566+0100] {processor.py:840} INFO - DAG(s) 'example_python_operator' retrieved from /home/ubuntu/.local/lib/python3.10/site-packages/airflow/example_dags/example_python_operator.py
[2024-02-08T03:08:24.595+0100] {logging_mixin.py:188} INFO - [2024-02-08T03:08:24.595+0100] {dag.py:3033} INFO - Sync 1 DAGs
[2024-02-08T03:08:24.610+0100] {logging_mixin.py:188} INFO - [2024-02-08T03:08:24.610+0100] {dag.py:3820} INFO - Setting next_dagrun for example_python_operator to None, run_after=None
[2024-02-08T03:08:24.647+0100] {processor.py:183} INFO - Processing /home/ubuntu/.local/lib/python3.10/site-packages/airflow/example_dags/example_python_operator.py took 0.117 seconds
[2024-02-08T03:09:27.576+0100] {processor.py:161} INFO - Started process (PID=14650) to work on /home/ubuntu/.local/lib/python3.10/site-packages/airflow/example_dags/example_python_operator.py
[2024-02-08T03:09:27.580+0100] {processor.py:830} INFO - Processing file /home/ubuntu/.local/lib/python3.10/site-packages/airflow/example_dags/example_python_operator.py for tasks to queue
[2024-02-08T03:09:27.582+0100] {logging_mixin.py:188} INFO - [2024-02-08T03:09:27.581+0100] {dagbag.py:538} INFO - Filling up the DagBag from /home/ubuntu/.local/lib/python3.10/site-packages/airflow/example_dags/example_python_operator.py
[2024-02-08T03:09:27.647+0100] {processor.py:840} INFO - DAG(s) 'example_python_operator' retrieved from /home/ubuntu/.local/lib/python3.10/site-packages/airflow/example_dags/example_python_operator.py
[2024-02-08T03:09:27.684+0100] {logging_mixin.py:188} INFO - [2024-02-08T03:09:27.684+0100] {dag.py:3033} INFO - Sync 1 DAGs
[2024-02-08T03:09:27.705+0100] {logging_mixin.py:188} INFO - [2024-02-08T03:09:27.704+0100] {dag.py:3820} INFO - Setting next_dagrun for example_python_operator to None, run_after=None
[2024-02-08T03:09:27.762+0100] {processor.py:183} INFO - Processing /home/ubuntu/.local/lib/python3.10/site-packages/airflow/example_dags/example_python_operator.py took 0.194 seconds
[2024-02-08T03:10:33.630+0100] {processor.py:161} INFO - Started process (PID=14711) to work on /home/ubuntu/.local/lib/python3.10/site-packages/airflow/example_dags/example_python_operator.py
[2024-02-08T03:10:33.634+0100] {processor.py:830} INFO - Processing file /home/ubuntu/.local/lib/python3.10/site-packages/airflow/example_dags/example_python_operator.py for tasks to queue
[2024-02-08T03:10:33.636+0100] {logging_mixin.py:188} INFO - [2024-02-08T03:10:33.636+0100] {dagbag.py:538} INFO - Filling up the DagBag from /home/ubuntu/.local/lib/python3.10/site-packages/airflow/example_dags/example_python_operator.py
[2024-02-08T03:10:33.661+0100] {processor.py:840} INFO - DAG(s) 'example_python_operator' retrieved from /home/ubuntu/.local/lib/python3.10/site-packages/airflow/example_dags/example_python_operator.py
[2024-02-08T03:10:33.704+0100] {logging_mixin.py:188} INFO - [2024-02-08T03:10:33.703+0100] {dag.py:3033} INFO - Sync 1 DAGs
[2024-02-08T03:10:33.730+0100] {logging_mixin.py:188} INFO - [2024-02-08T03:10:33.730+0100] {dag.py:3820} INFO - Setting next_dagrun for example_python_operator to None, run_after=None
[2024-02-08T03:10:33.786+0100] {processor.py:183} INFO - Processing /home/ubuntu/.local/lib/python3.10/site-packages/airflow/example_dags/example_python_operator.py took 0.162 seconds
[2024-02-08T03:11:38.924+0100] {processor.py:161} INFO - Started process (PID=14768) to work on /home/ubuntu/.local/lib/python3.10/site-packages/airflow/example_dags/example_python_operator.py
[2024-02-08T03:11:38.928+0100] {processor.py:830} INFO - Processing file /home/ubuntu/.local/lib/python3.10/site-packages/airflow/example_dags/example_python_operator.py for tasks to queue
[2024-02-08T03:11:38.930+0100] {logging_mixin.py:188} INFO - [2024-02-08T03:11:38.929+0100] {dagbag.py:538} INFO - Filling up the DagBag from /home/ubuntu/.local/lib/python3.10/site-packages/airflow/example_dags/example_python_operator.py
[2024-02-08T03:11:38.956+0100] {processor.py:840} INFO - DAG(s) 'example_python_operator' retrieved from /home/ubuntu/.local/lib/python3.10/site-packages/airflow/example_dags/example_python_operator.py
[2024-02-08T03:11:38.991+0100] {logging_mixin.py:188} INFO - [2024-02-08T03:11:38.991+0100] {dag.py:3033} INFO - Sync 1 DAGs
[2024-02-08T03:11:39.015+0100] {logging_mixin.py:188} INFO - [2024-02-08T03:11:39.014+0100] {dag.py:3820} INFO - Setting next_dagrun for example_python_operator to None, run_after=None
[2024-02-08T03:11:39.081+0100] {processor.py:183} INFO - Processing /home/ubuntu/.local/lib/python3.10/site-packages/airflow/example_dags/example_python_operator.py took 0.164 seconds
[2024-02-08T03:12:39.931+0100] {processor.py:161} INFO - Started process (PID=14827) to work on /home/ubuntu/.local/lib/python3.10/site-packages/airflow/example_dags/example_python_operator.py
[2024-02-08T03:12:39.938+0100] {processor.py:830} INFO - Processing file /home/ubuntu/.local/lib/python3.10/site-packages/airflow/example_dags/example_python_operator.py for tasks to queue
[2024-02-08T03:12:39.940+0100] {logging_mixin.py:188} INFO - [2024-02-08T03:12:39.940+0100] {dagbag.py:538} INFO - Filling up the DagBag from /home/ubuntu/.local/lib/python3.10/site-packages/airflow/example_dags/example_python_operator.py
[2024-02-08T03:12:39.957+0100] {processor.py:840} INFO - DAG(s) 'example_python_operator' retrieved from /home/ubuntu/.local/lib/python3.10/site-packages/airflow/example_dags/example_python_operator.py
[2024-02-08T03:12:39.985+0100] {logging_mixin.py:188} INFO - [2024-02-08T03:12:39.985+0100] {dag.py:3033} INFO - Sync 1 DAGs
[2024-02-08T03:12:40.000+0100] {logging_mixin.py:188} INFO - [2024-02-08T03:12:40.000+0100] {dag.py:3820} INFO - Setting next_dagrun for example_python_operator to None, run_after=None
[2024-02-08T03:12:40.038+0100] {processor.py:183} INFO - Processing /home/ubuntu/.local/lib/python3.10/site-packages/airflow/example_dags/example_python_operator.py took 0.112 seconds
[2024-02-08T03:13:40.120+0100] {processor.py:161} INFO - Started process (PID=14883) to work on /home/ubuntu/.local/lib/python3.10/site-packages/airflow/example_dags/example_python_operator.py
[2024-02-08T03:13:40.123+0100] {processor.py:830} INFO - Processing file /home/ubuntu/.local/lib/python3.10/site-packages/airflow/example_dags/example_python_operator.py for tasks to queue
[2024-02-08T03:13:40.125+0100] {logging_mixin.py:188} INFO - [2024-02-08T03:13:40.125+0100] {dagbag.py:538} INFO - Filling up the DagBag from /home/ubuntu/.local/lib/python3.10/site-packages/airflow/example_dags/example_python_operator.py
[2024-02-08T03:13:40.143+0100] {processor.py:840} INFO - DAG(s) 'example_python_operator' retrieved from /home/ubuntu/.local/lib/python3.10/site-packages/airflow/example_dags/example_python_operator.py
[2024-02-08T03:13:40.171+0100] {logging_mixin.py:188} INFO - [2024-02-08T03:13:40.171+0100] {dag.py:3033} INFO - Sync 1 DAGs
[2024-02-08T03:13:40.197+0100] {logging_mixin.py:188} INFO - [2024-02-08T03:13:40.196+0100] {dag.py:3820} INFO - Setting next_dagrun for example_python_operator to None, run_after=None
[2024-02-08T03:13:40.252+0100] {processor.py:183} INFO - Processing /home/ubuntu/.local/lib/python3.10/site-packages/airflow/example_dags/example_python_operator.py took 0.137 seconds
[2024-02-08T03:14:42.467+0100] {processor.py:161} INFO - Started process (PID=14949) to work on /home/ubuntu/.local/lib/python3.10/site-packages/airflow/example_dags/example_python_operator.py
[2024-02-08T03:14:42.472+0100] {processor.py:830} INFO - Processing file /home/ubuntu/.local/lib/python3.10/site-packages/airflow/example_dags/example_python_operator.py for tasks to queue
[2024-02-08T03:14:42.475+0100] {logging_mixin.py:188} INFO - [2024-02-08T03:14:42.474+0100] {dagbag.py:538} INFO - Filling up the DagBag from /home/ubuntu/.local/lib/python3.10/site-packages/airflow/example_dags/example_python_operator.py
[2024-02-08T03:14:42.501+0100] {processor.py:840} INFO - DAG(s) 'example_python_operator' retrieved from /home/ubuntu/.local/lib/python3.10/site-packages/airflow/example_dags/example_python_operator.py
[2024-02-08T03:14:42.536+0100] {logging_mixin.py:188} INFO - [2024-02-08T03:14:42.536+0100] {dag.py:3033} INFO - Sync 1 DAGs
[2024-02-08T03:14:42.554+0100] {logging_mixin.py:188} INFO - [2024-02-08T03:14:42.554+0100] {dag.py:3820} INFO - Setting next_dagrun for example_python_operator to None, run_after=None
[2024-02-08T03:14:42.602+0100] {processor.py:183} INFO - Processing /home/ubuntu/.local/lib/python3.10/site-packages/airflow/example_dags/example_python_operator.py took 0.140 seconds
[2024-02-08T03:15:44.883+0100] {processor.py:161} INFO - Started process (PID=15013) to work on /home/ubuntu/.local/lib/python3.10/site-packages/airflow/example_dags/example_python_operator.py
[2024-02-08T03:15:44.888+0100] {processor.py:830} INFO - Processing file /home/ubuntu/.local/lib/python3.10/site-packages/airflow/example_dags/example_python_operator.py for tasks to queue
[2024-02-08T03:15:44.890+0100] {logging_mixin.py:188} INFO - [2024-02-08T03:15:44.889+0100] {dagbag.py:538} INFO - Filling up the DagBag from /home/ubuntu/.local/lib/python3.10/site-packages/airflow/example_dags/example_python_operator.py
[2024-02-08T03:15:44.920+0100] {processor.py:840} INFO - DAG(s) 'example_python_operator' retrieved from /home/ubuntu/.local/lib/python3.10/site-packages/airflow/example_dags/example_python_operator.py
[2024-02-08T03:15:44.957+0100] {logging_mixin.py:188} INFO - [2024-02-08T03:15:44.957+0100] {dag.py:3033} INFO - Sync 1 DAGs
[2024-02-08T03:15:44.982+0100] {logging_mixin.py:188} INFO - [2024-02-08T03:15:44.981+0100] {dag.py:3820} INFO - Setting next_dagrun for example_python_operator to None, run_after=None
[2024-02-08T03:15:45.036+0100] {processor.py:183} INFO - Processing /home/ubuntu/.local/lib/python3.10/site-packages/airflow/example_dags/example_python_operator.py took 0.160 seconds
[2024-02-08T03:16:44.888+0100] {processor.py:161} INFO - Started process (PID=15069) to work on /home/ubuntu/.local/lib/python3.10/site-packages/airflow/example_dags/example_python_operator.py
[2024-02-08T03:16:44.893+0100] {processor.py:830} INFO - Processing file /home/ubuntu/.local/lib/python3.10/site-packages/airflow/example_dags/example_python_operator.py for tasks to queue
[2024-02-08T03:16:44.896+0100] {logging_mixin.py:188} INFO - [2024-02-08T03:16:44.895+0100] {dagbag.py:538} INFO - Filling up the DagBag from /home/ubuntu/.local/lib/python3.10/site-packages/airflow/example_dags/example_python_operator.py
[2024-02-08T03:16:44.917+0100] {processor.py:840} INFO - DAG(s) 'example_python_operator' retrieved from /home/ubuntu/.local/lib/python3.10/site-packages/airflow/example_dags/example_python_operator.py
[2024-02-08T03:16:44.956+0100] {logging_mixin.py:188} INFO - [2024-02-08T03:16:44.956+0100] {dag.py:3033} INFO - Sync 1 DAGs
[2024-02-08T03:16:44.982+0100] {logging_mixin.py:188} INFO - [2024-02-08T03:16:44.982+0100] {dag.py:3820} INFO - Setting next_dagrun for example_python_operator to None, run_after=None
[2024-02-08T03:16:45.045+0100] {processor.py:183} INFO - Processing /home/ubuntu/.local/lib/python3.10/site-packages/airflow/example_dags/example_python_operator.py took 0.165 seconds
[2024-02-08T03:17:41.857+0100] {processor.py:161} INFO - Started process (PID=15127) to work on /home/ubuntu/.local/lib/python3.10/site-packages/airflow/example_dags/example_python_operator.py
[2024-02-08T03:17:41.867+0100] {processor.py:830} INFO - Processing file /home/ubuntu/.local/lib/python3.10/site-packages/airflow/example_dags/example_python_operator.py for tasks to queue
[2024-02-08T03:17:41.869+0100] {logging_mixin.py:188} INFO - [2024-02-08T03:17:41.868+0100] {dagbag.py:538} INFO - Filling up the DagBag from /home/ubuntu/.local/lib/python3.10/site-packages/airflow/example_dags/example_python_operator.py
[2024-02-08T03:17:41.895+0100] {processor.py:840} INFO - DAG(s) 'example_python_operator' retrieved from /home/ubuntu/.local/lib/python3.10/site-packages/airflow/example_dags/example_python_operator.py
[2024-02-08T03:17:41.926+0100] {logging_mixin.py:188} INFO - [2024-02-08T03:17:41.926+0100] {dag.py:3033} INFO - Sync 1 DAGs
[2024-02-08T03:17:41.949+0100] {logging_mixin.py:188} INFO - [2024-02-08T03:17:41.949+0100] {dag.py:3820} INFO - Setting next_dagrun for example_python_operator to None, run_after=None
[2024-02-08T03:17:41.998+0100] {processor.py:183} INFO - Processing /home/ubuntu/.local/lib/python3.10/site-packages/airflow/example_dags/example_python_operator.py took 0.150 seconds
[2024-02-08T03:18:43.050+0100] {processor.py:161} INFO - Started process (PID=15184) to work on /home/ubuntu/.local/lib/python3.10/site-packages/airflow/example_dags/example_python_operator.py
[2024-02-08T03:18:43.053+0100] {processor.py:830} INFO - Processing file /home/ubuntu/.local/lib/python3.10/site-packages/airflow/example_dags/example_python_operator.py for tasks to queue
[2024-02-08T03:18:43.056+0100] {logging_mixin.py:188} INFO - [2024-02-08T03:18:43.055+0100] {dagbag.py:538} INFO - Filling up the DagBag from /home/ubuntu/.local/lib/python3.10/site-packages/airflow/example_dags/example_python_operator.py
[2024-02-08T03:18:43.078+0100] {processor.py:840} INFO - DAG(s) 'example_python_operator' retrieved from /home/ubuntu/.local/lib/python3.10/site-packages/airflow/example_dags/example_python_operator.py
[2024-02-08T03:18:43.109+0100] {logging_mixin.py:188} INFO - [2024-02-08T03:18:43.109+0100] {dag.py:3033} INFO - Sync 1 DAGs
[2024-02-08T03:18:43.133+0100] {logging_mixin.py:188} INFO - [2024-02-08T03:18:43.133+0100] {dag.py:3820} INFO - Setting next_dagrun for example_python_operator to None, run_after=None
[2024-02-08T03:18:43.182+0100] {processor.py:183} INFO - Processing /home/ubuntu/.local/lib/python3.10/site-packages/airflow/example_dags/example_python_operator.py took 0.139 seconds
[2024-02-08T03:19:52.948+0100] {processor.py:161} INFO - Started process (PID=15306) to work on /home/ubuntu/.local/lib/python3.10/site-packages/airflow/example_dags/example_python_operator.py
[2024-02-08T03:19:52.954+0100] {processor.py:830} INFO - Processing file /home/ubuntu/.local/lib/python3.10/site-packages/airflow/example_dags/example_python_operator.py for tasks to queue
[2024-02-08T03:19:52.956+0100] {logging_mixin.py:188} INFO - [2024-02-08T03:19:52.955+0100] {dagbag.py:538} INFO - Filling up the DagBag from /home/ubuntu/.local/lib/python3.10/site-packages/airflow/example_dags/example_python_operator.py
[2024-02-08T03:19:52.989+0100] {processor.py:840} INFO - DAG(s) 'example_python_operator' retrieved from /home/ubuntu/.local/lib/python3.10/site-packages/airflow/example_dags/example_python_operator.py
[2024-02-08T03:19:53.021+0100] {logging_mixin.py:188} INFO - [2024-02-08T03:19:53.021+0100] {dag.py:3033} INFO - Sync 1 DAGs
[2024-02-08T03:19:53.040+0100] {logging_mixin.py:188} INFO - [2024-02-08T03:19:53.040+0100] {dag.py:3820} INFO - Setting next_dagrun for example_python_operator to None, run_after=None
[2024-02-08T03:19:53.080+0100] {processor.py:183} INFO - Processing /home/ubuntu/.local/lib/python3.10/site-packages/airflow/example_dags/example_python_operator.py took 0.136 seconds
[2024-02-08T03:21:03.426+0100] {processor.py:161} INFO - Started process (PID=15368) to work on /home/ubuntu/.local/lib/python3.10/site-packages/airflow/example_dags/example_python_operator.py
[2024-02-08T03:21:03.432+0100] {processor.py:830} INFO - Processing file /home/ubuntu/.local/lib/python3.10/site-packages/airflow/example_dags/example_python_operator.py for tasks to queue
[2024-02-08T03:21:03.436+0100] {logging_mixin.py:188} INFO - [2024-02-08T03:21:03.434+0100] {dagbag.py:538} INFO - Filling up the DagBag from /home/ubuntu/.local/lib/python3.10/site-packages/airflow/example_dags/example_python_operator.py
[2024-02-08T03:21:03.585+0100] {processor.py:840} INFO - DAG(s) 'example_python_operator' retrieved from /home/ubuntu/.local/lib/python3.10/site-packages/airflow/example_dags/example_python_operator.py
[2024-02-08T03:21:03.671+0100] {logging_mixin.py:188} INFO - [2024-02-08T03:21:03.671+0100] {dag.py:3033} INFO - Sync 1 DAGs
[2024-02-08T03:21:03.686+0100] {logging_mixin.py:188} INFO - [2024-02-08T03:21:03.686+0100] {dag.py:3820} INFO - Setting next_dagrun for example_python_operator to None, run_after=None
[2024-02-08T03:21:03.728+0100] {processor.py:183} INFO - Processing /home/ubuntu/.local/lib/python3.10/site-packages/airflow/example_dags/example_python_operator.py took 0.308 seconds
[2024-02-08T03:22:11.308+0100] {processor.py:161} INFO - Started process (PID=15427) to work on /home/ubuntu/.local/lib/python3.10/site-packages/airflow/example_dags/example_python_operator.py
[2024-02-08T03:22:11.313+0100] {processor.py:830} INFO - Processing file /home/ubuntu/.local/lib/python3.10/site-packages/airflow/example_dags/example_python_operator.py for tasks to queue
[2024-02-08T03:22:11.315+0100] {logging_mixin.py:188} INFO - [2024-02-08T03:22:11.314+0100] {dagbag.py:538} INFO - Filling up the DagBag from /home/ubuntu/.local/lib/python3.10/site-packages/airflow/example_dags/example_python_operator.py
[2024-02-08T03:22:11.352+0100] {processor.py:840} INFO - DAG(s) 'example_python_operator' retrieved from /home/ubuntu/.local/lib/python3.10/site-packages/airflow/example_dags/example_python_operator.py
[2024-02-08T03:22:11.416+0100] {logging_mixin.py:188} INFO - [2024-02-08T03:22:11.416+0100] {dag.py:3033} INFO - Sync 1 DAGs
[2024-02-08T03:22:11.430+0100] {logging_mixin.py:188} INFO - [2024-02-08T03:22:11.430+0100] {dag.py:3820} INFO - Setting next_dagrun for example_python_operator to None, run_after=None
[2024-02-08T03:22:11.469+0100] {processor.py:183} INFO - Processing /home/ubuntu/.local/lib/python3.10/site-packages/airflow/example_dags/example_python_operator.py took 0.166 seconds
[2024-02-08T03:23:14.539+0100] {processor.py:161} INFO - Started process (PID=15498) to work on /home/ubuntu/.local/lib/python3.10/site-packages/airflow/example_dags/example_python_operator.py
[2024-02-08T03:23:14.543+0100] {processor.py:830} INFO - Processing file /home/ubuntu/.local/lib/python3.10/site-packages/airflow/example_dags/example_python_operator.py for tasks to queue
[2024-02-08T03:23:14.545+0100] {logging_mixin.py:188} INFO - [2024-02-08T03:23:14.544+0100] {dagbag.py:538} INFO - Filling up the DagBag from /home/ubuntu/.local/lib/python3.10/site-packages/airflow/example_dags/example_python_operator.py
[2024-02-08T03:23:14.614+0100] {processor.py:840} INFO - DAG(s) 'example_python_operator' retrieved from /home/ubuntu/.local/lib/python3.10/site-packages/airflow/example_dags/example_python_operator.py
[2024-02-08T03:23:14.644+0100] {logging_mixin.py:188} INFO - [2024-02-08T03:23:14.644+0100] {dag.py:3033} INFO - Sync 1 DAGs
[2024-02-08T03:23:14.661+0100] {logging_mixin.py:188} INFO - [2024-02-08T03:23:14.661+0100] {dag.py:3820} INFO - Setting next_dagrun for example_python_operator to None, run_after=None
[2024-02-08T03:23:14.706+0100] {processor.py:183} INFO - Processing /home/ubuntu/.local/lib/python3.10/site-packages/airflow/example_dags/example_python_operator.py took 0.172 seconds
[2024-02-08T03:24:44.264+0100] {processor.py:161} INFO - Started process (PID=15612) to work on /home/ubuntu/.local/lib/python3.10/site-packages/airflow/example_dags/example_python_operator.py
[2024-02-08T03:24:44.270+0100] {processor.py:830} INFO - Processing file /home/ubuntu/.local/lib/python3.10/site-packages/airflow/example_dags/example_python_operator.py for tasks to queue
[2024-02-08T03:24:44.276+0100] {logging_mixin.py:188} INFO - [2024-02-08T03:24:44.276+0100] {dagbag.py:538} INFO - Filling up the DagBag from /home/ubuntu/.local/lib/python3.10/site-packages/airflow/example_dags/example_python_operator.py
[2024-02-08T03:24:44.314+0100] {processor.py:840} INFO - DAG(s) 'example_python_operator' retrieved from /home/ubuntu/.local/lib/python3.10/site-packages/airflow/example_dags/example_python_operator.py
[2024-02-08T03:24:44.345+0100] {logging_mixin.py:188} INFO - [2024-02-08T03:24:44.344+0100] {dag.py:3033} INFO - Sync 1 DAGs
[2024-02-08T03:24:44.374+0100] {logging_mixin.py:188} INFO - [2024-02-08T03:24:44.373+0100] {dag.py:3820} INFO - Setting next_dagrun for example_python_operator to None, run_after=None
[2024-02-08T03:24:44.457+0100] {processor.py:183} INFO - Processing /home/ubuntu/.local/lib/python3.10/site-packages/airflow/example_dags/example_python_operator.py took 0.199 seconds
