[2024-02-08T02:47:23.716+0100] {processor.py:161} INFO - Started process (PID=12422) to work on /home/ubuntu/.local/lib/python3.10/site-packages/airflow/example_dags/example_datasets.py
[2024-02-08T02:47:23.718+0100] {processor.py:830} INFO - Processing file /home/ubuntu/.local/lib/python3.10/site-packages/airflow/example_dags/example_datasets.py for tasks to queue
[2024-02-08T02:47:23.747+0100] {logging_mixin.py:188} INFO - [2024-02-08T02:47:23.733+0100] {dagbag.py:538} INFO - Filling up the DagBag from /home/ubuntu/.local/lib/python3.10/site-packages/airflow/example_dags/example_datasets.py
[2024-02-08T02:47:23.981+0100] {processor.py:840} INFO - DAG(s) 'dataset_produces_2', 'dataset_consumes_1_and_2', 'dataset_consumes_1_never_scheduled', 'dataset_consumes_1', 'dataset_consumes_unknown_never_scheduled', 'dataset_produces_1' retrieved from /home/ubuntu/.local/lib/python3.10/site-packages/airflow/example_dags/example_datasets.py
[2024-02-08T02:47:26.174+0100] {logging_mixin.py:188} INFO - [2024-02-08T02:47:26.144+0100] {dag.py:3033} INFO - Sync 6 DAGs
[2024-02-08T02:47:26.363+0100] {logging_mixin.py:188} INFO - [2024-02-08T02:47:26.363+0100] {dag.py:3820} INFO - Setting next_dagrun for dataset_consumes_1 to None, run_after=None
[2024-02-08T02:47:26.394+0100] {logging_mixin.py:188} INFO - [2024-02-08T02:47:26.394+0100] {dag.py:3820} INFO - Setting next_dagrun for dataset_consumes_1_and_2 to None, run_after=None
[2024-02-08T02:47:26.397+0100] {logging_mixin.py:188} INFO - [2024-02-08T02:47:26.397+0100] {dag.py:3820} INFO - Setting next_dagrun for dataset_consumes_1_never_scheduled to None, run_after=None
[2024-02-08T02:47:26.600+0100] {logging_mixin.py:188} INFO - [2024-02-08T02:47:26.597+0100] {dag.py:3820} INFO - Setting next_dagrun for dataset_consumes_unknown_never_scheduled to None, run_after=None
[2024-02-08T02:47:26.625+0100] {logging_mixin.py:188} INFO - [2024-02-08T02:47:26.625+0100] {dag.py:3820} INFO - Setting next_dagrun for dataset_produces_1 to 2024-02-07T00:00:00+00:00, run_after=2024-02-08T00:00:00+00:00
[2024-02-08T02:47:26.636+0100] {logging_mixin.py:188} INFO - [2024-02-08T02:47:26.635+0100] {dag.py:3820} INFO - Setting next_dagrun for dataset_produces_2 to None, run_after=None
[2024-02-08T02:47:27.086+0100] {processor.py:183} INFO - Processing /home/ubuntu/.local/lib/python3.10/site-packages/airflow/example_dags/example_datasets.py took 3.428 seconds
[2024-02-08T02:49:11.852+0100] {processor.py:161} INFO - Started process (PID=13085) to work on /home/ubuntu/.local/lib/python3.10/site-packages/airflow/example_dags/example_datasets.py
[2024-02-08T02:49:12.010+0100] {processor.py:830} INFO - Processing file /home/ubuntu/.local/lib/python3.10/site-packages/airflow/example_dags/example_datasets.py for tasks to queue
[2024-02-08T02:49:12.016+0100] {logging_mixin.py:188} INFO - [2024-02-08T02:49:12.015+0100] {dagbag.py:538} INFO - Filling up the DagBag from /home/ubuntu/.local/lib/python3.10/site-packages/airflow/example_dags/example_datasets.py
[2024-02-08T02:49:12.699+0100] {processor.py:840} INFO - DAG(s) 'dataset_consumes_1_and_2', 'dataset_consumes_1_never_scheduled', 'dataset_produces_2', 'dataset_consumes_unknown_never_scheduled', 'dataset_produces_1', 'dataset_consumes_1' retrieved from /home/ubuntu/.local/lib/python3.10/site-packages/airflow/example_dags/example_datasets.py
[2024-02-08T02:49:13.178+0100] {logging_mixin.py:188} INFO - [2024-02-08T02:49:13.178+0100] {dag.py:3033} INFO - Sync 6 DAGs
[2024-02-08T02:49:14.422+0100] {logging_mixin.py:188} INFO - [2024-02-08T02:49:14.421+0100] {dag.py:3820} INFO - Setting next_dagrun for dataset_consumes_1 to None, run_after=None
[2024-02-08T02:49:14.429+0100] {logging_mixin.py:188} INFO - [2024-02-08T02:49:14.428+0100] {dag.py:3820} INFO - Setting next_dagrun for dataset_consumes_1_and_2 to None, run_after=None
[2024-02-08T02:49:14.430+0100] {logging_mixin.py:188} INFO - [2024-02-08T02:49:14.430+0100] {dag.py:3820} INFO - Setting next_dagrun for dataset_consumes_1_never_scheduled to None, run_after=None
[2024-02-08T02:49:14.434+0100] {logging_mixin.py:188} INFO - [2024-02-08T02:49:14.433+0100] {dag.py:3820} INFO - Setting next_dagrun for dataset_consumes_unknown_never_scheduled to None, run_after=None
[2024-02-08T02:49:14.749+0100] {logging_mixin.py:188} INFO - [2024-02-08T02:49:14.748+0100] {dag.py:3820} INFO - Setting next_dagrun for dataset_produces_1 to 2024-02-07T00:00:00+00:00, run_after=2024-02-08T00:00:00+00:00
[2024-02-08T02:49:14.750+0100] {logging_mixin.py:188} INFO - [2024-02-08T02:49:14.750+0100] {dag.py:3820} INFO - Setting next_dagrun for dataset_produces_2 to None, run_after=None
[2024-02-08T02:49:16.518+0100] {processor.py:183} INFO - Processing /home/ubuntu/.local/lib/python3.10/site-packages/airflow/example_dags/example_datasets.py took 4.671 seconds
[2024-02-08T02:51:05.457+0100] {processor.py:161} INFO - Started process (PID=13653) to work on /home/ubuntu/.local/lib/python3.10/site-packages/airflow/example_dags/example_datasets.py
[2024-02-08T02:51:05.461+0100] {processor.py:830} INFO - Processing file /home/ubuntu/.local/lib/python3.10/site-packages/airflow/example_dags/example_datasets.py for tasks to queue
[2024-02-08T02:51:05.463+0100] {logging_mixin.py:188} INFO - [2024-02-08T02:51:05.462+0100] {dagbag.py:538} INFO - Filling up the DagBag from /home/ubuntu/.local/lib/python3.10/site-packages/airflow/example_dags/example_datasets.py
[2024-02-08T02:51:05.489+0100] {processor.py:840} INFO - DAG(s) 'dataset_produces_1', 'dataset_consumes_1', 'dataset_consumes_unknown_never_scheduled', 'dataset_produces_2', 'dataset_consumes_1_and_2', 'dataset_consumes_1_never_scheduled' retrieved from /home/ubuntu/.local/lib/python3.10/site-packages/airflow/example_dags/example_datasets.py
[2024-02-08T02:51:05.527+0100] {logging_mixin.py:188} INFO - [2024-02-08T02:51:05.526+0100] {dag.py:3033} INFO - Sync 6 DAGs
[2024-02-08T02:51:05.576+0100] {logging_mixin.py:188} INFO - [2024-02-08T02:51:05.576+0100] {dag.py:3820} INFO - Setting next_dagrun for dataset_consumes_1 to None, run_after=None
[2024-02-08T02:51:05.583+0100] {logging_mixin.py:188} INFO - [2024-02-08T02:51:05.583+0100] {dag.py:3820} INFO - Setting next_dagrun for dataset_consumes_1_and_2 to None, run_after=None
[2024-02-08T02:51:05.584+0100] {logging_mixin.py:188} INFO - [2024-02-08T02:51:05.584+0100] {dag.py:3820} INFO - Setting next_dagrun for dataset_consumes_1_never_scheduled to None, run_after=None
[2024-02-08T02:51:05.585+0100] {logging_mixin.py:188} INFO - [2024-02-08T02:51:05.585+0100] {dag.py:3820} INFO - Setting next_dagrun for dataset_consumes_unknown_never_scheduled to None, run_after=None
[2024-02-08T02:51:05.588+0100] {logging_mixin.py:188} INFO - [2024-02-08T02:51:05.588+0100] {dag.py:3820} INFO - Setting next_dagrun for dataset_produces_1 to 2024-02-07T00:00:00+00:00, run_after=2024-02-08T00:00:00+00:00
[2024-02-08T02:51:05.590+0100] {logging_mixin.py:188} INFO - [2024-02-08T02:51:05.589+0100] {dag.py:3820} INFO - Setting next_dagrun for dataset_produces_2 to None, run_after=None
[2024-02-08T02:51:05.653+0100] {processor.py:183} INFO - Processing /home/ubuntu/.local/lib/python3.10/site-packages/airflow/example_dags/example_datasets.py took 0.207 seconds
[2024-02-08T02:52:35.911+0100] {processor.py:161} INFO - Started process (PID=13772) to work on /home/ubuntu/.local/lib/python3.10/site-packages/airflow/example_dags/example_datasets.py
[2024-02-08T02:52:35.913+0100] {processor.py:830} INFO - Processing file /home/ubuntu/.local/lib/python3.10/site-packages/airflow/example_dags/example_datasets.py for tasks to queue
[2024-02-08T02:52:35.915+0100] {logging_mixin.py:188} INFO - [2024-02-08T02:52:35.915+0100] {dagbag.py:538} INFO - Filling up the DagBag from /home/ubuntu/.local/lib/python3.10/site-packages/airflow/example_dags/example_datasets.py
[2024-02-08T02:52:35.929+0100] {processor.py:840} INFO - DAG(s) 'dataset_consumes_1', 'dataset_consumes_unknown_never_scheduled', 'dataset_consumes_1_never_scheduled', 'dataset_consumes_1_and_2', 'dataset_produces_1', 'dataset_produces_2' retrieved from /home/ubuntu/.local/lib/python3.10/site-packages/airflow/example_dags/example_datasets.py
[2024-02-08T02:52:35.974+0100] {logging_mixin.py:188} INFO - [2024-02-08T02:52:35.974+0100] {dag.py:3033} INFO - Sync 6 DAGs
[2024-02-08T02:52:36.005+0100] {logging_mixin.py:188} INFO - [2024-02-08T02:52:36.005+0100] {dag.py:3820} INFO - Setting next_dagrun for dataset_consumes_1 to None, run_after=None
[2024-02-08T02:52:36.010+0100] {logging_mixin.py:188} INFO - [2024-02-08T02:52:36.010+0100] {dag.py:3820} INFO - Setting next_dagrun for dataset_consumes_1_and_2 to None, run_after=None
[2024-02-08T02:52:36.012+0100] {logging_mixin.py:188} INFO - [2024-02-08T02:52:36.011+0100] {dag.py:3820} INFO - Setting next_dagrun for dataset_consumes_1_never_scheduled to None, run_after=None
[2024-02-08T02:52:36.013+0100] {logging_mixin.py:188} INFO - [2024-02-08T02:52:36.013+0100] {dag.py:3820} INFO - Setting next_dagrun for dataset_consumes_unknown_never_scheduled to None, run_after=None
[2024-02-08T02:52:36.017+0100] {logging_mixin.py:188} INFO - [2024-02-08T02:52:36.016+0100] {dag.py:3820} INFO - Setting next_dagrun for dataset_produces_1 to 2024-02-07T00:00:00+00:00, run_after=2024-02-08T00:00:00+00:00
[2024-02-08T02:52:36.019+0100] {logging_mixin.py:188} INFO - [2024-02-08T02:52:36.018+0100] {dag.py:3820} INFO - Setting next_dagrun for dataset_produces_2 to None, run_after=None
[2024-02-08T02:52:36.080+0100] {processor.py:183} INFO - Processing /home/ubuntu/.local/lib/python3.10/site-packages/airflow/example_dags/example_datasets.py took 0.175 seconds
[2024-02-08T02:54:17.361+0100] {processor.py:161} INFO - Started process (PID=13848) to work on /home/ubuntu/.local/lib/python3.10/site-packages/airflow/example_dags/example_datasets.py
[2024-02-08T02:54:17.371+0100] {processor.py:830} INFO - Processing file /home/ubuntu/.local/lib/python3.10/site-packages/airflow/example_dags/example_datasets.py for tasks to queue
[2024-02-08T02:54:17.373+0100] {logging_mixin.py:188} INFO - [2024-02-08T02:54:17.372+0100] {dagbag.py:538} INFO - Filling up the DagBag from /home/ubuntu/.local/lib/python3.10/site-packages/airflow/example_dags/example_datasets.py
[2024-02-08T02:54:17.444+0100] {processor.py:840} INFO - DAG(s) 'dataset_consumes_1_and_2', 'dataset_consumes_1', 'dataset_consumes_1_never_scheduled', 'dataset_produces_2', 'dataset_consumes_unknown_never_scheduled', 'dataset_produces_1' retrieved from /home/ubuntu/.local/lib/python3.10/site-packages/airflow/example_dags/example_datasets.py
[2024-02-08T02:54:17.666+0100] {logging_mixin.py:188} INFO - [2024-02-08T02:54:17.666+0100] {dag.py:3033} INFO - Sync 6 DAGs
[2024-02-08T02:54:17.818+0100] {logging_mixin.py:188} INFO - [2024-02-08T02:54:17.817+0100] {dag.py:3820} INFO - Setting next_dagrun for dataset_consumes_1 to None, run_after=None
[2024-02-08T02:54:17.822+0100] {logging_mixin.py:188} INFO - [2024-02-08T02:54:17.822+0100] {dag.py:3820} INFO - Setting next_dagrun for dataset_consumes_1_and_2 to None, run_after=None
[2024-02-08T02:54:17.824+0100] {logging_mixin.py:188} INFO - [2024-02-08T02:54:17.824+0100] {dag.py:3820} INFO - Setting next_dagrun for dataset_consumes_1_never_scheduled to None, run_after=None
[2024-02-08T02:54:17.826+0100] {logging_mixin.py:188} INFO - [2024-02-08T02:54:17.826+0100] {dag.py:3820} INFO - Setting next_dagrun for dataset_consumes_unknown_never_scheduled to None, run_after=None
[2024-02-08T02:54:17.830+0100] {logging_mixin.py:188} INFO - [2024-02-08T02:54:17.829+0100] {dag.py:3820} INFO - Setting next_dagrun for dataset_produces_1 to 2024-02-07T00:00:00+00:00, run_after=2024-02-08T00:00:00+00:00
[2024-02-08T02:54:17.866+0100] {logging_mixin.py:188} INFO - [2024-02-08T02:54:17.866+0100] {dag.py:3820} INFO - Setting next_dagrun for dataset_produces_2 to None, run_after=None
[2024-02-08T02:54:18.200+0100] {processor.py:183} INFO - Processing /home/ubuntu/.local/lib/python3.10/site-packages/airflow/example_dags/example_datasets.py took 0.874 seconds
[2024-02-08T02:58:36.847+0100] {processor.py:161} INFO - Started process (PID=13981) to work on /home/ubuntu/.local/lib/python3.10/site-packages/airflow/example_dags/example_datasets.py
[2024-02-08T02:58:36.874+0100] {processor.py:830} INFO - Processing file /home/ubuntu/.local/lib/python3.10/site-packages/airflow/example_dags/example_datasets.py for tasks to queue
[2024-02-08T02:58:36.878+0100] {logging_mixin.py:188} INFO - [2024-02-08T02:58:36.875+0100] {dagbag.py:538} INFO - Filling up the DagBag from /home/ubuntu/.local/lib/python3.10/site-packages/airflow/example_dags/example_datasets.py
[2024-02-08T02:58:36.983+0100] {processor.py:840} INFO - DAG(s) 'dataset_consumes_1_never_scheduled', 'dataset_consumes_1_and_2', 'dataset_produces_2', 'dataset_consumes_1', 'dataset_consumes_unknown_never_scheduled', 'dataset_produces_1' retrieved from /home/ubuntu/.local/lib/python3.10/site-packages/airflow/example_dags/example_datasets.py
[2024-02-08T02:58:37.126+0100] {logging_mixin.py:188} INFO - [2024-02-08T02:58:37.126+0100] {dag.py:3033} INFO - Sync 6 DAGs
[2024-02-08T02:58:37.191+0100] {logging_mixin.py:188} INFO - [2024-02-08T02:58:37.191+0100] {dag.py:3820} INFO - Setting next_dagrun for dataset_consumes_1 to None, run_after=None
[2024-02-08T02:58:37.202+0100] {logging_mixin.py:188} INFO - [2024-02-08T02:58:37.197+0100] {dag.py:3820} INFO - Setting next_dagrun for dataset_consumes_1_and_2 to None, run_after=None
[2024-02-08T02:58:37.206+0100] {logging_mixin.py:188} INFO - [2024-02-08T02:58:37.205+0100] {dag.py:3820} INFO - Setting next_dagrun for dataset_consumes_1_never_scheduled to None, run_after=None
[2024-02-08T02:58:37.209+0100] {logging_mixin.py:188} INFO - [2024-02-08T02:58:37.209+0100] {dag.py:3820} INFO - Setting next_dagrun for dataset_consumes_unknown_never_scheduled to None, run_after=None
[2024-02-08T02:58:37.215+0100] {logging_mixin.py:188} INFO - [2024-02-08T02:58:37.212+0100] {dag.py:3820} INFO - Setting next_dagrun for dataset_produces_1 to 2024-02-07T00:00:00+00:00, run_after=2024-02-08T00:00:00+00:00
[2024-02-08T02:58:37.220+0100] {logging_mixin.py:188} INFO - [2024-02-08T02:58:37.220+0100] {dag.py:3820} INFO - Setting next_dagrun for dataset_produces_2 to None, run_after=None
[2024-02-08T02:58:37.446+0100] {processor.py:183} INFO - Processing /home/ubuntu/.local/lib/python3.10/site-packages/airflow/example_dags/example_datasets.py took 0.604 seconds
[2024-02-08T03:01:43.132+0100] {processor.py:161} INFO - Started process (PID=14104) to work on /home/ubuntu/.local/lib/python3.10/site-packages/airflow/example_dags/example_datasets.py
[2024-02-08T03:01:43.136+0100] {processor.py:830} INFO - Processing file /home/ubuntu/.local/lib/python3.10/site-packages/airflow/example_dags/example_datasets.py for tasks to queue
[2024-02-08T03:01:43.138+0100] {logging_mixin.py:188} INFO - [2024-02-08T03:01:43.137+0100] {dagbag.py:538} INFO - Filling up the DagBag from /home/ubuntu/.local/lib/python3.10/site-packages/airflow/example_dags/example_datasets.py
[2024-02-08T03:01:43.153+0100] {processor.py:840} INFO - DAG(s) 'dataset_produces_2', 'dataset_consumes_1_and_2', 'dataset_consumes_unknown_never_scheduled', 'dataset_consumes_1_never_scheduled', 'dataset_consumes_1', 'dataset_produces_1' retrieved from /home/ubuntu/.local/lib/python3.10/site-packages/airflow/example_dags/example_datasets.py
[2024-02-08T03:01:43.205+0100] {logging_mixin.py:188} INFO - [2024-02-08T03:01:43.205+0100] {dag.py:3033} INFO - Sync 6 DAGs
[2024-02-08T03:01:43.250+0100] {logging_mixin.py:188} INFO - [2024-02-08T03:01:43.250+0100] {dag.py:3820} INFO - Setting next_dagrun for dataset_consumes_1 to None, run_after=None
[2024-02-08T03:01:43.256+0100] {logging_mixin.py:188} INFO - [2024-02-08T03:01:43.255+0100] {dag.py:3820} INFO - Setting next_dagrun for dataset_consumes_1_and_2 to None, run_after=None
[2024-02-08T03:01:43.258+0100] {logging_mixin.py:188} INFO - [2024-02-08T03:01:43.257+0100] {dag.py:3820} INFO - Setting next_dagrun for dataset_consumes_1_never_scheduled to None, run_after=None
[2024-02-08T03:01:43.259+0100] {logging_mixin.py:188} INFO - [2024-02-08T03:01:43.259+0100] {dag.py:3820} INFO - Setting next_dagrun for dataset_consumes_unknown_never_scheduled to None, run_after=None
[2024-02-08T03:01:43.267+0100] {logging_mixin.py:188} INFO - [2024-02-08T03:01:43.264+0100] {dag.py:3820} INFO - Setting next_dagrun for dataset_produces_1 to 2024-02-07T00:00:00+00:00, run_after=2024-02-08T00:00:00+00:00
[2024-02-08T03:01:43.270+0100] {logging_mixin.py:188} INFO - [2024-02-08T03:01:43.269+0100] {dag.py:3820} INFO - Setting next_dagrun for dataset_produces_2 to None, run_after=None
[2024-02-08T03:01:43.344+0100] {processor.py:183} INFO - Processing /home/ubuntu/.local/lib/python3.10/site-packages/airflow/example_dags/example_datasets.py took 0.218 seconds
[2024-02-08T03:03:47.106+0100] {processor.py:161} INFO - Started process (PID=14269) to work on /home/ubuntu/.local/lib/python3.10/site-packages/airflow/example_dags/example_datasets.py
[2024-02-08T03:03:47.111+0100] {processor.py:830} INFO - Processing file /home/ubuntu/.local/lib/python3.10/site-packages/airflow/example_dags/example_datasets.py for tasks to queue
[2024-02-08T03:03:47.112+0100] {logging_mixin.py:188} INFO - [2024-02-08T03:03:47.112+0100] {dagbag.py:538} INFO - Filling up the DagBag from /home/ubuntu/.local/lib/python3.10/site-packages/airflow/example_dags/example_datasets.py
[2024-02-08T03:03:47.128+0100] {processor.py:840} INFO - DAG(s) 'dataset_produces_2', 'dataset_consumes_unknown_never_scheduled', 'dataset_consumes_1_never_scheduled', 'dataset_consumes_1_and_2', 'dataset_produces_1', 'dataset_consumes_1' retrieved from /home/ubuntu/.local/lib/python3.10/site-packages/airflow/example_dags/example_datasets.py
[2024-02-08T03:03:47.173+0100] {logging_mixin.py:188} INFO - [2024-02-08T03:03:47.173+0100] {dag.py:3033} INFO - Sync 6 DAGs
[2024-02-08T03:03:47.204+0100] {logging_mixin.py:188} INFO - [2024-02-08T03:03:47.204+0100] {dag.py:3820} INFO - Setting next_dagrun for dataset_consumes_1 to None, run_after=None
[2024-02-08T03:03:47.209+0100] {logging_mixin.py:188} INFO - [2024-02-08T03:03:47.209+0100] {dag.py:3820} INFO - Setting next_dagrun for dataset_consumes_1_and_2 to None, run_after=None
[2024-02-08T03:03:47.211+0100] {logging_mixin.py:188} INFO - [2024-02-08T03:03:47.210+0100] {dag.py:3820} INFO - Setting next_dagrun for dataset_consumes_1_never_scheduled to None, run_after=None
[2024-02-08T03:03:47.212+0100] {logging_mixin.py:188} INFO - [2024-02-08T03:03:47.212+0100] {dag.py:3820} INFO - Setting next_dagrun for dataset_consumes_unknown_never_scheduled to None, run_after=None
[2024-02-08T03:03:47.216+0100] {logging_mixin.py:188} INFO - [2024-02-08T03:03:47.216+0100] {dag.py:3820} INFO - Setting next_dagrun for dataset_produces_1 to 2024-02-07T00:00:00+00:00, run_after=2024-02-08T00:00:00+00:00
[2024-02-08T03:03:47.218+0100] {logging_mixin.py:188} INFO - [2024-02-08T03:03:47.217+0100] {dag.py:3820} INFO - Setting next_dagrun for dataset_produces_2 to None, run_after=None
[2024-02-08T03:03:47.268+0100] {processor.py:183} INFO - Processing /home/ubuntu/.local/lib/python3.10/site-packages/airflow/example_dags/example_datasets.py took 0.166 seconds
[2024-02-08T03:05:18.325+0100] {processor.py:161} INFO - Started process (PID=14336) to work on /home/ubuntu/.local/lib/python3.10/site-packages/airflow/example_dags/example_datasets.py
[2024-02-08T03:05:18.329+0100] {processor.py:830} INFO - Processing file /home/ubuntu/.local/lib/python3.10/site-packages/airflow/example_dags/example_datasets.py for tasks to queue
[2024-02-08T03:05:18.332+0100] {logging_mixin.py:188} INFO - [2024-02-08T03:05:18.330+0100] {dagbag.py:538} INFO - Filling up the DagBag from /home/ubuntu/.local/lib/python3.10/site-packages/airflow/example_dags/example_datasets.py
[2024-02-08T03:05:18.354+0100] {processor.py:840} INFO - DAG(s) 'dataset_produces_1', 'dataset_consumes_1_and_2', 'dataset_consumes_unknown_never_scheduled', 'dataset_consumes_1', 'dataset_consumes_1_never_scheduled', 'dataset_produces_2' retrieved from /home/ubuntu/.local/lib/python3.10/site-packages/airflow/example_dags/example_datasets.py
[2024-02-08T03:05:18.411+0100] {logging_mixin.py:188} INFO - [2024-02-08T03:05:18.411+0100] {dag.py:3033} INFO - Sync 6 DAGs
[2024-02-08T03:05:18.444+0100] {logging_mixin.py:188} INFO - [2024-02-08T03:05:18.444+0100] {dag.py:3820} INFO - Setting next_dagrun for dataset_consumes_1 to None, run_after=None
[2024-02-08T03:05:18.450+0100] {logging_mixin.py:188} INFO - [2024-02-08T03:05:18.450+0100] {dag.py:3820} INFO - Setting next_dagrun for dataset_consumes_1_and_2 to None, run_after=None
[2024-02-08T03:05:18.452+0100] {logging_mixin.py:188} INFO - [2024-02-08T03:05:18.452+0100] {dag.py:3820} INFO - Setting next_dagrun for dataset_consumes_1_never_scheduled to None, run_after=None
[2024-02-08T03:05:18.454+0100] {logging_mixin.py:188} INFO - [2024-02-08T03:05:18.453+0100] {dag.py:3820} INFO - Setting next_dagrun for dataset_consumes_unknown_never_scheduled to None, run_after=None
[2024-02-08T03:05:18.458+0100] {logging_mixin.py:188} INFO - [2024-02-08T03:05:18.457+0100] {dag.py:3820} INFO - Setting next_dagrun for dataset_produces_1 to 2024-02-07T00:00:00+00:00, run_after=2024-02-08T00:00:00+00:00
[2024-02-08T03:05:18.459+0100] {logging_mixin.py:188} INFO - [2024-02-08T03:05:18.459+0100] {dag.py:3820} INFO - Setting next_dagrun for dataset_produces_2 to None, run_after=None
[2024-02-08T03:05:18.534+0100] {processor.py:183} INFO - Processing /home/ubuntu/.local/lib/python3.10/site-packages/airflow/example_dags/example_datasets.py took 0.215 seconds
[2024-02-08T03:06:36.003+0100] {processor.py:161} INFO - Started process (PID=14410) to work on /home/ubuntu/.local/lib/python3.10/site-packages/airflow/example_dags/example_datasets.py
[2024-02-08T03:06:36.007+0100] {processor.py:830} INFO - Processing file /home/ubuntu/.local/lib/python3.10/site-packages/airflow/example_dags/example_datasets.py for tasks to queue
[2024-02-08T03:06:36.008+0100] {logging_mixin.py:188} INFO - [2024-02-08T03:06:36.008+0100] {dagbag.py:538} INFO - Filling up the DagBag from /home/ubuntu/.local/lib/python3.10/site-packages/airflow/example_dags/example_datasets.py
[2024-02-08T03:06:36.024+0100] {processor.py:840} INFO - DAG(s) 'dataset_consumes_1', 'dataset_consumes_1_never_scheduled', 'dataset_consumes_1_and_2', 'dataset_produces_2', 'dataset_consumes_unknown_never_scheduled', 'dataset_produces_1' retrieved from /home/ubuntu/.local/lib/python3.10/site-packages/airflow/example_dags/example_datasets.py
[2024-02-08T03:06:36.065+0100] {logging_mixin.py:188} INFO - [2024-02-08T03:06:36.064+0100] {dag.py:3033} INFO - Sync 6 DAGs
[2024-02-08T03:06:36.090+0100] {logging_mixin.py:188} INFO - [2024-02-08T03:06:36.090+0100] {dag.py:3820} INFO - Setting next_dagrun for dataset_consumes_1 to None, run_after=None
[2024-02-08T03:06:36.094+0100] {logging_mixin.py:188} INFO - [2024-02-08T03:06:36.093+0100] {dag.py:3820} INFO - Setting next_dagrun for dataset_consumes_1_and_2 to None, run_after=None
[2024-02-08T03:06:36.096+0100] {logging_mixin.py:188} INFO - [2024-02-08T03:06:36.095+0100] {dag.py:3820} INFO - Setting next_dagrun for dataset_consumes_1_never_scheduled to None, run_after=None
[2024-02-08T03:06:36.098+0100] {logging_mixin.py:188} INFO - [2024-02-08T03:06:36.098+0100] {dag.py:3820} INFO - Setting next_dagrun for dataset_consumes_unknown_never_scheduled to None, run_after=None
[2024-02-08T03:06:36.102+0100] {logging_mixin.py:188} INFO - [2024-02-08T03:06:36.101+0100] {dag.py:3820} INFO - Setting next_dagrun for dataset_produces_1 to 2024-02-07T00:00:00+00:00, run_after=2024-02-08T00:00:00+00:00
[2024-02-08T03:06:36.104+0100] {logging_mixin.py:188} INFO - [2024-02-08T03:06:36.104+0100] {dag.py:3820} INFO - Setting next_dagrun for dataset_produces_2 to None, run_after=None
[2024-02-08T03:06:36.154+0100] {processor.py:183} INFO - Processing /home/ubuntu/.local/lib/python3.10/site-packages/airflow/example_dags/example_datasets.py took 0.157 seconds
[2024-02-08T03:07:42.176+0100] {processor.py:161} INFO - Started process (PID=14525) to work on /home/ubuntu/.local/lib/python3.10/site-packages/airflow/example_dags/example_datasets.py
[2024-02-08T03:07:42.212+0100] {processor.py:830} INFO - Processing file /home/ubuntu/.local/lib/python3.10/site-packages/airflow/example_dags/example_datasets.py for tasks to queue
[2024-02-08T03:07:42.216+0100] {logging_mixin.py:188} INFO - [2024-02-08T03:07:42.213+0100] {dagbag.py:538} INFO - Filling up the DagBag from /home/ubuntu/.local/lib/python3.10/site-packages/airflow/example_dags/example_datasets.py
[2024-02-08T03:07:42.499+0100] {processor.py:840} INFO - DAG(s) 'dataset_consumes_1_and_2', 'dataset_consumes_1', 'dataset_consumes_1_never_scheduled', 'dataset_produces_1', 'dataset_consumes_unknown_never_scheduled', 'dataset_produces_2' retrieved from /home/ubuntu/.local/lib/python3.10/site-packages/airflow/example_dags/example_datasets.py
[2024-02-08T03:07:42.718+0100] {logging_mixin.py:188} INFO - [2024-02-08T03:07:42.718+0100] {dag.py:3033} INFO - Sync 6 DAGs
[2024-02-08T03:07:42.765+0100] {logging_mixin.py:188} INFO - [2024-02-08T03:07:42.765+0100] {dag.py:3820} INFO - Setting next_dagrun for dataset_consumes_1 to None, run_after=None
[2024-02-08T03:07:42.772+0100] {logging_mixin.py:188} INFO - [2024-02-08T03:07:42.772+0100] {dag.py:3820} INFO - Setting next_dagrun for dataset_consumes_1_and_2 to None, run_after=None
[2024-02-08T03:07:42.776+0100] {logging_mixin.py:188} INFO - [2024-02-08T03:07:42.776+0100] {dag.py:3820} INFO - Setting next_dagrun for dataset_consumes_1_never_scheduled to None, run_after=None
[2024-02-08T03:07:42.779+0100] {logging_mixin.py:188} INFO - [2024-02-08T03:07:42.778+0100] {dag.py:3820} INFO - Setting next_dagrun for dataset_consumes_unknown_never_scheduled to None, run_after=None
[2024-02-08T03:07:42.818+0100] {logging_mixin.py:188} INFO - [2024-02-08T03:07:42.818+0100] {dag.py:3820} INFO - Setting next_dagrun for dataset_produces_1 to 2024-02-07T00:00:00+00:00, run_after=2024-02-08T00:00:00+00:00
[2024-02-08T03:07:42.824+0100] {logging_mixin.py:188} INFO - [2024-02-08T03:07:42.823+0100] {dag.py:3820} INFO - Setting next_dagrun for dataset_produces_2 to None, run_after=None
[2024-02-08T03:07:43.562+0100] {processor.py:183} INFO - Processing /home/ubuntu/.local/lib/python3.10/site-packages/airflow/example_dags/example_datasets.py took 1.397 seconds
[2024-02-08T03:08:55.246+0100] {processor.py:161} INFO - Started process (PID=14620) to work on /home/ubuntu/.local/lib/python3.10/site-packages/airflow/example_dags/example_datasets.py
[2024-02-08T03:08:55.252+0100] {processor.py:830} INFO - Processing file /home/ubuntu/.local/lib/python3.10/site-packages/airflow/example_dags/example_datasets.py for tasks to queue
[2024-02-08T03:08:55.253+0100] {logging_mixin.py:188} INFO - [2024-02-08T03:08:55.253+0100] {dagbag.py:538} INFO - Filling up the DagBag from /home/ubuntu/.local/lib/python3.10/site-packages/airflow/example_dags/example_datasets.py
[2024-02-08T03:08:55.270+0100] {processor.py:840} INFO - DAG(s) 'dataset_produces_1', 'dataset_produces_2', 'dataset_consumes_unknown_never_scheduled', 'dataset_consumes_1_and_2', 'dataset_consumes_1_never_scheduled', 'dataset_consumes_1' retrieved from /home/ubuntu/.local/lib/python3.10/site-packages/airflow/example_dags/example_datasets.py
[2024-02-08T03:08:55.318+0100] {logging_mixin.py:188} INFO - [2024-02-08T03:08:55.318+0100] {dag.py:3033} INFO - Sync 6 DAGs
[2024-02-08T03:08:55.345+0100] {logging_mixin.py:188} INFO - [2024-02-08T03:08:55.345+0100] {dag.py:3820} INFO - Setting next_dagrun for dataset_consumes_1 to None, run_after=None
[2024-02-08T03:08:55.350+0100] {logging_mixin.py:188} INFO - [2024-02-08T03:08:55.349+0100] {dag.py:3820} INFO - Setting next_dagrun for dataset_consumes_1_and_2 to None, run_after=None
[2024-02-08T03:08:55.352+0100] {logging_mixin.py:188} INFO - [2024-02-08T03:08:55.352+0100] {dag.py:3820} INFO - Setting next_dagrun for dataset_consumes_1_never_scheduled to None, run_after=None
[2024-02-08T03:08:55.353+0100] {logging_mixin.py:188} INFO - [2024-02-08T03:08:55.353+0100] {dag.py:3820} INFO - Setting next_dagrun for dataset_consumes_unknown_never_scheduled to None, run_after=None
[2024-02-08T03:08:55.357+0100] {logging_mixin.py:188} INFO - [2024-02-08T03:08:55.357+0100] {dag.py:3820} INFO - Setting next_dagrun for dataset_produces_1 to 2024-02-07T00:00:00+00:00, run_after=2024-02-08T00:00:00+00:00
[2024-02-08T03:08:55.359+0100] {logging_mixin.py:188} INFO - [2024-02-08T03:08:55.358+0100] {dag.py:3820} INFO - Setting next_dagrun for dataset_produces_2 to None, run_after=None
[2024-02-08T03:08:55.416+0100] {processor.py:183} INFO - Processing /home/ubuntu/.local/lib/python3.10/site-packages/airflow/example_dags/example_datasets.py took 0.175 seconds
[2024-02-08T03:09:56.794+0100] {processor.py:161} INFO - Started process (PID=14678) to work on /home/ubuntu/.local/lib/python3.10/site-packages/airflow/example_dags/example_datasets.py
[2024-02-08T03:09:56.798+0100] {processor.py:830} INFO - Processing file /home/ubuntu/.local/lib/python3.10/site-packages/airflow/example_dags/example_datasets.py for tasks to queue
[2024-02-08T03:09:56.799+0100] {logging_mixin.py:188} INFO - [2024-02-08T03:09:56.798+0100] {dagbag.py:538} INFO - Filling up the DagBag from /home/ubuntu/.local/lib/python3.10/site-packages/airflow/example_dags/example_datasets.py
[2024-02-08T03:09:56.820+0100] {processor.py:840} INFO - DAG(s) 'dataset_produces_2', 'dataset_produces_1', 'dataset_consumes_1', 'dataset_consumes_1_never_scheduled', 'dataset_consumes_unknown_never_scheduled', 'dataset_consumes_1_and_2' retrieved from /home/ubuntu/.local/lib/python3.10/site-packages/airflow/example_dags/example_datasets.py
[2024-02-08T03:09:56.883+0100] {logging_mixin.py:188} INFO - [2024-02-08T03:09:56.882+0100] {dag.py:3033} INFO - Sync 6 DAGs
[2024-02-08T03:09:56.914+0100] {logging_mixin.py:188} INFO - [2024-02-08T03:09:56.914+0100] {dag.py:3820} INFO - Setting next_dagrun for dataset_consumes_1 to None, run_after=None
[2024-02-08T03:09:56.920+0100] {logging_mixin.py:188} INFO - [2024-02-08T03:09:56.920+0100] {dag.py:3820} INFO - Setting next_dagrun for dataset_consumes_1_and_2 to None, run_after=None
[2024-02-08T03:09:56.923+0100] {logging_mixin.py:188} INFO - [2024-02-08T03:09:56.922+0100] {dag.py:3820} INFO - Setting next_dagrun for dataset_consumes_1_never_scheduled to None, run_after=None
[2024-02-08T03:09:56.926+0100] {logging_mixin.py:188} INFO - [2024-02-08T03:09:56.925+0100] {dag.py:3820} INFO - Setting next_dagrun for dataset_consumes_unknown_never_scheduled to None, run_after=None
[2024-02-08T03:09:56.936+0100] {logging_mixin.py:188} INFO - [2024-02-08T03:09:56.935+0100] {dag.py:3820} INFO - Setting next_dagrun for dataset_produces_1 to 2024-02-07T00:00:00+00:00, run_after=2024-02-08T00:00:00+00:00
[2024-02-08T03:09:56.938+0100] {logging_mixin.py:188} INFO - [2024-02-08T03:09:56.937+0100] {dag.py:3820} INFO - Setting next_dagrun for dataset_produces_2 to None, run_after=None
[2024-02-08T03:09:57.006+0100] {processor.py:183} INFO - Processing /home/ubuntu/.local/lib/python3.10/site-packages/airflow/example_dags/example_datasets.py took 0.226 seconds
[2024-02-08T03:11:05.163+0100] {processor.py:161} INFO - Started process (PID=14738) to work on /home/ubuntu/.local/lib/python3.10/site-packages/airflow/example_dags/example_datasets.py
[2024-02-08T03:11:05.168+0100] {processor.py:830} INFO - Processing file /home/ubuntu/.local/lib/python3.10/site-packages/airflow/example_dags/example_datasets.py for tasks to queue
[2024-02-08T03:11:05.170+0100] {logging_mixin.py:188} INFO - [2024-02-08T03:11:05.169+0100] {dagbag.py:538} INFO - Filling up the DagBag from /home/ubuntu/.local/lib/python3.10/site-packages/airflow/example_dags/example_datasets.py
[2024-02-08T03:11:05.193+0100] {processor.py:840} INFO - DAG(s) 'dataset_consumes_unknown_never_scheduled', 'dataset_consumes_1', 'dataset_produces_2', 'dataset_produces_1', 'dataset_consumes_1_and_2', 'dataset_consumes_1_never_scheduled' retrieved from /home/ubuntu/.local/lib/python3.10/site-packages/airflow/example_dags/example_datasets.py
[2024-02-08T03:11:05.248+0100] {logging_mixin.py:188} INFO - [2024-02-08T03:11:05.248+0100] {dag.py:3033} INFO - Sync 6 DAGs
[2024-02-08T03:11:05.293+0100] {logging_mixin.py:188} INFO - [2024-02-08T03:11:05.293+0100] {dag.py:3820} INFO - Setting next_dagrun for dataset_consumes_1 to None, run_after=None
[2024-02-08T03:11:05.298+0100] {logging_mixin.py:188} INFO - [2024-02-08T03:11:05.298+0100] {dag.py:3820} INFO - Setting next_dagrun for dataset_consumes_1_and_2 to None, run_after=None
[2024-02-08T03:11:05.304+0100] {logging_mixin.py:188} INFO - [2024-02-08T03:11:05.304+0100] {dag.py:3820} INFO - Setting next_dagrun for dataset_consumes_1_never_scheduled to None, run_after=None
[2024-02-08T03:11:05.307+0100] {logging_mixin.py:188} INFO - [2024-02-08T03:11:05.306+0100] {dag.py:3820} INFO - Setting next_dagrun for dataset_consumes_unknown_never_scheduled to None, run_after=None
[2024-02-08T03:11:05.312+0100] {logging_mixin.py:188} INFO - [2024-02-08T03:11:05.311+0100] {dag.py:3820} INFO - Setting next_dagrun for dataset_produces_1 to 2024-02-07T00:00:00+00:00, run_after=2024-02-08T00:00:00+00:00
[2024-02-08T03:11:05.315+0100] {logging_mixin.py:188} INFO - [2024-02-08T03:11:05.314+0100] {dag.py:3820} INFO - Setting next_dagrun for dataset_produces_2 to None, run_after=None
[2024-02-08T03:11:05.385+0100] {processor.py:183} INFO - Processing /home/ubuntu/.local/lib/python3.10/site-packages/airflow/example_dags/example_datasets.py took 0.230 seconds
[2024-02-08T03:12:08.845+0100] {processor.py:161} INFO - Started process (PID=14795) to work on /home/ubuntu/.local/lib/python3.10/site-packages/airflow/example_dags/example_datasets.py
[2024-02-08T03:12:08.848+0100] {processor.py:830} INFO - Processing file /home/ubuntu/.local/lib/python3.10/site-packages/airflow/example_dags/example_datasets.py for tasks to queue
[2024-02-08T03:12:08.849+0100] {logging_mixin.py:188} INFO - [2024-02-08T03:12:08.849+0100] {dagbag.py:538} INFO - Filling up the DagBag from /home/ubuntu/.local/lib/python3.10/site-packages/airflow/example_dags/example_datasets.py
[2024-02-08T03:12:08.865+0100] {processor.py:840} INFO - DAG(s) 'dataset_consumes_unknown_never_scheduled', 'dataset_consumes_1', 'dataset_produces_1', 'dataset_produces_2', 'dataset_consumes_1_and_2', 'dataset_consumes_1_never_scheduled' retrieved from /home/ubuntu/.local/lib/python3.10/site-packages/airflow/example_dags/example_datasets.py
[2024-02-08T03:12:08.901+0100] {logging_mixin.py:188} INFO - [2024-02-08T03:12:08.901+0100] {dag.py:3033} INFO - Sync 6 DAGs
[2024-02-08T03:12:08.924+0100] {logging_mixin.py:188} INFO - [2024-02-08T03:12:08.923+0100] {dag.py:3820} INFO - Setting next_dagrun for dataset_consumes_1 to None, run_after=None
[2024-02-08T03:12:08.929+0100] {logging_mixin.py:188} INFO - [2024-02-08T03:12:08.928+0100] {dag.py:3820} INFO - Setting next_dagrun for dataset_consumes_1_and_2 to None, run_after=None
[2024-02-08T03:12:08.933+0100] {logging_mixin.py:188} INFO - [2024-02-08T03:12:08.933+0100] {dag.py:3820} INFO - Setting next_dagrun for dataset_consumes_1_never_scheduled to None, run_after=None
[2024-02-08T03:12:08.935+0100] {logging_mixin.py:188} INFO - [2024-02-08T03:12:08.934+0100] {dag.py:3820} INFO - Setting next_dagrun for dataset_consumes_unknown_never_scheduled to None, run_after=None
[2024-02-08T03:12:08.938+0100] {logging_mixin.py:188} INFO - [2024-02-08T03:12:08.938+0100] {dag.py:3820} INFO - Setting next_dagrun for dataset_produces_1 to 2024-02-07T00:00:00+00:00, run_after=2024-02-08T00:00:00+00:00
[2024-02-08T03:12:08.940+0100] {logging_mixin.py:188} INFO - [2024-02-08T03:12:08.940+0100] {dag.py:3820} INFO - Setting next_dagrun for dataset_produces_2 to None, run_after=None
[2024-02-08T03:12:08.991+0100] {processor.py:183} INFO - Processing /home/ubuntu/.local/lib/python3.10/site-packages/airflow/example_dags/example_datasets.py took 0.150 seconds
[2024-02-08T03:13:07.392+0100] {processor.py:161} INFO - Started process (PID=14853) to work on /home/ubuntu/.local/lib/python3.10/site-packages/airflow/example_dags/example_datasets.py
[2024-02-08T03:13:07.396+0100] {processor.py:830} INFO - Processing file /home/ubuntu/.local/lib/python3.10/site-packages/airflow/example_dags/example_datasets.py for tasks to queue
[2024-02-08T03:13:07.397+0100] {logging_mixin.py:188} INFO - [2024-02-08T03:13:07.397+0100] {dagbag.py:538} INFO - Filling up the DagBag from /home/ubuntu/.local/lib/python3.10/site-packages/airflow/example_dags/example_datasets.py
[2024-02-08T03:13:07.421+0100] {processor.py:840} INFO - DAG(s) 'dataset_consumes_unknown_never_scheduled', 'dataset_produces_2', 'dataset_produces_1', 'dataset_consumes_1_and_2', 'dataset_consumes_1_never_scheduled', 'dataset_consumes_1' retrieved from /home/ubuntu/.local/lib/python3.10/site-packages/airflow/example_dags/example_datasets.py
[2024-02-08T03:13:07.484+0100] {logging_mixin.py:188} INFO - [2024-02-08T03:13:07.484+0100] {dag.py:3033} INFO - Sync 6 DAGs
[2024-02-08T03:13:07.511+0100] {logging_mixin.py:188} INFO - [2024-02-08T03:13:07.511+0100] {dag.py:3820} INFO - Setting next_dagrun for dataset_consumes_1 to None, run_after=None
[2024-02-08T03:13:07.514+0100] {logging_mixin.py:188} INFO - [2024-02-08T03:13:07.514+0100] {dag.py:3820} INFO - Setting next_dagrun for dataset_consumes_1_and_2 to None, run_after=None
[2024-02-08T03:13:07.516+0100] {logging_mixin.py:188} INFO - [2024-02-08T03:13:07.516+0100] {dag.py:3820} INFO - Setting next_dagrun for dataset_consumes_1_never_scheduled to None, run_after=None
[2024-02-08T03:13:07.518+0100] {logging_mixin.py:188} INFO - [2024-02-08T03:13:07.517+0100] {dag.py:3820} INFO - Setting next_dagrun for dataset_consumes_unknown_never_scheduled to None, run_after=None
[2024-02-08T03:13:07.521+0100] {logging_mixin.py:188} INFO - [2024-02-08T03:13:07.521+0100] {dag.py:3820} INFO - Setting next_dagrun for dataset_produces_1 to 2024-02-07T00:00:00+00:00, run_after=2024-02-08T00:00:00+00:00
[2024-02-08T03:13:07.522+0100] {logging_mixin.py:188} INFO - [2024-02-08T03:13:07.522+0100] {dag.py:3820} INFO - Setting next_dagrun for dataset_produces_2 to None, run_after=None
[2024-02-08T03:13:07.591+0100] {processor.py:183} INFO - Processing /home/ubuntu/.local/lib/python3.10/site-packages/airflow/example_dags/example_datasets.py took 0.207 seconds
[2024-02-08T03:14:07.189+0100] {processor.py:161} INFO - Started process (PID=14912) to work on /home/ubuntu/.local/lib/python3.10/site-packages/airflow/example_dags/example_datasets.py
[2024-02-08T03:14:07.193+0100] {processor.py:830} INFO - Processing file /home/ubuntu/.local/lib/python3.10/site-packages/airflow/example_dags/example_datasets.py for tasks to queue
[2024-02-08T03:14:07.195+0100] {logging_mixin.py:188} INFO - [2024-02-08T03:14:07.194+0100] {dagbag.py:538} INFO - Filling up the DagBag from /home/ubuntu/.local/lib/python3.10/site-packages/airflow/example_dags/example_datasets.py
[2024-02-08T03:14:07.214+0100] {processor.py:840} INFO - DAG(s) 'dataset_consumes_1_and_2', 'dataset_produces_1', 'dataset_consumes_1_never_scheduled', 'dataset_produces_2', 'dataset_consumes_1', 'dataset_consumes_unknown_never_scheduled' retrieved from /home/ubuntu/.local/lib/python3.10/site-packages/airflow/example_dags/example_datasets.py
[2024-02-08T03:14:07.281+0100] {logging_mixin.py:188} INFO - [2024-02-08T03:14:07.281+0100] {dag.py:3033} INFO - Sync 6 DAGs
[2024-02-08T03:14:07.330+0100] {logging_mixin.py:188} INFO - [2024-02-08T03:14:07.330+0100] {dag.py:3820} INFO - Setting next_dagrun for dataset_consumes_1 to None, run_after=None
[2024-02-08T03:14:07.337+0100] {logging_mixin.py:188} INFO - [2024-02-08T03:14:07.337+0100] {dag.py:3820} INFO - Setting next_dagrun for dataset_consumes_1_and_2 to None, run_after=None
[2024-02-08T03:14:07.339+0100] {logging_mixin.py:188} INFO - [2024-02-08T03:14:07.339+0100] {dag.py:3820} INFO - Setting next_dagrun for dataset_consumes_1_never_scheduled to None, run_after=None
[2024-02-08T03:14:07.342+0100] {logging_mixin.py:188} INFO - [2024-02-08T03:14:07.341+0100] {dag.py:3820} INFO - Setting next_dagrun for dataset_consumes_unknown_never_scheduled to None, run_after=None
[2024-02-08T03:14:07.349+0100] {logging_mixin.py:188} INFO - [2024-02-08T03:14:07.348+0100] {dag.py:3820} INFO - Setting next_dagrun for dataset_produces_1 to 2024-02-07T00:00:00+00:00, run_after=2024-02-08T00:00:00+00:00
[2024-02-08T03:14:07.352+0100] {logging_mixin.py:188} INFO - [2024-02-08T03:14:07.352+0100] {dag.py:3820} INFO - Setting next_dagrun for dataset_produces_2 to None, run_after=None
[2024-02-08T03:14:07.422+0100] {processor.py:183} INFO - Processing /home/ubuntu/.local/lib/python3.10/site-packages/airflow/example_dags/example_datasets.py took 0.240 seconds
[2024-02-08T03:15:11.371+0100] {processor.py:161} INFO - Started process (PID=14983) to work on /home/ubuntu/.local/lib/python3.10/site-packages/airflow/example_dags/example_datasets.py
[2024-02-08T03:15:11.377+0100] {processor.py:830} INFO - Processing file /home/ubuntu/.local/lib/python3.10/site-packages/airflow/example_dags/example_datasets.py for tasks to queue
[2024-02-08T03:15:11.381+0100] {logging_mixin.py:188} INFO - [2024-02-08T03:15:11.379+0100] {dagbag.py:538} INFO - Filling up the DagBag from /home/ubuntu/.local/lib/python3.10/site-packages/airflow/example_dags/example_datasets.py
[2024-02-08T03:15:11.428+0100] {processor.py:840} INFO - DAG(s) 'dataset_produces_1', 'dataset_consumes_1_never_scheduled', 'dataset_consumes_1_and_2', 'dataset_produces_2', 'dataset_consumes_unknown_never_scheduled', 'dataset_consumes_1' retrieved from /home/ubuntu/.local/lib/python3.10/site-packages/airflow/example_dags/example_datasets.py
[2024-02-08T03:15:11.497+0100] {logging_mixin.py:188} INFO - [2024-02-08T03:15:11.497+0100] {dag.py:3033} INFO - Sync 6 DAGs
[2024-02-08T03:15:11.529+0100] {logging_mixin.py:188} INFO - [2024-02-08T03:15:11.528+0100] {dag.py:3820} INFO - Setting next_dagrun for dataset_consumes_1 to None, run_after=None
[2024-02-08T03:15:11.536+0100] {logging_mixin.py:188} INFO - [2024-02-08T03:15:11.535+0100] {dag.py:3820} INFO - Setting next_dagrun for dataset_consumes_1_and_2 to None, run_after=None
[2024-02-08T03:15:11.538+0100] {logging_mixin.py:188} INFO - [2024-02-08T03:15:11.538+0100] {dag.py:3820} INFO - Setting next_dagrun for dataset_consumes_1_never_scheduled to None, run_after=None
[2024-02-08T03:15:11.541+0100] {logging_mixin.py:188} INFO - [2024-02-08T03:15:11.541+0100] {dag.py:3820} INFO - Setting next_dagrun for dataset_consumes_unknown_never_scheduled to None, run_after=None
[2024-02-08T03:15:11.547+0100] {logging_mixin.py:188} INFO - [2024-02-08T03:15:11.547+0100] {dag.py:3820} INFO - Setting next_dagrun for dataset_produces_1 to 2024-02-07T00:00:00+00:00, run_after=2024-02-08T00:00:00+00:00
[2024-02-08T03:15:11.550+0100] {logging_mixin.py:188} INFO - [2024-02-08T03:15:11.550+0100] {dag.py:3820} INFO - Setting next_dagrun for dataset_produces_2 to None, run_after=None
[2024-02-08T03:15:11.615+0100] {processor.py:183} INFO - Processing /home/ubuntu/.local/lib/python3.10/site-packages/airflow/example_dags/example_datasets.py took 0.255 seconds
[2024-02-08T03:16:13.315+0100] {processor.py:161} INFO - Started process (PID=15040) to work on /home/ubuntu/.local/lib/python3.10/site-packages/airflow/example_dags/example_datasets.py
[2024-02-08T03:16:13.326+0100] {processor.py:830} INFO - Processing file /home/ubuntu/.local/lib/python3.10/site-packages/airflow/example_dags/example_datasets.py for tasks to queue
[2024-02-08T03:16:13.328+0100] {logging_mixin.py:188} INFO - [2024-02-08T03:16:13.328+0100] {dagbag.py:538} INFO - Filling up the DagBag from /home/ubuntu/.local/lib/python3.10/site-packages/airflow/example_dags/example_datasets.py
[2024-02-08T03:16:13.346+0100] {processor.py:840} INFO - DAG(s) 'dataset_consumes_unknown_never_scheduled', 'dataset_consumes_1', 'dataset_consumes_1_never_scheduled', 'dataset_produces_2', 'dataset_consumes_1_and_2', 'dataset_produces_1' retrieved from /home/ubuntu/.local/lib/python3.10/site-packages/airflow/example_dags/example_datasets.py
[2024-02-08T03:16:13.395+0100] {logging_mixin.py:188} INFO - [2024-02-08T03:16:13.394+0100] {dag.py:3033} INFO - Sync 6 DAGs
[2024-02-08T03:16:13.436+0100] {logging_mixin.py:188} INFO - [2024-02-08T03:16:13.435+0100] {dag.py:3820} INFO - Setting next_dagrun for dataset_consumes_1 to None, run_after=None
[2024-02-08T03:16:13.445+0100] {logging_mixin.py:188} INFO - [2024-02-08T03:16:13.444+0100] {dag.py:3820} INFO - Setting next_dagrun for dataset_consumes_1_and_2 to None, run_after=None
[2024-02-08T03:16:13.447+0100] {logging_mixin.py:188} INFO - [2024-02-08T03:16:13.447+0100] {dag.py:3820} INFO - Setting next_dagrun for dataset_consumes_1_never_scheduled to None, run_after=None
[2024-02-08T03:16:13.449+0100] {logging_mixin.py:188} INFO - [2024-02-08T03:16:13.448+0100] {dag.py:3820} INFO - Setting next_dagrun for dataset_consumes_unknown_never_scheduled to None, run_after=None
[2024-02-08T03:16:13.452+0100] {logging_mixin.py:188} INFO - [2024-02-08T03:16:13.452+0100] {dag.py:3820} INFO - Setting next_dagrun for dataset_produces_1 to 2024-02-07T00:00:00+00:00, run_after=2024-02-08T00:00:00+00:00
[2024-02-08T03:16:13.454+0100] {logging_mixin.py:188} INFO - [2024-02-08T03:16:13.454+0100] {dag.py:3820} INFO - Setting next_dagrun for dataset_produces_2 to None, run_after=None
[2024-02-08T03:16:13.513+0100] {processor.py:183} INFO - Processing /home/ubuntu/.local/lib/python3.10/site-packages/airflow/example_dags/example_datasets.py took 0.204 seconds
[2024-02-08T03:17:12.282+0100] {processor.py:161} INFO - Started process (PID=15098) to work on /home/ubuntu/.local/lib/python3.10/site-packages/airflow/example_dags/example_datasets.py
[2024-02-08T03:17:12.286+0100] {processor.py:830} INFO - Processing file /home/ubuntu/.local/lib/python3.10/site-packages/airflow/example_dags/example_datasets.py for tasks to queue
[2024-02-08T03:17:12.289+0100] {logging_mixin.py:188} INFO - [2024-02-08T03:17:12.288+0100] {dagbag.py:538} INFO - Filling up the DagBag from /home/ubuntu/.local/lib/python3.10/site-packages/airflow/example_dags/example_datasets.py
[2024-02-08T03:17:12.310+0100] {processor.py:840} INFO - DAG(s) 'dataset_produces_1', 'dataset_consumes_unknown_never_scheduled', 'dataset_consumes_1', 'dataset_produces_2', 'dataset_consumes_1_never_scheduled', 'dataset_consumes_1_and_2' retrieved from /home/ubuntu/.local/lib/python3.10/site-packages/airflow/example_dags/example_datasets.py
[2024-02-08T03:17:12.368+0100] {logging_mixin.py:188} INFO - [2024-02-08T03:17:12.368+0100] {dag.py:3033} INFO - Sync 6 DAGs
[2024-02-08T03:17:12.410+0100] {logging_mixin.py:188} INFO - [2024-02-08T03:17:12.409+0100] {dag.py:3820} INFO - Setting next_dagrun for dataset_consumes_1 to None, run_after=None
[2024-02-08T03:17:12.416+0100] {logging_mixin.py:188} INFO - [2024-02-08T03:17:12.416+0100] {dag.py:3820} INFO - Setting next_dagrun for dataset_consumes_1_and_2 to None, run_after=None
[2024-02-08T03:17:12.419+0100] {logging_mixin.py:188} INFO - [2024-02-08T03:17:12.419+0100] {dag.py:3820} INFO - Setting next_dagrun for dataset_consumes_1_never_scheduled to None, run_after=None
[2024-02-08T03:17:12.422+0100] {logging_mixin.py:188} INFO - [2024-02-08T03:17:12.422+0100] {dag.py:3820} INFO - Setting next_dagrun for dataset_consumes_unknown_never_scheduled to None, run_after=None
[2024-02-08T03:17:12.428+0100] {logging_mixin.py:188} INFO - [2024-02-08T03:17:12.428+0100] {dag.py:3820} INFO - Setting next_dagrun for dataset_produces_1 to 2024-02-07T00:00:00+00:00, run_after=2024-02-08T00:00:00+00:00
[2024-02-08T03:17:12.433+0100] {logging_mixin.py:188} INFO - [2024-02-08T03:17:12.432+0100] {dag.py:3820} INFO - Setting next_dagrun for dataset_produces_2 to None, run_after=None
[2024-02-08T03:17:12.488+0100] {processor.py:183} INFO - Processing /home/ubuntu/.local/lib/python3.10/site-packages/airflow/example_dags/example_datasets.py took 0.213 seconds
[2024-02-08T03:18:10.553+0100] {processor.py:161} INFO - Started process (PID=15155) to work on /home/ubuntu/.local/lib/python3.10/site-packages/airflow/example_dags/example_datasets.py
[2024-02-08T03:18:10.556+0100] {processor.py:830} INFO - Processing file /home/ubuntu/.local/lib/python3.10/site-packages/airflow/example_dags/example_datasets.py for tasks to queue
[2024-02-08T03:18:10.559+0100] {logging_mixin.py:188} INFO - [2024-02-08T03:18:10.558+0100] {dagbag.py:538} INFO - Filling up the DagBag from /home/ubuntu/.local/lib/python3.10/site-packages/airflow/example_dags/example_datasets.py
[2024-02-08T03:18:10.580+0100] {processor.py:840} INFO - DAG(s) 'dataset_consumes_1_and_2', 'dataset_consumes_1_never_scheduled', 'dataset_produces_1', 'dataset_produces_2', 'dataset_consumes_1', 'dataset_consumes_unknown_never_scheduled' retrieved from /home/ubuntu/.local/lib/python3.10/site-packages/airflow/example_dags/example_datasets.py
[2024-02-08T03:18:10.630+0100] {logging_mixin.py:188} INFO - [2024-02-08T03:18:10.630+0100] {dag.py:3033} INFO - Sync 6 DAGs
[2024-02-08T03:18:10.669+0100] {logging_mixin.py:188} INFO - [2024-02-08T03:18:10.669+0100] {dag.py:3820} INFO - Setting next_dagrun for dataset_consumes_1 to None, run_after=None
[2024-02-08T03:18:10.682+0100] {logging_mixin.py:188} INFO - [2024-02-08T03:18:10.682+0100] {dag.py:3820} INFO - Setting next_dagrun for dataset_consumes_1_and_2 to None, run_after=None
[2024-02-08T03:18:10.684+0100] {logging_mixin.py:188} INFO - [2024-02-08T03:18:10.684+0100] {dag.py:3820} INFO - Setting next_dagrun for dataset_consumes_1_never_scheduled to None, run_after=None
[2024-02-08T03:18:10.686+0100] {logging_mixin.py:188} INFO - [2024-02-08T03:18:10.686+0100] {dag.py:3820} INFO - Setting next_dagrun for dataset_consumes_unknown_never_scheduled to None, run_after=None
[2024-02-08T03:18:10.691+0100] {logging_mixin.py:188} INFO - [2024-02-08T03:18:10.690+0100] {dag.py:3820} INFO - Setting next_dagrun for dataset_produces_1 to 2024-02-07T00:00:00+00:00, run_after=2024-02-08T00:00:00+00:00
[2024-02-08T03:18:10.694+0100] {logging_mixin.py:188} INFO - [2024-02-08T03:18:10.694+0100] {dag.py:3820} INFO - Setting next_dagrun for dataset_produces_2 to None, run_after=None
[2024-02-08T03:18:10.759+0100] {processor.py:183} INFO - Processing /home/ubuntu/.local/lib/python3.10/site-packages/airflow/example_dags/example_datasets.py took 0.211 seconds
[2024-02-08T03:19:10.494+0100] {processor.py:161} INFO - Started process (PID=15210) to work on /home/ubuntu/.local/lib/python3.10/site-packages/airflow/example_dags/example_datasets.py
[2024-02-08T03:19:10.499+0100] {processor.py:830} INFO - Processing file /home/ubuntu/.local/lib/python3.10/site-packages/airflow/example_dags/example_datasets.py for tasks to queue
[2024-02-08T03:19:10.500+0100] {logging_mixin.py:188} INFO - [2024-02-08T03:19:10.500+0100] {dagbag.py:538} INFO - Filling up the DagBag from /home/ubuntu/.local/lib/python3.10/site-packages/airflow/example_dags/example_datasets.py
[2024-02-08T03:19:10.521+0100] {processor.py:840} INFO - DAG(s) 'dataset_consumes_1_never_scheduled', 'dataset_produces_1', 'dataset_consumes_unknown_never_scheduled', 'dataset_consumes_1', 'dataset_consumes_1_and_2', 'dataset_produces_2' retrieved from /home/ubuntu/.local/lib/python3.10/site-packages/airflow/example_dags/example_datasets.py
[2024-02-08T03:19:10.579+0100] {logging_mixin.py:188} INFO - [2024-02-08T03:19:10.578+0100] {dag.py:3033} INFO - Sync 6 DAGs
[2024-02-08T03:19:10.608+0100] {logging_mixin.py:188} INFO - [2024-02-08T03:19:10.607+0100] {dag.py:3820} INFO - Setting next_dagrun for dataset_consumes_1 to None, run_after=None
[2024-02-08T03:19:10.612+0100] {logging_mixin.py:188} INFO - [2024-02-08T03:19:10.612+0100] {dag.py:3820} INFO - Setting next_dagrun for dataset_consumes_1_and_2 to None, run_after=None
[2024-02-08T03:19:10.614+0100] {logging_mixin.py:188} INFO - [2024-02-08T03:19:10.614+0100] {dag.py:3820} INFO - Setting next_dagrun for dataset_consumes_1_never_scheduled to None, run_after=None
[2024-02-08T03:19:10.616+0100] {logging_mixin.py:188} INFO - [2024-02-08T03:19:10.616+0100] {dag.py:3820} INFO - Setting next_dagrun for dataset_consumes_unknown_never_scheduled to None, run_after=None
[2024-02-08T03:19:10.620+0100] {logging_mixin.py:188} INFO - [2024-02-08T03:19:10.620+0100] {dag.py:3820} INFO - Setting next_dagrun for dataset_produces_1 to 2024-02-07T00:00:00+00:00, run_after=2024-02-08T00:00:00+00:00
[2024-02-08T03:19:10.622+0100] {logging_mixin.py:188} INFO - [2024-02-08T03:19:10.621+0100] {dag.py:3820} INFO - Setting next_dagrun for dataset_produces_2 to None, run_after=None
[2024-02-08T03:19:10.671+0100] {processor.py:183} INFO - Processing /home/ubuntu/.local/lib/python3.10/site-packages/airflow/example_dags/example_datasets.py took 0.182 seconds
[2024-02-08T03:20:27.247+0100] {processor.py:161} INFO - Started process (PID=15337) to work on /home/ubuntu/.local/lib/python3.10/site-packages/airflow/example_dags/example_datasets.py
[2024-02-08T03:20:27.253+0100] {processor.py:830} INFO - Processing file /home/ubuntu/.local/lib/python3.10/site-packages/airflow/example_dags/example_datasets.py for tasks to queue
[2024-02-08T03:20:27.254+0100] {logging_mixin.py:188} INFO - [2024-02-08T03:20:27.254+0100] {dagbag.py:538} INFO - Filling up the DagBag from /home/ubuntu/.local/lib/python3.10/site-packages/airflow/example_dags/example_datasets.py
[2024-02-08T03:20:27.269+0100] {processor.py:840} INFO - DAG(s) 'dataset_consumes_unknown_never_scheduled', 'dataset_produces_1', 'dataset_produces_2', 'dataset_consumes_1_never_scheduled', 'dataset_consumes_1', 'dataset_consumes_1_and_2' retrieved from /home/ubuntu/.local/lib/python3.10/site-packages/airflow/example_dags/example_datasets.py
[2024-02-08T03:20:27.313+0100] {logging_mixin.py:188} INFO - [2024-02-08T03:20:27.313+0100] {dag.py:3033} INFO - Sync 6 DAGs
[2024-02-08T03:20:27.339+0100] {logging_mixin.py:188} INFO - [2024-02-08T03:20:27.338+0100] {dag.py:3820} INFO - Setting next_dagrun for dataset_consumes_1 to None, run_after=None
[2024-02-08T03:20:27.343+0100] {logging_mixin.py:188} INFO - [2024-02-08T03:20:27.342+0100] {dag.py:3820} INFO - Setting next_dagrun for dataset_consumes_1_and_2 to None, run_after=None
[2024-02-08T03:20:27.345+0100] {logging_mixin.py:188} INFO - [2024-02-08T03:20:27.345+0100] {dag.py:3820} INFO - Setting next_dagrun for dataset_consumes_1_never_scheduled to None, run_after=None
[2024-02-08T03:20:27.349+0100] {logging_mixin.py:188} INFO - [2024-02-08T03:20:27.349+0100] {dag.py:3820} INFO - Setting next_dagrun for dataset_consumes_unknown_never_scheduled to None, run_after=None
[2024-02-08T03:20:27.353+0100] {logging_mixin.py:188} INFO - [2024-02-08T03:20:27.353+0100] {dag.py:3820} INFO - Setting next_dagrun for dataset_produces_1 to 2024-02-07T00:00:00+00:00, run_after=2024-02-08T00:00:00+00:00
[2024-02-08T03:20:27.356+0100] {logging_mixin.py:188} INFO - [2024-02-08T03:20:27.356+0100] {dag.py:3820} INFO - Setting next_dagrun for dataset_produces_2 to None, run_after=None
[2024-02-08T03:20:27.405+0100] {processor.py:183} INFO - Processing /home/ubuntu/.local/lib/python3.10/site-packages/airflow/example_dags/example_datasets.py took 0.163 seconds
[2024-02-08T03:21:35.024+0100] {processor.py:161} INFO - Started process (PID=15398) to work on /home/ubuntu/.local/lib/python3.10/site-packages/airflow/example_dags/example_datasets.py
[2024-02-08T03:21:35.028+0100] {processor.py:830} INFO - Processing file /home/ubuntu/.local/lib/python3.10/site-packages/airflow/example_dags/example_datasets.py for tasks to queue
[2024-02-08T03:21:35.030+0100] {logging_mixin.py:188} INFO - [2024-02-08T03:21:35.029+0100] {dagbag.py:538} INFO - Filling up the DagBag from /home/ubuntu/.local/lib/python3.10/site-packages/airflow/example_dags/example_datasets.py
[2024-02-08T03:21:35.046+0100] {processor.py:840} INFO - DAG(s) 'dataset_produces_2', 'dataset_consumes_1_and_2', 'dataset_produces_1', 'dataset_consumes_1', 'dataset_consumes_1_never_scheduled', 'dataset_consumes_unknown_never_scheduled' retrieved from /home/ubuntu/.local/lib/python3.10/site-packages/airflow/example_dags/example_datasets.py
[2024-02-08T03:21:35.091+0100] {logging_mixin.py:188} INFO - [2024-02-08T03:21:35.091+0100] {dag.py:3033} INFO - Sync 6 DAGs
[2024-02-08T03:21:35.117+0100] {logging_mixin.py:188} INFO - [2024-02-08T03:21:35.117+0100] {dag.py:3820} INFO - Setting next_dagrun for dataset_consumes_1 to None, run_after=None
[2024-02-08T03:21:35.122+0100] {logging_mixin.py:188} INFO - [2024-02-08T03:21:35.121+0100] {dag.py:3820} INFO - Setting next_dagrun for dataset_consumes_1_and_2 to None, run_after=None
[2024-02-08T03:21:35.123+0100] {logging_mixin.py:188} INFO - [2024-02-08T03:21:35.123+0100] {dag.py:3820} INFO - Setting next_dagrun for dataset_consumes_1_never_scheduled to None, run_after=None
[2024-02-08T03:21:35.125+0100] {logging_mixin.py:188} INFO - [2024-02-08T03:21:35.125+0100] {dag.py:3820} INFO - Setting next_dagrun for dataset_consumes_unknown_never_scheduled to None, run_after=None
[2024-02-08T03:21:35.129+0100] {logging_mixin.py:188} INFO - [2024-02-08T03:21:35.129+0100] {dag.py:3820} INFO - Setting next_dagrun for dataset_produces_1 to 2024-02-07T00:00:00+00:00, run_after=2024-02-08T00:00:00+00:00
[2024-02-08T03:21:35.130+0100] {logging_mixin.py:188} INFO - [2024-02-08T03:21:35.130+0100] {dag.py:3820} INFO - Setting next_dagrun for dataset_produces_2 to None, run_after=None
[2024-02-08T03:21:35.180+0100] {processor.py:183} INFO - Processing /home/ubuntu/.local/lib/python3.10/site-packages/airflow/example_dags/example_datasets.py took 0.160 seconds
[2024-02-08T03:22:40.633+0100] {processor.py:161} INFO - Started process (PID=15456) to work on /home/ubuntu/.local/lib/python3.10/site-packages/airflow/example_dags/example_datasets.py
[2024-02-08T03:22:40.639+0100] {processor.py:830} INFO - Processing file /home/ubuntu/.local/lib/python3.10/site-packages/airflow/example_dags/example_datasets.py for tasks to queue
[2024-02-08T03:22:40.641+0100] {logging_mixin.py:188} INFO - [2024-02-08T03:22:40.640+0100] {dagbag.py:538} INFO - Filling up the DagBag from /home/ubuntu/.local/lib/python3.10/site-packages/airflow/example_dags/example_datasets.py
[2024-02-08T03:22:40.665+0100] {processor.py:840} INFO - DAG(s) 'dataset_consumes_1_and_2', 'dataset_produces_1', 'dataset_consumes_unknown_never_scheduled', 'dataset_consumes_1_never_scheduled', 'dataset_consumes_1', 'dataset_produces_2' retrieved from /home/ubuntu/.local/lib/python3.10/site-packages/airflow/example_dags/example_datasets.py
[2024-02-08T03:22:40.731+0100] {logging_mixin.py:188} INFO - [2024-02-08T03:22:40.731+0100] {dag.py:3033} INFO - Sync 6 DAGs
[2024-02-08T03:22:40.775+0100] {logging_mixin.py:188} INFO - [2024-02-08T03:22:40.775+0100] {dag.py:3820} INFO - Setting next_dagrun for dataset_consumes_1 to None, run_after=None
[2024-02-08T03:22:40.781+0100] {logging_mixin.py:188} INFO - [2024-02-08T03:22:40.780+0100] {dag.py:3820} INFO - Setting next_dagrun for dataset_consumes_1_and_2 to None, run_after=None
[2024-02-08T03:22:40.783+0100] {logging_mixin.py:188} INFO - [2024-02-08T03:22:40.782+0100] {dag.py:3820} INFO - Setting next_dagrun for dataset_consumes_1_never_scheduled to None, run_after=None
[2024-02-08T03:22:40.785+0100] {logging_mixin.py:188} INFO - [2024-02-08T03:22:40.784+0100] {dag.py:3820} INFO - Setting next_dagrun for dataset_consumes_unknown_never_scheduled to None, run_after=None
[2024-02-08T03:22:40.790+0100] {logging_mixin.py:188} INFO - [2024-02-08T03:22:40.789+0100] {dag.py:3820} INFO - Setting next_dagrun for dataset_produces_1 to 2024-02-07T00:00:00+00:00, run_after=2024-02-08T00:00:00+00:00
[2024-02-08T03:22:40.792+0100] {logging_mixin.py:188} INFO - [2024-02-08T03:22:40.792+0100] {dag.py:3820} INFO - Setting next_dagrun for dataset_produces_2 to None, run_after=None
[2024-02-08T03:22:40.885+0100] {processor.py:183} INFO - Processing /home/ubuntu/.local/lib/python3.10/site-packages/airflow/example_dags/example_datasets.py took 0.258 seconds
[2024-02-08T03:23:51.389+0100] {processor.py:161} INFO - Started process (PID=15543) to work on /home/ubuntu/.local/lib/python3.10/site-packages/airflow/example_dags/example_datasets.py
[2024-02-08T03:23:51.393+0100] {processor.py:830} INFO - Processing file /home/ubuntu/.local/lib/python3.10/site-packages/airflow/example_dags/example_datasets.py for tasks to queue
[2024-02-08T03:23:51.395+0100] {logging_mixin.py:188} INFO - [2024-02-08T03:23:51.395+0100] {dagbag.py:538} INFO - Filling up the DagBag from /home/ubuntu/.local/lib/python3.10/site-packages/airflow/example_dags/example_datasets.py
[2024-02-08T03:23:51.411+0100] {processor.py:840} INFO - DAG(s) 'dataset_consumes_1_and_2', 'dataset_consumes_1', 'dataset_produces_1', 'dataset_produces_2', 'dataset_consumes_1_never_scheduled', 'dataset_consumes_unknown_never_scheduled' retrieved from /home/ubuntu/.local/lib/python3.10/site-packages/airflow/example_dags/example_datasets.py
[2024-02-08T03:23:51.460+0100] {logging_mixin.py:188} INFO - [2024-02-08T03:23:51.460+0100] {dag.py:3033} INFO - Sync 6 DAGs
[2024-02-08T03:23:51.483+0100] {logging_mixin.py:188} INFO - [2024-02-08T03:23:51.483+0100] {dag.py:3820} INFO - Setting next_dagrun for dataset_consumes_1 to None, run_after=None
[2024-02-08T03:23:51.490+0100] {logging_mixin.py:188} INFO - [2024-02-08T03:23:51.490+0100] {dag.py:3820} INFO - Setting next_dagrun for dataset_consumes_1_and_2 to None, run_after=None
[2024-02-08T03:23:51.493+0100] {logging_mixin.py:188} INFO - [2024-02-08T03:23:51.492+0100] {dag.py:3820} INFO - Setting next_dagrun for dataset_consumes_1_never_scheduled to None, run_after=None
[2024-02-08T03:23:51.494+0100] {logging_mixin.py:188} INFO - [2024-02-08T03:23:51.494+0100] {dag.py:3820} INFO - Setting next_dagrun for dataset_consumes_unknown_never_scheduled to None, run_after=None
[2024-02-08T03:23:51.498+0100] {logging_mixin.py:188} INFO - [2024-02-08T03:23:51.498+0100] {dag.py:3820} INFO - Setting next_dagrun for dataset_produces_1 to 2024-02-07T00:00:00+00:00, run_after=2024-02-08T00:00:00+00:00
[2024-02-08T03:23:51.500+0100] {logging_mixin.py:188} INFO - [2024-02-08T03:23:51.499+0100] {dag.py:3820} INFO - Setting next_dagrun for dataset_produces_2 to None, run_after=None
[2024-02-08T03:23:51.555+0100] {processor.py:183} INFO - Processing /home/ubuntu/.local/lib/python3.10/site-packages/airflow/example_dags/example_datasets.py took 0.171 seconds
[2024-02-08T03:25:24.031+0100] {processor.py:161} INFO - Started process (PID=15671) to work on /home/ubuntu/.local/lib/python3.10/site-packages/airflow/example_dags/example_datasets.py
[2024-02-08T03:25:24.036+0100] {processor.py:830} INFO - Processing file /home/ubuntu/.local/lib/python3.10/site-packages/airflow/example_dags/example_datasets.py for tasks to queue
[2024-02-08T03:25:24.041+0100] {logging_mixin.py:188} INFO - [2024-02-08T03:25:24.038+0100] {dagbag.py:538} INFO - Filling up the DagBag from /home/ubuntu/.local/lib/python3.10/site-packages/airflow/example_dags/example_datasets.py
[2024-02-08T03:25:24.058+0100] {processor.py:840} INFO - DAG(s) 'dataset_consumes_1_and_2', 'dataset_consumes_1_never_scheduled', 'dataset_produces_2', 'dataset_produces_1', 'dataset_consumes_unknown_never_scheduled', 'dataset_consumes_1' retrieved from /home/ubuntu/.local/lib/python3.10/site-packages/airflow/example_dags/example_datasets.py
[2024-02-08T03:25:24.110+0100] {logging_mixin.py:188} INFO - [2024-02-08T03:25:24.109+0100] {dag.py:3033} INFO - Sync 6 DAGs
[2024-02-08T03:25:24.151+0100] {logging_mixin.py:188} INFO - [2024-02-08T03:25:24.150+0100] {dag.py:3820} INFO - Setting next_dagrun for dataset_consumes_1 to None, run_after=None
[2024-02-08T03:25:24.156+0100] {logging_mixin.py:188} INFO - [2024-02-08T03:25:24.155+0100] {dag.py:3820} INFO - Setting next_dagrun for dataset_consumes_1_and_2 to None, run_after=None
[2024-02-08T03:25:24.157+0100] {logging_mixin.py:188} INFO - [2024-02-08T03:25:24.157+0100] {dag.py:3820} INFO - Setting next_dagrun for dataset_consumes_1_never_scheduled to None, run_after=None
[2024-02-08T03:25:24.160+0100] {logging_mixin.py:188} INFO - [2024-02-08T03:25:24.160+0100] {dag.py:3820} INFO - Setting next_dagrun for dataset_consumes_unknown_never_scheduled to None, run_after=None
[2024-02-08T03:25:24.165+0100] {logging_mixin.py:188} INFO - [2024-02-08T03:25:24.165+0100] {dag.py:3820} INFO - Setting next_dagrun for dataset_produces_1 to 2024-02-07T00:00:00+00:00, run_after=2024-02-08T00:00:00+00:00
[2024-02-08T03:25:24.167+0100] {logging_mixin.py:188} INFO - [2024-02-08T03:25:24.166+0100] {dag.py:3820} INFO - Setting next_dagrun for dataset_produces_2 to None, run_after=None
[2024-02-08T03:25:24.240+0100] {processor.py:183} INFO - Processing /home/ubuntu/.local/lib/python3.10/site-packages/airflow/example_dags/example_datasets.py took 0.214 seconds
