[2024-02-08T02:46:46.192+0100] {processor.py:161} INFO - Started process (PID=12388) to work on /home/ubuntu/.local/lib/python3.10/site-packages/airflow/example_dags/example_external_task_marker_dag.py
[2024-02-08T02:46:46.194+0100] {processor.py:830} INFO - Processing file /home/ubuntu/.local/lib/python3.10/site-packages/airflow/example_dags/example_external_task_marker_dag.py for tasks to queue
[2024-02-08T02:46:46.195+0100] {logging_mixin.py:188} INFO - [2024-02-08T02:46:46.194+0100] {dagbag.py:538} INFO - Filling up the DagBag from /home/ubuntu/.local/lib/python3.10/site-packages/airflow/example_dags/example_external_task_marker_dag.py
[2024-02-08T02:46:46.205+0100] {processor.py:840} INFO - DAG(s) 'example_external_task_marker_child', 'example_external_task_marker_parent' retrieved from /home/ubuntu/.local/lib/python3.10/site-packages/airflow/example_dags/example_external_task_marker_dag.py
[2024-02-08T02:46:46.344+0100] {logging_mixin.py:188} INFO - [2024-02-08T02:46:46.344+0100] {dag.py:3033} INFO - Sync 2 DAGs
[2024-02-08T02:46:46.357+0100] {logging_mixin.py:188} INFO - [2024-02-08T02:46:46.356+0100] {dag.py:3820} INFO - Setting next_dagrun for example_external_task_marker_child to None, run_after=None
[2024-02-08T02:46:46.360+0100] {logging_mixin.py:188} INFO - [2024-02-08T02:46:46.360+0100] {dag.py:3820} INFO - Setting next_dagrun for example_external_task_marker_parent to None, run_after=None
[2024-02-08T02:46:46.396+0100] {processor.py:183} INFO - Processing /home/ubuntu/.local/lib/python3.10/site-packages/airflow/example_dags/example_external_task_marker_dag.py took 0.207 seconds
[2024-02-08T02:48:27.488+0100] {processor.py:161} INFO - Started process (PID=12517) to work on /home/ubuntu/.local/lib/python3.10/site-packages/airflow/example_dags/example_external_task_marker_dag.py
[2024-02-08T02:48:27.496+0100] {processor.py:830} INFO - Processing file /home/ubuntu/.local/lib/python3.10/site-packages/airflow/example_dags/example_external_task_marker_dag.py for tasks to queue
[2024-02-08T02:48:27.499+0100] {logging_mixin.py:188} INFO - [2024-02-08T02:48:27.497+0100] {dagbag.py:538} INFO - Filling up the DagBag from /home/ubuntu/.local/lib/python3.10/site-packages/airflow/example_dags/example_external_task_marker_dag.py
[2024-02-08T02:48:27.528+0100] {processor.py:840} INFO - DAG(s) 'example_external_task_marker_child', 'example_external_task_marker_parent' retrieved from /home/ubuntu/.local/lib/python3.10/site-packages/airflow/example_dags/example_external_task_marker_dag.py
[2024-02-08T02:48:27.563+0100] {logging_mixin.py:188} INFO - [2024-02-08T02:48:27.563+0100] {dag.py:3033} INFO - Sync 2 DAGs
[2024-02-08T02:48:27.579+0100] {logging_mixin.py:188} INFO - [2024-02-08T02:48:27.579+0100] {dag.py:3820} INFO - Setting next_dagrun for example_external_task_marker_child to None, run_after=None
[2024-02-08T02:48:27.582+0100] {logging_mixin.py:188} INFO - [2024-02-08T02:48:27.582+0100] {dag.py:3820} INFO - Setting next_dagrun for example_external_task_marker_parent to None, run_after=None
[2024-02-08T02:48:27.705+0100] {processor.py:183} INFO - Processing /home/ubuntu/.local/lib/python3.10/site-packages/airflow/example_dags/example_external_task_marker_dag.py took 0.227 seconds
[2024-02-08T02:50:20.927+0100] {processor.py:161} INFO - Started process (PID=13457) to work on /home/ubuntu/.local/lib/python3.10/site-packages/airflow/example_dags/example_external_task_marker_dag.py
[2024-02-08T02:50:20.930+0100] {processor.py:830} INFO - Processing file /home/ubuntu/.local/lib/python3.10/site-packages/airflow/example_dags/example_external_task_marker_dag.py for tasks to queue
[2024-02-08T02:50:20.932+0100] {logging_mixin.py:188} INFO - [2024-02-08T02:50:20.931+0100] {dagbag.py:538} INFO - Filling up the DagBag from /home/ubuntu/.local/lib/python3.10/site-packages/airflow/example_dags/example_external_task_marker_dag.py
[2024-02-08T02:50:20.948+0100] {processor.py:840} INFO - DAG(s) 'example_external_task_marker_parent', 'example_external_task_marker_child' retrieved from /home/ubuntu/.local/lib/python3.10/site-packages/airflow/example_dags/example_external_task_marker_dag.py
[2024-02-08T02:50:20.992+0100] {logging_mixin.py:188} INFO - [2024-02-08T02:50:20.991+0100] {dag.py:3033} INFO - Sync 2 DAGs
[2024-02-08T02:50:21.009+0100] {logging_mixin.py:188} INFO - [2024-02-08T02:50:21.009+0100] {dag.py:3820} INFO - Setting next_dagrun for example_external_task_marker_child to None, run_after=None
[2024-02-08T02:50:21.039+0100] {logging_mixin.py:188} INFO - [2024-02-08T02:50:21.036+0100] {dag.py:3820} INFO - Setting next_dagrun for example_external_task_marker_parent to None, run_after=None
[2024-02-08T02:50:21.162+0100] {processor.py:183} INFO - Processing /home/ubuntu/.local/lib/python3.10/site-packages/airflow/example_dags/example_external_task_marker_dag.py took 0.244 seconds
[2024-02-08T02:51:43.906+0100] {processor.py:161} INFO - Started process (PID=13693) to work on /home/ubuntu/.local/lib/python3.10/site-packages/airflow/example_dags/example_external_task_marker_dag.py
[2024-02-08T02:51:43.915+0100] {processor.py:830} INFO - Processing file /home/ubuntu/.local/lib/python3.10/site-packages/airflow/example_dags/example_external_task_marker_dag.py for tasks to queue
[2024-02-08T02:51:43.917+0100] {logging_mixin.py:188} INFO - [2024-02-08T02:51:43.916+0100] {dagbag.py:538} INFO - Filling up the DagBag from /home/ubuntu/.local/lib/python3.10/site-packages/airflow/example_dags/example_external_task_marker_dag.py
[2024-02-08T02:51:43.926+0100] {processor.py:840} INFO - DAG(s) 'example_external_task_marker_child', 'example_external_task_marker_parent' retrieved from /home/ubuntu/.local/lib/python3.10/site-packages/airflow/example_dags/example_external_task_marker_dag.py
[2024-02-08T02:51:43.962+0100] {logging_mixin.py:188} INFO - [2024-02-08T02:51:43.962+0100] {dag.py:3033} INFO - Sync 2 DAGs
[2024-02-08T02:51:43.993+0100] {logging_mixin.py:188} INFO - [2024-02-08T02:51:43.993+0100] {dag.py:3820} INFO - Setting next_dagrun for example_external_task_marker_child to None, run_after=None
[2024-02-08T02:51:44.004+0100] {logging_mixin.py:188} INFO - [2024-02-08T02:51:44.002+0100] {dag.py:3820} INFO - Setting next_dagrun for example_external_task_marker_parent to None, run_after=None
[2024-02-08T02:51:44.068+0100] {processor.py:183} INFO - Processing /home/ubuntu/.local/lib/python3.10/site-packages/airflow/example_dags/example_external_task_marker_dag.py took 0.167 seconds
[2024-02-08T02:53:21.698+0100] {processor.py:161} INFO - Started process (PID=13809) to work on /home/ubuntu/.local/lib/python3.10/site-packages/airflow/example_dags/example_external_task_marker_dag.py
[2024-02-08T02:53:21.703+0100] {processor.py:830} INFO - Processing file /home/ubuntu/.local/lib/python3.10/site-packages/airflow/example_dags/example_external_task_marker_dag.py for tasks to queue
[2024-02-08T02:53:21.705+0100] {logging_mixin.py:188} INFO - [2024-02-08T02:53:21.704+0100] {dagbag.py:538} INFO - Filling up the DagBag from /home/ubuntu/.local/lib/python3.10/site-packages/airflow/example_dags/example_external_task_marker_dag.py
[2024-02-08T02:53:21.717+0100] {processor.py:840} INFO - DAG(s) 'example_external_task_marker_child', 'example_external_task_marker_parent' retrieved from /home/ubuntu/.local/lib/python3.10/site-packages/airflow/example_dags/example_external_task_marker_dag.py
[2024-02-08T02:53:21.750+0100] {logging_mixin.py:188} INFO - [2024-02-08T02:53:21.750+0100] {dag.py:3033} INFO - Sync 2 DAGs
[2024-02-08T02:53:21.764+0100] {logging_mixin.py:188} INFO - [2024-02-08T02:53:21.764+0100] {dag.py:3820} INFO - Setting next_dagrun for example_external_task_marker_child to None, run_after=None
[2024-02-08T02:53:21.768+0100] {logging_mixin.py:188} INFO - [2024-02-08T02:53:21.768+0100] {dag.py:3820} INFO - Setting next_dagrun for example_external_task_marker_parent to None, run_after=None
[2024-02-08T02:53:21.825+0100] {processor.py:183} INFO - Processing /home/ubuntu/.local/lib/python3.10/site-packages/airflow/example_dags/example_external_task_marker_dag.py took 0.132 seconds
[2024-02-08T02:56:48.422+0100] {processor.py:161} INFO - Started process (PID=13939) to work on /home/ubuntu/.local/lib/python3.10/site-packages/airflow/example_dags/example_external_task_marker_dag.py
[2024-02-08T02:56:48.428+0100] {processor.py:830} INFO - Processing file /home/ubuntu/.local/lib/python3.10/site-packages/airflow/example_dags/example_external_task_marker_dag.py for tasks to queue
[2024-02-08T02:56:48.434+0100] {logging_mixin.py:188} INFO - [2024-02-08T02:56:48.434+0100] {dagbag.py:538} INFO - Filling up the DagBag from /home/ubuntu/.local/lib/python3.10/site-packages/airflow/example_dags/example_external_task_marker_dag.py
[2024-02-08T02:56:48.455+0100] {processor.py:840} INFO - DAG(s) 'example_external_task_marker_parent', 'example_external_task_marker_child' retrieved from /home/ubuntu/.local/lib/python3.10/site-packages/airflow/example_dags/example_external_task_marker_dag.py
[2024-02-08T02:56:48.501+0100] {logging_mixin.py:188} INFO - [2024-02-08T02:56:48.501+0100] {dag.py:3033} INFO - Sync 2 DAGs
[2024-02-08T02:56:48.527+0100] {logging_mixin.py:188} INFO - [2024-02-08T02:56:48.527+0100] {dag.py:3820} INFO - Setting next_dagrun for example_external_task_marker_child to None, run_after=None
[2024-02-08T02:56:48.536+0100] {logging_mixin.py:188} INFO - [2024-02-08T02:56:48.536+0100] {dag.py:3820} INFO - Setting next_dagrun for example_external_task_marker_parent to None, run_after=None
[2024-02-08T02:56:48.649+0100] {processor.py:183} INFO - Processing /home/ubuntu/.local/lib/python3.10/site-packages/airflow/example_dags/example_external_task_marker_dag.py took 0.234 seconds
[2024-02-08T02:59:34.466+0100] {processor.py:161} INFO - Started process (PID=14021) to work on /home/ubuntu/.local/lib/python3.10/site-packages/airflow/example_dags/example_external_task_marker_dag.py
[2024-02-08T02:59:34.484+0100] {processor.py:830} INFO - Processing file /home/ubuntu/.local/lib/python3.10/site-packages/airflow/example_dags/example_external_task_marker_dag.py for tasks to queue
[2024-02-08T02:59:34.485+0100] {logging_mixin.py:188} INFO - [2024-02-08T02:59:34.485+0100] {dagbag.py:538} INFO - Filling up the DagBag from /home/ubuntu/.local/lib/python3.10/site-packages/airflow/example_dags/example_external_task_marker_dag.py
[2024-02-08T02:59:34.500+0100] {processor.py:840} INFO - DAG(s) 'example_external_task_marker_parent', 'example_external_task_marker_child' retrieved from /home/ubuntu/.local/lib/python3.10/site-packages/airflow/example_dags/example_external_task_marker_dag.py
[2024-02-08T02:59:34.552+0100] {logging_mixin.py:188} INFO - [2024-02-08T02:59:34.552+0100] {dag.py:3033} INFO - Sync 2 DAGs
[2024-02-08T02:59:34.575+0100] {logging_mixin.py:188} INFO - [2024-02-08T02:59:34.575+0100] {dag.py:3820} INFO - Setting next_dagrun for example_external_task_marker_child to None, run_after=None
[2024-02-08T02:59:34.579+0100] {logging_mixin.py:188} INFO - [2024-02-08T02:59:34.579+0100] {dag.py:3820} INFO - Setting next_dagrun for example_external_task_marker_parent to None, run_after=None
[2024-02-08T02:59:34.872+0100] {processor.py:183} INFO - Processing /home/ubuntu/.local/lib/python3.10/site-packages/airflow/example_dags/example_external_task_marker_dag.py took 0.411 seconds
[2024-02-08T03:01:25.662+0100] {processor.py:161} INFO - Started process (PID=14088) to work on /home/ubuntu/.local/lib/python3.10/site-packages/airflow/example_dags/example_external_task_marker_dag.py
[2024-02-08T03:01:25.675+0100] {processor.py:830} INFO - Processing file /home/ubuntu/.local/lib/python3.10/site-packages/airflow/example_dags/example_external_task_marker_dag.py for tasks to queue
[2024-02-08T03:01:25.679+0100] {logging_mixin.py:188} INFO - [2024-02-08T03:01:25.679+0100] {dagbag.py:538} INFO - Filling up the DagBag from /home/ubuntu/.local/lib/python3.10/site-packages/airflow/example_dags/example_external_task_marker_dag.py
[2024-02-08T03:01:25.700+0100] {processor.py:840} INFO - DAG(s) 'example_external_task_marker_parent', 'example_external_task_marker_child' retrieved from /home/ubuntu/.local/lib/python3.10/site-packages/airflow/example_dags/example_external_task_marker_dag.py
[2024-02-08T03:01:25.736+0100] {logging_mixin.py:188} INFO - [2024-02-08T03:01:25.736+0100] {dag.py:3033} INFO - Sync 2 DAGs
[2024-02-08T03:01:25.757+0100] {logging_mixin.py:188} INFO - [2024-02-08T03:01:25.757+0100] {dag.py:3820} INFO - Setting next_dagrun for example_external_task_marker_child to None, run_after=None
[2024-02-08T03:01:25.771+0100] {logging_mixin.py:188} INFO - [2024-02-08T03:01:25.771+0100] {dag.py:3820} INFO - Setting next_dagrun for example_external_task_marker_parent to None, run_after=None
[2024-02-08T03:01:25.809+0100] {processor.py:183} INFO - Processing /home/ubuntu/.local/lib/python3.10/site-packages/airflow/example_dags/example_external_task_marker_dag.py took 0.162 seconds
[2024-02-08T03:03:30.528+0100] {processor.py:161} INFO - Started process (PID=14247) to work on /home/ubuntu/.local/lib/python3.10/site-packages/airflow/example_dags/example_external_task_marker_dag.py
[2024-02-08T03:03:30.532+0100] {processor.py:830} INFO - Processing file /home/ubuntu/.local/lib/python3.10/site-packages/airflow/example_dags/example_external_task_marker_dag.py for tasks to queue
[2024-02-08T03:03:30.535+0100] {logging_mixin.py:188} INFO - [2024-02-08T03:03:30.534+0100] {dagbag.py:538} INFO - Filling up the DagBag from /home/ubuntu/.local/lib/python3.10/site-packages/airflow/example_dags/example_external_task_marker_dag.py
[2024-02-08T03:03:30.549+0100] {processor.py:840} INFO - DAG(s) 'example_external_task_marker_parent', 'example_external_task_marker_child' retrieved from /home/ubuntu/.local/lib/python3.10/site-packages/airflow/example_dags/example_external_task_marker_dag.py
[2024-02-08T03:03:30.584+0100] {logging_mixin.py:188} INFO - [2024-02-08T03:03:30.584+0100] {dag.py:3033} INFO - Sync 2 DAGs
[2024-02-08T03:03:30.601+0100] {logging_mixin.py:188} INFO - [2024-02-08T03:03:30.601+0100] {dag.py:3820} INFO - Setting next_dagrun for example_external_task_marker_child to None, run_after=None
[2024-02-08T03:03:30.608+0100] {logging_mixin.py:188} INFO - [2024-02-08T03:03:30.608+0100] {dag.py:3820} INFO - Setting next_dagrun for example_external_task_marker_parent to None, run_after=None
[2024-02-08T03:03:30.673+0100] {processor.py:183} INFO - Processing /home/ubuntu/.local/lib/python3.10/site-packages/airflow/example_dags/example_external_task_marker_dag.py took 0.149 seconds
[2024-02-08T03:04:33.032+0100] {processor.py:161} INFO - Started process (PID=14312) to work on /home/ubuntu/.local/lib/python3.10/site-packages/airflow/example_dags/example_external_task_marker_dag.py
[2024-02-08T03:04:33.035+0100] {processor.py:830} INFO - Processing file /home/ubuntu/.local/lib/python3.10/site-packages/airflow/example_dags/example_external_task_marker_dag.py for tasks to queue
[2024-02-08T03:04:33.037+0100] {logging_mixin.py:188} INFO - [2024-02-08T03:04:33.036+0100] {dagbag.py:538} INFO - Filling up the DagBag from /home/ubuntu/.local/lib/python3.10/site-packages/airflow/example_dags/example_external_task_marker_dag.py
[2024-02-08T03:04:33.054+0100] {processor.py:840} INFO - DAG(s) 'example_external_task_marker_parent', 'example_external_task_marker_child' retrieved from /home/ubuntu/.local/lib/python3.10/site-packages/airflow/example_dags/example_external_task_marker_dag.py
[2024-02-08T03:04:33.084+0100] {logging_mixin.py:188} INFO - [2024-02-08T03:04:33.084+0100] {dag.py:3033} INFO - Sync 2 DAGs
[2024-02-08T03:04:33.099+0100] {logging_mixin.py:188} INFO - [2024-02-08T03:04:33.099+0100] {dag.py:3820} INFO - Setting next_dagrun for example_external_task_marker_child to None, run_after=None
[2024-02-08T03:04:33.106+0100] {logging_mixin.py:188} INFO - [2024-02-08T03:04:33.106+0100] {dag.py:3820} INFO - Setting next_dagrun for example_external_task_marker_parent to None, run_after=None
[2024-02-08T03:04:33.141+0100] {processor.py:183} INFO - Processing /home/ubuntu/.local/lib/python3.10/site-packages/airflow/example_dags/example_external_task_marker_dag.py took 0.115 seconds
[2024-02-08T03:05:51.347+0100] {processor.py:161} INFO - Started process (PID=14371) to work on /home/ubuntu/.local/lib/python3.10/site-packages/airflow/example_dags/example_external_task_marker_dag.py
[2024-02-08T03:05:51.352+0100] {processor.py:830} INFO - Processing file /home/ubuntu/.local/lib/python3.10/site-packages/airflow/example_dags/example_external_task_marker_dag.py for tasks to queue
[2024-02-08T03:05:51.353+0100] {logging_mixin.py:188} INFO - [2024-02-08T03:05:51.353+0100] {dagbag.py:538} INFO - Filling up the DagBag from /home/ubuntu/.local/lib/python3.10/site-packages/airflow/example_dags/example_external_task_marker_dag.py
[2024-02-08T03:05:51.365+0100] {processor.py:840} INFO - DAG(s) 'example_external_task_marker_child', 'example_external_task_marker_parent' retrieved from /home/ubuntu/.local/lib/python3.10/site-packages/airflow/example_dags/example_external_task_marker_dag.py
[2024-02-08T03:05:51.394+0100] {logging_mixin.py:188} INFO - [2024-02-08T03:05:51.394+0100] {dag.py:3033} INFO - Sync 2 DAGs
[2024-02-08T03:05:51.407+0100] {logging_mixin.py:188} INFO - [2024-02-08T03:05:51.407+0100] {dag.py:3820} INFO - Setting next_dagrun for example_external_task_marker_child to None, run_after=None
[2024-02-08T03:05:51.412+0100] {logging_mixin.py:188} INFO - [2024-02-08T03:05:51.412+0100] {dag.py:3820} INFO - Setting next_dagrun for example_external_task_marker_parent to None, run_after=None
[2024-02-08T03:05:51.449+0100] {processor.py:183} INFO - Processing /home/ubuntu/.local/lib/python3.10/site-packages/airflow/example_dags/example_external_task_marker_dag.py took 0.106 seconds
[2024-02-08T03:06:55.893+0100] {processor.py:161} INFO - Started process (PID=14434) to work on /home/ubuntu/.local/lib/python3.10/site-packages/airflow/example_dags/example_external_task_marker_dag.py
[2024-02-08T03:06:55.896+0100] {processor.py:830} INFO - Processing file /home/ubuntu/.local/lib/python3.10/site-packages/airflow/example_dags/example_external_task_marker_dag.py for tasks to queue
[2024-02-08T03:06:55.898+0100] {logging_mixin.py:188} INFO - [2024-02-08T03:06:55.897+0100] {dagbag.py:538} INFO - Filling up the DagBag from /home/ubuntu/.local/lib/python3.10/site-packages/airflow/example_dags/example_external_task_marker_dag.py
[2024-02-08T03:06:55.911+0100] {processor.py:840} INFO - DAG(s) 'example_external_task_marker_parent', 'example_external_task_marker_child' retrieved from /home/ubuntu/.local/lib/python3.10/site-packages/airflow/example_dags/example_external_task_marker_dag.py
[2024-02-08T03:06:55.943+0100] {logging_mixin.py:188} INFO - [2024-02-08T03:06:55.943+0100] {dag.py:3033} INFO - Sync 2 DAGs
[2024-02-08T03:06:55.961+0100] {logging_mixin.py:188} INFO - [2024-02-08T03:06:55.961+0100] {dag.py:3820} INFO - Setting next_dagrun for example_external_task_marker_child to None, run_after=None
[2024-02-08T03:06:55.966+0100] {logging_mixin.py:188} INFO - [2024-02-08T03:06:55.966+0100] {dag.py:3820} INFO - Setting next_dagrun for example_external_task_marker_parent to None, run_after=None
[2024-02-08T03:06:56.005+0100] {processor.py:183} INFO - Processing /home/ubuntu/.local/lib/python3.10/site-packages/airflow/example_dags/example_external_task_marker_dag.py took 0.118 seconds
[2024-02-08T03:08:11.835+0100] {processor.py:161} INFO - Started process (PID=14578) to work on /home/ubuntu/.local/lib/python3.10/site-packages/airflow/example_dags/example_external_task_marker_dag.py
[2024-02-08T03:08:11.840+0100] {processor.py:830} INFO - Processing file /home/ubuntu/.local/lib/python3.10/site-packages/airflow/example_dags/example_external_task_marker_dag.py for tasks to queue
[2024-02-08T03:08:11.842+0100] {logging_mixin.py:188} INFO - [2024-02-08T03:08:11.841+0100] {dagbag.py:538} INFO - Filling up the DagBag from /home/ubuntu/.local/lib/python3.10/site-packages/airflow/example_dags/example_external_task_marker_dag.py
[2024-02-08T03:08:11.856+0100] {processor.py:840} INFO - DAG(s) 'example_external_task_marker_child', 'example_external_task_marker_parent' retrieved from /home/ubuntu/.local/lib/python3.10/site-packages/airflow/example_dags/example_external_task_marker_dag.py
[2024-02-08T03:08:11.886+0100] {logging_mixin.py:188} INFO - [2024-02-08T03:08:11.886+0100] {dag.py:3033} INFO - Sync 2 DAGs
[2024-02-08T03:08:11.906+0100] {logging_mixin.py:188} INFO - [2024-02-08T03:08:11.905+0100] {dag.py:3820} INFO - Setting next_dagrun for example_external_task_marker_child to None, run_after=None
[2024-02-08T03:08:11.912+0100] {logging_mixin.py:188} INFO - [2024-02-08T03:08:11.912+0100] {dag.py:3820} INFO - Setting next_dagrun for example_external_task_marker_parent to None, run_after=None
[2024-02-08T03:08:11.949+0100] {processor.py:183} INFO - Processing /home/ubuntu/.local/lib/python3.10/site-packages/airflow/example_dags/example_external_task_marker_dag.py took 0.121 seconds
[2024-02-08T03:09:13.997+0100] {processor.py:161} INFO - Started process (PID=14641) to work on /home/ubuntu/.local/lib/python3.10/site-packages/airflow/example_dags/example_external_task_marker_dag.py
[2024-02-08T03:09:14.001+0100] {processor.py:830} INFO - Processing file /home/ubuntu/.local/lib/python3.10/site-packages/airflow/example_dags/example_external_task_marker_dag.py for tasks to queue
[2024-02-08T03:09:14.003+0100] {logging_mixin.py:188} INFO - [2024-02-08T03:09:14.002+0100] {dagbag.py:538} INFO - Filling up the DagBag from /home/ubuntu/.local/lib/python3.10/site-packages/airflow/example_dags/example_external_task_marker_dag.py
[2024-02-08T03:09:14.014+0100] {processor.py:840} INFO - DAG(s) 'example_external_task_marker_child', 'example_external_task_marker_parent' retrieved from /home/ubuntu/.local/lib/python3.10/site-packages/airflow/example_dags/example_external_task_marker_dag.py
[2024-02-08T03:09:14.046+0100] {logging_mixin.py:188} INFO - [2024-02-08T03:09:14.045+0100] {dag.py:3033} INFO - Sync 2 DAGs
[2024-02-08T03:09:14.064+0100] {logging_mixin.py:188} INFO - [2024-02-08T03:09:14.063+0100] {dag.py:3820} INFO - Setting next_dagrun for example_external_task_marker_child to None, run_after=None
[2024-02-08T03:09:14.068+0100] {logging_mixin.py:188} INFO - [2024-02-08T03:09:14.067+0100] {dag.py:3820} INFO - Setting next_dagrun for example_external_task_marker_parent to None, run_after=None
[2024-02-08T03:09:14.108+0100] {processor.py:183} INFO - Processing /home/ubuntu/.local/lib/python3.10/site-packages/airflow/example_dags/example_external_task_marker_dag.py took 0.116 seconds
[2024-02-08T03:10:21.224+0100] {processor.py:161} INFO - Started process (PID=14700) to work on /home/ubuntu/.local/lib/python3.10/site-packages/airflow/example_dags/example_external_task_marker_dag.py
[2024-02-08T03:10:21.229+0100] {processor.py:830} INFO - Processing file /home/ubuntu/.local/lib/python3.10/site-packages/airflow/example_dags/example_external_task_marker_dag.py for tasks to queue
[2024-02-08T03:10:21.231+0100] {logging_mixin.py:188} INFO - [2024-02-08T03:10:21.230+0100] {dagbag.py:538} INFO - Filling up the DagBag from /home/ubuntu/.local/lib/python3.10/site-packages/airflow/example_dags/example_external_task_marker_dag.py
[2024-02-08T03:10:21.247+0100] {processor.py:840} INFO - DAG(s) 'example_external_task_marker_parent', 'example_external_task_marker_child' retrieved from /home/ubuntu/.local/lib/python3.10/site-packages/airflow/example_dags/example_external_task_marker_dag.py
[2024-02-08T03:10:21.302+0100] {logging_mixin.py:188} INFO - [2024-02-08T03:10:21.302+0100] {dag.py:3033} INFO - Sync 2 DAGs
[2024-02-08T03:10:21.322+0100] {logging_mixin.py:188} INFO - [2024-02-08T03:10:21.322+0100] {dag.py:3820} INFO - Setting next_dagrun for example_external_task_marker_child to None, run_after=None
[2024-02-08T03:10:21.328+0100] {logging_mixin.py:188} INFO - [2024-02-08T03:10:21.328+0100] {dag.py:3820} INFO - Setting next_dagrun for example_external_task_marker_parent to None, run_after=None
[2024-02-08T03:10:21.376+0100] {processor.py:183} INFO - Processing /home/ubuntu/.local/lib/python3.10/site-packages/airflow/example_dags/example_external_task_marker_dag.py took 0.160 seconds
[2024-02-08T03:11:25.081+0100] {processor.py:161} INFO - Started process (PID=14757) to work on /home/ubuntu/.local/lib/python3.10/site-packages/airflow/example_dags/example_external_task_marker_dag.py
[2024-02-08T03:11:25.089+0100] {processor.py:830} INFO - Processing file /home/ubuntu/.local/lib/python3.10/site-packages/airflow/example_dags/example_external_task_marker_dag.py for tasks to queue
[2024-02-08T03:11:25.094+0100] {logging_mixin.py:188} INFO - [2024-02-08T03:11:25.093+0100] {dagbag.py:538} INFO - Filling up the DagBag from /home/ubuntu/.local/lib/python3.10/site-packages/airflow/example_dags/example_external_task_marker_dag.py
[2024-02-08T03:11:25.109+0100] {processor.py:840} INFO - DAG(s) 'example_external_task_marker_parent', 'example_external_task_marker_child' retrieved from /home/ubuntu/.local/lib/python3.10/site-packages/airflow/example_dags/example_external_task_marker_dag.py
[2024-02-08T03:11:25.151+0100] {logging_mixin.py:188} INFO - [2024-02-08T03:11:25.150+0100] {dag.py:3033} INFO - Sync 2 DAGs
[2024-02-08T03:11:25.171+0100] {logging_mixin.py:188} INFO - [2024-02-08T03:11:25.170+0100] {dag.py:3820} INFO - Setting next_dagrun for example_external_task_marker_child to None, run_after=None
[2024-02-08T03:11:25.182+0100] {logging_mixin.py:188} INFO - [2024-02-08T03:11:25.182+0100] {dag.py:3820} INFO - Setting next_dagrun for example_external_task_marker_parent to None, run_after=None
[2024-02-08T03:11:25.222+0100] {processor.py:183} INFO - Processing /home/ubuntu/.local/lib/python3.10/site-packages/airflow/example_dags/example_external_task_marker_dag.py took 0.147 seconds
[2024-02-08T03:12:27.286+0100] {processor.py:161} INFO - Started process (PID=14816) to work on /home/ubuntu/.local/lib/python3.10/site-packages/airflow/example_dags/example_external_task_marker_dag.py
[2024-02-08T03:12:27.289+0100] {processor.py:830} INFO - Processing file /home/ubuntu/.local/lib/python3.10/site-packages/airflow/example_dags/example_external_task_marker_dag.py for tasks to queue
[2024-02-08T03:12:27.290+0100] {logging_mixin.py:188} INFO - [2024-02-08T03:12:27.290+0100] {dagbag.py:538} INFO - Filling up the DagBag from /home/ubuntu/.local/lib/python3.10/site-packages/airflow/example_dags/example_external_task_marker_dag.py
[2024-02-08T03:12:27.301+0100] {processor.py:840} INFO - DAG(s) 'example_external_task_marker_parent', 'example_external_task_marker_child' retrieved from /home/ubuntu/.local/lib/python3.10/site-packages/airflow/example_dags/example_external_task_marker_dag.py
[2024-02-08T03:12:27.332+0100] {logging_mixin.py:188} INFO - [2024-02-08T03:12:27.331+0100] {dag.py:3033} INFO - Sync 2 DAGs
[2024-02-08T03:12:27.347+0100] {logging_mixin.py:188} INFO - [2024-02-08T03:12:27.346+0100] {dag.py:3820} INFO - Setting next_dagrun for example_external_task_marker_child to None, run_after=None
[2024-02-08T03:12:27.351+0100] {logging_mixin.py:188} INFO - [2024-02-08T03:12:27.351+0100] {dag.py:3820} INFO - Setting next_dagrun for example_external_task_marker_parent to None, run_after=None
[2024-02-08T03:12:27.394+0100] {processor.py:183} INFO - Processing /home/ubuntu/.local/lib/python3.10/site-packages/airflow/example_dags/example_external_task_marker_dag.py took 0.112 seconds
[2024-02-08T03:13:28.380+0100] {processor.py:161} INFO - Started process (PID=14872) to work on /home/ubuntu/.local/lib/python3.10/site-packages/airflow/example_dags/example_external_task_marker_dag.py
[2024-02-08T03:13:28.390+0100] {processor.py:830} INFO - Processing file /home/ubuntu/.local/lib/python3.10/site-packages/airflow/example_dags/example_external_task_marker_dag.py for tasks to queue
[2024-02-08T03:13:28.392+0100] {logging_mixin.py:188} INFO - [2024-02-08T03:13:28.391+0100] {dagbag.py:538} INFO - Filling up the DagBag from /home/ubuntu/.local/lib/python3.10/site-packages/airflow/example_dags/example_external_task_marker_dag.py
[2024-02-08T03:13:28.409+0100] {processor.py:840} INFO - DAG(s) 'example_external_task_marker_child', 'example_external_task_marker_parent' retrieved from /home/ubuntu/.local/lib/python3.10/site-packages/airflow/example_dags/example_external_task_marker_dag.py
[2024-02-08T03:13:28.446+0100] {logging_mixin.py:188} INFO - [2024-02-08T03:13:28.445+0100] {dag.py:3033} INFO - Sync 2 DAGs
[2024-02-08T03:13:28.467+0100] {logging_mixin.py:188} INFO - [2024-02-08T03:13:28.466+0100] {dag.py:3820} INFO - Setting next_dagrun for example_external_task_marker_child to None, run_after=None
[2024-02-08T03:13:28.473+0100] {logging_mixin.py:188} INFO - [2024-02-08T03:13:28.472+0100] {dag.py:3820} INFO - Setting next_dagrun for example_external_task_marker_parent to None, run_after=None
[2024-02-08T03:13:28.525+0100] {processor.py:183} INFO - Processing /home/ubuntu/.local/lib/python3.10/site-packages/airflow/example_dags/example_external_task_marker_dag.py took 0.153 seconds
[2024-02-08T03:14:27.939+0100] {processor.py:161} INFO - Started process (PID=14938) to work on /home/ubuntu/.local/lib/python3.10/site-packages/airflow/example_dags/example_external_task_marker_dag.py
[2024-02-08T03:14:27.944+0100] {processor.py:830} INFO - Processing file /home/ubuntu/.local/lib/python3.10/site-packages/airflow/example_dags/example_external_task_marker_dag.py for tasks to queue
[2024-02-08T03:14:27.946+0100] {logging_mixin.py:188} INFO - [2024-02-08T03:14:27.945+0100] {dagbag.py:538} INFO - Filling up the DagBag from /home/ubuntu/.local/lib/python3.10/site-packages/airflow/example_dags/example_external_task_marker_dag.py
[2024-02-08T03:14:27.959+0100] {processor.py:840} INFO - DAG(s) 'example_external_task_marker_parent', 'example_external_task_marker_child' retrieved from /home/ubuntu/.local/lib/python3.10/site-packages/airflow/example_dags/example_external_task_marker_dag.py
[2024-02-08T03:14:28.008+0100] {logging_mixin.py:188} INFO - [2024-02-08T03:14:28.008+0100] {dag.py:3033} INFO - Sync 2 DAGs
[2024-02-08T03:14:28.030+0100] {logging_mixin.py:188} INFO - [2024-02-08T03:14:28.029+0100] {dag.py:3820} INFO - Setting next_dagrun for example_external_task_marker_child to None, run_after=None
[2024-02-08T03:14:28.047+0100] {logging_mixin.py:188} INFO - [2024-02-08T03:14:28.046+0100] {dag.py:3820} INFO - Setting next_dagrun for example_external_task_marker_parent to None, run_after=None
[2024-02-08T03:14:28.099+0100] {processor.py:183} INFO - Processing /home/ubuntu/.local/lib/python3.10/site-packages/airflow/example_dags/example_external_task_marker_dag.py took 0.164 seconds
[2024-02-08T03:15:30.626+0100] {processor.py:161} INFO - Started process (PID=15002) to work on /home/ubuntu/.local/lib/python3.10/site-packages/airflow/example_dags/example_external_task_marker_dag.py
[2024-02-08T03:15:30.630+0100] {processor.py:830} INFO - Processing file /home/ubuntu/.local/lib/python3.10/site-packages/airflow/example_dags/example_external_task_marker_dag.py for tasks to queue
[2024-02-08T03:15:30.632+0100] {logging_mixin.py:188} INFO - [2024-02-08T03:15:30.631+0100] {dagbag.py:538} INFO - Filling up the DagBag from /home/ubuntu/.local/lib/python3.10/site-packages/airflow/example_dags/example_external_task_marker_dag.py
[2024-02-08T03:15:30.646+0100] {processor.py:840} INFO - DAG(s) 'example_external_task_marker_child', 'example_external_task_marker_parent' retrieved from /home/ubuntu/.local/lib/python3.10/site-packages/airflow/example_dags/example_external_task_marker_dag.py
[2024-02-08T03:15:30.693+0100] {logging_mixin.py:188} INFO - [2024-02-08T03:15:30.693+0100] {dag.py:3033} INFO - Sync 2 DAGs
[2024-02-08T03:15:30.718+0100] {logging_mixin.py:188} INFO - [2024-02-08T03:15:30.717+0100] {dag.py:3820} INFO - Setting next_dagrun for example_external_task_marker_child to None, run_after=None
[2024-02-08T03:15:30.725+0100] {logging_mixin.py:188} INFO - [2024-02-08T03:15:30.725+0100] {dag.py:3820} INFO - Setting next_dagrun for example_external_task_marker_parent to None, run_after=None
[2024-02-08T03:15:30.778+0100] {processor.py:183} INFO - Processing /home/ubuntu/.local/lib/python3.10/site-packages/airflow/example_dags/example_external_task_marker_dag.py took 0.160 seconds
[2024-02-08T03:16:31.673+0100] {processor.py:161} INFO - Started process (PID=15060) to work on /home/ubuntu/.local/lib/python3.10/site-packages/airflow/example_dags/example_external_task_marker_dag.py
[2024-02-08T03:16:31.679+0100] {processor.py:830} INFO - Processing file /home/ubuntu/.local/lib/python3.10/site-packages/airflow/example_dags/example_external_task_marker_dag.py for tasks to queue
[2024-02-08T03:16:31.681+0100] {logging_mixin.py:188} INFO - [2024-02-08T03:16:31.680+0100] {dagbag.py:538} INFO - Filling up the DagBag from /home/ubuntu/.local/lib/python3.10/site-packages/airflow/example_dags/example_external_task_marker_dag.py
[2024-02-08T03:16:31.693+0100] {processor.py:840} INFO - DAG(s) 'example_external_task_marker_parent', 'example_external_task_marker_child' retrieved from /home/ubuntu/.local/lib/python3.10/site-packages/airflow/example_dags/example_external_task_marker_dag.py
[2024-02-08T03:16:31.728+0100] {logging_mixin.py:188} INFO - [2024-02-08T03:16:31.728+0100] {dag.py:3033} INFO - Sync 2 DAGs
[2024-02-08T03:16:31.757+0100] {logging_mixin.py:188} INFO - [2024-02-08T03:16:31.757+0100] {dag.py:3820} INFO - Setting next_dagrun for example_external_task_marker_child to None, run_after=None
[2024-02-08T03:16:31.765+0100] {logging_mixin.py:188} INFO - [2024-02-08T03:16:31.765+0100] {dag.py:3820} INFO - Setting next_dagrun for example_external_task_marker_parent to None, run_after=None
[2024-02-08T03:16:31.816+0100] {processor.py:183} INFO - Processing /home/ubuntu/.local/lib/python3.10/site-packages/airflow/example_dags/example_external_task_marker_dag.py took 0.151 seconds
[2024-02-08T03:17:28.322+0100] {processor.py:161} INFO - Started process (PID=15116) to work on /home/ubuntu/.local/lib/python3.10/site-packages/airflow/example_dags/example_external_task_marker_dag.py
[2024-02-08T03:17:28.325+0100] {processor.py:830} INFO - Processing file /home/ubuntu/.local/lib/python3.10/site-packages/airflow/example_dags/example_external_task_marker_dag.py for tasks to queue
[2024-02-08T03:17:28.328+0100] {logging_mixin.py:188} INFO - [2024-02-08T03:17:28.327+0100] {dagbag.py:538} INFO - Filling up the DagBag from /home/ubuntu/.local/lib/python3.10/site-packages/airflow/example_dags/example_external_task_marker_dag.py
[2024-02-08T03:17:28.340+0100] {processor.py:840} INFO - DAG(s) 'example_external_task_marker_parent', 'example_external_task_marker_child' retrieved from /home/ubuntu/.local/lib/python3.10/site-packages/airflow/example_dags/example_external_task_marker_dag.py
[2024-02-08T03:17:28.382+0100] {logging_mixin.py:188} INFO - [2024-02-08T03:17:28.381+0100] {dag.py:3033} INFO - Sync 2 DAGs
[2024-02-08T03:17:28.402+0100] {logging_mixin.py:188} INFO - [2024-02-08T03:17:28.401+0100] {dag.py:3820} INFO - Setting next_dagrun for example_external_task_marker_child to None, run_after=None
[2024-02-08T03:17:28.411+0100] {logging_mixin.py:188} INFO - [2024-02-08T03:17:28.410+0100] {dag.py:3820} INFO - Setting next_dagrun for example_external_task_marker_parent to None, run_after=None
[2024-02-08T03:17:28.461+0100] {processor.py:183} INFO - Processing /home/ubuntu/.local/lib/python3.10/site-packages/airflow/example_dags/example_external_task_marker_dag.py took 0.147 seconds
[2024-02-08T03:18:27.456+0100] {processor.py:161} INFO - Started process (PID=15171) to work on /home/ubuntu/.local/lib/python3.10/site-packages/airflow/example_dags/example_external_task_marker_dag.py
[2024-02-08T03:18:27.461+0100] {processor.py:830} INFO - Processing file /home/ubuntu/.local/lib/python3.10/site-packages/airflow/example_dags/example_external_task_marker_dag.py for tasks to queue
[2024-02-08T03:18:27.463+0100] {logging_mixin.py:188} INFO - [2024-02-08T03:18:27.462+0100] {dagbag.py:538} INFO - Filling up the DagBag from /home/ubuntu/.local/lib/python3.10/site-packages/airflow/example_dags/example_external_task_marker_dag.py
[2024-02-08T03:18:27.478+0100] {processor.py:840} INFO - DAG(s) 'example_external_task_marker_child', 'example_external_task_marker_parent' retrieved from /home/ubuntu/.local/lib/python3.10/site-packages/airflow/example_dags/example_external_task_marker_dag.py
[2024-02-08T03:18:27.518+0100] {logging_mixin.py:188} INFO - [2024-02-08T03:18:27.517+0100] {dag.py:3033} INFO - Sync 2 DAGs
[2024-02-08T03:18:27.536+0100] {logging_mixin.py:188} INFO - [2024-02-08T03:18:27.536+0100] {dag.py:3820} INFO - Setting next_dagrun for example_external_task_marker_child to None, run_after=None
[2024-02-08T03:18:27.545+0100] {logging_mixin.py:188} INFO - [2024-02-08T03:18:27.545+0100] {dag.py:3820} INFO - Setting next_dagrun for example_external_task_marker_parent to None, run_after=None
[2024-02-08T03:18:27.595+0100] {processor.py:183} INFO - Processing /home/ubuntu/.local/lib/python3.10/site-packages/airflow/example_dags/example_external_task_marker_dag.py took 0.146 seconds
[2024-02-08T03:19:33.778+0100] {processor.py:161} INFO - Started process (PID=15286) to work on /home/ubuntu/.local/lib/python3.10/site-packages/airflow/example_dags/example_external_task_marker_dag.py
[2024-02-08T03:19:33.784+0100] {processor.py:830} INFO - Processing file /home/ubuntu/.local/lib/python3.10/site-packages/airflow/example_dags/example_external_task_marker_dag.py for tasks to queue
[2024-02-08T03:19:33.785+0100] {logging_mixin.py:188} INFO - [2024-02-08T03:19:33.785+0100] {dagbag.py:538} INFO - Filling up the DagBag from /home/ubuntu/.local/lib/python3.10/site-packages/airflow/example_dags/example_external_task_marker_dag.py
[2024-02-08T03:19:33.795+0100] {processor.py:840} INFO - DAG(s) 'example_external_task_marker_parent', 'example_external_task_marker_child' retrieved from /home/ubuntu/.local/lib/python3.10/site-packages/airflow/example_dags/example_external_task_marker_dag.py
[2024-02-08T03:19:33.827+0100] {logging_mixin.py:188} INFO - [2024-02-08T03:19:33.827+0100] {dag.py:3033} INFO - Sync 2 DAGs
[2024-02-08T03:19:33.841+0100] {logging_mixin.py:188} INFO - [2024-02-08T03:19:33.840+0100] {dag.py:3820} INFO - Setting next_dagrun for example_external_task_marker_child to None, run_after=None
[2024-02-08T03:19:33.845+0100] {logging_mixin.py:188} INFO - [2024-02-08T03:19:33.845+0100] {dag.py:3820} INFO - Setting next_dagrun for example_external_task_marker_parent to None, run_after=None
[2024-02-08T03:19:33.880+0100] {processor.py:183} INFO - Processing /home/ubuntu/.local/lib/python3.10/site-packages/airflow/example_dags/example_external_task_marker_dag.py took 0.106 seconds
[2024-02-08T03:20:45.185+0100] {processor.py:161} INFO - Started process (PID=15356) to work on /home/ubuntu/.local/lib/python3.10/site-packages/airflow/example_dags/example_external_task_marker_dag.py
[2024-02-08T03:20:45.190+0100] {processor.py:830} INFO - Processing file /home/ubuntu/.local/lib/python3.10/site-packages/airflow/example_dags/example_external_task_marker_dag.py for tasks to queue
[2024-02-08T03:20:45.191+0100] {logging_mixin.py:188} INFO - [2024-02-08T03:20:45.191+0100] {dagbag.py:538} INFO - Filling up the DagBag from /home/ubuntu/.local/lib/python3.10/site-packages/airflow/example_dags/example_external_task_marker_dag.py
[2024-02-08T03:20:45.204+0100] {processor.py:840} INFO - DAG(s) 'example_external_task_marker_parent', 'example_external_task_marker_child' retrieved from /home/ubuntu/.local/lib/python3.10/site-packages/airflow/example_dags/example_external_task_marker_dag.py
[2024-02-08T03:20:45.242+0100] {logging_mixin.py:188} INFO - [2024-02-08T03:20:45.242+0100] {dag.py:3033} INFO - Sync 2 DAGs
[2024-02-08T03:20:45.262+0100] {logging_mixin.py:188} INFO - [2024-02-08T03:20:45.261+0100] {dag.py:3820} INFO - Setting next_dagrun for example_external_task_marker_child to None, run_after=None
[2024-02-08T03:20:45.271+0100] {logging_mixin.py:188} INFO - [2024-02-08T03:20:45.271+0100] {dag.py:3820} INFO - Setting next_dagrun for example_external_task_marker_parent to None, run_after=None
[2024-02-08T03:20:45.342+0100] {processor.py:183} INFO - Processing /home/ubuntu/.local/lib/python3.10/site-packages/airflow/example_dags/example_external_task_marker_dag.py took 0.161 seconds
[2024-02-08T03:21:54.302+0100] {processor.py:161} INFO - Started process (PID=15415) to work on /home/ubuntu/.local/lib/python3.10/site-packages/airflow/example_dags/example_external_task_marker_dag.py
[2024-02-08T03:21:54.305+0100] {processor.py:830} INFO - Processing file /home/ubuntu/.local/lib/python3.10/site-packages/airflow/example_dags/example_external_task_marker_dag.py for tasks to queue
[2024-02-08T03:21:54.306+0100] {logging_mixin.py:188} INFO - [2024-02-08T03:21:54.305+0100] {dagbag.py:538} INFO - Filling up the DagBag from /home/ubuntu/.local/lib/python3.10/site-packages/airflow/example_dags/example_external_task_marker_dag.py
[2024-02-08T03:21:54.322+0100] {processor.py:840} INFO - DAG(s) 'example_external_task_marker_parent', 'example_external_task_marker_child' retrieved from /home/ubuntu/.local/lib/python3.10/site-packages/airflow/example_dags/example_external_task_marker_dag.py
[2024-02-08T03:21:54.352+0100] {logging_mixin.py:188} INFO - [2024-02-08T03:21:54.352+0100] {dag.py:3033} INFO - Sync 2 DAGs
[2024-02-08T03:21:54.369+0100] {logging_mixin.py:188} INFO - [2024-02-08T03:21:54.368+0100] {dag.py:3820} INFO - Setting next_dagrun for example_external_task_marker_child to None, run_after=None
[2024-02-08T03:21:54.374+0100] {logging_mixin.py:188} INFO - [2024-02-08T03:21:54.374+0100] {dag.py:3820} INFO - Setting next_dagrun for example_external_task_marker_parent to None, run_after=None
[2024-02-08T03:21:54.411+0100] {processor.py:183} INFO - Processing /home/ubuntu/.local/lib/python3.10/site-packages/airflow/example_dags/example_external_task_marker_dag.py took 0.114 seconds
[2024-02-08T03:22:56.648+0100] {processor.py:161} INFO - Started process (PID=15472) to work on /home/ubuntu/.local/lib/python3.10/site-packages/airflow/example_dags/example_external_task_marker_dag.py
[2024-02-08T03:22:56.652+0100] {processor.py:830} INFO - Processing file /home/ubuntu/.local/lib/python3.10/site-packages/airflow/example_dags/example_external_task_marker_dag.py for tasks to queue
[2024-02-08T03:22:56.654+0100] {logging_mixin.py:188} INFO - [2024-02-08T03:22:56.653+0100] {dagbag.py:538} INFO - Filling up the DagBag from /home/ubuntu/.local/lib/python3.10/site-packages/airflow/example_dags/example_external_task_marker_dag.py
[2024-02-08T03:22:56.664+0100] {processor.py:840} INFO - DAG(s) 'example_external_task_marker_child', 'example_external_task_marker_parent' retrieved from /home/ubuntu/.local/lib/python3.10/site-packages/airflow/example_dags/example_external_task_marker_dag.py
[2024-02-08T03:22:56.692+0100] {logging_mixin.py:188} INFO - [2024-02-08T03:22:56.692+0100] {dag.py:3033} INFO - Sync 2 DAGs
[2024-02-08T03:22:56.706+0100] {logging_mixin.py:188} INFO - [2024-02-08T03:22:56.706+0100] {dag.py:3820} INFO - Setting next_dagrun for example_external_task_marker_child to None, run_after=None
[2024-02-08T03:22:56.711+0100] {logging_mixin.py:188} INFO - [2024-02-08T03:22:56.710+0100] {dag.py:3820} INFO - Setting next_dagrun for example_external_task_marker_parent to None, run_after=None
[2024-02-08T03:22:56.759+0100] {processor.py:183} INFO - Processing /home/ubuntu/.local/lib/python3.10/site-packages/airflow/example_dags/example_external_task_marker_dag.py took 0.116 seconds
[2024-02-08T03:24:18.486+0100] {processor.py:161} INFO - Started process (PID=15571) to work on /home/ubuntu/.local/lib/python3.10/site-packages/airflow/example_dags/example_external_task_marker_dag.py
[2024-02-08T03:24:18.521+0100] {processor.py:830} INFO - Processing file /home/ubuntu/.local/lib/python3.10/site-packages/airflow/example_dags/example_external_task_marker_dag.py for tasks to queue
[2024-02-08T03:24:18.523+0100] {logging_mixin.py:188} INFO - [2024-02-08T03:24:18.522+0100] {dagbag.py:538} INFO - Filling up the DagBag from /home/ubuntu/.local/lib/python3.10/site-packages/airflow/example_dags/example_external_task_marker_dag.py
[2024-02-08T03:24:18.688+0100] {processor.py:840} INFO - DAG(s) 'example_external_task_marker_parent', 'example_external_task_marker_child' retrieved from /home/ubuntu/.local/lib/python3.10/site-packages/airflow/example_dags/example_external_task_marker_dag.py
[2024-02-08T03:24:18.810+0100] {logging_mixin.py:188} INFO - [2024-02-08T03:24:18.810+0100] {dag.py:3033} INFO - Sync 2 DAGs
[2024-02-08T03:24:18.880+0100] {logging_mixin.py:188} INFO - [2024-02-08T03:24:18.880+0100] {dag.py:3820} INFO - Setting next_dagrun for example_external_task_marker_child to None, run_after=None
[2024-02-08T03:24:18.900+0100] {logging_mixin.py:188} INFO - [2024-02-08T03:24:18.899+0100] {dag.py:3820} INFO - Setting next_dagrun for example_external_task_marker_parent to None, run_after=None
[2024-02-08T03:24:19.074+0100] {processor.py:183} INFO - Processing /home/ubuntu/.local/lib/python3.10/site-packages/airflow/example_dags/example_external_task_marker_dag.py took 0.617 seconds
