[2024-02-08T02:46:49.698+0100] {processor.py:161} INFO - Started process (PID=12393) to work on /home/ubuntu/.local/lib/python3.10/site-packages/airflow/example_dags/example_dynamic_task_mapping.py
[2024-02-08T02:46:49.700+0100] {processor.py:830} INFO - Processing file /home/ubuntu/.local/lib/python3.10/site-packages/airflow/example_dags/example_dynamic_task_mapping.py for tasks to queue
[2024-02-08T02:46:49.701+0100] {logging_mixin.py:188} INFO - [2024-02-08T02:46:49.701+0100] {dagbag.py:538} INFO - Filling up the DagBag from /home/ubuntu/.local/lib/python3.10/site-packages/airflow/example_dags/example_dynamic_task_mapping.py
[2024-02-08T02:46:49.717+0100] {processor.py:840} INFO - DAG(s) 'example_dynamic_task_mapping' retrieved from /home/ubuntu/.local/lib/python3.10/site-packages/airflow/example_dags/example_dynamic_task_mapping.py
[2024-02-08T02:46:49.862+0100] {logging_mixin.py:188} INFO - [2024-02-08T02:46:49.862+0100] {dag.py:3033} INFO - Sync 1 DAGs
[2024-02-08T02:46:49.884+0100] {logging_mixin.py:188} INFO - [2024-02-08T02:46:49.884+0100] {dag.py:3820} INFO - Setting next_dagrun for example_dynamic_task_mapping to 2022-03-04T00:00:00+00:00, run_after=2022-03-05T00:00:00+00:00
[2024-02-08T02:46:49.926+0100] {processor.py:183} INFO - Processing /home/ubuntu/.local/lib/python3.10/site-packages/airflow/example_dags/example_dynamic_task_mapping.py took 0.233 seconds
[2024-02-08T02:48:31.589+0100] {processor.py:161} INFO - Started process (PID=12576) to work on /home/ubuntu/.local/lib/python3.10/site-packages/airflow/example_dags/example_dynamic_task_mapping.py
[2024-02-08T02:48:31.594+0100] {processor.py:830} INFO - Processing file /home/ubuntu/.local/lib/python3.10/site-packages/airflow/example_dags/example_dynamic_task_mapping.py for tasks to queue
[2024-02-08T02:48:31.595+0100] {logging_mixin.py:188} INFO - [2024-02-08T02:48:31.595+0100] {dagbag.py:538} INFO - Filling up the DagBag from /home/ubuntu/.local/lib/python3.10/site-packages/airflow/example_dags/example_dynamic_task_mapping.py
[2024-02-08T02:48:31.612+0100] {processor.py:840} INFO - DAG(s) 'example_dynamic_task_mapping' retrieved from /home/ubuntu/.local/lib/python3.10/site-packages/airflow/example_dags/example_dynamic_task_mapping.py
[2024-02-08T02:48:31.637+0100] {logging_mixin.py:188} INFO - [2024-02-08T02:48:31.637+0100] {dag.py:3033} INFO - Sync 1 DAGs
[2024-02-08T02:48:31.662+0100] {logging_mixin.py:188} INFO - [2024-02-08T02:48:31.661+0100] {dag.py:3820} INFO - Setting next_dagrun for example_dynamic_task_mapping to 2022-03-04T00:00:00+00:00, run_after=2022-03-05T00:00:00+00:00
[2024-02-08T02:48:31.696+0100] {processor.py:183} INFO - Processing /home/ubuntu/.local/lib/python3.10/site-packages/airflow/example_dags/example_dynamic_task_mapping.py took 0.113 seconds
[2024-02-08T02:50:24.327+0100] {processor.py:161} INFO - Started process (PID=13545) to work on /home/ubuntu/.local/lib/python3.10/site-packages/airflow/example_dags/example_dynamic_task_mapping.py
[2024-02-08T02:50:24.331+0100] {processor.py:830} INFO - Processing file /home/ubuntu/.local/lib/python3.10/site-packages/airflow/example_dags/example_dynamic_task_mapping.py for tasks to queue
[2024-02-08T02:50:24.333+0100] {logging_mixin.py:188} INFO - [2024-02-08T02:50:24.332+0100] {dagbag.py:538} INFO - Filling up the DagBag from /home/ubuntu/.local/lib/python3.10/site-packages/airflow/example_dags/example_dynamic_task_mapping.py
[2024-02-08T02:50:24.380+0100] {processor.py:840} INFO - DAG(s) 'example_dynamic_task_mapping' retrieved from /home/ubuntu/.local/lib/python3.10/site-packages/airflow/example_dags/example_dynamic_task_mapping.py
[2024-02-08T02:50:24.423+0100] {logging_mixin.py:188} INFO - [2024-02-08T02:50:24.422+0100] {dag.py:3033} INFO - Sync 1 DAGs
[2024-02-08T02:50:24.462+0100] {logging_mixin.py:188} INFO - [2024-02-08T02:50:24.461+0100] {dag.py:3820} INFO - Setting next_dagrun for example_dynamic_task_mapping to 2022-03-04T00:00:00+00:00, run_after=2022-03-05T00:00:00+00:00
[2024-02-08T02:50:24.631+0100] {processor.py:183} INFO - Processing /home/ubuntu/.local/lib/python3.10/site-packages/airflow/example_dags/example_dynamic_task_mapping.py took 0.322 seconds
[2024-02-08T02:51:46.644+0100] {processor.py:161} INFO - Started process (PID=13696) to work on /home/ubuntu/.local/lib/python3.10/site-packages/airflow/example_dags/example_dynamic_task_mapping.py
[2024-02-08T02:51:46.656+0100] {processor.py:830} INFO - Processing file /home/ubuntu/.local/lib/python3.10/site-packages/airflow/example_dags/example_dynamic_task_mapping.py for tasks to queue
[2024-02-08T02:51:46.657+0100] {logging_mixin.py:188} INFO - [2024-02-08T02:51:46.657+0100] {dagbag.py:538} INFO - Filling up the DagBag from /home/ubuntu/.local/lib/python3.10/site-packages/airflow/example_dags/example_dynamic_task_mapping.py
[2024-02-08T02:51:46.692+0100] {processor.py:840} INFO - DAG(s) 'example_dynamic_task_mapping' retrieved from /home/ubuntu/.local/lib/python3.10/site-packages/airflow/example_dags/example_dynamic_task_mapping.py
[2024-02-08T02:51:46.714+0100] {logging_mixin.py:188} INFO - [2024-02-08T02:51:46.713+0100] {dag.py:3033} INFO - Sync 1 DAGs
[2024-02-08T02:51:46.748+0100] {logging_mixin.py:188} INFO - [2024-02-08T02:51:46.747+0100] {dag.py:3820} INFO - Setting next_dagrun for example_dynamic_task_mapping to 2022-03-04T00:00:00+00:00, run_after=2022-03-05T00:00:00+00:00
[2024-02-08T02:51:46.826+0100] {processor.py:183} INFO - Processing /home/ubuntu/.local/lib/python3.10/site-packages/airflow/example_dags/example_dynamic_task_mapping.py took 0.187 seconds
[2024-02-08T02:53:25.725+0100] {processor.py:161} INFO - Started process (PID=13812) to work on /home/ubuntu/.local/lib/python3.10/site-packages/airflow/example_dags/example_dynamic_task_mapping.py
[2024-02-08T02:53:25.728+0100] {processor.py:830} INFO - Processing file /home/ubuntu/.local/lib/python3.10/site-packages/airflow/example_dags/example_dynamic_task_mapping.py for tasks to queue
[2024-02-08T02:53:25.730+0100] {logging_mixin.py:188} INFO - [2024-02-08T02:53:25.729+0100] {dagbag.py:538} INFO - Filling up the DagBag from /home/ubuntu/.local/lib/python3.10/site-packages/airflow/example_dags/example_dynamic_task_mapping.py
[2024-02-08T02:53:25.743+0100] {processor.py:840} INFO - DAG(s) 'example_dynamic_task_mapping' retrieved from /home/ubuntu/.local/lib/python3.10/site-packages/airflow/example_dags/example_dynamic_task_mapping.py
[2024-02-08T02:53:25.771+0100] {logging_mixin.py:188} INFO - [2024-02-08T02:53:25.770+0100] {dag.py:3033} INFO - Sync 1 DAGs
[2024-02-08T02:53:25.842+0100] {logging_mixin.py:188} INFO - [2024-02-08T02:53:25.842+0100] {dag.py:3820} INFO - Setting next_dagrun for example_dynamic_task_mapping to 2022-03-04T00:00:00+00:00, run_after=2022-03-05T00:00:00+00:00
[2024-02-08T02:53:25.892+0100] {processor.py:183} INFO - Processing /home/ubuntu/.local/lib/python3.10/site-packages/airflow/example_dags/example_dynamic_task_mapping.py took 0.173 seconds
[2024-02-08T02:56:52.425+0100] {processor.py:161} INFO - Started process (PID=13942) to work on /home/ubuntu/.local/lib/python3.10/site-packages/airflow/example_dags/example_dynamic_task_mapping.py
[2024-02-08T02:56:52.440+0100] {processor.py:830} INFO - Processing file /home/ubuntu/.local/lib/python3.10/site-packages/airflow/example_dags/example_dynamic_task_mapping.py for tasks to queue
[2024-02-08T02:56:52.443+0100] {logging_mixin.py:188} INFO - [2024-02-08T02:56:52.442+0100] {dagbag.py:538} INFO - Filling up the DagBag from /home/ubuntu/.local/lib/python3.10/site-packages/airflow/example_dags/example_dynamic_task_mapping.py
[2024-02-08T02:56:52.481+0100] {processor.py:840} INFO - DAG(s) 'example_dynamic_task_mapping' retrieved from /home/ubuntu/.local/lib/python3.10/site-packages/airflow/example_dags/example_dynamic_task_mapping.py
[2024-02-08T02:56:52.509+0100] {logging_mixin.py:188} INFO - [2024-02-08T02:56:52.509+0100] {dag.py:3033} INFO - Sync 1 DAGs
[2024-02-08T02:56:52.585+0100] {logging_mixin.py:188} INFO - [2024-02-08T02:56:52.584+0100] {dag.py:3820} INFO - Setting next_dagrun for example_dynamic_task_mapping to 2022-03-04T00:00:00+00:00, run_after=2022-03-05T00:00:00+00:00
[2024-02-08T02:56:52.675+0100] {processor.py:183} INFO - Processing /home/ubuntu/.local/lib/python3.10/site-packages/airflow/example_dags/example_dynamic_task_mapping.py took 0.268 seconds
[2024-02-08T02:59:39.489+0100] {processor.py:161} INFO - Started process (PID=14024) to work on /home/ubuntu/.local/lib/python3.10/site-packages/airflow/example_dags/example_dynamic_task_mapping.py
[2024-02-08T02:59:39.493+0100] {processor.py:830} INFO - Processing file /home/ubuntu/.local/lib/python3.10/site-packages/airflow/example_dags/example_dynamic_task_mapping.py for tasks to queue
[2024-02-08T02:59:39.495+0100] {logging_mixin.py:188} INFO - [2024-02-08T02:59:39.494+0100] {dagbag.py:538} INFO - Filling up the DagBag from /home/ubuntu/.local/lib/python3.10/site-packages/airflow/example_dags/example_dynamic_task_mapping.py
[2024-02-08T02:59:39.551+0100] {processor.py:840} INFO - DAG(s) 'example_dynamic_task_mapping' retrieved from /home/ubuntu/.local/lib/python3.10/site-packages/airflow/example_dags/example_dynamic_task_mapping.py
[2024-02-08T02:59:39.664+0100] {logging_mixin.py:188} INFO - [2024-02-08T02:59:39.662+0100] {dag.py:3033} INFO - Sync 1 DAGs
[2024-02-08T02:59:39.728+0100] {logging_mixin.py:188} INFO - [2024-02-08T02:59:39.728+0100] {dag.py:3820} INFO - Setting next_dagrun for example_dynamic_task_mapping to 2022-03-04T00:00:00+00:00, run_after=2022-03-05T00:00:00+00:00
[2024-02-08T02:59:39.878+0100] {processor.py:183} INFO - Processing /home/ubuntu/.local/lib/python3.10/site-packages/airflow/example_dags/example_dynamic_task_mapping.py took 0.395 seconds
[2024-02-08T03:01:29.300+0100] {processor.py:161} INFO - Started process (PID=14091) to work on /home/ubuntu/.local/lib/python3.10/site-packages/airflow/example_dags/example_dynamic_task_mapping.py
[2024-02-08T03:01:29.323+0100] {processor.py:830} INFO - Processing file /home/ubuntu/.local/lib/python3.10/site-packages/airflow/example_dags/example_dynamic_task_mapping.py for tasks to queue
[2024-02-08T03:01:29.325+0100] {logging_mixin.py:188} INFO - [2024-02-08T03:01:29.324+0100] {dagbag.py:538} INFO - Filling up the DagBag from /home/ubuntu/.local/lib/python3.10/site-packages/airflow/example_dags/example_dynamic_task_mapping.py
[2024-02-08T03:01:29.340+0100] {processor.py:840} INFO - DAG(s) 'example_dynamic_task_mapping' retrieved from /home/ubuntu/.local/lib/python3.10/site-packages/airflow/example_dags/example_dynamic_task_mapping.py
[2024-02-08T03:01:29.378+0100] {logging_mixin.py:188} INFO - [2024-02-08T03:01:29.378+0100] {dag.py:3033} INFO - Sync 1 DAGs
[2024-02-08T03:01:29.423+0100] {logging_mixin.py:188} INFO - [2024-02-08T03:01:29.423+0100] {dag.py:3820} INFO - Setting next_dagrun for example_dynamic_task_mapping to 2022-03-04T00:00:00+00:00, run_after=2022-03-05T00:00:00+00:00
[2024-02-08T03:01:29.467+0100] {processor.py:183} INFO - Processing /home/ubuntu/.local/lib/python3.10/site-packages/airflow/example_dags/example_dynamic_task_mapping.py took 0.174 seconds
[2024-02-08T03:03:34.237+0100] {processor.py:161} INFO - Started process (PID=14252) to work on /home/ubuntu/.local/lib/python3.10/site-packages/airflow/example_dags/example_dynamic_task_mapping.py
[2024-02-08T03:03:34.242+0100] {processor.py:830} INFO - Processing file /home/ubuntu/.local/lib/python3.10/site-packages/airflow/example_dags/example_dynamic_task_mapping.py for tasks to queue
[2024-02-08T03:03:34.244+0100] {logging_mixin.py:188} INFO - [2024-02-08T03:03:34.243+0100] {dagbag.py:538} INFO - Filling up the DagBag from /home/ubuntu/.local/lib/python3.10/site-packages/airflow/example_dags/example_dynamic_task_mapping.py
[2024-02-08T03:03:34.258+0100] {processor.py:840} INFO - DAG(s) 'example_dynamic_task_mapping' retrieved from /home/ubuntu/.local/lib/python3.10/site-packages/airflow/example_dags/example_dynamic_task_mapping.py
[2024-02-08T03:03:34.309+0100] {logging_mixin.py:188} INFO - [2024-02-08T03:03:34.309+0100] {dag.py:3033} INFO - Sync 1 DAGs
[2024-02-08T03:03:34.336+0100] {logging_mixin.py:188} INFO - [2024-02-08T03:03:34.336+0100] {dag.py:3820} INFO - Setting next_dagrun for example_dynamic_task_mapping to 2022-03-04T00:00:00+00:00, run_after=2022-03-05T00:00:00+00:00
[2024-02-08T03:03:34.374+0100] {processor.py:183} INFO - Processing /home/ubuntu/.local/lib/python3.10/site-packages/airflow/example_dags/example_dynamic_task_mapping.py took 0.143 seconds
[2024-02-08T03:04:50.207+0100] {processor.py:161} INFO - Started process (PID=14320) to work on /home/ubuntu/.local/lib/python3.10/site-packages/airflow/example_dags/example_dynamic_task_mapping.py
[2024-02-08T03:04:50.212+0100] {processor.py:830} INFO - Processing file /home/ubuntu/.local/lib/python3.10/site-packages/airflow/example_dags/example_dynamic_task_mapping.py for tasks to queue
[2024-02-08T03:04:50.214+0100] {logging_mixin.py:188} INFO - [2024-02-08T03:04:50.213+0100] {dagbag.py:538} INFO - Filling up the DagBag from /home/ubuntu/.local/lib/python3.10/site-packages/airflow/example_dags/example_dynamic_task_mapping.py
[2024-02-08T03:04:50.246+0100] {processor.py:840} INFO - DAG(s) 'example_dynamic_task_mapping' retrieved from /home/ubuntu/.local/lib/python3.10/site-packages/airflow/example_dags/example_dynamic_task_mapping.py
[2024-02-08T03:04:50.306+0100] {logging_mixin.py:188} INFO - [2024-02-08T03:04:50.306+0100] {dag.py:3033} INFO - Sync 1 DAGs
[2024-02-08T03:04:50.417+0100] {logging_mixin.py:188} INFO - [2024-02-08T03:04:50.417+0100] {dag.py:3820} INFO - Setting next_dagrun for example_dynamic_task_mapping to 2022-03-04T00:00:00+00:00, run_after=2022-03-05T00:00:00+00:00
[2024-02-08T03:04:50.475+0100] {processor.py:183} INFO - Processing /home/ubuntu/.local/lib/python3.10/site-packages/airflow/example_dags/example_dynamic_task_mapping.py took 0.288 seconds
[2024-02-08T03:05:55.132+0100] {processor.py:161} INFO - Started process (PID=14374) to work on /home/ubuntu/.local/lib/python3.10/site-packages/airflow/example_dags/example_dynamic_task_mapping.py
[2024-02-08T03:05:55.135+0100] {processor.py:830} INFO - Processing file /home/ubuntu/.local/lib/python3.10/site-packages/airflow/example_dags/example_dynamic_task_mapping.py for tasks to queue
[2024-02-08T03:05:55.136+0100] {logging_mixin.py:188} INFO - [2024-02-08T03:05:55.136+0100] {dagbag.py:538} INFO - Filling up the DagBag from /home/ubuntu/.local/lib/python3.10/site-packages/airflow/example_dags/example_dynamic_task_mapping.py
[2024-02-08T03:05:55.164+0100] {processor.py:840} INFO - DAG(s) 'example_dynamic_task_mapping' retrieved from /home/ubuntu/.local/lib/python3.10/site-packages/airflow/example_dags/example_dynamic_task_mapping.py
[2024-02-08T03:05:55.188+0100] {logging_mixin.py:188} INFO - [2024-02-08T03:05:55.187+0100] {dag.py:3033} INFO - Sync 1 DAGs
[2024-02-08T03:05:55.218+0100] {logging_mixin.py:188} INFO - [2024-02-08T03:05:55.218+0100] {dag.py:3820} INFO - Setting next_dagrun for example_dynamic_task_mapping to 2022-03-04T00:00:00+00:00, run_after=2022-03-05T00:00:00+00:00
[2024-02-08T03:05:55.251+0100] {processor.py:183} INFO - Processing /home/ubuntu/.local/lib/python3.10/site-packages/airflow/example_dags/example_dynamic_task_mapping.py took 0.124 seconds
[2024-02-08T03:06:59.651+0100] {processor.py:161} INFO - Started process (PID=14437) to work on /home/ubuntu/.local/lib/python3.10/site-packages/airflow/example_dags/example_dynamic_task_mapping.py
[2024-02-08T03:06:59.655+0100] {processor.py:830} INFO - Processing file /home/ubuntu/.local/lib/python3.10/site-packages/airflow/example_dags/example_dynamic_task_mapping.py for tasks to queue
[2024-02-08T03:06:59.656+0100] {logging_mixin.py:188} INFO - [2024-02-08T03:06:59.656+0100] {dagbag.py:538} INFO - Filling up the DagBag from /home/ubuntu/.local/lib/python3.10/site-packages/airflow/example_dags/example_dynamic_task_mapping.py
[2024-02-08T03:06:59.671+0100] {processor.py:840} INFO - DAG(s) 'example_dynamic_task_mapping' retrieved from /home/ubuntu/.local/lib/python3.10/site-packages/airflow/example_dags/example_dynamic_task_mapping.py
[2024-02-08T03:06:59.704+0100] {logging_mixin.py:188} INFO - [2024-02-08T03:06:59.703+0100] {dag.py:3033} INFO - Sync 1 DAGs
[2024-02-08T03:06:59.740+0100] {logging_mixin.py:188} INFO - [2024-02-08T03:06:59.740+0100] {dag.py:3820} INFO - Setting next_dagrun for example_dynamic_task_mapping to 2022-03-04T00:00:00+00:00, run_after=2022-03-05T00:00:00+00:00
[2024-02-08T03:06:59.797+0100] {processor.py:183} INFO - Processing /home/ubuntu/.local/lib/python3.10/site-packages/airflow/example_dags/example_dynamic_task_mapping.py took 0.151 seconds
[2024-02-08T03:08:14.580+0100] {processor.py:161} INFO - Started process (PID=14581) to work on /home/ubuntu/.local/lib/python3.10/site-packages/airflow/example_dags/example_dynamic_task_mapping.py
[2024-02-08T03:08:14.584+0100] {processor.py:830} INFO - Processing file /home/ubuntu/.local/lib/python3.10/site-packages/airflow/example_dags/example_dynamic_task_mapping.py for tasks to queue
[2024-02-08T03:08:14.585+0100] {logging_mixin.py:188} INFO - [2024-02-08T03:08:14.584+0100] {dagbag.py:538} INFO - Filling up the DagBag from /home/ubuntu/.local/lib/python3.10/site-packages/airflow/example_dags/example_dynamic_task_mapping.py
[2024-02-08T03:08:14.600+0100] {processor.py:840} INFO - DAG(s) 'example_dynamic_task_mapping' retrieved from /home/ubuntu/.local/lib/python3.10/site-packages/airflow/example_dags/example_dynamic_task_mapping.py
[2024-02-08T03:08:14.625+0100] {logging_mixin.py:188} INFO - [2024-02-08T03:08:14.625+0100] {dag.py:3033} INFO - Sync 1 DAGs
[2024-02-08T03:08:14.651+0100] {logging_mixin.py:188} INFO - [2024-02-08T03:08:14.651+0100] {dag.py:3820} INFO - Setting next_dagrun for example_dynamic_task_mapping to 2022-03-04T00:00:00+00:00, run_after=2022-03-05T00:00:00+00:00
[2024-02-08T03:08:14.687+0100] {processor.py:183} INFO - Processing /home/ubuntu/.local/lib/python3.10/site-packages/airflow/example_dags/example_dynamic_task_mapping.py took 0.112 seconds
[2024-02-08T03:09:17.289+0100] {processor.py:161} INFO - Started process (PID=14644) to work on /home/ubuntu/.local/lib/python3.10/site-packages/airflow/example_dags/example_dynamic_task_mapping.py
[2024-02-08T03:09:17.294+0100] {processor.py:830} INFO - Processing file /home/ubuntu/.local/lib/python3.10/site-packages/airflow/example_dags/example_dynamic_task_mapping.py for tasks to queue
[2024-02-08T03:09:17.296+0100] {logging_mixin.py:188} INFO - [2024-02-08T03:09:17.295+0100] {dagbag.py:538} INFO - Filling up the DagBag from /home/ubuntu/.local/lib/python3.10/site-packages/airflow/example_dags/example_dynamic_task_mapping.py
[2024-02-08T03:09:17.314+0100] {processor.py:840} INFO - DAG(s) 'example_dynamic_task_mapping' retrieved from /home/ubuntu/.local/lib/python3.10/site-packages/airflow/example_dags/example_dynamic_task_mapping.py
[2024-02-08T03:09:17.347+0100] {logging_mixin.py:188} INFO - [2024-02-08T03:09:17.347+0100] {dag.py:3033} INFO - Sync 1 DAGs
[2024-02-08T03:09:17.384+0100] {logging_mixin.py:188} INFO - [2024-02-08T03:09:17.384+0100] {dag.py:3820} INFO - Setting next_dagrun for example_dynamic_task_mapping to 2022-03-04T00:00:00+00:00, run_after=2022-03-05T00:00:00+00:00
[2024-02-08T03:09:17.442+0100] {processor.py:183} INFO - Processing /home/ubuntu/.local/lib/python3.10/site-packages/airflow/example_dags/example_dynamic_task_mapping.py took 0.159 seconds
[2024-02-08T03:10:24.187+0100] {processor.py:161} INFO - Started process (PID=14703) to work on /home/ubuntu/.local/lib/python3.10/site-packages/airflow/example_dags/example_dynamic_task_mapping.py
[2024-02-08T03:10:24.192+0100] {processor.py:830} INFO - Processing file /home/ubuntu/.local/lib/python3.10/site-packages/airflow/example_dags/example_dynamic_task_mapping.py for tasks to queue
[2024-02-08T03:10:24.194+0100] {logging_mixin.py:188} INFO - [2024-02-08T03:10:24.193+0100] {dagbag.py:538} INFO - Filling up the DagBag from /home/ubuntu/.local/lib/python3.10/site-packages/airflow/example_dags/example_dynamic_task_mapping.py
[2024-02-08T03:10:24.215+0100] {processor.py:840} INFO - DAG(s) 'example_dynamic_task_mapping' retrieved from /home/ubuntu/.local/lib/python3.10/site-packages/airflow/example_dags/example_dynamic_task_mapping.py
[2024-02-08T03:10:24.246+0100] {logging_mixin.py:188} INFO - [2024-02-08T03:10:24.246+0100] {dag.py:3033} INFO - Sync 1 DAGs
[2024-02-08T03:10:24.289+0100] {logging_mixin.py:188} INFO - [2024-02-08T03:10:24.288+0100] {dag.py:3820} INFO - Setting next_dagrun for example_dynamic_task_mapping to 2022-03-04T00:00:00+00:00, run_after=2022-03-05T00:00:00+00:00
[2024-02-08T03:10:24.350+0100] {processor.py:183} INFO - Processing /home/ubuntu/.local/lib/python3.10/site-packages/airflow/example_dags/example_dynamic_task_mapping.py took 0.170 seconds
[2024-02-08T03:11:28.573+0100] {processor.py:161} INFO - Started process (PID=14760) to work on /home/ubuntu/.local/lib/python3.10/site-packages/airflow/example_dags/example_dynamic_task_mapping.py
[2024-02-08T03:11:28.576+0100] {processor.py:830} INFO - Processing file /home/ubuntu/.local/lib/python3.10/site-packages/airflow/example_dags/example_dynamic_task_mapping.py for tasks to queue
[2024-02-08T03:11:28.577+0100] {logging_mixin.py:188} INFO - [2024-02-08T03:11:28.577+0100] {dagbag.py:538} INFO - Filling up the DagBag from /home/ubuntu/.local/lib/python3.10/site-packages/airflow/example_dags/example_dynamic_task_mapping.py
[2024-02-08T03:11:28.595+0100] {processor.py:840} INFO - DAG(s) 'example_dynamic_task_mapping' retrieved from /home/ubuntu/.local/lib/python3.10/site-packages/airflow/example_dags/example_dynamic_task_mapping.py
[2024-02-08T03:11:28.631+0100] {logging_mixin.py:188} INFO - [2024-02-08T03:11:28.630+0100] {dag.py:3033} INFO - Sync 1 DAGs
[2024-02-08T03:11:28.662+0100] {logging_mixin.py:188} INFO - [2024-02-08T03:11:28.662+0100] {dag.py:3820} INFO - Setting next_dagrun for example_dynamic_task_mapping to 2022-03-04T00:00:00+00:00, run_after=2022-03-05T00:00:00+00:00
[2024-02-08T03:11:28.710+0100] {processor.py:183} INFO - Processing /home/ubuntu/.local/lib/python3.10/site-packages/airflow/example_dags/example_dynamic_task_mapping.py took 0.144 seconds
[2024-02-08T03:12:30.070+0100] {processor.py:161} INFO - Started process (PID=14819) to work on /home/ubuntu/.local/lib/python3.10/site-packages/airflow/example_dags/example_dynamic_task_mapping.py
[2024-02-08T03:12:30.074+0100] {processor.py:830} INFO - Processing file /home/ubuntu/.local/lib/python3.10/site-packages/airflow/example_dags/example_dynamic_task_mapping.py for tasks to queue
[2024-02-08T03:12:30.076+0100] {logging_mixin.py:188} INFO - [2024-02-08T03:12:30.075+0100] {dagbag.py:538} INFO - Filling up the DagBag from /home/ubuntu/.local/lib/python3.10/site-packages/airflow/example_dags/example_dynamic_task_mapping.py
[2024-02-08T03:12:30.091+0100] {processor.py:840} INFO - DAG(s) 'example_dynamic_task_mapping' retrieved from /home/ubuntu/.local/lib/python3.10/site-packages/airflow/example_dags/example_dynamic_task_mapping.py
[2024-02-08T03:12:30.115+0100] {logging_mixin.py:188} INFO - [2024-02-08T03:12:30.115+0100] {dag.py:3033} INFO - Sync 1 DAGs
[2024-02-08T03:12:30.141+0100] {logging_mixin.py:188} INFO - [2024-02-08T03:12:30.141+0100] {dag.py:3820} INFO - Setting next_dagrun for example_dynamic_task_mapping to 2022-03-04T00:00:00+00:00, run_after=2022-03-05T00:00:00+00:00
[2024-02-08T03:12:30.178+0100] {processor.py:183} INFO - Processing /home/ubuntu/.local/lib/python3.10/site-packages/airflow/example_dags/example_dynamic_task_mapping.py took 0.114 seconds
[2024-02-08T03:13:31.143+0100] {processor.py:161} INFO - Started process (PID=14875) to work on /home/ubuntu/.local/lib/python3.10/site-packages/airflow/example_dags/example_dynamic_task_mapping.py
[2024-02-08T03:13:31.146+0100] {processor.py:830} INFO - Processing file /home/ubuntu/.local/lib/python3.10/site-packages/airflow/example_dags/example_dynamic_task_mapping.py for tasks to queue
[2024-02-08T03:13:31.148+0100] {logging_mixin.py:188} INFO - [2024-02-08T03:13:31.147+0100] {dagbag.py:538} INFO - Filling up the DagBag from /home/ubuntu/.local/lib/python3.10/site-packages/airflow/example_dags/example_dynamic_task_mapping.py
[2024-02-08T03:13:31.163+0100] {processor.py:840} INFO - DAG(s) 'example_dynamic_task_mapping' retrieved from /home/ubuntu/.local/lib/python3.10/site-packages/airflow/example_dags/example_dynamic_task_mapping.py
[2024-02-08T03:13:31.189+0100] {logging_mixin.py:188} INFO - [2024-02-08T03:13:31.188+0100] {dag.py:3033} INFO - Sync 1 DAGs
[2024-02-08T03:13:31.221+0100] {logging_mixin.py:188} INFO - [2024-02-08T03:13:31.221+0100] {dag.py:3820} INFO - Setting next_dagrun for example_dynamic_task_mapping to 2022-03-04T00:00:00+00:00, run_after=2022-03-05T00:00:00+00:00
[2024-02-08T03:13:31.276+0100] {processor.py:183} INFO - Processing /home/ubuntu/.local/lib/python3.10/site-packages/airflow/example_dags/example_dynamic_task_mapping.py took 0.139 seconds
[2024-02-08T03:14:31.151+0100] {processor.py:161} INFO - Started process (PID=14941) to work on /home/ubuntu/.local/lib/python3.10/site-packages/airflow/example_dags/example_dynamic_task_mapping.py
[2024-02-08T03:14:31.155+0100] {processor.py:830} INFO - Processing file /home/ubuntu/.local/lib/python3.10/site-packages/airflow/example_dags/example_dynamic_task_mapping.py for tasks to queue
[2024-02-08T03:14:31.157+0100] {logging_mixin.py:188} INFO - [2024-02-08T03:14:31.156+0100] {dagbag.py:538} INFO - Filling up the DagBag from /home/ubuntu/.local/lib/python3.10/site-packages/airflow/example_dags/example_dynamic_task_mapping.py
[2024-02-08T03:14:31.175+0100] {processor.py:840} INFO - DAG(s) 'example_dynamic_task_mapping' retrieved from /home/ubuntu/.local/lib/python3.10/site-packages/airflow/example_dags/example_dynamic_task_mapping.py
[2024-02-08T03:14:31.208+0100] {logging_mixin.py:188} INFO - [2024-02-08T03:14:31.208+0100] {dag.py:3033} INFO - Sync 1 DAGs
[2024-02-08T03:14:31.236+0100] {logging_mixin.py:188} INFO - [2024-02-08T03:14:31.236+0100] {dag.py:3820} INFO - Setting next_dagrun for example_dynamic_task_mapping to 2022-03-04T00:00:00+00:00, run_after=2022-03-05T00:00:00+00:00
[2024-02-08T03:14:31.288+0100] {processor.py:183} INFO - Processing /home/ubuntu/.local/lib/python3.10/site-packages/airflow/example_dags/example_dynamic_task_mapping.py took 0.146 seconds
[2024-02-08T03:15:34.183+0100] {processor.py:161} INFO - Started process (PID=15007) to work on /home/ubuntu/.local/lib/python3.10/site-packages/airflow/example_dags/example_dynamic_task_mapping.py
[2024-02-08T03:15:34.190+0100] {processor.py:830} INFO - Processing file /home/ubuntu/.local/lib/python3.10/site-packages/airflow/example_dags/example_dynamic_task_mapping.py for tasks to queue
[2024-02-08T03:15:34.192+0100] {logging_mixin.py:188} INFO - [2024-02-08T03:15:34.191+0100] {dagbag.py:538} INFO - Filling up the DagBag from /home/ubuntu/.local/lib/python3.10/site-packages/airflow/example_dags/example_dynamic_task_mapping.py
[2024-02-08T03:15:34.210+0100] {processor.py:840} INFO - DAG(s) 'example_dynamic_task_mapping' retrieved from /home/ubuntu/.local/lib/python3.10/site-packages/airflow/example_dags/example_dynamic_task_mapping.py
[2024-02-08T03:15:34.239+0100] {logging_mixin.py:188} INFO - [2024-02-08T03:15:34.239+0100] {dag.py:3033} INFO - Sync 1 DAGs
[2024-02-08T03:15:34.267+0100] {logging_mixin.py:188} INFO - [2024-02-08T03:15:34.267+0100] {dag.py:3820} INFO - Setting next_dagrun for example_dynamic_task_mapping to 2022-03-04T00:00:00+00:00, run_after=2022-03-05T00:00:00+00:00
[2024-02-08T03:15:34.317+0100] {processor.py:183} INFO - Processing /home/ubuntu/.local/lib/python3.10/site-packages/airflow/example_dags/example_dynamic_task_mapping.py took 0.139 seconds
[2024-02-08T03:16:33.639+0100] {processor.py:161} INFO - Started process (PID=15063) to work on /home/ubuntu/.local/lib/python3.10/site-packages/airflow/example_dags/example_dynamic_task_mapping.py
[2024-02-08T03:16:33.646+0100] {processor.py:830} INFO - Processing file /home/ubuntu/.local/lib/python3.10/site-packages/airflow/example_dags/example_dynamic_task_mapping.py for tasks to queue
[2024-02-08T03:16:33.648+0100] {logging_mixin.py:188} INFO - [2024-02-08T03:16:33.648+0100] {dagbag.py:538} INFO - Filling up the DagBag from /home/ubuntu/.local/lib/python3.10/site-packages/airflow/example_dags/example_dynamic_task_mapping.py
[2024-02-08T03:16:33.664+0100] {processor.py:840} INFO - DAG(s) 'example_dynamic_task_mapping' retrieved from /home/ubuntu/.local/lib/python3.10/site-packages/airflow/example_dags/example_dynamic_task_mapping.py
[2024-02-08T03:16:33.695+0100] {logging_mixin.py:188} INFO - [2024-02-08T03:16:33.694+0100] {dag.py:3033} INFO - Sync 1 DAGs
[2024-02-08T03:16:33.730+0100] {logging_mixin.py:188} INFO - [2024-02-08T03:16:33.729+0100] {dag.py:3820} INFO - Setting next_dagrun for example_dynamic_task_mapping to 2022-03-04T00:00:00+00:00, run_after=2022-03-05T00:00:00+00:00
[2024-02-08T03:16:33.809+0100] {processor.py:183} INFO - Processing /home/ubuntu/.local/lib/python3.10/site-packages/airflow/example_dags/example_dynamic_task_mapping.py took 0.175 seconds
[2024-02-08T03:17:32.175+0100] {processor.py:161} INFO - Started process (PID=15121) to work on /home/ubuntu/.local/lib/python3.10/site-packages/airflow/example_dags/example_dynamic_task_mapping.py
[2024-02-08T03:17:32.180+0100] {processor.py:830} INFO - Processing file /home/ubuntu/.local/lib/python3.10/site-packages/airflow/example_dags/example_dynamic_task_mapping.py for tasks to queue
[2024-02-08T03:17:32.182+0100] {logging_mixin.py:188} INFO - [2024-02-08T03:17:32.181+0100] {dagbag.py:538} INFO - Filling up the DagBag from /home/ubuntu/.local/lib/python3.10/site-packages/airflow/example_dags/example_dynamic_task_mapping.py
[2024-02-08T03:17:32.206+0100] {processor.py:840} INFO - DAG(s) 'example_dynamic_task_mapping' retrieved from /home/ubuntu/.local/lib/python3.10/site-packages/airflow/example_dags/example_dynamic_task_mapping.py
[2024-02-08T03:17:32.240+0100] {logging_mixin.py:188} INFO - [2024-02-08T03:17:32.240+0100] {dag.py:3033} INFO - Sync 1 DAGs
[2024-02-08T03:17:32.275+0100] {logging_mixin.py:188} INFO - [2024-02-08T03:17:32.274+0100] {dag.py:3820} INFO - Setting next_dagrun for example_dynamic_task_mapping to 2022-03-04T00:00:00+00:00, run_after=2022-03-05T00:00:00+00:00
[2024-02-08T03:17:32.318+0100] {processor.py:183} INFO - Processing /home/ubuntu/.local/lib/python3.10/site-packages/airflow/example_dags/example_dynamic_task_mapping.py took 0.150 seconds
[2024-02-08T03:18:31.321+0100] {processor.py:161} INFO - Started process (PID=15174) to work on /home/ubuntu/.local/lib/python3.10/site-packages/airflow/example_dags/example_dynamic_task_mapping.py
[2024-02-08T03:18:31.325+0100] {processor.py:830} INFO - Processing file /home/ubuntu/.local/lib/python3.10/site-packages/airflow/example_dags/example_dynamic_task_mapping.py for tasks to queue
[2024-02-08T03:18:31.328+0100] {logging_mixin.py:188} INFO - [2024-02-08T03:18:31.327+0100] {dagbag.py:538} INFO - Filling up the DagBag from /home/ubuntu/.local/lib/python3.10/site-packages/airflow/example_dags/example_dynamic_task_mapping.py
[2024-02-08T03:18:31.347+0100] {processor.py:840} INFO - DAG(s) 'example_dynamic_task_mapping' retrieved from /home/ubuntu/.local/lib/python3.10/site-packages/airflow/example_dags/example_dynamic_task_mapping.py
[2024-02-08T03:18:31.376+0100] {logging_mixin.py:188} INFO - [2024-02-08T03:18:31.375+0100] {dag.py:3033} INFO - Sync 1 DAGs
[2024-02-08T03:18:31.410+0100] {logging_mixin.py:188} INFO - [2024-02-08T03:18:31.409+0100] {dag.py:3820} INFO - Setting next_dagrun for example_dynamic_task_mapping to 2022-03-04T00:00:00+00:00, run_after=2022-03-05T00:00:00+00:00
[2024-02-08T03:18:31.467+0100] {processor.py:183} INFO - Processing /home/ubuntu/.local/lib/python3.10/site-packages/airflow/example_dags/example_dynamic_task_mapping.py took 0.153 seconds
[2024-02-08T03:19:36.619+0100] {processor.py:161} INFO - Started process (PID=15293) to work on /home/ubuntu/.local/lib/python3.10/site-packages/airflow/example_dags/example_dynamic_task_mapping.py
[2024-02-08T03:19:36.623+0100] {processor.py:830} INFO - Processing file /home/ubuntu/.local/lib/python3.10/site-packages/airflow/example_dags/example_dynamic_task_mapping.py for tasks to queue
[2024-02-08T03:19:36.625+0100] {logging_mixin.py:188} INFO - [2024-02-08T03:19:36.624+0100] {dagbag.py:538} INFO - Filling up the DagBag from /home/ubuntu/.local/lib/python3.10/site-packages/airflow/example_dags/example_dynamic_task_mapping.py
[2024-02-08T03:19:36.638+0100] {processor.py:840} INFO - DAG(s) 'example_dynamic_task_mapping' retrieved from /home/ubuntu/.local/lib/python3.10/site-packages/airflow/example_dags/example_dynamic_task_mapping.py
[2024-02-08T03:19:36.658+0100] {logging_mixin.py:188} INFO - [2024-02-08T03:19:36.658+0100] {dag.py:3033} INFO - Sync 1 DAGs
[2024-02-08T03:19:36.681+0100] {logging_mixin.py:188} INFO - [2024-02-08T03:19:36.681+0100] {dag.py:3820} INFO - Setting next_dagrun for example_dynamic_task_mapping to 2022-03-04T00:00:00+00:00, run_after=2022-03-05T00:00:00+00:00
[2024-02-08T03:19:36.719+0100] {processor.py:183} INFO - Processing /home/ubuntu/.local/lib/python3.10/site-packages/airflow/example_dags/example_dynamic_task_mapping.py took 0.105 seconds
[2024-02-08T03:20:49.088+0100] {processor.py:161} INFO - Started process (PID=15359) to work on /home/ubuntu/.local/lib/python3.10/site-packages/airflow/example_dags/example_dynamic_task_mapping.py
[2024-02-08T03:20:49.093+0100] {processor.py:830} INFO - Processing file /home/ubuntu/.local/lib/python3.10/site-packages/airflow/example_dags/example_dynamic_task_mapping.py for tasks to queue
[2024-02-08T03:20:49.095+0100] {logging_mixin.py:188} INFO - [2024-02-08T03:20:49.094+0100] {dagbag.py:538} INFO - Filling up the DagBag from /home/ubuntu/.local/lib/python3.10/site-packages/airflow/example_dags/example_dynamic_task_mapping.py
[2024-02-08T03:20:49.108+0100] {processor.py:840} INFO - DAG(s) 'example_dynamic_task_mapping' retrieved from /home/ubuntu/.local/lib/python3.10/site-packages/airflow/example_dags/example_dynamic_task_mapping.py
[2024-02-08T03:20:49.131+0100] {logging_mixin.py:188} INFO - [2024-02-08T03:20:49.131+0100] {dag.py:3033} INFO - Sync 1 DAGs
[2024-02-08T03:20:49.154+0100] {logging_mixin.py:188} INFO - [2024-02-08T03:20:49.154+0100] {dag.py:3820} INFO - Setting next_dagrun for example_dynamic_task_mapping to 2022-03-04T00:00:00+00:00, run_after=2022-03-05T00:00:00+00:00
[2024-02-08T03:20:49.202+0100] {processor.py:183} INFO - Processing /home/ubuntu/.local/lib/python3.10/site-packages/airflow/example_dags/example_dynamic_task_mapping.py took 0.119 seconds
[2024-02-08T03:21:56.457+0100] {processor.py:161} INFO - Started process (PID=15418) to work on /home/ubuntu/.local/lib/python3.10/site-packages/airflow/example_dags/example_dynamic_task_mapping.py
[2024-02-08T03:21:56.462+0100] {processor.py:830} INFO - Processing file /home/ubuntu/.local/lib/python3.10/site-packages/airflow/example_dags/example_dynamic_task_mapping.py for tasks to queue
[2024-02-08T03:21:56.463+0100] {logging_mixin.py:188} INFO - [2024-02-08T03:21:56.462+0100] {dagbag.py:538} INFO - Filling up the DagBag from /home/ubuntu/.local/lib/python3.10/site-packages/airflow/example_dags/example_dynamic_task_mapping.py
[2024-02-08T03:21:56.481+0100] {processor.py:840} INFO - DAG(s) 'example_dynamic_task_mapping' retrieved from /home/ubuntu/.local/lib/python3.10/site-packages/airflow/example_dags/example_dynamic_task_mapping.py
[2024-02-08T03:21:56.503+0100] {logging_mixin.py:188} INFO - [2024-02-08T03:21:56.503+0100] {dag.py:3033} INFO - Sync 1 DAGs
[2024-02-08T03:21:56.525+0100] {logging_mixin.py:188} INFO - [2024-02-08T03:21:56.524+0100] {dag.py:3820} INFO - Setting next_dagrun for example_dynamic_task_mapping to 2022-03-04T00:00:00+00:00, run_after=2022-03-05T00:00:00+00:00
[2024-02-08T03:21:56.603+0100] {processor.py:183} INFO - Processing /home/ubuntu/.local/lib/python3.10/site-packages/airflow/example_dags/example_dynamic_task_mapping.py took 0.150 seconds
[2024-02-08T03:22:59.273+0100] {processor.py:161} INFO - Started process (PID=15475) to work on /home/ubuntu/.local/lib/python3.10/site-packages/airflow/example_dags/example_dynamic_task_mapping.py
[2024-02-08T03:22:59.277+0100] {processor.py:830} INFO - Processing file /home/ubuntu/.local/lib/python3.10/site-packages/airflow/example_dags/example_dynamic_task_mapping.py for tasks to queue
[2024-02-08T03:22:59.279+0100] {logging_mixin.py:188} INFO - [2024-02-08T03:22:59.278+0100] {dagbag.py:538} INFO - Filling up the DagBag from /home/ubuntu/.local/lib/python3.10/site-packages/airflow/example_dags/example_dynamic_task_mapping.py
[2024-02-08T03:22:59.292+0100] {processor.py:840} INFO - DAG(s) 'example_dynamic_task_mapping' retrieved from /home/ubuntu/.local/lib/python3.10/site-packages/airflow/example_dags/example_dynamic_task_mapping.py
[2024-02-08T03:22:59.316+0100] {logging_mixin.py:188} INFO - [2024-02-08T03:22:59.315+0100] {dag.py:3033} INFO - Sync 1 DAGs
[2024-02-08T03:22:59.356+0100] {logging_mixin.py:188} INFO - [2024-02-08T03:22:59.355+0100] {dag.py:3820} INFO - Setting next_dagrun for example_dynamic_task_mapping to 2022-03-04T00:00:00+00:00, run_after=2022-03-05T00:00:00+00:00
[2024-02-08T03:22:59.394+0100] {processor.py:183} INFO - Processing /home/ubuntu/.local/lib/python3.10/site-packages/airflow/example_dags/example_dynamic_task_mapping.py took 0.129 seconds
[2024-02-08T03:24:24.098+0100] {processor.py:161} INFO - Started process (PID=15585) to work on /home/ubuntu/.local/lib/python3.10/site-packages/airflow/example_dags/example_dynamic_task_mapping.py
[2024-02-08T03:24:24.102+0100] {processor.py:830} INFO - Processing file /home/ubuntu/.local/lib/python3.10/site-packages/airflow/example_dags/example_dynamic_task_mapping.py for tasks to queue
[2024-02-08T03:24:24.105+0100] {logging_mixin.py:188} INFO - [2024-02-08T03:24:24.104+0100] {dagbag.py:538} INFO - Filling up the DagBag from /home/ubuntu/.local/lib/python3.10/site-packages/airflow/example_dags/example_dynamic_task_mapping.py
[2024-02-08T03:24:24.152+0100] {processor.py:840} INFO - DAG(s) 'example_dynamic_task_mapping' retrieved from /home/ubuntu/.local/lib/python3.10/site-packages/airflow/example_dags/example_dynamic_task_mapping.py
[2024-02-08T03:24:24.180+0100] {logging_mixin.py:188} INFO - [2024-02-08T03:24:24.180+0100] {dag.py:3033} INFO - Sync 1 DAGs
[2024-02-08T03:24:24.221+0100] {logging_mixin.py:188} INFO - [2024-02-08T03:24:24.221+0100] {dag.py:3820} INFO - Setting next_dagrun for example_dynamic_task_mapping to 2022-03-04T00:00:00+00:00, run_after=2022-03-05T00:00:00+00:00
[2024-02-08T03:24:24.300+0100] {processor.py:183} INFO - Processing /home/ubuntu/.local/lib/python3.10/site-packages/airflow/example_dags/example_dynamic_task_mapping.py took 0.211 seconds
