[2024-02-08T02:46:37.707+0100] {processor.py:161} INFO - Started process (PID=12370) to work on /home/ubuntu/.local/lib/python3.10/site-packages/airflow/example_dags/example_short_circuit_operator.py
[2024-02-08T02:46:37.710+0100] {processor.py:830} INFO - Processing file /home/ubuntu/.local/lib/python3.10/site-packages/airflow/example_dags/example_short_circuit_operator.py for tasks to queue
[2024-02-08T02:46:37.714+0100] {logging_mixin.py:188} INFO - [2024-02-08T02:46:37.712+0100] {dagbag.py:538} INFO - Filling up the DagBag from /home/ubuntu/.local/lib/python3.10/site-packages/airflow/example_dags/example_short_circuit_operator.py
[2024-02-08T02:46:37.750+0100] {processor.py:840} INFO - DAG(s) 'example_short_circuit_operator' retrieved from /home/ubuntu/.local/lib/python3.10/site-packages/airflow/example_dags/example_short_circuit_operator.py
[2024-02-08T02:46:38.060+0100] {logging_mixin.py:188} INFO - [2024-02-08T02:46:38.059+0100] {dag.py:3033} INFO - Sync 1 DAGs
[2024-02-08T02:46:38.092+0100] {logging_mixin.py:188} INFO - [2024-02-08T02:46:38.091+0100] {dag.py:3820} INFO - Setting next_dagrun for example_short_circuit_operator to 2024-02-07T00:00:00+00:00, run_after=2024-02-08T00:00:00+00:00
[2024-02-08T02:46:38.160+0100] {processor.py:183} INFO - Processing /home/ubuntu/.local/lib/python3.10/site-packages/airflow/example_dags/example_short_circuit_operator.py took 0.464 seconds
[2024-02-08T02:48:21.005+0100] {processor.py:161} INFO - Started process (PID=12477) to work on /home/ubuntu/.local/lib/python3.10/site-packages/airflow/example_dags/example_short_circuit_operator.py
[2024-02-08T02:48:21.008+0100] {processor.py:830} INFO - Processing file /home/ubuntu/.local/lib/python3.10/site-packages/airflow/example_dags/example_short_circuit_operator.py for tasks to queue
[2024-02-08T02:48:21.009+0100] {logging_mixin.py:188} INFO - [2024-02-08T02:48:21.009+0100] {dagbag.py:538} INFO - Filling up the DagBag from /home/ubuntu/.local/lib/python3.10/site-packages/airflow/example_dags/example_short_circuit_operator.py
[2024-02-08T02:48:21.022+0100] {processor.py:840} INFO - DAG(s) 'example_short_circuit_operator' retrieved from /home/ubuntu/.local/lib/python3.10/site-packages/airflow/example_dags/example_short_circuit_operator.py
[2024-02-08T02:48:21.045+0100] {logging_mixin.py:188} INFO - [2024-02-08T02:48:21.045+0100] {dag.py:3033} INFO - Sync 1 DAGs
[2024-02-08T02:48:21.065+0100] {logging_mixin.py:188} INFO - [2024-02-08T02:48:21.065+0100] {dag.py:3820} INFO - Setting next_dagrun for example_short_circuit_operator to 2024-02-07T00:00:00+00:00, run_after=2024-02-08T00:00:00+00:00
[2024-02-08T02:48:21.114+0100] {processor.py:183} INFO - Processing /home/ubuntu/.local/lib/python3.10/site-packages/airflow/example_dags/example_short_circuit_operator.py took 0.114 seconds
[2024-02-08T02:50:14.622+0100] {processor.py:161} INFO - Started process (PID=13212) to work on /home/ubuntu/.local/lib/python3.10/site-packages/airflow/example_dags/example_short_circuit_operator.py
[2024-02-08T02:50:14.626+0100] {processor.py:830} INFO - Processing file /home/ubuntu/.local/lib/python3.10/site-packages/airflow/example_dags/example_short_circuit_operator.py for tasks to queue
[2024-02-08T02:50:14.627+0100] {logging_mixin.py:188} INFO - [2024-02-08T02:50:14.627+0100] {dagbag.py:538} INFO - Filling up the DagBag from /home/ubuntu/.local/lib/python3.10/site-packages/airflow/example_dags/example_short_circuit_operator.py
[2024-02-08T02:50:14.642+0100] {processor.py:840} INFO - DAG(s) 'example_short_circuit_operator' retrieved from /home/ubuntu/.local/lib/python3.10/site-packages/airflow/example_dags/example_short_circuit_operator.py
[2024-02-08T02:50:14.675+0100] {logging_mixin.py:188} INFO - [2024-02-08T02:50:14.675+0100] {dag.py:3033} INFO - Sync 1 DAGs
[2024-02-08T02:50:14.727+0100] {logging_mixin.py:188} INFO - [2024-02-08T02:50:14.727+0100] {dag.py:3820} INFO - Setting next_dagrun for example_short_circuit_operator to 2024-02-07T00:00:00+00:00, run_after=2024-02-08T00:00:00+00:00
[2024-02-08T02:50:14.779+0100] {processor.py:183} INFO - Processing /home/ubuntu/.local/lib/python3.10/site-packages/airflow/example_dags/example_short_circuit_operator.py took 0.162 seconds
[2024-02-08T02:51:37.527+0100] {processor.py:161} INFO - Started process (PID=13686) to work on /home/ubuntu/.local/lib/python3.10/site-packages/airflow/example_dags/example_short_circuit_operator.py
[2024-02-08T02:51:37.533+0100] {processor.py:830} INFO - Processing file /home/ubuntu/.local/lib/python3.10/site-packages/airflow/example_dags/example_short_circuit_operator.py for tasks to queue
[2024-02-08T02:51:37.537+0100] {logging_mixin.py:188} INFO - [2024-02-08T02:51:37.535+0100] {dagbag.py:538} INFO - Filling up the DagBag from /home/ubuntu/.local/lib/python3.10/site-packages/airflow/example_dags/example_short_circuit_operator.py
[2024-02-08T02:51:37.550+0100] {processor.py:840} INFO - DAG(s) 'example_short_circuit_operator' retrieved from /home/ubuntu/.local/lib/python3.10/site-packages/airflow/example_dags/example_short_circuit_operator.py
[2024-02-08T02:51:37.575+0100] {logging_mixin.py:188} INFO - [2024-02-08T02:51:37.575+0100] {dag.py:3033} INFO - Sync 1 DAGs
[2024-02-08T02:51:37.602+0100] {logging_mixin.py:188} INFO - [2024-02-08T02:51:37.602+0100] {dag.py:3820} INFO - Setting next_dagrun for example_short_circuit_operator to 2024-02-07T00:00:00+00:00, run_after=2024-02-08T00:00:00+00:00
[2024-02-08T02:51:37.639+0100] {processor.py:183} INFO - Processing /home/ubuntu/.local/lib/python3.10/site-packages/airflow/example_dags/example_short_circuit_operator.py took 0.120 seconds
[2024-02-08T02:53:16.543+0100] {processor.py:161} INFO - Started process (PID=13804) to work on /home/ubuntu/.local/lib/python3.10/site-packages/airflow/example_dags/example_short_circuit_operator.py
[2024-02-08T02:53:16.567+0100] {processor.py:830} INFO - Processing file /home/ubuntu/.local/lib/python3.10/site-packages/airflow/example_dags/example_short_circuit_operator.py for tasks to queue
[2024-02-08T02:53:16.570+0100] {logging_mixin.py:188} INFO - [2024-02-08T02:53:16.569+0100] {dagbag.py:538} INFO - Filling up the DagBag from /home/ubuntu/.local/lib/python3.10/site-packages/airflow/example_dags/example_short_circuit_operator.py
[2024-02-08T02:53:16.589+0100] {processor.py:840} INFO - DAG(s) 'example_short_circuit_operator' retrieved from /home/ubuntu/.local/lib/python3.10/site-packages/airflow/example_dags/example_short_circuit_operator.py
[2024-02-08T02:53:16.611+0100] {logging_mixin.py:188} INFO - [2024-02-08T02:53:16.611+0100] {dag.py:3033} INFO - Sync 1 DAGs
[2024-02-08T02:53:16.636+0100] {logging_mixin.py:188} INFO - [2024-02-08T02:53:16.636+0100] {dag.py:3820} INFO - Setting next_dagrun for example_short_circuit_operator to 2024-02-07T00:00:00+00:00, run_after=2024-02-08T00:00:00+00:00
[2024-02-08T02:53:16.692+0100] {processor.py:183} INFO - Processing /home/ubuntu/.local/lib/python3.10/site-packages/airflow/example_dags/example_short_circuit_operator.py took 0.166 seconds
[2024-02-08T02:56:40.489+0100] {processor.py:161} INFO - Started process (PID=13934) to work on /home/ubuntu/.local/lib/python3.10/site-packages/airflow/example_dags/example_short_circuit_operator.py
[2024-02-08T02:56:40.493+0100] {processor.py:830} INFO - Processing file /home/ubuntu/.local/lib/python3.10/site-packages/airflow/example_dags/example_short_circuit_operator.py for tasks to queue
[2024-02-08T02:56:40.496+0100] {logging_mixin.py:188} INFO - [2024-02-08T02:56:40.495+0100] {dagbag.py:538} INFO - Filling up the DagBag from /home/ubuntu/.local/lib/python3.10/site-packages/airflow/example_dags/example_short_circuit_operator.py
[2024-02-08T02:56:40.547+0100] {processor.py:840} INFO - DAG(s) 'example_short_circuit_operator' retrieved from /home/ubuntu/.local/lib/python3.10/site-packages/airflow/example_dags/example_short_circuit_operator.py
[2024-02-08T02:56:40.585+0100] {logging_mixin.py:188} INFO - [2024-02-08T02:56:40.585+0100] {dag.py:3033} INFO - Sync 1 DAGs
[2024-02-08T02:56:40.752+0100] {logging_mixin.py:188} INFO - [2024-02-08T02:56:40.751+0100] {dag.py:3820} INFO - Setting next_dagrun for example_short_circuit_operator to 2024-02-07T00:00:00+00:00, run_after=2024-02-08T00:00:00+00:00
[2024-02-08T02:56:40.966+0100] {processor.py:183} INFO - Processing /home/ubuntu/.local/lib/python3.10/site-packages/airflow/example_dags/example_short_circuit_operator.py took 0.492 seconds
[2024-02-08T02:59:27.312+0100] {processor.py:161} INFO - Started process (PID=14014) to work on /home/ubuntu/.local/lib/python3.10/site-packages/airflow/example_dags/example_short_circuit_operator.py
[2024-02-08T02:59:27.317+0100] {processor.py:830} INFO - Processing file /home/ubuntu/.local/lib/python3.10/site-packages/airflow/example_dags/example_short_circuit_operator.py for tasks to queue
[2024-02-08T02:59:27.320+0100] {logging_mixin.py:188} INFO - [2024-02-08T02:59:27.319+0100] {dagbag.py:538} INFO - Filling up the DagBag from /home/ubuntu/.local/lib/python3.10/site-packages/airflow/example_dags/example_short_circuit_operator.py
[2024-02-08T02:59:27.355+0100] {processor.py:840} INFO - DAG(s) 'example_short_circuit_operator' retrieved from /home/ubuntu/.local/lib/python3.10/site-packages/airflow/example_dags/example_short_circuit_operator.py
[2024-02-08T02:59:27.407+0100] {logging_mixin.py:188} INFO - [2024-02-08T02:59:27.406+0100] {dag.py:3033} INFO - Sync 1 DAGs
[2024-02-08T02:59:27.507+0100] {logging_mixin.py:188} INFO - [2024-02-08T02:59:27.507+0100] {dag.py:3820} INFO - Setting next_dagrun for example_short_circuit_operator to 2024-02-07T00:00:00+00:00, run_after=2024-02-08T00:00:00+00:00
[2024-02-08T02:59:27.640+0100] {processor.py:183} INFO - Processing /home/ubuntu/.local/lib/python3.10/site-packages/airflow/example_dags/example_short_circuit_operator.py took 0.336 seconds
[2024-02-08T03:01:18.765+0100] {processor.py:161} INFO - Started process (PID=14083) to work on /home/ubuntu/.local/lib/python3.10/site-packages/airflow/example_dags/example_short_circuit_operator.py
[2024-02-08T03:01:18.771+0100] {processor.py:830} INFO - Processing file /home/ubuntu/.local/lib/python3.10/site-packages/airflow/example_dags/example_short_circuit_operator.py for tasks to queue
[2024-02-08T03:01:18.773+0100] {logging_mixin.py:188} INFO - [2024-02-08T03:01:18.772+0100] {dagbag.py:538} INFO - Filling up the DagBag from /home/ubuntu/.local/lib/python3.10/site-packages/airflow/example_dags/example_short_circuit_operator.py
[2024-02-08T03:01:18.788+0100] {processor.py:840} INFO - DAG(s) 'example_short_circuit_operator' retrieved from /home/ubuntu/.local/lib/python3.10/site-packages/airflow/example_dags/example_short_circuit_operator.py
[2024-02-08T03:01:18.811+0100] {logging_mixin.py:188} INFO - [2024-02-08T03:01:18.811+0100] {dag.py:3033} INFO - Sync 1 DAGs
[2024-02-08T03:01:18.858+0100] {logging_mixin.py:188} INFO - [2024-02-08T03:01:18.858+0100] {dag.py:3820} INFO - Setting next_dagrun for example_short_circuit_operator to 2024-02-07T00:00:00+00:00, run_after=2024-02-08T00:00:00+00:00
[2024-02-08T03:01:18.950+0100] {processor.py:183} INFO - Processing /home/ubuntu/.local/lib/python3.10/site-packages/airflow/example_dags/example_short_circuit_operator.py took 0.210 seconds
[2024-02-08T03:02:35.910+0100] {processor.py:161} INFO - Started process (PID=14209) to work on /home/ubuntu/.local/lib/python3.10/site-packages/airflow/example_dags/example_short_circuit_operator.py
[2024-02-08T03:02:35.914+0100] {processor.py:830} INFO - Processing file /home/ubuntu/.local/lib/python3.10/site-packages/airflow/example_dags/example_short_circuit_operator.py for tasks to queue
[2024-02-08T03:02:35.917+0100] {logging_mixin.py:188} INFO - [2024-02-08T03:02:35.916+0100] {dagbag.py:538} INFO - Filling up the DagBag from /home/ubuntu/.local/lib/python3.10/site-packages/airflow/example_dags/example_short_circuit_operator.py
[2024-02-08T03:02:35.940+0100] {processor.py:840} INFO - DAG(s) 'example_short_circuit_operator' retrieved from /home/ubuntu/.local/lib/python3.10/site-packages/airflow/example_dags/example_short_circuit_operator.py
[2024-02-08T03:02:35.974+0100] {logging_mixin.py:188} INFO - [2024-02-08T03:02:35.973+0100] {dag.py:3033} INFO - Sync 1 DAGs
[2024-02-08T03:02:36.023+0100] {logging_mixin.py:188} INFO - [2024-02-08T03:02:36.022+0100] {dag.py:3820} INFO - Setting next_dagrun for example_short_circuit_operator to 2024-02-07T00:00:00+00:00, run_after=2024-02-08T00:00:00+00:00
[2024-02-08T03:02:36.081+0100] {processor.py:183} INFO - Processing /home/ubuntu/.local/lib/python3.10/site-packages/airflow/example_dags/example_short_circuit_operator.py took 0.177 seconds
[2024-02-08T03:04:14.067+0100] {processor.py:161} INFO - Started process (PID=14294) to work on /home/ubuntu/.local/lib/python3.10/site-packages/airflow/example_dags/example_short_circuit_operator.py
[2024-02-08T03:04:14.070+0100] {processor.py:830} INFO - Processing file /home/ubuntu/.local/lib/python3.10/site-packages/airflow/example_dags/example_short_circuit_operator.py for tasks to queue
[2024-02-08T03:04:14.073+0100] {logging_mixin.py:188} INFO - [2024-02-08T03:04:14.072+0100] {dagbag.py:538} INFO - Filling up the DagBag from /home/ubuntu/.local/lib/python3.10/site-packages/airflow/example_dags/example_short_circuit_operator.py
[2024-02-08T03:04:14.092+0100] {processor.py:840} INFO - DAG(s) 'example_short_circuit_operator' retrieved from /home/ubuntu/.local/lib/python3.10/site-packages/airflow/example_dags/example_short_circuit_operator.py
[2024-02-08T03:04:14.134+0100] {logging_mixin.py:188} INFO - [2024-02-08T03:04:14.134+0100] {dag.py:3033} INFO - Sync 1 DAGs
[2024-02-08T03:04:14.175+0100] {logging_mixin.py:188} INFO - [2024-02-08T03:04:14.175+0100] {dag.py:3820} INFO - Setting next_dagrun for example_short_circuit_operator to 2024-02-07T00:00:00+00:00, run_after=2024-02-08T00:00:00+00:00
[2024-02-08T03:04:14.218+0100] {processor.py:183} INFO - Processing /home/ubuntu/.local/lib/python3.10/site-packages/airflow/example_dags/example_short_circuit_operator.py took 0.157 seconds
[2024-02-08T03:05:45.000+0100] {processor.py:161} INFO - Started process (PID=14366) to work on /home/ubuntu/.local/lib/python3.10/site-packages/airflow/example_dags/example_short_circuit_operator.py
[2024-02-08T03:05:45.003+0100] {processor.py:830} INFO - Processing file /home/ubuntu/.local/lib/python3.10/site-packages/airflow/example_dags/example_short_circuit_operator.py for tasks to queue
[2024-02-08T03:05:45.005+0100] {logging_mixin.py:188} INFO - [2024-02-08T03:05:45.005+0100] {dagbag.py:538} INFO - Filling up the DagBag from /home/ubuntu/.local/lib/python3.10/site-packages/airflow/example_dags/example_short_circuit_operator.py
[2024-02-08T03:05:45.021+0100] {processor.py:840} INFO - DAG(s) 'example_short_circuit_operator' retrieved from /home/ubuntu/.local/lib/python3.10/site-packages/airflow/example_dags/example_short_circuit_operator.py
[2024-02-08T03:05:45.056+0100] {logging_mixin.py:188} INFO - [2024-02-08T03:05:45.055+0100] {dag.py:3033} INFO - Sync 1 DAGs
[2024-02-08T03:05:45.080+0100] {logging_mixin.py:188} INFO - [2024-02-08T03:05:45.080+0100] {dag.py:3820} INFO - Setting next_dagrun for example_short_circuit_operator to 2024-02-07T00:00:00+00:00, run_after=2024-02-08T00:00:00+00:00
[2024-02-08T03:05:45.120+0100] {processor.py:183} INFO - Processing /home/ubuntu/.local/lib/python3.10/site-packages/airflow/example_dags/example_short_circuit_operator.py took 0.126 seconds
[2024-02-08T03:06:50.342+0100] {processor.py:161} INFO - Started process (PID=14426) to work on /home/ubuntu/.local/lib/python3.10/site-packages/airflow/example_dags/example_short_circuit_operator.py
[2024-02-08T03:06:50.345+0100] {processor.py:830} INFO - Processing file /home/ubuntu/.local/lib/python3.10/site-packages/airflow/example_dags/example_short_circuit_operator.py for tasks to queue
[2024-02-08T03:06:50.347+0100] {logging_mixin.py:188} INFO - [2024-02-08T03:06:50.346+0100] {dagbag.py:538} INFO - Filling up the DagBag from /home/ubuntu/.local/lib/python3.10/site-packages/airflow/example_dags/example_short_circuit_operator.py
[2024-02-08T03:06:50.364+0100] {processor.py:840} INFO - DAG(s) 'example_short_circuit_operator' retrieved from /home/ubuntu/.local/lib/python3.10/site-packages/airflow/example_dags/example_short_circuit_operator.py
[2024-02-08T03:06:50.397+0100] {logging_mixin.py:188} INFO - [2024-02-08T03:06:50.396+0100] {dag.py:3033} INFO - Sync 1 DAGs
[2024-02-08T03:06:50.429+0100] {logging_mixin.py:188} INFO - [2024-02-08T03:06:50.429+0100] {dag.py:3820} INFO - Setting next_dagrun for example_short_circuit_operator to 2024-02-07T00:00:00+00:00, run_after=2024-02-08T00:00:00+00:00
[2024-02-08T03:06:50.478+0100] {processor.py:183} INFO - Processing /home/ubuntu/.local/lib/python3.10/site-packages/airflow/example_dags/example_short_circuit_operator.py took 0.141 seconds
[2024-02-08T03:08:06.335+0100] {processor.py:161} INFO - Started process (PID=14573) to work on /home/ubuntu/.local/lib/python3.10/site-packages/airflow/example_dags/example_short_circuit_operator.py
[2024-02-08T03:08:06.339+0100] {processor.py:830} INFO - Processing file /home/ubuntu/.local/lib/python3.10/site-packages/airflow/example_dags/example_short_circuit_operator.py for tasks to queue
[2024-02-08T03:08:06.340+0100] {logging_mixin.py:188} INFO - [2024-02-08T03:08:06.340+0100] {dagbag.py:538} INFO - Filling up the DagBag from /home/ubuntu/.local/lib/python3.10/site-packages/airflow/example_dags/example_short_circuit_operator.py
[2024-02-08T03:08:06.356+0100] {processor.py:840} INFO - DAG(s) 'example_short_circuit_operator' retrieved from /home/ubuntu/.local/lib/python3.10/site-packages/airflow/example_dags/example_short_circuit_operator.py
[2024-02-08T03:08:06.397+0100] {logging_mixin.py:188} INFO - [2024-02-08T03:08:06.397+0100] {dag.py:3033} INFO - Sync 1 DAGs
[2024-02-08T03:08:06.433+0100] {logging_mixin.py:188} INFO - [2024-02-08T03:08:06.432+0100] {dag.py:3820} INFO - Setting next_dagrun for example_short_circuit_operator to 2024-02-07T00:00:00+00:00, run_after=2024-02-08T00:00:00+00:00
[2024-02-08T03:08:06.479+0100] {processor.py:183} INFO - Processing /home/ubuntu/.local/lib/python3.10/site-packages/airflow/example_dags/example_short_circuit_operator.py took 0.149 seconds
[2024-02-08T03:09:08.232+0100] {processor.py:161} INFO - Started process (PID=14636) to work on /home/ubuntu/.local/lib/python3.10/site-packages/airflow/example_dags/example_short_circuit_operator.py
[2024-02-08T03:09:08.240+0100] {processor.py:830} INFO - Processing file /home/ubuntu/.local/lib/python3.10/site-packages/airflow/example_dags/example_short_circuit_operator.py for tasks to queue
[2024-02-08T03:09:08.241+0100] {logging_mixin.py:188} INFO - [2024-02-08T03:09:08.241+0100] {dagbag.py:538} INFO - Filling up the DagBag from /home/ubuntu/.local/lib/python3.10/site-packages/airflow/example_dags/example_short_circuit_operator.py
[2024-02-08T03:09:08.260+0100] {processor.py:840} INFO - DAG(s) 'example_short_circuit_operator' retrieved from /home/ubuntu/.local/lib/python3.10/site-packages/airflow/example_dags/example_short_circuit_operator.py
[2024-02-08T03:09:08.300+0100] {logging_mixin.py:188} INFO - [2024-02-08T03:09:08.299+0100] {dag.py:3033} INFO - Sync 1 DAGs
[2024-02-08T03:09:08.340+0100] {logging_mixin.py:188} INFO - [2024-02-08T03:09:08.340+0100] {dag.py:3820} INFO - Setting next_dagrun for example_short_circuit_operator to 2024-02-07T00:00:00+00:00, run_after=2024-02-08T00:00:00+00:00
[2024-02-08T03:09:08.400+0100] {processor.py:183} INFO - Processing /home/ubuntu/.local/lib/python3.10/site-packages/airflow/example_dags/example_short_circuit_operator.py took 0.172 seconds
[2024-02-08T03:10:14.792+0100] {processor.py:161} INFO - Started process (PID=14695) to work on /home/ubuntu/.local/lib/python3.10/site-packages/airflow/example_dags/example_short_circuit_operator.py
[2024-02-08T03:10:14.800+0100] {processor.py:830} INFO - Processing file /home/ubuntu/.local/lib/python3.10/site-packages/airflow/example_dags/example_short_circuit_operator.py for tasks to queue
[2024-02-08T03:10:14.802+0100] {logging_mixin.py:188} INFO - [2024-02-08T03:10:14.801+0100] {dagbag.py:538} INFO - Filling up the DagBag from /home/ubuntu/.local/lib/python3.10/site-packages/airflow/example_dags/example_short_circuit_operator.py
[2024-02-08T03:10:14.820+0100] {processor.py:840} INFO - DAG(s) 'example_short_circuit_operator' retrieved from /home/ubuntu/.local/lib/python3.10/site-packages/airflow/example_dags/example_short_circuit_operator.py
[2024-02-08T03:10:14.874+0100] {logging_mixin.py:188} INFO - [2024-02-08T03:10:14.874+0100] {dag.py:3033} INFO - Sync 1 DAGs
[2024-02-08T03:10:14.924+0100] {logging_mixin.py:188} INFO - [2024-02-08T03:10:14.924+0100] {dag.py:3820} INFO - Setting next_dagrun for example_short_circuit_operator to 2024-02-07T00:00:00+00:00, run_after=2024-02-08T00:00:00+00:00
[2024-02-08T03:10:15.016+0100] {processor.py:183} INFO - Processing /home/ubuntu/.local/lib/python3.10/site-packages/airflow/example_dags/example_short_circuit_operator.py took 0.231 seconds
[2024-02-08T03:11:18.576+0100] {processor.py:161} INFO - Started process (PID=14752) to work on /home/ubuntu/.local/lib/python3.10/site-packages/airflow/example_dags/example_short_circuit_operator.py
[2024-02-08T03:11:18.580+0100] {processor.py:830} INFO - Processing file /home/ubuntu/.local/lib/python3.10/site-packages/airflow/example_dags/example_short_circuit_operator.py for tasks to queue
[2024-02-08T03:11:18.582+0100] {logging_mixin.py:188} INFO - [2024-02-08T03:11:18.581+0100] {dagbag.py:538} INFO - Filling up the DagBag from /home/ubuntu/.local/lib/python3.10/site-packages/airflow/example_dags/example_short_circuit_operator.py
[2024-02-08T03:11:18.598+0100] {processor.py:840} INFO - DAG(s) 'example_short_circuit_operator' retrieved from /home/ubuntu/.local/lib/python3.10/site-packages/airflow/example_dags/example_short_circuit_operator.py
[2024-02-08T03:11:18.630+0100] {logging_mixin.py:188} INFO - [2024-02-08T03:11:18.630+0100] {dag.py:3033} INFO - Sync 1 DAGs
[2024-02-08T03:11:18.660+0100] {logging_mixin.py:188} INFO - [2024-02-08T03:11:18.660+0100] {dag.py:3820} INFO - Setting next_dagrun for example_short_circuit_operator to 2024-02-07T00:00:00+00:00, run_after=2024-02-08T00:00:00+00:00
[2024-02-08T03:11:18.711+0100] {processor.py:183} INFO - Processing /home/ubuntu/.local/lib/python3.10/site-packages/airflow/example_dags/example_short_circuit_operator.py took 0.140 seconds
[2024-02-08T03:12:21.813+0100] {processor.py:161} INFO - Started process (PID=14809) to work on /home/ubuntu/.local/lib/python3.10/site-packages/airflow/example_dags/example_short_circuit_operator.py
[2024-02-08T03:12:21.818+0100] {processor.py:830} INFO - Processing file /home/ubuntu/.local/lib/python3.10/site-packages/airflow/example_dags/example_short_circuit_operator.py for tasks to queue
[2024-02-08T03:12:21.819+0100] {logging_mixin.py:188} INFO - [2024-02-08T03:12:21.819+0100] {dagbag.py:538} INFO - Filling up the DagBag from /home/ubuntu/.local/lib/python3.10/site-packages/airflow/example_dags/example_short_circuit_operator.py
[2024-02-08T03:12:21.834+0100] {processor.py:840} INFO - DAG(s) 'example_short_circuit_operator' retrieved from /home/ubuntu/.local/lib/python3.10/site-packages/airflow/example_dags/example_short_circuit_operator.py
[2024-02-08T03:12:21.869+0100] {logging_mixin.py:188} INFO - [2024-02-08T03:12:21.869+0100] {dag.py:3033} INFO - Sync 1 DAGs
[2024-02-08T03:12:21.905+0100] {logging_mixin.py:188} INFO - [2024-02-08T03:12:21.905+0100] {dag.py:3820} INFO - Setting next_dagrun for example_short_circuit_operator to 2024-02-07T00:00:00+00:00, run_after=2024-02-08T00:00:00+00:00
[2024-02-08T03:12:21.948+0100] {processor.py:183} INFO - Processing /home/ubuntu/.local/lib/python3.10/site-packages/airflow/example_dags/example_short_circuit_operator.py took 0.140 seconds
[2024-02-08T03:13:22.883+0100] {processor.py:161} INFO - Started process (PID=14867) to work on /home/ubuntu/.local/lib/python3.10/site-packages/airflow/example_dags/example_short_circuit_operator.py
[2024-02-08T03:13:22.886+0100] {processor.py:830} INFO - Processing file /home/ubuntu/.local/lib/python3.10/site-packages/airflow/example_dags/example_short_circuit_operator.py for tasks to queue
[2024-02-08T03:13:22.888+0100] {logging_mixin.py:188} INFO - [2024-02-08T03:13:22.887+0100] {dagbag.py:538} INFO - Filling up the DagBag from /home/ubuntu/.local/lib/python3.10/site-packages/airflow/example_dags/example_short_circuit_operator.py
[2024-02-08T03:13:22.902+0100] {processor.py:840} INFO - DAG(s) 'example_short_circuit_operator' retrieved from /home/ubuntu/.local/lib/python3.10/site-packages/airflow/example_dags/example_short_circuit_operator.py
[2024-02-08T03:13:22.936+0100] {logging_mixin.py:188} INFO - [2024-02-08T03:13:22.934+0100] {dag.py:3033} INFO - Sync 1 DAGs
[2024-02-08T03:13:22.967+0100] {logging_mixin.py:188} INFO - [2024-02-08T03:13:22.967+0100] {dag.py:3820} INFO - Setting next_dagrun for example_short_circuit_operator to 2024-02-07T00:00:00+00:00, run_after=2024-02-08T00:00:00+00:00
[2024-02-08T03:13:23.005+0100] {processor.py:183} INFO - Processing /home/ubuntu/.local/lib/python3.10/site-packages/airflow/example_dags/example_short_circuit_operator.py took 0.130 seconds
[2024-02-08T03:14:22.318+0100] {processor.py:161} INFO - Started process (PID=14933) to work on /home/ubuntu/.local/lib/python3.10/site-packages/airflow/example_dags/example_short_circuit_operator.py
[2024-02-08T03:14:22.323+0100] {processor.py:830} INFO - Processing file /home/ubuntu/.local/lib/python3.10/site-packages/airflow/example_dags/example_short_circuit_operator.py for tasks to queue
[2024-02-08T03:14:22.324+0100] {logging_mixin.py:188} INFO - [2024-02-08T03:14:22.324+0100] {dagbag.py:538} INFO - Filling up the DagBag from /home/ubuntu/.local/lib/python3.10/site-packages/airflow/example_dags/example_short_circuit_operator.py
[2024-02-08T03:14:22.348+0100] {processor.py:840} INFO - DAG(s) 'example_short_circuit_operator' retrieved from /home/ubuntu/.local/lib/python3.10/site-packages/airflow/example_dags/example_short_circuit_operator.py
[2024-02-08T03:14:22.398+0100] {logging_mixin.py:188} INFO - [2024-02-08T03:14:22.397+0100] {dag.py:3033} INFO - Sync 1 DAGs
[2024-02-08T03:14:22.438+0100] {logging_mixin.py:188} INFO - [2024-02-08T03:14:22.438+0100] {dag.py:3820} INFO - Setting next_dagrun for example_short_circuit_operator to 2024-02-07T00:00:00+00:00, run_after=2024-02-08T00:00:00+00:00
[2024-02-08T03:14:22.502+0100] {processor.py:183} INFO - Processing /home/ubuntu/.local/lib/python3.10/site-packages/airflow/example_dags/example_short_circuit_operator.py took 0.190 seconds
[2024-02-08T03:15:25.917+0100] {processor.py:161} INFO - Started process (PID=14997) to work on /home/ubuntu/.local/lib/python3.10/site-packages/airflow/example_dags/example_short_circuit_operator.py
[2024-02-08T03:15:25.923+0100] {processor.py:830} INFO - Processing file /home/ubuntu/.local/lib/python3.10/site-packages/airflow/example_dags/example_short_circuit_operator.py for tasks to queue
[2024-02-08T03:15:25.925+0100] {logging_mixin.py:188} INFO - [2024-02-08T03:15:25.925+0100] {dagbag.py:538} INFO - Filling up the DagBag from /home/ubuntu/.local/lib/python3.10/site-packages/airflow/example_dags/example_short_circuit_operator.py
[2024-02-08T03:15:25.948+0100] {processor.py:840} INFO - DAG(s) 'example_short_circuit_operator' retrieved from /home/ubuntu/.local/lib/python3.10/site-packages/airflow/example_dags/example_short_circuit_operator.py
[2024-02-08T03:15:25.982+0100] {logging_mixin.py:188} INFO - [2024-02-08T03:15:25.981+0100] {dag.py:3033} INFO - Sync 1 DAGs
[2024-02-08T03:15:26.015+0100] {logging_mixin.py:188} INFO - [2024-02-08T03:15:26.015+0100] {dag.py:3820} INFO - Setting next_dagrun for example_short_circuit_operator to 2024-02-07T00:00:00+00:00, run_after=2024-02-08T00:00:00+00:00
[2024-02-08T03:15:26.063+0100] {processor.py:183} INFO - Processing /home/ubuntu/.local/lib/python3.10/site-packages/airflow/example_dags/example_short_circuit_operator.py took 0.153 seconds
[2024-02-08T03:16:26.661+0100] {processor.py:161} INFO - Started process (PID=15053) to work on /home/ubuntu/.local/lib/python3.10/site-packages/airflow/example_dags/example_short_circuit_operator.py
[2024-02-08T03:16:26.665+0100] {processor.py:830} INFO - Processing file /home/ubuntu/.local/lib/python3.10/site-packages/airflow/example_dags/example_short_circuit_operator.py for tasks to queue
[2024-02-08T03:16:26.667+0100] {logging_mixin.py:188} INFO - [2024-02-08T03:16:26.666+0100] {dagbag.py:538} INFO - Filling up the DagBag from /home/ubuntu/.local/lib/python3.10/site-packages/airflow/example_dags/example_short_circuit_operator.py
[2024-02-08T03:16:26.682+0100] {processor.py:840} INFO - DAG(s) 'example_short_circuit_operator' retrieved from /home/ubuntu/.local/lib/python3.10/site-packages/airflow/example_dags/example_short_circuit_operator.py
[2024-02-08T03:16:26.723+0100] {logging_mixin.py:188} INFO - [2024-02-08T03:16:26.723+0100] {dag.py:3033} INFO - Sync 1 DAGs
[2024-02-08T03:16:26.775+0100] {logging_mixin.py:188} INFO - [2024-02-08T03:16:26.775+0100] {dag.py:3820} INFO - Setting next_dagrun for example_short_circuit_operator to 2024-02-07T00:00:00+00:00, run_after=2024-02-08T00:00:00+00:00
[2024-02-08T03:16:26.832+0100] {processor.py:183} INFO - Processing /home/ubuntu/.local/lib/python3.10/site-packages/airflow/example_dags/example_short_circuit_operator.py took 0.183 seconds
[2024-02-08T03:17:22.987+0100] {processor.py:161} INFO - Started process (PID=15111) to work on /home/ubuntu/.local/lib/python3.10/site-packages/airflow/example_dags/example_short_circuit_operator.py
[2024-02-08T03:17:22.992+0100] {processor.py:830} INFO - Processing file /home/ubuntu/.local/lib/python3.10/site-packages/airflow/example_dags/example_short_circuit_operator.py for tasks to queue
[2024-02-08T03:17:22.994+0100] {logging_mixin.py:188} INFO - [2024-02-08T03:17:22.994+0100] {dagbag.py:538} INFO - Filling up the DagBag from /home/ubuntu/.local/lib/python3.10/site-packages/airflow/example_dags/example_short_circuit_operator.py
[2024-02-08T03:17:23.012+0100] {processor.py:840} INFO - DAG(s) 'example_short_circuit_operator' retrieved from /home/ubuntu/.local/lib/python3.10/site-packages/airflow/example_dags/example_short_circuit_operator.py
[2024-02-08T03:17:23.052+0100] {logging_mixin.py:188} INFO - [2024-02-08T03:17:23.052+0100] {dag.py:3033} INFO - Sync 1 DAGs
[2024-02-08T03:17:23.101+0100] {logging_mixin.py:188} INFO - [2024-02-08T03:17:23.101+0100] {dag.py:3820} INFO - Setting next_dagrun for example_short_circuit_operator to 2024-02-07T00:00:00+00:00, run_after=2024-02-08T00:00:00+00:00
[2024-02-08T03:17:23.160+0100] {processor.py:183} INFO - Processing /home/ubuntu/.local/lib/python3.10/site-packages/airflow/example_dags/example_short_circuit_operator.py took 0.178 seconds
[2024-02-08T03:18:21.111+0100] {processor.py:161} INFO - Started process (PID=15166) to work on /home/ubuntu/.local/lib/python3.10/site-packages/airflow/example_dags/example_short_circuit_operator.py
[2024-02-08T03:18:21.117+0100] {processor.py:830} INFO - Processing file /home/ubuntu/.local/lib/python3.10/site-packages/airflow/example_dags/example_short_circuit_operator.py for tasks to queue
[2024-02-08T03:18:21.119+0100] {logging_mixin.py:188} INFO - [2024-02-08T03:18:21.118+0100] {dagbag.py:538} INFO - Filling up the DagBag from /home/ubuntu/.local/lib/python3.10/site-packages/airflow/example_dags/example_short_circuit_operator.py
[2024-02-08T03:18:21.137+0100] {processor.py:840} INFO - DAG(s) 'example_short_circuit_operator' retrieved from /home/ubuntu/.local/lib/python3.10/site-packages/airflow/example_dags/example_short_circuit_operator.py
[2024-02-08T03:18:21.182+0100] {logging_mixin.py:188} INFO - [2024-02-08T03:18:21.181+0100] {dag.py:3033} INFO - Sync 1 DAGs
[2024-02-08T03:18:21.225+0100] {logging_mixin.py:188} INFO - [2024-02-08T03:18:21.225+0100] {dag.py:3820} INFO - Setting next_dagrun for example_short_circuit_operator to 2024-02-07T00:00:00+00:00, run_after=2024-02-08T00:00:00+00:00
[2024-02-08T03:18:21.279+0100] {processor.py:183} INFO - Processing /home/ubuntu/.local/lib/python3.10/site-packages/airflow/example_dags/example_short_circuit_operator.py took 0.174 seconds
[2024-02-08T03:19:27.318+0100] {processor.py:161} INFO - Started process (PID=15279) to work on /home/ubuntu/.local/lib/python3.10/site-packages/airflow/example_dags/example_short_circuit_operator.py
[2024-02-08T03:19:27.323+0100] {processor.py:830} INFO - Processing file /home/ubuntu/.local/lib/python3.10/site-packages/airflow/example_dags/example_short_circuit_operator.py for tasks to queue
[2024-02-08T03:19:27.324+0100] {logging_mixin.py:188} INFO - [2024-02-08T03:19:27.324+0100] {dagbag.py:538} INFO - Filling up the DagBag from /home/ubuntu/.local/lib/python3.10/site-packages/airflow/example_dags/example_short_circuit_operator.py
[2024-02-08T03:19:27.341+0100] {processor.py:840} INFO - DAG(s) 'example_short_circuit_operator' retrieved from /home/ubuntu/.local/lib/python3.10/site-packages/airflow/example_dags/example_short_circuit_operator.py
[2024-02-08T03:19:27.401+0100] {logging_mixin.py:188} INFO - [2024-02-08T03:19:27.401+0100] {dag.py:3033} INFO - Sync 1 DAGs
[2024-02-08T03:19:27.435+0100] {logging_mixin.py:188} INFO - [2024-02-08T03:19:27.434+0100] {dag.py:3820} INFO - Setting next_dagrun for example_short_circuit_operator to 2024-02-07T00:00:00+00:00, run_after=2024-02-08T00:00:00+00:00
[2024-02-08T03:19:27.473+0100] {processor.py:183} INFO - Processing /home/ubuntu/.local/lib/python3.10/site-packages/airflow/example_dags/example_short_circuit_operator.py took 0.160 seconds
[2024-02-08T03:20:39.003+0100] {processor.py:161} INFO - Started process (PID=15351) to work on /home/ubuntu/.local/lib/python3.10/site-packages/airflow/example_dags/example_short_circuit_operator.py
[2024-02-08T03:20:39.006+0100] {processor.py:830} INFO - Processing file /home/ubuntu/.local/lib/python3.10/site-packages/airflow/example_dags/example_short_circuit_operator.py for tasks to queue
[2024-02-08T03:20:39.008+0100] {logging_mixin.py:188} INFO - [2024-02-08T03:20:39.007+0100] {dagbag.py:538} INFO - Filling up the DagBag from /home/ubuntu/.local/lib/python3.10/site-packages/airflow/example_dags/example_short_circuit_operator.py
[2024-02-08T03:20:39.023+0100] {processor.py:840} INFO - DAG(s) 'example_short_circuit_operator' retrieved from /home/ubuntu/.local/lib/python3.10/site-packages/airflow/example_dags/example_short_circuit_operator.py
[2024-02-08T03:20:39.049+0100] {logging_mixin.py:188} INFO - [2024-02-08T03:20:39.049+0100] {dag.py:3033} INFO - Sync 1 DAGs
[2024-02-08T03:20:39.073+0100] {logging_mixin.py:188} INFO - [2024-02-08T03:20:39.073+0100] {dag.py:3820} INFO - Setting next_dagrun for example_short_circuit_operator to 2024-02-07T00:00:00+00:00, run_after=2024-02-08T00:00:00+00:00
[2024-02-08T03:20:39.109+0100] {processor.py:183} INFO - Processing /home/ubuntu/.local/lib/python3.10/site-packages/airflow/example_dags/example_short_circuit_operator.py took 0.121 seconds
[2024-02-08T03:21:48.992+0100] {processor.py:161} INFO - Started process (PID=15410) to work on /home/ubuntu/.local/lib/python3.10/site-packages/airflow/example_dags/example_short_circuit_operator.py
[2024-02-08T03:21:48.995+0100] {processor.py:830} INFO - Processing file /home/ubuntu/.local/lib/python3.10/site-packages/airflow/example_dags/example_short_circuit_operator.py for tasks to queue
[2024-02-08T03:21:48.997+0100] {logging_mixin.py:188} INFO - [2024-02-08T03:21:48.996+0100] {dagbag.py:538} INFO - Filling up the DagBag from /home/ubuntu/.local/lib/python3.10/site-packages/airflow/example_dags/example_short_circuit_operator.py
[2024-02-08T03:21:49.012+0100] {processor.py:840} INFO - DAG(s) 'example_short_circuit_operator' retrieved from /home/ubuntu/.local/lib/python3.10/site-packages/airflow/example_dags/example_short_circuit_operator.py
[2024-02-08T03:21:49.044+0100] {logging_mixin.py:188} INFO - [2024-02-08T03:21:49.043+0100] {dag.py:3033} INFO - Sync 1 DAGs
[2024-02-08T03:21:49.083+0100] {logging_mixin.py:188} INFO - [2024-02-08T03:21:49.083+0100] {dag.py:3820} INFO - Setting next_dagrun for example_short_circuit_operator to 2024-02-07T00:00:00+00:00, run_after=2024-02-08T00:00:00+00:00
[2024-02-08T03:21:49.117+0100] {processor.py:183} INFO - Processing /home/ubuntu/.local/lib/python3.10/site-packages/airflow/example_dags/example_short_circuit_operator.py took 0.130 seconds
[2024-02-08T03:22:51.962+0100] {processor.py:161} INFO - Started process (PID=15467) to work on /home/ubuntu/.local/lib/python3.10/site-packages/airflow/example_dags/example_short_circuit_operator.py
[2024-02-08T03:22:51.965+0100] {processor.py:830} INFO - Processing file /home/ubuntu/.local/lib/python3.10/site-packages/airflow/example_dags/example_short_circuit_operator.py for tasks to queue
[2024-02-08T03:22:51.967+0100] {logging_mixin.py:188} INFO - [2024-02-08T03:22:51.966+0100] {dagbag.py:538} INFO - Filling up the DagBag from /home/ubuntu/.local/lib/python3.10/site-packages/airflow/example_dags/example_short_circuit_operator.py
[2024-02-08T03:22:51.983+0100] {processor.py:840} INFO - DAG(s) 'example_short_circuit_operator' retrieved from /home/ubuntu/.local/lib/python3.10/site-packages/airflow/example_dags/example_short_circuit_operator.py
[2024-02-08T03:22:52.010+0100] {logging_mixin.py:188} INFO - [2024-02-08T03:22:52.009+0100] {dag.py:3033} INFO - Sync 1 DAGs
[2024-02-08T03:22:52.040+0100] {logging_mixin.py:188} INFO - [2024-02-08T03:22:52.039+0100] {dag.py:3820} INFO - Setting next_dagrun for example_short_circuit_operator to 2024-02-07T00:00:00+00:00, run_after=2024-02-08T00:00:00+00:00
[2024-02-08T03:22:52.104+0100] {processor.py:183} INFO - Processing /home/ubuntu/.local/lib/python3.10/site-packages/airflow/example_dags/example_short_circuit_operator.py took 0.149 seconds
[2024-02-08T03:24:10.131+0100] {processor.py:161} INFO - Started process (PID=15564) to work on /home/ubuntu/.local/lib/python3.10/site-packages/airflow/example_dags/example_short_circuit_operator.py
[2024-02-08T03:24:10.137+0100] {processor.py:830} INFO - Processing file /home/ubuntu/.local/lib/python3.10/site-packages/airflow/example_dags/example_short_circuit_operator.py for tasks to queue
[2024-02-08T03:24:10.142+0100] {logging_mixin.py:188} INFO - [2024-02-08T03:24:10.138+0100] {dagbag.py:538} INFO - Filling up the DagBag from /home/ubuntu/.local/lib/python3.10/site-packages/airflow/example_dags/example_short_circuit_operator.py
[2024-02-08T03:24:10.178+0100] {processor.py:840} INFO - DAG(s) 'example_short_circuit_operator' retrieved from /home/ubuntu/.local/lib/python3.10/site-packages/airflow/example_dags/example_short_circuit_operator.py
[2024-02-08T03:24:10.206+0100] {logging_mixin.py:188} INFO - [2024-02-08T03:24:10.206+0100] {dag.py:3033} INFO - Sync 1 DAGs
[2024-02-08T03:24:10.240+0100] {logging_mixin.py:188} INFO - [2024-02-08T03:24:10.240+0100] {dag.py:3820} INFO - Setting next_dagrun for example_short_circuit_operator to 2024-02-07T00:00:00+00:00, run_after=2024-02-08T00:00:00+00:00
[2024-02-08T03:24:10.296+0100] {processor.py:183} INFO - Processing /home/ubuntu/.local/lib/python3.10/site-packages/airflow/example_dags/example_short_circuit_operator.py took 0.169 seconds
[2024-02-08T03:25:09.486+0100] {processor.py:161} INFO - Started process (PID=15651) to work on /home/ubuntu/.local/lib/python3.10/site-packages/airflow/example_dags/example_short_circuit_operator.py
[2024-02-08T03:25:09.490+0100] {processor.py:830} INFO - Processing file /home/ubuntu/.local/lib/python3.10/site-packages/airflow/example_dags/example_short_circuit_operator.py for tasks to queue
[2024-02-08T03:25:09.492+0100] {logging_mixin.py:188} INFO - [2024-02-08T03:25:09.492+0100] {dagbag.py:538} INFO - Filling up the DagBag from /home/ubuntu/.local/lib/python3.10/site-packages/airflow/example_dags/example_short_circuit_operator.py
[2024-02-08T03:25:09.506+0100] {processor.py:840} INFO - DAG(s) 'example_short_circuit_operator' retrieved from /home/ubuntu/.local/lib/python3.10/site-packages/airflow/example_dags/example_short_circuit_operator.py
[2024-02-08T03:25:09.547+0100] {logging_mixin.py:188} INFO - [2024-02-08T03:25:09.547+0100] {dag.py:3033} INFO - Sync 1 DAGs
[2024-02-08T03:25:09.583+0100] {logging_mixin.py:188} INFO - [2024-02-08T03:25:09.583+0100] {dag.py:3820} INFO - Setting next_dagrun for example_short_circuit_operator to 2024-02-07T00:00:00+00:00, run_after=2024-02-08T00:00:00+00:00
[2024-02-08T03:25:09.634+0100] {processor.py:183} INFO - Processing /home/ubuntu/.local/lib/python3.10/site-packages/airflow/example_dags/example_short_circuit_operator.py took 0.153 seconds
