[2024-02-08T02:46:46.955+0100] {processor.py:161} INFO - Started process (PID=12389) to work on /home/ubuntu/.local/lib/python3.10/site-packages/airflow/example_dags/example_params_trigger_ui.py
[2024-02-08T02:46:46.959+0100] {processor.py:830} INFO - Processing file /home/ubuntu/.local/lib/python3.10/site-packages/airflow/example_dags/example_params_trigger_ui.py for tasks to queue
[2024-02-08T02:46:46.961+0100] {logging_mixin.py:188} INFO - [2024-02-08T02:46:46.960+0100] {dagbag.py:538} INFO - Filling up the DagBag from /home/ubuntu/.local/lib/python3.10/site-packages/airflow/example_dags/example_params_trigger_ui.py
[2024-02-08T02:46:46.984+0100] {processor.py:840} INFO - DAG(s) 'example_params_trigger_ui' retrieved from /home/ubuntu/.local/lib/python3.10/site-packages/airflow/example_dags/example_params_trigger_ui.py
[2024-02-08T02:46:47.149+0100] {logging_mixin.py:188} INFO - [2024-02-08T02:46:47.149+0100] {dag.py:3033} INFO - Sync 1 DAGs
[2024-02-08T02:46:47.160+0100] {logging_mixin.py:188} INFO - [2024-02-08T02:46:47.160+0100] {dag.py:3820} INFO - Setting next_dagrun for example_params_trigger_ui to None, run_after=None
[2024-02-08T02:46:47.201+0100] {processor.py:183} INFO - Processing /home/ubuntu/.local/lib/python3.10/site-packages/airflow/example_dags/example_params_trigger_ui.py took 0.256 seconds
[2024-02-08T02:48:28.927+0100] {processor.py:161} INFO - Started process (PID=12529) to work on /home/ubuntu/.local/lib/python3.10/site-packages/airflow/example_dags/example_params_trigger_ui.py
[2024-02-08T02:48:28.933+0100] {processor.py:830} INFO - Processing file /home/ubuntu/.local/lib/python3.10/site-packages/airflow/example_dags/example_params_trigger_ui.py for tasks to queue
[2024-02-08T02:48:28.936+0100] {logging_mixin.py:188} INFO - [2024-02-08T02:48:28.935+0100] {dagbag.py:538} INFO - Filling up the DagBag from /home/ubuntu/.local/lib/python3.10/site-packages/airflow/example_dags/example_params_trigger_ui.py
[2024-02-08T02:48:28.962+0100] {processor.py:840} INFO - DAG(s) 'example_params_trigger_ui' retrieved from /home/ubuntu/.local/lib/python3.10/site-packages/airflow/example_dags/example_params_trigger_ui.py
[2024-02-08T02:48:29.054+0100] {logging_mixin.py:188} INFO - [2024-02-08T02:48:29.053+0100] {dag.py:3033} INFO - Sync 1 DAGs
[2024-02-08T02:48:29.088+0100] {logging_mixin.py:188} INFO - [2024-02-08T02:48:29.087+0100] {dag.py:3820} INFO - Setting next_dagrun for example_params_trigger_ui to None, run_after=None
[2024-02-08T02:48:29.163+0100] {processor.py:183} INFO - Processing /home/ubuntu/.local/lib/python3.10/site-packages/airflow/example_dags/example_params_trigger_ui.py took 0.240 seconds
[2024-02-08T02:50:21.581+0100] {processor.py:161} INFO - Started process (PID=13459) to work on /home/ubuntu/.local/lib/python3.10/site-packages/airflow/example_dags/example_params_trigger_ui.py
[2024-02-08T02:50:21.591+0100] {processor.py:830} INFO - Processing file /home/ubuntu/.local/lib/python3.10/site-packages/airflow/example_dags/example_params_trigger_ui.py for tasks to queue
[2024-02-08T02:50:21.592+0100] {logging_mixin.py:188} INFO - [2024-02-08T02:50:21.592+0100] {dagbag.py:538} INFO - Filling up the DagBag from /home/ubuntu/.local/lib/python3.10/site-packages/airflow/example_dags/example_params_trigger_ui.py
[2024-02-08T02:50:21.682+0100] {processor.py:840} INFO - DAG(s) 'example_params_trigger_ui' retrieved from /home/ubuntu/.local/lib/python3.10/site-packages/airflow/example_dags/example_params_trigger_ui.py
[2024-02-08T02:50:21.776+0100] {logging_mixin.py:188} INFO - [2024-02-08T02:50:21.776+0100] {dag.py:3033} INFO - Sync 1 DAGs
[2024-02-08T02:50:21.798+0100] {logging_mixin.py:188} INFO - [2024-02-08T02:50:21.798+0100] {dag.py:3820} INFO - Setting next_dagrun for example_params_trigger_ui to None, run_after=None
[2024-02-08T02:50:21.872+0100] {processor.py:183} INFO - Processing /home/ubuntu/.local/lib/python3.10/site-packages/airflow/example_dags/example_params_trigger_ui.py took 0.297 seconds
[2024-02-08T02:51:45.195+0100] {processor.py:161} INFO - Started process (PID=13694) to work on /home/ubuntu/.local/lib/python3.10/site-packages/airflow/example_dags/example_params_trigger_ui.py
[2024-02-08T02:51:45.198+0100] {processor.py:830} INFO - Processing file /home/ubuntu/.local/lib/python3.10/site-packages/airflow/example_dags/example_params_trigger_ui.py for tasks to queue
[2024-02-08T02:51:45.200+0100] {logging_mixin.py:188} INFO - [2024-02-08T02:51:45.199+0100] {dagbag.py:538} INFO - Filling up the DagBag from /home/ubuntu/.local/lib/python3.10/site-packages/airflow/example_dags/example_params_trigger_ui.py
[2024-02-08T02:51:45.219+0100] {processor.py:840} INFO - DAG(s) 'example_params_trigger_ui' retrieved from /home/ubuntu/.local/lib/python3.10/site-packages/airflow/example_dags/example_params_trigger_ui.py
[2024-02-08T02:51:45.266+0100] {logging_mixin.py:188} INFO - [2024-02-08T02:51:45.266+0100] {dag.py:3033} INFO - Sync 1 DAGs
[2024-02-08T02:51:45.281+0100] {logging_mixin.py:188} INFO - [2024-02-08T02:51:45.281+0100] {dag.py:3820} INFO - Setting next_dagrun for example_params_trigger_ui to None, run_after=None
[2024-02-08T02:51:45.317+0100] {processor.py:183} INFO - Processing /home/ubuntu/.local/lib/python3.10/site-packages/airflow/example_dags/example_params_trigger_ui.py took 0.129 seconds
[2024-02-08T02:53:23.002+0100] {processor.py:161} INFO - Started process (PID=13810) to work on /home/ubuntu/.local/lib/python3.10/site-packages/airflow/example_dags/example_params_trigger_ui.py
[2024-02-08T02:53:23.006+0100] {processor.py:830} INFO - Processing file /home/ubuntu/.local/lib/python3.10/site-packages/airflow/example_dags/example_params_trigger_ui.py for tasks to queue
[2024-02-08T02:53:23.008+0100] {logging_mixin.py:188} INFO - [2024-02-08T02:53:23.007+0100] {dagbag.py:538} INFO - Filling up the DagBag from /home/ubuntu/.local/lib/python3.10/site-packages/airflow/example_dags/example_params_trigger_ui.py
[2024-02-08T02:53:23.081+0100] {processor.py:840} INFO - DAG(s) 'example_params_trigger_ui' retrieved from /home/ubuntu/.local/lib/python3.10/site-packages/airflow/example_dags/example_params_trigger_ui.py
[2024-02-08T02:53:23.145+0100] {logging_mixin.py:188} INFO - [2024-02-08T02:53:23.145+0100] {dag.py:3033} INFO - Sync 1 DAGs
[2024-02-08T02:53:23.165+0100] {logging_mixin.py:188} INFO - [2024-02-08T02:53:23.165+0100] {dag.py:3820} INFO - Setting next_dagrun for example_params_trigger_ui to None, run_after=None
[2024-02-08T02:53:23.211+0100] {processor.py:183} INFO - Processing /home/ubuntu/.local/lib/python3.10/site-packages/airflow/example_dags/example_params_trigger_ui.py took 0.213 seconds
[2024-02-08T02:56:49.987+0100] {processor.py:161} INFO - Started process (PID=13940) to work on /home/ubuntu/.local/lib/python3.10/site-packages/airflow/example_dags/example_params_trigger_ui.py
[2024-02-08T02:56:50.005+0100] {processor.py:830} INFO - Processing file /home/ubuntu/.local/lib/python3.10/site-packages/airflow/example_dags/example_params_trigger_ui.py for tasks to queue
[2024-02-08T02:56:50.007+0100] {logging_mixin.py:188} INFO - [2024-02-08T02:56:50.006+0100] {dagbag.py:538} INFO - Filling up the DagBag from /home/ubuntu/.local/lib/python3.10/site-packages/airflow/example_dags/example_params_trigger_ui.py
[2024-02-08T02:56:50.046+0100] {processor.py:840} INFO - DAG(s) 'example_params_trigger_ui' retrieved from /home/ubuntu/.local/lib/python3.10/site-packages/airflow/example_dags/example_params_trigger_ui.py
[2024-02-08T02:56:50.161+0100] {logging_mixin.py:188} INFO - [2024-02-08T02:56:50.161+0100] {dag.py:3033} INFO - Sync 1 DAGs
[2024-02-08T02:56:50.200+0100] {logging_mixin.py:188} INFO - [2024-02-08T02:56:50.199+0100] {dag.py:3820} INFO - Setting next_dagrun for example_params_trigger_ui to None, run_after=None
[2024-02-08T02:56:50.337+0100] {processor.py:183} INFO - Processing /home/ubuntu/.local/lib/python3.10/site-packages/airflow/example_dags/example_params_trigger_ui.py took 0.356 seconds
[2024-02-08T02:59:36.291+0100] {processor.py:161} INFO - Started process (PID=14022) to work on /home/ubuntu/.local/lib/python3.10/site-packages/airflow/example_dags/example_params_trigger_ui.py
[2024-02-08T02:59:36.308+0100] {processor.py:830} INFO - Processing file /home/ubuntu/.local/lib/python3.10/site-packages/airflow/example_dags/example_params_trigger_ui.py for tasks to queue
[2024-02-08T02:59:36.311+0100] {logging_mixin.py:188} INFO - [2024-02-08T02:59:36.310+0100] {dagbag.py:538} INFO - Filling up the DagBag from /home/ubuntu/.local/lib/python3.10/site-packages/airflow/example_dags/example_params_trigger_ui.py
[2024-02-08T02:59:36.364+0100] {processor.py:840} INFO - DAG(s) 'example_params_trigger_ui' retrieved from /home/ubuntu/.local/lib/python3.10/site-packages/airflow/example_dags/example_params_trigger_ui.py
[2024-02-08T02:59:36.510+0100] {logging_mixin.py:188} INFO - [2024-02-08T02:59:36.509+0100] {dag.py:3033} INFO - Sync 1 DAGs
[2024-02-08T02:59:36.526+0100] {logging_mixin.py:188} INFO - [2024-02-08T02:59:36.526+0100] {dag.py:3820} INFO - Setting next_dagrun for example_params_trigger_ui to None, run_after=None
[2024-02-08T02:59:36.680+0100] {processor.py:183} INFO - Processing /home/ubuntu/.local/lib/python3.10/site-packages/airflow/example_dags/example_params_trigger_ui.py took 0.398 seconds
[2024-02-08T03:01:27.025+0100] {processor.py:161} INFO - Started process (PID=14089) to work on /home/ubuntu/.local/lib/python3.10/site-packages/airflow/example_dags/example_params_trigger_ui.py
[2024-02-08T03:01:27.059+0100] {processor.py:830} INFO - Processing file /home/ubuntu/.local/lib/python3.10/site-packages/airflow/example_dags/example_params_trigger_ui.py for tasks to queue
[2024-02-08T03:01:27.061+0100] {logging_mixin.py:188} INFO - [2024-02-08T03:01:27.060+0100] {dagbag.py:538} INFO - Filling up the DagBag from /home/ubuntu/.local/lib/python3.10/site-packages/airflow/example_dags/example_params_trigger_ui.py
[2024-02-08T03:01:27.083+0100] {processor.py:840} INFO - DAG(s) 'example_params_trigger_ui' retrieved from /home/ubuntu/.local/lib/python3.10/site-packages/airflow/example_dags/example_params_trigger_ui.py
[2024-02-08T03:01:27.172+0100] {logging_mixin.py:188} INFO - [2024-02-08T03:01:27.172+0100] {dag.py:3033} INFO - Sync 1 DAGs
[2024-02-08T03:01:27.193+0100] {logging_mixin.py:188} INFO - [2024-02-08T03:01:27.192+0100] {dag.py:3820} INFO - Setting next_dagrun for example_params_trigger_ui to None, run_after=None
[2024-02-08T03:01:27.256+0100] {processor.py:183} INFO - Processing /home/ubuntu/.local/lib/python3.10/site-packages/airflow/example_dags/example_params_trigger_ui.py took 0.236 seconds
[2024-02-08T03:03:31.750+0100] {processor.py:161} INFO - Started process (PID=14250) to work on /home/ubuntu/.local/lib/python3.10/site-packages/airflow/example_dags/example_params_trigger_ui.py
[2024-02-08T03:03:31.754+0100] {processor.py:830} INFO - Processing file /home/ubuntu/.local/lib/python3.10/site-packages/airflow/example_dags/example_params_trigger_ui.py for tasks to queue
[2024-02-08T03:03:31.757+0100] {logging_mixin.py:188} INFO - [2024-02-08T03:03:31.756+0100] {dagbag.py:538} INFO - Filling up the DagBag from /home/ubuntu/.local/lib/python3.10/site-packages/airflow/example_dags/example_params_trigger_ui.py
[2024-02-08T03:03:31.776+0100] {processor.py:840} INFO - DAG(s) 'example_params_trigger_ui' retrieved from /home/ubuntu/.local/lib/python3.10/site-packages/airflow/example_dags/example_params_trigger_ui.py
[2024-02-08T03:03:31.831+0100] {logging_mixin.py:188} INFO - [2024-02-08T03:03:31.831+0100] {dag.py:3033} INFO - Sync 1 DAGs
[2024-02-08T03:03:31.849+0100] {logging_mixin.py:188} INFO - [2024-02-08T03:03:31.849+0100] {dag.py:3820} INFO - Setting next_dagrun for example_params_trigger_ui to None, run_after=None
[2024-02-08T03:03:31.899+0100] {processor.py:183} INFO - Processing /home/ubuntu/.local/lib/python3.10/site-packages/airflow/example_dags/example_params_trigger_ui.py took 0.153 seconds
[2024-02-08T03:04:33.443+0100] {processor.py:161} INFO - Started process (PID=14313) to work on /home/ubuntu/.local/lib/python3.10/site-packages/airflow/example_dags/example_params_trigger_ui.py
[2024-02-08T03:04:33.448+0100] {processor.py:830} INFO - Processing file /home/ubuntu/.local/lib/python3.10/site-packages/airflow/example_dags/example_params_trigger_ui.py for tasks to queue
[2024-02-08T03:04:33.450+0100] {logging_mixin.py:188} INFO - [2024-02-08T03:04:33.449+0100] {dagbag.py:538} INFO - Filling up the DagBag from /home/ubuntu/.local/lib/python3.10/site-packages/airflow/example_dags/example_params_trigger_ui.py
[2024-02-08T03:04:33.473+0100] {processor.py:840} INFO - DAG(s) 'example_params_trigger_ui' retrieved from /home/ubuntu/.local/lib/python3.10/site-packages/airflow/example_dags/example_params_trigger_ui.py
[2024-02-08T03:04:33.561+0100] {logging_mixin.py:188} INFO - [2024-02-08T03:04:33.561+0100] {dag.py:3033} INFO - Sync 1 DAGs
[2024-02-08T03:04:33.575+0100] {logging_mixin.py:188} INFO - [2024-02-08T03:04:33.575+0100] {dag.py:3820} INFO - Setting next_dagrun for example_params_trigger_ui to None, run_after=None
[2024-02-08T03:04:33.615+0100] {processor.py:183} INFO - Processing /home/ubuntu/.local/lib/python3.10/site-packages/airflow/example_dags/example_params_trigger_ui.py took 0.176 seconds
[2024-02-08T03:05:52.600+0100] {processor.py:161} INFO - Started process (PID=14372) to work on /home/ubuntu/.local/lib/python3.10/site-packages/airflow/example_dags/example_params_trigger_ui.py
[2024-02-08T03:05:52.604+0100] {processor.py:830} INFO - Processing file /home/ubuntu/.local/lib/python3.10/site-packages/airflow/example_dags/example_params_trigger_ui.py for tasks to queue
[2024-02-08T03:05:52.607+0100] {logging_mixin.py:188} INFO - [2024-02-08T03:05:52.607+0100] {dagbag.py:538} INFO - Filling up the DagBag from /home/ubuntu/.local/lib/python3.10/site-packages/airflow/example_dags/example_params_trigger_ui.py
[2024-02-08T03:05:52.630+0100] {processor.py:840} INFO - DAG(s) 'example_params_trigger_ui' retrieved from /home/ubuntu/.local/lib/python3.10/site-packages/airflow/example_dags/example_params_trigger_ui.py
[2024-02-08T03:05:52.689+0100] {logging_mixin.py:188} INFO - [2024-02-08T03:05:52.688+0100] {dag.py:3033} INFO - Sync 1 DAGs
[2024-02-08T03:05:52.706+0100] {logging_mixin.py:188} INFO - [2024-02-08T03:05:52.706+0100] {dag.py:3820} INFO - Setting next_dagrun for example_params_trigger_ui to None, run_after=None
[2024-02-08T03:05:52.760+0100] {processor.py:183} INFO - Processing /home/ubuntu/.local/lib/python3.10/site-packages/airflow/example_dags/example_params_trigger_ui.py took 0.165 seconds
[2024-02-08T03:06:57.157+0100] {processor.py:161} INFO - Started process (PID=14435) to work on /home/ubuntu/.local/lib/python3.10/site-packages/airflow/example_dags/example_params_trigger_ui.py
[2024-02-08T03:06:57.160+0100] {processor.py:830} INFO - Processing file /home/ubuntu/.local/lib/python3.10/site-packages/airflow/example_dags/example_params_trigger_ui.py for tasks to queue
[2024-02-08T03:06:57.162+0100] {logging_mixin.py:188} INFO - [2024-02-08T03:06:57.161+0100] {dagbag.py:538} INFO - Filling up the DagBag from /home/ubuntu/.local/lib/python3.10/site-packages/airflow/example_dags/example_params_trigger_ui.py
[2024-02-08T03:06:57.192+0100] {processor.py:840} INFO - DAG(s) 'example_params_trigger_ui' retrieved from /home/ubuntu/.local/lib/python3.10/site-packages/airflow/example_dags/example_params_trigger_ui.py
[2024-02-08T03:06:57.261+0100] {logging_mixin.py:188} INFO - [2024-02-08T03:06:57.260+0100] {dag.py:3033} INFO - Sync 1 DAGs
[2024-02-08T03:06:57.280+0100] {logging_mixin.py:188} INFO - [2024-02-08T03:06:57.280+0100] {dag.py:3820} INFO - Setting next_dagrun for example_params_trigger_ui to None, run_after=None
[2024-02-08T03:06:57.329+0100] {processor.py:183} INFO - Processing /home/ubuntu/.local/lib/python3.10/site-packages/airflow/example_dags/example_params_trigger_ui.py took 0.177 seconds
[2024-02-08T03:08:13.002+0100] {processor.py:161} INFO - Started process (PID=14579) to work on /home/ubuntu/.local/lib/python3.10/site-packages/airflow/example_dags/example_params_trigger_ui.py
[2024-02-08T03:08:13.006+0100] {processor.py:830} INFO - Processing file /home/ubuntu/.local/lib/python3.10/site-packages/airflow/example_dags/example_params_trigger_ui.py for tasks to queue
[2024-02-08T03:08:13.008+0100] {logging_mixin.py:188} INFO - [2024-02-08T03:08:13.007+0100] {dagbag.py:538} INFO - Filling up the DagBag from /home/ubuntu/.local/lib/python3.10/site-packages/airflow/example_dags/example_params_trigger_ui.py
[2024-02-08T03:08:13.036+0100] {processor.py:840} INFO - DAG(s) 'example_params_trigger_ui' retrieved from /home/ubuntu/.local/lib/python3.10/site-packages/airflow/example_dags/example_params_trigger_ui.py
[2024-02-08T03:08:13.097+0100] {logging_mixin.py:188} INFO - [2024-02-08T03:08:13.097+0100] {dag.py:3033} INFO - Sync 1 DAGs
[2024-02-08T03:08:13.114+0100] {logging_mixin.py:188} INFO - [2024-02-08T03:08:13.114+0100] {dag.py:3820} INFO - Setting next_dagrun for example_params_trigger_ui to None, run_after=None
[2024-02-08T03:08:13.156+0100] {processor.py:183} INFO - Processing /home/ubuntu/.local/lib/python3.10/site-packages/airflow/example_dags/example_params_trigger_ui.py took 0.159 seconds
[2024-02-08T03:09:15.250+0100] {processor.py:161} INFO - Started process (PID=14642) to work on /home/ubuntu/.local/lib/python3.10/site-packages/airflow/example_dags/example_params_trigger_ui.py
[2024-02-08T03:09:15.255+0100] {processor.py:830} INFO - Processing file /home/ubuntu/.local/lib/python3.10/site-packages/airflow/example_dags/example_params_trigger_ui.py for tasks to queue
[2024-02-08T03:09:15.257+0100] {logging_mixin.py:188} INFO - [2024-02-08T03:09:15.257+0100] {dagbag.py:538} INFO - Filling up the DagBag from /home/ubuntu/.local/lib/python3.10/site-packages/airflow/example_dags/example_params_trigger_ui.py
[2024-02-08T03:09:15.280+0100] {processor.py:840} INFO - DAG(s) 'example_params_trigger_ui' retrieved from /home/ubuntu/.local/lib/python3.10/site-packages/airflow/example_dags/example_params_trigger_ui.py
[2024-02-08T03:09:15.352+0100] {logging_mixin.py:188} INFO - [2024-02-08T03:09:15.352+0100] {dag.py:3033} INFO - Sync 1 DAGs
[2024-02-08T03:09:15.373+0100] {logging_mixin.py:188} INFO - [2024-02-08T03:09:15.372+0100] {dag.py:3820} INFO - Setting next_dagrun for example_params_trigger_ui to None, run_after=None
[2024-02-08T03:09:15.428+0100] {processor.py:183} INFO - Processing /home/ubuntu/.local/lib/python3.10/site-packages/airflow/example_dags/example_params_trigger_ui.py took 0.183 seconds
[2024-02-08T03:10:21.598+0100] {processor.py:161} INFO - Started process (PID=14701) to work on /home/ubuntu/.local/lib/python3.10/site-packages/airflow/example_dags/example_params_trigger_ui.py
[2024-02-08T03:10:21.603+0100] {processor.py:830} INFO - Processing file /home/ubuntu/.local/lib/python3.10/site-packages/airflow/example_dags/example_params_trigger_ui.py for tasks to queue
[2024-02-08T03:10:21.605+0100] {logging_mixin.py:188} INFO - [2024-02-08T03:10:21.605+0100] {dagbag.py:538} INFO - Filling up the DagBag from /home/ubuntu/.local/lib/python3.10/site-packages/airflow/example_dags/example_params_trigger_ui.py
[2024-02-08T03:10:21.628+0100] {processor.py:840} INFO - DAG(s) 'example_params_trigger_ui' retrieved from /home/ubuntu/.local/lib/python3.10/site-packages/airflow/example_dags/example_params_trigger_ui.py
[2024-02-08T03:10:21.685+0100] {logging_mixin.py:188} INFO - [2024-02-08T03:10:21.685+0100] {dag.py:3033} INFO - Sync 1 DAGs
[2024-02-08T03:10:21.704+0100] {logging_mixin.py:188} INFO - [2024-02-08T03:10:21.703+0100] {dag.py:3820} INFO - Setting next_dagrun for example_params_trigger_ui to None, run_after=None
[2024-02-08T03:10:21.765+0100] {processor.py:183} INFO - Processing /home/ubuntu/.local/lib/python3.10/site-packages/airflow/example_dags/example_params_trigger_ui.py took 0.172 seconds
[2024-02-08T03:11:26.389+0100] {processor.py:161} INFO - Started process (PID=14758) to work on /home/ubuntu/.local/lib/python3.10/site-packages/airflow/example_dags/example_params_trigger_ui.py
[2024-02-08T03:11:26.400+0100] {processor.py:830} INFO - Processing file /home/ubuntu/.local/lib/python3.10/site-packages/airflow/example_dags/example_params_trigger_ui.py for tasks to queue
[2024-02-08T03:11:26.402+0100] {logging_mixin.py:188} INFO - [2024-02-08T03:11:26.401+0100] {dagbag.py:538} INFO - Filling up the DagBag from /home/ubuntu/.local/lib/python3.10/site-packages/airflow/example_dags/example_params_trigger_ui.py
[2024-02-08T03:11:26.434+0100] {processor.py:840} INFO - DAG(s) 'example_params_trigger_ui' retrieved from /home/ubuntu/.local/lib/python3.10/site-packages/airflow/example_dags/example_params_trigger_ui.py
[2024-02-08T03:11:26.504+0100] {logging_mixin.py:188} INFO - [2024-02-08T03:11:26.504+0100] {dag.py:3033} INFO - Sync 1 DAGs
[2024-02-08T03:11:26.524+0100] {logging_mixin.py:188} INFO - [2024-02-08T03:11:26.522+0100] {dag.py:3820} INFO - Setting next_dagrun for example_params_trigger_ui to None, run_after=None
[2024-02-08T03:11:26.591+0100] {processor.py:183} INFO - Processing /home/ubuntu/.local/lib/python3.10/site-packages/airflow/example_dags/example_params_trigger_ui.py took 0.206 seconds
[2024-02-08T03:12:28.126+0100] {processor.py:161} INFO - Started process (PID=14817) to work on /home/ubuntu/.local/lib/python3.10/site-packages/airflow/example_dags/example_params_trigger_ui.py
[2024-02-08T03:12:28.129+0100] {processor.py:830} INFO - Processing file /home/ubuntu/.local/lib/python3.10/site-packages/airflow/example_dags/example_params_trigger_ui.py for tasks to queue
[2024-02-08T03:12:28.132+0100] {logging_mixin.py:188} INFO - [2024-02-08T03:12:28.131+0100] {dagbag.py:538} INFO - Filling up the DagBag from /home/ubuntu/.local/lib/python3.10/site-packages/airflow/example_dags/example_params_trigger_ui.py
[2024-02-08T03:12:28.158+0100] {processor.py:840} INFO - DAG(s) 'example_params_trigger_ui' retrieved from /home/ubuntu/.local/lib/python3.10/site-packages/airflow/example_dags/example_params_trigger_ui.py
[2024-02-08T03:12:28.219+0100] {logging_mixin.py:188} INFO - [2024-02-08T03:12:28.219+0100] {dag.py:3033} INFO - Sync 1 DAGs
[2024-02-08T03:12:28.235+0100] {logging_mixin.py:188} INFO - [2024-02-08T03:12:28.235+0100] {dag.py:3820} INFO - Setting next_dagrun for example_params_trigger_ui to None, run_after=None
[2024-02-08T03:12:28.274+0100] {processor.py:183} INFO - Processing /home/ubuntu/.local/lib/python3.10/site-packages/airflow/example_dags/example_params_trigger_ui.py took 0.152 seconds
[2024-02-08T03:13:29.010+0100] {processor.py:161} INFO - Started process (PID=14873) to work on /home/ubuntu/.local/lib/python3.10/site-packages/airflow/example_dags/example_params_trigger_ui.py
[2024-02-08T03:13:29.019+0100] {processor.py:830} INFO - Processing file /home/ubuntu/.local/lib/python3.10/site-packages/airflow/example_dags/example_params_trigger_ui.py for tasks to queue
[2024-02-08T03:13:29.021+0100] {logging_mixin.py:188} INFO - [2024-02-08T03:13:29.020+0100] {dagbag.py:538} INFO - Filling up the DagBag from /home/ubuntu/.local/lib/python3.10/site-packages/airflow/example_dags/example_params_trigger_ui.py
[2024-02-08T03:13:29.067+0100] {processor.py:840} INFO - DAG(s) 'example_params_trigger_ui' retrieved from /home/ubuntu/.local/lib/python3.10/site-packages/airflow/example_dags/example_params_trigger_ui.py
[2024-02-08T03:13:29.133+0100] {logging_mixin.py:188} INFO - [2024-02-08T03:13:29.132+0100] {dag.py:3033} INFO - Sync 1 DAGs
[2024-02-08T03:13:29.149+0100] {logging_mixin.py:188} INFO - [2024-02-08T03:13:29.149+0100] {dag.py:3820} INFO - Setting next_dagrun for example_params_trigger_ui to None, run_after=None
[2024-02-08T03:13:29.189+0100] {processor.py:183} INFO - Processing /home/ubuntu/.local/lib/python3.10/site-packages/airflow/example_dags/example_params_trigger_ui.py took 0.184 seconds
[2024-02-08T03:14:29.029+0100] {processor.py:161} INFO - Started process (PID=14939) to work on /home/ubuntu/.local/lib/python3.10/site-packages/airflow/example_dags/example_params_trigger_ui.py
[2024-02-08T03:14:29.037+0100] {processor.py:830} INFO - Processing file /home/ubuntu/.local/lib/python3.10/site-packages/airflow/example_dags/example_params_trigger_ui.py for tasks to queue
[2024-02-08T03:14:29.041+0100] {logging_mixin.py:188} INFO - [2024-02-08T03:14:29.040+0100] {dagbag.py:538} INFO - Filling up the DagBag from /home/ubuntu/.local/lib/python3.10/site-packages/airflow/example_dags/example_params_trigger_ui.py
[2024-02-08T03:14:29.070+0100] {processor.py:840} INFO - DAG(s) 'example_params_trigger_ui' retrieved from /home/ubuntu/.local/lib/python3.10/site-packages/airflow/example_dags/example_params_trigger_ui.py
[2024-02-08T03:14:29.143+0100] {logging_mixin.py:188} INFO - [2024-02-08T03:14:29.142+0100] {dag.py:3033} INFO - Sync 1 DAGs
[2024-02-08T03:14:29.160+0100] {logging_mixin.py:188} INFO - [2024-02-08T03:14:29.160+0100] {dag.py:3820} INFO - Setting next_dagrun for example_params_trigger_ui to None, run_after=None
[2024-02-08T03:14:29.214+0100] {processor.py:183} INFO - Processing /home/ubuntu/.local/lib/python3.10/site-packages/airflow/example_dags/example_params_trigger_ui.py took 0.193 seconds
[2024-02-08T03:15:31.889+0100] {processor.py:161} INFO - Started process (PID=15005) to work on /home/ubuntu/.local/lib/python3.10/site-packages/airflow/example_dags/example_params_trigger_ui.py
[2024-02-08T03:15:31.893+0100] {processor.py:830} INFO - Processing file /home/ubuntu/.local/lib/python3.10/site-packages/airflow/example_dags/example_params_trigger_ui.py for tasks to queue
[2024-02-08T03:15:31.896+0100] {logging_mixin.py:188} INFO - [2024-02-08T03:15:31.894+0100] {dagbag.py:538} INFO - Filling up the DagBag from /home/ubuntu/.local/lib/python3.10/site-packages/airflow/example_dags/example_params_trigger_ui.py
[2024-02-08T03:15:31.924+0100] {processor.py:840} INFO - DAG(s) 'example_params_trigger_ui' retrieved from /home/ubuntu/.local/lib/python3.10/site-packages/airflow/example_dags/example_params_trigger_ui.py
[2024-02-08T03:15:31.988+0100] {logging_mixin.py:188} INFO - [2024-02-08T03:15:31.988+0100] {dag.py:3033} INFO - Sync 1 DAGs
[2024-02-08T03:15:32.005+0100] {logging_mixin.py:188} INFO - [2024-02-08T03:15:32.004+0100] {dag.py:3820} INFO - Setting next_dagrun for example_params_trigger_ui to None, run_after=None
[2024-02-08T03:15:32.048+0100] {processor.py:183} INFO - Processing /home/ubuntu/.local/lib/python3.10/site-packages/airflow/example_dags/example_params_trigger_ui.py took 0.167 seconds
[2024-02-08T03:16:32.933+0100] {processor.py:161} INFO - Started process (PID=15061) to work on /home/ubuntu/.local/lib/python3.10/site-packages/airflow/example_dags/example_params_trigger_ui.py
[2024-02-08T03:16:32.944+0100] {processor.py:830} INFO - Processing file /home/ubuntu/.local/lib/python3.10/site-packages/airflow/example_dags/example_params_trigger_ui.py for tasks to queue
[2024-02-08T03:16:32.946+0100] {logging_mixin.py:188} INFO - [2024-02-08T03:16:32.945+0100] {dagbag.py:538} INFO - Filling up the DagBag from /home/ubuntu/.local/lib/python3.10/site-packages/airflow/example_dags/example_params_trigger_ui.py
[2024-02-08T03:16:32.970+0100] {processor.py:840} INFO - DAG(s) 'example_params_trigger_ui' retrieved from /home/ubuntu/.local/lib/python3.10/site-packages/airflow/example_dags/example_params_trigger_ui.py
[2024-02-08T03:16:33.047+0100] {logging_mixin.py:188} INFO - [2024-02-08T03:16:33.047+0100] {dag.py:3033} INFO - Sync 1 DAGs
[2024-02-08T03:16:33.066+0100] {logging_mixin.py:188} INFO - [2024-02-08T03:16:33.066+0100] {dag.py:3820} INFO - Setting next_dagrun for example_params_trigger_ui to None, run_after=None
[2024-02-08T03:16:33.114+0100] {processor.py:183} INFO - Processing /home/ubuntu/.local/lib/python3.10/site-packages/airflow/example_dags/example_params_trigger_ui.py took 0.187 seconds
[2024-02-08T03:17:29.629+0100] {processor.py:161} INFO - Started process (PID=15117) to work on /home/ubuntu/.local/lib/python3.10/site-packages/airflow/example_dags/example_params_trigger_ui.py
[2024-02-08T03:17:29.632+0100] {processor.py:830} INFO - Processing file /home/ubuntu/.local/lib/python3.10/site-packages/airflow/example_dags/example_params_trigger_ui.py for tasks to queue
[2024-02-08T03:17:29.636+0100] {logging_mixin.py:188} INFO - [2024-02-08T03:17:29.635+0100] {dagbag.py:538} INFO - Filling up the DagBag from /home/ubuntu/.local/lib/python3.10/site-packages/airflow/example_dags/example_params_trigger_ui.py
[2024-02-08T03:17:29.662+0100] {processor.py:840} INFO - DAG(s) 'example_params_trigger_ui' retrieved from /home/ubuntu/.local/lib/python3.10/site-packages/airflow/example_dags/example_params_trigger_ui.py
[2024-02-08T03:17:29.724+0100] {logging_mixin.py:188} INFO - [2024-02-08T03:17:29.723+0100] {dag.py:3033} INFO - Sync 1 DAGs
[2024-02-08T03:17:29.749+0100] {logging_mixin.py:188} INFO - [2024-02-08T03:17:29.749+0100] {dag.py:3820} INFO - Setting next_dagrun for example_params_trigger_ui to None, run_after=None
[2024-02-08T03:17:29.803+0100] {processor.py:183} INFO - Processing /home/ubuntu/.local/lib/python3.10/site-packages/airflow/example_dags/example_params_trigger_ui.py took 0.185 seconds
[2024-02-08T03:18:28.741+0100] {processor.py:161} INFO - Started process (PID=15172) to work on /home/ubuntu/.local/lib/python3.10/site-packages/airflow/example_dags/example_params_trigger_ui.py
[2024-02-08T03:18:28.751+0100] {processor.py:830} INFO - Processing file /home/ubuntu/.local/lib/python3.10/site-packages/airflow/example_dags/example_params_trigger_ui.py for tasks to queue
[2024-02-08T03:18:28.754+0100] {logging_mixin.py:188} INFO - [2024-02-08T03:18:28.753+0100] {dagbag.py:538} INFO - Filling up the DagBag from /home/ubuntu/.local/lib/python3.10/site-packages/airflow/example_dags/example_params_trigger_ui.py
[2024-02-08T03:18:28.776+0100] {processor.py:840} INFO - DAG(s) 'example_params_trigger_ui' retrieved from /home/ubuntu/.local/lib/python3.10/site-packages/airflow/example_dags/example_params_trigger_ui.py
[2024-02-08T03:18:28.846+0100] {logging_mixin.py:188} INFO - [2024-02-08T03:18:28.845+0100] {dag.py:3033} INFO - Sync 1 DAGs
[2024-02-08T03:18:28.865+0100] {logging_mixin.py:188} INFO - [2024-02-08T03:18:28.865+0100] {dag.py:3820} INFO - Setting next_dagrun for example_params_trigger_ui to None, run_after=None
[2024-02-08T03:18:28.908+0100] {processor.py:183} INFO - Processing /home/ubuntu/.local/lib/python3.10/site-packages/airflow/example_dags/example_params_trigger_ui.py took 0.175 seconds
[2024-02-08T03:19:33.981+0100] {processor.py:161} INFO - Started process (PID=15287) to work on /home/ubuntu/.local/lib/python3.10/site-packages/airflow/example_dags/example_params_trigger_ui.py
[2024-02-08T03:19:33.997+0100] {processor.py:830} INFO - Processing file /home/ubuntu/.local/lib/python3.10/site-packages/airflow/example_dags/example_params_trigger_ui.py for tasks to queue
[2024-02-08T03:19:34.007+0100] {logging_mixin.py:188} INFO - [2024-02-08T03:19:34.003+0100] {dagbag.py:538} INFO - Filling up the DagBag from /home/ubuntu/.local/lib/python3.10/site-packages/airflow/example_dags/example_params_trigger_ui.py
[2024-02-08T03:19:34.084+0100] {processor.py:840} INFO - DAG(s) 'example_params_trigger_ui' retrieved from /home/ubuntu/.local/lib/python3.10/site-packages/airflow/example_dags/example_params_trigger_ui.py
[2024-02-08T03:19:34.153+0100] {logging_mixin.py:188} INFO - [2024-02-08T03:19:34.153+0100] {dag.py:3033} INFO - Sync 1 DAGs
[2024-02-08T03:19:34.176+0100] {logging_mixin.py:188} INFO - [2024-02-08T03:19:34.176+0100] {dag.py:3820} INFO - Setting next_dagrun for example_params_trigger_ui to None, run_after=None
[2024-02-08T03:19:34.223+0100] {processor.py:183} INFO - Processing /home/ubuntu/.local/lib/python3.10/site-packages/airflow/example_dags/example_params_trigger_ui.py took 0.246 seconds
[2024-02-08T03:20:46.487+0100] {processor.py:161} INFO - Started process (PID=15357) to work on /home/ubuntu/.local/lib/python3.10/site-packages/airflow/example_dags/example_params_trigger_ui.py
[2024-02-08T03:20:46.492+0100] {processor.py:830} INFO - Processing file /home/ubuntu/.local/lib/python3.10/site-packages/airflow/example_dags/example_params_trigger_ui.py for tasks to queue
[2024-02-08T03:20:46.495+0100] {logging_mixin.py:188} INFO - [2024-02-08T03:20:46.494+0100] {dagbag.py:538} INFO - Filling up the DagBag from /home/ubuntu/.local/lib/python3.10/site-packages/airflow/example_dags/example_params_trigger_ui.py
[2024-02-08T03:20:46.522+0100] {processor.py:840} INFO - DAG(s) 'example_params_trigger_ui' retrieved from /home/ubuntu/.local/lib/python3.10/site-packages/airflow/example_dags/example_params_trigger_ui.py
[2024-02-08T03:20:46.585+0100] {logging_mixin.py:188} INFO - [2024-02-08T03:20:46.585+0100] {dag.py:3033} INFO - Sync 1 DAGs
[2024-02-08T03:20:46.601+0100] {logging_mixin.py:188} INFO - [2024-02-08T03:20:46.601+0100] {dag.py:3820} INFO - Setting next_dagrun for example_params_trigger_ui to None, run_after=None
[2024-02-08T03:20:46.642+0100] {processor.py:183} INFO - Processing /home/ubuntu/.local/lib/python3.10/site-packages/airflow/example_dags/example_params_trigger_ui.py took 0.161 seconds
[2024-02-08T03:21:54.567+0100] {processor.py:161} INFO - Started process (PID=15416) to work on /home/ubuntu/.local/lib/python3.10/site-packages/airflow/example_dags/example_params_trigger_ui.py
[2024-02-08T03:21:54.570+0100] {processor.py:830} INFO - Processing file /home/ubuntu/.local/lib/python3.10/site-packages/airflow/example_dags/example_params_trigger_ui.py for tasks to queue
[2024-02-08T03:21:54.572+0100] {logging_mixin.py:188} INFO - [2024-02-08T03:21:54.571+0100] {dagbag.py:538} INFO - Filling up the DagBag from /home/ubuntu/.local/lib/python3.10/site-packages/airflow/example_dags/example_params_trigger_ui.py
[2024-02-08T03:21:54.596+0100] {processor.py:840} INFO - DAG(s) 'example_params_trigger_ui' retrieved from /home/ubuntu/.local/lib/python3.10/site-packages/airflow/example_dags/example_params_trigger_ui.py
[2024-02-08T03:21:54.650+0100] {logging_mixin.py:188} INFO - [2024-02-08T03:21:54.649+0100] {dag.py:3033} INFO - Sync 1 DAGs
[2024-02-08T03:21:54.664+0100] {logging_mixin.py:188} INFO - [2024-02-08T03:21:54.663+0100] {dag.py:3820} INFO - Setting next_dagrun for example_params_trigger_ui to None, run_after=None
[2024-02-08T03:21:54.704+0100] {processor.py:183} INFO - Processing /home/ubuntu/.local/lib/python3.10/site-packages/airflow/example_dags/example_params_trigger_ui.py took 0.141 seconds
[2024-02-08T03:22:57.484+0100] {processor.py:161} INFO - Started process (PID=15473) to work on /home/ubuntu/.local/lib/python3.10/site-packages/airflow/example_dags/example_params_trigger_ui.py
[2024-02-08T03:22:57.490+0100] {processor.py:830} INFO - Processing file /home/ubuntu/.local/lib/python3.10/site-packages/airflow/example_dags/example_params_trigger_ui.py for tasks to queue
[2024-02-08T03:22:57.492+0100] {logging_mixin.py:188} INFO - [2024-02-08T03:22:57.491+0100] {dagbag.py:538} INFO - Filling up the DagBag from /home/ubuntu/.local/lib/python3.10/site-packages/airflow/example_dags/example_params_trigger_ui.py
[2024-02-08T03:22:57.511+0100] {processor.py:840} INFO - DAG(s) 'example_params_trigger_ui' retrieved from /home/ubuntu/.local/lib/python3.10/site-packages/airflow/example_dags/example_params_trigger_ui.py
[2024-02-08T03:22:57.559+0100] {logging_mixin.py:188} INFO - [2024-02-08T03:22:57.558+0100] {dag.py:3033} INFO - Sync 1 DAGs
[2024-02-08T03:22:57.574+0100] {logging_mixin.py:188} INFO - [2024-02-08T03:22:57.574+0100] {dag.py:3820} INFO - Setting next_dagrun for example_params_trigger_ui to None, run_after=None
[2024-02-08T03:22:57.608+0100] {processor.py:183} INFO - Processing /home/ubuntu/.local/lib/python3.10/site-packages/airflow/example_dags/example_params_trigger_ui.py took 0.129 seconds
[2024-02-08T03:24:20.399+0100] {processor.py:161} INFO - Started process (PID=15574) to work on /home/ubuntu/.local/lib/python3.10/site-packages/airflow/example_dags/example_params_trigger_ui.py
[2024-02-08T03:24:20.458+0100] {processor.py:830} INFO - Processing file /home/ubuntu/.local/lib/python3.10/site-packages/airflow/example_dags/example_params_trigger_ui.py for tasks to queue
[2024-02-08T03:24:20.462+0100] {logging_mixin.py:188} INFO - [2024-02-08T03:24:20.462+0100] {dagbag.py:538} INFO - Filling up the DagBag from /home/ubuntu/.local/lib/python3.10/site-packages/airflow/example_dags/example_params_trigger_ui.py
[2024-02-08T03:24:20.720+0100] {processor.py:840} INFO - DAG(s) 'example_params_trigger_ui' retrieved from /home/ubuntu/.local/lib/python3.10/site-packages/airflow/example_dags/example_params_trigger_ui.py
[2024-02-08T03:24:20.903+0100] {logging_mixin.py:188} INFO - [2024-02-08T03:24:20.902+0100] {dag.py:3033} INFO - Sync 1 DAGs
[2024-02-08T03:24:20.927+0100] {logging_mixin.py:188} INFO - [2024-02-08T03:24:20.926+0100] {dag.py:3820} INFO - Setting next_dagrun for example_params_trigger_ui to None, run_after=None
[2024-02-08T03:24:21.112+0100] {processor.py:183} INFO - Processing /home/ubuntu/.local/lib/python3.10/site-packages/airflow/example_dags/example_params_trigger_ui.py took 0.727 seconds
