[2024-02-08T02:46:54.386+0100] {processor.py:161} INFO - Started process (PID=12403) to work on /home/ubuntu/.local/lib/python3.10/site-packages/airflow/example_dags/example_branch_operator_decorator.py
[2024-02-08T02:46:54.388+0100] {processor.py:830} INFO - Processing file /home/ubuntu/.local/lib/python3.10/site-packages/airflow/example_dags/example_branch_operator_decorator.py for tasks to queue
[2024-02-08T02:46:54.394+0100] {logging_mixin.py:188} INFO - [2024-02-08T02:46:54.390+0100] {dagbag.py:538} INFO - Filling up the DagBag from /home/ubuntu/.local/lib/python3.10/site-packages/airflow/example_dags/example_branch_operator_decorator.py
[2024-02-08T02:46:54.430+0100] {processor.py:840} INFO - DAG(s) 'example_branch_python_operator_decorator' retrieved from /home/ubuntu/.local/lib/python3.10/site-packages/airflow/example_dags/example_branch_operator_decorator.py
[2024-02-08T02:46:54.633+0100] {logging_mixin.py:188} INFO - [2024-02-08T02:46:54.632+0100] {dag.py:3033} INFO - Sync 1 DAGs
[2024-02-08T02:46:54.733+0100] {logging_mixin.py:188} INFO - [2024-02-08T02:46:54.732+0100] {dag.py:3820} INFO - Setting next_dagrun for example_branch_python_operator_decorator to 2024-02-07T00:00:00+00:00, run_after=2024-02-08T00:00:00+00:00
[2024-02-08T02:46:54.847+0100] {processor.py:183} INFO - Processing /home/ubuntu/.local/lib/python3.10/site-packages/airflow/example_dags/example_branch_operator_decorator.py took 0.470 seconds
[2024-02-08T02:48:35.480+0100] {processor.py:161} INFO - Started process (PID=12625) to work on /home/ubuntu/.local/lib/python3.10/site-packages/airflow/example_dags/example_branch_operator_decorator.py
[2024-02-08T02:48:35.483+0100] {processor.py:830} INFO - Processing file /home/ubuntu/.local/lib/python3.10/site-packages/airflow/example_dags/example_branch_operator_decorator.py for tasks to queue
[2024-02-08T02:48:35.485+0100] {logging_mixin.py:188} INFO - [2024-02-08T02:48:35.484+0100] {dagbag.py:538} INFO - Filling up the DagBag from /home/ubuntu/.local/lib/python3.10/site-packages/airflow/example_dags/example_branch_operator_decorator.py
[2024-02-08T02:48:35.518+0100] {processor.py:840} INFO - DAG(s) 'example_branch_python_operator_decorator' retrieved from /home/ubuntu/.local/lib/python3.10/site-packages/airflow/example_dags/example_branch_operator_decorator.py
[2024-02-08T02:48:35.570+0100] {logging_mixin.py:188} INFO - [2024-02-08T02:48:35.570+0100] {dag.py:3033} INFO - Sync 1 DAGs
[2024-02-08T02:48:35.638+0100] {logging_mixin.py:188} INFO - [2024-02-08T02:48:35.637+0100] {dag.py:3820} INFO - Setting next_dagrun for example_branch_python_operator_decorator to 2024-02-07T00:00:00+00:00, run_after=2024-02-08T00:00:00+00:00
[2024-02-08T02:48:35.682+0100] {processor.py:183} INFO - Processing /home/ubuntu/.local/lib/python3.10/site-packages/airflow/example_dags/example_branch_operator_decorator.py took 0.207 seconds
[2024-02-08T02:50:30.843+0100] {processor.py:161} INFO - Started process (PID=13563) to work on /home/ubuntu/.local/lib/python3.10/site-packages/airflow/example_dags/example_branch_operator_decorator.py
[2024-02-08T02:50:30.847+0100] {processor.py:830} INFO - Processing file /home/ubuntu/.local/lib/python3.10/site-packages/airflow/example_dags/example_branch_operator_decorator.py for tasks to queue
[2024-02-08T02:50:30.849+0100] {logging_mixin.py:188} INFO - [2024-02-08T02:50:30.848+0100] {dagbag.py:538} INFO - Filling up the DagBag from /home/ubuntu/.local/lib/python3.10/site-packages/airflow/example_dags/example_branch_operator_decorator.py
[2024-02-08T02:50:30.900+0100] {processor.py:840} INFO - DAG(s) 'example_branch_python_operator_decorator' retrieved from /home/ubuntu/.local/lib/python3.10/site-packages/airflow/example_dags/example_branch_operator_decorator.py
[2024-02-08T02:50:30.962+0100] {logging_mixin.py:188} INFO - [2024-02-08T02:50:30.962+0100] {dag.py:3033} INFO - Sync 1 DAGs
[2024-02-08T02:50:31.042+0100] {logging_mixin.py:188} INFO - [2024-02-08T02:50:31.041+0100] {dag.py:3820} INFO - Setting next_dagrun for example_branch_python_operator_decorator to 2024-02-07T00:00:00+00:00, run_after=2024-02-08T00:00:00+00:00
[2024-02-08T02:50:31.158+0100] {processor.py:183} INFO - Processing /home/ubuntu/.local/lib/python3.10/site-packages/airflow/example_dags/example_branch_operator_decorator.py took 0.326 seconds
[2024-02-08T02:51:51.135+0100] {processor.py:161} INFO - Started process (PID=13701) to work on /home/ubuntu/.local/lib/python3.10/site-packages/airflow/example_dags/example_branch_operator_decorator.py
[2024-02-08T02:51:51.139+0100] {processor.py:830} INFO - Processing file /home/ubuntu/.local/lib/python3.10/site-packages/airflow/example_dags/example_branch_operator_decorator.py for tasks to queue
[2024-02-08T02:51:51.141+0100] {logging_mixin.py:188} INFO - [2024-02-08T02:51:51.140+0100] {dagbag.py:538} INFO - Filling up the DagBag from /home/ubuntu/.local/lib/python3.10/site-packages/airflow/example_dags/example_branch_operator_decorator.py
[2024-02-08T02:51:51.166+0100] {processor.py:840} INFO - DAG(s) 'example_branch_python_operator_decorator' retrieved from /home/ubuntu/.local/lib/python3.10/site-packages/airflow/example_dags/example_branch_operator_decorator.py
[2024-02-08T02:51:51.231+0100] {logging_mixin.py:188} INFO - [2024-02-08T02:51:51.231+0100] {dag.py:3033} INFO - Sync 1 DAGs
[2024-02-08T02:51:51.277+0100] {logging_mixin.py:188} INFO - [2024-02-08T02:51:51.260+0100] {dag.py:3820} INFO - Setting next_dagrun for example_branch_python_operator_decorator to 2024-02-07T00:00:00+00:00, run_after=2024-02-08T00:00:00+00:00
[2024-02-08T02:51:51.357+0100] {processor.py:183} INFO - Processing /home/ubuntu/.local/lib/python3.10/site-packages/airflow/example_dags/example_branch_operator_decorator.py took 0.228 seconds
[2024-02-08T02:53:29.786+0100] {processor.py:161} INFO - Started process (PID=13815) to work on /home/ubuntu/.local/lib/python3.10/site-packages/airflow/example_dags/example_branch_operator_decorator.py
[2024-02-08T02:53:29.794+0100] {processor.py:830} INFO - Processing file /home/ubuntu/.local/lib/python3.10/site-packages/airflow/example_dags/example_branch_operator_decorator.py for tasks to queue
[2024-02-08T02:53:29.797+0100] {logging_mixin.py:188} INFO - [2024-02-08T02:53:29.796+0100] {dagbag.py:538} INFO - Filling up the DagBag from /home/ubuntu/.local/lib/python3.10/site-packages/airflow/example_dags/example_branch_operator_decorator.py
[2024-02-08T02:53:29.857+0100] {processor.py:840} INFO - DAG(s) 'example_branch_python_operator_decorator' retrieved from /home/ubuntu/.local/lib/python3.10/site-packages/airflow/example_dags/example_branch_operator_decorator.py
[2024-02-08T02:53:29.885+0100] {logging_mixin.py:188} INFO - [2024-02-08T02:53:29.885+0100] {dag.py:3033} INFO - Sync 1 DAGs
[2024-02-08T02:53:29.913+0100] {logging_mixin.py:188} INFO - [2024-02-08T02:53:29.913+0100] {dag.py:3820} INFO - Setting next_dagrun for example_branch_python_operator_decorator to 2024-02-07T00:00:00+00:00, run_after=2024-02-08T00:00:00+00:00
[2024-02-08T02:53:29.989+0100] {processor.py:183} INFO - Processing /home/ubuntu/.local/lib/python3.10/site-packages/airflow/example_dags/example_branch_operator_decorator.py took 0.207 seconds
[2024-02-08T02:57:00.136+0100] {processor.py:161} INFO - Started process (PID=13945) to work on /home/ubuntu/.local/lib/python3.10/site-packages/airflow/example_dags/example_branch_operator_decorator.py
[2024-02-08T02:57:00.142+0100] {processor.py:830} INFO - Processing file /home/ubuntu/.local/lib/python3.10/site-packages/airflow/example_dags/example_branch_operator_decorator.py for tasks to queue
[2024-02-08T02:57:00.143+0100] {logging_mixin.py:188} INFO - [2024-02-08T02:57:00.143+0100] {dagbag.py:538} INFO - Filling up the DagBag from /home/ubuntu/.local/lib/python3.10/site-packages/airflow/example_dags/example_branch_operator_decorator.py
[2024-02-08T02:57:00.260+0100] {processor.py:840} INFO - DAG(s) 'example_branch_python_operator_decorator' retrieved from /home/ubuntu/.local/lib/python3.10/site-packages/airflow/example_dags/example_branch_operator_decorator.py
[2024-02-08T02:57:00.510+0100] {logging_mixin.py:188} INFO - [2024-02-08T02:57:00.495+0100] {dag.py:3033} INFO - Sync 1 DAGs
[2024-02-08T02:57:00.729+0100] {logging_mixin.py:188} INFO - [2024-02-08T02:57:00.729+0100] {dag.py:3820} INFO - Setting next_dagrun for example_branch_python_operator_decorator to 2024-02-07T00:00:00+00:00, run_after=2024-02-08T00:00:00+00:00
[2024-02-08T02:57:00.957+0100] {processor.py:183} INFO - Processing /home/ubuntu/.local/lib/python3.10/site-packages/airflow/example_dags/example_branch_operator_decorator.py took 0.826 seconds
[2024-02-08T02:59:45.557+0100] {processor.py:161} INFO - Started process (PID=14027) to work on /home/ubuntu/.local/lib/python3.10/site-packages/airflow/example_dags/example_branch_operator_decorator.py
[2024-02-08T02:59:45.591+0100] {processor.py:830} INFO - Processing file /home/ubuntu/.local/lib/python3.10/site-packages/airflow/example_dags/example_branch_operator_decorator.py for tasks to queue
[2024-02-08T02:59:45.594+0100] {logging_mixin.py:188} INFO - [2024-02-08T02:59:45.593+0100] {dagbag.py:538} INFO - Filling up the DagBag from /home/ubuntu/.local/lib/python3.10/site-packages/airflow/example_dags/example_branch_operator_decorator.py
[2024-02-08T02:59:45.652+0100] {processor.py:840} INFO - DAG(s) 'example_branch_python_operator_decorator' retrieved from /home/ubuntu/.local/lib/python3.10/site-packages/airflow/example_dags/example_branch_operator_decorator.py
[2024-02-08T02:59:45.707+0100] {logging_mixin.py:188} INFO - [2024-02-08T02:59:45.707+0100] {dag.py:3033} INFO - Sync 1 DAGs
[2024-02-08T02:59:45.793+0100] {logging_mixin.py:188} INFO - [2024-02-08T02:59:45.792+0100] {dag.py:3820} INFO - Setting next_dagrun for example_branch_python_operator_decorator to 2024-02-07T00:00:00+00:00, run_after=2024-02-08T00:00:00+00:00
[2024-02-08T02:59:46.016+0100] {processor.py:183} INFO - Processing /home/ubuntu/.local/lib/python3.10/site-packages/airflow/example_dags/example_branch_operator_decorator.py took 0.477 seconds
[2024-02-08T03:01:33.491+0100] {processor.py:161} INFO - Started process (PID=14096) to work on /home/ubuntu/.local/lib/python3.10/site-packages/airflow/example_dags/example_branch_operator_decorator.py
[2024-02-08T03:01:33.507+0100] {processor.py:830} INFO - Processing file /home/ubuntu/.local/lib/python3.10/site-packages/airflow/example_dags/example_branch_operator_decorator.py for tasks to queue
[2024-02-08T03:01:33.510+0100] {logging_mixin.py:188} INFO - [2024-02-08T03:01:33.509+0100] {dagbag.py:538} INFO - Filling up the DagBag from /home/ubuntu/.local/lib/python3.10/site-packages/airflow/example_dags/example_branch_operator_decorator.py
[2024-02-08T03:01:33.568+0100] {processor.py:840} INFO - DAG(s) 'example_branch_python_operator_decorator' retrieved from /home/ubuntu/.local/lib/python3.10/site-packages/airflow/example_dags/example_branch_operator_decorator.py
[2024-02-08T03:01:33.620+0100] {logging_mixin.py:188} INFO - [2024-02-08T03:01:33.620+0100] {dag.py:3033} INFO - Sync 1 DAGs
[2024-02-08T03:01:33.660+0100] {logging_mixin.py:188} INFO - [2024-02-08T03:01:33.659+0100] {dag.py:3820} INFO - Setting next_dagrun for example_branch_python_operator_decorator to 2024-02-07T00:00:00+00:00, run_after=2024-02-08T00:00:00+00:00
[2024-02-08T03:01:33.738+0100] {processor.py:183} INFO - Processing /home/ubuntu/.local/lib/python3.10/site-packages/airflow/example_dags/example_branch_operator_decorator.py took 0.256 seconds
[2024-02-08T03:03:38.235+0100] {processor.py:161} INFO - Started process (PID=14255) to work on /home/ubuntu/.local/lib/python3.10/site-packages/airflow/example_dags/example_branch_operator_decorator.py
[2024-02-08T03:03:38.239+0100] {processor.py:830} INFO - Processing file /home/ubuntu/.local/lib/python3.10/site-packages/airflow/example_dags/example_branch_operator_decorator.py for tasks to queue
[2024-02-08T03:03:38.241+0100] {logging_mixin.py:188} INFO - [2024-02-08T03:03:38.240+0100] {dagbag.py:538} INFO - Filling up the DagBag from /home/ubuntu/.local/lib/python3.10/site-packages/airflow/example_dags/example_branch_operator_decorator.py
[2024-02-08T03:03:38.276+0100] {processor.py:840} INFO - DAG(s) 'example_branch_python_operator_decorator' retrieved from /home/ubuntu/.local/lib/python3.10/site-packages/airflow/example_dags/example_branch_operator_decorator.py
[2024-02-08T03:03:38.313+0100] {logging_mixin.py:188} INFO - [2024-02-08T03:03:38.313+0100] {dag.py:3033} INFO - Sync 1 DAGs
[2024-02-08T03:03:38.344+0100] {logging_mixin.py:188} INFO - [2024-02-08T03:03:38.344+0100] {dag.py:3820} INFO - Setting next_dagrun for example_branch_python_operator_decorator to 2024-02-07T00:00:00+00:00, run_after=2024-02-08T00:00:00+00:00
[2024-02-08T03:03:38.381+0100] {processor.py:183} INFO - Processing /home/ubuntu/.local/lib/python3.10/site-packages/airflow/example_dags/example_branch_operator_decorator.py took 0.151 seconds
[2024-02-08T03:04:54.906+0100] {processor.py:161} INFO - Started process (PID=14323) to work on /home/ubuntu/.local/lib/python3.10/site-packages/airflow/example_dags/example_branch_operator_decorator.py
[2024-02-08T03:04:54.910+0100] {processor.py:830} INFO - Processing file /home/ubuntu/.local/lib/python3.10/site-packages/airflow/example_dags/example_branch_operator_decorator.py for tasks to queue
[2024-02-08T03:04:54.914+0100] {logging_mixin.py:188} INFO - [2024-02-08T03:04:54.913+0100] {dagbag.py:538} INFO - Filling up the DagBag from /home/ubuntu/.local/lib/python3.10/site-packages/airflow/example_dags/example_branch_operator_decorator.py
[2024-02-08T03:04:54.955+0100] {processor.py:840} INFO - DAG(s) 'example_branch_python_operator_decorator' retrieved from /home/ubuntu/.local/lib/python3.10/site-packages/airflow/example_dags/example_branch_operator_decorator.py
[2024-02-08T03:04:54.989+0100] {logging_mixin.py:188} INFO - [2024-02-08T03:04:54.989+0100] {dag.py:3033} INFO - Sync 1 DAGs
[2024-02-08T03:04:55.018+0100] {logging_mixin.py:188} INFO - [2024-02-08T03:04:55.018+0100] {dag.py:3820} INFO - Setting next_dagrun for example_branch_python_operator_decorator to 2024-02-07T00:00:00+00:00, run_after=2024-02-08T00:00:00+00:00
[2024-02-08T03:04:55.063+0100] {processor.py:183} INFO - Processing /home/ubuntu/.local/lib/python3.10/site-packages/airflow/example_dags/example_branch_operator_decorator.py took 0.163 seconds
[2024-02-08T03:06:27.222+0100] {processor.py:161} INFO - Started process (PID=14398) to work on /home/ubuntu/.local/lib/python3.10/site-packages/airflow/example_dags/example_branch_operator_decorator.py
[2024-02-08T03:06:27.225+0100] {processor.py:830} INFO - Processing file /home/ubuntu/.local/lib/python3.10/site-packages/airflow/example_dags/example_branch_operator_decorator.py for tasks to queue
[2024-02-08T03:06:27.228+0100] {logging_mixin.py:188} INFO - [2024-02-08T03:06:27.227+0100] {dagbag.py:538} INFO - Filling up the DagBag from /home/ubuntu/.local/lib/python3.10/site-packages/airflow/example_dags/example_branch_operator_decorator.py
[2024-02-08T03:06:27.262+0100] {processor.py:840} INFO - DAG(s) 'example_branch_python_operator_decorator' retrieved from /home/ubuntu/.local/lib/python3.10/site-packages/airflow/example_dags/example_branch_operator_decorator.py
[2024-02-08T03:06:27.305+0100] {logging_mixin.py:188} INFO - [2024-02-08T03:06:27.305+0100] {dag.py:3033} INFO - Sync 1 DAGs
[2024-02-08T03:06:27.381+0100] {logging_mixin.py:188} INFO - [2024-02-08T03:06:27.381+0100] {dag.py:3820} INFO - Setting next_dagrun for example_branch_python_operator_decorator to 2024-02-07T00:00:00+00:00, run_after=2024-02-08T00:00:00+00:00
[2024-02-08T03:06:27.422+0100] {processor.py:183} INFO - Processing /home/ubuntu/.local/lib/python3.10/site-packages/airflow/example_dags/example_branch_operator_decorator.py took 0.206 seconds
[2024-02-08T03:07:30.432+0100] {processor.py:161} INFO - Started process (PID=14495) to work on /home/ubuntu/.local/lib/python3.10/site-packages/airflow/example_dags/example_branch_operator_decorator.py
[2024-02-08T03:07:30.438+0100] {processor.py:830} INFO - Processing file /home/ubuntu/.local/lib/python3.10/site-packages/airflow/example_dags/example_branch_operator_decorator.py for tasks to queue
[2024-02-08T03:07:30.443+0100] {logging_mixin.py:188} INFO - [2024-02-08T03:07:30.443+0100] {dagbag.py:538} INFO - Filling up the DagBag from /home/ubuntu/.local/lib/python3.10/site-packages/airflow/example_dags/example_branch_operator_decorator.py
[2024-02-08T03:07:30.503+0100] {processor.py:840} INFO - DAG(s) 'example_branch_python_operator_decorator' retrieved from /home/ubuntu/.local/lib/python3.10/site-packages/airflow/example_dags/example_branch_operator_decorator.py
[2024-02-08T03:07:30.601+0100] {logging_mixin.py:188} INFO - [2024-02-08T03:07:30.601+0100] {dag.py:3033} INFO - Sync 1 DAGs
[2024-02-08T03:07:30.680+0100] {logging_mixin.py:188} INFO - [2024-02-08T03:07:30.680+0100] {dag.py:3820} INFO - Setting next_dagrun for example_branch_python_operator_decorator to 2024-02-07T00:00:00+00:00, run_after=2024-02-08T00:00:00+00:00
[2024-02-08T03:07:30.777+0100] {processor.py:183} INFO - Processing /home/ubuntu/.local/lib/python3.10/site-packages/airflow/example_dags/example_branch_operator_decorator.py took 0.351 seconds
[2024-02-08T03:08:46.371+0100] {processor.py:161} INFO - Started process (PID=14612) to work on /home/ubuntu/.local/lib/python3.10/site-packages/airflow/example_dags/example_branch_operator_decorator.py
[2024-02-08T03:08:46.375+0100] {processor.py:830} INFO - Processing file /home/ubuntu/.local/lib/python3.10/site-packages/airflow/example_dags/example_branch_operator_decorator.py for tasks to queue
[2024-02-08T03:08:46.377+0100] {logging_mixin.py:188} INFO - [2024-02-08T03:08:46.376+0100] {dagbag.py:538} INFO - Filling up the DagBag from /home/ubuntu/.local/lib/python3.10/site-packages/airflow/example_dags/example_branch_operator_decorator.py
[2024-02-08T03:08:46.406+0100] {processor.py:840} INFO - DAG(s) 'example_branch_python_operator_decorator' retrieved from /home/ubuntu/.local/lib/python3.10/site-packages/airflow/example_dags/example_branch_operator_decorator.py
[2024-02-08T03:08:46.438+0100] {logging_mixin.py:188} INFO - [2024-02-08T03:08:46.438+0100] {dag.py:3033} INFO - Sync 1 DAGs
[2024-02-08T03:08:46.471+0100] {logging_mixin.py:188} INFO - [2024-02-08T03:08:46.470+0100] {dag.py:3820} INFO - Setting next_dagrun for example_branch_python_operator_decorator to 2024-02-07T00:00:00+00:00, run_after=2024-02-08T00:00:00+00:00
[2024-02-08T03:08:46.512+0100] {processor.py:183} INFO - Processing /home/ubuntu/.local/lib/python3.10/site-packages/airflow/example_dags/example_branch_operator_decorator.py took 0.151 seconds
[2024-02-08T03:09:48.127+0100] {processor.py:161} INFO - Started process (PID=14670) to work on /home/ubuntu/.local/lib/python3.10/site-packages/airflow/example_dags/example_branch_operator_decorator.py
[2024-02-08T03:09:48.133+0100] {processor.py:830} INFO - Processing file /home/ubuntu/.local/lib/python3.10/site-packages/airflow/example_dags/example_branch_operator_decorator.py for tasks to queue
[2024-02-08T03:09:48.135+0100] {logging_mixin.py:188} INFO - [2024-02-08T03:09:48.134+0100] {dagbag.py:538} INFO - Filling up the DagBag from /home/ubuntu/.local/lib/python3.10/site-packages/airflow/example_dags/example_branch_operator_decorator.py
[2024-02-08T03:09:48.167+0100] {processor.py:840} INFO - DAG(s) 'example_branch_python_operator_decorator' retrieved from /home/ubuntu/.local/lib/python3.10/site-packages/airflow/example_dags/example_branch_operator_decorator.py
[2024-02-08T03:09:48.205+0100] {logging_mixin.py:188} INFO - [2024-02-08T03:09:48.204+0100] {dag.py:3033} INFO - Sync 1 DAGs
[2024-02-08T03:09:48.234+0100] {logging_mixin.py:188} INFO - [2024-02-08T03:09:48.234+0100] {dag.py:3820} INFO - Setting next_dagrun for example_branch_python_operator_decorator to 2024-02-07T00:00:00+00:00, run_after=2024-02-08T00:00:00+00:00
[2024-02-08T03:09:48.284+0100] {processor.py:183} INFO - Processing /home/ubuntu/.local/lib/python3.10/site-packages/airflow/example_dags/example_branch_operator_decorator.py took 0.162 seconds
[2024-02-08T03:10:56.726+0100] {processor.py:161} INFO - Started process (PID=14730) to work on /home/ubuntu/.local/lib/python3.10/site-packages/airflow/example_dags/example_branch_operator_decorator.py
[2024-02-08T03:10:56.733+0100] {processor.py:830} INFO - Processing file /home/ubuntu/.local/lib/python3.10/site-packages/airflow/example_dags/example_branch_operator_decorator.py for tasks to queue
[2024-02-08T03:10:56.735+0100] {logging_mixin.py:188} INFO - [2024-02-08T03:10:56.734+0100] {dagbag.py:538} INFO - Filling up the DagBag from /home/ubuntu/.local/lib/python3.10/site-packages/airflow/example_dags/example_branch_operator_decorator.py
[2024-02-08T03:10:56.778+0100] {processor.py:840} INFO - DAG(s) 'example_branch_python_operator_decorator' retrieved from /home/ubuntu/.local/lib/python3.10/site-packages/airflow/example_dags/example_branch_operator_decorator.py
[2024-02-08T03:10:56.823+0100] {logging_mixin.py:188} INFO - [2024-02-08T03:10:56.823+0100] {dag.py:3033} INFO - Sync 1 DAGs
[2024-02-08T03:10:56.856+0100] {logging_mixin.py:188} INFO - [2024-02-08T03:10:56.856+0100] {dag.py:3820} INFO - Setting next_dagrun for example_branch_python_operator_decorator to 2024-02-07T00:00:00+00:00, run_after=2024-02-08T00:00:00+00:00
[2024-02-08T03:10:56.902+0100] {processor.py:183} INFO - Processing /home/ubuntu/.local/lib/python3.10/site-packages/airflow/example_dags/example_branch_operator_decorator.py took 0.181 seconds
[2024-02-08T03:12:00.278+0100] {processor.py:161} INFO - Started process (PID=14787) to work on /home/ubuntu/.local/lib/python3.10/site-packages/airflow/example_dags/example_branch_operator_decorator.py
[2024-02-08T03:12:00.280+0100] {processor.py:830} INFO - Processing file /home/ubuntu/.local/lib/python3.10/site-packages/airflow/example_dags/example_branch_operator_decorator.py for tasks to queue
[2024-02-08T03:12:00.282+0100] {logging_mixin.py:188} INFO - [2024-02-08T03:12:00.281+0100] {dagbag.py:538} INFO - Filling up the DagBag from /home/ubuntu/.local/lib/python3.10/site-packages/airflow/example_dags/example_branch_operator_decorator.py
[2024-02-08T03:12:00.313+0100] {processor.py:840} INFO - DAG(s) 'example_branch_python_operator_decorator' retrieved from /home/ubuntu/.local/lib/python3.10/site-packages/airflow/example_dags/example_branch_operator_decorator.py
[2024-02-08T03:12:00.349+0100] {logging_mixin.py:188} INFO - [2024-02-08T03:12:00.349+0100] {dag.py:3033} INFO - Sync 1 DAGs
[2024-02-08T03:12:00.381+0100] {logging_mixin.py:188} INFO - [2024-02-08T03:12:00.381+0100] {dag.py:3820} INFO - Setting next_dagrun for example_branch_python_operator_decorator to 2024-02-07T00:00:00+00:00, run_after=2024-02-08T00:00:00+00:00
[2024-02-08T03:12:00.422+0100] {processor.py:183} INFO - Processing /home/ubuntu/.local/lib/python3.10/site-packages/airflow/example_dags/example_branch_operator_decorator.py took 0.149 seconds
[2024-02-08T03:12:58.158+0100] {processor.py:161} INFO - Started process (PID=14845) to work on /home/ubuntu/.local/lib/python3.10/site-packages/airflow/example_dags/example_branch_operator_decorator.py
[2024-02-08T03:12:58.162+0100] {processor.py:830} INFO - Processing file /home/ubuntu/.local/lib/python3.10/site-packages/airflow/example_dags/example_branch_operator_decorator.py for tasks to queue
[2024-02-08T03:12:58.165+0100] {logging_mixin.py:188} INFO - [2024-02-08T03:12:58.164+0100] {dagbag.py:538} INFO - Filling up the DagBag from /home/ubuntu/.local/lib/python3.10/site-packages/airflow/example_dags/example_branch_operator_decorator.py
[2024-02-08T03:12:58.207+0100] {processor.py:840} INFO - DAG(s) 'example_branch_python_operator_decorator' retrieved from /home/ubuntu/.local/lib/python3.10/site-packages/airflow/example_dags/example_branch_operator_decorator.py
[2024-02-08T03:12:58.251+0100] {logging_mixin.py:188} INFO - [2024-02-08T03:12:58.250+0100] {dag.py:3033} INFO - Sync 1 DAGs
[2024-02-08T03:12:58.279+0100] {logging_mixin.py:188} INFO - [2024-02-08T03:12:58.279+0100] {dag.py:3820} INFO - Setting next_dagrun for example_branch_python_operator_decorator to 2024-02-07T00:00:00+00:00, run_after=2024-02-08T00:00:00+00:00
[2024-02-08T03:12:58.338+0100] {processor.py:183} INFO - Processing /home/ubuntu/.local/lib/python3.10/site-packages/airflow/example_dags/example_branch_operator_decorator.py took 0.189 seconds
[2024-02-08T03:13:58.077+0100] {processor.py:161} INFO - Started process (PID=14904) to work on /home/ubuntu/.local/lib/python3.10/site-packages/airflow/example_dags/example_branch_operator_decorator.py
[2024-02-08T03:13:58.081+0100] {processor.py:830} INFO - Processing file /home/ubuntu/.local/lib/python3.10/site-packages/airflow/example_dags/example_branch_operator_decorator.py for tasks to queue
[2024-02-08T03:13:58.083+0100] {logging_mixin.py:188} INFO - [2024-02-08T03:13:58.082+0100] {dagbag.py:538} INFO - Filling up the DagBag from /home/ubuntu/.local/lib/python3.10/site-packages/airflow/example_dags/example_branch_operator_decorator.py
[2024-02-08T03:13:58.120+0100] {processor.py:840} INFO - DAG(s) 'example_branch_python_operator_decorator' retrieved from /home/ubuntu/.local/lib/python3.10/site-packages/airflow/example_dags/example_branch_operator_decorator.py
[2024-02-08T03:13:58.163+0100] {logging_mixin.py:188} INFO - [2024-02-08T03:13:58.163+0100] {dag.py:3033} INFO - Sync 1 DAGs
[2024-02-08T03:13:58.201+0100] {logging_mixin.py:188} INFO - [2024-02-08T03:13:58.201+0100] {dag.py:3820} INFO - Setting next_dagrun for example_branch_python_operator_decorator to 2024-02-07T00:00:00+00:00, run_after=2024-02-08T00:00:00+00:00
[2024-02-08T03:13:58.250+0100] {processor.py:183} INFO - Processing /home/ubuntu/.local/lib/python3.10/site-packages/airflow/example_dags/example_branch_operator_decorator.py took 0.180 seconds
[2024-02-08T03:15:00.930+0100] {processor.py:161} INFO - Started process (PID=14969) to work on /home/ubuntu/.local/lib/python3.10/site-packages/airflow/example_dags/example_branch_operator_decorator.py
[2024-02-08T03:15:00.933+0100] {processor.py:830} INFO - Processing file /home/ubuntu/.local/lib/python3.10/site-packages/airflow/example_dags/example_branch_operator_decorator.py for tasks to queue
[2024-02-08T03:15:00.935+0100] {logging_mixin.py:188} INFO - [2024-02-08T03:15:00.934+0100] {dagbag.py:538} INFO - Filling up the DagBag from /home/ubuntu/.local/lib/python3.10/site-packages/airflow/example_dags/example_branch_operator_decorator.py
[2024-02-08T03:15:00.971+0100] {processor.py:840} INFO - DAG(s) 'example_branch_python_operator_decorator' retrieved from /home/ubuntu/.local/lib/python3.10/site-packages/airflow/example_dags/example_branch_operator_decorator.py
[2024-02-08T03:15:01.016+0100] {logging_mixin.py:188} INFO - [2024-02-08T03:15:01.016+0100] {dag.py:3033} INFO - Sync 1 DAGs
[2024-02-08T03:15:01.061+0100] {logging_mixin.py:188} INFO - [2024-02-08T03:15:01.060+0100] {dag.py:3820} INFO - Setting next_dagrun for example_branch_python_operator_decorator to 2024-02-07T00:00:00+00:00, run_after=2024-02-08T00:00:00+00:00
[2024-02-08T03:15:01.109+0100] {processor.py:183} INFO - Processing /home/ubuntu/.local/lib/python3.10/site-packages/airflow/example_dags/example_branch_operator_decorator.py took 0.188 seconds
[2024-02-08T03:16:04.156+0100] {processor.py:161} INFO - Started process (PID=15031) to work on /home/ubuntu/.local/lib/python3.10/site-packages/airflow/example_dags/example_branch_operator_decorator.py
[2024-02-08T03:16:04.161+0100] {processor.py:830} INFO - Processing file /home/ubuntu/.local/lib/python3.10/site-packages/airflow/example_dags/example_branch_operator_decorator.py for tasks to queue
[2024-02-08T03:16:04.164+0100] {logging_mixin.py:188} INFO - [2024-02-08T03:16:04.163+0100] {dagbag.py:538} INFO - Filling up the DagBag from /home/ubuntu/.local/lib/python3.10/site-packages/airflow/example_dags/example_branch_operator_decorator.py
[2024-02-08T03:16:04.200+0100] {processor.py:840} INFO - DAG(s) 'example_branch_python_operator_decorator' retrieved from /home/ubuntu/.local/lib/python3.10/site-packages/airflow/example_dags/example_branch_operator_decorator.py
[2024-02-08T03:16:04.242+0100] {logging_mixin.py:188} INFO - [2024-02-08T03:16:04.242+0100] {dag.py:3033} INFO - Sync 1 DAGs
[2024-02-08T03:16:04.283+0100] {logging_mixin.py:188} INFO - [2024-02-08T03:16:04.282+0100] {dag.py:3820} INFO - Setting next_dagrun for example_branch_python_operator_decorator to 2024-02-07T00:00:00+00:00, run_after=2024-02-08T00:00:00+00:00
[2024-02-08T03:16:04.338+0100] {processor.py:183} INFO - Processing /home/ubuntu/.local/lib/python3.10/site-packages/airflow/example_dags/example_branch_operator_decorator.py took 0.187 seconds
[2024-02-08T03:17:03.370+0100] {processor.py:161} INFO - Started process (PID=15090) to work on /home/ubuntu/.local/lib/python3.10/site-packages/airflow/example_dags/example_branch_operator_decorator.py
[2024-02-08T03:17:03.376+0100] {processor.py:830} INFO - Processing file /home/ubuntu/.local/lib/python3.10/site-packages/airflow/example_dags/example_branch_operator_decorator.py for tasks to queue
[2024-02-08T03:17:03.378+0100] {logging_mixin.py:188} INFO - [2024-02-08T03:17:03.377+0100] {dagbag.py:538} INFO - Filling up the DagBag from /home/ubuntu/.local/lib/python3.10/site-packages/airflow/example_dags/example_branch_operator_decorator.py
[2024-02-08T03:17:03.408+0100] {processor.py:840} INFO - DAG(s) 'example_branch_python_operator_decorator' retrieved from /home/ubuntu/.local/lib/python3.10/site-packages/airflow/example_dags/example_branch_operator_decorator.py
[2024-02-08T03:17:03.440+0100] {logging_mixin.py:188} INFO - [2024-02-08T03:17:03.440+0100] {dag.py:3033} INFO - Sync 1 DAGs
[2024-02-08T03:17:03.485+0100] {logging_mixin.py:188} INFO - [2024-02-08T03:17:03.484+0100] {dag.py:3820} INFO - Setting next_dagrun for example_branch_python_operator_decorator to 2024-02-07T00:00:00+00:00, run_after=2024-02-08T00:00:00+00:00
[2024-02-08T03:17:03.549+0100] {processor.py:183} INFO - Processing /home/ubuntu/.local/lib/python3.10/site-packages/airflow/example_dags/example_branch_operator_decorator.py took 0.184 seconds
[2024-02-08T03:18:01.290+0100] {processor.py:161} INFO - Started process (PID=15147) to work on /home/ubuntu/.local/lib/python3.10/site-packages/airflow/example_dags/example_branch_operator_decorator.py
[2024-02-08T03:18:01.294+0100] {processor.py:830} INFO - Processing file /home/ubuntu/.local/lib/python3.10/site-packages/airflow/example_dags/example_branch_operator_decorator.py for tasks to queue
[2024-02-08T03:18:01.297+0100] {logging_mixin.py:188} INFO - [2024-02-08T03:18:01.296+0100] {dagbag.py:538} INFO - Filling up the DagBag from /home/ubuntu/.local/lib/python3.10/site-packages/airflow/example_dags/example_branch_operator_decorator.py
[2024-02-08T03:18:01.336+0100] {processor.py:840} INFO - DAG(s) 'example_branch_python_operator_decorator' retrieved from /home/ubuntu/.local/lib/python3.10/site-packages/airflow/example_dags/example_branch_operator_decorator.py
[2024-02-08T03:18:01.376+0100] {logging_mixin.py:188} INFO - [2024-02-08T03:18:01.376+0100] {dag.py:3033} INFO - Sync 1 DAGs
[2024-02-08T03:18:01.415+0100] {logging_mixin.py:188} INFO - [2024-02-08T03:18:01.415+0100] {dag.py:3820} INFO - Setting next_dagrun for example_branch_python_operator_decorator to 2024-02-07T00:00:00+00:00, run_after=2024-02-08T00:00:00+00:00
[2024-02-08T03:18:01.470+0100] {processor.py:183} INFO - Processing /home/ubuntu/.local/lib/python3.10/site-packages/airflow/example_dags/example_branch_operator_decorator.py took 0.191 seconds
[2024-02-08T03:19:01.391+0100] {processor.py:161} INFO - Started process (PID=15202) to work on /home/ubuntu/.local/lib/python3.10/site-packages/airflow/example_dags/example_branch_operator_decorator.py
[2024-02-08T03:19:01.396+0100] {processor.py:830} INFO - Processing file /home/ubuntu/.local/lib/python3.10/site-packages/airflow/example_dags/example_branch_operator_decorator.py for tasks to queue
[2024-02-08T03:19:01.398+0100] {logging_mixin.py:188} INFO - [2024-02-08T03:19:01.397+0100] {dagbag.py:538} INFO - Filling up the DagBag from /home/ubuntu/.local/lib/python3.10/site-packages/airflow/example_dags/example_branch_operator_decorator.py
[2024-02-08T03:19:01.431+0100] {processor.py:840} INFO - DAG(s) 'example_branch_python_operator_decorator' retrieved from /home/ubuntu/.local/lib/python3.10/site-packages/airflow/example_dags/example_branch_operator_decorator.py
[2024-02-08T03:19:01.473+0100] {logging_mixin.py:188} INFO - [2024-02-08T03:19:01.473+0100] {dag.py:3033} INFO - Sync 1 DAGs
[2024-02-08T03:19:01.512+0100] {logging_mixin.py:188} INFO - [2024-02-08T03:19:01.511+0100] {dag.py:3820} INFO - Setting next_dagrun for example_branch_python_operator_decorator to 2024-02-07T00:00:00+00:00, run_after=2024-02-08T00:00:00+00:00
[2024-02-08T03:19:01.564+0100] {processor.py:183} INFO - Processing /home/ubuntu/.local/lib/python3.10/site-packages/airflow/example_dags/example_branch_operator_decorator.py took 0.179 seconds
[2024-02-08T03:20:18.441+0100] {processor.py:161} INFO - Started process (PID=15329) to work on /home/ubuntu/.local/lib/python3.10/site-packages/airflow/example_dags/example_branch_operator_decorator.py
[2024-02-08T03:20:18.444+0100] {processor.py:830} INFO - Processing file /home/ubuntu/.local/lib/python3.10/site-packages/airflow/example_dags/example_branch_operator_decorator.py for tasks to queue
[2024-02-08T03:20:18.445+0100] {logging_mixin.py:188} INFO - [2024-02-08T03:20:18.445+0100] {dagbag.py:538} INFO - Filling up the DagBag from /home/ubuntu/.local/lib/python3.10/site-packages/airflow/example_dags/example_branch_operator_decorator.py
[2024-02-08T03:20:18.492+0100] {processor.py:840} INFO - DAG(s) 'example_branch_python_operator_decorator' retrieved from /home/ubuntu/.local/lib/python3.10/site-packages/airflow/example_dags/example_branch_operator_decorator.py
[2024-02-08T03:20:18.535+0100] {logging_mixin.py:188} INFO - [2024-02-08T03:20:18.533+0100] {dag.py:3033} INFO - Sync 1 DAGs
[2024-02-08T03:20:18.572+0100] {logging_mixin.py:188} INFO - [2024-02-08T03:20:18.571+0100] {dag.py:3820} INFO - Setting next_dagrun for example_branch_python_operator_decorator to 2024-02-07T00:00:00+00:00, run_after=2024-02-08T00:00:00+00:00
[2024-02-08T03:20:18.616+0100] {processor.py:183} INFO - Processing /home/ubuntu/.local/lib/python3.10/site-packages/airflow/example_dags/example_branch_operator_decorator.py took 0.180 seconds
[2024-02-08T03:21:24.717+0100] {processor.py:161} INFO - Started process (PID=15388) to work on /home/ubuntu/.local/lib/python3.10/site-packages/airflow/example_dags/example_branch_operator_decorator.py
[2024-02-08T03:21:24.721+0100] {processor.py:830} INFO - Processing file /home/ubuntu/.local/lib/python3.10/site-packages/airflow/example_dags/example_branch_operator_decorator.py for tasks to queue
[2024-02-08T03:21:24.723+0100] {logging_mixin.py:188} INFO - [2024-02-08T03:21:24.722+0100] {dagbag.py:538} INFO - Filling up the DagBag from /home/ubuntu/.local/lib/python3.10/site-packages/airflow/example_dags/example_branch_operator_decorator.py
[2024-02-08T03:21:24.765+0100] {processor.py:840} INFO - DAG(s) 'example_branch_python_operator_decorator' retrieved from /home/ubuntu/.local/lib/python3.10/site-packages/airflow/example_dags/example_branch_operator_decorator.py
[2024-02-08T03:21:24.803+0100] {logging_mixin.py:188} INFO - [2024-02-08T03:21:24.803+0100] {dag.py:3033} INFO - Sync 1 DAGs
[2024-02-08T03:21:24.839+0100] {logging_mixin.py:188} INFO - [2024-02-08T03:21:24.839+0100] {dag.py:3820} INFO - Setting next_dagrun for example_branch_python_operator_decorator to 2024-02-07T00:00:00+00:00, run_after=2024-02-08T00:00:00+00:00
[2024-02-08T03:21:24.884+0100] {processor.py:183} INFO - Processing /home/ubuntu/.local/lib/python3.10/site-packages/airflow/example_dags/example_branch_operator_decorator.py took 0.172 seconds
[2024-02-08T03:22:30.001+0100] {processor.py:161} INFO - Started process (PID=15446) to work on /home/ubuntu/.local/lib/python3.10/site-packages/airflow/example_dags/example_branch_operator_decorator.py
[2024-02-08T03:22:30.016+0100] {processor.py:830} INFO - Processing file /home/ubuntu/.local/lib/python3.10/site-packages/airflow/example_dags/example_branch_operator_decorator.py for tasks to queue
[2024-02-08T03:22:30.052+0100] {logging_mixin.py:188} INFO - [2024-02-08T03:22:30.029+0100] {dagbag.py:538} INFO - Filling up the DagBag from /home/ubuntu/.local/lib/python3.10/site-packages/airflow/example_dags/example_branch_operator_decorator.py
[2024-02-08T03:22:30.524+0100] {processor.py:840} INFO - DAG(s) 'example_branch_python_operator_decorator' retrieved from /home/ubuntu/.local/lib/python3.10/site-packages/airflow/example_dags/example_branch_operator_decorator.py
[2024-02-08T03:22:30.849+0100] {logging_mixin.py:188} INFO - [2024-02-08T03:22:30.848+0100] {dag.py:3033} INFO - Sync 1 DAGs
[2024-02-08T03:22:30.993+0100] {logging_mixin.py:188} INFO - [2024-02-08T03:22:30.993+0100] {dag.py:3820} INFO - Setting next_dagrun for example_branch_python_operator_decorator to 2024-02-07T00:00:00+00:00, run_after=2024-02-08T00:00:00+00:00
[2024-02-08T03:22:31.096+0100] {processor.py:183} INFO - Processing /home/ubuntu/.local/lib/python3.10/site-packages/airflow/example_dags/example_branch_operator_decorator.py took 1.198 seconds
[2024-02-08T03:23:40.890+0100] {processor.py:161} INFO - Started process (PID=15530) to work on /home/ubuntu/.local/lib/python3.10/site-packages/airflow/example_dags/example_branch_operator_decorator.py
[2024-02-08T03:23:40.895+0100] {processor.py:830} INFO - Processing file /home/ubuntu/.local/lib/python3.10/site-packages/airflow/example_dags/example_branch_operator_decorator.py for tasks to queue
[2024-02-08T03:23:40.902+0100] {logging_mixin.py:188} INFO - [2024-02-08T03:23:40.898+0100] {dagbag.py:538} INFO - Filling up the DagBag from /home/ubuntu/.local/lib/python3.10/site-packages/airflow/example_dags/example_branch_operator_decorator.py
[2024-02-08T03:23:41.027+0100] {processor.py:840} INFO - DAG(s) 'example_branch_python_operator_decorator' retrieved from /home/ubuntu/.local/lib/python3.10/site-packages/airflow/example_dags/example_branch_operator_decorator.py
[2024-02-08T03:23:41.091+0100] {logging_mixin.py:188} INFO - [2024-02-08T03:23:41.091+0100] {dag.py:3033} INFO - Sync 1 DAGs
[2024-02-08T03:23:41.131+0100] {logging_mixin.py:188} INFO - [2024-02-08T03:23:41.130+0100] {dag.py:3820} INFO - Setting next_dagrun for example_branch_python_operator_decorator to 2024-02-07T00:00:00+00:00, run_after=2024-02-08T00:00:00+00:00
[2024-02-08T03:23:41.223+0100] {processor.py:183} INFO - Processing /home/ubuntu/.local/lib/python3.10/site-packages/airflow/example_dags/example_branch_operator_decorator.py took 0.337 seconds
[2024-02-08T03:25:13.648+0100] {processor.py:161} INFO - Started process (PID=15659) to work on /home/ubuntu/.local/lib/python3.10/site-packages/airflow/example_dags/example_branch_operator_decorator.py
[2024-02-08T03:25:13.652+0100] {processor.py:830} INFO - Processing file /home/ubuntu/.local/lib/python3.10/site-packages/airflow/example_dags/example_branch_operator_decorator.py for tasks to queue
[2024-02-08T03:25:13.653+0100] {logging_mixin.py:188} INFO - [2024-02-08T03:25:13.653+0100] {dagbag.py:538} INFO - Filling up the DagBag from /home/ubuntu/.local/lib/python3.10/site-packages/airflow/example_dags/example_branch_operator_decorator.py
[2024-02-08T03:25:13.682+0100] {processor.py:840} INFO - DAG(s) 'example_branch_python_operator_decorator' retrieved from /home/ubuntu/.local/lib/python3.10/site-packages/airflow/example_dags/example_branch_operator_decorator.py
[2024-02-08T03:25:13.720+0100] {logging_mixin.py:188} INFO - [2024-02-08T03:25:13.720+0100] {dag.py:3033} INFO - Sync 1 DAGs
[2024-02-08T03:25:13.752+0100] {logging_mixin.py:188} INFO - [2024-02-08T03:25:13.752+0100] {dag.py:3820} INFO - Setting next_dagrun for example_branch_python_operator_decorator to 2024-02-07T00:00:00+00:00, run_after=2024-02-08T00:00:00+00:00
[2024-02-08T03:25:13.825+0100] {processor.py:183} INFO - Processing /home/ubuntu/.local/lib/python3.10/site-packages/airflow/example_dags/example_branch_operator_decorator.py took 0.181 seconds
