[2024-02-08T02:46:27.972+0100] {processor.py:161} INFO - Started process (PID=12347) to work on /home/ubuntu/.local/lib/python3.10/site-packages/airflow/example_dags/example_time_delta_sensor_async.py
[2024-02-08T02:46:27.974+0100] {processor.py:830} INFO - Processing file /home/ubuntu/.local/lib/python3.10/site-packages/airflow/example_dags/example_time_delta_sensor_async.py for tasks to queue
[2024-02-08T02:46:27.977+0100] {logging_mixin.py:188} INFO - [2024-02-08T02:46:27.976+0100] {dagbag.py:538} INFO - Filling up the DagBag from /home/ubuntu/.local/lib/python3.10/site-packages/airflow/example_dags/example_time_delta_sensor_async.py
[2024-02-08T02:46:27.990+0100] {processor.py:840} INFO - DAG(s) 'example_time_delta_sensor_async' retrieved from /home/ubuntu/.local/lib/python3.10/site-packages/airflow/example_dags/example_time_delta_sensor_async.py
[2024-02-08T02:46:28.155+0100] {logging_mixin.py:188} INFO - [2024-02-08T02:46:28.155+0100] {dag.py:3033} INFO - Sync 1 DAGs
[2024-02-08T02:46:28.168+0100] {logging_mixin.py:188} INFO - [2024-02-08T02:46:28.168+0100] {dag.py:3820} INFO - Setting next_dagrun for example_time_delta_sensor_async to None, run_after=None
[2024-02-08T02:46:28.335+0100] {processor.py:183} INFO - Processing /home/ubuntu/.local/lib/python3.10/site-packages/airflow/example_dags/example_time_delta_sensor_async.py took 0.372 seconds
[2024-02-08T02:48:08.509+0100] {processor.py:161} INFO - Started process (PID=12467) to work on /home/ubuntu/.local/lib/python3.10/site-packages/airflow/example_dags/example_time_delta_sensor_async.py
[2024-02-08T02:48:08.512+0100] {processor.py:830} INFO - Processing file /home/ubuntu/.local/lib/python3.10/site-packages/airflow/example_dags/example_time_delta_sensor_async.py for tasks to queue
[2024-02-08T02:48:08.513+0100] {logging_mixin.py:188} INFO - [2024-02-08T02:48:08.513+0100] {dagbag.py:538} INFO - Filling up the DagBag from /home/ubuntu/.local/lib/python3.10/site-packages/airflow/example_dags/example_time_delta_sensor_async.py
[2024-02-08T02:48:08.522+0100] {processor.py:840} INFO - DAG(s) 'example_time_delta_sensor_async' retrieved from /home/ubuntu/.local/lib/python3.10/site-packages/airflow/example_dags/example_time_delta_sensor_async.py
[2024-02-08T02:48:08.541+0100] {logging_mixin.py:188} INFO - [2024-02-08T02:48:08.541+0100] {dag.py:3033} INFO - Sync 1 DAGs
[2024-02-08T02:48:08.553+0100] {logging_mixin.py:188} INFO - [2024-02-08T02:48:08.553+0100] {dag.py:3820} INFO - Setting next_dagrun for example_time_delta_sensor_async to None, run_after=None
[2024-02-08T02:48:08.586+0100] {processor.py:183} INFO - Processing /home/ubuntu/.local/lib/python3.10/site-packages/airflow/example_dags/example_time_delta_sensor_async.py took 0.083 seconds
[2024-02-08T02:49:06.003+0100] {processor.py:161} INFO - Started process (PID=13075) to work on /home/ubuntu/.local/lib/python3.10/site-packages/airflow/example_dags/example_time_delta_sensor_async.py
[2024-02-08T02:49:06.008+0100] {processor.py:830} INFO - Processing file /home/ubuntu/.local/lib/python3.10/site-packages/airflow/example_dags/example_time_delta_sensor_async.py for tasks to queue
[2024-02-08T02:49:06.009+0100] {logging_mixin.py:188} INFO - [2024-02-08T02:49:06.008+0100] {dagbag.py:538} INFO - Filling up the DagBag from /home/ubuntu/.local/lib/python3.10/site-packages/airflow/example_dags/example_time_delta_sensor_async.py
[2024-02-08T02:49:06.017+0100] {processor.py:840} INFO - DAG(s) 'example_time_delta_sensor_async' retrieved from /home/ubuntu/.local/lib/python3.10/site-packages/airflow/example_dags/example_time_delta_sensor_async.py
[2024-02-08T02:49:06.041+0100] {logging_mixin.py:188} INFO - [2024-02-08T02:49:06.040+0100] {dag.py:3033} INFO - Sync 1 DAGs
[2024-02-08T02:49:06.055+0100] {logging_mixin.py:188} INFO - [2024-02-08T02:49:06.054+0100] {dag.py:3820} INFO - Setting next_dagrun for example_time_delta_sensor_async to None, run_after=None
[2024-02-08T02:49:06.102+0100] {processor.py:183} INFO - Processing /home/ubuntu/.local/lib/python3.10/site-packages/airflow/example_dags/example_time_delta_sensor_async.py took 0.103 seconds
[2024-02-08T02:50:07.027+0100] {processor.py:161} INFO - Started process (PID=13128) to work on /home/ubuntu/.local/lib/python3.10/site-packages/airflow/example_dags/example_time_delta_sensor_async.py
[2024-02-08T02:50:07.034+0100] {processor.py:830} INFO - Processing file /home/ubuntu/.local/lib/python3.10/site-packages/airflow/example_dags/example_time_delta_sensor_async.py for tasks to queue
[2024-02-08T02:50:07.041+0100] {logging_mixin.py:188} INFO - [2024-02-08T02:50:07.037+0100] {dagbag.py:538} INFO - Filling up the DagBag from /home/ubuntu/.local/lib/python3.10/site-packages/airflow/example_dags/example_time_delta_sensor_async.py
[2024-02-08T02:50:07.061+0100] {processor.py:840} INFO - DAG(s) 'example_time_delta_sensor_async' retrieved from /home/ubuntu/.local/lib/python3.10/site-packages/airflow/example_dags/example_time_delta_sensor_async.py
[2024-02-08T02:50:07.161+0100] {logging_mixin.py:188} INFO - [2024-02-08T02:50:07.160+0100] {dag.py:3033} INFO - Sync 1 DAGs
[2024-02-08T02:50:07.174+0100] {logging_mixin.py:188} INFO - [2024-02-08T02:50:07.174+0100] {dag.py:3820} INFO - Setting next_dagrun for example_time_delta_sensor_async to None, run_after=None
[2024-02-08T02:50:07.209+0100] {processor.py:183} INFO - Processing /home/ubuntu/.local/lib/python3.10/site-packages/airflow/example_dags/example_time_delta_sensor_async.py took 0.189 seconds
[2024-02-08T02:50:52.879+0100] {processor.py:161} INFO - Started process (PID=13646) to work on /home/ubuntu/.local/lib/python3.10/site-packages/airflow/example_dags/example_time_delta_sensor_async.py
[2024-02-08T02:50:52.882+0100] {processor.py:830} INFO - Processing file /home/ubuntu/.local/lib/python3.10/site-packages/airflow/example_dags/example_time_delta_sensor_async.py for tasks to queue
[2024-02-08T02:50:52.884+0100] {logging_mixin.py:188} INFO - [2024-02-08T02:50:52.883+0100] {dagbag.py:538} INFO - Filling up the DagBag from /home/ubuntu/.local/lib/python3.10/site-packages/airflow/example_dags/example_time_delta_sensor_async.py
[2024-02-08T02:50:52.896+0100] {processor.py:840} INFO - DAG(s) 'example_time_delta_sensor_async' retrieved from /home/ubuntu/.local/lib/python3.10/site-packages/airflow/example_dags/example_time_delta_sensor_async.py
[2024-02-08T02:50:52.926+0100] {logging_mixin.py:188} INFO - [2024-02-08T02:50:52.926+0100] {dag.py:3033} INFO - Sync 1 DAGs
[2024-02-08T02:50:52.955+0100] {logging_mixin.py:188} INFO - [2024-02-08T02:50:52.955+0100] {dag.py:3820} INFO - Setting next_dagrun for example_time_delta_sensor_async to None, run_after=None
[2024-02-08T02:50:53.011+0100] {processor.py:183} INFO - Processing /home/ubuntu/.local/lib/python3.10/site-packages/airflow/example_dags/example_time_delta_sensor_async.py took 0.139 seconds
[2024-02-08T02:52:31.078+0100] {processor.py:161} INFO - Started process (PID=13750) to work on /home/ubuntu/.local/lib/python3.10/site-packages/airflow/example_dags/example_time_delta_sensor_async.py
[2024-02-08T02:52:31.084+0100] {processor.py:830} INFO - Processing file /home/ubuntu/.local/lib/python3.10/site-packages/airflow/example_dags/example_time_delta_sensor_async.py for tasks to queue
[2024-02-08T02:52:31.087+0100] {logging_mixin.py:188} INFO - [2024-02-08T02:52:31.085+0100] {dagbag.py:538} INFO - Filling up the DagBag from /home/ubuntu/.local/lib/python3.10/site-packages/airflow/example_dags/example_time_delta_sensor_async.py
[2024-02-08T02:52:31.120+0100] {processor.py:840} INFO - DAG(s) 'example_time_delta_sensor_async' retrieved from /home/ubuntu/.local/lib/python3.10/site-packages/airflow/example_dags/example_time_delta_sensor_async.py
[2024-02-08T02:52:31.184+0100] {logging_mixin.py:188} INFO - [2024-02-08T02:52:31.184+0100] {dag.py:3033} INFO - Sync 1 DAGs
[2024-02-08T02:52:31.201+0100] {logging_mixin.py:188} INFO - [2024-02-08T02:52:31.200+0100] {dag.py:3820} INFO - Setting next_dagrun for example_time_delta_sensor_async to None, run_after=None
[2024-02-08T02:52:31.313+0100] {processor.py:183} INFO - Processing /home/ubuntu/.local/lib/python3.10/site-packages/airflow/example_dags/example_time_delta_sensor_async.py took 0.254 seconds
[2024-02-08T02:53:52.355+0100] {processor.py:161} INFO - Started process (PID=13840) to work on /home/ubuntu/.local/lib/python3.10/site-packages/airflow/example_dags/example_time_delta_sensor_async.py
[2024-02-08T02:53:52.361+0100] {processor.py:830} INFO - Processing file /home/ubuntu/.local/lib/python3.10/site-packages/airflow/example_dags/example_time_delta_sensor_async.py for tasks to queue
[2024-02-08T02:53:52.363+0100] {logging_mixin.py:188} INFO - [2024-02-08T02:53:52.362+0100] {dagbag.py:538} INFO - Filling up the DagBag from /home/ubuntu/.local/lib/python3.10/site-packages/airflow/example_dags/example_time_delta_sensor_async.py
[2024-02-08T02:53:52.376+0100] {processor.py:840} INFO - DAG(s) 'example_time_delta_sensor_async' retrieved from /home/ubuntu/.local/lib/python3.10/site-packages/airflow/example_dags/example_time_delta_sensor_async.py
[2024-02-08T02:53:52.458+0100] {logging_mixin.py:188} INFO - [2024-02-08T02:53:52.458+0100] {dag.py:3033} INFO - Sync 1 DAGs
[2024-02-08T02:53:52.499+0100] {logging_mixin.py:188} INFO - [2024-02-08T02:53:52.499+0100] {dag.py:3820} INFO - Setting next_dagrun for example_time_delta_sensor_async to None, run_after=None
[2024-02-08T02:53:52.693+0100] {processor.py:183} INFO - Processing /home/ubuntu/.local/lib/python3.10/site-packages/airflow/example_dags/example_time_delta_sensor_async.py took 0.356 seconds
[2024-02-08T02:56:27.841+0100] {processor.py:161} INFO - Started process (PID=13922) to work on /home/ubuntu/.local/lib/python3.10/site-packages/airflow/example_dags/example_time_delta_sensor_async.py
[2024-02-08T02:56:27.850+0100] {processor.py:830} INFO - Processing file /home/ubuntu/.local/lib/python3.10/site-packages/airflow/example_dags/example_time_delta_sensor_async.py for tasks to queue
[2024-02-08T02:56:27.851+0100] {logging_mixin.py:188} INFO - [2024-02-08T02:56:27.851+0100] {dagbag.py:538} INFO - Filling up the DagBag from /home/ubuntu/.local/lib/python3.10/site-packages/airflow/example_dags/example_time_delta_sensor_async.py
[2024-02-08T02:56:27.877+0100] {processor.py:840} INFO - DAG(s) 'example_time_delta_sensor_async' retrieved from /home/ubuntu/.local/lib/python3.10/site-packages/airflow/example_dags/example_time_delta_sensor_async.py
[2024-02-08T02:56:27.923+0100] {logging_mixin.py:188} INFO - [2024-02-08T02:56:27.922+0100] {dag.py:3033} INFO - Sync 1 DAGs
[2024-02-08T02:56:27.988+0100] {logging_mixin.py:188} INFO - [2024-02-08T02:56:27.988+0100] {dag.py:3820} INFO - Setting next_dagrun for example_time_delta_sensor_async to None, run_after=None
[2024-02-08T02:56:28.205+0100] {processor.py:183} INFO - Processing /home/ubuntu/.local/lib/python3.10/site-packages/airflow/example_dags/example_time_delta_sensor_async.py took 0.368 seconds
[2024-02-08T02:59:03.418+0100] {processor.py:161} INFO - Started process (PID=14003) to work on /home/ubuntu/.local/lib/python3.10/site-packages/airflow/example_dags/example_time_delta_sensor_async.py
[2024-02-08T02:59:03.444+0100] {processor.py:830} INFO - Processing file /home/ubuntu/.local/lib/python3.10/site-packages/airflow/example_dags/example_time_delta_sensor_async.py for tasks to queue
[2024-02-08T02:59:03.445+0100] {logging_mixin.py:188} INFO - [2024-02-08T02:59:03.445+0100] {dagbag.py:538} INFO - Filling up the DagBag from /home/ubuntu/.local/lib/python3.10/site-packages/airflow/example_dags/example_time_delta_sensor_async.py
[2024-02-08T02:59:03.473+0100] {processor.py:840} INFO - DAG(s) 'example_time_delta_sensor_async' retrieved from /home/ubuntu/.local/lib/python3.10/site-packages/airflow/example_dags/example_time_delta_sensor_async.py
[2024-02-08T02:59:03.496+0100] {logging_mixin.py:188} INFO - [2024-02-08T02:59:03.496+0100] {dag.py:3033} INFO - Sync 1 DAGs
[2024-02-08T02:59:03.521+0100] {logging_mixin.py:188} INFO - [2024-02-08T02:59:03.521+0100] {dag.py:3820} INFO - Setting next_dagrun for example_time_delta_sensor_async to None, run_after=None
[2024-02-08T02:59:03.773+0100] {processor.py:183} INFO - Processing /home/ubuntu/.local/lib/python3.10/site-packages/airflow/example_dags/example_time_delta_sensor_async.py took 0.380 seconds
[2024-02-08T03:01:09.868+0100] {processor.py:161} INFO - Started process (PID=14073) to work on /home/ubuntu/.local/lib/python3.10/site-packages/airflow/example_dags/example_time_delta_sensor_async.py
[2024-02-08T03:01:09.871+0100] {processor.py:830} INFO - Processing file /home/ubuntu/.local/lib/python3.10/site-packages/airflow/example_dags/example_time_delta_sensor_async.py for tasks to queue
[2024-02-08T03:01:09.873+0100] {logging_mixin.py:188} INFO - [2024-02-08T03:01:09.872+0100] {dagbag.py:538} INFO - Filling up the DagBag from /home/ubuntu/.local/lib/python3.10/site-packages/airflow/example_dags/example_time_delta_sensor_async.py
[2024-02-08T03:01:09.883+0100] {processor.py:840} INFO - DAG(s) 'example_time_delta_sensor_async' retrieved from /home/ubuntu/.local/lib/python3.10/site-packages/airflow/example_dags/example_time_delta_sensor_async.py
[2024-02-08T03:01:09.904+0100] {logging_mixin.py:188} INFO - [2024-02-08T03:01:09.903+0100] {dag.py:3033} INFO - Sync 1 DAGs
[2024-02-08T03:01:09.918+0100] {logging_mixin.py:188} INFO - [2024-02-08T03:01:09.918+0100] {dag.py:3820} INFO - Setting next_dagrun for example_time_delta_sensor_async to None, run_after=None
[2024-02-08T03:01:10.053+0100] {processor.py:183} INFO - Processing /home/ubuntu/.local/lib/python3.10/site-packages/airflow/example_dags/example_time_delta_sensor_async.py took 0.189 seconds
[2024-02-08T03:02:06.184+0100] {processor.py:161} INFO - Started process (PID=14169) to work on /home/ubuntu/.local/lib/python3.10/site-packages/airflow/example_dags/example_time_delta_sensor_async.py
[2024-02-08T03:02:06.195+0100] {processor.py:830} INFO - Processing file /home/ubuntu/.local/lib/python3.10/site-packages/airflow/example_dags/example_time_delta_sensor_async.py for tasks to queue
[2024-02-08T03:02:06.202+0100] {logging_mixin.py:188} INFO - [2024-02-08T03:02:06.201+0100] {dagbag.py:538} INFO - Filling up the DagBag from /home/ubuntu/.local/lib/python3.10/site-packages/airflow/example_dags/example_time_delta_sensor_async.py
[2024-02-08T03:02:06.249+0100] {processor.py:840} INFO - DAG(s) 'example_time_delta_sensor_async' retrieved from /home/ubuntu/.local/lib/python3.10/site-packages/airflow/example_dags/example_time_delta_sensor_async.py
[2024-02-08T03:02:06.306+0100] {logging_mixin.py:188} INFO - [2024-02-08T03:02:06.306+0100] {dag.py:3033} INFO - Sync 1 DAGs
[2024-02-08T03:02:06.340+0100] {logging_mixin.py:188} INFO - [2024-02-08T03:02:06.340+0100] {dag.py:3820} INFO - Setting next_dagrun for example_time_delta_sensor_async to None, run_after=None
[2024-02-08T03:02:06.464+0100] {processor.py:183} INFO - Processing /home/ubuntu/.local/lib/python3.10/site-packages/airflow/example_dags/example_time_delta_sensor_async.py took 0.291 seconds
[2024-02-08T03:03:16.452+0100] {processor.py:161} INFO - Started process (PID=14233) to work on /home/ubuntu/.local/lib/python3.10/site-packages/airflow/example_dags/example_time_delta_sensor_async.py
[2024-02-08T03:03:16.454+0100] {processor.py:830} INFO - Processing file /home/ubuntu/.local/lib/python3.10/site-packages/airflow/example_dags/example_time_delta_sensor_async.py for tasks to queue
[2024-02-08T03:03:16.457+0100] {logging_mixin.py:188} INFO - [2024-02-08T03:03:16.455+0100] {dagbag.py:538} INFO - Filling up the DagBag from /home/ubuntu/.local/lib/python3.10/site-packages/airflow/example_dags/example_time_delta_sensor_async.py
[2024-02-08T03:03:16.468+0100] {processor.py:840} INFO - DAG(s) 'example_time_delta_sensor_async' retrieved from /home/ubuntu/.local/lib/python3.10/site-packages/airflow/example_dags/example_time_delta_sensor_async.py
[2024-02-08T03:03:16.493+0100] {logging_mixin.py:188} INFO - [2024-02-08T03:03:16.493+0100] {dag.py:3033} INFO - Sync 1 DAGs
[2024-02-08T03:03:16.509+0100] {logging_mixin.py:188} INFO - [2024-02-08T03:03:16.509+0100] {dag.py:3820} INFO - Setting next_dagrun for example_time_delta_sensor_async to None, run_after=None
[2024-02-08T03:03:16.553+0100] {processor.py:183} INFO - Processing /home/ubuntu/.local/lib/python3.10/site-packages/airflow/example_dags/example_time_delta_sensor_async.py took 0.106 seconds
[2024-02-08T03:04:06.074+0100] {processor.py:161} INFO - Started process (PID=14286) to work on /home/ubuntu/.local/lib/python3.10/site-packages/airflow/example_dags/example_time_delta_sensor_async.py
[2024-02-08T03:04:06.077+0100] {processor.py:830} INFO - Processing file /home/ubuntu/.local/lib/python3.10/site-packages/airflow/example_dags/example_time_delta_sensor_async.py for tasks to queue
[2024-02-08T03:04:06.080+0100] {logging_mixin.py:188} INFO - [2024-02-08T03:04:06.079+0100] {dagbag.py:538} INFO - Filling up the DagBag from /home/ubuntu/.local/lib/python3.10/site-packages/airflow/example_dags/example_time_delta_sensor_async.py
[2024-02-08T03:04:06.089+0100] {processor.py:840} INFO - DAG(s) 'example_time_delta_sensor_async' retrieved from /home/ubuntu/.local/lib/python3.10/site-packages/airflow/example_dags/example_time_delta_sensor_async.py
[2024-02-08T03:04:06.120+0100] {logging_mixin.py:188} INFO - [2024-02-08T03:04:06.119+0100] {dag.py:3033} INFO - Sync 1 DAGs
[2024-02-08T03:04:06.136+0100] {logging_mixin.py:188} INFO - [2024-02-08T03:04:06.136+0100] {dag.py:3820} INFO - Setting next_dagrun for example_time_delta_sensor_async to None, run_after=None
[2024-02-08T03:04:06.173+0100] {processor.py:183} INFO - Processing /home/ubuntu/.local/lib/python3.10/site-packages/airflow/example_dags/example_time_delta_sensor_async.py took 0.103 seconds
[2024-02-08T03:05:36.659+0100] {processor.py:161} INFO - Started process (PID=14355) to work on /home/ubuntu/.local/lib/python3.10/site-packages/airflow/example_dags/example_time_delta_sensor_async.py
[2024-02-08T03:05:36.664+0100] {processor.py:830} INFO - Processing file /home/ubuntu/.local/lib/python3.10/site-packages/airflow/example_dags/example_time_delta_sensor_async.py for tasks to queue
[2024-02-08T03:05:36.665+0100] {logging_mixin.py:188} INFO - [2024-02-08T03:05:36.665+0100] {dagbag.py:538} INFO - Filling up the DagBag from /home/ubuntu/.local/lib/python3.10/site-packages/airflow/example_dags/example_time_delta_sensor_async.py
[2024-02-08T03:05:36.674+0100] {processor.py:840} INFO - DAG(s) 'example_time_delta_sensor_async' retrieved from /home/ubuntu/.local/lib/python3.10/site-packages/airflow/example_dags/example_time_delta_sensor_async.py
[2024-02-08T03:05:36.695+0100] {logging_mixin.py:188} INFO - [2024-02-08T03:05:36.695+0100] {dag.py:3033} INFO - Sync 1 DAGs
[2024-02-08T03:05:36.712+0100] {logging_mixin.py:188} INFO - [2024-02-08T03:05:36.712+0100] {dag.py:3820} INFO - Setting next_dagrun for example_time_delta_sensor_async to None, run_after=None
[2024-02-08T03:05:36.757+0100] {processor.py:183} INFO - Processing /home/ubuntu/.local/lib/python3.10/site-packages/airflow/example_dags/example_time_delta_sensor_async.py took 0.103 seconds
[2024-02-08T03:06:24.182+0100] {processor.py:161} INFO - Started process (PID=14395) to work on /home/ubuntu/.local/lib/python3.10/site-packages/airflow/example_dags/example_time_delta_sensor_async.py
[2024-02-08T03:06:24.186+0100] {processor.py:830} INFO - Processing file /home/ubuntu/.local/lib/python3.10/site-packages/airflow/example_dags/example_time_delta_sensor_async.py for tasks to queue
[2024-02-08T03:06:24.190+0100] {logging_mixin.py:188} INFO - [2024-02-08T03:06:24.189+0100] {dagbag.py:538} INFO - Filling up the DagBag from /home/ubuntu/.local/lib/python3.10/site-packages/airflow/example_dags/example_time_delta_sensor_async.py
[2024-02-08T03:06:24.198+0100] {processor.py:840} INFO - DAG(s) 'example_time_delta_sensor_async' retrieved from /home/ubuntu/.local/lib/python3.10/site-packages/airflow/example_dags/example_time_delta_sensor_async.py
[2024-02-08T03:06:24.229+0100] {logging_mixin.py:188} INFO - [2024-02-08T03:06:24.229+0100] {dag.py:3033} INFO - Sync 1 DAGs
[2024-02-08T03:06:24.251+0100] {logging_mixin.py:188} INFO - [2024-02-08T03:06:24.250+0100] {dag.py:3820} INFO - Setting next_dagrun for example_time_delta_sensor_async to None, run_after=None
[2024-02-08T03:06:24.355+0100] {processor.py:183} INFO - Processing /home/ubuntu/.local/lib/python3.10/site-packages/airflow/example_dags/example_time_delta_sensor_async.py took 0.180 seconds
[2024-02-08T03:07:25.075+0100] {processor.py:161} INFO - Started process (PID=14470) to work on /home/ubuntu/.local/lib/python3.10/site-packages/airflow/example_dags/example_time_delta_sensor_async.py
[2024-02-08T03:07:25.082+0100] {processor.py:830} INFO - Processing file /home/ubuntu/.local/lib/python3.10/site-packages/airflow/example_dags/example_time_delta_sensor_async.py for tasks to queue
[2024-02-08T03:07:25.085+0100] {logging_mixin.py:188} INFO - [2024-02-08T03:07:25.084+0100] {dagbag.py:538} INFO - Filling up the DagBag from /home/ubuntu/.local/lib/python3.10/site-packages/airflow/example_dags/example_time_delta_sensor_async.py
[2024-02-08T03:07:25.120+0100] {processor.py:840} INFO - DAG(s) 'example_time_delta_sensor_async' retrieved from /home/ubuntu/.local/lib/python3.10/site-packages/airflow/example_dags/example_time_delta_sensor_async.py
[2024-02-08T03:07:25.157+0100] {logging_mixin.py:188} INFO - [2024-02-08T03:07:25.156+0100] {dag.py:3033} INFO - Sync 1 DAGs
[2024-02-08T03:07:25.215+0100] {logging_mixin.py:188} INFO - [2024-02-08T03:07:25.215+0100] {dag.py:3820} INFO - Setting next_dagrun for example_time_delta_sensor_async to None, run_after=None
[2024-02-08T03:07:25.320+0100] {processor.py:183} INFO - Processing /home/ubuntu/.local/lib/python3.10/site-packages/airflow/example_dags/example_time_delta_sensor_async.py took 0.267 seconds
[2024-02-08T03:08:42.498+0100] {processor.py:161} INFO - Started process (PID=14604) to work on /home/ubuntu/.local/lib/python3.10/site-packages/airflow/example_dags/example_time_delta_sensor_async.py
[2024-02-08T03:08:42.503+0100] {processor.py:830} INFO - Processing file /home/ubuntu/.local/lib/python3.10/site-packages/airflow/example_dags/example_time_delta_sensor_async.py for tasks to queue
[2024-02-08T03:08:42.504+0100] {logging_mixin.py:188} INFO - [2024-02-08T03:08:42.503+0100] {dagbag.py:538} INFO - Filling up the DagBag from /home/ubuntu/.local/lib/python3.10/site-packages/airflow/example_dags/example_time_delta_sensor_async.py
[2024-02-08T03:08:42.513+0100] {processor.py:840} INFO - DAG(s) 'example_time_delta_sensor_async' retrieved from /home/ubuntu/.local/lib/python3.10/site-packages/airflow/example_dags/example_time_delta_sensor_async.py
[2024-02-08T03:08:42.539+0100] {logging_mixin.py:188} INFO - [2024-02-08T03:08:42.539+0100] {dag.py:3033} INFO - Sync 1 DAGs
[2024-02-08T03:08:42.555+0100] {logging_mixin.py:188} INFO - [2024-02-08T03:08:42.554+0100] {dag.py:3820} INFO - Setting next_dagrun for example_time_delta_sensor_async to None, run_after=None
[2024-02-08T03:08:42.590+0100] {processor.py:183} INFO - Processing /home/ubuntu/.local/lib/python3.10/site-packages/airflow/example_dags/example_time_delta_sensor_async.py took 0.097 seconds
[2024-02-08T03:09:44.873+0100] {processor.py:161} INFO - Started process (PID=14667) to work on /home/ubuntu/.local/lib/python3.10/site-packages/airflow/example_dags/example_time_delta_sensor_async.py
[2024-02-08T03:09:44.877+0100] {processor.py:830} INFO - Processing file /home/ubuntu/.local/lib/python3.10/site-packages/airflow/example_dags/example_time_delta_sensor_async.py for tasks to queue
[2024-02-08T03:09:44.880+0100] {logging_mixin.py:188} INFO - [2024-02-08T03:09:44.879+0100] {dagbag.py:538} INFO - Filling up the DagBag from /home/ubuntu/.local/lib/python3.10/site-packages/airflow/example_dags/example_time_delta_sensor_async.py
[2024-02-08T03:09:44.897+0100] {processor.py:840} INFO - DAG(s) 'example_time_delta_sensor_async' retrieved from /home/ubuntu/.local/lib/python3.10/site-packages/airflow/example_dags/example_time_delta_sensor_async.py
[2024-02-08T03:09:44.936+0100] {logging_mixin.py:188} INFO - [2024-02-08T03:09:44.936+0100] {dag.py:3033} INFO - Sync 1 DAGs
[2024-02-08T03:09:44.958+0100] {logging_mixin.py:188} INFO - [2024-02-08T03:09:44.958+0100] {dag.py:3820} INFO - Setting next_dagrun for example_time_delta_sensor_async to None, run_after=None
[2024-02-08T03:09:45.010+0100] {processor.py:183} INFO - Processing /home/ubuntu/.local/lib/python3.10/site-packages/airflow/example_dags/example_time_delta_sensor_async.py took 0.146 seconds
[2024-02-08T03:10:52.840+0100] {processor.py:161} INFO - Started process (PID=14726) to work on /home/ubuntu/.local/lib/python3.10/site-packages/airflow/example_dags/example_time_delta_sensor_async.py
[2024-02-08T03:10:52.844+0100] {processor.py:830} INFO - Processing file /home/ubuntu/.local/lib/python3.10/site-packages/airflow/example_dags/example_time_delta_sensor_async.py for tasks to queue
[2024-02-08T03:10:52.846+0100] {logging_mixin.py:188} INFO - [2024-02-08T03:10:52.845+0100] {dagbag.py:538} INFO - Filling up the DagBag from /home/ubuntu/.local/lib/python3.10/site-packages/airflow/example_dags/example_time_delta_sensor_async.py
[2024-02-08T03:10:52.860+0100] {processor.py:840} INFO - DAG(s) 'example_time_delta_sensor_async' retrieved from /home/ubuntu/.local/lib/python3.10/site-packages/airflow/example_dags/example_time_delta_sensor_async.py
[2024-02-08T03:10:52.895+0100] {logging_mixin.py:188} INFO - [2024-02-08T03:10:52.894+0100] {dag.py:3033} INFO - Sync 1 DAGs
[2024-02-08T03:10:52.919+0100] {logging_mixin.py:188} INFO - [2024-02-08T03:10:52.918+0100] {dag.py:3820} INFO - Setting next_dagrun for example_time_delta_sensor_async to None, run_after=None
[2024-02-08T03:10:52.957+0100] {processor.py:183} INFO - Processing /home/ubuntu/.local/lib/python3.10/site-packages/airflow/example_dags/example_time_delta_sensor_async.py took 0.124 seconds
[2024-02-08T03:11:55.945+0100] {processor.py:161} INFO - Started process (PID=14783) to work on /home/ubuntu/.local/lib/python3.10/site-packages/airflow/example_dags/example_time_delta_sensor_async.py
[2024-02-08T03:11:55.951+0100] {processor.py:830} INFO - Processing file /home/ubuntu/.local/lib/python3.10/site-packages/airflow/example_dags/example_time_delta_sensor_async.py for tasks to queue
[2024-02-08T03:11:55.953+0100] {logging_mixin.py:188} INFO - [2024-02-08T03:11:55.952+0100] {dagbag.py:538} INFO - Filling up the DagBag from /home/ubuntu/.local/lib/python3.10/site-packages/airflow/example_dags/example_time_delta_sensor_async.py
[2024-02-08T03:11:55.963+0100] {processor.py:840} INFO - DAG(s) 'example_time_delta_sensor_async' retrieved from /home/ubuntu/.local/lib/python3.10/site-packages/airflow/example_dags/example_time_delta_sensor_async.py
[2024-02-08T03:11:55.990+0100] {logging_mixin.py:188} INFO - [2024-02-08T03:11:55.989+0100] {dag.py:3033} INFO - Sync 1 DAGs
[2024-02-08T03:11:56.005+0100] {logging_mixin.py:188} INFO - [2024-02-08T03:11:56.004+0100] {dag.py:3820} INFO - Setting next_dagrun for example_time_delta_sensor_async to None, run_after=None
[2024-02-08T03:11:56.046+0100] {processor.py:183} INFO - Processing /home/ubuntu/.local/lib/python3.10/site-packages/airflow/example_dags/example_time_delta_sensor_async.py took 0.106 seconds
[2024-02-08T03:12:53.279+0100] {processor.py:161} INFO - Started process (PID=14841) to work on /home/ubuntu/.local/lib/python3.10/site-packages/airflow/example_dags/example_time_delta_sensor_async.py
[2024-02-08T03:12:53.283+0100] {processor.py:830} INFO - Processing file /home/ubuntu/.local/lib/python3.10/site-packages/airflow/example_dags/example_time_delta_sensor_async.py for tasks to queue
[2024-02-08T03:12:53.285+0100] {logging_mixin.py:188} INFO - [2024-02-08T03:12:53.284+0100] {dagbag.py:538} INFO - Filling up the DagBag from /home/ubuntu/.local/lib/python3.10/site-packages/airflow/example_dags/example_time_delta_sensor_async.py
[2024-02-08T03:12:53.294+0100] {processor.py:840} INFO - DAG(s) 'example_time_delta_sensor_async' retrieved from /home/ubuntu/.local/lib/python3.10/site-packages/airflow/example_dags/example_time_delta_sensor_async.py
[2024-02-08T03:12:53.320+0100] {logging_mixin.py:188} INFO - [2024-02-08T03:12:53.320+0100] {dag.py:3033} INFO - Sync 1 DAGs
[2024-02-08T03:12:53.336+0100] {logging_mixin.py:188} INFO - [2024-02-08T03:12:53.336+0100] {dag.py:3820} INFO - Setting next_dagrun for example_time_delta_sensor_async to None, run_after=None
[2024-02-08T03:12:53.373+0100] {processor.py:183} INFO - Processing /home/ubuntu/.local/lib/python3.10/site-packages/airflow/example_dags/example_time_delta_sensor_async.py took 0.100 seconds
[2024-02-08T03:13:53.636+0100] {processor.py:161} INFO - Started process (PID=14900) to work on /home/ubuntu/.local/lib/python3.10/site-packages/airflow/example_dags/example_time_delta_sensor_async.py
[2024-02-08T03:13:53.641+0100] {processor.py:830} INFO - Processing file /home/ubuntu/.local/lib/python3.10/site-packages/airflow/example_dags/example_time_delta_sensor_async.py for tasks to queue
[2024-02-08T03:13:53.644+0100] {logging_mixin.py:188} INFO - [2024-02-08T03:13:53.642+0100] {dagbag.py:538} INFO - Filling up the DagBag from /home/ubuntu/.local/lib/python3.10/site-packages/airflow/example_dags/example_time_delta_sensor_async.py
[2024-02-08T03:13:53.655+0100] {processor.py:840} INFO - DAG(s) 'example_time_delta_sensor_async' retrieved from /home/ubuntu/.local/lib/python3.10/site-packages/airflow/example_dags/example_time_delta_sensor_async.py
[2024-02-08T03:13:53.689+0100] {logging_mixin.py:188} INFO - [2024-02-08T03:13:53.688+0100] {dag.py:3033} INFO - Sync 1 DAGs
[2024-02-08T03:13:53.712+0100] {logging_mixin.py:188} INFO - [2024-02-08T03:13:53.712+0100] {dag.py:3820} INFO - Setting next_dagrun for example_time_delta_sensor_async to None, run_after=None
[2024-02-08T03:13:53.764+0100] {processor.py:183} INFO - Processing /home/ubuntu/.local/lib/python3.10/site-packages/airflow/example_dags/example_time_delta_sensor_async.py took 0.140 seconds
[2024-02-08T03:14:58.224+0100] {processor.py:161} INFO - Started process (PID=14965) to work on /home/ubuntu/.local/lib/python3.10/site-packages/airflow/example_dags/example_time_delta_sensor_async.py
[2024-02-08T03:14:58.229+0100] {processor.py:830} INFO - Processing file /home/ubuntu/.local/lib/python3.10/site-packages/airflow/example_dags/example_time_delta_sensor_async.py for tasks to queue
[2024-02-08T03:14:58.231+0100] {logging_mixin.py:188} INFO - [2024-02-08T03:14:58.230+0100] {dagbag.py:538} INFO - Filling up the DagBag from /home/ubuntu/.local/lib/python3.10/site-packages/airflow/example_dags/example_time_delta_sensor_async.py
[2024-02-08T03:14:58.245+0100] {processor.py:840} INFO - DAG(s) 'example_time_delta_sensor_async' retrieved from /home/ubuntu/.local/lib/python3.10/site-packages/airflow/example_dags/example_time_delta_sensor_async.py
[2024-02-08T03:14:58.284+0100] {logging_mixin.py:188} INFO - [2024-02-08T03:14:58.283+0100] {dag.py:3033} INFO - Sync 1 DAGs
[2024-02-08T03:14:58.312+0100] {logging_mixin.py:188} INFO - [2024-02-08T03:14:58.312+0100] {dag.py:3820} INFO - Setting next_dagrun for example_time_delta_sensor_async to None, run_after=None
[2024-02-08T03:14:58.361+0100] {processor.py:183} INFO - Processing /home/ubuntu/.local/lib/python3.10/site-packages/airflow/example_dags/example_time_delta_sensor_async.py took 0.144 seconds
[2024-02-08T03:16:00.256+0100] {processor.py:161} INFO - Started process (PID=15027) to work on /home/ubuntu/.local/lib/python3.10/site-packages/airflow/example_dags/example_time_delta_sensor_async.py
[2024-02-08T03:16:00.261+0100] {processor.py:830} INFO - Processing file /home/ubuntu/.local/lib/python3.10/site-packages/airflow/example_dags/example_time_delta_sensor_async.py for tasks to queue
[2024-02-08T03:16:00.263+0100] {logging_mixin.py:188} INFO - [2024-02-08T03:16:00.262+0100] {dagbag.py:538} INFO - Filling up the DagBag from /home/ubuntu/.local/lib/python3.10/site-packages/airflow/example_dags/example_time_delta_sensor_async.py
[2024-02-08T03:16:00.277+0100] {processor.py:840} INFO - DAG(s) 'example_time_delta_sensor_async' retrieved from /home/ubuntu/.local/lib/python3.10/site-packages/airflow/example_dags/example_time_delta_sensor_async.py
[2024-02-08T03:16:00.316+0100] {logging_mixin.py:188} INFO - [2024-02-08T03:16:00.315+0100] {dag.py:3033} INFO - Sync 1 DAGs
[2024-02-08T03:16:00.337+0100] {logging_mixin.py:188} INFO - [2024-02-08T03:16:00.337+0100] {dag.py:3820} INFO - Setting next_dagrun for example_time_delta_sensor_async to None, run_after=None
[2024-02-08T03:16:00.390+0100] {processor.py:183} INFO - Processing /home/ubuntu/.local/lib/python3.10/site-packages/airflow/example_dags/example_time_delta_sensor_async.py took 0.139 seconds
[2024-02-08T03:16:59.131+0100] {processor.py:161} INFO - Started process (PID=15083) to work on /home/ubuntu/.local/lib/python3.10/site-packages/airflow/example_dags/example_time_delta_sensor_async.py
[2024-02-08T03:16:59.134+0100] {processor.py:830} INFO - Processing file /home/ubuntu/.local/lib/python3.10/site-packages/airflow/example_dags/example_time_delta_sensor_async.py for tasks to queue
[2024-02-08T03:16:59.136+0100] {logging_mixin.py:188} INFO - [2024-02-08T03:16:59.135+0100] {dagbag.py:538} INFO - Filling up the DagBag from /home/ubuntu/.local/lib/python3.10/site-packages/airflow/example_dags/example_time_delta_sensor_async.py
[2024-02-08T03:16:59.148+0100] {processor.py:840} INFO - DAG(s) 'example_time_delta_sensor_async' retrieved from /home/ubuntu/.local/lib/python3.10/site-packages/airflow/example_dags/example_time_delta_sensor_async.py
[2024-02-08T03:16:59.182+0100] {logging_mixin.py:188} INFO - [2024-02-08T03:16:59.182+0100] {dag.py:3033} INFO - Sync 1 DAGs
[2024-02-08T03:16:59.204+0100] {logging_mixin.py:188} INFO - [2024-02-08T03:16:59.202+0100] {dag.py:3820} INFO - Setting next_dagrun for example_time_delta_sensor_async to None, run_after=None
[2024-02-08T03:16:59.256+0100] {processor.py:183} INFO - Processing /home/ubuntu/.local/lib/python3.10/site-packages/airflow/example_dags/example_time_delta_sensor_async.py took 0.133 seconds
[2024-02-08T03:17:56.726+0100] {processor.py:161} INFO - Started process (PID=15143) to work on /home/ubuntu/.local/lib/python3.10/site-packages/airflow/example_dags/example_time_delta_sensor_async.py
[2024-02-08T03:17:56.729+0100] {processor.py:830} INFO - Processing file /home/ubuntu/.local/lib/python3.10/site-packages/airflow/example_dags/example_time_delta_sensor_async.py for tasks to queue
[2024-02-08T03:17:56.731+0100] {logging_mixin.py:188} INFO - [2024-02-08T03:17:56.730+0100] {dagbag.py:538} INFO - Filling up the DagBag from /home/ubuntu/.local/lib/python3.10/site-packages/airflow/example_dags/example_time_delta_sensor_async.py
[2024-02-08T03:17:56.744+0100] {processor.py:840} INFO - DAG(s) 'example_time_delta_sensor_async' retrieved from /home/ubuntu/.local/lib/python3.10/site-packages/airflow/example_dags/example_time_delta_sensor_async.py
[2024-02-08T03:17:56.782+0100] {logging_mixin.py:188} INFO - [2024-02-08T03:17:56.782+0100] {dag.py:3033} INFO - Sync 1 DAGs
[2024-02-08T03:17:56.803+0100] {logging_mixin.py:188} INFO - [2024-02-08T03:17:56.803+0100] {dag.py:3820} INFO - Setting next_dagrun for example_time_delta_sensor_async to None, run_after=None
[2024-02-08T03:17:56.848+0100] {processor.py:183} INFO - Processing /home/ubuntu/.local/lib/python3.10/site-packages/airflow/example_dags/example_time_delta_sensor_async.py took 0.131 seconds
[2024-02-08T03:18:57.026+0100] {processor.py:161} INFO - Started process (PID=15198) to work on /home/ubuntu/.local/lib/python3.10/site-packages/airflow/example_dags/example_time_delta_sensor_async.py
[2024-02-08T03:18:57.037+0100] {processor.py:830} INFO - Processing file /home/ubuntu/.local/lib/python3.10/site-packages/airflow/example_dags/example_time_delta_sensor_async.py for tasks to queue
[2024-02-08T03:18:57.039+0100] {logging_mixin.py:188} INFO - [2024-02-08T03:18:57.038+0100] {dagbag.py:538} INFO - Filling up the DagBag from /home/ubuntu/.local/lib/python3.10/site-packages/airflow/example_dags/example_time_delta_sensor_async.py
[2024-02-08T03:18:57.050+0100] {processor.py:840} INFO - DAG(s) 'example_time_delta_sensor_async' retrieved from /home/ubuntu/.local/lib/python3.10/site-packages/airflow/example_dags/example_time_delta_sensor_async.py
[2024-02-08T03:18:57.084+0100] {logging_mixin.py:188} INFO - [2024-02-08T03:18:57.083+0100] {dag.py:3033} INFO - Sync 1 DAGs
[2024-02-08T03:18:57.101+0100] {logging_mixin.py:188} INFO - [2024-02-08T03:18:57.101+0100] {dag.py:3820} INFO - Setting next_dagrun for example_time_delta_sensor_async to None, run_after=None
[2024-02-08T03:18:57.154+0100] {processor.py:183} INFO - Processing /home/ubuntu/.local/lib/python3.10/site-packages/airflow/example_dags/example_time_delta_sensor_async.py took 0.136 seconds
[2024-02-08T03:20:09.437+0100] {processor.py:161} INFO - Started process (PID=15320) to work on /home/ubuntu/.local/lib/python3.10/site-packages/airflow/example_dags/example_time_delta_sensor_async.py
[2024-02-08T03:20:09.443+0100] {processor.py:830} INFO - Processing file /home/ubuntu/.local/lib/python3.10/site-packages/airflow/example_dags/example_time_delta_sensor_async.py for tasks to queue
[2024-02-08T03:20:09.446+0100] {logging_mixin.py:188} INFO - [2024-02-08T03:20:09.444+0100] {dagbag.py:538} INFO - Filling up the DagBag from /home/ubuntu/.local/lib/python3.10/site-packages/airflow/example_dags/example_time_delta_sensor_async.py
[2024-02-08T03:20:09.456+0100] {processor.py:840} INFO - DAG(s) 'example_time_delta_sensor_async' retrieved from /home/ubuntu/.local/lib/python3.10/site-packages/airflow/example_dags/example_time_delta_sensor_async.py
[2024-02-08T03:20:09.484+0100] {logging_mixin.py:188} INFO - [2024-02-08T03:20:09.483+0100] {dag.py:3033} INFO - Sync 1 DAGs
[2024-02-08T03:20:09.500+0100] {logging_mixin.py:188} INFO - [2024-02-08T03:20:09.500+0100] {dag.py:3820} INFO - Setting next_dagrun for example_time_delta_sensor_async to None, run_after=None
[2024-02-08T03:20:09.538+0100] {processor.py:183} INFO - Processing /home/ubuntu/.local/lib/python3.10/site-packages/airflow/example_dags/example_time_delta_sensor_async.py took 0.106 seconds
[2024-02-08T03:21:16.860+0100] {processor.py:161} INFO - Started process (PID=15380) to work on /home/ubuntu/.local/lib/python3.10/site-packages/airflow/example_dags/example_time_delta_sensor_async.py
[2024-02-08T03:21:16.871+0100] {processor.py:830} INFO - Processing file /home/ubuntu/.local/lib/python3.10/site-packages/airflow/example_dags/example_time_delta_sensor_async.py for tasks to queue
[2024-02-08T03:21:16.872+0100] {logging_mixin.py:188} INFO - [2024-02-08T03:21:16.872+0100] {dagbag.py:538} INFO - Filling up the DagBag from /home/ubuntu/.local/lib/python3.10/site-packages/airflow/example_dags/example_time_delta_sensor_async.py
[2024-02-08T03:21:16.880+0100] {processor.py:840} INFO - DAG(s) 'example_time_delta_sensor_async' retrieved from /home/ubuntu/.local/lib/python3.10/site-packages/airflow/example_dags/example_time_delta_sensor_async.py
[2024-02-08T03:21:16.907+0100] {logging_mixin.py:188} INFO - [2024-02-08T03:21:16.907+0100] {dag.py:3033} INFO - Sync 1 DAGs
[2024-02-08T03:21:16.925+0100] {logging_mixin.py:188} INFO - [2024-02-08T03:21:16.925+0100] {dag.py:3820} INFO - Setting next_dagrun for example_time_delta_sensor_async to None, run_after=None
[2024-02-08T03:21:16.963+0100] {processor.py:183} INFO - Processing /home/ubuntu/.local/lib/python3.10/site-packages/airflow/example_dags/example_time_delta_sensor_async.py took 0.107 seconds
[2024-02-08T03:22:22.912+0100] {processor.py:161} INFO - Started process (PID=15438) to work on /home/ubuntu/.local/lib/python3.10/site-packages/airflow/example_dags/example_time_delta_sensor_async.py
[2024-02-08T03:22:22.915+0100] {processor.py:830} INFO - Processing file /home/ubuntu/.local/lib/python3.10/site-packages/airflow/example_dags/example_time_delta_sensor_async.py for tasks to queue
[2024-02-08T03:22:22.916+0100] {logging_mixin.py:188} INFO - [2024-02-08T03:22:22.916+0100] {dagbag.py:538} INFO - Filling up the DagBag from /home/ubuntu/.local/lib/python3.10/site-packages/airflow/example_dags/example_time_delta_sensor_async.py
[2024-02-08T03:22:22.926+0100] {processor.py:840} INFO - DAG(s) 'example_time_delta_sensor_async' retrieved from /home/ubuntu/.local/lib/python3.10/site-packages/airflow/example_dags/example_time_delta_sensor_async.py
[2024-02-08T03:22:22.952+0100] {logging_mixin.py:188} INFO - [2024-02-08T03:22:22.952+0100] {dag.py:3033} INFO - Sync 1 DAGs
[2024-02-08T03:22:22.971+0100] {logging_mixin.py:188} INFO - [2024-02-08T03:22:22.971+0100] {dag.py:3820} INFO - Setting next_dagrun for example_time_delta_sensor_async to None, run_after=None
[2024-02-08T03:22:23.011+0100] {processor.py:183} INFO - Processing /home/ubuntu/.local/lib/python3.10/site-packages/airflow/example_dags/example_time_delta_sensor_async.py took 0.104 seconds
[2024-02-08T03:23:27.856+0100] {processor.py:161} INFO - Started process (PID=15516) to work on /home/ubuntu/.local/lib/python3.10/site-packages/airflow/example_dags/example_time_delta_sensor_async.py
[2024-02-08T03:23:27.864+0100] {processor.py:830} INFO - Processing file /home/ubuntu/.local/lib/python3.10/site-packages/airflow/example_dags/example_time_delta_sensor_async.py for tasks to queue
[2024-02-08T03:23:27.866+0100] {logging_mixin.py:188} INFO - [2024-02-08T03:23:27.865+0100] {dagbag.py:538} INFO - Filling up the DagBag from /home/ubuntu/.local/lib/python3.10/site-packages/airflow/example_dags/example_time_delta_sensor_async.py
[2024-02-08T03:23:27.877+0100] {processor.py:840} INFO - DAG(s) 'example_time_delta_sensor_async' retrieved from /home/ubuntu/.local/lib/python3.10/site-packages/airflow/example_dags/example_time_delta_sensor_async.py
[2024-02-08T03:23:27.917+0100] {logging_mixin.py:188} INFO - [2024-02-08T03:23:27.916+0100] {dag.py:3033} INFO - Sync 1 DAGs
[2024-02-08T03:23:27.933+0100] {logging_mixin.py:188} INFO - [2024-02-08T03:23:27.933+0100] {dag.py:3820} INFO - Setting next_dagrun for example_time_delta_sensor_async to None, run_after=None
[2024-02-08T03:23:28.049+0100] {processor.py:183} INFO - Processing /home/ubuntu/.local/lib/python3.10/site-packages/airflow/example_dags/example_time_delta_sensor_async.py took 0.198 seconds
[2024-02-08T03:24:59.217+0100] {processor.py:161} INFO - Started process (PID=15637) to work on /home/ubuntu/.local/lib/python3.10/site-packages/airflow/example_dags/example_time_delta_sensor_async.py
[2024-02-08T03:24:59.222+0100] {processor.py:830} INFO - Processing file /home/ubuntu/.local/lib/python3.10/site-packages/airflow/example_dags/example_time_delta_sensor_async.py for tasks to queue
[2024-02-08T03:24:59.224+0100] {logging_mixin.py:188} INFO - [2024-02-08T03:24:59.223+0100] {dagbag.py:538} INFO - Filling up the DagBag from /home/ubuntu/.local/lib/python3.10/site-packages/airflow/example_dags/example_time_delta_sensor_async.py
[2024-02-08T03:24:59.237+0100] {processor.py:840} INFO - DAG(s) 'example_time_delta_sensor_async' retrieved from /home/ubuntu/.local/lib/python3.10/site-packages/airflow/example_dags/example_time_delta_sensor_async.py
[2024-02-08T03:24:59.277+0100] {logging_mixin.py:188} INFO - [2024-02-08T03:24:59.277+0100] {dag.py:3033} INFO - Sync 1 DAGs
[2024-02-08T03:24:59.300+0100] {logging_mixin.py:188} INFO - [2024-02-08T03:24:59.299+0100] {dag.py:3820} INFO - Setting next_dagrun for example_time_delta_sensor_async to None, run_after=None
[2024-02-08T03:24:59.350+0100] {processor.py:183} INFO - Processing /home/ubuntu/.local/lib/python3.10/site-packages/airflow/example_dags/example_time_delta_sensor_async.py took 0.139 seconds
