[2024-02-08T02:46:58.467+0100] {processor.py:161} INFO - Started process (PID=12410) to work on /home/ubuntu/.local/lib/python3.10/site-packages/airflow/example_dags/example_skip_dag.py
[2024-02-08T02:46:58.469+0100] {processor.py:830} INFO - Processing file /home/ubuntu/.local/lib/python3.10/site-packages/airflow/example_dags/example_skip_dag.py for tasks to queue
[2024-02-08T02:46:58.470+0100] {logging_mixin.py:188} INFO - [2024-02-08T02:46:58.470+0100] {dagbag.py:538} INFO - Filling up the DagBag from /home/ubuntu/.local/lib/python3.10/site-packages/airflow/example_dags/example_skip_dag.py
[2024-02-08T02:46:58.495+0100] {processor.py:840} INFO - DAG(s) 'example_skip_dag' retrieved from /home/ubuntu/.local/lib/python3.10/site-packages/airflow/example_dags/example_skip_dag.py
[2024-02-08T02:46:59.165+0100] {logging_mixin.py:188} INFO - [2024-02-08T02:46:59.165+0100] {dag.py:3033} INFO - Sync 1 DAGs
[2024-02-08T02:46:59.233+0100] {logging_mixin.py:188} INFO - [2024-02-08T02:46:59.233+0100] {dag.py:3820} INFO - Setting next_dagrun for example_skip_dag to 2024-02-07T00:00:00+00:00, run_after=2024-02-08T00:00:00+00:00
[2024-02-08T02:46:59.316+0100] {processor.py:183} INFO - Processing /home/ubuntu/.local/lib/python3.10/site-packages/airflow/example_dags/example_skip_dag.py took 0.855 seconds
[2024-02-08T02:48:39.332+0100] {processor.py:161} INFO - Started process (PID=12798) to work on /home/ubuntu/.local/lib/python3.10/site-packages/airflow/example_dags/example_skip_dag.py
[2024-02-08T02:48:39.361+0100] {processor.py:830} INFO - Processing file /home/ubuntu/.local/lib/python3.10/site-packages/airflow/example_dags/example_skip_dag.py for tasks to queue
[2024-02-08T02:48:39.362+0100] {logging_mixin.py:188} INFO - [2024-02-08T02:48:39.362+0100] {dagbag.py:538} INFO - Filling up the DagBag from /home/ubuntu/.local/lib/python3.10/site-packages/airflow/example_dags/example_skip_dag.py
[2024-02-08T02:48:39.376+0100] {processor.py:840} INFO - DAG(s) 'example_skip_dag' retrieved from /home/ubuntu/.local/lib/python3.10/site-packages/airflow/example_dags/example_skip_dag.py
[2024-02-08T02:48:39.419+0100] {logging_mixin.py:188} INFO - [2024-02-08T02:48:39.418+0100] {dag.py:3033} INFO - Sync 1 DAGs
[2024-02-08T02:48:39.444+0100] {logging_mixin.py:188} INFO - [2024-02-08T02:48:39.444+0100] {dag.py:3820} INFO - Setting next_dagrun for example_skip_dag to 2024-02-07T00:00:00+00:00, run_after=2024-02-08T00:00:00+00:00
[2024-02-08T02:48:39.573+0100] {processor.py:183} INFO - Processing /home/ubuntu/.local/lib/python3.10/site-packages/airflow/example_dags/example_skip_dag.py took 0.250 seconds
[2024-02-08T02:50:34.183+0100] {processor.py:161} INFO - Started process (PID=13605) to work on /home/ubuntu/.local/lib/python3.10/site-packages/airflow/example_dags/example_skip_dag.py
[2024-02-08T02:50:34.194+0100] {processor.py:830} INFO - Processing file /home/ubuntu/.local/lib/python3.10/site-packages/airflow/example_dags/example_skip_dag.py for tasks to queue
[2024-02-08T02:50:34.195+0100] {logging_mixin.py:188} INFO - [2024-02-08T02:50:34.194+0100] {dagbag.py:538} INFO - Filling up the DagBag from /home/ubuntu/.local/lib/python3.10/site-packages/airflow/example_dags/example_skip_dag.py
[2024-02-08T02:50:34.207+0100] {processor.py:840} INFO - DAG(s) 'example_skip_dag' retrieved from /home/ubuntu/.local/lib/python3.10/site-packages/airflow/example_dags/example_skip_dag.py
[2024-02-08T02:50:34.273+0100] {logging_mixin.py:188} INFO - [2024-02-08T02:50:34.273+0100] {dag.py:3033} INFO - Sync 1 DAGs
[2024-02-08T02:50:34.322+0100] {logging_mixin.py:188} INFO - [2024-02-08T02:50:34.321+0100] {dag.py:3820} INFO - Setting next_dagrun for example_skip_dag to 2024-02-07T00:00:00+00:00, run_after=2024-02-08T00:00:00+00:00
[2024-02-08T02:50:34.411+0100] {processor.py:183} INFO - Processing /home/ubuntu/.local/lib/python3.10/site-packages/airflow/example_dags/example_skip_dag.py took 0.235 seconds
[2024-02-08T02:51:54.197+0100] {processor.py:161} INFO - Started process (PID=13705) to work on /home/ubuntu/.local/lib/python3.10/site-packages/airflow/example_dags/example_skip_dag.py
[2024-02-08T02:51:54.207+0100] {processor.py:830} INFO - Processing file /home/ubuntu/.local/lib/python3.10/site-packages/airflow/example_dags/example_skip_dag.py for tasks to queue
[2024-02-08T02:51:54.211+0100] {logging_mixin.py:188} INFO - [2024-02-08T02:51:54.210+0100] {dagbag.py:538} INFO - Filling up the DagBag from /home/ubuntu/.local/lib/python3.10/site-packages/airflow/example_dags/example_skip_dag.py
[2024-02-08T02:51:54.229+0100] {processor.py:840} INFO - DAG(s) 'example_skip_dag' retrieved from /home/ubuntu/.local/lib/python3.10/site-packages/airflow/example_dags/example_skip_dag.py
[2024-02-08T02:51:54.254+0100] {logging_mixin.py:188} INFO - [2024-02-08T02:51:54.254+0100] {dag.py:3033} INFO - Sync 1 DAGs
[2024-02-08T02:51:54.283+0100] {logging_mixin.py:188} INFO - [2024-02-08T02:51:54.283+0100] {dag.py:3820} INFO - Setting next_dagrun for example_skip_dag to 2024-02-07T00:00:00+00:00, run_after=2024-02-08T00:00:00+00:00
[2024-02-08T02:51:54.364+0100] {processor.py:183} INFO - Processing /home/ubuntu/.local/lib/python3.10/site-packages/airflow/example_dags/example_skip_dag.py took 0.171 seconds
[2024-02-08T02:53:33.299+0100] {processor.py:161} INFO - Started process (PID=13818) to work on /home/ubuntu/.local/lib/python3.10/site-packages/airflow/example_dags/example_skip_dag.py
[2024-02-08T02:53:33.308+0100] {processor.py:830} INFO - Processing file /home/ubuntu/.local/lib/python3.10/site-packages/airflow/example_dags/example_skip_dag.py for tasks to queue
[2024-02-08T02:53:33.310+0100] {logging_mixin.py:188} INFO - [2024-02-08T02:53:33.309+0100] {dagbag.py:538} INFO - Filling up the DagBag from /home/ubuntu/.local/lib/python3.10/site-packages/airflow/example_dags/example_skip_dag.py
[2024-02-08T02:53:33.321+0100] {processor.py:840} INFO - DAG(s) 'example_skip_dag' retrieved from /home/ubuntu/.local/lib/python3.10/site-packages/airflow/example_dags/example_skip_dag.py
[2024-02-08T02:53:33.344+0100] {logging_mixin.py:188} INFO - [2024-02-08T02:53:33.344+0100] {dag.py:3033} INFO - Sync 1 DAGs
[2024-02-08T02:53:33.373+0100] {logging_mixin.py:188} INFO - [2024-02-08T02:53:33.373+0100] {dag.py:3820} INFO - Setting next_dagrun for example_skip_dag to 2024-02-07T00:00:00+00:00, run_after=2024-02-08T00:00:00+00:00
[2024-02-08T02:53:33.409+0100] {processor.py:183} INFO - Processing /home/ubuntu/.local/lib/python3.10/site-packages/airflow/example_dags/example_skip_dag.py took 0.117 seconds
[2024-02-08T02:58:27.246+0100] {processor.py:161} INFO - Started process (PID=13974) to work on /home/ubuntu/.local/lib/python3.10/site-packages/airflow/example_dags/example_skip_dag.py
[2024-02-08T02:58:27.274+0100] {processor.py:830} INFO - Processing file /home/ubuntu/.local/lib/python3.10/site-packages/airflow/example_dags/example_skip_dag.py for tasks to queue
[2024-02-08T02:58:27.278+0100] {logging_mixin.py:188} INFO - [2024-02-08T02:58:27.277+0100] {dagbag.py:538} INFO - Filling up the DagBag from /home/ubuntu/.local/lib/python3.10/site-packages/airflow/example_dags/example_skip_dag.py
[2024-02-08T02:58:27.705+0100] {processor.py:840} INFO - DAG(s) 'example_skip_dag' retrieved from /home/ubuntu/.local/lib/python3.10/site-packages/airflow/example_dags/example_skip_dag.py
[2024-02-08T02:58:28.396+0100] {logging_mixin.py:188} INFO - [2024-02-08T02:58:28.396+0100] {dag.py:3033} INFO - Sync 1 DAGs
[2024-02-08T02:58:28.920+0100] {logging_mixin.py:188} INFO - [2024-02-08T02:58:28.920+0100] {dag.py:3820} INFO - Setting next_dagrun for example_skip_dag to 2024-02-07T00:00:00+00:00, run_after=2024-02-08T00:00:00+00:00
[2024-02-08T02:58:29.373+0100] {processor.py:183} INFO - Processing /home/ubuntu/.local/lib/python3.10/site-packages/airflow/example_dags/example_skip_dag.py took 2.235 seconds
[2024-02-08T03:01:37.486+0100] {processor.py:161} INFO - Started process (PID=14099) to work on /home/ubuntu/.local/lib/python3.10/site-packages/airflow/example_dags/example_skip_dag.py
[2024-02-08T03:01:37.492+0100] {processor.py:830} INFO - Processing file /home/ubuntu/.local/lib/python3.10/site-packages/airflow/example_dags/example_skip_dag.py for tasks to queue
[2024-02-08T03:01:37.494+0100] {logging_mixin.py:188} INFO - [2024-02-08T03:01:37.493+0100] {dagbag.py:538} INFO - Filling up the DagBag from /home/ubuntu/.local/lib/python3.10/site-packages/airflow/example_dags/example_skip_dag.py
[2024-02-08T03:01:37.505+0100] {processor.py:840} INFO - DAG(s) 'example_skip_dag' retrieved from /home/ubuntu/.local/lib/python3.10/site-packages/airflow/example_dags/example_skip_dag.py
[2024-02-08T03:01:37.560+0100] {logging_mixin.py:188} INFO - [2024-02-08T03:01:37.559+0100] {dag.py:3033} INFO - Sync 1 DAGs
[2024-02-08T03:01:37.607+0100] {logging_mixin.py:188} INFO - [2024-02-08T03:01:37.606+0100] {dag.py:3820} INFO - Setting next_dagrun for example_skip_dag to 2024-02-07T00:00:00+00:00, run_after=2024-02-08T00:00:00+00:00
[2024-02-08T03:01:37.685+0100] {processor.py:183} INFO - Processing /home/ubuntu/.local/lib/python3.10/site-packages/airflow/example_dags/example_skip_dag.py took 0.219 seconds
[2024-02-08T03:03:42.185+0100] {processor.py:161} INFO - Started process (PID=14258) to work on /home/ubuntu/.local/lib/python3.10/site-packages/airflow/example_dags/example_skip_dag.py
[2024-02-08T03:03:42.187+0100] {processor.py:830} INFO - Processing file /home/ubuntu/.local/lib/python3.10/site-packages/airflow/example_dags/example_skip_dag.py for tasks to queue
[2024-02-08T03:03:42.189+0100] {logging_mixin.py:188} INFO - [2024-02-08T03:03:42.188+0100] {dagbag.py:538} INFO - Filling up the DagBag from /home/ubuntu/.local/lib/python3.10/site-packages/airflow/example_dags/example_skip_dag.py
[2024-02-08T03:03:42.206+0100] {processor.py:840} INFO - DAG(s) 'example_skip_dag' retrieved from /home/ubuntu/.local/lib/python3.10/site-packages/airflow/example_dags/example_skip_dag.py
[2024-02-08T03:03:42.232+0100] {logging_mixin.py:188} INFO - [2024-02-08T03:03:42.231+0100] {dag.py:3033} INFO - Sync 1 DAGs
[2024-02-08T03:03:42.259+0100] {logging_mixin.py:188} INFO - [2024-02-08T03:03:42.259+0100] {dag.py:3820} INFO - Setting next_dagrun for example_skip_dag to 2024-02-07T00:00:00+00:00, run_after=2024-02-08T00:00:00+00:00
[2024-02-08T03:03:42.294+0100] {processor.py:183} INFO - Processing /home/ubuntu/.local/lib/python3.10/site-packages/airflow/example_dags/example_skip_dag.py took 0.113 seconds
[2024-02-08T03:04:58.802+0100] {processor.py:161} INFO - Started process (PID=14326) to work on /home/ubuntu/.local/lib/python3.10/site-packages/airflow/example_dags/example_skip_dag.py
[2024-02-08T03:04:58.804+0100] {processor.py:830} INFO - Processing file /home/ubuntu/.local/lib/python3.10/site-packages/airflow/example_dags/example_skip_dag.py for tasks to queue
[2024-02-08T03:04:58.807+0100] {logging_mixin.py:188} INFO - [2024-02-08T03:04:58.806+0100] {dagbag.py:538} INFO - Filling up the DagBag from /home/ubuntu/.local/lib/python3.10/site-packages/airflow/example_dags/example_skip_dag.py
[2024-02-08T03:04:58.822+0100] {processor.py:840} INFO - DAG(s) 'example_skip_dag' retrieved from /home/ubuntu/.local/lib/python3.10/site-packages/airflow/example_dags/example_skip_dag.py
[2024-02-08T03:04:58.848+0100] {logging_mixin.py:188} INFO - [2024-02-08T03:04:58.847+0100] {dag.py:3033} INFO - Sync 1 DAGs
[2024-02-08T03:04:58.882+0100] {logging_mixin.py:188} INFO - [2024-02-08T03:04:58.882+0100] {dag.py:3820} INFO - Setting next_dagrun for example_skip_dag to 2024-02-07T00:00:00+00:00, run_after=2024-02-08T00:00:00+00:00
[2024-02-08T03:04:58.924+0100] {processor.py:183} INFO - Processing /home/ubuntu/.local/lib/python3.10/site-packages/airflow/example_dags/example_skip_dag.py took 0.127 seconds
[2024-02-08T03:06:30.723+0100] {processor.py:161} INFO - Started process (PID=14401) to work on /home/ubuntu/.local/lib/python3.10/site-packages/airflow/example_dags/example_skip_dag.py
[2024-02-08T03:06:30.728+0100] {processor.py:830} INFO - Processing file /home/ubuntu/.local/lib/python3.10/site-packages/airflow/example_dags/example_skip_dag.py for tasks to queue
[2024-02-08T03:06:30.730+0100] {logging_mixin.py:188} INFO - [2024-02-08T03:06:30.729+0100] {dagbag.py:538} INFO - Filling up the DagBag from /home/ubuntu/.local/lib/python3.10/site-packages/airflow/example_dags/example_skip_dag.py
[2024-02-08T03:06:30.748+0100] {processor.py:840} INFO - DAG(s) 'example_skip_dag' retrieved from /home/ubuntu/.local/lib/python3.10/site-packages/airflow/example_dags/example_skip_dag.py
[2024-02-08T03:06:30.786+0100] {logging_mixin.py:188} INFO - [2024-02-08T03:06:30.785+0100] {dag.py:3033} INFO - Sync 1 DAGs
[2024-02-08T03:06:30.815+0100] {logging_mixin.py:188} INFO - [2024-02-08T03:06:30.815+0100] {dag.py:3820} INFO - Setting next_dagrun for example_skip_dag to 2024-02-07T00:00:00+00:00, run_after=2024-02-08T00:00:00+00:00
[2024-02-08T03:06:30.852+0100] {processor.py:183} INFO - Processing /home/ubuntu/.local/lib/python3.10/site-packages/airflow/example_dags/example_skip_dag.py took 0.134 seconds
[2024-02-08T03:07:33.968+0100] {processor.py:161} INFO - Started process (PID=14500) to work on /home/ubuntu/.local/lib/python3.10/site-packages/airflow/example_dags/example_skip_dag.py
[2024-02-08T03:07:33.971+0100] {processor.py:830} INFO - Processing file /home/ubuntu/.local/lib/python3.10/site-packages/airflow/example_dags/example_skip_dag.py for tasks to queue
[2024-02-08T03:07:33.973+0100] {logging_mixin.py:188} INFO - [2024-02-08T03:07:33.972+0100] {dagbag.py:538} INFO - Filling up the DagBag from /home/ubuntu/.local/lib/python3.10/site-packages/airflow/example_dags/example_skip_dag.py
[2024-02-08T03:07:33.987+0100] {processor.py:840} INFO - DAG(s) 'example_skip_dag' retrieved from /home/ubuntu/.local/lib/python3.10/site-packages/airflow/example_dags/example_skip_dag.py
[2024-02-08T03:07:34.015+0100] {logging_mixin.py:188} INFO - [2024-02-08T03:07:34.014+0100] {dag.py:3033} INFO - Sync 1 DAGs
[2024-02-08T03:07:34.047+0100] {logging_mixin.py:188} INFO - [2024-02-08T03:07:34.046+0100] {dag.py:3820} INFO - Setting next_dagrun for example_skip_dag to 2024-02-07T00:00:00+00:00, run_after=2024-02-08T00:00:00+00:00
[2024-02-08T03:07:34.098+0100] {processor.py:183} INFO - Processing /home/ubuntu/.local/lib/python3.10/site-packages/airflow/example_dags/example_skip_dag.py took 0.135 seconds
[2024-02-08T03:08:50.193+0100] {processor.py:161} INFO - Started process (PID=14615) to work on /home/ubuntu/.local/lib/python3.10/site-packages/airflow/example_dags/example_skip_dag.py
[2024-02-08T03:08:50.197+0100] {processor.py:830} INFO - Processing file /home/ubuntu/.local/lib/python3.10/site-packages/airflow/example_dags/example_skip_dag.py for tasks to queue
[2024-02-08T03:08:50.199+0100] {logging_mixin.py:188} INFO - [2024-02-08T03:08:50.198+0100] {dagbag.py:538} INFO - Filling up the DagBag from /home/ubuntu/.local/lib/python3.10/site-packages/airflow/example_dags/example_skip_dag.py
[2024-02-08T03:08:50.213+0100] {processor.py:840} INFO - DAG(s) 'example_skip_dag' retrieved from /home/ubuntu/.local/lib/python3.10/site-packages/airflow/example_dags/example_skip_dag.py
[2024-02-08T03:08:50.252+0100] {logging_mixin.py:188} INFO - [2024-02-08T03:08:50.252+0100] {dag.py:3033} INFO - Sync 1 DAGs
[2024-02-08T03:08:50.304+0100] {logging_mixin.py:188} INFO - [2024-02-08T03:08:50.304+0100] {dag.py:3820} INFO - Setting next_dagrun for example_skip_dag to 2024-02-07T00:00:00+00:00, run_after=2024-02-08T00:00:00+00:00
[2024-02-08T03:08:50.343+0100] {processor.py:183} INFO - Processing /home/ubuntu/.local/lib/python3.10/site-packages/airflow/example_dags/example_skip_dag.py took 0.156 seconds
[2024-02-08T03:09:51.261+0100] {processor.py:161} INFO - Started process (PID=14673) to work on /home/ubuntu/.local/lib/python3.10/site-packages/airflow/example_dags/example_skip_dag.py
[2024-02-08T03:09:51.265+0100] {processor.py:830} INFO - Processing file /home/ubuntu/.local/lib/python3.10/site-packages/airflow/example_dags/example_skip_dag.py for tasks to queue
[2024-02-08T03:09:51.270+0100] {logging_mixin.py:188} INFO - [2024-02-08T03:09:51.268+0100] {dagbag.py:538} INFO - Filling up the DagBag from /home/ubuntu/.local/lib/python3.10/site-packages/airflow/example_dags/example_skip_dag.py
[2024-02-08T03:09:51.288+0100] {processor.py:840} INFO - DAG(s) 'example_skip_dag' retrieved from /home/ubuntu/.local/lib/python3.10/site-packages/airflow/example_dags/example_skip_dag.py
[2024-02-08T03:09:51.323+0100] {logging_mixin.py:188} INFO - [2024-02-08T03:09:51.322+0100] {dag.py:3033} INFO - Sync 1 DAGs
[2024-02-08T03:09:51.351+0100] {logging_mixin.py:188} INFO - [2024-02-08T03:09:51.351+0100] {dag.py:3820} INFO - Setting next_dagrun for example_skip_dag to 2024-02-07T00:00:00+00:00, run_after=2024-02-08T00:00:00+00:00
[2024-02-08T03:09:51.456+0100] {processor.py:183} INFO - Processing /home/ubuntu/.local/lib/python3.10/site-packages/airflow/example_dags/example_skip_dag.py took 0.200 seconds
[2024-02-08T03:10:59.872+0100] {processor.py:161} INFO - Started process (PID=14733) to work on /home/ubuntu/.local/lib/python3.10/site-packages/airflow/example_dags/example_skip_dag.py
[2024-02-08T03:10:59.876+0100] {processor.py:830} INFO - Processing file /home/ubuntu/.local/lib/python3.10/site-packages/airflow/example_dags/example_skip_dag.py for tasks to queue
[2024-02-08T03:10:59.877+0100] {logging_mixin.py:188} INFO - [2024-02-08T03:10:59.877+0100] {dagbag.py:538} INFO - Filling up the DagBag from /home/ubuntu/.local/lib/python3.10/site-packages/airflow/example_dags/example_skip_dag.py
[2024-02-08T03:10:59.898+0100] {processor.py:840} INFO - DAG(s) 'example_skip_dag' retrieved from /home/ubuntu/.local/lib/python3.10/site-packages/airflow/example_dags/example_skip_dag.py
[2024-02-08T03:10:59.929+0100] {logging_mixin.py:188} INFO - [2024-02-08T03:10:59.929+0100] {dag.py:3033} INFO - Sync 1 DAGs
[2024-02-08T03:10:59.965+0100] {logging_mixin.py:188} INFO - [2024-02-08T03:10:59.965+0100] {dag.py:3820} INFO - Setting next_dagrun for example_skip_dag to 2024-02-07T00:00:00+00:00, run_after=2024-02-08T00:00:00+00:00
[2024-02-08T03:11:00.085+0100] {processor.py:183} INFO - Processing /home/ubuntu/.local/lib/python3.10/site-packages/airflow/example_dags/example_skip_dag.py took 0.221 seconds
[2024-02-08T03:12:02.480+0100] {processor.py:161} INFO - Started process (PID=14790) to work on /home/ubuntu/.local/lib/python3.10/site-packages/airflow/example_dags/example_skip_dag.py
[2024-02-08T03:12:02.484+0100] {processor.py:830} INFO - Processing file /home/ubuntu/.local/lib/python3.10/site-packages/airflow/example_dags/example_skip_dag.py for tasks to queue
[2024-02-08T03:12:02.486+0100] {logging_mixin.py:188} INFO - [2024-02-08T03:12:02.485+0100] {dagbag.py:538} INFO - Filling up the DagBag from /home/ubuntu/.local/lib/python3.10/site-packages/airflow/example_dags/example_skip_dag.py
[2024-02-08T03:12:02.502+0100] {processor.py:840} INFO - DAG(s) 'example_skip_dag' retrieved from /home/ubuntu/.local/lib/python3.10/site-packages/airflow/example_dags/example_skip_dag.py
[2024-02-08T03:12:02.530+0100] {logging_mixin.py:188} INFO - [2024-02-08T03:12:02.530+0100] {dag.py:3033} INFO - Sync 1 DAGs
[2024-02-08T03:12:02.566+0100] {logging_mixin.py:188} INFO - [2024-02-08T03:12:02.566+0100] {dag.py:3820} INFO - Setting next_dagrun for example_skip_dag to 2024-02-07T00:00:00+00:00, run_after=2024-02-08T00:00:00+00:00
[2024-02-08T03:12:02.606+0100] {processor.py:183} INFO - Processing /home/ubuntu/.local/lib/python3.10/site-packages/airflow/example_dags/example_skip_dag.py took 0.131 seconds
[2024-02-08T03:13:01.027+0100] {processor.py:161} INFO - Started process (PID=14848) to work on /home/ubuntu/.local/lib/python3.10/site-packages/airflow/example_dags/example_skip_dag.py
[2024-02-08T03:13:01.032+0100] {processor.py:830} INFO - Processing file /home/ubuntu/.local/lib/python3.10/site-packages/airflow/example_dags/example_skip_dag.py for tasks to queue
[2024-02-08T03:13:01.034+0100] {logging_mixin.py:188} INFO - [2024-02-08T03:13:01.033+0100] {dagbag.py:538} INFO - Filling up the DagBag from /home/ubuntu/.local/lib/python3.10/site-packages/airflow/example_dags/example_skip_dag.py
[2024-02-08T03:13:01.057+0100] {processor.py:840} INFO - DAG(s) 'example_skip_dag' retrieved from /home/ubuntu/.local/lib/python3.10/site-packages/airflow/example_dags/example_skip_dag.py
[2024-02-08T03:13:01.086+0100] {logging_mixin.py:188} INFO - [2024-02-08T03:13:01.086+0100] {dag.py:3033} INFO - Sync 1 DAGs
[2024-02-08T03:13:01.118+0100] {logging_mixin.py:188} INFO - [2024-02-08T03:13:01.118+0100] {dag.py:3820} INFO - Setting next_dagrun for example_skip_dag to 2024-02-07T00:00:00+00:00, run_after=2024-02-08T00:00:00+00:00
[2024-02-08T03:13:01.169+0100] {processor.py:183} INFO - Processing /home/ubuntu/.local/lib/python3.10/site-packages/airflow/example_dags/example_skip_dag.py took 0.146 seconds
[2024-02-08T03:14:01.881+0100] {processor.py:161} INFO - Started process (PID=14907) to work on /home/ubuntu/.local/lib/python3.10/site-packages/airflow/example_dags/example_skip_dag.py
[2024-02-08T03:14:01.885+0100] {processor.py:830} INFO - Processing file /home/ubuntu/.local/lib/python3.10/site-packages/airflow/example_dags/example_skip_dag.py for tasks to queue
[2024-02-08T03:14:01.887+0100] {logging_mixin.py:188} INFO - [2024-02-08T03:14:01.886+0100] {dagbag.py:538} INFO - Filling up the DagBag from /home/ubuntu/.local/lib/python3.10/site-packages/airflow/example_dags/example_skip_dag.py
[2024-02-08T03:14:01.902+0100] {processor.py:840} INFO - DAG(s) 'example_skip_dag' retrieved from /home/ubuntu/.local/lib/python3.10/site-packages/airflow/example_dags/example_skip_dag.py
[2024-02-08T03:14:01.930+0100] {logging_mixin.py:188} INFO - [2024-02-08T03:14:01.930+0100] {dag.py:3033} INFO - Sync 1 DAGs
[2024-02-08T03:14:01.961+0100] {logging_mixin.py:188} INFO - [2024-02-08T03:14:01.961+0100] {dag.py:3820} INFO - Setting next_dagrun for example_skip_dag to 2024-02-07T00:00:00+00:00, run_after=2024-02-08T00:00:00+00:00
[2024-02-08T03:14:02.018+0100] {processor.py:183} INFO - Processing /home/ubuntu/.local/lib/python3.10/site-packages/airflow/example_dags/example_skip_dag.py took 0.144 seconds
[2024-02-08T03:15:04.779+0100] {processor.py:161} INFO - Started process (PID=14972) to work on /home/ubuntu/.local/lib/python3.10/site-packages/airflow/example_dags/example_skip_dag.py
[2024-02-08T03:15:04.784+0100] {processor.py:830} INFO - Processing file /home/ubuntu/.local/lib/python3.10/site-packages/airflow/example_dags/example_skip_dag.py for tasks to queue
[2024-02-08T03:15:04.786+0100] {logging_mixin.py:188} INFO - [2024-02-08T03:15:04.785+0100] {dagbag.py:538} INFO - Filling up the DagBag from /home/ubuntu/.local/lib/python3.10/site-packages/airflow/example_dags/example_skip_dag.py
[2024-02-08T03:15:04.804+0100] {processor.py:840} INFO - DAG(s) 'example_skip_dag' retrieved from /home/ubuntu/.local/lib/python3.10/site-packages/airflow/example_dags/example_skip_dag.py
[2024-02-08T03:15:04.835+0100] {logging_mixin.py:188} INFO - [2024-02-08T03:15:04.835+0100] {dag.py:3033} INFO - Sync 1 DAGs
[2024-02-08T03:15:04.870+0100] {logging_mixin.py:188} INFO - [2024-02-08T03:15:04.870+0100] {dag.py:3820} INFO - Setting next_dagrun for example_skip_dag to 2024-02-07T00:00:00+00:00, run_after=2024-02-08T00:00:00+00:00
[2024-02-08T03:15:04.915+0100] {processor.py:183} INFO - Processing /home/ubuntu/.local/lib/python3.10/site-packages/airflow/example_dags/example_skip_dag.py took 0.143 seconds
[2024-02-08T03:16:08.037+0100] {processor.py:161} INFO - Started process (PID=15035) to work on /home/ubuntu/.local/lib/python3.10/site-packages/airflow/example_dags/example_skip_dag.py
[2024-02-08T03:16:08.044+0100] {processor.py:830} INFO - Processing file /home/ubuntu/.local/lib/python3.10/site-packages/airflow/example_dags/example_skip_dag.py for tasks to queue
[2024-02-08T03:16:08.046+0100] {logging_mixin.py:188} INFO - [2024-02-08T03:16:08.046+0100] {dagbag.py:538} INFO - Filling up the DagBag from /home/ubuntu/.local/lib/python3.10/site-packages/airflow/example_dags/example_skip_dag.py
[2024-02-08T03:16:08.065+0100] {processor.py:840} INFO - DAG(s) 'example_skip_dag' retrieved from /home/ubuntu/.local/lib/python3.10/site-packages/airflow/example_dags/example_skip_dag.py
[2024-02-08T03:16:08.109+0100] {logging_mixin.py:188} INFO - [2024-02-08T03:16:08.108+0100] {dag.py:3033} INFO - Sync 1 DAGs
[2024-02-08T03:16:08.138+0100] {logging_mixin.py:188} INFO - [2024-02-08T03:16:08.138+0100] {dag.py:3820} INFO - Setting next_dagrun for example_skip_dag to 2024-02-07T00:00:00+00:00, run_after=2024-02-08T00:00:00+00:00
[2024-02-08T03:16:08.186+0100] {processor.py:183} INFO - Processing /home/ubuntu/.local/lib/python3.10/site-packages/airflow/example_dags/example_skip_dag.py took 0.162 seconds
[2024-02-08T03:17:06.720+0100] {processor.py:161} INFO - Started process (PID=15093) to work on /home/ubuntu/.local/lib/python3.10/site-packages/airflow/example_dags/example_skip_dag.py
[2024-02-08T03:17:06.724+0100] {processor.py:830} INFO - Processing file /home/ubuntu/.local/lib/python3.10/site-packages/airflow/example_dags/example_skip_dag.py for tasks to queue
[2024-02-08T03:17:06.725+0100] {logging_mixin.py:188} INFO - [2024-02-08T03:17:06.725+0100] {dagbag.py:538} INFO - Filling up the DagBag from /home/ubuntu/.local/lib/python3.10/site-packages/airflow/example_dags/example_skip_dag.py
[2024-02-08T03:17:06.743+0100] {processor.py:840} INFO - DAG(s) 'example_skip_dag' retrieved from /home/ubuntu/.local/lib/python3.10/site-packages/airflow/example_dags/example_skip_dag.py
[2024-02-08T03:17:06.779+0100] {logging_mixin.py:188} INFO - [2024-02-08T03:17:06.779+0100] {dag.py:3033} INFO - Sync 1 DAGs
[2024-02-08T03:17:06.811+0100] {logging_mixin.py:188} INFO - [2024-02-08T03:17:06.810+0100] {dag.py:3820} INFO - Setting next_dagrun for example_skip_dag to 2024-02-07T00:00:00+00:00, run_after=2024-02-08T00:00:00+00:00
[2024-02-08T03:17:06.856+0100] {processor.py:183} INFO - Processing /home/ubuntu/.local/lib/python3.10/site-packages/airflow/example_dags/example_skip_dag.py took 0.142 seconds
[2024-02-08T03:18:05.248+0100] {processor.py:161} INFO - Started process (PID=15150) to work on /home/ubuntu/.local/lib/python3.10/site-packages/airflow/example_dags/example_skip_dag.py
[2024-02-08T03:18:05.251+0100] {processor.py:830} INFO - Processing file /home/ubuntu/.local/lib/python3.10/site-packages/airflow/example_dags/example_skip_dag.py for tasks to queue
[2024-02-08T03:18:05.253+0100] {logging_mixin.py:188} INFO - [2024-02-08T03:18:05.252+0100] {dagbag.py:538} INFO - Filling up the DagBag from /home/ubuntu/.local/lib/python3.10/site-packages/airflow/example_dags/example_skip_dag.py
[2024-02-08T03:18:05.272+0100] {processor.py:840} INFO - DAG(s) 'example_skip_dag' retrieved from /home/ubuntu/.local/lib/python3.10/site-packages/airflow/example_dags/example_skip_dag.py
[2024-02-08T03:18:05.306+0100] {logging_mixin.py:188} INFO - [2024-02-08T03:18:05.305+0100] {dag.py:3033} INFO - Sync 1 DAGs
[2024-02-08T03:18:05.348+0100] {logging_mixin.py:188} INFO - [2024-02-08T03:18:05.347+0100] {dag.py:3820} INFO - Setting next_dagrun for example_skip_dag to 2024-02-07T00:00:00+00:00, run_after=2024-02-08T00:00:00+00:00
[2024-02-08T03:18:05.395+0100] {processor.py:183} INFO - Processing /home/ubuntu/.local/lib/python3.10/site-packages/airflow/example_dags/example_skip_dag.py took 0.156 seconds
[2024-02-08T03:19:04.899+0100] {processor.py:161} INFO - Started process (PID=15205) to work on /home/ubuntu/.local/lib/python3.10/site-packages/airflow/example_dags/example_skip_dag.py
[2024-02-08T03:19:04.903+0100] {processor.py:830} INFO - Processing file /home/ubuntu/.local/lib/python3.10/site-packages/airflow/example_dags/example_skip_dag.py for tasks to queue
[2024-02-08T03:19:04.905+0100] {logging_mixin.py:188} INFO - [2024-02-08T03:19:04.905+0100] {dagbag.py:538} INFO - Filling up the DagBag from /home/ubuntu/.local/lib/python3.10/site-packages/airflow/example_dags/example_skip_dag.py
[2024-02-08T03:19:04.919+0100] {processor.py:840} INFO - DAG(s) 'example_skip_dag' retrieved from /home/ubuntu/.local/lib/python3.10/site-packages/airflow/example_dags/example_skip_dag.py
[2024-02-08T03:19:04.950+0100] {logging_mixin.py:188} INFO - [2024-02-08T03:19:04.949+0100] {dag.py:3033} INFO - Sync 1 DAGs
[2024-02-08T03:19:04.979+0100] {logging_mixin.py:188} INFO - [2024-02-08T03:19:04.979+0100] {dag.py:3820} INFO - Setting next_dagrun for example_skip_dag to 2024-02-07T00:00:00+00:00, run_after=2024-02-08T00:00:00+00:00
[2024-02-08T03:19:05.018+0100] {processor.py:183} INFO - Processing /home/ubuntu/.local/lib/python3.10/site-packages/airflow/example_dags/example_skip_dag.py took 0.124 seconds
[2024-02-08T03:20:22.237+0100] {processor.py:161} INFO - Started process (PID=15332) to work on /home/ubuntu/.local/lib/python3.10/site-packages/airflow/example_dags/example_skip_dag.py
[2024-02-08T03:20:22.241+0100] {processor.py:830} INFO - Processing file /home/ubuntu/.local/lib/python3.10/site-packages/airflow/example_dags/example_skip_dag.py for tasks to queue
[2024-02-08T03:20:22.243+0100] {logging_mixin.py:188} INFO - [2024-02-08T03:20:22.242+0100] {dagbag.py:538} INFO - Filling up the DagBag from /home/ubuntu/.local/lib/python3.10/site-packages/airflow/example_dags/example_skip_dag.py
[2024-02-08T03:20:22.257+0100] {processor.py:840} INFO - DAG(s) 'example_skip_dag' retrieved from /home/ubuntu/.local/lib/python3.10/site-packages/airflow/example_dags/example_skip_dag.py
[2024-02-08T03:20:22.287+0100] {logging_mixin.py:188} INFO - [2024-02-08T03:20:22.286+0100] {dag.py:3033} INFO - Sync 1 DAGs
[2024-02-08T03:20:22.314+0100] {logging_mixin.py:188} INFO - [2024-02-08T03:20:22.314+0100] {dag.py:3820} INFO - Setting next_dagrun for example_skip_dag to 2024-02-07T00:00:00+00:00, run_after=2024-02-08T00:00:00+00:00
[2024-02-08T03:20:22.353+0100] {processor.py:183} INFO - Processing /home/ubuntu/.local/lib/python3.10/site-packages/airflow/example_dags/example_skip_dag.py took 0.128 seconds
[2024-02-08T03:21:28.454+0100] {processor.py:161} INFO - Started process (PID=15391) to work on /home/ubuntu/.local/lib/python3.10/site-packages/airflow/example_dags/example_skip_dag.py
[2024-02-08T03:21:28.458+0100] {processor.py:830} INFO - Processing file /home/ubuntu/.local/lib/python3.10/site-packages/airflow/example_dags/example_skip_dag.py for tasks to queue
[2024-02-08T03:21:28.461+0100] {logging_mixin.py:188} INFO - [2024-02-08T03:21:28.461+0100] {dagbag.py:538} INFO - Filling up the DagBag from /home/ubuntu/.local/lib/python3.10/site-packages/airflow/example_dags/example_skip_dag.py
[2024-02-08T03:21:28.477+0100] {processor.py:840} INFO - DAG(s) 'example_skip_dag' retrieved from /home/ubuntu/.local/lib/python3.10/site-packages/airflow/example_dags/example_skip_dag.py
[2024-02-08T03:21:28.505+0100] {logging_mixin.py:188} INFO - [2024-02-08T03:21:28.505+0100] {dag.py:3033} INFO - Sync 1 DAGs
[2024-02-08T03:21:28.544+0100] {logging_mixin.py:188} INFO - [2024-02-08T03:21:28.544+0100] {dag.py:3820} INFO - Setting next_dagrun for example_skip_dag to 2024-02-07T00:00:00+00:00, run_after=2024-02-08T00:00:00+00:00
[2024-02-08T03:21:28.581+0100] {processor.py:183} INFO - Processing /home/ubuntu/.local/lib/python3.10/site-packages/airflow/example_dags/example_skip_dag.py took 0.132 seconds
[2024-02-08T03:22:33.928+0100] {processor.py:161} INFO - Started process (PID=15451) to work on /home/ubuntu/.local/lib/python3.10/site-packages/airflow/example_dags/example_skip_dag.py
[2024-02-08T03:22:33.935+0100] {processor.py:830} INFO - Processing file /home/ubuntu/.local/lib/python3.10/site-packages/airflow/example_dags/example_skip_dag.py for tasks to queue
[2024-02-08T03:22:33.937+0100] {logging_mixin.py:188} INFO - [2024-02-08T03:22:33.936+0100] {dagbag.py:538} INFO - Filling up the DagBag from /home/ubuntu/.local/lib/python3.10/site-packages/airflow/example_dags/example_skip_dag.py
[2024-02-08T03:22:33.952+0100] {processor.py:840} INFO - DAG(s) 'example_skip_dag' retrieved from /home/ubuntu/.local/lib/python3.10/site-packages/airflow/example_dags/example_skip_dag.py
[2024-02-08T03:22:33.981+0100] {logging_mixin.py:188} INFO - [2024-02-08T03:22:33.981+0100] {dag.py:3033} INFO - Sync 1 DAGs
[2024-02-08T03:22:34.011+0100] {logging_mixin.py:188} INFO - [2024-02-08T03:22:34.011+0100] {dag.py:3820} INFO - Setting next_dagrun for example_skip_dag to 2024-02-07T00:00:00+00:00, run_after=2024-02-08T00:00:00+00:00
[2024-02-08T03:22:34.057+0100] {processor.py:183} INFO - Processing /home/ubuntu/.local/lib/python3.10/site-packages/airflow/example_dags/example_skip_dag.py took 0.133 seconds
[2024-02-08T03:23:44.833+0100] {processor.py:161} INFO - Started process (PID=15534) to work on /home/ubuntu/.local/lib/python3.10/site-packages/airflow/example_dags/example_skip_dag.py
[2024-02-08T03:23:44.858+0100] {processor.py:830} INFO - Processing file /home/ubuntu/.local/lib/python3.10/site-packages/airflow/example_dags/example_skip_dag.py for tasks to queue
[2024-02-08T03:23:44.872+0100] {logging_mixin.py:188} INFO - [2024-02-08T03:23:44.858+0100] {dagbag.py:538} INFO - Filling up the DagBag from /home/ubuntu/.local/lib/python3.10/site-packages/airflow/example_dags/example_skip_dag.py
[2024-02-08T03:23:44.895+0100] {processor.py:840} INFO - DAG(s) 'example_skip_dag' retrieved from /home/ubuntu/.local/lib/python3.10/site-packages/airflow/example_dags/example_skip_dag.py
[2024-02-08T03:23:44.943+0100] {logging_mixin.py:188} INFO - [2024-02-08T03:23:44.943+0100] {dag.py:3033} INFO - Sync 1 DAGs
[2024-02-08T03:23:44.975+0100] {logging_mixin.py:188} INFO - [2024-02-08T03:23:44.975+0100] {dag.py:3820} INFO - Setting next_dagrun for example_skip_dag to 2024-02-07T00:00:00+00:00, run_after=2024-02-08T00:00:00+00:00
[2024-02-08T03:23:45.097+0100] {processor.py:183} INFO - Processing /home/ubuntu/.local/lib/python3.10/site-packages/airflow/example_dags/example_skip_dag.py took 0.268 seconds
[2024-02-08T03:25:17.714+0100] {processor.py:161} INFO - Started process (PID=15666) to work on /home/ubuntu/.local/lib/python3.10/site-packages/airflow/example_dags/example_skip_dag.py
[2024-02-08T03:25:17.718+0100] {processor.py:830} INFO - Processing file /home/ubuntu/.local/lib/python3.10/site-packages/airflow/example_dags/example_skip_dag.py for tasks to queue
[2024-02-08T03:25:17.719+0100] {logging_mixin.py:188} INFO - [2024-02-08T03:25:17.719+0100] {dagbag.py:538} INFO - Filling up the DagBag from /home/ubuntu/.local/lib/python3.10/site-packages/airflow/example_dags/example_skip_dag.py
[2024-02-08T03:25:17.746+0100] {processor.py:840} INFO - DAG(s) 'example_skip_dag' retrieved from /home/ubuntu/.local/lib/python3.10/site-packages/airflow/example_dags/example_skip_dag.py
[2024-02-08T03:25:17.776+0100] {logging_mixin.py:188} INFO - [2024-02-08T03:25:17.776+0100] {dag.py:3033} INFO - Sync 1 DAGs
[2024-02-08T03:25:17.809+0100] {logging_mixin.py:188} INFO - [2024-02-08T03:25:17.808+0100] {dag.py:3820} INFO - Setting next_dagrun for example_skip_dag to 2024-02-07T00:00:00+00:00, run_after=2024-02-08T00:00:00+00:00
[2024-02-08T03:25:17.854+0100] {processor.py:183} INFO - Processing /home/ubuntu/.local/lib/python3.10/site-packages/airflow/example_dags/example_skip_dag.py took 0.147 seconds
