[2024-02-08T02:47:19.919+0100] {processor.py:161} INFO - Started process (PID=12420) to work on /home/ubuntu/.local/lib/python3.10/site-packages/airflow/example_dags/example_setup_teardown_taskflow.py
[2024-02-08T02:47:19.923+0100] {processor.py:830} INFO - Processing file /home/ubuntu/.local/lib/python3.10/site-packages/airflow/example_dags/example_setup_teardown_taskflow.py for tasks to queue
[2024-02-08T02:47:19.924+0100] {logging_mixin.py:188} INFO - [2024-02-08T02:47:19.923+0100] {dagbag.py:538} INFO - Filling up the DagBag from /home/ubuntu/.local/lib/python3.10/site-packages/airflow/example_dags/example_setup_teardown_taskflow.py
[2024-02-08T02:47:20.013+0100] {processor.py:840} INFO - DAG(s) 'example_setup_teardown_taskflow' retrieved from /home/ubuntu/.local/lib/python3.10/site-packages/airflow/example_dags/example_setup_teardown_taskflow.py
[2024-02-08T02:47:21.646+0100] {logging_mixin.py:188} INFO - [2024-02-08T02:47:21.619+0100] {dag.py:3033} INFO - Sync 1 DAGs
[2024-02-08T02:47:21.784+0100] {logging_mixin.py:188} INFO - [2024-02-08T02:47:21.778+0100] {dag.py:3820} INFO - Setting next_dagrun for example_setup_teardown_taskflow to 2024-02-07T00:00:00+00:00, run_after=2024-02-08T00:00:00+00:00
[2024-02-08T02:47:22.082+0100] {processor.py:183} INFO - Processing /home/ubuntu/.local/lib/python3.10/site-packages/airflow/example_dags/example_setup_teardown_taskflow.py took 2.193 seconds
[2024-02-08T02:48:47.432+0100] {processor.py:161} INFO - Started process (PID=13008) to work on /home/ubuntu/.local/lib/python3.10/site-packages/airflow/example_dags/example_setup_teardown_taskflow.py
[2024-02-08T02:48:47.488+0100] {processor.py:830} INFO - Processing file /home/ubuntu/.local/lib/python3.10/site-packages/airflow/example_dags/example_setup_teardown_taskflow.py for tasks to queue
[2024-02-08T02:48:47.490+0100] {logging_mixin.py:188} INFO - [2024-02-08T02:48:47.489+0100] {dagbag.py:538} INFO - Filling up the DagBag from /home/ubuntu/.local/lib/python3.10/site-packages/airflow/example_dags/example_setup_teardown_taskflow.py
[2024-02-08T02:48:47.518+0100] {processor.py:840} INFO - DAG(s) 'example_setup_teardown_taskflow' retrieved from /home/ubuntu/.local/lib/python3.10/site-packages/airflow/example_dags/example_setup_teardown_taskflow.py
[2024-02-08T02:48:47.563+0100] {logging_mixin.py:188} INFO - [2024-02-08T02:48:47.562+0100] {dag.py:3033} INFO - Sync 1 DAGs
[2024-02-08T02:48:47.601+0100] {logging_mixin.py:188} INFO - [2024-02-08T02:48:47.600+0100] {dag.py:3820} INFO - Setting next_dagrun for example_setup_teardown_taskflow to 2024-02-07T00:00:00+00:00, run_after=2024-02-08T00:00:00+00:00
[2024-02-08T02:48:47.669+0100] {processor.py:183} INFO - Processing /home/ubuntu/.local/lib/python3.10/site-packages/airflow/example_dags/example_setup_teardown_taskflow.py took 0.240 seconds
[2024-02-08T02:50:38.180+0100] {processor.py:161} INFO - Started process (PID=13621) to work on /home/ubuntu/.local/lib/python3.10/site-packages/airflow/example_dags/example_setup_teardown_taskflow.py
[2024-02-08T02:50:38.183+0100] {processor.py:830} INFO - Processing file /home/ubuntu/.local/lib/python3.10/site-packages/airflow/example_dags/example_setup_teardown_taskflow.py for tasks to queue
[2024-02-08T02:50:38.184+0100] {logging_mixin.py:188} INFO - [2024-02-08T02:50:38.184+0100] {dagbag.py:538} INFO - Filling up the DagBag from /home/ubuntu/.local/lib/python3.10/site-packages/airflow/example_dags/example_setup_teardown_taskflow.py
[2024-02-08T02:50:38.209+0100] {processor.py:840} INFO - DAG(s) 'example_setup_teardown_taskflow' retrieved from /home/ubuntu/.local/lib/python3.10/site-packages/airflow/example_dags/example_setup_teardown_taskflow.py
[2024-02-08T02:50:38.245+0100] {logging_mixin.py:188} INFO - [2024-02-08T02:50:38.245+0100] {dag.py:3033} INFO - Sync 1 DAGs
[2024-02-08T02:50:38.282+0100] {logging_mixin.py:188} INFO - [2024-02-08T02:50:38.281+0100] {dag.py:3820} INFO - Setting next_dagrun for example_setup_teardown_taskflow to 2024-02-07T00:00:00+00:00, run_after=2024-02-08T00:00:00+00:00
[2024-02-08T02:50:38.339+0100] {processor.py:183} INFO - Processing /home/ubuntu/.local/lib/python3.10/site-packages/airflow/example_dags/example_setup_teardown_taskflow.py took 0.165 seconds
[2024-02-08T02:51:58.508+0100] {processor.py:161} INFO - Started process (PID=13710) to work on /home/ubuntu/.local/lib/python3.10/site-packages/airflow/example_dags/example_setup_teardown_taskflow.py
[2024-02-08T02:51:58.513+0100] {processor.py:830} INFO - Processing file /home/ubuntu/.local/lib/python3.10/site-packages/airflow/example_dags/example_setup_teardown_taskflow.py for tasks to queue
[2024-02-08T02:51:58.514+0100] {logging_mixin.py:188} INFO - [2024-02-08T02:51:58.514+0100] {dagbag.py:538} INFO - Filling up the DagBag from /home/ubuntu/.local/lib/python3.10/site-packages/airflow/example_dags/example_setup_teardown_taskflow.py
[2024-02-08T02:51:58.553+0100] {processor.py:840} INFO - DAG(s) 'example_setup_teardown_taskflow' retrieved from /home/ubuntu/.local/lib/python3.10/site-packages/airflow/example_dags/example_setup_teardown_taskflow.py
[2024-02-08T02:51:58.594+0100] {logging_mixin.py:188} INFO - [2024-02-08T02:51:58.594+0100] {dag.py:3033} INFO - Sync 1 DAGs
[2024-02-08T02:51:58.622+0100] {logging_mixin.py:188} INFO - [2024-02-08T02:51:58.622+0100] {dag.py:3820} INFO - Setting next_dagrun for example_setup_teardown_taskflow to 2024-02-07T00:00:00+00:00, run_after=2024-02-08T00:00:00+00:00
[2024-02-08T02:51:58.684+0100] {processor.py:183} INFO - Processing /home/ubuntu/.local/lib/python3.10/site-packages/airflow/example_dags/example_setup_teardown_taskflow.py took 0.181 seconds
[2024-02-08T02:53:36.993+0100] {processor.py:161} INFO - Started process (PID=13822) to work on /home/ubuntu/.local/lib/python3.10/site-packages/airflow/example_dags/example_setup_teardown_taskflow.py
[2024-02-08T02:53:36.997+0100] {processor.py:830} INFO - Processing file /home/ubuntu/.local/lib/python3.10/site-packages/airflow/example_dags/example_setup_teardown_taskflow.py for tasks to queue
[2024-02-08T02:53:36.998+0100] {logging_mixin.py:188} INFO - [2024-02-08T02:53:36.998+0100] {dagbag.py:538} INFO - Filling up the DagBag from /home/ubuntu/.local/lib/python3.10/site-packages/airflow/example_dags/example_setup_teardown_taskflow.py
[2024-02-08T02:53:37.015+0100] {processor.py:840} INFO - DAG(s) 'example_setup_teardown_taskflow' retrieved from /home/ubuntu/.local/lib/python3.10/site-packages/airflow/example_dags/example_setup_teardown_taskflow.py
[2024-02-08T02:53:37.057+0100] {logging_mixin.py:188} INFO - [2024-02-08T02:53:37.056+0100] {dag.py:3033} INFO - Sync 1 DAGs
[2024-02-08T02:53:37.083+0100] {logging_mixin.py:188} INFO - [2024-02-08T02:53:37.083+0100] {dag.py:3820} INFO - Setting next_dagrun for example_setup_teardown_taskflow to 2024-02-07T00:00:00+00:00, run_after=2024-02-08T00:00:00+00:00
[2024-02-08T02:53:37.118+0100] {processor.py:183} INFO - Processing /home/ubuntu/.local/lib/python3.10/site-packages/airflow/example_dags/example_setup_teardown_taskflow.py took 0.130 seconds
[2024-02-08T02:58:35.430+0100] {processor.py:161} INFO - Started process (PID=13980) to work on /home/ubuntu/.local/lib/python3.10/site-packages/airflow/example_dags/example_setup_teardown_taskflow.py
[2024-02-08T02:58:35.439+0100] {processor.py:830} INFO - Processing file /home/ubuntu/.local/lib/python3.10/site-packages/airflow/example_dags/example_setup_teardown_taskflow.py for tasks to queue
[2024-02-08T02:58:35.441+0100] {logging_mixin.py:188} INFO - [2024-02-08T02:58:35.440+0100] {dagbag.py:538} INFO - Filling up the DagBag from /home/ubuntu/.local/lib/python3.10/site-packages/airflow/example_dags/example_setup_teardown_taskflow.py
[2024-02-08T02:58:35.534+0100] {processor.py:840} INFO - DAG(s) 'example_setup_teardown_taskflow' retrieved from /home/ubuntu/.local/lib/python3.10/site-packages/airflow/example_dags/example_setup_teardown_taskflow.py
[2024-02-08T02:58:35.582+0100] {logging_mixin.py:188} INFO - [2024-02-08T02:58:35.582+0100] {dag.py:3033} INFO - Sync 1 DAGs
[2024-02-08T02:58:35.647+0100] {logging_mixin.py:188} INFO - [2024-02-08T02:58:35.647+0100] {dag.py:3820} INFO - Setting next_dagrun for example_setup_teardown_taskflow to 2024-02-07T00:00:00+00:00, run_after=2024-02-08T00:00:00+00:00
[2024-02-08T02:58:35.734+0100] {processor.py:183} INFO - Processing /home/ubuntu/.local/lib/python3.10/site-packages/airflow/example_dags/example_setup_teardown_taskflow.py took 0.316 seconds
[2024-02-08T03:01:41.641+0100] {processor.py:161} INFO - Started process (PID=14103) to work on /home/ubuntu/.local/lib/python3.10/site-packages/airflow/example_dags/example_setup_teardown_taskflow.py
[2024-02-08T03:01:41.648+0100] {processor.py:830} INFO - Processing file /home/ubuntu/.local/lib/python3.10/site-packages/airflow/example_dags/example_setup_teardown_taskflow.py for tasks to queue
[2024-02-08T03:01:41.649+0100] {logging_mixin.py:188} INFO - [2024-02-08T03:01:41.648+0100] {dagbag.py:538} INFO - Filling up the DagBag from /home/ubuntu/.local/lib/python3.10/site-packages/airflow/example_dags/example_setup_teardown_taskflow.py
[2024-02-08T03:01:41.691+0100] {processor.py:840} INFO - DAG(s) 'example_setup_teardown_taskflow' retrieved from /home/ubuntu/.local/lib/python3.10/site-packages/airflow/example_dags/example_setup_teardown_taskflow.py
[2024-02-08T03:01:41.755+0100] {logging_mixin.py:188} INFO - [2024-02-08T03:01:41.755+0100] {dag.py:3033} INFO - Sync 1 DAGs
[2024-02-08T03:01:41.813+0100] {logging_mixin.py:188} INFO - [2024-02-08T03:01:41.813+0100] {dag.py:3820} INFO - Setting next_dagrun for example_setup_teardown_taskflow to 2024-02-07T00:00:00+00:00, run_after=2024-02-08T00:00:00+00:00
[2024-02-08T03:01:41.907+0100] {processor.py:183} INFO - Processing /home/ubuntu/.local/lib/python3.10/site-packages/airflow/example_dags/example_setup_teardown_taskflow.py took 0.277 seconds
[2024-02-08T03:03:46.218+0100] {processor.py:161} INFO - Started process (PID=14268) to work on /home/ubuntu/.local/lib/python3.10/site-packages/airflow/example_dags/example_setup_teardown_taskflow.py
[2024-02-08T03:03:46.223+0100] {processor.py:830} INFO - Processing file /home/ubuntu/.local/lib/python3.10/site-packages/airflow/example_dags/example_setup_teardown_taskflow.py for tasks to queue
[2024-02-08T03:03:46.225+0100] {logging_mixin.py:188} INFO - [2024-02-08T03:03:46.224+0100] {dagbag.py:538} INFO - Filling up the DagBag from /home/ubuntu/.local/lib/python3.10/site-packages/airflow/example_dags/example_setup_teardown_taskflow.py
[2024-02-08T03:03:46.244+0100] {processor.py:840} INFO - DAG(s) 'example_setup_teardown_taskflow' retrieved from /home/ubuntu/.local/lib/python3.10/site-packages/airflow/example_dags/example_setup_teardown_taskflow.py
[2024-02-08T03:03:46.270+0100] {logging_mixin.py:188} INFO - [2024-02-08T03:03:46.270+0100] {dag.py:3033} INFO - Sync 1 DAGs
[2024-02-08T03:03:46.293+0100] {logging_mixin.py:188} INFO - [2024-02-08T03:03:46.293+0100] {dag.py:3820} INFO - Setting next_dagrun for example_setup_teardown_taskflow to 2024-02-07T00:00:00+00:00, run_after=2024-02-08T00:00:00+00:00
[2024-02-08T03:03:46.338+0100] {processor.py:183} INFO - Processing /home/ubuntu/.local/lib/python3.10/site-packages/airflow/example_dags/example_setup_teardown_taskflow.py took 0.124 seconds
[2024-02-08T03:05:17.060+0100] {processor.py:161} INFO - Started process (PID=14335) to work on /home/ubuntu/.local/lib/python3.10/site-packages/airflow/example_dags/example_setup_teardown_taskflow.py
[2024-02-08T03:05:17.063+0100] {processor.py:830} INFO - Processing file /home/ubuntu/.local/lib/python3.10/site-packages/airflow/example_dags/example_setup_teardown_taskflow.py for tasks to queue
[2024-02-08T03:05:17.064+0100] {logging_mixin.py:188} INFO - [2024-02-08T03:05:17.064+0100] {dagbag.py:538} INFO - Filling up the DagBag from /home/ubuntu/.local/lib/python3.10/site-packages/airflow/example_dags/example_setup_teardown_taskflow.py
[2024-02-08T03:05:17.081+0100] {processor.py:840} INFO - DAG(s) 'example_setup_teardown_taskflow' retrieved from /home/ubuntu/.local/lib/python3.10/site-packages/airflow/example_dags/example_setup_teardown_taskflow.py
[2024-02-08T03:05:17.108+0100] {logging_mixin.py:188} INFO - [2024-02-08T03:05:17.108+0100] {dag.py:3033} INFO - Sync 1 DAGs
[2024-02-08T03:05:17.134+0100] {logging_mixin.py:188} INFO - [2024-02-08T03:05:17.134+0100] {dag.py:3820} INFO - Setting next_dagrun for example_setup_teardown_taskflow to 2024-02-07T00:00:00+00:00, run_after=2024-02-08T00:00:00+00:00
[2024-02-08T03:05:17.178+0100] {processor.py:183} INFO - Processing /home/ubuntu/.local/lib/python3.10/site-packages/airflow/example_dags/example_setup_teardown_taskflow.py took 0.123 seconds
[2024-02-08T03:06:35.577+0100] {processor.py:161} INFO - Started process (PID=14409) to work on /home/ubuntu/.local/lib/python3.10/site-packages/airflow/example_dags/example_setup_teardown_taskflow.py
[2024-02-08T03:06:35.580+0100] {processor.py:830} INFO - Processing file /home/ubuntu/.local/lib/python3.10/site-packages/airflow/example_dags/example_setup_teardown_taskflow.py for tasks to queue
[2024-02-08T03:06:35.583+0100] {logging_mixin.py:188} INFO - [2024-02-08T03:06:35.582+0100] {dagbag.py:538} INFO - Filling up the DagBag from /home/ubuntu/.local/lib/python3.10/site-packages/airflow/example_dags/example_setup_teardown_taskflow.py
[2024-02-08T03:06:35.629+0100] {processor.py:840} INFO - DAG(s) 'example_setup_teardown_taskflow' retrieved from /home/ubuntu/.local/lib/python3.10/site-packages/airflow/example_dags/example_setup_teardown_taskflow.py
[2024-02-08T03:06:35.661+0100] {logging_mixin.py:188} INFO - [2024-02-08T03:06:35.660+0100] {dag.py:3033} INFO - Sync 1 DAGs
[2024-02-08T03:06:35.690+0100] {logging_mixin.py:188} INFO - [2024-02-08T03:06:35.689+0100] {dag.py:3820} INFO - Setting next_dagrun for example_setup_teardown_taskflow to 2024-02-07T00:00:00+00:00, run_after=2024-02-08T00:00:00+00:00
[2024-02-08T03:06:35.728+0100] {processor.py:183} INFO - Processing /home/ubuntu/.local/lib/python3.10/site-packages/airflow/example_dags/example_setup_teardown_taskflow.py took 0.158 seconds
[2024-02-08T03:07:39.614+0100] {processor.py:161} INFO - Started process (PID=14523) to work on /home/ubuntu/.local/lib/python3.10/site-packages/airflow/example_dags/example_setup_teardown_taskflow.py
[2024-02-08T03:07:39.628+0100] {processor.py:830} INFO - Processing file /home/ubuntu/.local/lib/python3.10/site-packages/airflow/example_dags/example_setup_teardown_taskflow.py for tasks to queue
[2024-02-08T03:07:39.679+0100] {logging_mixin.py:188} INFO - [2024-02-08T03:07:39.639+0100] {dagbag.py:538} INFO - Filling up the DagBag from /home/ubuntu/.local/lib/python3.10/site-packages/airflow/example_dags/example_setup_teardown_taskflow.py
[2024-02-08T03:07:40.117+0100] {processor.py:840} INFO - DAG(s) 'example_setup_teardown_taskflow' retrieved from /home/ubuntu/.local/lib/python3.10/site-packages/airflow/example_dags/example_setup_teardown_taskflow.py
[2024-02-08T03:07:40.467+0100] {logging_mixin.py:188} INFO - [2024-02-08T03:07:40.467+0100] {dag.py:3033} INFO - Sync 1 DAGs
[2024-02-08T03:07:40.715+0100] {logging_mixin.py:188} INFO - [2024-02-08T03:07:40.715+0100] {dag.py:3820} INFO - Setting next_dagrun for example_setup_teardown_taskflow to 2024-02-07T00:00:00+00:00, run_after=2024-02-08T00:00:00+00:00
[2024-02-08T03:07:40.897+0100] {processor.py:183} INFO - Processing /home/ubuntu/.local/lib/python3.10/site-packages/airflow/example_dags/example_setup_teardown_taskflow.py took 1.452 seconds
[2024-02-08T03:08:54.056+0100] {processor.py:161} INFO - Started process (PID=14619) to work on /home/ubuntu/.local/lib/python3.10/site-packages/airflow/example_dags/example_setup_teardown_taskflow.py
[2024-02-08T03:08:54.061+0100] {processor.py:830} INFO - Processing file /home/ubuntu/.local/lib/python3.10/site-packages/airflow/example_dags/example_setup_teardown_taskflow.py for tasks to queue
[2024-02-08T03:08:54.062+0100] {logging_mixin.py:188} INFO - [2024-02-08T03:08:54.062+0100] {dagbag.py:538} INFO - Filling up the DagBag from /home/ubuntu/.local/lib/python3.10/site-packages/airflow/example_dags/example_setup_teardown_taskflow.py
[2024-02-08T03:08:54.079+0100] {processor.py:840} INFO - DAG(s) 'example_setup_teardown_taskflow' retrieved from /home/ubuntu/.local/lib/python3.10/site-packages/airflow/example_dags/example_setup_teardown_taskflow.py
[2024-02-08T03:08:54.098+0100] {logging_mixin.py:188} INFO - [2024-02-08T03:08:54.098+0100] {dag.py:3033} INFO - Sync 1 DAGs
[2024-02-08T03:08:54.119+0100] {logging_mixin.py:188} INFO - [2024-02-08T03:08:54.119+0100] {dag.py:3820} INFO - Setting next_dagrun for example_setup_teardown_taskflow to 2024-02-07T00:00:00+00:00, run_after=2024-02-08T00:00:00+00:00
[2024-02-08T03:08:54.157+0100] {processor.py:183} INFO - Processing /home/ubuntu/.local/lib/python3.10/site-packages/airflow/example_dags/example_setup_teardown_taskflow.py took 0.105 seconds
[2024-02-08T03:09:55.460+0100] {processor.py:161} INFO - Started process (PID=14677) to work on /home/ubuntu/.local/lib/python3.10/site-packages/airflow/example_dags/example_setup_teardown_taskflow.py
[2024-02-08T03:09:55.464+0100] {processor.py:830} INFO - Processing file /home/ubuntu/.local/lib/python3.10/site-packages/airflow/example_dags/example_setup_teardown_taskflow.py for tasks to queue
[2024-02-08T03:09:55.465+0100] {logging_mixin.py:188} INFO - [2024-02-08T03:09:55.465+0100] {dagbag.py:538} INFO - Filling up the DagBag from /home/ubuntu/.local/lib/python3.10/site-packages/airflow/example_dags/example_setup_teardown_taskflow.py
[2024-02-08T03:09:55.483+0100] {processor.py:840} INFO - DAG(s) 'example_setup_teardown_taskflow' retrieved from /home/ubuntu/.local/lib/python3.10/site-packages/airflow/example_dags/example_setup_teardown_taskflow.py
[2024-02-08T03:09:55.510+0100] {logging_mixin.py:188} INFO - [2024-02-08T03:09:55.510+0100] {dag.py:3033} INFO - Sync 1 DAGs
[2024-02-08T03:09:55.536+0100] {logging_mixin.py:188} INFO - [2024-02-08T03:09:55.536+0100] {dag.py:3820} INFO - Setting next_dagrun for example_setup_teardown_taskflow to 2024-02-07T00:00:00+00:00, run_after=2024-02-08T00:00:00+00:00
[2024-02-08T03:09:55.589+0100] {processor.py:183} INFO - Processing /home/ubuntu/.local/lib/python3.10/site-packages/airflow/example_dags/example_setup_teardown_taskflow.py took 0.134 seconds
[2024-02-08T03:11:03.867+0100] {processor.py:161} INFO - Started process (PID=14737) to work on /home/ubuntu/.local/lib/python3.10/site-packages/airflow/example_dags/example_setup_teardown_taskflow.py
[2024-02-08T03:11:03.871+0100] {processor.py:830} INFO - Processing file /home/ubuntu/.local/lib/python3.10/site-packages/airflow/example_dags/example_setup_teardown_taskflow.py for tasks to queue
[2024-02-08T03:11:03.873+0100] {logging_mixin.py:188} INFO - [2024-02-08T03:11:03.872+0100] {dagbag.py:538} INFO - Filling up the DagBag from /home/ubuntu/.local/lib/python3.10/site-packages/airflow/example_dags/example_setup_teardown_taskflow.py
[2024-02-08T03:11:03.893+0100] {processor.py:840} INFO - DAG(s) 'example_setup_teardown_taskflow' retrieved from /home/ubuntu/.local/lib/python3.10/site-packages/airflow/example_dags/example_setup_teardown_taskflow.py
[2024-02-08T03:11:03.925+0100] {logging_mixin.py:188} INFO - [2024-02-08T03:11:03.924+0100] {dag.py:3033} INFO - Sync 1 DAGs
[2024-02-08T03:11:03.957+0100] {logging_mixin.py:188} INFO - [2024-02-08T03:11:03.957+0100] {dag.py:3820} INFO - Setting next_dagrun for example_setup_teardown_taskflow to 2024-02-07T00:00:00+00:00, run_after=2024-02-08T00:00:00+00:00
[2024-02-08T03:11:04.010+0100] {processor.py:183} INFO - Processing /home/ubuntu/.local/lib/python3.10/site-packages/airflow/example_dags/example_setup_teardown_taskflow.py took 0.149 seconds
[2024-02-08T03:12:07.562+0100] {processor.py:161} INFO - Started process (PID=14794) to work on /home/ubuntu/.local/lib/python3.10/site-packages/airflow/example_dags/example_setup_teardown_taskflow.py
[2024-02-08T03:12:07.565+0100] {processor.py:830} INFO - Processing file /home/ubuntu/.local/lib/python3.10/site-packages/airflow/example_dags/example_setup_teardown_taskflow.py for tasks to queue
[2024-02-08T03:12:07.567+0100] {logging_mixin.py:188} INFO - [2024-02-08T03:12:07.566+0100] {dagbag.py:538} INFO - Filling up the DagBag from /home/ubuntu/.local/lib/python3.10/site-packages/airflow/example_dags/example_setup_teardown_taskflow.py
[2024-02-08T03:12:07.585+0100] {processor.py:840} INFO - DAG(s) 'example_setup_teardown_taskflow' retrieved from /home/ubuntu/.local/lib/python3.10/site-packages/airflow/example_dags/example_setup_teardown_taskflow.py
[2024-02-08T03:12:07.616+0100] {logging_mixin.py:188} INFO - [2024-02-08T03:12:07.615+0100] {dag.py:3033} INFO - Sync 1 DAGs
[2024-02-08T03:12:07.643+0100] {logging_mixin.py:188} INFO - [2024-02-08T03:12:07.643+0100] {dag.py:3820} INFO - Setting next_dagrun for example_setup_teardown_taskflow to 2024-02-07T00:00:00+00:00, run_after=2024-02-08T00:00:00+00:00
[2024-02-08T03:12:07.680+0100] {processor.py:183} INFO - Processing /home/ubuntu/.local/lib/python3.10/site-packages/airflow/example_dags/example_setup_teardown_taskflow.py took 0.123 seconds
[2024-02-08T03:13:06.118+0100] {processor.py:161} INFO - Started process (PID=14852) to work on /home/ubuntu/.local/lib/python3.10/site-packages/airflow/example_dags/example_setup_teardown_taskflow.py
[2024-02-08T03:13:06.123+0100] {processor.py:830} INFO - Processing file /home/ubuntu/.local/lib/python3.10/site-packages/airflow/example_dags/example_setup_teardown_taskflow.py for tasks to queue
[2024-02-08T03:13:06.125+0100] {logging_mixin.py:188} INFO - [2024-02-08T03:13:06.124+0100] {dagbag.py:538} INFO - Filling up the DagBag from /home/ubuntu/.local/lib/python3.10/site-packages/airflow/example_dags/example_setup_teardown_taskflow.py
[2024-02-08T03:13:06.146+0100] {processor.py:840} INFO - DAG(s) 'example_setup_teardown_taskflow' retrieved from /home/ubuntu/.local/lib/python3.10/site-packages/airflow/example_dags/example_setup_teardown_taskflow.py
[2024-02-08T03:13:06.173+0100] {logging_mixin.py:188} INFO - [2024-02-08T03:13:06.173+0100] {dag.py:3033} INFO - Sync 1 DAGs
[2024-02-08T03:13:06.204+0100] {logging_mixin.py:188} INFO - [2024-02-08T03:13:06.204+0100] {dag.py:3820} INFO - Setting next_dagrun for example_setup_teardown_taskflow to 2024-02-07T00:00:00+00:00, run_after=2024-02-08T00:00:00+00:00
[2024-02-08T03:13:06.252+0100] {processor.py:183} INFO - Processing /home/ubuntu/.local/lib/python3.10/site-packages/airflow/example_dags/example_setup_teardown_taskflow.py took 0.143 seconds
[2024-02-08T03:14:06.119+0100] {processor.py:161} INFO - Started process (PID=14911) to work on /home/ubuntu/.local/lib/python3.10/site-packages/airflow/example_dags/example_setup_teardown_taskflow.py
[2024-02-08T03:14:06.122+0100] {processor.py:830} INFO - Processing file /home/ubuntu/.local/lib/python3.10/site-packages/airflow/example_dags/example_setup_teardown_taskflow.py for tasks to queue
[2024-02-08T03:14:06.126+0100] {logging_mixin.py:188} INFO - [2024-02-08T03:14:06.125+0100] {dagbag.py:538} INFO - Filling up the DagBag from /home/ubuntu/.local/lib/python3.10/site-packages/airflow/example_dags/example_setup_teardown_taskflow.py
[2024-02-08T03:14:06.143+0100] {processor.py:840} INFO - DAG(s) 'example_setup_teardown_taskflow' retrieved from /home/ubuntu/.local/lib/python3.10/site-packages/airflow/example_dags/example_setup_teardown_taskflow.py
[2024-02-08T03:14:06.171+0100] {logging_mixin.py:188} INFO - [2024-02-08T03:14:06.171+0100] {dag.py:3033} INFO - Sync 1 DAGs
[2024-02-08T03:14:06.200+0100] {logging_mixin.py:188} INFO - [2024-02-08T03:14:06.200+0100] {dag.py:3820} INFO - Setting next_dagrun for example_setup_teardown_taskflow to 2024-02-07T00:00:00+00:00, run_after=2024-02-08T00:00:00+00:00
[2024-02-08T03:14:06.251+0100] {processor.py:183} INFO - Processing /home/ubuntu/.local/lib/python3.10/site-packages/airflow/example_dags/example_setup_teardown_taskflow.py took 0.140 seconds
[2024-02-08T03:15:10.625+0100] {processor.py:161} INFO - Started process (PID=14982) to work on /home/ubuntu/.local/lib/python3.10/site-packages/airflow/example_dags/example_setup_teardown_taskflow.py
[2024-02-08T03:15:10.631+0100] {processor.py:830} INFO - Processing file /home/ubuntu/.local/lib/python3.10/site-packages/airflow/example_dags/example_setup_teardown_taskflow.py for tasks to queue
[2024-02-08T03:15:10.632+0100] {logging_mixin.py:188} INFO - [2024-02-08T03:15:10.632+0100] {dagbag.py:538} INFO - Filling up the DagBag from /home/ubuntu/.local/lib/python3.10/site-packages/airflow/example_dags/example_setup_teardown_taskflow.py
[2024-02-08T03:15:10.658+0100] {processor.py:840} INFO - DAG(s) 'example_setup_teardown_taskflow' retrieved from /home/ubuntu/.local/lib/python3.10/site-packages/airflow/example_dags/example_setup_teardown_taskflow.py
[2024-02-08T03:15:10.692+0100] {logging_mixin.py:188} INFO - [2024-02-08T03:15:10.692+0100] {dag.py:3033} INFO - Sync 1 DAGs
[2024-02-08T03:15:10.730+0100] {logging_mixin.py:188} INFO - [2024-02-08T03:15:10.729+0100] {dag.py:3820} INFO - Setting next_dagrun for example_setup_teardown_taskflow to 2024-02-07T00:00:00+00:00, run_after=2024-02-08T00:00:00+00:00
[2024-02-08T03:15:10.812+0100] {processor.py:183} INFO - Processing /home/ubuntu/.local/lib/python3.10/site-packages/airflow/example_dags/example_setup_teardown_taskflow.py took 0.203 seconds
[2024-02-08T03:16:12.029+0100] {processor.py:161} INFO - Started process (PID=15039) to work on /home/ubuntu/.local/lib/python3.10/site-packages/airflow/example_dags/example_setup_teardown_taskflow.py
[2024-02-08T03:16:12.033+0100] {processor.py:830} INFO - Processing file /home/ubuntu/.local/lib/python3.10/site-packages/airflow/example_dags/example_setup_teardown_taskflow.py for tasks to queue
[2024-02-08T03:16:12.035+0100] {logging_mixin.py:188} INFO - [2024-02-08T03:16:12.034+0100] {dagbag.py:538} INFO - Filling up the DagBag from /home/ubuntu/.local/lib/python3.10/site-packages/airflow/example_dags/example_setup_teardown_taskflow.py
[2024-02-08T03:16:12.068+0100] {processor.py:840} INFO - DAG(s) 'example_setup_teardown_taskflow' retrieved from /home/ubuntu/.local/lib/python3.10/site-packages/airflow/example_dags/example_setup_teardown_taskflow.py
[2024-02-08T03:16:12.100+0100] {logging_mixin.py:188} INFO - [2024-02-08T03:16:12.099+0100] {dag.py:3033} INFO - Sync 1 DAGs
[2024-02-08T03:16:12.137+0100] {logging_mixin.py:188} INFO - [2024-02-08T03:16:12.136+0100] {dag.py:3820} INFO - Setting next_dagrun for example_setup_teardown_taskflow to 2024-02-07T00:00:00+00:00, run_after=2024-02-08T00:00:00+00:00
[2024-02-08T03:16:12.174+0100] {processor.py:183} INFO - Processing /home/ubuntu/.local/lib/python3.10/site-packages/airflow/example_dags/example_setup_teardown_taskflow.py took 0.155 seconds
[2024-02-08T03:17:10.998+0100] {processor.py:161} INFO - Started process (PID=15097) to work on /home/ubuntu/.local/lib/python3.10/site-packages/airflow/example_dags/example_setup_teardown_taskflow.py
[2024-02-08T03:17:11.001+0100] {processor.py:830} INFO - Processing file /home/ubuntu/.local/lib/python3.10/site-packages/airflow/example_dags/example_setup_teardown_taskflow.py for tasks to queue
[2024-02-08T03:17:11.005+0100] {logging_mixin.py:188} INFO - [2024-02-08T03:17:11.004+0100] {dagbag.py:538} INFO - Filling up the DagBag from /home/ubuntu/.local/lib/python3.10/site-packages/airflow/example_dags/example_setup_teardown_taskflow.py
[2024-02-08T03:17:11.024+0100] {processor.py:840} INFO - DAG(s) 'example_setup_teardown_taskflow' retrieved from /home/ubuntu/.local/lib/python3.10/site-packages/airflow/example_dags/example_setup_teardown_taskflow.py
[2024-02-08T03:17:11.050+0100] {logging_mixin.py:188} INFO - [2024-02-08T03:17:11.050+0100] {dag.py:3033} INFO - Sync 1 DAGs
[2024-02-08T03:17:11.087+0100] {logging_mixin.py:188} INFO - [2024-02-08T03:17:11.086+0100] {dag.py:3820} INFO - Setting next_dagrun for example_setup_teardown_taskflow to 2024-02-07T00:00:00+00:00, run_after=2024-02-08T00:00:00+00:00
[2024-02-08T03:17:11.144+0100] {processor.py:183} INFO - Processing /home/ubuntu/.local/lib/python3.10/site-packages/airflow/example_dags/example_setup_teardown_taskflow.py took 0.151 seconds
[2024-02-08T03:18:09.561+0100] {processor.py:161} INFO - Started process (PID=15154) to work on /home/ubuntu/.local/lib/python3.10/site-packages/airflow/example_dags/example_setup_teardown_taskflow.py
[2024-02-08T03:18:09.567+0100] {processor.py:830} INFO - Processing file /home/ubuntu/.local/lib/python3.10/site-packages/airflow/example_dags/example_setup_teardown_taskflow.py for tasks to queue
[2024-02-08T03:18:09.570+0100] {logging_mixin.py:188} INFO - [2024-02-08T03:18:09.570+0100] {dagbag.py:538} INFO - Filling up the DagBag from /home/ubuntu/.local/lib/python3.10/site-packages/airflow/example_dags/example_setup_teardown_taskflow.py
[2024-02-08T03:18:09.590+0100] {processor.py:840} INFO - DAG(s) 'example_setup_teardown_taskflow' retrieved from /home/ubuntu/.local/lib/python3.10/site-packages/airflow/example_dags/example_setup_teardown_taskflow.py
[2024-02-08T03:18:09.616+0100] {logging_mixin.py:188} INFO - [2024-02-08T03:18:09.616+0100] {dag.py:3033} INFO - Sync 1 DAGs
[2024-02-08T03:18:09.645+0100] {logging_mixin.py:188} INFO - [2024-02-08T03:18:09.645+0100] {dag.py:3820} INFO - Setting next_dagrun for example_setup_teardown_taskflow to 2024-02-07T00:00:00+00:00, run_after=2024-02-08T00:00:00+00:00
[2024-02-08T03:18:09.696+0100] {processor.py:183} INFO - Processing /home/ubuntu/.local/lib/python3.10/site-packages/airflow/example_dags/example_setup_teardown_taskflow.py took 0.140 seconds
[2024-02-08T03:19:09.234+0100] {processor.py:161} INFO - Started process (PID=15209) to work on /home/ubuntu/.local/lib/python3.10/site-packages/airflow/example_dags/example_setup_teardown_taskflow.py
[2024-02-08T03:19:09.238+0100] {processor.py:830} INFO - Processing file /home/ubuntu/.local/lib/python3.10/site-packages/airflow/example_dags/example_setup_teardown_taskflow.py for tasks to queue
[2024-02-08T03:19:09.241+0100] {logging_mixin.py:188} INFO - [2024-02-08T03:19:09.239+0100] {dagbag.py:538} INFO - Filling up the DagBag from /home/ubuntu/.local/lib/python3.10/site-packages/airflow/example_dags/example_setup_teardown_taskflow.py
[2024-02-08T03:19:09.257+0100] {processor.py:840} INFO - DAG(s) 'example_setup_teardown_taskflow' retrieved from /home/ubuntu/.local/lib/python3.10/site-packages/airflow/example_dags/example_setup_teardown_taskflow.py
[2024-02-08T03:19:09.279+0100] {logging_mixin.py:188} INFO - [2024-02-08T03:19:09.279+0100] {dag.py:3033} INFO - Sync 1 DAGs
[2024-02-08T03:19:09.302+0100] {logging_mixin.py:188} INFO - [2024-02-08T03:19:09.302+0100] {dag.py:3820} INFO - Setting next_dagrun for example_setup_teardown_taskflow to 2024-02-07T00:00:00+00:00, run_after=2024-02-08T00:00:00+00:00
[2024-02-08T03:19:09.361+0100] {processor.py:183} INFO - Processing /home/ubuntu/.local/lib/python3.10/site-packages/airflow/example_dags/example_setup_teardown_taskflow.py took 0.131 seconds
[2024-02-08T03:20:25.993+0100] {processor.py:161} INFO - Started process (PID=15336) to work on /home/ubuntu/.local/lib/python3.10/site-packages/airflow/example_dags/example_setup_teardown_taskflow.py
[2024-02-08T03:20:25.997+0100] {processor.py:830} INFO - Processing file /home/ubuntu/.local/lib/python3.10/site-packages/airflow/example_dags/example_setup_teardown_taskflow.py for tasks to queue
[2024-02-08T03:20:25.999+0100] {logging_mixin.py:188} INFO - [2024-02-08T03:20:25.998+0100] {dagbag.py:538} INFO - Filling up the DagBag from /home/ubuntu/.local/lib/python3.10/site-packages/airflow/example_dags/example_setup_teardown_taskflow.py
[2024-02-08T03:20:26.014+0100] {processor.py:840} INFO - DAG(s) 'example_setup_teardown_taskflow' retrieved from /home/ubuntu/.local/lib/python3.10/site-packages/airflow/example_dags/example_setup_teardown_taskflow.py
[2024-02-08T03:20:26.040+0100] {logging_mixin.py:188} INFO - [2024-02-08T03:20:26.040+0100] {dag.py:3033} INFO - Sync 1 DAGs
[2024-02-08T03:20:26.063+0100] {logging_mixin.py:188} INFO - [2024-02-08T03:20:26.062+0100] {dag.py:3820} INFO - Setting next_dagrun for example_setup_teardown_taskflow to 2024-02-07T00:00:00+00:00, run_after=2024-02-08T00:00:00+00:00
[2024-02-08T03:20:26.105+0100] {processor.py:183} INFO - Processing /home/ubuntu/.local/lib/python3.10/site-packages/airflow/example_dags/example_setup_teardown_taskflow.py took 0.118 seconds
[2024-02-08T03:21:33.724+0100] {processor.py:161} INFO - Started process (PID=15397) to work on /home/ubuntu/.local/lib/python3.10/site-packages/airflow/example_dags/example_setup_teardown_taskflow.py
[2024-02-08T03:21:33.728+0100] {processor.py:830} INFO - Processing file /home/ubuntu/.local/lib/python3.10/site-packages/airflow/example_dags/example_setup_teardown_taskflow.py for tasks to queue
[2024-02-08T03:21:33.729+0100] {logging_mixin.py:188} INFO - [2024-02-08T03:21:33.729+0100] {dagbag.py:538} INFO - Filling up the DagBag from /home/ubuntu/.local/lib/python3.10/site-packages/airflow/example_dags/example_setup_teardown_taskflow.py
[2024-02-08T03:21:33.750+0100] {processor.py:840} INFO - DAG(s) 'example_setup_teardown_taskflow' retrieved from /home/ubuntu/.local/lib/python3.10/site-packages/airflow/example_dags/example_setup_teardown_taskflow.py
[2024-02-08T03:21:33.803+0100] {logging_mixin.py:188} INFO - [2024-02-08T03:21:33.803+0100] {dag.py:3033} INFO - Sync 1 DAGs
[2024-02-08T03:21:33.832+0100] {logging_mixin.py:188} INFO - [2024-02-08T03:21:33.832+0100] {dag.py:3820} INFO - Setting next_dagrun for example_setup_teardown_taskflow to 2024-02-07T00:00:00+00:00, run_after=2024-02-08T00:00:00+00:00
[2024-02-08T03:21:33.873+0100] {processor.py:183} INFO - Processing /home/ubuntu/.local/lib/python3.10/site-packages/airflow/example_dags/example_setup_teardown_taskflow.py took 0.153 seconds
[2024-02-08T03:22:39.328+0100] {processor.py:161} INFO - Started process (PID=15455) to work on /home/ubuntu/.local/lib/python3.10/site-packages/airflow/example_dags/example_setup_teardown_taskflow.py
[2024-02-08T03:22:39.334+0100] {processor.py:830} INFO - Processing file /home/ubuntu/.local/lib/python3.10/site-packages/airflow/example_dags/example_setup_teardown_taskflow.py for tasks to queue
[2024-02-08T03:22:39.336+0100] {logging_mixin.py:188} INFO - [2024-02-08T03:22:39.335+0100] {dagbag.py:538} INFO - Filling up the DagBag from /home/ubuntu/.local/lib/python3.10/site-packages/airflow/example_dags/example_setup_teardown_taskflow.py
[2024-02-08T03:22:39.354+0100] {processor.py:840} INFO - DAG(s) 'example_setup_teardown_taskflow' retrieved from /home/ubuntu/.local/lib/python3.10/site-packages/airflow/example_dags/example_setup_teardown_taskflow.py
[2024-02-08T03:22:39.376+0100] {logging_mixin.py:188} INFO - [2024-02-08T03:22:39.376+0100] {dag.py:3033} INFO - Sync 1 DAGs
[2024-02-08T03:22:39.400+0100] {logging_mixin.py:188} INFO - [2024-02-08T03:22:39.400+0100] {dag.py:3820} INFO - Setting next_dagrun for example_setup_teardown_taskflow to 2024-02-07T00:00:00+00:00, run_after=2024-02-08T00:00:00+00:00
[2024-02-08T03:22:39.444+0100] {processor.py:183} INFO - Processing /home/ubuntu/.local/lib/python3.10/site-packages/airflow/example_dags/example_setup_teardown_taskflow.py took 0.121 seconds
[2024-02-08T03:23:50.261+0100] {processor.py:161} INFO - Started process (PID=15542) to work on /home/ubuntu/.local/lib/python3.10/site-packages/airflow/example_dags/example_setup_teardown_taskflow.py
[2024-02-08T03:23:50.266+0100] {processor.py:830} INFO - Processing file /home/ubuntu/.local/lib/python3.10/site-packages/airflow/example_dags/example_setup_teardown_taskflow.py for tasks to queue
[2024-02-08T03:23:50.268+0100] {logging_mixin.py:188} INFO - [2024-02-08T03:23:50.268+0100] {dagbag.py:538} INFO - Filling up the DagBag from /home/ubuntu/.local/lib/python3.10/site-packages/airflow/example_dags/example_setup_teardown_taskflow.py
[2024-02-08T03:23:50.290+0100] {processor.py:840} INFO - DAG(s) 'example_setup_teardown_taskflow' retrieved from /home/ubuntu/.local/lib/python3.10/site-packages/airflow/example_dags/example_setup_teardown_taskflow.py
[2024-02-08T03:23:50.320+0100] {logging_mixin.py:188} INFO - [2024-02-08T03:23:50.320+0100] {dag.py:3033} INFO - Sync 1 DAGs
[2024-02-08T03:23:50.347+0100] {logging_mixin.py:188} INFO - [2024-02-08T03:23:50.347+0100] {dag.py:3820} INFO - Setting next_dagrun for example_setup_teardown_taskflow to 2024-02-07T00:00:00+00:00, run_after=2024-02-08T00:00:00+00:00
[2024-02-08T03:23:50.389+0100] {processor.py:183} INFO - Processing /home/ubuntu/.local/lib/python3.10/site-packages/airflow/example_dags/example_setup_teardown_taskflow.py took 0.134 seconds
[2024-02-08T03:25:22.751+0100] {processor.py:161} INFO - Started process (PID=15670) to work on /home/ubuntu/.local/lib/python3.10/site-packages/airflow/example_dags/example_setup_teardown_taskflow.py
[2024-02-08T03:25:22.756+0100] {processor.py:830} INFO - Processing file /home/ubuntu/.local/lib/python3.10/site-packages/airflow/example_dags/example_setup_teardown_taskflow.py for tasks to queue
[2024-02-08T03:25:22.758+0100] {logging_mixin.py:188} INFO - [2024-02-08T03:25:22.757+0100] {dagbag.py:538} INFO - Filling up the DagBag from /home/ubuntu/.local/lib/python3.10/site-packages/airflow/example_dags/example_setup_teardown_taskflow.py
[2024-02-08T03:25:22.777+0100] {processor.py:840} INFO - DAG(s) 'example_setup_teardown_taskflow' retrieved from /home/ubuntu/.local/lib/python3.10/site-packages/airflow/example_dags/example_setup_teardown_taskflow.py
[2024-02-08T03:25:22.801+0100] {logging_mixin.py:188} INFO - [2024-02-08T03:25:22.801+0100] {dag.py:3033} INFO - Sync 1 DAGs
[2024-02-08T03:25:22.828+0100] {logging_mixin.py:188} INFO - [2024-02-08T03:25:22.827+0100] {dag.py:3820} INFO - Setting next_dagrun for example_setup_teardown_taskflow to 2024-02-07T00:00:00+00:00, run_after=2024-02-08T00:00:00+00:00
[2024-02-08T03:25:22.880+0100] {processor.py:183} INFO - Processing /home/ubuntu/.local/lib/python3.10/site-packages/airflow/example_dags/example_setup_teardown_taskflow.py took 0.133 seconds
