[2024-02-08T02:46:26.261+0100] {processor.py:161} INFO - Started process (PID=12345) to work on /home/ubuntu/.local/lib/python3.10/site-packages/airflow/example_dags/tutorial_dag.py
[2024-02-08T02:46:26.263+0100] {processor.py:830} INFO - Processing file /home/ubuntu/.local/lib/python3.10/site-packages/airflow/example_dags/tutorial_dag.py for tasks to queue
[2024-02-08T02:46:26.264+0100] {logging_mixin.py:188} INFO - [2024-02-08T02:46:26.264+0100] {dagbag.py:538} INFO - Filling up the DagBag from /home/ubuntu/.local/lib/python3.10/site-packages/airflow/example_dags/tutorial_dag.py
[2024-02-08T02:46:26.276+0100] {processor.py:840} INFO - DAG(s) 'tutorial_dag' retrieved from /home/ubuntu/.local/lib/python3.10/site-packages/airflow/example_dags/tutorial_dag.py
[2024-02-08T02:46:26.713+0100] {logging_mixin.py:188} INFO - [2024-02-08T02:46:26.713+0100] {dag.py:3033} INFO - Sync 1 DAGs
[2024-02-08T02:46:26.745+0100] {logging_mixin.py:188} INFO - [2024-02-08T02:46:26.744+0100] {dag.py:3820} INFO - Setting next_dagrun for tutorial_dag to None, run_after=None
[2024-02-08T02:46:26.809+0100] {processor.py:183} INFO - Processing /home/ubuntu/.local/lib/python3.10/site-packages/airflow/example_dags/tutorial_dag.py took 0.553 seconds
[2024-02-08T02:48:08.149+0100] {processor.py:161} INFO - Started process (PID=12466) to work on /home/ubuntu/.local/lib/python3.10/site-packages/airflow/example_dags/tutorial_dag.py
[2024-02-08T02:48:08.153+0100] {processor.py:830} INFO - Processing file /home/ubuntu/.local/lib/python3.10/site-packages/airflow/example_dags/tutorial_dag.py for tasks to queue
[2024-02-08T02:48:08.154+0100] {logging_mixin.py:188} INFO - [2024-02-08T02:48:08.153+0100] {dagbag.py:538} INFO - Filling up the DagBag from /home/ubuntu/.local/lib/python3.10/site-packages/airflow/example_dags/tutorial_dag.py
[2024-02-08T02:48:08.162+0100] {processor.py:840} INFO - DAG(s) 'tutorial_dag' retrieved from /home/ubuntu/.local/lib/python3.10/site-packages/airflow/example_dags/tutorial_dag.py
[2024-02-08T02:48:08.186+0100] {logging_mixin.py:188} INFO - [2024-02-08T02:48:08.186+0100] {dag.py:3033} INFO - Sync 1 DAGs
[2024-02-08T02:48:08.218+0100] {logging_mixin.py:188} INFO - [2024-02-08T02:48:08.218+0100] {dag.py:3820} INFO - Setting next_dagrun for tutorial_dag to None, run_after=None
[2024-02-08T02:48:08.256+0100] {processor.py:183} INFO - Processing /home/ubuntu/.local/lib/python3.10/site-packages/airflow/example_dags/tutorial_dag.py took 0.113 seconds
[2024-02-08T02:49:04.743+0100] {processor.py:161} INFO - Started process (PID=13074) to work on /home/ubuntu/.local/lib/python3.10/site-packages/airflow/example_dags/tutorial_dag.py
[2024-02-08T02:49:04.748+0100] {processor.py:830} INFO - Processing file /home/ubuntu/.local/lib/python3.10/site-packages/airflow/example_dags/tutorial_dag.py for tasks to queue
[2024-02-08T02:49:04.749+0100] {logging_mixin.py:188} INFO - [2024-02-08T02:49:04.749+0100] {dagbag.py:538} INFO - Filling up the DagBag from /home/ubuntu/.local/lib/python3.10/site-packages/airflow/example_dags/tutorial_dag.py
[2024-02-08T02:49:04.758+0100] {processor.py:840} INFO - DAG(s) 'tutorial_dag' retrieved from /home/ubuntu/.local/lib/python3.10/site-packages/airflow/example_dags/tutorial_dag.py
[2024-02-08T02:49:04.785+0100] {logging_mixin.py:188} INFO - [2024-02-08T02:49:04.785+0100] {dag.py:3033} INFO - Sync 1 DAGs
[2024-02-08T02:49:04.806+0100] {logging_mixin.py:188} INFO - [2024-02-08T02:49:04.806+0100] {dag.py:3820} INFO - Setting next_dagrun for tutorial_dag to None, run_after=None
[2024-02-08T02:49:04.855+0100] {processor.py:183} INFO - Processing /home/ubuntu/.local/lib/python3.10/site-packages/airflow/example_dags/tutorial_dag.py took 0.117 seconds
[2024-02-08T02:50:05.203+0100] {processor.py:161} INFO - Started process (PID=13127) to work on /home/ubuntu/.local/lib/python3.10/site-packages/airflow/example_dags/tutorial_dag.py
[2024-02-08T02:50:05.206+0100] {processor.py:830} INFO - Processing file /home/ubuntu/.local/lib/python3.10/site-packages/airflow/example_dags/tutorial_dag.py for tasks to queue
[2024-02-08T02:50:05.207+0100] {logging_mixin.py:188} INFO - [2024-02-08T02:50:05.206+0100] {dagbag.py:538} INFO - Filling up the DagBag from /home/ubuntu/.local/lib/python3.10/site-packages/airflow/example_dags/tutorial_dag.py
[2024-02-08T02:50:05.215+0100] {processor.py:840} INFO - DAG(s) 'tutorial_dag' retrieved from /home/ubuntu/.local/lib/python3.10/site-packages/airflow/example_dags/tutorial_dag.py
[2024-02-08T02:50:05.253+0100] {logging_mixin.py:188} INFO - [2024-02-08T02:50:05.253+0100] {dag.py:3033} INFO - Sync 1 DAGs
[2024-02-08T02:50:05.331+0100] {logging_mixin.py:188} INFO - [2024-02-08T02:50:05.331+0100] {dag.py:3820} INFO - Setting next_dagrun for tutorial_dag to None, run_after=None
[2024-02-08T02:50:05.417+0100] {processor.py:183} INFO - Processing /home/ubuntu/.local/lib/python3.10/site-packages/airflow/example_dags/tutorial_dag.py took 0.219 seconds
[2024-02-08T02:50:51.687+0100] {processor.py:161} INFO - Started process (PID=13645) to work on /home/ubuntu/.local/lib/python3.10/site-packages/airflow/example_dags/tutorial_dag.py
[2024-02-08T02:50:51.692+0100] {processor.py:830} INFO - Processing file /home/ubuntu/.local/lib/python3.10/site-packages/airflow/example_dags/tutorial_dag.py for tasks to queue
[2024-02-08T02:50:51.693+0100] {logging_mixin.py:188} INFO - [2024-02-08T02:50:51.692+0100] {dagbag.py:538} INFO - Filling up the DagBag from /home/ubuntu/.local/lib/python3.10/site-packages/airflow/example_dags/tutorial_dag.py
[2024-02-08T02:50:51.702+0100] {processor.py:840} INFO - DAG(s) 'tutorial_dag' retrieved from /home/ubuntu/.local/lib/python3.10/site-packages/airflow/example_dags/tutorial_dag.py
[2024-02-08T02:50:51.725+0100] {logging_mixin.py:188} INFO - [2024-02-08T02:50:51.725+0100] {dag.py:3033} INFO - Sync 1 DAGs
[2024-02-08T02:50:51.739+0100] {logging_mixin.py:188} INFO - [2024-02-08T02:50:51.738+0100] {dag.py:3820} INFO - Setting next_dagrun for tutorial_dag to None, run_after=None
[2024-02-08T02:50:51.775+0100] {processor.py:183} INFO - Processing /home/ubuntu/.local/lib/python3.10/site-packages/airflow/example_dags/tutorial_dag.py took 0.092 seconds
[2024-02-08T02:51:33.421+0100] {processor.py:161} INFO - Started process (PID=13681) to work on /home/ubuntu/.local/lib/python3.10/site-packages/airflow/example_dags/tutorial_dag.py
[2024-02-08T02:51:33.428+0100] {processor.py:830} INFO - Processing file /home/ubuntu/.local/lib/python3.10/site-packages/airflow/example_dags/tutorial_dag.py for tasks to queue
[2024-02-08T02:51:33.440+0100] {logging_mixin.py:188} INFO - [2024-02-08T02:51:33.437+0100] {dagbag.py:538} INFO - Filling up the DagBag from /home/ubuntu/.local/lib/python3.10/site-packages/airflow/example_dags/tutorial_dag.py
[2024-02-08T02:51:33.458+0100] {processor.py:840} INFO - DAG(s) 'tutorial_dag' retrieved from /home/ubuntu/.local/lib/python3.10/site-packages/airflow/example_dags/tutorial_dag.py
[2024-02-08T02:51:33.483+0100] {logging_mixin.py:188} INFO - [2024-02-08T02:51:33.483+0100] {dag.py:3033} INFO - Sync 1 DAGs
[2024-02-08T02:51:33.506+0100] {logging_mixin.py:188} INFO - [2024-02-08T02:51:33.506+0100] {dag.py:3820} INFO - Setting next_dagrun for tutorial_dag to None, run_after=None
[2024-02-08T02:51:33.598+0100] {processor.py:183} INFO - Processing /home/ubuntu/.local/lib/python3.10/site-packages/airflow/example_dags/tutorial_dag.py took 0.184 seconds
[2024-02-08T02:53:10.130+0100] {processor.py:161} INFO - Started process (PID=13799) to work on /home/ubuntu/.local/lib/python3.10/site-packages/airflow/example_dags/tutorial_dag.py
[2024-02-08T02:53:10.134+0100] {processor.py:830} INFO - Processing file /home/ubuntu/.local/lib/python3.10/site-packages/airflow/example_dags/tutorial_dag.py for tasks to queue
[2024-02-08T02:53:10.136+0100] {logging_mixin.py:188} INFO - [2024-02-08T02:53:10.135+0100] {dagbag.py:538} INFO - Filling up the DagBag from /home/ubuntu/.local/lib/python3.10/site-packages/airflow/example_dags/tutorial_dag.py
[2024-02-08T02:53:10.146+0100] {processor.py:840} INFO - DAG(s) 'tutorial_dag' retrieved from /home/ubuntu/.local/lib/python3.10/site-packages/airflow/example_dags/tutorial_dag.py
[2024-02-08T02:53:10.176+0100] {logging_mixin.py:188} INFO - [2024-02-08T02:53:10.176+0100] {dag.py:3033} INFO - Sync 1 DAGs
[2024-02-08T02:53:10.195+0100] {logging_mixin.py:188} INFO - [2024-02-08T02:53:10.195+0100] {dag.py:3820} INFO - Setting next_dagrun for tutorial_dag to None, run_after=None
[2024-02-08T02:53:10.236+0100] {processor.py:183} INFO - Processing /home/ubuntu/.local/lib/python3.10/site-packages/airflow/example_dags/tutorial_dag.py took 0.110 seconds
[2024-02-08T02:56:26.095+0100] {processor.py:161} INFO - Started process (PID=13921) to work on /home/ubuntu/.local/lib/python3.10/site-packages/airflow/example_dags/tutorial_dag.py
[2024-02-08T02:56:26.100+0100] {processor.py:830} INFO - Processing file /home/ubuntu/.local/lib/python3.10/site-packages/airflow/example_dags/tutorial_dag.py for tasks to queue
[2024-02-08T02:56:26.102+0100] {logging_mixin.py:188} INFO - [2024-02-08T02:56:26.101+0100] {dagbag.py:538} INFO - Filling up the DagBag from /home/ubuntu/.local/lib/python3.10/site-packages/airflow/example_dags/tutorial_dag.py
[2024-02-08T02:56:26.133+0100] {processor.py:840} INFO - DAG(s) 'tutorial_dag' retrieved from /home/ubuntu/.local/lib/python3.10/site-packages/airflow/example_dags/tutorial_dag.py
[2024-02-08T02:56:26.206+0100] {logging_mixin.py:188} INFO - [2024-02-08T02:56:26.206+0100] {dag.py:3033} INFO - Sync 1 DAGs
[2024-02-08T02:56:26.246+0100] {logging_mixin.py:188} INFO - [2024-02-08T02:56:26.245+0100] {dag.py:3820} INFO - Setting next_dagrun for tutorial_dag to None, run_after=None
[2024-02-08T02:56:26.523+0100] {processor.py:183} INFO - Processing /home/ubuntu/.local/lib/python3.10/site-packages/airflow/example_dags/tutorial_dag.py took 0.461 seconds
[2024-02-08T02:59:01.832+0100] {processor.py:161} INFO - Started process (PID=14002) to work on /home/ubuntu/.local/lib/python3.10/site-packages/airflow/example_dags/tutorial_dag.py
[2024-02-08T02:59:01.849+0100] {processor.py:830} INFO - Processing file /home/ubuntu/.local/lib/python3.10/site-packages/airflow/example_dags/tutorial_dag.py for tasks to queue
[2024-02-08T02:59:01.852+0100] {logging_mixin.py:188} INFO - [2024-02-08T02:59:01.850+0100] {dagbag.py:538} INFO - Filling up the DagBag from /home/ubuntu/.local/lib/python3.10/site-packages/airflow/example_dags/tutorial_dag.py
[2024-02-08T02:59:01.865+0100] {processor.py:840} INFO - DAG(s) 'tutorial_dag' retrieved from /home/ubuntu/.local/lib/python3.10/site-packages/airflow/example_dags/tutorial_dag.py
[2024-02-08T02:59:01.910+0100] {logging_mixin.py:188} INFO - [2024-02-08T02:59:01.909+0100] {dag.py:3033} INFO - Sync 1 DAGs
[2024-02-08T02:59:01.927+0100] {logging_mixin.py:188} INFO - [2024-02-08T02:59:01.927+0100] {dag.py:3820} INFO - Setting next_dagrun for tutorial_dag to None, run_after=None
[2024-02-08T02:59:02.005+0100] {processor.py:183} INFO - Processing /home/ubuntu/.local/lib/python3.10/site-packages/airflow/example_dags/tutorial_dag.py took 0.188 seconds
[2024-02-08T03:01:08.316+0100] {processor.py:161} INFO - Started process (PID=14072) to work on /home/ubuntu/.local/lib/python3.10/site-packages/airflow/example_dags/tutorial_dag.py
[2024-02-08T03:01:08.338+0100] {processor.py:830} INFO - Processing file /home/ubuntu/.local/lib/python3.10/site-packages/airflow/example_dags/tutorial_dag.py for tasks to queue
[2024-02-08T03:01:08.340+0100] {logging_mixin.py:188} INFO - [2024-02-08T03:01:08.339+0100] {dagbag.py:538} INFO - Filling up the DagBag from /home/ubuntu/.local/lib/python3.10/site-packages/airflow/example_dags/tutorial_dag.py
[2024-02-08T03:01:08.347+0100] {processor.py:840} INFO - DAG(s) 'tutorial_dag' retrieved from /home/ubuntu/.local/lib/python3.10/site-packages/airflow/example_dags/tutorial_dag.py
[2024-02-08T03:01:08.385+0100] {logging_mixin.py:188} INFO - [2024-02-08T03:01:08.385+0100] {dag.py:3033} INFO - Sync 1 DAGs
[2024-02-08T03:01:08.402+0100] {logging_mixin.py:188} INFO - [2024-02-08T03:01:08.402+0100] {dag.py:3820} INFO - Setting next_dagrun for tutorial_dag to None, run_after=None
[2024-02-08T03:01:08.485+0100] {processor.py:183} INFO - Processing /home/ubuntu/.local/lib/python3.10/site-packages/airflow/example_dags/tutorial_dag.py took 0.175 seconds
[2024-02-08T03:02:04.600+0100] {processor.py:161} INFO - Started process (PID=14168) to work on /home/ubuntu/.local/lib/python3.10/site-packages/airflow/example_dags/tutorial_dag.py
[2024-02-08T03:02:04.616+0100] {processor.py:830} INFO - Processing file /home/ubuntu/.local/lib/python3.10/site-packages/airflow/example_dags/tutorial_dag.py for tasks to queue
[2024-02-08T03:02:04.618+0100] {logging_mixin.py:188} INFO - [2024-02-08T03:02:04.617+0100] {dagbag.py:538} INFO - Filling up the DagBag from /home/ubuntu/.local/lib/python3.10/site-packages/airflow/example_dags/tutorial_dag.py
[2024-02-08T03:02:04.632+0100] {processor.py:840} INFO - DAG(s) 'tutorial_dag' retrieved from /home/ubuntu/.local/lib/python3.10/site-packages/airflow/example_dags/tutorial_dag.py
[2024-02-08T03:02:04.664+0100] {logging_mixin.py:188} INFO - [2024-02-08T03:02:04.664+0100] {dag.py:3033} INFO - Sync 1 DAGs
[2024-02-08T03:02:04.692+0100] {logging_mixin.py:188} INFO - [2024-02-08T03:02:04.692+0100] {dag.py:3820} INFO - Setting next_dagrun for tutorial_dag to None, run_after=None
[2024-02-08T03:02:04.816+0100] {processor.py:183} INFO - Processing /home/ubuntu/.local/lib/python3.10/site-packages/airflow/example_dags/tutorial_dag.py took 0.221 seconds
[2024-02-08T03:03:15.361+0100] {processor.py:161} INFO - Started process (PID=14232) to work on /home/ubuntu/.local/lib/python3.10/site-packages/airflow/example_dags/tutorial_dag.py
[2024-02-08T03:03:15.364+0100] {processor.py:830} INFO - Processing file /home/ubuntu/.local/lib/python3.10/site-packages/airflow/example_dags/tutorial_dag.py for tasks to queue
[2024-02-08T03:03:15.366+0100] {logging_mixin.py:188} INFO - [2024-02-08T03:03:15.365+0100] {dagbag.py:538} INFO - Filling up the DagBag from /home/ubuntu/.local/lib/python3.10/site-packages/airflow/example_dags/tutorial_dag.py
[2024-02-08T03:03:15.377+0100] {processor.py:840} INFO - DAG(s) 'tutorial_dag' retrieved from /home/ubuntu/.local/lib/python3.10/site-packages/airflow/example_dags/tutorial_dag.py
[2024-02-08T03:03:15.405+0100] {logging_mixin.py:188} INFO - [2024-02-08T03:03:15.405+0100] {dag.py:3033} INFO - Sync 1 DAGs
[2024-02-08T03:03:15.425+0100] {logging_mixin.py:188} INFO - [2024-02-08T03:03:15.424+0100] {dag.py:3820} INFO - Setting next_dagrun for tutorial_dag to None, run_after=None
[2024-02-08T03:03:15.469+0100] {processor.py:183} INFO - Processing /home/ubuntu/.local/lib/python3.10/site-packages/airflow/example_dags/tutorial_dag.py took 0.113 seconds
[2024-02-08T03:04:04.769+0100] {processor.py:161} INFO - Started process (PID=14285) to work on /home/ubuntu/.local/lib/python3.10/site-packages/airflow/example_dags/tutorial_dag.py
[2024-02-08T03:04:04.772+0100] {processor.py:830} INFO - Processing file /home/ubuntu/.local/lib/python3.10/site-packages/airflow/example_dags/tutorial_dag.py for tasks to queue
[2024-02-08T03:04:04.774+0100] {logging_mixin.py:188} INFO - [2024-02-08T03:04:04.774+0100] {dagbag.py:538} INFO - Filling up the DagBag from /home/ubuntu/.local/lib/python3.10/site-packages/airflow/example_dags/tutorial_dag.py
[2024-02-08T03:04:04.788+0100] {processor.py:840} INFO - DAG(s) 'tutorial_dag' retrieved from /home/ubuntu/.local/lib/python3.10/site-packages/airflow/example_dags/tutorial_dag.py
[2024-02-08T03:04:04.817+0100] {logging_mixin.py:188} INFO - [2024-02-08T03:04:04.817+0100] {dag.py:3033} INFO - Sync 1 DAGs
[2024-02-08T03:04:04.835+0100] {logging_mixin.py:188} INFO - [2024-02-08T03:04:04.835+0100] {dag.py:3820} INFO - Setting next_dagrun for tutorial_dag to None, run_after=None
[2024-02-08T03:04:04.874+0100] {processor.py:183} INFO - Processing /home/ubuntu/.local/lib/python3.10/site-packages/airflow/example_dags/tutorial_dag.py took 0.112 seconds
[2024-02-08T03:05:35.369+0100] {processor.py:161} INFO - Started process (PID=14354) to work on /home/ubuntu/.local/lib/python3.10/site-packages/airflow/example_dags/tutorial_dag.py
[2024-02-08T03:05:35.372+0100] {processor.py:830} INFO - Processing file /home/ubuntu/.local/lib/python3.10/site-packages/airflow/example_dags/tutorial_dag.py for tasks to queue
[2024-02-08T03:05:35.375+0100] {logging_mixin.py:188} INFO - [2024-02-08T03:05:35.375+0100] {dagbag.py:538} INFO - Filling up the DagBag from /home/ubuntu/.local/lib/python3.10/site-packages/airflow/example_dags/tutorial_dag.py
[2024-02-08T03:05:35.385+0100] {processor.py:840} INFO - DAG(s) 'tutorial_dag' retrieved from /home/ubuntu/.local/lib/python3.10/site-packages/airflow/example_dags/tutorial_dag.py
[2024-02-08T03:05:35.412+0100] {logging_mixin.py:188} INFO - [2024-02-08T03:05:35.411+0100] {dag.py:3033} INFO - Sync 1 DAGs
[2024-02-08T03:05:35.428+0100] {logging_mixin.py:188} INFO - [2024-02-08T03:05:35.428+0100] {dag.py:3820} INFO - Setting next_dagrun for tutorial_dag to None, run_after=None
[2024-02-08T03:05:35.465+0100] {processor.py:183} INFO - Processing /home/ubuntu/.local/lib/python3.10/site-packages/airflow/example_dags/tutorial_dag.py took 0.101 seconds
[2024-02-08T03:06:22.917+0100] {processor.py:161} INFO - Started process (PID=14394) to work on /home/ubuntu/.local/lib/python3.10/site-packages/airflow/example_dags/tutorial_dag.py
[2024-02-08T03:06:22.921+0100] {processor.py:830} INFO - Processing file /home/ubuntu/.local/lib/python3.10/site-packages/airflow/example_dags/tutorial_dag.py for tasks to queue
[2024-02-08T03:06:22.922+0100] {logging_mixin.py:188} INFO - [2024-02-08T03:06:22.922+0100] {dagbag.py:538} INFO - Filling up the DagBag from /home/ubuntu/.local/lib/python3.10/site-packages/airflow/example_dags/tutorial_dag.py
[2024-02-08T03:06:22.941+0100] {processor.py:840} INFO - DAG(s) 'tutorial_dag' retrieved from /home/ubuntu/.local/lib/python3.10/site-packages/airflow/example_dags/tutorial_dag.py
[2024-02-08T03:06:22.970+0100] {logging_mixin.py:188} INFO - [2024-02-08T03:06:22.970+0100] {dag.py:3033} INFO - Sync 1 DAGs
[2024-02-08T03:06:22.989+0100] {logging_mixin.py:188} INFO - [2024-02-08T03:06:22.989+0100] {dag.py:3820} INFO - Setting next_dagrun for tutorial_dag to None, run_after=None
[2024-02-08T03:06:23.026+0100] {processor.py:183} INFO - Processing /home/ubuntu/.local/lib/python3.10/site-packages/airflow/example_dags/tutorial_dag.py took 0.117 seconds
[2024-02-08T03:07:23.771+0100] {processor.py:161} INFO - Started process (PID=14460) to work on /home/ubuntu/.local/lib/python3.10/site-packages/airflow/example_dags/tutorial_dag.py
[2024-02-08T03:07:23.777+0100] {processor.py:830} INFO - Processing file /home/ubuntu/.local/lib/python3.10/site-packages/airflow/example_dags/tutorial_dag.py for tasks to queue
[2024-02-08T03:07:23.780+0100] {logging_mixin.py:188} INFO - [2024-02-08T03:07:23.779+0100] {dagbag.py:538} INFO - Filling up the DagBag from /home/ubuntu/.local/lib/python3.10/site-packages/airflow/example_dags/tutorial_dag.py
[2024-02-08T03:07:23.794+0100] {processor.py:840} INFO - DAG(s) 'tutorial_dag' retrieved from /home/ubuntu/.local/lib/python3.10/site-packages/airflow/example_dags/tutorial_dag.py
[2024-02-08T03:07:23.825+0100] {logging_mixin.py:188} INFO - [2024-02-08T03:07:23.824+0100] {dag.py:3033} INFO - Sync 1 DAGs
[2024-02-08T03:07:23.848+0100] {logging_mixin.py:188} INFO - [2024-02-08T03:07:23.848+0100] {dag.py:3820} INFO - Setting next_dagrun for tutorial_dag to None, run_after=None
[2024-02-08T03:07:23.911+0100] {processor.py:183} INFO - Processing /home/ubuntu/.local/lib/python3.10/site-packages/airflow/example_dags/tutorial_dag.py took 0.149 seconds
[2024-02-08T03:08:41.217+0100] {processor.py:161} INFO - Started process (PID=14603) to work on /home/ubuntu/.local/lib/python3.10/site-packages/airflow/example_dags/tutorial_dag.py
[2024-02-08T03:08:41.223+0100] {processor.py:830} INFO - Processing file /home/ubuntu/.local/lib/python3.10/site-packages/airflow/example_dags/tutorial_dag.py for tasks to queue
[2024-02-08T03:08:41.225+0100] {logging_mixin.py:188} INFO - [2024-02-08T03:08:41.224+0100] {dagbag.py:538} INFO - Filling up the DagBag from /home/ubuntu/.local/lib/python3.10/site-packages/airflow/example_dags/tutorial_dag.py
[2024-02-08T03:08:41.237+0100] {processor.py:840} INFO - DAG(s) 'tutorial_dag' retrieved from /home/ubuntu/.local/lib/python3.10/site-packages/airflow/example_dags/tutorial_dag.py
[2024-02-08T03:08:41.258+0100] {logging_mixin.py:188} INFO - [2024-02-08T03:08:41.258+0100] {dag.py:3033} INFO - Sync 1 DAGs
[2024-02-08T03:08:41.280+0100] {logging_mixin.py:188} INFO - [2024-02-08T03:08:41.280+0100] {dag.py:3820} INFO - Setting next_dagrun for tutorial_dag to None, run_after=None
[2024-02-08T03:08:41.319+0100] {processor.py:183} INFO - Processing /home/ubuntu/.local/lib/python3.10/site-packages/airflow/example_dags/tutorial_dag.py took 0.107 seconds
[2024-02-08T03:09:43.647+0100] {processor.py:161} INFO - Started process (PID=14665) to work on /home/ubuntu/.local/lib/python3.10/site-packages/airflow/example_dags/tutorial_dag.py
[2024-02-08T03:09:43.655+0100] {processor.py:830} INFO - Processing file /home/ubuntu/.local/lib/python3.10/site-packages/airflow/example_dags/tutorial_dag.py for tasks to queue
[2024-02-08T03:09:43.656+0100] {logging_mixin.py:188} INFO - [2024-02-08T03:09:43.655+0100] {dagbag.py:538} INFO - Filling up the DagBag from /home/ubuntu/.local/lib/python3.10/site-packages/airflow/example_dags/tutorial_dag.py
[2024-02-08T03:09:43.672+0100] {processor.py:840} INFO - DAG(s) 'tutorial_dag' retrieved from /home/ubuntu/.local/lib/python3.10/site-packages/airflow/example_dags/tutorial_dag.py
[2024-02-08T03:09:43.710+0100] {logging_mixin.py:188} INFO - [2024-02-08T03:09:43.709+0100] {dag.py:3033} INFO - Sync 1 DAGs
[2024-02-08T03:09:43.734+0100] {logging_mixin.py:188} INFO - [2024-02-08T03:09:43.731+0100] {dag.py:3820} INFO - Setting next_dagrun for tutorial_dag to None, run_after=None
[2024-02-08T03:09:43.808+0100] {processor.py:183} INFO - Processing /home/ubuntu/.local/lib/python3.10/site-packages/airflow/example_dags/tutorial_dag.py took 0.182 seconds
[2024-02-08T03:10:51.558+0100] {processor.py:161} INFO - Started process (PID=14725) to work on /home/ubuntu/.local/lib/python3.10/site-packages/airflow/example_dags/tutorial_dag.py
[2024-02-08T03:10:51.561+0100] {processor.py:830} INFO - Processing file /home/ubuntu/.local/lib/python3.10/site-packages/airflow/example_dags/tutorial_dag.py for tasks to queue
[2024-02-08T03:10:51.564+0100] {logging_mixin.py:188} INFO - [2024-02-08T03:10:51.563+0100] {dagbag.py:538} INFO - Filling up the DagBag from /home/ubuntu/.local/lib/python3.10/site-packages/airflow/example_dags/tutorial_dag.py
[2024-02-08T03:10:51.577+0100] {processor.py:840} INFO - DAG(s) 'tutorial_dag' retrieved from /home/ubuntu/.local/lib/python3.10/site-packages/airflow/example_dags/tutorial_dag.py
[2024-02-08T03:10:51.614+0100] {logging_mixin.py:188} INFO - [2024-02-08T03:10:51.614+0100] {dag.py:3033} INFO - Sync 1 DAGs
[2024-02-08T03:10:51.636+0100] {logging_mixin.py:188} INFO - [2024-02-08T03:10:51.635+0100] {dag.py:3820} INFO - Setting next_dagrun for tutorial_dag to None, run_after=None
[2024-02-08T03:10:51.686+0100] {processor.py:183} INFO - Processing /home/ubuntu/.local/lib/python3.10/site-packages/airflow/example_dags/tutorial_dag.py took 0.136 seconds
[2024-02-08T03:11:54.697+0100] {processor.py:161} INFO - Started process (PID=14782) to work on /home/ubuntu/.local/lib/python3.10/site-packages/airflow/example_dags/tutorial_dag.py
[2024-02-08T03:11:54.702+0100] {processor.py:830} INFO - Processing file /home/ubuntu/.local/lib/python3.10/site-packages/airflow/example_dags/tutorial_dag.py for tasks to queue
[2024-02-08T03:11:54.704+0100] {logging_mixin.py:188} INFO - [2024-02-08T03:11:54.703+0100] {dagbag.py:538} INFO - Filling up the DagBag from /home/ubuntu/.local/lib/python3.10/site-packages/airflow/example_dags/tutorial_dag.py
[2024-02-08T03:11:54.714+0100] {processor.py:840} INFO - DAG(s) 'tutorial_dag' retrieved from /home/ubuntu/.local/lib/python3.10/site-packages/airflow/example_dags/tutorial_dag.py
[2024-02-08T03:11:54.740+0100] {logging_mixin.py:188} INFO - [2024-02-08T03:11:54.740+0100] {dag.py:3033} INFO - Sync 1 DAGs
[2024-02-08T03:11:54.756+0100] {logging_mixin.py:188} INFO - [2024-02-08T03:11:54.755+0100] {dag.py:3820} INFO - Setting next_dagrun for tutorial_dag to None, run_after=None
[2024-02-08T03:11:54.802+0100] {processor.py:183} INFO - Processing /home/ubuntu/.local/lib/python3.10/site-packages/airflow/example_dags/tutorial_dag.py took 0.110 seconds
[2024-02-08T03:12:52.095+0100] {processor.py:161} INFO - Started process (PID=14840) to work on /home/ubuntu/.local/lib/python3.10/site-packages/airflow/example_dags/tutorial_dag.py
[2024-02-08T03:12:52.098+0100] {processor.py:830} INFO - Processing file /home/ubuntu/.local/lib/python3.10/site-packages/airflow/example_dags/tutorial_dag.py for tasks to queue
[2024-02-08T03:12:52.100+0100] {logging_mixin.py:188} INFO - [2024-02-08T03:12:52.099+0100] {dagbag.py:538} INFO - Filling up the DagBag from /home/ubuntu/.local/lib/python3.10/site-packages/airflow/example_dags/tutorial_dag.py
[2024-02-08T03:12:52.111+0100] {processor.py:840} INFO - DAG(s) 'tutorial_dag' retrieved from /home/ubuntu/.local/lib/python3.10/site-packages/airflow/example_dags/tutorial_dag.py
[2024-02-08T03:12:52.135+0100] {logging_mixin.py:188} INFO - [2024-02-08T03:12:52.135+0100] {dag.py:3033} INFO - Sync 1 DAGs
[2024-02-08T03:12:52.152+0100] {logging_mixin.py:188} INFO - [2024-02-08T03:12:52.152+0100] {dag.py:3820} INFO - Setting next_dagrun for tutorial_dag to None, run_after=None
[2024-02-08T03:12:52.186+0100] {processor.py:183} INFO - Processing /home/ubuntu/.local/lib/python3.10/site-packages/airflow/example_dags/tutorial_dag.py took 0.096 seconds
[2024-02-08T03:13:52.372+0100] {processor.py:161} INFO - Started process (PID=14899) to work on /home/ubuntu/.local/lib/python3.10/site-packages/airflow/example_dags/tutorial_dag.py
[2024-02-08T03:13:52.374+0100] {processor.py:830} INFO - Processing file /home/ubuntu/.local/lib/python3.10/site-packages/airflow/example_dags/tutorial_dag.py for tasks to queue
[2024-02-08T03:13:52.377+0100] {logging_mixin.py:188} INFO - [2024-02-08T03:13:52.376+0100] {dagbag.py:538} INFO - Filling up the DagBag from /home/ubuntu/.local/lib/python3.10/site-packages/airflow/example_dags/tutorial_dag.py
[2024-02-08T03:13:52.389+0100] {processor.py:840} INFO - DAG(s) 'tutorial_dag' retrieved from /home/ubuntu/.local/lib/python3.10/site-packages/airflow/example_dags/tutorial_dag.py
[2024-02-08T03:13:52.421+0100] {logging_mixin.py:188} INFO - [2024-02-08T03:13:52.421+0100] {dag.py:3033} INFO - Sync 1 DAGs
[2024-02-08T03:13:52.445+0100] {logging_mixin.py:188} INFO - [2024-02-08T03:13:52.444+0100] {dag.py:3820} INFO - Setting next_dagrun for tutorial_dag to None, run_after=None
[2024-02-08T03:13:52.508+0100] {processor.py:183} INFO - Processing /home/ubuntu/.local/lib/python3.10/site-packages/airflow/example_dags/tutorial_dag.py took 0.143 seconds
[2024-02-08T03:14:56.925+0100] {processor.py:161} INFO - Started process (PID=14964) to work on /home/ubuntu/.local/lib/python3.10/site-packages/airflow/example_dags/tutorial_dag.py
[2024-02-08T03:14:56.930+0100] {processor.py:830} INFO - Processing file /home/ubuntu/.local/lib/python3.10/site-packages/airflow/example_dags/tutorial_dag.py for tasks to queue
[2024-02-08T03:14:56.932+0100] {logging_mixin.py:188} INFO - [2024-02-08T03:14:56.931+0100] {dagbag.py:538} INFO - Filling up the DagBag from /home/ubuntu/.local/lib/python3.10/site-packages/airflow/example_dags/tutorial_dag.py
[2024-02-08T03:14:56.944+0100] {processor.py:840} INFO - DAG(s) 'tutorial_dag' retrieved from /home/ubuntu/.local/lib/python3.10/site-packages/airflow/example_dags/tutorial_dag.py
[2024-02-08T03:14:56.972+0100] {logging_mixin.py:188} INFO - [2024-02-08T03:14:56.971+0100] {dag.py:3033} INFO - Sync 1 DAGs
[2024-02-08T03:14:56.988+0100] {logging_mixin.py:188} INFO - [2024-02-08T03:14:56.988+0100] {dag.py:3820} INFO - Setting next_dagrun for tutorial_dag to None, run_after=None
[2024-02-08T03:14:57.038+0100] {processor.py:183} INFO - Processing /home/ubuntu/.local/lib/python3.10/site-packages/airflow/example_dags/tutorial_dag.py took 0.120 seconds
[2024-02-08T03:15:58.981+0100] {processor.py:161} INFO - Started process (PID=15026) to work on /home/ubuntu/.local/lib/python3.10/site-packages/airflow/example_dags/tutorial_dag.py
[2024-02-08T03:15:58.986+0100] {processor.py:830} INFO - Processing file /home/ubuntu/.local/lib/python3.10/site-packages/airflow/example_dags/tutorial_dag.py for tasks to queue
[2024-02-08T03:15:58.987+0100] {logging_mixin.py:188} INFO - [2024-02-08T03:15:58.987+0100] {dagbag.py:538} INFO - Filling up the DagBag from /home/ubuntu/.local/lib/python3.10/site-packages/airflow/example_dags/tutorial_dag.py
[2024-02-08T03:15:59.002+0100] {processor.py:840} INFO - DAG(s) 'tutorial_dag' retrieved from /home/ubuntu/.local/lib/python3.10/site-packages/airflow/example_dags/tutorial_dag.py
[2024-02-08T03:15:59.045+0100] {logging_mixin.py:188} INFO - [2024-02-08T03:15:59.041+0100] {dag.py:3033} INFO - Sync 1 DAGs
[2024-02-08T03:15:59.079+0100] {logging_mixin.py:188} INFO - [2024-02-08T03:15:59.078+0100] {dag.py:3820} INFO - Setting next_dagrun for tutorial_dag to None, run_after=None
[2024-02-08T03:15:59.124+0100] {processor.py:183} INFO - Processing /home/ubuntu/.local/lib/python3.10/site-packages/airflow/example_dags/tutorial_dag.py took 0.150 seconds
[2024-02-08T03:16:57.865+0100] {processor.py:161} INFO - Started process (PID=15082) to work on /home/ubuntu/.local/lib/python3.10/site-packages/airflow/example_dags/tutorial_dag.py
[2024-02-08T03:16:57.868+0100] {processor.py:830} INFO - Processing file /home/ubuntu/.local/lib/python3.10/site-packages/airflow/example_dags/tutorial_dag.py for tasks to queue
[2024-02-08T03:16:57.870+0100] {logging_mixin.py:188} INFO - [2024-02-08T03:16:57.869+0100] {dagbag.py:538} INFO - Filling up the DagBag from /home/ubuntu/.local/lib/python3.10/site-packages/airflow/example_dags/tutorial_dag.py
[2024-02-08T03:16:57.889+0100] {processor.py:840} INFO - DAG(s) 'tutorial_dag' retrieved from /home/ubuntu/.local/lib/python3.10/site-packages/airflow/example_dags/tutorial_dag.py
[2024-02-08T03:16:57.924+0100] {logging_mixin.py:188} INFO - [2024-02-08T03:16:57.923+0100] {dag.py:3033} INFO - Sync 1 DAGs
[2024-02-08T03:16:57.938+0100] {logging_mixin.py:188} INFO - [2024-02-08T03:16:57.938+0100] {dag.py:3820} INFO - Setting next_dagrun for tutorial_dag to None, run_after=None
[2024-02-08T03:16:57.980+0100] {processor.py:183} INFO - Processing /home/ubuntu/.local/lib/python3.10/site-packages/airflow/example_dags/tutorial_dag.py took 0.120 seconds
[2024-02-08T03:17:55.450+0100] {processor.py:161} INFO - Started process (PID=15142) to work on /home/ubuntu/.local/lib/python3.10/site-packages/airflow/example_dags/tutorial_dag.py
[2024-02-08T03:17:55.455+0100] {processor.py:830} INFO - Processing file /home/ubuntu/.local/lib/python3.10/site-packages/airflow/example_dags/tutorial_dag.py for tasks to queue
[2024-02-08T03:17:55.457+0100] {logging_mixin.py:188} INFO - [2024-02-08T03:17:55.456+0100] {dagbag.py:538} INFO - Filling up the DagBag from /home/ubuntu/.local/lib/python3.10/site-packages/airflow/example_dags/tutorial_dag.py
[2024-02-08T03:17:55.469+0100] {processor.py:840} INFO - DAG(s) 'tutorial_dag' retrieved from /home/ubuntu/.local/lib/python3.10/site-packages/airflow/example_dags/tutorial_dag.py
[2024-02-08T03:17:55.501+0100] {logging_mixin.py:188} INFO - [2024-02-08T03:17:55.501+0100] {dag.py:3033} INFO - Sync 1 DAGs
[2024-02-08T03:17:55.524+0100] {logging_mixin.py:188} INFO - [2024-02-08T03:17:55.523+0100] {dag.py:3820} INFO - Setting next_dagrun for tutorial_dag to None, run_after=None
[2024-02-08T03:17:55.566+0100] {processor.py:183} INFO - Processing /home/ubuntu/.local/lib/python3.10/site-packages/airflow/example_dags/tutorial_dag.py took 0.121 seconds
[2024-02-08T03:18:56.237+0100] {processor.py:161} INFO - Started process (PID=15197) to work on /home/ubuntu/.local/lib/python3.10/site-packages/airflow/example_dags/tutorial_dag.py
[2024-02-08T03:18:56.243+0100] {processor.py:830} INFO - Processing file /home/ubuntu/.local/lib/python3.10/site-packages/airflow/example_dags/tutorial_dag.py for tasks to queue
[2024-02-08T03:18:56.246+0100] {logging_mixin.py:188} INFO - [2024-02-08T03:18:56.245+0100] {dagbag.py:538} INFO - Filling up the DagBag from /home/ubuntu/.local/lib/python3.10/site-packages/airflow/example_dags/tutorial_dag.py
[2024-02-08T03:18:56.260+0100] {processor.py:840} INFO - DAG(s) 'tutorial_dag' retrieved from /home/ubuntu/.local/lib/python3.10/site-packages/airflow/example_dags/tutorial_dag.py
[2024-02-08T03:18:56.295+0100] {logging_mixin.py:188} INFO - [2024-02-08T03:18:56.294+0100] {dag.py:3033} INFO - Sync 1 DAGs
[2024-02-08T03:18:56.320+0100] {logging_mixin.py:188} INFO - [2024-02-08T03:18:56.319+0100] {dag.py:3820} INFO - Setting next_dagrun for tutorial_dag to None, run_after=None
[2024-02-08T03:18:56.379+0100] {processor.py:183} INFO - Processing /home/ubuntu/.local/lib/python3.10/site-packages/airflow/example_dags/tutorial_dag.py took 0.147 seconds
[2024-02-08T03:20:08.155+0100] {processor.py:161} INFO - Started process (PID=15319) to work on /home/ubuntu/.local/lib/python3.10/site-packages/airflow/example_dags/tutorial_dag.py
[2024-02-08T03:20:08.158+0100] {processor.py:830} INFO - Processing file /home/ubuntu/.local/lib/python3.10/site-packages/airflow/example_dags/tutorial_dag.py for tasks to queue
[2024-02-08T03:20:08.161+0100] {logging_mixin.py:188} INFO - [2024-02-08T03:20:08.160+0100] {dagbag.py:538} INFO - Filling up the DagBag from /home/ubuntu/.local/lib/python3.10/site-packages/airflow/example_dags/tutorial_dag.py
[2024-02-08T03:20:08.170+0100] {processor.py:840} INFO - DAG(s) 'tutorial_dag' retrieved from /home/ubuntu/.local/lib/python3.10/site-packages/airflow/example_dags/tutorial_dag.py
[2024-02-08T03:20:08.195+0100] {logging_mixin.py:188} INFO - [2024-02-08T03:20:08.195+0100] {dag.py:3033} INFO - Sync 1 DAGs
[2024-02-08T03:20:08.214+0100] {logging_mixin.py:188} INFO - [2024-02-08T03:20:08.214+0100] {dag.py:3820} INFO - Setting next_dagrun for tutorial_dag to None, run_after=None
[2024-02-08T03:20:08.263+0100] {processor.py:183} INFO - Processing /home/ubuntu/.local/lib/python3.10/site-packages/airflow/example_dags/tutorial_dag.py took 0.112 seconds
[2024-02-08T03:21:15.826+0100] {processor.py:161} INFO - Started process (PID=15379) to work on /home/ubuntu/.local/lib/python3.10/site-packages/airflow/example_dags/tutorial_dag.py
[2024-02-08T03:21:15.832+0100] {processor.py:830} INFO - Processing file /home/ubuntu/.local/lib/python3.10/site-packages/airflow/example_dags/tutorial_dag.py for tasks to queue
[2024-02-08T03:21:15.833+0100] {logging_mixin.py:188} INFO - [2024-02-08T03:21:15.833+0100] {dagbag.py:538} INFO - Filling up the DagBag from /home/ubuntu/.local/lib/python3.10/site-packages/airflow/example_dags/tutorial_dag.py
[2024-02-08T03:21:15.841+0100] {processor.py:840} INFO - DAG(s) 'tutorial_dag' retrieved from /home/ubuntu/.local/lib/python3.10/site-packages/airflow/example_dags/tutorial_dag.py
[2024-02-08T03:21:15.868+0100] {logging_mixin.py:188} INFO - [2024-02-08T03:21:15.868+0100] {dag.py:3033} INFO - Sync 1 DAGs
[2024-02-08T03:21:15.884+0100] {logging_mixin.py:188} INFO - [2024-02-08T03:21:15.884+0100] {dag.py:3820} INFO - Setting next_dagrun for tutorial_dag to None, run_after=None
[2024-02-08T03:21:15.921+0100] {processor.py:183} INFO - Processing /home/ubuntu/.local/lib/python3.10/site-packages/airflow/example_dags/tutorial_dag.py took 0.102 seconds
[2024-02-08T03:22:21.628+0100] {processor.py:161} INFO - Started process (PID=15437) to work on /home/ubuntu/.local/lib/python3.10/site-packages/airflow/example_dags/tutorial_dag.py
[2024-02-08T03:22:21.632+0100] {processor.py:830} INFO - Processing file /home/ubuntu/.local/lib/python3.10/site-packages/airflow/example_dags/tutorial_dag.py for tasks to queue
[2024-02-08T03:22:21.634+0100] {logging_mixin.py:188} INFO - [2024-02-08T03:22:21.633+0100] {dagbag.py:538} INFO - Filling up the DagBag from /home/ubuntu/.local/lib/python3.10/site-packages/airflow/example_dags/tutorial_dag.py
[2024-02-08T03:22:21.644+0100] {processor.py:840} INFO - DAG(s) 'tutorial_dag' retrieved from /home/ubuntu/.local/lib/python3.10/site-packages/airflow/example_dags/tutorial_dag.py
[2024-02-08T03:22:21.673+0100] {logging_mixin.py:188} INFO - [2024-02-08T03:22:21.672+0100] {dag.py:3033} INFO - Sync 1 DAGs
[2024-02-08T03:22:21.689+0100] {logging_mixin.py:188} INFO - [2024-02-08T03:22:21.689+0100] {dag.py:3820} INFO - Setting next_dagrun for tutorial_dag to None, run_after=None
[2024-02-08T03:22:21.786+0100] {processor.py:183} INFO - Processing /home/ubuntu/.local/lib/python3.10/site-packages/airflow/example_dags/tutorial_dag.py took 0.164 seconds
[2024-02-08T03:23:26.463+0100] {processor.py:161} INFO - Started process (PID=15513) to work on /home/ubuntu/.local/lib/python3.10/site-packages/airflow/example_dags/tutorial_dag.py
[2024-02-08T03:23:26.470+0100] {processor.py:830} INFO - Processing file /home/ubuntu/.local/lib/python3.10/site-packages/airflow/example_dags/tutorial_dag.py for tasks to queue
[2024-02-08T03:23:26.485+0100] {logging_mixin.py:188} INFO - [2024-02-08T03:23:26.471+0100] {dagbag.py:538} INFO - Filling up the DagBag from /home/ubuntu/.local/lib/python3.10/site-packages/airflow/example_dags/tutorial_dag.py
[2024-02-08T03:23:26.562+0100] {processor.py:840} INFO - DAG(s) 'tutorial_dag' retrieved from /home/ubuntu/.local/lib/python3.10/site-packages/airflow/example_dags/tutorial_dag.py
[2024-02-08T03:23:26.631+0100] {logging_mixin.py:188} INFO - [2024-02-08T03:23:26.631+0100] {dag.py:3033} INFO - Sync 1 DAGs
[2024-02-08T03:23:26.657+0100] {logging_mixin.py:188} INFO - [2024-02-08T03:23:26.656+0100] {dag.py:3820} INFO - Setting next_dagrun for tutorial_dag to None, run_after=None
[2024-02-08T03:23:26.708+0100] {processor.py:183} INFO - Processing /home/ubuntu/.local/lib/python3.10/site-packages/airflow/example_dags/tutorial_dag.py took 0.276 seconds
[2024-02-08T03:24:58.043+0100] {processor.py:161} INFO - Started process (PID=15635) to work on /home/ubuntu/.local/lib/python3.10/site-packages/airflow/example_dags/tutorial_dag.py
[2024-02-08T03:24:58.049+0100] {processor.py:830} INFO - Processing file /home/ubuntu/.local/lib/python3.10/site-packages/airflow/example_dags/tutorial_dag.py for tasks to queue
[2024-02-08T03:24:58.050+0100] {logging_mixin.py:188} INFO - [2024-02-08T03:24:58.049+0100] {dagbag.py:538} INFO - Filling up the DagBag from /home/ubuntu/.local/lib/python3.10/site-packages/airflow/example_dags/tutorial_dag.py
[2024-02-08T03:24:58.060+0100] {processor.py:840} INFO - DAG(s) 'tutorial_dag' retrieved from /home/ubuntu/.local/lib/python3.10/site-packages/airflow/example_dags/tutorial_dag.py
[2024-02-08T03:24:58.088+0100] {logging_mixin.py:188} INFO - [2024-02-08T03:24:58.088+0100] {dag.py:3033} INFO - Sync 1 DAGs
[2024-02-08T03:24:58.104+0100] {logging_mixin.py:188} INFO - [2024-02-08T03:24:58.104+0100] {dag.py:3820} INFO - Setting next_dagrun for tutorial_dag to None, run_after=None
[2024-02-08T03:24:58.139+0100] {processor.py:183} INFO - Processing /home/ubuntu/.local/lib/python3.10/site-packages/airflow/example_dags/tutorial_dag.py took 0.100 seconds
