[2024-02-08T02:46:31.041+0100] {processor.py:161} INFO - Started process (PID=12353) to work on /home/ubuntu/.local/lib/python3.10/site-packages/airflow/example_dags/tutorial_objectstorage.py
[2024-02-08T02:46:31.044+0100] {processor.py:830} INFO - Processing file /home/ubuntu/.local/lib/python3.10/site-packages/airflow/example_dags/tutorial_objectstorage.py for tasks to queue
[2024-02-08T02:46:31.046+0100] {logging_mixin.py:188} INFO - [2024-02-08T02:46:31.045+0100] {dagbag.py:538} INFO - Filling up the DagBag from /home/ubuntu/.local/lib/python3.10/site-packages/airflow/example_dags/tutorial_objectstorage.py
[2024-02-08T02:46:31.057+0100] {processor.py:840} INFO - DAG(s) 'tutorial_objectstorage' retrieved from /home/ubuntu/.local/lib/python3.10/site-packages/airflow/example_dags/tutorial_objectstorage.py
[2024-02-08T02:46:31.180+0100] {logging_mixin.py:188} INFO - [2024-02-08T02:46:31.180+0100] {dag.py:3033} INFO - Sync 1 DAGs
[2024-02-08T02:46:31.192+0100] {logging_mixin.py:188} INFO - [2024-02-08T02:46:31.192+0100] {dag.py:3820} INFO - Setting next_dagrun for tutorial_objectstorage to None, run_after=None
[2024-02-08T02:46:31.239+0100] {processor.py:183} INFO - Processing /home/ubuntu/.local/lib/python3.10/site-packages/airflow/example_dags/tutorial_objectstorage.py took 0.203 seconds
[2024-02-08T02:48:10.922+0100] {processor.py:161} INFO - Started process (PID=12469) to work on /home/ubuntu/.local/lib/python3.10/site-packages/airflow/example_dags/tutorial_objectstorage.py
[2024-02-08T02:48:10.925+0100] {processor.py:830} INFO - Processing file /home/ubuntu/.local/lib/python3.10/site-packages/airflow/example_dags/tutorial_objectstorage.py for tasks to queue
[2024-02-08T02:48:10.927+0100] {logging_mixin.py:188} INFO - [2024-02-08T02:48:10.926+0100] {dagbag.py:538} INFO - Filling up the DagBag from /home/ubuntu/.local/lib/python3.10/site-packages/airflow/example_dags/tutorial_objectstorage.py
[2024-02-08T02:48:10.938+0100] {processor.py:840} INFO - DAG(s) 'tutorial_objectstorage' retrieved from /home/ubuntu/.local/lib/python3.10/site-packages/airflow/example_dags/tutorial_objectstorage.py
[2024-02-08T02:48:10.962+0100] {logging_mixin.py:188} INFO - [2024-02-08T02:48:10.961+0100] {dag.py:3033} INFO - Sync 1 DAGs
[2024-02-08T02:48:10.978+0100] {logging_mixin.py:188} INFO - [2024-02-08T02:48:10.977+0100] {dag.py:3820} INFO - Setting next_dagrun for tutorial_objectstorage to None, run_after=None
[2024-02-08T02:48:11.029+0100] {processor.py:183} INFO - Processing /home/ubuntu/.local/lib/python3.10/site-packages/airflow/example_dags/tutorial_objectstorage.py took 0.113 seconds
[2024-02-08T02:49:08.188+0100] {processor.py:161} INFO - Started process (PID=13079) to work on /home/ubuntu/.local/lib/python3.10/site-packages/airflow/example_dags/tutorial_objectstorage.py
[2024-02-08T02:49:08.207+0100] {processor.py:830} INFO - Processing file /home/ubuntu/.local/lib/python3.10/site-packages/airflow/example_dags/tutorial_objectstorage.py for tasks to queue
[2024-02-08T02:49:08.209+0100] {logging_mixin.py:188} INFO - [2024-02-08T02:49:08.208+0100] {dagbag.py:538} INFO - Filling up the DagBag from /home/ubuntu/.local/lib/python3.10/site-packages/airflow/example_dags/tutorial_objectstorage.py
[2024-02-08T02:49:08.222+0100] {processor.py:840} INFO - DAG(s) 'tutorial_objectstorage' retrieved from /home/ubuntu/.local/lib/python3.10/site-packages/airflow/example_dags/tutorial_objectstorage.py
[2024-02-08T02:49:08.249+0100] {logging_mixin.py:188} INFO - [2024-02-08T02:49:08.249+0100] {dag.py:3033} INFO - Sync 1 DAGs
[2024-02-08T02:49:08.268+0100] {logging_mixin.py:188} INFO - [2024-02-08T02:49:08.267+0100] {dag.py:3820} INFO - Setting next_dagrun for tutorial_objectstorage to None, run_after=None
[2024-02-08T02:49:08.320+0100] {processor.py:183} INFO - Processing /home/ubuntu/.local/lib/python3.10/site-packages/airflow/example_dags/tutorial_objectstorage.py took 0.139 seconds
[2024-02-08T02:50:09.740+0100] {processor.py:161} INFO - Started process (PID=13131) to work on /home/ubuntu/.local/lib/python3.10/site-packages/airflow/example_dags/tutorial_objectstorage.py
[2024-02-08T02:50:09.747+0100] {processor.py:830} INFO - Processing file /home/ubuntu/.local/lib/python3.10/site-packages/airflow/example_dags/tutorial_objectstorage.py for tasks to queue
[2024-02-08T02:50:09.748+0100] {logging_mixin.py:188} INFO - [2024-02-08T02:50:09.748+0100] {dagbag.py:538} INFO - Filling up the DagBag from /home/ubuntu/.local/lib/python3.10/site-packages/airflow/example_dags/tutorial_objectstorage.py
[2024-02-08T02:50:09.815+0100] {processor.py:840} INFO - DAG(s) 'tutorial_objectstorage' retrieved from /home/ubuntu/.local/lib/python3.10/site-packages/airflow/example_dags/tutorial_objectstorage.py
[2024-02-08T02:50:09.845+0100] {logging_mixin.py:188} INFO - [2024-02-08T02:50:09.845+0100] {dag.py:3033} INFO - Sync 1 DAGs
[2024-02-08T02:50:09.911+0100] {logging_mixin.py:188} INFO - [2024-02-08T02:50:09.910+0100] {dag.py:3820} INFO - Setting next_dagrun for tutorial_objectstorage to None, run_after=None
[2024-02-08T02:50:09.981+0100] {processor.py:183} INFO - Processing /home/ubuntu/.local/lib/python3.10/site-packages/airflow/example_dags/tutorial_objectstorage.py took 0.246 seconds
[2024-02-08T02:51:34.707+0100] {processor.py:161} INFO - Started process (PID=13682) to work on /home/ubuntu/.local/lib/python3.10/site-packages/airflow/example_dags/tutorial_objectstorage.py
[2024-02-08T02:51:34.712+0100] {processor.py:830} INFO - Processing file /home/ubuntu/.local/lib/python3.10/site-packages/airflow/example_dags/tutorial_objectstorage.py for tasks to queue
[2024-02-08T02:51:34.713+0100] {logging_mixin.py:188} INFO - [2024-02-08T02:51:34.712+0100] {dagbag.py:538} INFO - Filling up the DagBag from /home/ubuntu/.local/lib/python3.10/site-packages/airflow/example_dags/tutorial_objectstorage.py
[2024-02-08T02:51:34.722+0100] {processor.py:840} INFO - DAG(s) 'tutorial_objectstorage' retrieved from /home/ubuntu/.local/lib/python3.10/site-packages/airflow/example_dags/tutorial_objectstorage.py
[2024-02-08T02:51:34.746+0100] {logging_mixin.py:188} INFO - [2024-02-08T02:51:34.745+0100] {dag.py:3033} INFO - Sync 1 DAGs
[2024-02-08T02:51:34.760+0100] {logging_mixin.py:188} INFO - [2024-02-08T02:51:34.760+0100] {dag.py:3820} INFO - Setting next_dagrun for tutorial_objectstorage to None, run_after=None
[2024-02-08T02:51:34.833+0100] {processor.py:183} INFO - Processing /home/ubuntu/.local/lib/python3.10/site-packages/airflow/example_dags/tutorial_objectstorage.py took 0.134 seconds
[2024-02-08T02:53:11.426+0100] {processor.py:161} INFO - Started process (PID=13800) to work on /home/ubuntu/.local/lib/python3.10/site-packages/airflow/example_dags/tutorial_objectstorage.py
[2024-02-08T02:53:11.429+0100] {processor.py:830} INFO - Processing file /home/ubuntu/.local/lib/python3.10/site-packages/airflow/example_dags/tutorial_objectstorage.py for tasks to queue
[2024-02-08T02:53:11.430+0100] {logging_mixin.py:188} INFO - [2024-02-08T02:53:11.430+0100] {dagbag.py:538} INFO - Filling up the DagBag from /home/ubuntu/.local/lib/python3.10/site-packages/airflow/example_dags/tutorial_objectstorage.py
[2024-02-08T02:53:11.454+0100] {processor.py:840} INFO - DAG(s) 'tutorial_objectstorage' retrieved from /home/ubuntu/.local/lib/python3.10/site-packages/airflow/example_dags/tutorial_objectstorage.py
[2024-02-08T02:53:11.476+0100] {logging_mixin.py:188} INFO - [2024-02-08T02:53:11.476+0100] {dag.py:3033} INFO - Sync 1 DAGs
[2024-02-08T02:53:11.496+0100] {logging_mixin.py:188} INFO - [2024-02-08T02:53:11.496+0100] {dag.py:3820} INFO - Setting next_dagrun for tutorial_objectstorage to None, run_after=None
[2024-02-08T02:53:11.537+0100] {processor.py:183} INFO - Processing /home/ubuntu/.local/lib/python3.10/site-packages/airflow/example_dags/tutorial_objectstorage.py took 0.115 seconds
[2024-02-08T02:56:30.943+0100] {processor.py:161} INFO - Started process (PID=13926) to work on /home/ubuntu/.local/lib/python3.10/site-packages/airflow/example_dags/tutorial_objectstorage.py
[2024-02-08T02:56:30.949+0100] {processor.py:830} INFO - Processing file /home/ubuntu/.local/lib/python3.10/site-packages/airflow/example_dags/tutorial_objectstorage.py for tasks to queue
[2024-02-08T02:56:30.952+0100] {logging_mixin.py:188} INFO - [2024-02-08T02:56:30.951+0100] {dagbag.py:538} INFO - Filling up the DagBag from /home/ubuntu/.local/lib/python3.10/site-packages/airflow/example_dags/tutorial_objectstorage.py
[2024-02-08T02:56:30.976+0100] {processor.py:840} INFO - DAG(s) 'tutorial_objectstorage' retrieved from /home/ubuntu/.local/lib/python3.10/site-packages/airflow/example_dags/tutorial_objectstorage.py
[2024-02-08T02:56:31.052+0100] {logging_mixin.py:188} INFO - [2024-02-08T02:56:31.042+0100] {dag.py:3033} INFO - Sync 1 DAGs
[2024-02-08T02:56:31.090+0100] {logging_mixin.py:188} INFO - [2024-02-08T02:56:31.087+0100] {dag.py:3820} INFO - Setting next_dagrun for tutorial_objectstorage to None, run_after=None
[2024-02-08T02:56:31.239+0100] {processor.py:183} INFO - Processing /home/ubuntu/.local/lib/python3.10/site-packages/airflow/example_dags/tutorial_objectstorage.py took 0.302 seconds
[2024-02-08T02:59:05.820+0100] {processor.py:161} INFO - Started process (PID=14005) to work on /home/ubuntu/.local/lib/python3.10/site-packages/airflow/example_dags/tutorial_objectstorage.py
[2024-02-08T02:59:05.861+0100] {processor.py:830} INFO - Processing file /home/ubuntu/.local/lib/python3.10/site-packages/airflow/example_dags/tutorial_objectstorage.py for tasks to queue
[2024-02-08T02:59:05.865+0100] {logging_mixin.py:188} INFO - [2024-02-08T02:59:05.865+0100] {dagbag.py:538} INFO - Filling up the DagBag from /home/ubuntu/.local/lib/python3.10/site-packages/airflow/example_dags/tutorial_objectstorage.py
[2024-02-08T02:59:05.887+0100] {processor.py:840} INFO - DAG(s) 'tutorial_objectstorage' retrieved from /home/ubuntu/.local/lib/python3.10/site-packages/airflow/example_dags/tutorial_objectstorage.py
[2024-02-08T02:59:05.912+0100] {logging_mixin.py:188} INFO - [2024-02-08T02:59:05.912+0100] {dag.py:3033} INFO - Sync 1 DAGs
[2024-02-08T02:59:05.928+0100] {logging_mixin.py:188} INFO - [2024-02-08T02:59:05.928+0100] {dag.py:3820} INFO - Setting next_dagrun for tutorial_objectstorage to None, run_after=None
[2024-02-08T02:59:06.146+0100] {processor.py:183} INFO - Processing /home/ubuntu/.local/lib/python3.10/site-packages/airflow/example_dags/tutorial_objectstorage.py took 0.330 seconds
[2024-02-08T03:01:12.851+0100] {processor.py:161} INFO - Started process (PID=14075) to work on /home/ubuntu/.local/lib/python3.10/site-packages/airflow/example_dags/tutorial_objectstorage.py
[2024-02-08T03:01:12.864+0100] {processor.py:830} INFO - Processing file /home/ubuntu/.local/lib/python3.10/site-packages/airflow/example_dags/tutorial_objectstorage.py for tasks to queue
[2024-02-08T03:01:12.867+0100] {logging_mixin.py:188} INFO - [2024-02-08T03:01:12.867+0100] {dagbag.py:538} INFO - Filling up the DagBag from /home/ubuntu/.local/lib/python3.10/site-packages/airflow/example_dags/tutorial_objectstorage.py
[2024-02-08T03:01:12.878+0100] {processor.py:840} INFO - DAG(s) 'tutorial_objectstorage' retrieved from /home/ubuntu/.local/lib/python3.10/site-packages/airflow/example_dags/tutorial_objectstorage.py
[2024-02-08T03:01:12.907+0100] {logging_mixin.py:188} INFO - [2024-02-08T03:01:12.906+0100] {dag.py:3033} INFO - Sync 1 DAGs
[2024-02-08T03:01:12.921+0100] {logging_mixin.py:188} INFO - [2024-02-08T03:01:12.921+0100] {dag.py:3820} INFO - Setting next_dagrun for tutorial_objectstorage to None, run_after=None
[2024-02-08T03:01:13.019+0100] {processor.py:183} INFO - Processing /home/ubuntu/.local/lib/python3.10/site-packages/airflow/example_dags/tutorial_objectstorage.py took 0.172 seconds
[2024-02-08T03:02:09.340+0100] {processor.py:161} INFO - Started process (PID=14178) to work on /home/ubuntu/.local/lib/python3.10/site-packages/airflow/example_dags/tutorial_objectstorage.py
[2024-02-08T03:02:09.347+0100] {processor.py:830} INFO - Processing file /home/ubuntu/.local/lib/python3.10/site-packages/airflow/example_dags/tutorial_objectstorage.py for tasks to queue
[2024-02-08T03:02:09.349+0100] {logging_mixin.py:188} INFO - [2024-02-08T03:02:09.348+0100] {dagbag.py:538} INFO - Filling up the DagBag from /home/ubuntu/.local/lib/python3.10/site-packages/airflow/example_dags/tutorial_objectstorage.py
[2024-02-08T03:02:09.371+0100] {processor.py:840} INFO - DAG(s) 'tutorial_objectstorage' retrieved from /home/ubuntu/.local/lib/python3.10/site-packages/airflow/example_dags/tutorial_objectstorage.py
[2024-02-08T03:02:09.415+0100] {logging_mixin.py:188} INFO - [2024-02-08T03:02:09.414+0100] {dag.py:3033} INFO - Sync 1 DAGs
[2024-02-08T03:02:09.430+0100] {logging_mixin.py:188} INFO - [2024-02-08T03:02:09.429+0100] {dag.py:3820} INFO - Setting next_dagrun for tutorial_objectstorage to None, run_after=None
[2024-02-08T03:02:09.488+0100] {processor.py:183} INFO - Processing /home/ubuntu/.local/lib/python3.10/site-packages/airflow/example_dags/tutorial_objectstorage.py took 0.153 seconds
[2024-02-08T03:03:18.095+0100] {processor.py:161} INFO - Started process (PID=14235) to work on /home/ubuntu/.local/lib/python3.10/site-packages/airflow/example_dags/tutorial_objectstorage.py
[2024-02-08T03:03:18.100+0100] {processor.py:830} INFO - Processing file /home/ubuntu/.local/lib/python3.10/site-packages/airflow/example_dags/tutorial_objectstorage.py for tasks to queue
[2024-02-08T03:03:18.102+0100] {logging_mixin.py:188} INFO - [2024-02-08T03:03:18.101+0100] {dagbag.py:538} INFO - Filling up the DagBag from /home/ubuntu/.local/lib/python3.10/site-packages/airflow/example_dags/tutorial_objectstorage.py
[2024-02-08T03:03:18.116+0100] {processor.py:840} INFO - DAG(s) 'tutorial_objectstorage' retrieved from /home/ubuntu/.local/lib/python3.10/site-packages/airflow/example_dags/tutorial_objectstorage.py
[2024-02-08T03:03:18.141+0100] {logging_mixin.py:188} INFO - [2024-02-08T03:03:18.141+0100] {dag.py:3033} INFO - Sync 1 DAGs
[2024-02-08T03:03:18.159+0100] {logging_mixin.py:188} INFO - [2024-02-08T03:03:18.158+0100] {dag.py:3820} INFO - Setting next_dagrun for tutorial_objectstorage to None, run_after=None
[2024-02-08T03:03:18.205+0100] {processor.py:183} INFO - Processing /home/ubuntu/.local/lib/python3.10/site-packages/airflow/example_dags/tutorial_objectstorage.py took 0.113 seconds
[2024-02-08T03:04:08.693+0100] {processor.py:161} INFO - Started process (PID=14288) to work on /home/ubuntu/.local/lib/python3.10/site-packages/airflow/example_dags/tutorial_objectstorage.py
[2024-02-08T03:04:08.717+0100] {processor.py:830} INFO - Processing file /home/ubuntu/.local/lib/python3.10/site-packages/airflow/example_dags/tutorial_objectstorage.py for tasks to queue
[2024-02-08T03:04:08.721+0100] {logging_mixin.py:188} INFO - [2024-02-08T03:04:08.718+0100] {dagbag.py:538} INFO - Filling up the DagBag from /home/ubuntu/.local/lib/python3.10/site-packages/airflow/example_dags/tutorial_objectstorage.py
[2024-02-08T03:04:08.737+0100] {processor.py:840} INFO - DAG(s) 'tutorial_objectstorage' retrieved from /home/ubuntu/.local/lib/python3.10/site-packages/airflow/example_dags/tutorial_objectstorage.py
[2024-02-08T03:04:08.763+0100] {logging_mixin.py:188} INFO - [2024-02-08T03:04:08.763+0100] {dag.py:3033} INFO - Sync 1 DAGs
[2024-02-08T03:04:08.780+0100] {logging_mixin.py:188} INFO - [2024-02-08T03:04:08.780+0100] {dag.py:3820} INFO - Setting next_dagrun for tutorial_objectstorage to None, run_after=None
[2024-02-08T03:04:08.817+0100] {processor.py:183} INFO - Processing /home/ubuntu/.local/lib/python3.10/site-packages/airflow/example_dags/tutorial_objectstorage.py took 0.132 seconds
[2024-02-08T03:05:39.185+0100] {processor.py:161} INFO - Started process (PID=14357) to work on /home/ubuntu/.local/lib/python3.10/site-packages/airflow/example_dags/tutorial_objectstorage.py
[2024-02-08T03:05:39.188+0100] {processor.py:830} INFO - Processing file /home/ubuntu/.local/lib/python3.10/site-packages/airflow/example_dags/tutorial_objectstorage.py for tasks to queue
[2024-02-08T03:05:39.190+0100] {logging_mixin.py:188} INFO - [2024-02-08T03:05:39.189+0100] {dagbag.py:538} INFO - Filling up the DagBag from /home/ubuntu/.local/lib/python3.10/site-packages/airflow/example_dags/tutorial_objectstorage.py
[2024-02-08T03:05:39.202+0100] {processor.py:840} INFO - DAG(s) 'tutorial_objectstorage' retrieved from /home/ubuntu/.local/lib/python3.10/site-packages/airflow/example_dags/tutorial_objectstorage.py
[2024-02-08T03:05:39.227+0100] {logging_mixin.py:188} INFO - [2024-02-08T03:05:39.227+0100] {dag.py:3033} INFO - Sync 1 DAGs
[2024-02-08T03:05:39.241+0100] {logging_mixin.py:188} INFO - [2024-02-08T03:05:39.240+0100] {dag.py:3820} INFO - Setting next_dagrun for tutorial_objectstorage to None, run_after=None
[2024-02-08T03:05:39.281+0100] {processor.py:183} INFO - Processing /home/ubuntu/.local/lib/python3.10/site-packages/airflow/example_dags/tutorial_objectstorage.py took 0.100 seconds
[2024-02-08T03:06:25.932+0100] {processor.py:161} INFO - Started process (PID=14397) to work on /home/ubuntu/.local/lib/python3.10/site-packages/airflow/example_dags/tutorial_objectstorage.py
[2024-02-08T03:06:25.936+0100] {processor.py:830} INFO - Processing file /home/ubuntu/.local/lib/python3.10/site-packages/airflow/example_dags/tutorial_objectstorage.py for tasks to queue
[2024-02-08T03:06:25.938+0100] {logging_mixin.py:188} INFO - [2024-02-08T03:06:25.937+0100] {dagbag.py:538} INFO - Filling up the DagBag from /home/ubuntu/.local/lib/python3.10/site-packages/airflow/example_dags/tutorial_objectstorage.py
[2024-02-08T03:06:25.953+0100] {processor.py:840} INFO - DAG(s) 'tutorial_objectstorage' retrieved from /home/ubuntu/.local/lib/python3.10/site-packages/airflow/example_dags/tutorial_objectstorage.py
[2024-02-08T03:06:25.976+0100] {logging_mixin.py:188} INFO - [2024-02-08T03:06:25.976+0100] {dag.py:3033} INFO - Sync 1 DAGs
[2024-02-08T03:06:25.992+0100] {logging_mixin.py:188} INFO - [2024-02-08T03:06:25.992+0100] {dag.py:3820} INFO - Setting next_dagrun for tutorial_objectstorage to None, run_after=None
[2024-02-08T03:06:26.031+0100] {processor.py:183} INFO - Processing /home/ubuntu/.local/lib/python3.10/site-packages/airflow/example_dags/tutorial_objectstorage.py took 0.104 seconds
[2024-02-08T03:07:28.764+0100] {processor.py:161} INFO - Started process (PID=14480) to work on /home/ubuntu/.local/lib/python3.10/site-packages/airflow/example_dags/tutorial_objectstorage.py
[2024-02-08T03:07:28.802+0100] {processor.py:830} INFO - Processing file /home/ubuntu/.local/lib/python3.10/site-packages/airflow/example_dags/tutorial_objectstorage.py for tasks to queue
[2024-02-08T03:07:28.804+0100] {logging_mixin.py:188} INFO - [2024-02-08T03:07:28.803+0100] {dagbag.py:538} INFO - Filling up the DagBag from /home/ubuntu/.local/lib/python3.10/site-packages/airflow/example_dags/tutorial_objectstorage.py
[2024-02-08T03:07:28.841+0100] {processor.py:840} INFO - DAG(s) 'tutorial_objectstorage' retrieved from /home/ubuntu/.local/lib/python3.10/site-packages/airflow/example_dags/tutorial_objectstorage.py
[2024-02-08T03:07:28.899+0100] {logging_mixin.py:188} INFO - [2024-02-08T03:07:28.898+0100] {dag.py:3033} INFO - Sync 1 DAGs
[2024-02-08T03:07:28.937+0100] {logging_mixin.py:188} INFO - [2024-02-08T03:07:28.937+0100] {dag.py:3820} INFO - Setting next_dagrun for tutorial_objectstorage to None, run_after=None
[2024-02-08T03:07:29.072+0100] {processor.py:183} INFO - Processing /home/ubuntu/.local/lib/python3.10/site-packages/airflow/example_dags/tutorial_objectstorage.py took 0.326 seconds
[2024-02-08T03:08:45.047+0100] {processor.py:161} INFO - Started process (PID=14611) to work on /home/ubuntu/.local/lib/python3.10/site-packages/airflow/example_dags/tutorial_objectstorage.py
[2024-02-08T03:08:45.051+0100] {processor.py:830} INFO - Processing file /home/ubuntu/.local/lib/python3.10/site-packages/airflow/example_dags/tutorial_objectstorage.py for tasks to queue
[2024-02-08T03:08:45.053+0100] {logging_mixin.py:188} INFO - [2024-02-08T03:08:45.052+0100] {dagbag.py:538} INFO - Filling up the DagBag from /home/ubuntu/.local/lib/python3.10/site-packages/airflow/example_dags/tutorial_objectstorage.py
[2024-02-08T03:08:45.065+0100] {processor.py:840} INFO - DAG(s) 'tutorial_objectstorage' retrieved from /home/ubuntu/.local/lib/python3.10/site-packages/airflow/example_dags/tutorial_objectstorage.py
[2024-02-08T03:08:45.089+0100] {logging_mixin.py:188} INFO - [2024-02-08T03:08:45.088+0100] {dag.py:3033} INFO - Sync 1 DAGs
[2024-02-08T03:08:45.108+0100] {logging_mixin.py:188} INFO - [2024-02-08T03:08:45.108+0100] {dag.py:3820} INFO - Setting next_dagrun for tutorial_objectstorage to None, run_after=None
[2024-02-08T03:08:45.200+0100] {processor.py:183} INFO - Processing /home/ubuntu/.local/lib/python3.10/site-packages/airflow/example_dags/tutorial_objectstorage.py took 0.162 seconds
[2024-02-08T03:09:46.858+0100] {processor.py:161} INFO - Started process (PID=14669) to work on /home/ubuntu/.local/lib/python3.10/site-packages/airflow/example_dags/tutorial_objectstorage.py
[2024-02-08T03:09:46.861+0100] {processor.py:830} INFO - Processing file /home/ubuntu/.local/lib/python3.10/site-packages/airflow/example_dags/tutorial_objectstorage.py for tasks to queue
[2024-02-08T03:09:46.863+0100] {logging_mixin.py:188} INFO - [2024-02-08T03:09:46.862+0100] {dagbag.py:538} INFO - Filling up the DagBag from /home/ubuntu/.local/lib/python3.10/site-packages/airflow/example_dags/tutorial_objectstorage.py
[2024-02-08T03:09:46.875+0100] {processor.py:840} INFO - DAG(s) 'tutorial_objectstorage' retrieved from /home/ubuntu/.local/lib/python3.10/site-packages/airflow/example_dags/tutorial_objectstorage.py
[2024-02-08T03:09:46.898+0100] {logging_mixin.py:188} INFO - [2024-02-08T03:09:46.897+0100] {dag.py:3033} INFO - Sync 1 DAGs
[2024-02-08T03:09:46.918+0100] {logging_mixin.py:188} INFO - [2024-02-08T03:09:46.917+0100] {dag.py:3820} INFO - Setting next_dagrun for tutorial_objectstorage to None, run_after=None
[2024-02-08T03:09:46.994+0100] {processor.py:183} INFO - Processing /home/ubuntu/.local/lib/python3.10/site-packages/airflow/example_dags/tutorial_objectstorage.py took 0.141 seconds
[2024-02-08T03:10:54.546+0100] {processor.py:161} INFO - Started process (PID=14728) to work on /home/ubuntu/.local/lib/python3.10/site-packages/airflow/example_dags/tutorial_objectstorage.py
[2024-02-08T03:10:54.550+0100] {processor.py:830} INFO - Processing file /home/ubuntu/.local/lib/python3.10/site-packages/airflow/example_dags/tutorial_objectstorage.py for tasks to queue
[2024-02-08T03:10:54.555+0100] {logging_mixin.py:188} INFO - [2024-02-08T03:10:54.553+0100] {dagbag.py:538} INFO - Filling up the DagBag from /home/ubuntu/.local/lib/python3.10/site-packages/airflow/example_dags/tutorial_objectstorage.py
[2024-02-08T03:10:54.574+0100] {processor.py:840} INFO - DAG(s) 'tutorial_objectstorage' retrieved from /home/ubuntu/.local/lib/python3.10/site-packages/airflow/example_dags/tutorial_objectstorage.py
[2024-02-08T03:10:54.606+0100] {logging_mixin.py:188} INFO - [2024-02-08T03:10:54.606+0100] {dag.py:3033} INFO - Sync 1 DAGs
[2024-02-08T03:10:54.628+0100] {logging_mixin.py:188} INFO - [2024-02-08T03:10:54.628+0100] {dag.py:3820} INFO - Setting next_dagrun for tutorial_objectstorage to None, run_after=None
[2024-02-08T03:10:54.676+0100] {processor.py:183} INFO - Processing /home/ubuntu/.local/lib/python3.10/site-packages/airflow/example_dags/tutorial_objectstorage.py took 0.136 seconds
[2024-02-08T03:11:57.855+0100] {processor.py:161} INFO - Started process (PID=14785) to work on /home/ubuntu/.local/lib/python3.10/site-packages/airflow/example_dags/tutorial_objectstorage.py
[2024-02-08T03:11:57.859+0100] {processor.py:830} INFO - Processing file /home/ubuntu/.local/lib/python3.10/site-packages/airflow/example_dags/tutorial_objectstorage.py for tasks to queue
[2024-02-08T03:11:57.861+0100] {logging_mixin.py:188} INFO - [2024-02-08T03:11:57.860+0100] {dagbag.py:538} INFO - Filling up the DagBag from /home/ubuntu/.local/lib/python3.10/site-packages/airflow/example_dags/tutorial_objectstorage.py
[2024-02-08T03:11:57.872+0100] {processor.py:840} INFO - DAG(s) 'tutorial_objectstorage' retrieved from /home/ubuntu/.local/lib/python3.10/site-packages/airflow/example_dags/tutorial_objectstorage.py
[2024-02-08T03:11:57.894+0100] {logging_mixin.py:188} INFO - [2024-02-08T03:11:57.894+0100] {dag.py:3033} INFO - Sync 1 DAGs
[2024-02-08T03:11:57.907+0100] {logging_mixin.py:188} INFO - [2024-02-08T03:11:57.907+0100] {dag.py:3820} INFO - Setting next_dagrun for tutorial_objectstorage to None, run_after=None
[2024-02-08T03:11:57.947+0100] {processor.py:183} INFO - Processing /home/ubuntu/.local/lib/python3.10/site-packages/airflow/example_dags/tutorial_objectstorage.py took 0.096 seconds
[2024-02-08T03:12:55.812+0100] {processor.py:161} INFO - Started process (PID=14843) to work on /home/ubuntu/.local/lib/python3.10/site-packages/airflow/example_dags/tutorial_objectstorage.py
[2024-02-08T03:12:55.815+0100] {processor.py:830} INFO - Processing file /home/ubuntu/.local/lib/python3.10/site-packages/airflow/example_dags/tutorial_objectstorage.py for tasks to queue
[2024-02-08T03:12:55.817+0100] {logging_mixin.py:188} INFO - [2024-02-08T03:12:55.816+0100] {dagbag.py:538} INFO - Filling up the DagBag from /home/ubuntu/.local/lib/python3.10/site-packages/airflow/example_dags/tutorial_objectstorage.py
[2024-02-08T03:12:55.833+0100] {processor.py:840} INFO - DAG(s) 'tutorial_objectstorage' retrieved from /home/ubuntu/.local/lib/python3.10/site-packages/airflow/example_dags/tutorial_objectstorage.py
[2024-02-08T03:12:55.864+0100] {logging_mixin.py:188} INFO - [2024-02-08T03:12:55.864+0100] {dag.py:3033} INFO - Sync 1 DAGs
[2024-02-08T03:12:55.885+0100] {logging_mixin.py:188} INFO - [2024-02-08T03:12:55.885+0100] {dag.py:3820} INFO - Setting next_dagrun for tutorial_objectstorage to None, run_after=None
[2024-02-08T03:12:55.934+0100] {processor.py:183} INFO - Processing /home/ubuntu/.local/lib/python3.10/site-packages/airflow/example_dags/tutorial_objectstorage.py took 0.126 seconds
[2024-02-08T03:13:55.849+0100] {processor.py:161} INFO - Started process (PID=14902) to work on /home/ubuntu/.local/lib/python3.10/site-packages/airflow/example_dags/tutorial_objectstorage.py
[2024-02-08T03:13:55.854+0100] {processor.py:830} INFO - Processing file /home/ubuntu/.local/lib/python3.10/site-packages/airflow/example_dags/tutorial_objectstorage.py for tasks to queue
[2024-02-08T03:13:55.857+0100] {logging_mixin.py:188} INFO - [2024-02-08T03:13:55.856+0100] {dagbag.py:538} INFO - Filling up the DagBag from /home/ubuntu/.local/lib/python3.10/site-packages/airflow/example_dags/tutorial_objectstorage.py
[2024-02-08T03:13:55.870+0100] {processor.py:840} INFO - DAG(s) 'tutorial_objectstorage' retrieved from /home/ubuntu/.local/lib/python3.10/site-packages/airflow/example_dags/tutorial_objectstorage.py
[2024-02-08T03:13:55.906+0100] {logging_mixin.py:188} INFO - [2024-02-08T03:13:55.905+0100] {dag.py:3033} INFO - Sync 1 DAGs
[2024-02-08T03:13:55.926+0100] {logging_mixin.py:188} INFO - [2024-02-08T03:13:55.926+0100] {dag.py:3820} INFO - Setting next_dagrun for tutorial_objectstorage to None, run_after=None
[2024-02-08T03:13:55.982+0100] {processor.py:183} INFO - Processing /home/ubuntu/.local/lib/python3.10/site-packages/airflow/example_dags/tutorial_objectstorage.py took 0.141 seconds
[2024-02-08T03:14:59.905+0100] {processor.py:161} INFO - Started process (PID=14967) to work on /home/ubuntu/.local/lib/python3.10/site-packages/airflow/example_dags/tutorial_objectstorage.py
[2024-02-08T03:14:59.910+0100] {processor.py:830} INFO - Processing file /home/ubuntu/.local/lib/python3.10/site-packages/airflow/example_dags/tutorial_objectstorage.py for tasks to queue
[2024-02-08T03:14:59.912+0100] {logging_mixin.py:188} INFO - [2024-02-08T03:14:59.911+0100] {dagbag.py:538} INFO - Filling up the DagBag from /home/ubuntu/.local/lib/python3.10/site-packages/airflow/example_dags/tutorial_objectstorage.py
[2024-02-08T03:14:59.930+0100] {processor.py:840} INFO - DAG(s) 'tutorial_objectstorage' retrieved from /home/ubuntu/.local/lib/python3.10/site-packages/airflow/example_dags/tutorial_objectstorage.py
[2024-02-08T03:14:59.955+0100] {logging_mixin.py:188} INFO - [2024-02-08T03:14:59.954+0100] {dag.py:3033} INFO - Sync 1 DAGs
[2024-02-08T03:14:59.976+0100] {logging_mixin.py:188} INFO - [2024-02-08T03:14:59.975+0100] {dag.py:3820} INFO - Setting next_dagrun for tutorial_objectstorage to None, run_after=None
[2024-02-08T03:15:00.022+0100] {processor.py:183} INFO - Processing /home/ubuntu/.local/lib/python3.10/site-packages/airflow/example_dags/tutorial_objectstorage.py took 0.122 seconds
[2024-02-08T03:16:01.685+0100] {processor.py:161} INFO - Started process (PID=15029) to work on /home/ubuntu/.local/lib/python3.10/site-packages/airflow/example_dags/tutorial_objectstorage.py
[2024-02-08T03:16:01.689+0100] {processor.py:830} INFO - Processing file /home/ubuntu/.local/lib/python3.10/site-packages/airflow/example_dags/tutorial_objectstorage.py for tasks to queue
[2024-02-08T03:16:01.692+0100] {logging_mixin.py:188} INFO - [2024-02-08T03:16:01.691+0100] {dagbag.py:538} INFO - Filling up the DagBag from /home/ubuntu/.local/lib/python3.10/site-packages/airflow/example_dags/tutorial_objectstorage.py
[2024-02-08T03:16:01.704+0100] {processor.py:840} INFO - DAG(s) 'tutorial_objectstorage' retrieved from /home/ubuntu/.local/lib/python3.10/site-packages/airflow/example_dags/tutorial_objectstorage.py
[2024-02-08T03:16:01.731+0100] {logging_mixin.py:188} INFO - [2024-02-08T03:16:01.730+0100] {dag.py:3033} INFO - Sync 1 DAGs
[2024-02-08T03:16:01.758+0100] {logging_mixin.py:188} INFO - [2024-02-08T03:16:01.757+0100] {dag.py:3820} INFO - Setting next_dagrun for tutorial_objectstorage to None, run_after=None
[2024-02-08T03:16:01.807+0100] {processor.py:183} INFO - Processing /home/ubuntu/.local/lib/python3.10/site-packages/airflow/example_dags/tutorial_objectstorage.py took 0.129 seconds
[2024-02-08T03:17:01.712+0100] {processor.py:161} INFO - Started process (PID=15086) to work on /home/ubuntu/.local/lib/python3.10/site-packages/airflow/example_dags/tutorial_objectstorage.py
[2024-02-08T03:17:01.717+0100] {processor.py:830} INFO - Processing file /home/ubuntu/.local/lib/python3.10/site-packages/airflow/example_dags/tutorial_objectstorage.py for tasks to queue
[2024-02-08T03:17:01.718+0100] {logging_mixin.py:188} INFO - [2024-02-08T03:17:01.718+0100] {dagbag.py:538} INFO - Filling up the DagBag from /home/ubuntu/.local/lib/python3.10/site-packages/airflow/example_dags/tutorial_objectstorage.py
[2024-02-08T03:17:01.729+0100] {processor.py:840} INFO - DAG(s) 'tutorial_objectstorage' retrieved from /home/ubuntu/.local/lib/python3.10/site-packages/airflow/example_dags/tutorial_objectstorage.py
[2024-02-08T03:17:01.763+0100] {logging_mixin.py:188} INFO - [2024-02-08T03:17:01.763+0100] {dag.py:3033} INFO - Sync 1 DAGs
[2024-02-08T03:17:01.814+0100] {logging_mixin.py:188} INFO - [2024-02-08T03:17:01.813+0100] {dag.py:3820} INFO - Setting next_dagrun for tutorial_objectstorage to None, run_after=None
[2024-02-08T03:17:01.918+0100] {processor.py:183} INFO - Processing /home/ubuntu/.local/lib/python3.10/site-packages/airflow/example_dags/tutorial_objectstorage.py took 0.211 seconds
[2024-02-08T03:17:59.274+0100] {processor.py:161} INFO - Started process (PID=15145) to work on /home/ubuntu/.local/lib/python3.10/site-packages/airflow/example_dags/tutorial_objectstorage.py
[2024-02-08T03:17:59.277+0100] {processor.py:830} INFO - Processing file /home/ubuntu/.local/lib/python3.10/site-packages/airflow/example_dags/tutorial_objectstorage.py for tasks to queue
[2024-02-08T03:17:59.280+0100] {logging_mixin.py:188} INFO - [2024-02-08T03:17:59.279+0100] {dagbag.py:538} INFO - Filling up the DagBag from /home/ubuntu/.local/lib/python3.10/site-packages/airflow/example_dags/tutorial_objectstorage.py
[2024-02-08T03:17:59.294+0100] {processor.py:840} INFO - DAG(s) 'tutorial_objectstorage' retrieved from /home/ubuntu/.local/lib/python3.10/site-packages/airflow/example_dags/tutorial_objectstorage.py
[2024-02-08T03:17:59.322+0100] {logging_mixin.py:188} INFO - [2024-02-08T03:17:59.322+0100] {dag.py:3033} INFO - Sync 1 DAGs
[2024-02-08T03:17:59.343+0100] {logging_mixin.py:188} INFO - [2024-02-08T03:17:59.343+0100] {dag.py:3820} INFO - Setting next_dagrun for tutorial_objectstorage to None, run_after=None
[2024-02-08T03:17:59.399+0100] {processor.py:183} INFO - Processing /home/ubuntu/.local/lib/python3.10/site-packages/airflow/example_dags/tutorial_objectstorage.py took 0.129 seconds
[2024-02-08T03:18:58.945+0100] {processor.py:161} INFO - Started process (PID=15200) to work on /home/ubuntu/.local/lib/python3.10/site-packages/airflow/example_dags/tutorial_objectstorage.py
[2024-02-08T03:18:58.950+0100] {processor.py:830} INFO - Processing file /home/ubuntu/.local/lib/python3.10/site-packages/airflow/example_dags/tutorial_objectstorage.py for tasks to queue
[2024-02-08T03:18:58.953+0100] {logging_mixin.py:188} INFO - [2024-02-08T03:18:58.952+0100] {dagbag.py:538} INFO - Filling up the DagBag from /home/ubuntu/.local/lib/python3.10/site-packages/airflow/example_dags/tutorial_objectstorage.py
[2024-02-08T03:18:58.967+0100] {processor.py:840} INFO - DAG(s) 'tutorial_objectstorage' retrieved from /home/ubuntu/.local/lib/python3.10/site-packages/airflow/example_dags/tutorial_objectstorage.py
[2024-02-08T03:18:58.998+0100] {logging_mixin.py:188} INFO - [2024-02-08T03:18:58.998+0100] {dag.py:3033} INFO - Sync 1 DAGs
[2024-02-08T03:18:59.027+0100] {logging_mixin.py:188} INFO - [2024-02-08T03:18:59.027+0100] {dag.py:3820} INFO - Setting next_dagrun for tutorial_objectstorage to None, run_after=None
[2024-02-08T03:18:59.078+0100] {processor.py:183} INFO - Processing /home/ubuntu/.local/lib/python3.10/site-packages/airflow/example_dags/tutorial_objectstorage.py took 0.141 seconds
[2024-02-08T03:20:11.972+0100] {processor.py:161} INFO - Started process (PID=15322) to work on /home/ubuntu/.local/lib/python3.10/site-packages/airflow/example_dags/tutorial_objectstorage.py
[2024-02-08T03:20:11.976+0100] {processor.py:830} INFO - Processing file /home/ubuntu/.local/lib/python3.10/site-packages/airflow/example_dags/tutorial_objectstorage.py for tasks to queue
[2024-02-08T03:20:11.978+0100] {logging_mixin.py:188} INFO - [2024-02-08T03:20:11.977+0100] {dagbag.py:538} INFO - Filling up the DagBag from /home/ubuntu/.local/lib/python3.10/site-packages/airflow/example_dags/tutorial_objectstorage.py
[2024-02-08T03:20:11.989+0100] {processor.py:840} INFO - DAG(s) 'tutorial_objectstorage' retrieved from /home/ubuntu/.local/lib/python3.10/site-packages/airflow/example_dags/tutorial_objectstorage.py
[2024-02-08T03:20:12.013+0100] {logging_mixin.py:188} INFO - [2024-02-08T03:20:12.012+0100] {dag.py:3033} INFO - Sync 1 DAGs
[2024-02-08T03:20:12.027+0100] {logging_mixin.py:188} INFO - [2024-02-08T03:20:12.026+0100] {dag.py:3820} INFO - Setting next_dagrun for tutorial_objectstorage to None, run_after=None
[2024-02-08T03:20:12.068+0100] {processor.py:183} INFO - Processing /home/ubuntu/.local/lib/python3.10/site-packages/airflow/example_dags/tutorial_objectstorage.py took 0.100 seconds
[2024-02-08T03:21:19.406+0100] {processor.py:161} INFO - Started process (PID=15382) to work on /home/ubuntu/.local/lib/python3.10/site-packages/airflow/example_dags/tutorial_objectstorage.py
[2024-02-08T03:21:19.411+0100] {processor.py:830} INFO - Processing file /home/ubuntu/.local/lib/python3.10/site-packages/airflow/example_dags/tutorial_objectstorage.py for tasks to queue
[2024-02-08T03:21:19.412+0100] {logging_mixin.py:188} INFO - [2024-02-08T03:21:19.412+0100] {dagbag.py:538} INFO - Filling up the DagBag from /home/ubuntu/.local/lib/python3.10/site-packages/airflow/example_dags/tutorial_objectstorage.py
[2024-02-08T03:21:19.424+0100] {processor.py:840} INFO - DAG(s) 'tutorial_objectstorage' retrieved from /home/ubuntu/.local/lib/python3.10/site-packages/airflow/example_dags/tutorial_objectstorage.py
[2024-02-08T03:21:19.448+0100] {logging_mixin.py:188} INFO - [2024-02-08T03:21:19.447+0100] {dag.py:3033} INFO - Sync 1 DAGs
[2024-02-08T03:21:19.462+0100] {logging_mixin.py:188} INFO - [2024-02-08T03:21:19.462+0100] {dag.py:3820} INFO - Setting next_dagrun for tutorial_objectstorage to None, run_after=None
[2024-02-08T03:21:19.497+0100] {processor.py:183} INFO - Processing /home/ubuntu/.local/lib/python3.10/site-packages/airflow/example_dags/tutorial_objectstorage.py took 0.096 seconds
[2024-02-08T03:22:25.382+0100] {processor.py:161} INFO - Started process (PID=15440) to work on /home/ubuntu/.local/lib/python3.10/site-packages/airflow/example_dags/tutorial_objectstorage.py
[2024-02-08T03:22:25.386+0100] {processor.py:830} INFO - Processing file /home/ubuntu/.local/lib/python3.10/site-packages/airflow/example_dags/tutorial_objectstorage.py for tasks to queue
[2024-02-08T03:22:25.388+0100] {logging_mixin.py:188} INFO - [2024-02-08T03:22:25.387+0100] {dagbag.py:538} INFO - Filling up the DagBag from /home/ubuntu/.local/lib/python3.10/site-packages/airflow/example_dags/tutorial_objectstorage.py
[2024-02-08T03:22:25.401+0100] {processor.py:840} INFO - DAG(s) 'tutorial_objectstorage' retrieved from /home/ubuntu/.local/lib/python3.10/site-packages/airflow/example_dags/tutorial_objectstorage.py
[2024-02-08T03:22:25.427+0100] {logging_mixin.py:188} INFO - [2024-02-08T03:22:25.427+0100] {dag.py:3033} INFO - Sync 1 DAGs
[2024-02-08T03:22:25.442+0100] {logging_mixin.py:188} INFO - [2024-02-08T03:22:25.442+0100] {dag.py:3820} INFO - Setting next_dagrun for tutorial_objectstorage to None, run_after=None
[2024-02-08T03:22:25.474+0100] {processor.py:183} INFO - Processing /home/ubuntu/.local/lib/python3.10/site-packages/airflow/example_dags/tutorial_objectstorage.py took 0.097 seconds
[2024-02-08T03:23:29.803+0100] {processor.py:161} INFO - Started process (PID=15518) to work on /home/ubuntu/.local/lib/python3.10/site-packages/airflow/example_dags/tutorial_objectstorage.py
[2024-02-08T03:23:29.806+0100] {processor.py:830} INFO - Processing file /home/ubuntu/.local/lib/python3.10/site-packages/airflow/example_dags/tutorial_objectstorage.py for tasks to queue
[2024-02-08T03:23:29.808+0100] {logging_mixin.py:188} INFO - [2024-02-08T03:23:29.808+0100] {dagbag.py:538} INFO - Filling up the DagBag from /home/ubuntu/.local/lib/python3.10/site-packages/airflow/example_dags/tutorial_objectstorage.py
[2024-02-08T03:23:29.841+0100] {processor.py:840} INFO - DAG(s) 'tutorial_objectstorage' retrieved from /home/ubuntu/.local/lib/python3.10/site-packages/airflow/example_dags/tutorial_objectstorage.py
[2024-02-08T03:23:29.868+0100] {logging_mixin.py:188} INFO - [2024-02-08T03:23:29.867+0100] {dag.py:3033} INFO - Sync 1 DAGs
[2024-02-08T03:23:29.885+0100] {logging_mixin.py:188} INFO - [2024-02-08T03:23:29.885+0100] {dag.py:3820} INFO - Setting next_dagrun for tutorial_objectstorage to None, run_after=None
[2024-02-08T03:23:29.924+0100] {processor.py:183} INFO - Processing /home/ubuntu/.local/lib/python3.10/site-packages/airflow/example_dags/tutorial_objectstorage.py took 0.127 seconds
[2024-02-08T03:25:00.378+0100] {processor.py:161} INFO - Started process (PID=15639) to work on /home/ubuntu/.local/lib/python3.10/site-packages/airflow/example_dags/tutorial_objectstorage.py
[2024-02-08T03:25:00.384+0100] {processor.py:830} INFO - Processing file /home/ubuntu/.local/lib/python3.10/site-packages/airflow/example_dags/tutorial_objectstorage.py for tasks to queue
[2024-02-08T03:25:00.386+0100] {logging_mixin.py:188} INFO - [2024-02-08T03:25:00.385+0100] {dagbag.py:538} INFO - Filling up the DagBag from /home/ubuntu/.local/lib/python3.10/site-packages/airflow/example_dags/tutorial_objectstorage.py
[2024-02-08T03:25:00.406+0100] {processor.py:840} INFO - DAG(s) 'tutorial_objectstorage' retrieved from /home/ubuntu/.local/lib/python3.10/site-packages/airflow/example_dags/tutorial_objectstorage.py
[2024-02-08T03:25:00.438+0100] {logging_mixin.py:188} INFO - [2024-02-08T03:25:00.437+0100] {dag.py:3033} INFO - Sync 1 DAGs
[2024-02-08T03:25:00.462+0100] {logging_mixin.py:188} INFO - [2024-02-08T03:25:00.461+0100] {dag.py:3820} INFO - Setting next_dagrun for tutorial_objectstorage to None, run_after=None
[2024-02-08T03:25:00.515+0100] {processor.py:183} INFO - Processing /home/ubuntu/.local/lib/python3.10/site-packages/airflow/example_dags/tutorial_objectstorage.py took 0.143 seconds
