[2024-02-08T02:46:10.324+0100] {processor.py:161} INFO - Started process (PID=12307) to work on /home/ubuntu/.local/lib/python3.10/site-packages/airflow/example_dags/tutorial.py
[2024-02-08T02:46:10.325+0100] {processor.py:830} INFO - Processing file /home/ubuntu/.local/lib/python3.10/site-packages/airflow/example_dags/tutorial.py for tasks to queue
[2024-02-08T02:46:10.327+0100] {logging_mixin.py:188} INFO - [2024-02-08T02:46:10.326+0100] {dagbag.py:538} INFO - Filling up the DagBag from /home/ubuntu/.local/lib/python3.10/site-packages/airflow/example_dags/tutorial.py
[2024-02-08T02:46:10.368+0100] {processor.py:840} INFO - DAG(s) 'tutorial' retrieved from /home/ubuntu/.local/lib/python3.10/site-packages/airflow/example_dags/tutorial.py
[2024-02-08T02:46:10.387+0100] {logging_mixin.py:188} INFO - [2024-02-08T02:46:10.387+0100] {dag.py:3033} INFO - Sync 1 DAGs
[2024-02-08T02:46:10.448+0100] {logging_mixin.py:188} INFO - [2024-02-08T02:46:10.447+0100] {dag.py:3820} INFO - Setting next_dagrun for tutorial to 2024-02-07T00:00:00+00:00, run_after=2024-02-08T00:00:00+00:00
[2024-02-08T02:46:10.614+0100] {processor.py:183} INFO - Processing /home/ubuntu/.local/lib/python3.10/site-packages/airflow/example_dags/tutorial.py took 0.296 seconds
[2024-02-08T02:47:56.471+0100] {processor.py:161} INFO - Started process (PID=12457) to work on /home/ubuntu/.local/lib/python3.10/site-packages/airflow/example_dags/tutorial.py
[2024-02-08T02:47:56.474+0100] {processor.py:830} INFO - Processing file /home/ubuntu/.local/lib/python3.10/site-packages/airflow/example_dags/tutorial.py for tasks to queue
[2024-02-08T02:47:56.476+0100] {logging_mixin.py:188} INFO - [2024-02-08T02:47:56.475+0100] {dagbag.py:538} INFO - Filling up the DagBag from /home/ubuntu/.local/lib/python3.10/site-packages/airflow/example_dags/tutorial.py
[2024-02-08T02:47:56.491+0100] {processor.py:840} INFO - DAG(s) 'tutorial' retrieved from /home/ubuntu/.local/lib/python3.10/site-packages/airflow/example_dags/tutorial.py
[2024-02-08T02:47:56.603+0100] {logging_mixin.py:188} INFO - [2024-02-08T02:47:56.603+0100] {dag.py:3033} INFO - Sync 1 DAGs
[2024-02-08T02:47:56.626+0100] {logging_mixin.py:188} INFO - [2024-02-08T02:47:56.626+0100] {dag.py:3820} INFO - Setting next_dagrun for tutorial to 2024-02-07T00:00:00+00:00, run_after=2024-02-08T00:00:00+00:00
[2024-02-08T02:47:56.682+0100] {processor.py:183} INFO - Processing /home/ubuntu/.local/lib/python3.10/site-packages/airflow/example_dags/tutorial.py took 0.216 seconds
[2024-02-08T02:48:52.819+0100] {processor.py:161} INFO - Started process (PID=13042) to work on /home/ubuntu/.local/lib/python3.10/site-packages/airflow/example_dags/tutorial.py
[2024-02-08T02:48:52.845+0100] {processor.py:830} INFO - Processing file /home/ubuntu/.local/lib/python3.10/site-packages/airflow/example_dags/tutorial.py for tasks to queue
[2024-02-08T02:48:52.847+0100] {logging_mixin.py:188} INFO - [2024-02-08T02:48:52.846+0100] {dagbag.py:538} INFO - Filling up the DagBag from /home/ubuntu/.local/lib/python3.10/site-packages/airflow/example_dags/tutorial.py
[2024-02-08T02:48:52.867+0100] {processor.py:840} INFO - DAG(s) 'tutorial' retrieved from /home/ubuntu/.local/lib/python3.10/site-packages/airflow/example_dags/tutorial.py
[2024-02-08T02:48:52.899+0100] {logging_mixin.py:188} INFO - [2024-02-08T02:48:52.898+0100] {dag.py:3033} INFO - Sync 1 DAGs
[2024-02-08T02:48:52.942+0100] {logging_mixin.py:188} INFO - [2024-02-08T02:48:52.941+0100] {dag.py:3820} INFO - Setting next_dagrun for tutorial to 2024-02-07T00:00:00+00:00, run_after=2024-02-08T00:00:00+00:00
[2024-02-08T02:48:53.177+0100] {processor.py:183} INFO - Processing /home/ubuntu/.local/lib/python3.10/site-packages/airflow/example_dags/tutorial.py took 0.363 seconds
[2024-02-08T02:49:41.302+0100] {processor.py:161} INFO - Started process (PID=13116) to work on /home/ubuntu/.local/lib/python3.10/site-packages/airflow/example_dags/tutorial.py
[2024-02-08T02:49:41.305+0100] {processor.py:830} INFO - Processing file /home/ubuntu/.local/lib/python3.10/site-packages/airflow/example_dags/tutorial.py for tasks to queue
[2024-02-08T02:49:41.306+0100] {logging_mixin.py:188} INFO - [2024-02-08T02:49:41.306+0100] {dagbag.py:538} INFO - Filling up the DagBag from /home/ubuntu/.local/lib/python3.10/site-packages/airflow/example_dags/tutorial.py
[2024-02-08T02:49:41.320+0100] {processor.py:840} INFO - DAG(s) 'tutorial' retrieved from /home/ubuntu/.local/lib/python3.10/site-packages/airflow/example_dags/tutorial.py
[2024-02-08T02:49:41.363+0100] {logging_mixin.py:188} INFO - [2024-02-08T02:49:41.363+0100] {dag.py:3033} INFO - Sync 1 DAGs
[2024-02-08T02:49:41.400+0100] {logging_mixin.py:188} INFO - [2024-02-08T02:49:41.400+0100] {dag.py:3820} INFO - Setting next_dagrun for tutorial to 2024-02-07T00:00:00+00:00, run_after=2024-02-08T00:00:00+00:00
[2024-02-08T02:49:41.518+0100] {processor.py:183} INFO - Processing /home/ubuntu/.local/lib/python3.10/site-packages/airflow/example_dags/tutorial.py took 0.226 seconds
[2024-02-08T02:50:42.240+0100] {processor.py:161} INFO - Started process (PID=13629) to work on /home/ubuntu/.local/lib/python3.10/site-packages/airflow/example_dags/tutorial.py
[2024-02-08T02:50:42.245+0100] {processor.py:830} INFO - Processing file /home/ubuntu/.local/lib/python3.10/site-packages/airflow/example_dags/tutorial.py for tasks to queue
[2024-02-08T02:50:42.247+0100] {logging_mixin.py:188} INFO - [2024-02-08T02:50:42.246+0100] {dagbag.py:538} INFO - Filling up the DagBag from /home/ubuntu/.local/lib/python3.10/site-packages/airflow/example_dags/tutorial.py
[2024-02-08T02:50:42.261+0100] {processor.py:840} INFO - DAG(s) 'tutorial' retrieved from /home/ubuntu/.local/lib/python3.10/site-packages/airflow/example_dags/tutorial.py
[2024-02-08T02:50:42.296+0100] {logging_mixin.py:188} INFO - [2024-02-08T02:50:42.296+0100] {dag.py:3033} INFO - Sync 1 DAGs
[2024-02-08T02:50:42.323+0100] {logging_mixin.py:188} INFO - [2024-02-08T02:50:42.322+0100] {dag.py:3820} INFO - Setting next_dagrun for tutorial to 2024-02-07T00:00:00+00:00, run_after=2024-02-08T00:00:00+00:00
[2024-02-08T02:50:42.369+0100] {processor.py:183} INFO - Processing /home/ubuntu/.local/lib/python3.10/site-packages/airflow/example_dags/tutorial.py took 0.136 seconds
[2024-02-08T02:51:24.874+0100] {processor.py:161} INFO - Started process (PID=13672) to work on /home/ubuntu/.local/lib/python3.10/site-packages/airflow/example_dags/tutorial.py
[2024-02-08T02:51:24.877+0100] {processor.py:830} INFO - Processing file /home/ubuntu/.local/lib/python3.10/site-packages/airflow/example_dags/tutorial.py for tasks to queue
[2024-02-08T02:51:24.884+0100] {logging_mixin.py:188} INFO - [2024-02-08T02:51:24.884+0100] {dagbag.py:538} INFO - Filling up the DagBag from /home/ubuntu/.local/lib/python3.10/site-packages/airflow/example_dags/tutorial.py
[2024-02-08T02:51:24.909+0100] {processor.py:840} INFO - DAG(s) 'tutorial' retrieved from /home/ubuntu/.local/lib/python3.10/site-packages/airflow/example_dags/tutorial.py
[2024-02-08T02:51:24.927+0100] {logging_mixin.py:188} INFO - [2024-02-08T02:51:24.927+0100] {dag.py:3033} INFO - Sync 1 DAGs
[2024-02-08T02:51:24.949+0100] {logging_mixin.py:188} INFO - [2024-02-08T02:51:24.949+0100] {dag.py:3820} INFO - Setting next_dagrun for tutorial to 2024-02-07T00:00:00+00:00, run_after=2024-02-08T00:00:00+00:00
[2024-02-08T02:51:24.981+0100] {processor.py:183} INFO - Processing /home/ubuntu/.local/lib/python3.10/site-packages/airflow/example_dags/tutorial.py took 0.111 seconds
[2024-02-08T02:52:02.502+0100] {processor.py:161} INFO - Started process (PID=13713) to work on /home/ubuntu/.local/lib/python3.10/site-packages/airflow/example_dags/tutorial.py
[2024-02-08T02:52:02.507+0100] {processor.py:830} INFO - Processing file /home/ubuntu/.local/lib/python3.10/site-packages/airflow/example_dags/tutorial.py for tasks to queue
[2024-02-08T02:52:02.509+0100] {logging_mixin.py:188} INFO - [2024-02-08T02:52:02.508+0100] {dagbag.py:538} INFO - Filling up the DagBag from /home/ubuntu/.local/lib/python3.10/site-packages/airflow/example_dags/tutorial.py
[2024-02-08T02:52:02.524+0100] {processor.py:840} INFO - DAG(s) 'tutorial' retrieved from /home/ubuntu/.local/lib/python3.10/site-packages/airflow/example_dags/tutorial.py
[2024-02-08T02:52:02.559+0100] {logging_mixin.py:188} INFO - [2024-02-08T02:52:02.559+0100] {dag.py:3033} INFO - Sync 1 DAGs
[2024-02-08T02:52:02.583+0100] {logging_mixin.py:188} INFO - [2024-02-08T02:52:02.583+0100] {dag.py:3820} INFO - Setting next_dagrun for tutorial to 2024-02-07T00:00:00+00:00, run_after=2024-02-08T00:00:00+00:00
[2024-02-08T02:52:02.615+0100] {processor.py:183} INFO - Processing /home/ubuntu/.local/lib/python3.10/site-packages/airflow/example_dags/tutorial.py took 0.118 seconds
[2024-02-08T02:53:00.623+0100] {processor.py:161} INFO - Started process (PID=13790) to work on /home/ubuntu/.local/lib/python3.10/site-packages/airflow/example_dags/tutorial.py
[2024-02-08T02:53:00.626+0100] {processor.py:830} INFO - Processing file /home/ubuntu/.local/lib/python3.10/site-packages/airflow/example_dags/tutorial.py for tasks to queue
[2024-02-08T02:53:00.627+0100] {logging_mixin.py:188} INFO - [2024-02-08T02:53:00.627+0100] {dagbag.py:538} INFO - Filling up the DagBag from /home/ubuntu/.local/lib/python3.10/site-packages/airflow/example_dags/tutorial.py
[2024-02-08T02:53:00.656+0100] {processor.py:840} INFO - DAG(s) 'tutorial' retrieved from /home/ubuntu/.local/lib/python3.10/site-packages/airflow/example_dags/tutorial.py
[2024-02-08T02:53:00.858+0100] {logging_mixin.py:188} INFO - [2024-02-08T02:53:00.858+0100] {dag.py:3033} INFO - Sync 1 DAGs
[2024-02-08T02:53:01.007+0100] {logging_mixin.py:188} INFO - [2024-02-08T02:53:01.007+0100] {dag.py:3820} INFO - Setting next_dagrun for tutorial to 2024-02-07T00:00:00+00:00, run_after=2024-02-08T00:00:00+00:00
[2024-02-08T02:53:01.173+0100] {processor.py:183} INFO - Processing /home/ubuntu/.local/lib/python3.10/site-packages/airflow/example_dags/tutorial.py took 0.588 seconds
[2024-02-08T02:53:40.628+0100] {processor.py:161} INFO - Started process (PID=13829) to work on /home/ubuntu/.local/lib/python3.10/site-packages/airflow/example_dags/tutorial.py
[2024-02-08T02:53:40.632+0100] {processor.py:830} INFO - Processing file /home/ubuntu/.local/lib/python3.10/site-packages/airflow/example_dags/tutorial.py for tasks to queue
[2024-02-08T02:53:40.634+0100] {logging_mixin.py:188} INFO - [2024-02-08T02:53:40.633+0100] {dagbag.py:538} INFO - Filling up the DagBag from /home/ubuntu/.local/lib/python3.10/site-packages/airflow/example_dags/tutorial.py
[2024-02-08T02:53:40.646+0100] {processor.py:840} INFO - DAG(s) 'tutorial' retrieved from /home/ubuntu/.local/lib/python3.10/site-packages/airflow/example_dags/tutorial.py
[2024-02-08T02:53:40.693+0100] {logging_mixin.py:188} INFO - [2024-02-08T02:53:40.693+0100] {dag.py:3033} INFO - Sync 1 DAGs
[2024-02-08T02:53:40.724+0100] {logging_mixin.py:188} INFO - [2024-02-08T02:53:40.724+0100] {dag.py:3820} INFO - Setting next_dagrun for tutorial to 2024-02-07T00:00:00+00:00, run_after=2024-02-08T00:00:00+00:00
[2024-02-08T02:53:40.792+0100] {processor.py:183} INFO - Processing /home/ubuntu/.local/lib/python3.10/site-packages/airflow/example_dags/tutorial.py took 0.173 seconds
[2024-02-08T02:56:12.773+0100] {processor.py:161} INFO - Started process (PID=13911) to work on /home/ubuntu/.local/lib/python3.10/site-packages/airflow/example_dags/tutorial.py
[2024-02-08T02:56:12.792+0100] {processor.py:830} INFO - Processing file /home/ubuntu/.local/lib/python3.10/site-packages/airflow/example_dags/tutorial.py for tasks to queue
[2024-02-08T02:56:12.793+0100] {logging_mixin.py:188} INFO - [2024-02-08T02:56:12.792+0100] {dagbag.py:538} INFO - Filling up the DagBag from /home/ubuntu/.local/lib/python3.10/site-packages/airflow/example_dags/tutorial.py
[2024-02-08T02:56:12.821+0100] {processor.py:840} INFO - DAG(s) 'tutorial' retrieved from /home/ubuntu/.local/lib/python3.10/site-packages/airflow/example_dags/tutorial.py
[2024-02-08T02:56:12.898+0100] {logging_mixin.py:188} INFO - [2024-02-08T02:56:12.898+0100] {dag.py:3033} INFO - Sync 1 DAGs
[2024-02-08T02:56:12.950+0100] {logging_mixin.py:188} INFO - [2024-02-08T02:56:12.950+0100] {dag.py:3820} INFO - Setting next_dagrun for tutorial to 2024-02-07T00:00:00+00:00, run_after=2024-02-08T00:00:00+00:00
[2024-02-08T02:56:13.037+0100] {processor.py:183} INFO - Processing /home/ubuntu/.local/lib/python3.10/site-packages/airflow/example_dags/tutorial.py took 0.284 seconds
[2024-02-08T02:58:47.855+0100] {processor.py:161} INFO - Started process (PID=13992) to work on /home/ubuntu/.local/lib/python3.10/site-packages/airflow/example_dags/tutorial.py
[2024-02-08T02:58:47.859+0100] {processor.py:830} INFO - Processing file /home/ubuntu/.local/lib/python3.10/site-packages/airflow/example_dags/tutorial.py for tasks to queue
[2024-02-08T02:58:47.861+0100] {logging_mixin.py:188} INFO - [2024-02-08T02:58:47.860+0100] {dagbag.py:538} INFO - Filling up the DagBag from /home/ubuntu/.local/lib/python3.10/site-packages/airflow/example_dags/tutorial.py
[2024-02-08T02:58:47.874+0100] {processor.py:840} INFO - DAG(s) 'tutorial' retrieved from /home/ubuntu/.local/lib/python3.10/site-packages/airflow/example_dags/tutorial.py
[2024-02-08T02:58:47.911+0100] {logging_mixin.py:188} INFO - [2024-02-08T02:58:47.911+0100] {dag.py:3033} INFO - Sync 1 DAGs
[2024-02-08T02:58:47.971+0100] {logging_mixin.py:188} INFO - [2024-02-08T02:58:47.963+0100] {dag.py:3820} INFO - Setting next_dagrun for tutorial to 2024-02-07T00:00:00+00:00, run_after=2024-02-08T00:00:00+00:00
[2024-02-08T02:58:48.094+0100] {processor.py:183} INFO - Processing /home/ubuntu/.local/lib/python3.10/site-packages/airflow/example_dags/tutorial.py took 0.260 seconds
[2024-02-08T03:00:57.800+0100] {processor.py:161} INFO - Started process (PID=14063) to work on /home/ubuntu/.local/lib/python3.10/site-packages/airflow/example_dags/tutorial.py
[2024-02-08T03:00:57.807+0100] {processor.py:830} INFO - Processing file /home/ubuntu/.local/lib/python3.10/site-packages/airflow/example_dags/tutorial.py for tasks to queue
[2024-02-08T03:00:57.813+0100] {logging_mixin.py:188} INFO - [2024-02-08T03:00:57.812+0100] {dagbag.py:538} INFO - Filling up the DagBag from /home/ubuntu/.local/lib/python3.10/site-packages/airflow/example_dags/tutorial.py
[2024-02-08T03:00:57.832+0100] {processor.py:840} INFO - DAG(s) 'tutorial' retrieved from /home/ubuntu/.local/lib/python3.10/site-packages/airflow/example_dags/tutorial.py
[2024-02-08T03:00:57.866+0100] {logging_mixin.py:188} INFO - [2024-02-08T03:00:57.866+0100] {dag.py:3033} INFO - Sync 1 DAGs
[2024-02-08T03:00:57.913+0100] {logging_mixin.py:188} INFO - [2024-02-08T03:00:57.913+0100] {dag.py:3820} INFO - Setting next_dagrun for tutorial to 2024-02-07T00:00:00+00:00, run_after=2024-02-08T00:00:00+00:00
[2024-02-08T03:00:58.048+0100] {processor.py:183} INFO - Processing /home/ubuntu/.local/lib/python3.10/site-packages/airflow/example_dags/tutorial.py took 0.253 seconds
[2024-02-08T03:01:52.457+0100] {processor.py:161} INFO - Started process (PID=14144) to work on /home/ubuntu/.local/lib/python3.10/site-packages/airflow/example_dags/tutorial.py
[2024-02-08T03:01:52.461+0100] {processor.py:830} INFO - Processing file /home/ubuntu/.local/lib/python3.10/site-packages/airflow/example_dags/tutorial.py for tasks to queue
[2024-02-08T03:01:52.464+0100] {logging_mixin.py:188} INFO - [2024-02-08T03:01:52.463+0100] {dagbag.py:538} INFO - Filling up the DagBag from /home/ubuntu/.local/lib/python3.10/site-packages/airflow/example_dags/tutorial.py
[2024-02-08T03:01:52.481+0100] {processor.py:840} INFO - DAG(s) 'tutorial' retrieved from /home/ubuntu/.local/lib/python3.10/site-packages/airflow/example_dags/tutorial.py
[2024-02-08T03:01:52.507+0100] {logging_mixin.py:188} INFO - [2024-02-08T03:01:52.507+0100] {dag.py:3033} INFO - Sync 1 DAGs
[2024-02-08T03:01:52.538+0100] {logging_mixin.py:188} INFO - [2024-02-08T03:01:52.538+0100] {dag.py:3820} INFO - Setting next_dagrun for tutorial to 2024-02-07T00:00:00+00:00, run_after=2024-02-08T00:00:00+00:00
[2024-02-08T03:01:52.683+0100] {processor.py:183} INFO - Processing /home/ubuntu/.local/lib/python3.10/site-packages/airflow/example_dags/tutorial.py took 0.233 seconds
[2024-02-08T03:03:04.160+0100] {processor.py:161} INFO - Started process (PID=14223) to work on /home/ubuntu/.local/lib/python3.10/site-packages/airflow/example_dags/tutorial.py
[2024-02-08T03:03:04.163+0100] {processor.py:830} INFO - Processing file /home/ubuntu/.local/lib/python3.10/site-packages/airflow/example_dags/tutorial.py for tasks to queue
[2024-02-08T03:03:04.166+0100] {logging_mixin.py:188} INFO - [2024-02-08T03:03:04.165+0100] {dagbag.py:538} INFO - Filling up the DagBag from /home/ubuntu/.local/lib/python3.10/site-packages/airflow/example_dags/tutorial.py
[2024-02-08T03:03:04.181+0100] {processor.py:840} INFO - DAG(s) 'tutorial' retrieved from /home/ubuntu/.local/lib/python3.10/site-packages/airflow/example_dags/tutorial.py
[2024-02-08T03:03:04.216+0100] {logging_mixin.py:188} INFO - [2024-02-08T03:03:04.216+0100] {dag.py:3033} INFO - Sync 1 DAGs
[2024-02-08T03:03:04.240+0100] {logging_mixin.py:188} INFO - [2024-02-08T03:03:04.240+0100] {dag.py:3820} INFO - Setting next_dagrun for tutorial to 2024-02-07T00:00:00+00:00, run_after=2024-02-08T00:00:00+00:00
[2024-02-08T03:03:04.282+0100] {processor.py:183} INFO - Processing /home/ubuntu/.local/lib/python3.10/site-packages/airflow/example_dags/tutorial.py took 0.127 seconds
[2024-02-08T03:03:54.210+0100] {processor.py:161} INFO - Started process (PID=14276) to work on /home/ubuntu/.local/lib/python3.10/site-packages/airflow/example_dags/tutorial.py
[2024-02-08T03:03:54.215+0100] {processor.py:830} INFO - Processing file /home/ubuntu/.local/lib/python3.10/site-packages/airflow/example_dags/tutorial.py for tasks to queue
[2024-02-08T03:03:54.216+0100] {logging_mixin.py:188} INFO - [2024-02-08T03:03:54.216+0100] {dagbag.py:538} INFO - Filling up the DagBag from /home/ubuntu/.local/lib/python3.10/site-packages/airflow/example_dags/tutorial.py
[2024-02-08T03:03:54.228+0100] {processor.py:840} INFO - DAG(s) 'tutorial' retrieved from /home/ubuntu/.local/lib/python3.10/site-packages/airflow/example_dags/tutorial.py
[2024-02-08T03:03:54.248+0100] {logging_mixin.py:188} INFO - [2024-02-08T03:03:54.248+0100] {dag.py:3033} INFO - Sync 1 DAGs
[2024-02-08T03:03:54.274+0100] {logging_mixin.py:188} INFO - [2024-02-08T03:03:54.274+0100] {dag.py:3820} INFO - Setting next_dagrun for tutorial to 2024-02-07T00:00:00+00:00, run_after=2024-02-08T00:00:00+00:00
[2024-02-08T03:03:54.309+0100] {processor.py:183} INFO - Processing /home/ubuntu/.local/lib/python3.10/site-packages/airflow/example_dags/tutorial.py took 0.104 seconds
[2024-02-08T03:05:26.075+0100] {processor.py:161} INFO - Started process (PID=14343) to work on /home/ubuntu/.local/lib/python3.10/site-packages/airflow/example_dags/tutorial.py
[2024-02-08T03:05:26.079+0100] {processor.py:830} INFO - Processing file /home/ubuntu/.local/lib/python3.10/site-packages/airflow/example_dags/tutorial.py for tasks to queue
[2024-02-08T03:05:26.081+0100] {logging_mixin.py:188} INFO - [2024-02-08T03:05:26.080+0100] {dagbag.py:538} INFO - Filling up the DagBag from /home/ubuntu/.local/lib/python3.10/site-packages/airflow/example_dags/tutorial.py
[2024-02-08T03:05:26.095+0100] {processor.py:840} INFO - DAG(s) 'tutorial' retrieved from /home/ubuntu/.local/lib/python3.10/site-packages/airflow/example_dags/tutorial.py
[2024-02-08T03:05:26.117+0100] {logging_mixin.py:188} INFO - [2024-02-08T03:05:26.116+0100] {dag.py:3033} INFO - Sync 1 DAGs
[2024-02-08T03:05:26.143+0100] {logging_mixin.py:188} INFO - [2024-02-08T03:05:26.143+0100] {dag.py:3820} INFO - Setting next_dagrun for tutorial to 2024-02-07T00:00:00+00:00, run_after=2024-02-08T00:00:00+00:00
[2024-02-08T03:05:26.183+0100] {processor.py:183} INFO - Processing /home/ubuntu/.local/lib/python3.10/site-packages/airflow/example_dags/tutorial.py took 0.114 seconds
[2024-02-08T03:06:12.696+0100] {processor.py:161} INFO - Started process (PID=14385) to work on /home/ubuntu/.local/lib/python3.10/site-packages/airflow/example_dags/tutorial.py
[2024-02-08T03:06:12.702+0100] {processor.py:830} INFO - Processing file /home/ubuntu/.local/lib/python3.10/site-packages/airflow/example_dags/tutorial.py for tasks to queue
[2024-02-08T03:06:12.705+0100] {logging_mixin.py:188} INFO - [2024-02-08T03:06:12.704+0100] {dagbag.py:538} INFO - Filling up the DagBag from /home/ubuntu/.local/lib/python3.10/site-packages/airflow/example_dags/tutorial.py
[2024-02-08T03:06:12.718+0100] {processor.py:840} INFO - DAG(s) 'tutorial' retrieved from /home/ubuntu/.local/lib/python3.10/site-packages/airflow/example_dags/tutorial.py
[2024-02-08T03:06:12.741+0100] {logging_mixin.py:188} INFO - [2024-02-08T03:06:12.741+0100] {dag.py:3033} INFO - Sync 1 DAGs
[2024-02-08T03:06:12.767+0100] {logging_mixin.py:188} INFO - [2024-02-08T03:06:12.766+0100] {dag.py:3820} INFO - Setting next_dagrun for tutorial to 2024-02-07T00:00:00+00:00, run_after=2024-02-08T00:00:00+00:00
[2024-02-08T03:06:12.808+0100] {processor.py:183} INFO - Processing /home/ubuntu/.local/lib/python3.10/site-packages/airflow/example_dags/tutorial.py took 0.116 seconds
[2024-02-08T03:07:14.544+0100] {processor.py:161} INFO - Started process (PID=14447) to work on /home/ubuntu/.local/lib/python3.10/site-packages/airflow/example_dags/tutorial.py
[2024-02-08T03:07:14.547+0100] {processor.py:830} INFO - Processing file /home/ubuntu/.local/lib/python3.10/site-packages/airflow/example_dags/tutorial.py for tasks to queue
[2024-02-08T03:07:14.548+0100] {logging_mixin.py:188} INFO - [2024-02-08T03:07:14.548+0100] {dagbag.py:538} INFO - Filling up the DagBag from /home/ubuntu/.local/lib/python3.10/site-packages/airflow/example_dags/tutorial.py
[2024-02-08T03:07:14.563+0100] {processor.py:840} INFO - DAG(s) 'tutorial' retrieved from /home/ubuntu/.local/lib/python3.10/site-packages/airflow/example_dags/tutorial.py
[2024-02-08T03:07:14.588+0100] {logging_mixin.py:188} INFO - [2024-02-08T03:07:14.587+0100] {dag.py:3033} INFO - Sync 1 DAGs
[2024-02-08T03:07:14.617+0100] {logging_mixin.py:188} INFO - [2024-02-08T03:07:14.617+0100] {dag.py:3820} INFO - Setting next_dagrun for tutorial to 2024-02-07T00:00:00+00:00, run_after=2024-02-08T00:00:00+00:00
[2024-02-08T03:07:14.662+0100] {processor.py:183} INFO - Processing /home/ubuntu/.local/lib/python3.10/site-packages/airflow/example_dags/tutorial.py took 0.130 seconds
[2024-02-08T03:07:51.417+0100] {processor.py:161} INFO - Started process (PID=14555) to work on /home/ubuntu/.local/lib/python3.10/site-packages/airflow/example_dags/tutorial.py
[2024-02-08T03:07:51.420+0100] {processor.py:830} INFO - Processing file /home/ubuntu/.local/lib/python3.10/site-packages/airflow/example_dags/tutorial.py for tasks to queue
[2024-02-08T03:07:51.422+0100] {logging_mixin.py:188} INFO - [2024-02-08T03:07:51.421+0100] {dagbag.py:538} INFO - Filling up the DagBag from /home/ubuntu/.local/lib/python3.10/site-packages/airflow/example_dags/tutorial.py
[2024-02-08T03:07:51.435+0100] {processor.py:840} INFO - DAG(s) 'tutorial' retrieved from /home/ubuntu/.local/lib/python3.10/site-packages/airflow/example_dags/tutorial.py
[2024-02-08T03:07:51.465+0100] {logging_mixin.py:188} INFO - [2024-02-08T03:07:51.464+0100] {dag.py:3033} INFO - Sync 1 DAGs
[2024-02-08T03:07:51.492+0100] {logging_mixin.py:188} INFO - [2024-02-08T03:07:51.492+0100] {dag.py:3820} INFO - Setting next_dagrun for tutorial to 2024-02-07T00:00:00+00:00, run_after=2024-02-08T00:00:00+00:00
[2024-02-08T03:07:51.528+0100] {processor.py:183} INFO - Processing /home/ubuntu/.local/lib/python3.10/site-packages/airflow/example_dags/tutorial.py took 0.117 seconds
[2024-02-08T03:08:30.889+0100] {processor.py:161} INFO - Started process (PID=14592) to work on /home/ubuntu/.local/lib/python3.10/site-packages/airflow/example_dags/tutorial.py
[2024-02-08T03:08:30.895+0100] {processor.py:830} INFO - Processing file /home/ubuntu/.local/lib/python3.10/site-packages/airflow/example_dags/tutorial.py for tasks to queue
[2024-02-08T03:08:30.896+0100] {logging_mixin.py:188} INFO - [2024-02-08T03:08:30.896+0100] {dagbag.py:538} INFO - Filling up the DagBag from /home/ubuntu/.local/lib/python3.10/site-packages/airflow/example_dags/tutorial.py
[2024-02-08T03:08:30.909+0100] {processor.py:840} INFO - DAG(s) 'tutorial' retrieved from /home/ubuntu/.local/lib/python3.10/site-packages/airflow/example_dags/tutorial.py
[2024-02-08T03:08:30.931+0100] {logging_mixin.py:188} INFO - [2024-02-08T03:08:30.930+0100] {dag.py:3033} INFO - Sync 1 DAGs
[2024-02-08T03:08:30.954+0100] {logging_mixin.py:188} INFO - [2024-02-08T03:08:30.954+0100] {dag.py:3820} INFO - Setting next_dagrun for tutorial to 2024-02-07T00:00:00+00:00, run_after=2024-02-08T00:00:00+00:00
[2024-02-08T03:08:30.992+0100] {processor.py:183} INFO - Processing /home/ubuntu/.local/lib/python3.10/site-packages/airflow/example_dags/tutorial.py took 0.107 seconds
[2024-02-08T03:09:32.796+0100] {processor.py:161} INFO - Started process (PID=14656) to work on /home/ubuntu/.local/lib/python3.10/site-packages/airflow/example_dags/tutorial.py
[2024-02-08T03:09:32.799+0100] {processor.py:830} INFO - Processing file /home/ubuntu/.local/lib/python3.10/site-packages/airflow/example_dags/tutorial.py for tasks to queue
[2024-02-08T03:09:32.802+0100] {logging_mixin.py:188} INFO - [2024-02-08T03:09:32.801+0100] {dagbag.py:538} INFO - Filling up the DagBag from /home/ubuntu/.local/lib/python3.10/site-packages/airflow/example_dags/tutorial.py
[2024-02-08T03:09:32.821+0100] {processor.py:840} INFO - DAG(s) 'tutorial' retrieved from /home/ubuntu/.local/lib/python3.10/site-packages/airflow/example_dags/tutorial.py
[2024-02-08T03:09:32.847+0100] {logging_mixin.py:188} INFO - [2024-02-08T03:09:32.846+0100] {dag.py:3033} INFO - Sync 1 DAGs
[2024-02-08T03:09:32.877+0100] {logging_mixin.py:188} INFO - [2024-02-08T03:09:32.877+0100] {dag.py:3820} INFO - Setting next_dagrun for tutorial to 2024-02-07T00:00:00+00:00, run_after=2024-02-08T00:00:00+00:00
[2024-02-08T03:09:32.934+0100] {processor.py:183} INFO - Processing /home/ubuntu/.local/lib/python3.10/site-packages/airflow/example_dags/tutorial.py took 0.143 seconds
[2024-02-08T03:10:05.910+0100] {processor.py:161} INFO - Started process (PID=14687) to work on /home/ubuntu/.local/lib/python3.10/site-packages/airflow/example_dags/tutorial.py
[2024-02-08T03:10:05.915+0100] {processor.py:830} INFO - Processing file /home/ubuntu/.local/lib/python3.10/site-packages/airflow/example_dags/tutorial.py for tasks to queue
[2024-02-08T03:10:05.916+0100] {logging_mixin.py:188} INFO - [2024-02-08T03:10:05.915+0100] {dagbag.py:538} INFO - Filling up the DagBag from /home/ubuntu/.local/lib/python3.10/site-packages/airflow/example_dags/tutorial.py
[2024-02-08T03:10:05.930+0100] {processor.py:840} INFO - DAG(s) 'tutorial' retrieved from /home/ubuntu/.local/lib/python3.10/site-packages/airflow/example_dags/tutorial.py
[2024-02-08T03:10:05.960+0100] {logging_mixin.py:188} INFO - [2024-02-08T03:10:05.959+0100] {dag.py:3033} INFO - Sync 1 DAGs
[2024-02-08T03:10:05.996+0100] {logging_mixin.py:188} INFO - [2024-02-08T03:10:05.996+0100] {dag.py:3820} INFO - Setting next_dagrun for tutorial to 2024-02-07T00:00:00+00:00, run_after=2024-02-08T00:00:00+00:00
[2024-02-08T03:10:06.067+0100] {processor.py:183} INFO - Processing /home/ubuntu/.local/lib/python3.10/site-packages/airflow/example_dags/tutorial.py took 0.163 seconds
[2024-02-08T03:10:40.145+0100] {processor.py:161} INFO - Started process (PID=14716) to work on /home/ubuntu/.local/lib/python3.10/site-packages/airflow/example_dags/tutorial.py
[2024-02-08T03:10:40.151+0100] {processor.py:830} INFO - Processing file /home/ubuntu/.local/lib/python3.10/site-packages/airflow/example_dags/tutorial.py for tasks to queue
[2024-02-08T03:10:40.154+0100] {logging_mixin.py:188} INFO - [2024-02-08T03:10:40.153+0100] {dagbag.py:538} INFO - Filling up the DagBag from /home/ubuntu/.local/lib/python3.10/site-packages/airflow/example_dags/tutorial.py
[2024-02-08T03:10:40.171+0100] {processor.py:840} INFO - DAG(s) 'tutorial' retrieved from /home/ubuntu/.local/lib/python3.10/site-packages/airflow/example_dags/tutorial.py
[2024-02-08T03:10:40.200+0100] {logging_mixin.py:188} INFO - [2024-02-08T03:10:40.200+0100] {dag.py:3033} INFO - Sync 1 DAGs
[2024-02-08T03:10:40.238+0100] {logging_mixin.py:188} INFO - [2024-02-08T03:10:40.238+0100] {dag.py:3820} INFO - Setting next_dagrun for tutorial to 2024-02-07T00:00:00+00:00, run_after=2024-02-08T00:00:00+00:00
[2024-02-08T03:10:40.289+0100] {processor.py:183} INFO - Processing /home/ubuntu/.local/lib/python3.10/site-packages/airflow/example_dags/tutorial.py took 0.149 seconds
[2024-02-08T03:11:12.020+0100] {processor.py:161} INFO - Started process (PID=14745) to work on /home/ubuntu/.local/lib/python3.10/site-packages/airflow/example_dags/tutorial.py
[2024-02-08T03:11:12.023+0100] {processor.py:830} INFO - Processing file /home/ubuntu/.local/lib/python3.10/site-packages/airflow/example_dags/tutorial.py for tasks to queue
[2024-02-08T03:11:12.025+0100] {logging_mixin.py:188} INFO - [2024-02-08T03:11:12.024+0100] {dagbag.py:538} INFO - Filling up the DagBag from /home/ubuntu/.local/lib/python3.10/site-packages/airflow/example_dags/tutorial.py
[2024-02-08T03:11:12.046+0100] {processor.py:840} INFO - DAG(s) 'tutorial' retrieved from /home/ubuntu/.local/lib/python3.10/site-packages/airflow/example_dags/tutorial.py
[2024-02-08T03:11:12.080+0100] {logging_mixin.py:188} INFO - [2024-02-08T03:11:12.079+0100] {dag.py:3033} INFO - Sync 1 DAGs
[2024-02-08T03:11:12.117+0100] {logging_mixin.py:188} INFO - [2024-02-08T03:11:12.116+0100] {dag.py:3820} INFO - Setting next_dagrun for tutorial to 2024-02-07T00:00:00+00:00, run_after=2024-02-08T00:00:00+00:00
[2024-02-08T03:11:12.160+0100] {processor.py:183} INFO - Processing /home/ubuntu/.local/lib/python3.10/site-packages/airflow/example_dags/tutorial.py took 0.146 seconds
[2024-02-08T03:11:45.133+0100] {processor.py:161} INFO - Started process (PID=14773) to work on /home/ubuntu/.local/lib/python3.10/site-packages/airflow/example_dags/tutorial.py
[2024-02-08T03:11:45.135+0100] {processor.py:830} INFO - Processing file /home/ubuntu/.local/lib/python3.10/site-packages/airflow/example_dags/tutorial.py for tasks to queue
[2024-02-08T03:11:45.137+0100] {logging_mixin.py:188} INFO - [2024-02-08T03:11:45.137+0100] {dagbag.py:538} INFO - Filling up the DagBag from /home/ubuntu/.local/lib/python3.10/site-packages/airflow/example_dags/tutorial.py
[2024-02-08T03:11:45.157+0100] {processor.py:840} INFO - DAG(s) 'tutorial' retrieved from /home/ubuntu/.local/lib/python3.10/site-packages/airflow/example_dags/tutorial.py
[2024-02-08T03:11:45.190+0100] {logging_mixin.py:188} INFO - [2024-02-08T03:11:45.190+0100] {dag.py:3033} INFO - Sync 1 DAGs
[2024-02-08T03:11:45.221+0100] {logging_mixin.py:188} INFO - [2024-02-08T03:11:45.221+0100] {dag.py:3820} INFO - Setting next_dagrun for tutorial to 2024-02-07T00:00:00+00:00, run_after=2024-02-08T00:00:00+00:00
[2024-02-08T03:11:45.275+0100] {processor.py:183} INFO - Processing /home/ubuntu/.local/lib/python3.10/site-packages/airflow/example_dags/tutorial.py took 0.147 seconds
[2024-02-08T03:12:43.174+0100] {processor.py:161} INFO - Started process (PID=14830) to work on /home/ubuntu/.local/lib/python3.10/site-packages/airflow/example_dags/tutorial.py
[2024-02-08T03:12:43.180+0100] {processor.py:830} INFO - Processing file /home/ubuntu/.local/lib/python3.10/site-packages/airflow/example_dags/tutorial.py for tasks to queue
[2024-02-08T03:12:43.183+0100] {logging_mixin.py:188} INFO - [2024-02-08T03:12:43.182+0100] {dagbag.py:538} INFO - Filling up the DagBag from /home/ubuntu/.local/lib/python3.10/site-packages/airflow/example_dags/tutorial.py
[2024-02-08T03:12:43.195+0100] {processor.py:840} INFO - DAG(s) 'tutorial' retrieved from /home/ubuntu/.local/lib/python3.10/site-packages/airflow/example_dags/tutorial.py
[2024-02-08T03:12:43.221+0100] {logging_mixin.py:188} INFO - [2024-02-08T03:12:43.220+0100] {dag.py:3033} INFO - Sync 1 DAGs
[2024-02-08T03:12:43.267+0100] {logging_mixin.py:188} INFO - [2024-02-08T03:12:43.266+0100] {dag.py:3820} INFO - Setting next_dagrun for tutorial to 2024-02-07T00:00:00+00:00, run_after=2024-02-08T00:00:00+00:00
[2024-02-08T03:12:43.308+0100] {processor.py:183} INFO - Processing /home/ubuntu/.local/lib/python3.10/site-packages/airflow/example_dags/tutorial.py took 0.141 seconds
[2024-02-08T03:13:16.321+0100] {processor.py:161} INFO - Started process (PID=14860) to work on /home/ubuntu/.local/lib/python3.10/site-packages/airflow/example_dags/tutorial.py
[2024-02-08T03:13:16.325+0100] {processor.py:830} INFO - Processing file /home/ubuntu/.local/lib/python3.10/site-packages/airflow/example_dags/tutorial.py for tasks to queue
[2024-02-08T03:13:16.326+0100] {logging_mixin.py:188} INFO - [2024-02-08T03:13:16.326+0100] {dagbag.py:538} INFO - Filling up the DagBag from /home/ubuntu/.local/lib/python3.10/site-packages/airflow/example_dags/tutorial.py
[2024-02-08T03:13:16.342+0100] {processor.py:840} INFO - DAG(s) 'tutorial' retrieved from /home/ubuntu/.local/lib/python3.10/site-packages/airflow/example_dags/tutorial.py
[2024-02-08T03:13:16.374+0100] {logging_mixin.py:188} INFO - [2024-02-08T03:13:16.373+0100] {dag.py:3033} INFO - Sync 1 DAGs
[2024-02-08T03:13:16.418+0100] {logging_mixin.py:188} INFO - [2024-02-08T03:13:16.418+0100] {dag.py:3820} INFO - Setting next_dagrun for tutorial to 2024-02-07T00:00:00+00:00, run_after=2024-02-08T00:00:00+00:00
[2024-02-08T03:13:16.474+0100] {processor.py:183} INFO - Processing /home/ubuntu/.local/lib/python3.10/site-packages/airflow/example_dags/tutorial.py took 0.158 seconds
[2024-02-08T03:14:15.117+0100] {processor.py:161} INFO - Started process (PID=14920) to work on /home/ubuntu/.local/lib/python3.10/site-packages/airflow/example_dags/tutorial.py
[2024-02-08T03:14:15.121+0100] {processor.py:830} INFO - Processing file /home/ubuntu/.local/lib/python3.10/site-packages/airflow/example_dags/tutorial.py for tasks to queue
[2024-02-08T03:14:15.125+0100] {logging_mixin.py:188} INFO - [2024-02-08T03:14:15.122+0100] {dagbag.py:538} INFO - Filling up the DagBag from /home/ubuntu/.local/lib/python3.10/site-packages/airflow/example_dags/tutorial.py
[2024-02-08T03:14:15.142+0100] {processor.py:840} INFO - DAG(s) 'tutorial' retrieved from /home/ubuntu/.local/lib/python3.10/site-packages/airflow/example_dags/tutorial.py
[2024-02-08T03:14:15.162+0100] {logging_mixin.py:188} INFO - [2024-02-08T03:14:15.161+0100] {dag.py:3033} INFO - Sync 1 DAGs
[2024-02-08T03:14:15.184+0100] {logging_mixin.py:188} INFO - [2024-02-08T03:14:15.183+0100] {dag.py:3820} INFO - Setting next_dagrun for tutorial to 2024-02-07T00:00:00+00:00, run_after=2024-02-08T00:00:00+00:00
[2024-02-08T03:14:15.230+0100] {processor.py:183} INFO - Processing /home/ubuntu/.local/lib/python3.10/site-packages/airflow/example_dags/tutorial.py took 0.119 seconds
[2024-02-08T03:14:48.364+0100] {processor.py:161} INFO - Started process (PID=14954) to work on /home/ubuntu/.local/lib/python3.10/site-packages/airflow/example_dags/tutorial.py
[2024-02-08T03:14:48.365+0100] {processor.py:830} INFO - Processing file /home/ubuntu/.local/lib/python3.10/site-packages/airflow/example_dags/tutorial.py for tasks to queue
[2024-02-08T03:14:48.369+0100] {logging_mixin.py:188} INFO - [2024-02-08T03:14:48.368+0100] {dagbag.py:538} INFO - Filling up the DagBag from /home/ubuntu/.local/lib/python3.10/site-packages/airflow/example_dags/tutorial.py
[2024-02-08T03:14:48.387+0100] {processor.py:840} INFO - DAG(s) 'tutorial' retrieved from /home/ubuntu/.local/lib/python3.10/site-packages/airflow/example_dags/tutorial.py
[2024-02-08T03:14:48.414+0100] {logging_mixin.py:188} INFO - [2024-02-08T03:14:48.414+0100] {dag.py:3033} INFO - Sync 1 DAGs
[2024-02-08T03:14:48.447+0100] {logging_mixin.py:188} INFO - [2024-02-08T03:14:48.446+0100] {dag.py:3820} INFO - Setting next_dagrun for tutorial to 2024-02-07T00:00:00+00:00, run_after=2024-02-08T00:00:00+00:00
[2024-02-08T03:14:48.501+0100] {processor.py:183} INFO - Processing /home/ubuntu/.local/lib/python3.10/site-packages/airflow/example_dags/tutorial.py took 0.143 seconds
[2024-02-08T03:15:49.650+0100] {processor.py:161} INFO - Started process (PID=15017) to work on /home/ubuntu/.local/lib/python3.10/site-packages/airflow/example_dags/tutorial.py
[2024-02-08T03:15:49.657+0100] {processor.py:830} INFO - Processing file /home/ubuntu/.local/lib/python3.10/site-packages/airflow/example_dags/tutorial.py for tasks to queue
[2024-02-08T03:15:49.659+0100] {logging_mixin.py:188} INFO - [2024-02-08T03:15:49.658+0100] {dagbag.py:538} INFO - Filling up the DagBag from /home/ubuntu/.local/lib/python3.10/site-packages/airflow/example_dags/tutorial.py
[2024-02-08T03:15:49.676+0100] {processor.py:840} INFO - DAG(s) 'tutorial' retrieved from /home/ubuntu/.local/lib/python3.10/site-packages/airflow/example_dags/tutorial.py
[2024-02-08T03:15:49.702+0100] {logging_mixin.py:188} INFO - [2024-02-08T03:15:49.702+0100] {dag.py:3033} INFO - Sync 1 DAGs
[2024-02-08T03:15:49.734+0100] {logging_mixin.py:188} INFO - [2024-02-08T03:15:49.733+0100] {dag.py:3820} INFO - Setting next_dagrun for tutorial to 2024-02-07T00:00:00+00:00, run_after=2024-02-08T00:00:00+00:00
[2024-02-08T03:15:49.781+0100] {processor.py:183} INFO - Processing /home/ubuntu/.local/lib/python3.10/site-packages/airflow/example_dags/tutorial.py took 0.136 seconds
[2024-02-08T03:16:48.215+0100] {processor.py:161} INFO - Started process (PID=15072) to work on /home/ubuntu/.local/lib/python3.10/site-packages/airflow/example_dags/tutorial.py
[2024-02-08T03:16:48.218+0100] {processor.py:830} INFO - Processing file /home/ubuntu/.local/lib/python3.10/site-packages/airflow/example_dags/tutorial.py for tasks to queue
[2024-02-08T03:16:48.221+0100] {logging_mixin.py:188} INFO - [2024-02-08T03:16:48.220+0100] {dagbag.py:538} INFO - Filling up the DagBag from /home/ubuntu/.local/lib/python3.10/site-packages/airflow/example_dags/tutorial.py
[2024-02-08T03:16:48.238+0100] {processor.py:840} INFO - DAG(s) 'tutorial' retrieved from /home/ubuntu/.local/lib/python3.10/site-packages/airflow/example_dags/tutorial.py
[2024-02-08T03:16:48.267+0100] {logging_mixin.py:188} INFO - [2024-02-08T03:16:48.266+0100] {dag.py:3033} INFO - Sync 1 DAGs
[2024-02-08T03:16:48.307+0100] {logging_mixin.py:188} INFO - [2024-02-08T03:16:48.306+0100] {dag.py:3820} INFO - Setting next_dagrun for tutorial to 2024-02-07T00:00:00+00:00, run_after=2024-02-08T00:00:00+00:00
[2024-02-08T03:16:48.359+0100] {processor.py:183} INFO - Processing /home/ubuntu/.local/lib/python3.10/site-packages/airflow/example_dags/tutorial.py took 0.153 seconds
[2024-02-08T03:17:45.166+0100] {processor.py:161} INFO - Started process (PID=15130) to work on /home/ubuntu/.local/lib/python3.10/site-packages/airflow/example_dags/tutorial.py
[2024-02-08T03:17:45.171+0100] {processor.py:830} INFO - Processing file /home/ubuntu/.local/lib/python3.10/site-packages/airflow/example_dags/tutorial.py for tasks to queue
[2024-02-08T03:17:45.173+0100] {logging_mixin.py:188} INFO - [2024-02-08T03:17:45.172+0100] {dagbag.py:538} INFO - Filling up the DagBag from /home/ubuntu/.local/lib/python3.10/site-packages/airflow/example_dags/tutorial.py
[2024-02-08T03:17:45.185+0100] {processor.py:840} INFO - DAG(s) 'tutorial' retrieved from /home/ubuntu/.local/lib/python3.10/site-packages/airflow/example_dags/tutorial.py
[2024-02-08T03:17:45.211+0100] {logging_mixin.py:188} INFO - [2024-02-08T03:17:45.211+0100] {dag.py:3033} INFO - Sync 1 DAGs
[2024-02-08T03:17:45.239+0100] {logging_mixin.py:188} INFO - [2024-02-08T03:17:45.239+0100] {dag.py:3820} INFO - Setting next_dagrun for tutorial to 2024-02-07T00:00:00+00:00, run_after=2024-02-08T00:00:00+00:00
[2024-02-08T03:17:45.292+0100] {processor.py:183} INFO - Processing /home/ubuntu/.local/lib/python3.10/site-packages/airflow/example_dags/tutorial.py took 0.131 seconds
[2024-02-08T03:18:46.760+0100] {processor.py:161} INFO - Started process (PID=15187) to work on /home/ubuntu/.local/lib/python3.10/site-packages/airflow/example_dags/tutorial.py
[2024-02-08T03:18:46.764+0100] {processor.py:830} INFO - Processing file /home/ubuntu/.local/lib/python3.10/site-packages/airflow/example_dags/tutorial.py for tasks to queue
[2024-02-08T03:18:46.765+0100] {logging_mixin.py:188} INFO - [2024-02-08T03:18:46.764+0100] {dagbag.py:538} INFO - Filling up the DagBag from /home/ubuntu/.local/lib/python3.10/site-packages/airflow/example_dags/tutorial.py
[2024-02-08T03:18:46.780+0100] {processor.py:840} INFO - DAG(s) 'tutorial' retrieved from /home/ubuntu/.local/lib/python3.10/site-packages/airflow/example_dags/tutorial.py
[2024-02-08T03:18:46.800+0100] {logging_mixin.py:188} INFO - [2024-02-08T03:18:46.800+0100] {dag.py:3033} INFO - Sync 1 DAGs
[2024-02-08T03:18:46.828+0100] {logging_mixin.py:188} INFO - [2024-02-08T03:18:46.828+0100] {dag.py:3820} INFO - Setting next_dagrun for tutorial to 2024-02-07T00:00:00+00:00, run_after=2024-02-08T00:00:00+00:00
[2024-02-08T03:18:46.873+0100] {processor.py:183} INFO - Processing /home/ubuntu/.local/lib/python3.10/site-packages/airflow/example_dags/tutorial.py took 0.122 seconds
[2024-02-08T03:19:57.016+0100] {processor.py:161} INFO - Started process (PID=15310) to work on /home/ubuntu/.local/lib/python3.10/site-packages/airflow/example_dags/tutorial.py
[2024-02-08T03:19:57.019+0100] {processor.py:830} INFO - Processing file /home/ubuntu/.local/lib/python3.10/site-packages/airflow/example_dags/tutorial.py for tasks to queue
[2024-02-08T03:19:57.020+0100] {logging_mixin.py:188} INFO - [2024-02-08T03:19:57.020+0100] {dagbag.py:538} INFO - Filling up the DagBag from /home/ubuntu/.local/lib/python3.10/site-packages/airflow/example_dags/tutorial.py
[2024-02-08T03:19:57.033+0100] {processor.py:840} INFO - DAG(s) 'tutorial' retrieved from /home/ubuntu/.local/lib/python3.10/site-packages/airflow/example_dags/tutorial.py
[2024-02-08T03:19:57.093+0100] {logging_mixin.py:188} INFO - [2024-02-08T03:19:57.093+0100] {dag.py:3033} INFO - Sync 1 DAGs
[2024-02-08T03:19:57.135+0100] {logging_mixin.py:188} INFO - [2024-02-08T03:19:57.134+0100] {dag.py:3820} INFO - Setting next_dagrun for tutorial to 2024-02-07T00:00:00+00:00, run_after=2024-02-08T00:00:00+00:00
[2024-02-08T03:19:57.167+0100] {processor.py:183} INFO - Processing /home/ubuntu/.local/lib/python3.10/site-packages/airflow/example_dags/tutorial.py took 0.156 seconds
[2024-02-08T03:20:33.316+0100] {processor.py:161} INFO - Started process (PID=15345) to work on /home/ubuntu/.local/lib/python3.10/site-packages/airflow/example_dags/tutorial.py
[2024-02-08T03:20:33.320+0100] {processor.py:830} INFO - Processing file /home/ubuntu/.local/lib/python3.10/site-packages/airflow/example_dags/tutorial.py for tasks to queue
[2024-02-08T03:20:33.322+0100] {logging_mixin.py:188} INFO - [2024-02-08T03:20:33.321+0100] {dagbag.py:538} INFO - Filling up the DagBag from /home/ubuntu/.local/lib/python3.10/site-packages/airflow/example_dags/tutorial.py
[2024-02-08T03:20:33.335+0100] {processor.py:840} INFO - DAG(s) 'tutorial' retrieved from /home/ubuntu/.local/lib/python3.10/site-packages/airflow/example_dags/tutorial.py
[2024-02-08T03:20:33.358+0100] {logging_mixin.py:188} INFO - [2024-02-08T03:20:33.357+0100] {dag.py:3033} INFO - Sync 1 DAGs
[2024-02-08T03:20:33.385+0100] {logging_mixin.py:188} INFO - [2024-02-08T03:20:33.385+0100] {dag.py:3820} INFO - Setting next_dagrun for tutorial to 2024-02-07T00:00:00+00:00, run_after=2024-02-08T00:00:00+00:00
[2024-02-08T03:20:33.423+0100] {processor.py:183} INFO - Processing /home/ubuntu/.local/lib/python3.10/site-packages/airflow/example_dags/tutorial.py took 0.113 seconds
[2024-02-08T03:21:08.606+0100] {processor.py:161} INFO - Started process (PID=15372) to work on /home/ubuntu/.local/lib/python3.10/site-packages/airflow/example_dags/tutorial.py
[2024-02-08T03:21:08.608+0100] {processor.py:830} INFO - Processing file /home/ubuntu/.local/lib/python3.10/site-packages/airflow/example_dags/tutorial.py for tasks to queue
[2024-02-08T03:21:08.611+0100] {logging_mixin.py:188} INFO - [2024-02-08T03:21:08.609+0100] {dagbag.py:538} INFO - Filling up the DagBag from /home/ubuntu/.local/lib/python3.10/site-packages/airflow/example_dags/tutorial.py
[2024-02-08T03:21:08.625+0100] {processor.py:840} INFO - DAG(s) 'tutorial' retrieved from /home/ubuntu/.local/lib/python3.10/site-packages/airflow/example_dags/tutorial.py
[2024-02-08T03:21:08.650+0100] {logging_mixin.py:188} INFO - [2024-02-08T03:21:08.650+0100] {dag.py:3033} INFO - Sync 1 DAGs
[2024-02-08T03:21:08.680+0100] {logging_mixin.py:188} INFO - [2024-02-08T03:21:08.680+0100] {dag.py:3820} INFO - Setting next_dagrun for tutorial to 2024-02-07T00:00:00+00:00, run_after=2024-02-08T00:00:00+00:00
[2024-02-08T03:21:08.720+0100] {processor.py:183} INFO - Processing /home/ubuntu/.local/lib/python3.10/site-packages/airflow/example_dags/tutorial.py took 0.119 seconds
[2024-02-08T03:21:42.460+0100] {processor.py:161} INFO - Started process (PID=15404) to work on /home/ubuntu/.local/lib/python3.10/site-packages/airflow/example_dags/tutorial.py
[2024-02-08T03:21:42.463+0100] {processor.py:830} INFO - Processing file /home/ubuntu/.local/lib/python3.10/site-packages/airflow/example_dags/tutorial.py for tasks to queue
[2024-02-08T03:21:42.465+0100] {logging_mixin.py:188} INFO - [2024-02-08T03:21:42.465+0100] {dagbag.py:538} INFO - Filling up the DagBag from /home/ubuntu/.local/lib/python3.10/site-packages/airflow/example_dags/tutorial.py
[2024-02-08T03:21:42.478+0100] {processor.py:840} INFO - DAG(s) 'tutorial' retrieved from /home/ubuntu/.local/lib/python3.10/site-packages/airflow/example_dags/tutorial.py
[2024-02-08T03:21:42.497+0100] {logging_mixin.py:188} INFO - [2024-02-08T03:21:42.497+0100] {dag.py:3033} INFO - Sync 1 DAGs
[2024-02-08T03:21:42.525+0100] {logging_mixin.py:188} INFO - [2024-02-08T03:21:42.525+0100] {dag.py:3820} INFO - Setting next_dagrun for tutorial to 2024-02-07T00:00:00+00:00, run_after=2024-02-08T00:00:00+00:00
[2024-02-08T03:21:42.564+0100] {processor.py:183} INFO - Processing /home/ubuntu/.local/lib/python3.10/site-packages/airflow/example_dags/tutorial.py took 0.108 seconds
[2024-02-08T03:22:15.554+0100] {processor.py:161} INFO - Started process (PID=15431) to work on /home/ubuntu/.local/lib/python3.10/site-packages/airflow/example_dags/tutorial.py
[2024-02-08T03:22:15.555+0100] {processor.py:830} INFO - Processing file /home/ubuntu/.local/lib/python3.10/site-packages/airflow/example_dags/tutorial.py for tasks to queue
[2024-02-08T03:22:15.556+0100] {logging_mixin.py:188} INFO - [2024-02-08T03:22:15.556+0100] {dagbag.py:538} INFO - Filling up the DagBag from /home/ubuntu/.local/lib/python3.10/site-packages/airflow/example_dags/tutorial.py
[2024-02-08T03:22:15.570+0100] {processor.py:840} INFO - DAG(s) 'tutorial' retrieved from /home/ubuntu/.local/lib/python3.10/site-packages/airflow/example_dags/tutorial.py
[2024-02-08T03:22:15.597+0100] {logging_mixin.py:188} INFO - [2024-02-08T03:22:15.597+0100] {dag.py:3033} INFO - Sync 1 DAGs
[2024-02-08T03:22:15.624+0100] {logging_mixin.py:188} INFO - [2024-02-08T03:22:15.624+0100] {dag.py:3820} INFO - Setting next_dagrun for tutorial to 2024-02-07T00:00:00+00:00, run_after=2024-02-08T00:00:00+00:00
[2024-02-08T03:22:15.662+0100] {processor.py:183} INFO - Processing /home/ubuntu/.local/lib/python3.10/site-packages/airflow/example_dags/tutorial.py took 0.113 seconds
[2024-02-08T03:23:20.050+0100] {processor.py:161} INFO - Started process (PID=15502) to work on /home/ubuntu/.local/lib/python3.10/site-packages/airflow/example_dags/tutorial.py
[2024-02-08T03:23:20.054+0100] {processor.py:830} INFO - Processing file /home/ubuntu/.local/lib/python3.10/site-packages/airflow/example_dags/tutorial.py for tasks to queue
[2024-02-08T03:23:20.057+0100] {logging_mixin.py:188} INFO - [2024-02-08T03:23:20.055+0100] {dagbag.py:538} INFO - Filling up the DagBag from /home/ubuntu/.local/lib/python3.10/site-packages/airflow/example_dags/tutorial.py
[2024-02-08T03:23:20.071+0100] {processor.py:840} INFO - DAG(s) 'tutorial' retrieved from /home/ubuntu/.local/lib/python3.10/site-packages/airflow/example_dags/tutorial.py
[2024-02-08T03:23:20.096+0100] {logging_mixin.py:188} INFO - [2024-02-08T03:23:20.095+0100] {dag.py:3033} INFO - Sync 1 DAGs
[2024-02-08T03:23:20.124+0100] {logging_mixin.py:188} INFO - [2024-02-08T03:23:20.124+0100] {dag.py:3820} INFO - Setting next_dagrun for tutorial to 2024-02-07T00:00:00+00:00, run_after=2024-02-08T00:00:00+00:00
[2024-02-08T03:23:20.162+0100] {processor.py:183} INFO - Processing /home/ubuntu/.local/lib/python3.10/site-packages/airflow/example_dags/tutorial.py took 0.119 seconds
[2024-02-08T03:23:58.191+0100] {processor.py:161} INFO - Started process (PID=15551) to work on /home/ubuntu/.local/lib/python3.10/site-packages/airflow/example_dags/tutorial.py
[2024-02-08T03:23:58.197+0100] {processor.py:830} INFO - Processing file /home/ubuntu/.local/lib/python3.10/site-packages/airflow/example_dags/tutorial.py for tasks to queue
[2024-02-08T03:23:58.219+0100] {logging_mixin.py:188} INFO - [2024-02-08T03:23:58.204+0100] {dagbag.py:538} INFO - Filling up the DagBag from /home/ubuntu/.local/lib/python3.10/site-packages/airflow/example_dags/tutorial.py
[2024-02-08T03:23:58.259+0100] {processor.py:840} INFO - DAG(s) 'tutorial' retrieved from /home/ubuntu/.local/lib/python3.10/site-packages/airflow/example_dags/tutorial.py
[2024-02-08T03:23:58.278+0100] {logging_mixin.py:188} INFO - [2024-02-08T03:23:58.278+0100] {dag.py:3033} INFO - Sync 1 DAGs
[2024-02-08T03:23:58.366+0100] {logging_mixin.py:188} INFO - [2024-02-08T03:23:58.365+0100] {dag.py:3820} INFO - Setting next_dagrun for tutorial to 2024-02-07T00:00:00+00:00, run_after=2024-02-08T00:00:00+00:00
[2024-02-08T03:23:58.438+0100] {processor.py:183} INFO - Processing /home/ubuntu/.local/lib/python3.10/site-packages/airflow/example_dags/tutorial.py took 0.254 seconds
[2024-02-08T03:24:49.248+0100] {processor.py:161} INFO - Started process (PID=15619) to work on /home/ubuntu/.local/lib/python3.10/site-packages/airflow/example_dags/tutorial.py
[2024-02-08T03:24:49.266+0100] {processor.py:830} INFO - Processing file /home/ubuntu/.local/lib/python3.10/site-packages/airflow/example_dags/tutorial.py for tasks to queue
[2024-02-08T03:24:49.290+0100] {logging_mixin.py:188} INFO - [2024-02-08T03:24:49.270+0100] {dagbag.py:538} INFO - Filling up the DagBag from /home/ubuntu/.local/lib/python3.10/site-packages/airflow/example_dags/tutorial.py
[2024-02-08T03:24:49.306+0100] {processor.py:840} INFO - DAG(s) 'tutorial' retrieved from /home/ubuntu/.local/lib/python3.10/site-packages/airflow/example_dags/tutorial.py
[2024-02-08T03:24:49.390+0100] {logging_mixin.py:188} INFO - [2024-02-08T03:24:49.390+0100] {dag.py:3033} INFO - Sync 1 DAGs
[2024-02-08T03:24:49.422+0100] {logging_mixin.py:188} INFO - [2024-02-08T03:24:49.422+0100] {dag.py:3820} INFO - Setting next_dagrun for tutorial to 2024-02-07T00:00:00+00:00, run_after=2024-02-08T00:00:00+00:00
[2024-02-08T03:24:49.458+0100] {processor.py:183} INFO - Processing /home/ubuntu/.local/lib/python3.10/site-packages/airflow/example_dags/tutorial.py took 0.218 seconds
