[2024-02-08T02:46:17.658+0100] {processor.py:161} INFO - Started process (PID=12328) to work on /home/ubuntu/.local/lib/python3.10/site-packages/airflow/example_dags/tutorial_taskflow_api.py
[2024-02-08T02:46:17.660+0100] {processor.py:830} INFO - Processing file /home/ubuntu/.local/lib/python3.10/site-packages/airflow/example_dags/tutorial_taskflow_api.py for tasks to queue
[2024-02-08T02:46:17.664+0100] {logging_mixin.py:188} INFO - [2024-02-08T02:46:17.661+0100] {dagbag.py:538} INFO - Filling up the DagBag from /home/ubuntu/.local/lib/python3.10/site-packages/airflow/example_dags/tutorial_taskflow_api.py
[2024-02-08T02:46:17.720+0100] {processor.py:840} INFO - DAG(s) 'tutorial_taskflow_api' retrieved from /home/ubuntu/.local/lib/python3.10/site-packages/airflow/example_dags/tutorial_taskflow_api.py
[2024-02-08T02:46:17.781+0100] {logging_mixin.py:188} INFO - [2024-02-08T02:46:17.780+0100] {dag.py:3033} INFO - Sync 1 DAGs
[2024-02-08T02:46:17.905+0100] {logging_mixin.py:188} INFO - [2024-02-08T02:46:17.905+0100] {dag.py:3820} INFO - Setting next_dagrun for tutorial_taskflow_api to None, run_after=None
[2024-02-08T02:46:18.007+0100] {processor.py:183} INFO - Processing /home/ubuntu/.local/lib/python3.10/site-packages/airflow/example_dags/tutorial_taskflow_api.py took 0.356 seconds
[2024-02-08T02:48:02.386+0100] {processor.py:161} INFO - Started process (PID=12462) to work on /home/ubuntu/.local/lib/python3.10/site-packages/airflow/example_dags/tutorial_taskflow_api.py
[2024-02-08T02:48:02.434+0100] {processor.py:830} INFO - Processing file /home/ubuntu/.local/lib/python3.10/site-packages/airflow/example_dags/tutorial_taskflow_api.py for tasks to queue
[2024-02-08T02:48:02.436+0100] {logging_mixin.py:188} INFO - [2024-02-08T02:48:02.435+0100] {dagbag.py:538} INFO - Filling up the DagBag from /home/ubuntu/.local/lib/python3.10/site-packages/airflow/example_dags/tutorial_taskflow_api.py
[2024-02-08T02:48:02.515+0100] {processor.py:840} INFO - DAG(s) 'tutorial_taskflow_api' retrieved from /home/ubuntu/.local/lib/python3.10/site-packages/airflow/example_dags/tutorial_taskflow_api.py
[2024-02-08T02:48:02.764+0100] {logging_mixin.py:188} INFO - [2024-02-08T02:48:02.764+0100] {dag.py:3033} INFO - Sync 1 DAGs
[2024-02-08T02:48:02.774+0100] {logging_mixin.py:188} INFO - [2024-02-08T02:48:02.774+0100] {dag.py:3820} INFO - Setting next_dagrun for tutorial_taskflow_api to None, run_after=None
[2024-02-08T02:48:03.228+0100] {processor.py:183} INFO - Processing /home/ubuntu/.local/lib/python3.10/site-packages/airflow/example_dags/tutorial_taskflow_api.py took 0.847 seconds
[2024-02-08T02:49:00.994+0100] {processor.py:161} INFO - Started process (PID=13070) to work on /home/ubuntu/.local/lib/python3.10/site-packages/airflow/example_dags/tutorial_taskflow_api.py
[2024-02-08T02:49:00.997+0100] {processor.py:830} INFO - Processing file /home/ubuntu/.local/lib/python3.10/site-packages/airflow/example_dags/tutorial_taskflow_api.py for tasks to queue
[2024-02-08T02:49:00.999+0100] {logging_mixin.py:188} INFO - [2024-02-08T02:49:00.999+0100] {dagbag.py:538} INFO - Filling up the DagBag from /home/ubuntu/.local/lib/python3.10/site-packages/airflow/example_dags/tutorial_taskflow_api.py
[2024-02-08T02:49:01.011+0100] {processor.py:840} INFO - DAG(s) 'tutorial_taskflow_api' retrieved from /home/ubuntu/.local/lib/python3.10/site-packages/airflow/example_dags/tutorial_taskflow_api.py
[2024-02-08T02:49:01.040+0100] {logging_mixin.py:188} INFO - [2024-02-08T02:49:01.040+0100] {dag.py:3033} INFO - Sync 1 DAGs
[2024-02-08T02:49:01.061+0100] {logging_mixin.py:188} INFO - [2024-02-08T02:49:01.061+0100] {dag.py:3820} INFO - Setting next_dagrun for tutorial_taskflow_api to None, run_after=None
[2024-02-08T02:49:01.116+0100] {processor.py:183} INFO - Processing /home/ubuntu/.local/lib/python3.10/site-packages/airflow/example_dags/tutorial_taskflow_api.py took 0.127 seconds
[2024-02-08T02:49:55.318+0100] {processor.py:161} INFO - Started process (PID=13122) to work on /home/ubuntu/.local/lib/python3.10/site-packages/airflow/example_dags/tutorial_taskflow_api.py
[2024-02-08T02:49:55.344+0100] {processor.py:830} INFO - Processing file /home/ubuntu/.local/lib/python3.10/site-packages/airflow/example_dags/tutorial_taskflow_api.py for tasks to queue
[2024-02-08T02:49:55.363+0100] {logging_mixin.py:188} INFO - [2024-02-08T02:49:55.349+0100] {dagbag.py:538} INFO - Filling up the DagBag from /home/ubuntu/.local/lib/python3.10/site-packages/airflow/example_dags/tutorial_taskflow_api.py
[2024-02-08T02:49:57.182+0100] {processor.py:840} INFO - DAG(s) 'tutorial_taskflow_api' retrieved from /home/ubuntu/.local/lib/python3.10/site-packages/airflow/example_dags/tutorial_taskflow_api.py
[2024-02-08T02:49:59.440+0100] {logging_mixin.py:188} INFO - [2024-02-08T02:49:59.440+0100] {dag.py:3033} INFO - Sync 1 DAGs
[2024-02-08T02:49:59.645+0100] {logging_mixin.py:188} INFO - [2024-02-08T02:49:59.645+0100] {dag.py:3820} INFO - Setting next_dagrun for tutorial_taskflow_api to None, run_after=None
[2024-02-08T02:49:59.931+0100] {processor.py:183} INFO - Processing /home/ubuntu/.local/lib/python3.10/site-packages/airflow/example_dags/tutorial_taskflow_api.py took 4.658 seconds
[2024-02-08T02:50:47.962+0100] {processor.py:161} INFO - Started process (PID=13637) to work on /home/ubuntu/.local/lib/python3.10/site-packages/airflow/example_dags/tutorial_taskflow_api.py
[2024-02-08T02:50:47.965+0100] {processor.py:830} INFO - Processing file /home/ubuntu/.local/lib/python3.10/site-packages/airflow/example_dags/tutorial_taskflow_api.py for tasks to queue
[2024-02-08T02:50:47.967+0100] {logging_mixin.py:188} INFO - [2024-02-08T02:50:47.966+0100] {dagbag.py:538} INFO - Filling up the DagBag from /home/ubuntu/.local/lib/python3.10/site-packages/airflow/example_dags/tutorial_taskflow_api.py
[2024-02-08T02:50:47.978+0100] {processor.py:840} INFO - DAG(s) 'tutorial_taskflow_api' retrieved from /home/ubuntu/.local/lib/python3.10/site-packages/airflow/example_dags/tutorial_taskflow_api.py
[2024-02-08T02:50:48.006+0100] {logging_mixin.py:188} INFO - [2024-02-08T02:50:48.005+0100] {dag.py:3033} INFO - Sync 1 DAGs
[2024-02-08T02:50:48.025+0100] {logging_mixin.py:188} INFO - [2024-02-08T02:50:48.024+0100] {dag.py:3820} INFO - Setting next_dagrun for tutorial_taskflow_api to None, run_after=None
[2024-02-08T02:50:48.071+0100] {processor.py:183} INFO - Processing /home/ubuntu/.local/lib/python3.10/site-packages/airflow/example_dags/tutorial_taskflow_api.py took 0.114 seconds
[2024-02-08T02:51:29.401+0100] {processor.py:161} INFO - Started process (PID=13677) to work on /home/ubuntu/.local/lib/python3.10/site-packages/airflow/example_dags/tutorial_taskflow_api.py
[2024-02-08T02:51:29.403+0100] {processor.py:830} INFO - Processing file /home/ubuntu/.local/lib/python3.10/site-packages/airflow/example_dags/tutorial_taskflow_api.py for tasks to queue
[2024-02-08T02:51:29.405+0100] {logging_mixin.py:188} INFO - [2024-02-08T02:51:29.404+0100] {dagbag.py:538} INFO - Filling up the DagBag from /home/ubuntu/.local/lib/python3.10/site-packages/airflow/example_dags/tutorial_taskflow_api.py
[2024-02-08T02:51:29.414+0100] {processor.py:840} INFO - DAG(s) 'tutorial_taskflow_api' retrieved from /home/ubuntu/.local/lib/python3.10/site-packages/airflow/example_dags/tutorial_taskflow_api.py
[2024-02-08T02:51:29.437+0100] {logging_mixin.py:188} INFO - [2024-02-08T02:51:29.437+0100] {dag.py:3033} INFO - Sync 1 DAGs
[2024-02-08T02:51:29.452+0100] {logging_mixin.py:188} INFO - [2024-02-08T02:51:29.452+0100] {dag.py:3820} INFO - Setting next_dagrun for tutorial_taskflow_api to None, run_after=None
[2024-02-08T02:51:29.486+0100] {processor.py:183} INFO - Processing /home/ubuntu/.local/lib/python3.10/site-packages/airflow/example_dags/tutorial_taskflow_api.py took 0.089 seconds
[2024-02-08T02:52:29.928+0100] {processor.py:161} INFO - Started process (PID=13739) to work on /home/ubuntu/.local/lib/python3.10/site-packages/airflow/example_dags/tutorial_taskflow_api.py
[2024-02-08T02:52:29.931+0100] {processor.py:830} INFO - Processing file /home/ubuntu/.local/lib/python3.10/site-packages/airflow/example_dags/tutorial_taskflow_api.py for tasks to queue
[2024-02-08T02:52:29.933+0100] {logging_mixin.py:188} INFO - [2024-02-08T02:52:29.932+0100] {dagbag.py:538} INFO - Filling up the DagBag from /home/ubuntu/.local/lib/python3.10/site-packages/airflow/example_dags/tutorial_taskflow_api.py
[2024-02-08T02:52:29.946+0100] {processor.py:840} INFO - DAG(s) 'tutorial_taskflow_api' retrieved from /home/ubuntu/.local/lib/python3.10/site-packages/airflow/example_dags/tutorial_taskflow_api.py
[2024-02-08T02:52:29.987+0100] {logging_mixin.py:188} INFO - [2024-02-08T02:52:29.987+0100] {dag.py:3033} INFO - Sync 1 DAGs
[2024-02-08T02:52:30.068+0100] {logging_mixin.py:188} INFO - [2024-02-08T02:52:30.067+0100] {dag.py:3820} INFO - Setting next_dagrun for tutorial_taskflow_api to None, run_after=None
[2024-02-08T02:52:30.143+0100] {processor.py:183} INFO - Processing /home/ubuntu/.local/lib/python3.10/site-packages/airflow/example_dags/tutorial_taskflow_api.py took 0.218 seconds
[2024-02-08T02:53:48.691+0100] {processor.py:161} INFO - Started process (PID=13837) to work on /home/ubuntu/.local/lib/python3.10/site-packages/airflow/example_dags/tutorial_taskflow_api.py
[2024-02-08T02:53:48.716+0100] {processor.py:830} INFO - Processing file /home/ubuntu/.local/lib/python3.10/site-packages/airflow/example_dags/tutorial_taskflow_api.py for tasks to queue
[2024-02-08T02:53:48.734+0100] {logging_mixin.py:188} INFO - [2024-02-08T02:53:48.734+0100] {dagbag.py:538} INFO - Filling up the DagBag from /home/ubuntu/.local/lib/python3.10/site-packages/airflow/example_dags/tutorial_taskflow_api.py
[2024-02-08T02:53:48.922+0100] {processor.py:840} INFO - DAG(s) 'tutorial_taskflow_api' retrieved from /home/ubuntu/.local/lib/python3.10/site-packages/airflow/example_dags/tutorial_taskflow_api.py
[2024-02-08T02:53:49.242+0100] {logging_mixin.py:188} INFO - [2024-02-08T02:53:49.242+0100] {dag.py:3033} INFO - Sync 1 DAGs
[2024-02-08T02:53:49.405+0100] {logging_mixin.py:188} INFO - [2024-02-08T02:53:49.405+0100] {dag.py:3820} INFO - Setting next_dagrun for tutorial_taskflow_api to None, run_after=None
[2024-02-08T02:53:49.604+0100] {processor.py:183} INFO - Processing /home/ubuntu/.local/lib/python3.10/site-packages/airflow/example_dags/tutorial_taskflow_api.py took 0.919 seconds
[2024-02-08T02:56:20.023+0100] {processor.py:161} INFO - Started process (PID=13917) to work on /home/ubuntu/.local/lib/python3.10/site-packages/airflow/example_dags/tutorial_taskflow_api.py
[2024-02-08T02:56:20.066+0100] {processor.py:830} INFO - Processing file /home/ubuntu/.local/lib/python3.10/site-packages/airflow/example_dags/tutorial_taskflow_api.py for tasks to queue
[2024-02-08T02:56:20.070+0100] {logging_mixin.py:188} INFO - [2024-02-08T02:56:20.070+0100] {dagbag.py:538} INFO - Filling up the DagBag from /home/ubuntu/.local/lib/python3.10/site-packages/airflow/example_dags/tutorial_taskflow_api.py
[2024-02-08T02:56:20.114+0100] {processor.py:840} INFO - DAG(s) 'tutorial_taskflow_api' retrieved from /home/ubuntu/.local/lib/python3.10/site-packages/airflow/example_dags/tutorial_taskflow_api.py
[2024-02-08T02:56:20.152+0100] {logging_mixin.py:188} INFO - [2024-02-08T02:56:20.151+0100] {dag.py:3033} INFO - Sync 1 DAGs
[2024-02-08T02:56:20.194+0100] {logging_mixin.py:188} INFO - [2024-02-08T02:56:20.193+0100] {dag.py:3820} INFO - Setting next_dagrun for tutorial_taskflow_api to None, run_after=None
[2024-02-08T02:56:20.279+0100] {processor.py:183} INFO - Processing /home/ubuntu/.local/lib/python3.10/site-packages/airflow/example_dags/tutorial_taskflow_api.py took 0.262 seconds
[2024-02-08T02:58:55.830+0100] {processor.py:161} INFO - Started process (PID=13998) to work on /home/ubuntu/.local/lib/python3.10/site-packages/airflow/example_dags/tutorial_taskflow_api.py
[2024-02-08T02:58:55.836+0100] {processor.py:830} INFO - Processing file /home/ubuntu/.local/lib/python3.10/site-packages/airflow/example_dags/tutorial_taskflow_api.py for tasks to queue
[2024-02-08T02:58:55.839+0100] {logging_mixin.py:188} INFO - [2024-02-08T02:58:55.837+0100] {dagbag.py:538} INFO - Filling up the DagBag from /home/ubuntu/.local/lib/python3.10/site-packages/airflow/example_dags/tutorial_taskflow_api.py
[2024-02-08T02:58:55.885+0100] {processor.py:840} INFO - DAG(s) 'tutorial_taskflow_api' retrieved from /home/ubuntu/.local/lib/python3.10/site-packages/airflow/example_dags/tutorial_taskflow_api.py
[2024-02-08T02:58:55.934+0100] {logging_mixin.py:188} INFO - [2024-02-08T02:58:55.934+0100] {dag.py:3033} INFO - Sync 1 DAGs
[2024-02-08T02:58:55.950+0100] {logging_mixin.py:188} INFO - [2024-02-08T02:58:55.950+0100] {dag.py:3820} INFO - Setting next_dagrun for tutorial_taskflow_api to None, run_after=None
[2024-02-08T02:58:56.021+0100] {processor.py:183} INFO - Processing /home/ubuntu/.local/lib/python3.10/site-packages/airflow/example_dags/tutorial_taskflow_api.py took 0.202 seconds
[2024-02-08T03:01:03.360+0100] {processor.py:161} INFO - Started process (PID=14068) to work on /home/ubuntu/.local/lib/python3.10/site-packages/airflow/example_dags/tutorial_taskflow_api.py
[2024-02-08T03:01:03.363+0100] {processor.py:830} INFO - Processing file /home/ubuntu/.local/lib/python3.10/site-packages/airflow/example_dags/tutorial_taskflow_api.py for tasks to queue
[2024-02-08T03:01:03.365+0100] {logging_mixin.py:188} INFO - [2024-02-08T03:01:03.364+0100] {dagbag.py:538} INFO - Filling up the DagBag from /home/ubuntu/.local/lib/python3.10/site-packages/airflow/example_dags/tutorial_taskflow_api.py
[2024-02-08T03:01:03.373+0100] {processor.py:840} INFO - DAG(s) 'tutorial_taskflow_api' retrieved from /home/ubuntu/.local/lib/python3.10/site-packages/airflow/example_dags/tutorial_taskflow_api.py
[2024-02-08T03:01:03.399+0100] {logging_mixin.py:188} INFO - [2024-02-08T03:01:03.399+0100] {dag.py:3033} INFO - Sync 1 DAGs
[2024-02-08T03:01:03.413+0100] {logging_mixin.py:188} INFO - [2024-02-08T03:01:03.413+0100] {dag.py:3820} INFO - Setting next_dagrun for tutorial_taskflow_api to None, run_after=None
[2024-02-08T03:01:03.467+0100] {processor.py:183} INFO - Processing /home/ubuntu/.local/lib/python3.10/site-packages/airflow/example_dags/tutorial_taskflow_api.py took 0.133 seconds
[2024-02-08T03:01:59.766+0100] {processor.py:161} INFO - Started process (PID=14164) to work on /home/ubuntu/.local/lib/python3.10/site-packages/airflow/example_dags/tutorial_taskflow_api.py
[2024-02-08T03:01:59.769+0100] {processor.py:830} INFO - Processing file /home/ubuntu/.local/lib/python3.10/site-packages/airflow/example_dags/tutorial_taskflow_api.py for tasks to queue
[2024-02-08T03:01:59.771+0100] {logging_mixin.py:188} INFO - [2024-02-08T03:01:59.770+0100] {dagbag.py:538} INFO - Filling up the DagBag from /home/ubuntu/.local/lib/python3.10/site-packages/airflow/example_dags/tutorial_taskflow_api.py
[2024-02-08T03:01:59.798+0100] {processor.py:840} INFO - DAG(s) 'tutorial_taskflow_api' retrieved from /home/ubuntu/.local/lib/python3.10/site-packages/airflow/example_dags/tutorial_taskflow_api.py
[2024-02-08T03:01:59.835+0100] {logging_mixin.py:188} INFO - [2024-02-08T03:01:59.835+0100] {dag.py:3033} INFO - Sync 1 DAGs
[2024-02-08T03:01:59.851+0100] {logging_mixin.py:188} INFO - [2024-02-08T03:01:59.851+0100] {dag.py:3820} INFO - Setting next_dagrun for tutorial_taskflow_api to None, run_after=None
[2024-02-08T03:01:59.918+0100] {processor.py:183} INFO - Processing /home/ubuntu/.local/lib/python3.10/site-packages/airflow/example_dags/tutorial_taskflow_api.py took 0.156 seconds
[2024-02-08T03:03:10.386+0100] {processor.py:161} INFO - Started process (PID=14228) to work on /home/ubuntu/.local/lib/python3.10/site-packages/airflow/example_dags/tutorial_taskflow_api.py
[2024-02-08T03:03:10.390+0100] {processor.py:830} INFO - Processing file /home/ubuntu/.local/lib/python3.10/site-packages/airflow/example_dags/tutorial_taskflow_api.py for tasks to queue
[2024-02-08T03:03:10.392+0100] {logging_mixin.py:188} INFO - [2024-02-08T03:03:10.392+0100] {dagbag.py:538} INFO - Filling up the DagBag from /home/ubuntu/.local/lib/python3.10/site-packages/airflow/example_dags/tutorial_taskflow_api.py
[2024-02-08T03:03:10.406+0100] {processor.py:840} INFO - DAG(s) 'tutorial_taskflow_api' retrieved from /home/ubuntu/.local/lib/python3.10/site-packages/airflow/example_dags/tutorial_taskflow_api.py
[2024-02-08T03:03:10.430+0100] {logging_mixin.py:188} INFO - [2024-02-08T03:03:10.430+0100] {dag.py:3033} INFO - Sync 1 DAGs
[2024-02-08T03:03:10.446+0100] {logging_mixin.py:188} INFO - [2024-02-08T03:03:10.446+0100] {dag.py:3820} INFO - Setting next_dagrun for tutorial_taskflow_api to None, run_after=None
[2024-02-08T03:03:10.484+0100] {processor.py:183} INFO - Processing /home/ubuntu/.local/lib/python3.10/site-packages/airflow/example_dags/tutorial_taskflow_api.py took 0.102 seconds
[2024-02-08T03:04:00.769+0100] {processor.py:161} INFO - Started process (PID=14281) to work on /home/ubuntu/.local/lib/python3.10/site-packages/airflow/example_dags/tutorial_taskflow_api.py
[2024-02-08T03:04:00.777+0100] {processor.py:830} INFO - Processing file /home/ubuntu/.local/lib/python3.10/site-packages/airflow/example_dags/tutorial_taskflow_api.py for tasks to queue
[2024-02-08T03:04:00.780+0100] {logging_mixin.py:188} INFO - [2024-02-08T03:04:00.779+0100] {dagbag.py:538} INFO - Filling up the DagBag from /home/ubuntu/.local/lib/python3.10/site-packages/airflow/example_dags/tutorial_taskflow_api.py
[2024-02-08T03:04:00.794+0100] {processor.py:840} INFO - DAG(s) 'tutorial_taskflow_api' retrieved from /home/ubuntu/.local/lib/python3.10/site-packages/airflow/example_dags/tutorial_taskflow_api.py
[2024-02-08T03:04:00.821+0100] {logging_mixin.py:188} INFO - [2024-02-08T03:04:00.820+0100] {dag.py:3033} INFO - Sync 1 DAGs
[2024-02-08T03:04:00.852+0100] {logging_mixin.py:188} INFO - [2024-02-08T03:04:00.852+0100] {dag.py:3820} INFO - Setting next_dagrun for tutorial_taskflow_api to None, run_after=None
[2024-02-08T03:04:00.893+0100] {processor.py:183} INFO - Processing /home/ubuntu/.local/lib/python3.10/site-packages/airflow/example_dags/tutorial_taskflow_api.py took 0.129 seconds
[2024-02-08T03:05:31.364+0100] {processor.py:161} INFO - Started process (PID=14350) to work on /home/ubuntu/.local/lib/python3.10/site-packages/airflow/example_dags/tutorial_taskflow_api.py
[2024-02-08T03:05:31.367+0100] {processor.py:830} INFO - Processing file /home/ubuntu/.local/lib/python3.10/site-packages/airflow/example_dags/tutorial_taskflow_api.py for tasks to queue
[2024-02-08T03:05:31.369+0100] {logging_mixin.py:188} INFO - [2024-02-08T03:05:31.368+0100] {dagbag.py:538} INFO - Filling up the DagBag from /home/ubuntu/.local/lib/python3.10/site-packages/airflow/example_dags/tutorial_taskflow_api.py
[2024-02-08T03:05:31.382+0100] {processor.py:840} INFO - DAG(s) 'tutorial_taskflow_api' retrieved from /home/ubuntu/.local/lib/python3.10/site-packages/airflow/example_dags/tutorial_taskflow_api.py
[2024-02-08T03:05:31.406+0100] {logging_mixin.py:188} INFO - [2024-02-08T03:05:31.406+0100] {dag.py:3033} INFO - Sync 1 DAGs
[2024-02-08T03:05:31.420+0100] {logging_mixin.py:188} INFO - [2024-02-08T03:05:31.419+0100] {dag.py:3820} INFO - Setting next_dagrun for tutorial_taskflow_api to None, run_after=None
[2024-02-08T03:05:31.487+0100] {processor.py:183} INFO - Processing /home/ubuntu/.local/lib/python3.10/site-packages/airflow/example_dags/tutorial_taskflow_api.py took 0.129 seconds
[2024-02-08T03:06:17.848+0100] {processor.py:161} INFO - Started process (PID=14390) to work on /home/ubuntu/.local/lib/python3.10/site-packages/airflow/example_dags/tutorial_taskflow_api.py
[2024-02-08T03:06:17.858+0100] {processor.py:830} INFO - Processing file /home/ubuntu/.local/lib/python3.10/site-packages/airflow/example_dags/tutorial_taskflow_api.py for tasks to queue
[2024-02-08T03:06:17.860+0100] {logging_mixin.py:188} INFO - [2024-02-08T03:06:17.860+0100] {dagbag.py:538} INFO - Filling up the DagBag from /home/ubuntu/.local/lib/python3.10/site-packages/airflow/example_dags/tutorial_taskflow_api.py
[2024-02-08T03:06:17.871+0100] {processor.py:840} INFO - DAG(s) 'tutorial_taskflow_api' retrieved from /home/ubuntu/.local/lib/python3.10/site-packages/airflow/example_dags/tutorial_taskflow_api.py
[2024-02-08T03:06:17.896+0100] {logging_mixin.py:188} INFO - [2024-02-08T03:06:17.895+0100] {dag.py:3033} INFO - Sync 1 DAGs
[2024-02-08T03:06:17.915+0100] {logging_mixin.py:188} INFO - [2024-02-08T03:06:17.914+0100] {dag.py:3820} INFO - Setting next_dagrun for tutorial_taskflow_api to None, run_after=None
[2024-02-08T03:06:17.962+0100] {processor.py:183} INFO - Processing /home/ubuntu/.local/lib/python3.10/site-packages/airflow/example_dags/tutorial_taskflow_api.py took 0.121 seconds
[2024-02-08T03:07:19.936+0100] {processor.py:161} INFO - Started process (PID=14452) to work on /home/ubuntu/.local/lib/python3.10/site-packages/airflow/example_dags/tutorial_taskflow_api.py
[2024-02-08T03:07:19.943+0100] {processor.py:830} INFO - Processing file /home/ubuntu/.local/lib/python3.10/site-packages/airflow/example_dags/tutorial_taskflow_api.py for tasks to queue
[2024-02-08T03:07:19.945+0100] {logging_mixin.py:188} INFO - [2024-02-08T03:07:19.944+0100] {dagbag.py:538} INFO - Filling up the DagBag from /home/ubuntu/.local/lib/python3.10/site-packages/airflow/example_dags/tutorial_taskflow_api.py
[2024-02-08T03:07:19.961+0100] {processor.py:840} INFO - DAG(s) 'tutorial_taskflow_api' retrieved from /home/ubuntu/.local/lib/python3.10/site-packages/airflow/example_dags/tutorial_taskflow_api.py
[2024-02-08T03:07:19.995+0100] {logging_mixin.py:188} INFO - [2024-02-08T03:07:19.994+0100] {dag.py:3033} INFO - Sync 1 DAGs
[2024-02-08T03:07:20.015+0100] {logging_mixin.py:188} INFO - [2024-02-08T03:07:20.015+0100] {dag.py:3820} INFO - Setting next_dagrun for tutorial_taskflow_api to None, run_after=None
[2024-02-08T03:07:20.085+0100] {processor.py:183} INFO - Processing /home/ubuntu/.local/lib/python3.10/site-packages/airflow/example_dags/tutorial_taskflow_api.py took 0.155 seconds
[2024-02-08T03:07:57.741+0100] {processor.py:161} INFO - Started process (PID=14561) to work on /home/ubuntu/.local/lib/python3.10/site-packages/airflow/example_dags/tutorial_taskflow_api.py
[2024-02-08T03:07:57.745+0100] {processor.py:830} INFO - Processing file /home/ubuntu/.local/lib/python3.10/site-packages/airflow/example_dags/tutorial_taskflow_api.py for tasks to queue
[2024-02-08T03:07:57.746+0100] {logging_mixin.py:188} INFO - [2024-02-08T03:07:57.745+0100] {dagbag.py:538} INFO - Filling up the DagBag from /home/ubuntu/.local/lib/python3.10/site-packages/airflow/example_dags/tutorial_taskflow_api.py
[2024-02-08T03:07:57.758+0100] {processor.py:840} INFO - DAG(s) 'tutorial_taskflow_api' retrieved from /home/ubuntu/.local/lib/python3.10/site-packages/airflow/example_dags/tutorial_taskflow_api.py
[2024-02-08T03:07:57.787+0100] {logging_mixin.py:188} INFO - [2024-02-08T03:07:57.787+0100] {dag.py:3033} INFO - Sync 1 DAGs
[2024-02-08T03:07:57.805+0100] {logging_mixin.py:188} INFO - [2024-02-08T03:07:57.805+0100] {dag.py:3820} INFO - Setting next_dagrun for tutorial_taskflow_api to None, run_after=None
[2024-02-08T03:07:57.846+0100] {processor.py:183} INFO - Processing /home/ubuntu/.local/lib/python3.10/site-packages/airflow/example_dags/tutorial_taskflow_api.py took 0.109 seconds
[2024-02-08T03:08:37.221+0100] {processor.py:161} INFO - Started process (PID=14599) to work on /home/ubuntu/.local/lib/python3.10/site-packages/airflow/example_dags/tutorial_taskflow_api.py
[2024-02-08T03:08:37.226+0100] {processor.py:830} INFO - Processing file /home/ubuntu/.local/lib/python3.10/site-packages/airflow/example_dags/tutorial_taskflow_api.py for tasks to queue
[2024-02-08T03:08:37.228+0100] {logging_mixin.py:188} INFO - [2024-02-08T03:08:37.227+0100] {dagbag.py:538} INFO - Filling up the DagBag from /home/ubuntu/.local/lib/python3.10/site-packages/airflow/example_dags/tutorial_taskflow_api.py
[2024-02-08T03:08:37.241+0100] {processor.py:840} INFO - DAG(s) 'tutorial_taskflow_api' retrieved from /home/ubuntu/.local/lib/python3.10/site-packages/airflow/example_dags/tutorial_taskflow_api.py
[2024-02-08T03:08:37.266+0100] {logging_mixin.py:188} INFO - [2024-02-08T03:08:37.265+0100] {dag.py:3033} INFO - Sync 1 DAGs
[2024-02-08T03:08:37.283+0100] {logging_mixin.py:188} INFO - [2024-02-08T03:08:37.283+0100] {dag.py:3820} INFO - Setting next_dagrun for tutorial_taskflow_api to None, run_after=None
[2024-02-08T03:08:37.321+0100] {processor.py:183} INFO - Processing /home/ubuntu/.local/lib/python3.10/site-packages/airflow/example_dags/tutorial_taskflow_api.py took 0.108 seconds
[2024-02-08T03:09:38.841+0100] {processor.py:161} INFO - Started process (PID=14661) to work on /home/ubuntu/.local/lib/python3.10/site-packages/airflow/example_dags/tutorial_taskflow_api.py
[2024-02-08T03:09:38.845+0100] {processor.py:830} INFO - Processing file /home/ubuntu/.local/lib/python3.10/site-packages/airflow/example_dags/tutorial_taskflow_api.py for tasks to queue
[2024-02-08T03:09:38.848+0100] {logging_mixin.py:188} INFO - [2024-02-08T03:09:38.846+0100] {dagbag.py:538} INFO - Filling up the DagBag from /home/ubuntu/.local/lib/python3.10/site-packages/airflow/example_dags/tutorial_taskflow_api.py
[2024-02-08T03:09:38.861+0100] {processor.py:840} INFO - DAG(s) 'tutorial_taskflow_api' retrieved from /home/ubuntu/.local/lib/python3.10/site-packages/airflow/example_dags/tutorial_taskflow_api.py
[2024-02-08T03:09:38.892+0100] {logging_mixin.py:188} INFO - [2024-02-08T03:09:38.891+0100] {dag.py:3033} INFO - Sync 1 DAGs
[2024-02-08T03:09:38.913+0100] {logging_mixin.py:188} INFO - [2024-02-08T03:09:38.912+0100] {dag.py:3820} INFO - Setting next_dagrun for tutorial_taskflow_api to None, run_after=None
[2024-02-08T03:09:38.972+0100] {processor.py:183} INFO - Processing /home/ubuntu/.local/lib/python3.10/site-packages/airflow/example_dags/tutorial_taskflow_api.py took 0.139 seconds
[2024-02-08T03:10:46.639+0100] {processor.py:161} INFO - Started process (PID=14721) to work on /home/ubuntu/.local/lib/python3.10/site-packages/airflow/example_dags/tutorial_taskflow_api.py
[2024-02-08T03:10:46.644+0100] {processor.py:830} INFO - Processing file /home/ubuntu/.local/lib/python3.10/site-packages/airflow/example_dags/tutorial_taskflow_api.py for tasks to queue
[2024-02-08T03:10:46.646+0100] {logging_mixin.py:188} INFO - [2024-02-08T03:10:46.645+0100] {dagbag.py:538} INFO - Filling up the DagBag from /home/ubuntu/.local/lib/python3.10/site-packages/airflow/example_dags/tutorial_taskflow_api.py
[2024-02-08T03:10:46.666+0100] {processor.py:840} INFO - DAG(s) 'tutorial_taskflow_api' retrieved from /home/ubuntu/.local/lib/python3.10/site-packages/airflow/example_dags/tutorial_taskflow_api.py
[2024-02-08T03:10:46.695+0100] {logging_mixin.py:188} INFO - [2024-02-08T03:10:46.695+0100] {dag.py:3033} INFO - Sync 1 DAGs
[2024-02-08T03:10:46.713+0100] {logging_mixin.py:188} INFO - [2024-02-08T03:10:46.713+0100] {dag.py:3820} INFO - Setting next_dagrun for tutorial_taskflow_api to None, run_after=None
[2024-02-08T03:10:46.763+0100] {processor.py:183} INFO - Processing /home/ubuntu/.local/lib/python3.10/site-packages/airflow/example_dags/tutorial_taskflow_api.py took 0.131 seconds
[2024-02-08T03:11:50.652+0100] {processor.py:161} INFO - Started process (PID=14778) to work on /home/ubuntu/.local/lib/python3.10/site-packages/airflow/example_dags/tutorial_taskflow_api.py
[2024-02-08T03:11:50.655+0100] {processor.py:830} INFO - Processing file /home/ubuntu/.local/lib/python3.10/site-packages/airflow/example_dags/tutorial_taskflow_api.py for tasks to queue
[2024-02-08T03:11:50.657+0100] {logging_mixin.py:188} INFO - [2024-02-08T03:11:50.657+0100] {dagbag.py:538} INFO - Filling up the DagBag from /home/ubuntu/.local/lib/python3.10/site-packages/airflow/example_dags/tutorial_taskflow_api.py
[2024-02-08T03:11:50.672+0100] {processor.py:840} INFO - DAG(s) 'tutorial_taskflow_api' retrieved from /home/ubuntu/.local/lib/python3.10/site-packages/airflow/example_dags/tutorial_taskflow_api.py
[2024-02-08T03:11:50.700+0100] {logging_mixin.py:188} INFO - [2024-02-08T03:11:50.699+0100] {dag.py:3033} INFO - Sync 1 DAGs
[2024-02-08T03:11:50.717+0100] {logging_mixin.py:188} INFO - [2024-02-08T03:11:50.716+0100] {dag.py:3820} INFO - Setting next_dagrun for tutorial_taskflow_api to None, run_after=None
[2024-02-08T03:11:50.765+0100] {processor.py:183} INFO - Processing /home/ubuntu/.local/lib/python3.10/site-packages/airflow/example_dags/tutorial_taskflow_api.py took 0.118 seconds
[2024-02-08T03:12:48.900+0100] {processor.py:161} INFO - Started process (PID=14836) to work on /home/ubuntu/.local/lib/python3.10/site-packages/airflow/example_dags/tutorial_taskflow_api.py
[2024-02-08T03:12:48.904+0100] {processor.py:830} INFO - Processing file /home/ubuntu/.local/lib/python3.10/site-packages/airflow/example_dags/tutorial_taskflow_api.py for tasks to queue
[2024-02-08T03:12:48.908+0100] {logging_mixin.py:188} INFO - [2024-02-08T03:12:48.906+0100] {dagbag.py:538} INFO - Filling up the DagBag from /home/ubuntu/.local/lib/python3.10/site-packages/airflow/example_dags/tutorial_taskflow_api.py
[2024-02-08T03:12:48.921+0100] {processor.py:840} INFO - DAG(s) 'tutorial_taskflow_api' retrieved from /home/ubuntu/.local/lib/python3.10/site-packages/airflow/example_dags/tutorial_taskflow_api.py
[2024-02-08T03:12:48.946+0100] {logging_mixin.py:188} INFO - [2024-02-08T03:12:48.946+0100] {dag.py:3033} INFO - Sync 1 DAGs
[2024-02-08T03:12:48.962+0100] {logging_mixin.py:188} INFO - [2024-02-08T03:12:48.962+0100] {dag.py:3820} INFO - Setting next_dagrun for tutorial_taskflow_api to None, run_after=None
[2024-02-08T03:12:49.004+0100] {processor.py:183} INFO - Processing /home/ubuntu/.local/lib/python3.10/site-packages/airflow/example_dags/tutorial_taskflow_api.py took 0.109 seconds
[2024-02-08T03:13:47.656+0100] {processor.py:161} INFO - Started process (PID=14893) to work on /home/ubuntu/.local/lib/python3.10/site-packages/airflow/example_dags/tutorial_taskflow_api.py
[2024-02-08T03:13:47.660+0100] {processor.py:830} INFO - Processing file /home/ubuntu/.local/lib/python3.10/site-packages/airflow/example_dags/tutorial_taskflow_api.py for tasks to queue
[2024-02-08T03:13:47.662+0100] {logging_mixin.py:188} INFO - [2024-02-08T03:13:47.661+0100] {dagbag.py:538} INFO - Filling up the DagBag from /home/ubuntu/.local/lib/python3.10/site-packages/airflow/example_dags/tutorial_taskflow_api.py
[2024-02-08T03:13:47.677+0100] {processor.py:840} INFO - DAG(s) 'tutorial_taskflow_api' retrieved from /home/ubuntu/.local/lib/python3.10/site-packages/airflow/example_dags/tutorial_taskflow_api.py
[2024-02-08T03:13:47.704+0100] {logging_mixin.py:188} INFO - [2024-02-08T03:13:47.704+0100] {dag.py:3033} INFO - Sync 1 DAGs
[2024-02-08T03:13:47.730+0100] {logging_mixin.py:188} INFO - [2024-02-08T03:13:47.730+0100] {dag.py:3820} INFO - Setting next_dagrun for tutorial_taskflow_api to None, run_after=None
[2024-02-08T03:13:47.782+0100] {processor.py:183} INFO - Processing /home/ubuntu/.local/lib/python3.10/site-packages/airflow/example_dags/tutorial_taskflow_api.py took 0.131 seconds
[2024-02-08T03:14:52.630+0100] {processor.py:161} INFO - Started process (PID=14960) to work on /home/ubuntu/.local/lib/python3.10/site-packages/airflow/example_dags/tutorial_taskflow_api.py
[2024-02-08T03:14:52.636+0100] {processor.py:830} INFO - Processing file /home/ubuntu/.local/lib/python3.10/site-packages/airflow/example_dags/tutorial_taskflow_api.py for tasks to queue
[2024-02-08T03:14:52.638+0100] {logging_mixin.py:188} INFO - [2024-02-08T03:14:52.638+0100] {dagbag.py:538} INFO - Filling up the DagBag from /home/ubuntu/.local/lib/python3.10/site-packages/airflow/example_dags/tutorial_taskflow_api.py
[2024-02-08T03:14:52.653+0100] {processor.py:840} INFO - DAG(s) 'tutorial_taskflow_api' retrieved from /home/ubuntu/.local/lib/python3.10/site-packages/airflow/example_dags/tutorial_taskflow_api.py
[2024-02-08T03:14:52.681+0100] {logging_mixin.py:188} INFO - [2024-02-08T03:14:52.680+0100] {dag.py:3033} INFO - Sync 1 DAGs
[2024-02-08T03:14:52.697+0100] {logging_mixin.py:188} INFO - [2024-02-08T03:14:52.697+0100] {dag.py:3820} INFO - Setting next_dagrun for tutorial_taskflow_api to None, run_after=None
[2024-02-08T03:14:52.749+0100] {processor.py:183} INFO - Processing /home/ubuntu/.local/lib/python3.10/site-packages/airflow/example_dags/tutorial_taskflow_api.py took 0.125 seconds
[2024-02-08T03:15:54.208+0100] {processor.py:161} INFO - Started process (PID=15022) to work on /home/ubuntu/.local/lib/python3.10/site-packages/airflow/example_dags/tutorial_taskflow_api.py
[2024-02-08T03:15:54.213+0100] {processor.py:830} INFO - Processing file /home/ubuntu/.local/lib/python3.10/site-packages/airflow/example_dags/tutorial_taskflow_api.py for tasks to queue
[2024-02-08T03:15:54.215+0100] {logging_mixin.py:188} INFO - [2024-02-08T03:15:54.215+0100] {dagbag.py:538} INFO - Filling up the DagBag from /home/ubuntu/.local/lib/python3.10/site-packages/airflow/example_dags/tutorial_taskflow_api.py
[2024-02-08T03:15:54.231+0100] {processor.py:840} INFO - DAG(s) 'tutorial_taskflow_api' retrieved from /home/ubuntu/.local/lib/python3.10/site-packages/airflow/example_dags/tutorial_taskflow_api.py
[2024-02-08T03:15:54.270+0100] {logging_mixin.py:188} INFO - [2024-02-08T03:15:54.270+0100] {dag.py:3033} INFO - Sync 1 DAGs
[2024-02-08T03:15:54.293+0100] {logging_mixin.py:188} INFO - [2024-02-08T03:15:54.292+0100] {dag.py:3820} INFO - Setting next_dagrun for tutorial_taskflow_api to None, run_after=None
[2024-02-08T03:15:54.346+0100] {processor.py:183} INFO - Processing /home/ubuntu/.local/lib/python3.10/site-packages/airflow/example_dags/tutorial_taskflow_api.py took 0.145 seconds
[2024-02-08T03:16:53.199+0100] {processor.py:161} INFO - Started process (PID=15077) to work on /home/ubuntu/.local/lib/python3.10/site-packages/airflow/example_dags/tutorial_taskflow_api.py
[2024-02-08T03:16:53.202+0100] {processor.py:830} INFO - Processing file /home/ubuntu/.local/lib/python3.10/site-packages/airflow/example_dags/tutorial_taskflow_api.py for tasks to queue
[2024-02-08T03:16:53.205+0100] {logging_mixin.py:188} INFO - [2024-02-08T03:16:53.205+0100] {dagbag.py:538} INFO - Filling up the DagBag from /home/ubuntu/.local/lib/python3.10/site-packages/airflow/example_dags/tutorial_taskflow_api.py
[2024-02-08T03:16:53.222+0100] {processor.py:840} INFO - DAG(s) 'tutorial_taskflow_api' retrieved from /home/ubuntu/.local/lib/python3.10/site-packages/airflow/example_dags/tutorial_taskflow_api.py
[2024-02-08T03:16:53.256+0100] {logging_mixin.py:188} INFO - [2024-02-08T03:16:53.255+0100] {dag.py:3033} INFO - Sync 1 DAGs
[2024-02-08T03:16:53.280+0100] {logging_mixin.py:188} INFO - [2024-02-08T03:16:53.280+0100] {dag.py:3820} INFO - Setting next_dagrun for tutorial_taskflow_api to None, run_after=None
[2024-02-08T03:16:53.320+0100] {processor.py:183} INFO - Processing /home/ubuntu/.local/lib/python3.10/site-packages/airflow/example_dags/tutorial_taskflow_api.py took 0.126 seconds
[2024-02-08T03:17:51.040+0100] {processor.py:161} INFO - Started process (PID=15138) to work on /home/ubuntu/.local/lib/python3.10/site-packages/airflow/example_dags/tutorial_taskflow_api.py
[2024-02-08T03:17:51.045+0100] {processor.py:830} INFO - Processing file /home/ubuntu/.local/lib/python3.10/site-packages/airflow/example_dags/tutorial_taskflow_api.py for tasks to queue
[2024-02-08T03:17:51.048+0100] {logging_mixin.py:188} INFO - [2024-02-08T03:17:51.047+0100] {dagbag.py:538} INFO - Filling up the DagBag from /home/ubuntu/.local/lib/python3.10/site-packages/airflow/example_dags/tutorial_taskflow_api.py
[2024-02-08T03:17:51.063+0100] {processor.py:840} INFO - DAG(s) 'tutorial_taskflow_api' retrieved from /home/ubuntu/.local/lib/python3.10/site-packages/airflow/example_dags/tutorial_taskflow_api.py
[2024-02-08T03:17:51.099+0100] {logging_mixin.py:188} INFO - [2024-02-08T03:17:51.099+0100] {dag.py:3033} INFO - Sync 1 DAGs
[2024-02-08T03:17:51.120+0100] {logging_mixin.py:188} INFO - [2024-02-08T03:17:51.120+0100] {dag.py:3820} INFO - Setting next_dagrun for tutorial_taskflow_api to None, run_after=None
[2024-02-08T03:17:51.175+0100] {processor.py:183} INFO - Processing /home/ubuntu/.local/lib/python3.10/site-packages/airflow/example_dags/tutorial_taskflow_api.py took 0.149 seconds
[2024-02-08T03:18:51.509+0100] {processor.py:161} INFO - Started process (PID=15193) to work on /home/ubuntu/.local/lib/python3.10/site-packages/airflow/example_dags/tutorial_taskflow_api.py
[2024-02-08T03:18:51.512+0100] {processor.py:830} INFO - Processing file /home/ubuntu/.local/lib/python3.10/site-packages/airflow/example_dags/tutorial_taskflow_api.py for tasks to queue
[2024-02-08T03:18:51.514+0100] {logging_mixin.py:188} INFO - [2024-02-08T03:18:51.513+0100] {dagbag.py:538} INFO - Filling up the DagBag from /home/ubuntu/.local/lib/python3.10/site-packages/airflow/example_dags/tutorial_taskflow_api.py
[2024-02-08T03:18:51.526+0100] {processor.py:840} INFO - DAG(s) 'tutorial_taskflow_api' retrieved from /home/ubuntu/.local/lib/python3.10/site-packages/airflow/example_dags/tutorial_taskflow_api.py
[2024-02-08T03:18:51.559+0100] {logging_mixin.py:188} INFO - [2024-02-08T03:18:51.558+0100] {dag.py:3033} INFO - Sync 1 DAGs
[2024-02-08T03:18:51.577+0100] {logging_mixin.py:188} INFO - [2024-02-08T03:18:51.576+0100] {dag.py:3820} INFO - Setting next_dagrun for tutorial_taskflow_api to None, run_after=None
[2024-02-08T03:18:51.630+0100] {processor.py:183} INFO - Processing /home/ubuntu/.local/lib/python3.10/site-packages/airflow/example_dags/tutorial_taskflow_api.py took 0.128 seconds
[2024-02-08T03:20:03.112+0100] {processor.py:161} INFO - Started process (PID=15315) to work on /home/ubuntu/.local/lib/python3.10/site-packages/airflow/example_dags/tutorial_taskflow_api.py
[2024-02-08T03:20:03.116+0100] {processor.py:830} INFO - Processing file /home/ubuntu/.local/lib/python3.10/site-packages/airflow/example_dags/tutorial_taskflow_api.py for tasks to queue
[2024-02-08T03:20:03.118+0100] {logging_mixin.py:188} INFO - [2024-02-08T03:20:03.117+0100] {dagbag.py:538} INFO - Filling up the DagBag from /home/ubuntu/.local/lib/python3.10/site-packages/airflow/example_dags/tutorial_taskflow_api.py
[2024-02-08T03:20:03.131+0100] {processor.py:840} INFO - DAG(s) 'tutorial_taskflow_api' retrieved from /home/ubuntu/.local/lib/python3.10/site-packages/airflow/example_dags/tutorial_taskflow_api.py
[2024-02-08T03:20:03.156+0100] {logging_mixin.py:188} INFO - [2024-02-08T03:20:03.156+0100] {dag.py:3033} INFO - Sync 1 DAGs
[2024-02-08T03:20:03.174+0100] {logging_mixin.py:188} INFO - [2024-02-08T03:20:03.173+0100] {dag.py:3820} INFO - Setting next_dagrun for tutorial_taskflow_api to None, run_after=None
[2024-02-08T03:20:03.210+0100] {processor.py:183} INFO - Processing /home/ubuntu/.local/lib/python3.10/site-packages/airflow/example_dags/tutorial_taskflow_api.py took 0.102 seconds
[2024-02-08T03:21:11.033+0100] {processor.py:161} INFO - Started process (PID=15375) to work on /home/ubuntu/.local/lib/python3.10/site-packages/airflow/example_dags/tutorial_taskflow_api.py
[2024-02-08T03:21:11.038+0100] {processor.py:830} INFO - Processing file /home/ubuntu/.local/lib/python3.10/site-packages/airflow/example_dags/tutorial_taskflow_api.py for tasks to queue
[2024-02-08T03:21:11.040+0100] {logging_mixin.py:188} INFO - [2024-02-08T03:21:11.039+0100] {dagbag.py:538} INFO - Filling up the DagBag from /home/ubuntu/.local/lib/python3.10/site-packages/airflow/example_dags/tutorial_taskflow_api.py
[2024-02-08T03:21:11.051+0100] {processor.py:840} INFO - DAG(s) 'tutorial_taskflow_api' retrieved from /home/ubuntu/.local/lib/python3.10/site-packages/airflow/example_dags/tutorial_taskflow_api.py
[2024-02-08T03:21:11.079+0100] {logging_mixin.py:188} INFO - [2024-02-08T03:21:11.078+0100] {dag.py:3033} INFO - Sync 1 DAGs
[2024-02-08T03:21:11.093+0100] {logging_mixin.py:188} INFO - [2024-02-08T03:21:11.093+0100] {dag.py:3820} INFO - Setting next_dagrun for tutorial_taskflow_api to None, run_after=None
[2024-02-08T03:21:11.130+0100] {processor.py:183} INFO - Processing /home/ubuntu/.local/lib/python3.10/site-packages/airflow/example_dags/tutorial_taskflow_api.py took 0.102 seconds
[2024-02-08T03:22:17.625+0100] {processor.py:161} INFO - Started process (PID=15433) to work on /home/ubuntu/.local/lib/python3.10/site-packages/airflow/example_dags/tutorial_taskflow_api.py
[2024-02-08T03:22:17.629+0100] {processor.py:830} INFO - Processing file /home/ubuntu/.local/lib/python3.10/site-packages/airflow/example_dags/tutorial_taskflow_api.py for tasks to queue
[2024-02-08T03:22:17.631+0100] {logging_mixin.py:188} INFO - [2024-02-08T03:22:17.630+0100] {dagbag.py:538} INFO - Filling up the DagBag from /home/ubuntu/.local/lib/python3.10/site-packages/airflow/example_dags/tutorial_taskflow_api.py
[2024-02-08T03:22:17.644+0100] {processor.py:840} INFO - DAG(s) 'tutorial_taskflow_api' retrieved from /home/ubuntu/.local/lib/python3.10/site-packages/airflow/example_dags/tutorial_taskflow_api.py
[2024-02-08T03:22:17.668+0100] {logging_mixin.py:188} INFO - [2024-02-08T03:22:17.668+0100] {dag.py:3033} INFO - Sync 1 DAGs
[2024-02-08T03:22:17.684+0100] {logging_mixin.py:188} INFO - [2024-02-08T03:22:17.684+0100] {dag.py:3820} INFO - Setting next_dagrun for tutorial_taskflow_api to None, run_after=None
[2024-02-08T03:22:17.721+0100] {processor.py:183} INFO - Processing /home/ubuntu/.local/lib/python3.10/site-packages/airflow/example_dags/tutorial_taskflow_api.py took 0.101 seconds
[2024-02-08T03:23:21.130+0100] {processor.py:161} INFO - Started process (PID=15506) to work on /home/ubuntu/.local/lib/python3.10/site-packages/airflow/example_dags/tutorial_taskflow_api.py
[2024-02-08T03:23:21.134+0100] {processor.py:830} INFO - Processing file /home/ubuntu/.local/lib/python3.10/site-packages/airflow/example_dags/tutorial_taskflow_api.py for tasks to queue
[2024-02-08T03:23:21.136+0100] {logging_mixin.py:188} INFO - [2024-02-08T03:23:21.135+0100] {dagbag.py:538} INFO - Filling up the DagBag from /home/ubuntu/.local/lib/python3.10/site-packages/airflow/example_dags/tutorial_taskflow_api.py
[2024-02-08T03:23:21.149+0100] {processor.py:840} INFO - DAG(s) 'tutorial_taskflow_api' retrieved from /home/ubuntu/.local/lib/python3.10/site-packages/airflow/example_dags/tutorial_taskflow_api.py
[2024-02-08T03:23:21.175+0100] {logging_mixin.py:188} INFO - [2024-02-08T03:23:21.175+0100] {dag.py:3033} INFO - Sync 1 DAGs
[2024-02-08T03:23:21.193+0100] {logging_mixin.py:188} INFO - [2024-02-08T03:23:21.192+0100] {dag.py:3820} INFO - Setting next_dagrun for tutorial_taskflow_api to None, run_after=None
[2024-02-08T03:23:21.233+0100] {processor.py:183} INFO - Processing /home/ubuntu/.local/lib/python3.10/site-packages/airflow/example_dags/tutorial_taskflow_api.py took 0.108 seconds
[2024-02-08T03:24:04.211+0100] {processor.py:161} INFO - Started process (PID=15557) to work on /home/ubuntu/.local/lib/python3.10/site-packages/airflow/example_dags/tutorial_taskflow_api.py
[2024-02-08T03:24:04.217+0100] {processor.py:830} INFO - Processing file /home/ubuntu/.local/lib/python3.10/site-packages/airflow/example_dags/tutorial_taskflow_api.py for tasks to queue
[2024-02-08T03:24:04.219+0100] {logging_mixin.py:188} INFO - [2024-02-08T03:24:04.218+0100] {dagbag.py:538} INFO - Filling up the DagBag from /home/ubuntu/.local/lib/python3.10/site-packages/airflow/example_dags/tutorial_taskflow_api.py
[2024-02-08T03:24:04.233+0100] {processor.py:840} INFO - DAG(s) 'tutorial_taskflow_api' retrieved from /home/ubuntu/.local/lib/python3.10/site-packages/airflow/example_dags/tutorial_taskflow_api.py
[2024-02-08T03:24:04.258+0100] {logging_mixin.py:188} INFO - [2024-02-08T03:24:04.258+0100] {dag.py:3033} INFO - Sync 1 DAGs
[2024-02-08T03:24:04.273+0100] {logging_mixin.py:188} INFO - [2024-02-08T03:24:04.273+0100] {dag.py:3820} INFO - Setting next_dagrun for tutorial_taskflow_api to None, run_after=None
[2024-02-08T03:24:04.315+0100] {processor.py:183} INFO - Processing /home/ubuntu/.local/lib/python3.10/site-packages/airflow/example_dags/tutorial_taskflow_api.py took 0.108 seconds
[2024-02-08T03:24:54.271+0100] {processor.py:161} INFO - Started process (PID=15628) to work on /home/ubuntu/.local/lib/python3.10/site-packages/airflow/example_dags/tutorial_taskflow_api.py
[2024-02-08T03:24:54.275+0100] {processor.py:830} INFO - Processing file /home/ubuntu/.local/lib/python3.10/site-packages/airflow/example_dags/tutorial_taskflow_api.py for tasks to queue
[2024-02-08T03:24:54.278+0100] {logging_mixin.py:188} INFO - [2024-02-08T03:24:54.277+0100] {dagbag.py:538} INFO - Filling up the DagBag from /home/ubuntu/.local/lib/python3.10/site-packages/airflow/example_dags/tutorial_taskflow_api.py
[2024-02-08T03:24:54.315+0100] {processor.py:840} INFO - DAG(s) 'tutorial_taskflow_api' retrieved from /home/ubuntu/.local/lib/python3.10/site-packages/airflow/example_dags/tutorial_taskflow_api.py
[2024-02-08T03:24:54.358+0100] {logging_mixin.py:188} INFO - [2024-02-08T03:24:54.358+0100] {dag.py:3033} INFO - Sync 1 DAGs
[2024-02-08T03:24:54.378+0100] {logging_mixin.py:188} INFO - [2024-02-08T03:24:54.378+0100] {dag.py:3820} INFO - Setting next_dagrun for tutorial_taskflow_api to None, run_after=None
[2024-02-08T03:24:54.420+0100] {processor.py:183} INFO - Processing /home/ubuntu/.local/lib/python3.10/site-packages/airflow/example_dags/tutorial_taskflow_api.py took 0.153 seconds
